[2023-01-15T12:59:31.316+0000] {processor.py:153} INFO - Started process (PID=76) to work on /home/airflow/.local/lib/python3.7/site-packages/airflow/example_dags/example_external_task_marker_dag.py
[2023-01-15T12:59:31.322+0000] {processor.py:743} INFO - Processing file /home/airflow/.local/lib/python3.7/site-packages/airflow/example_dags/example_external_task_marker_dag.py for tasks to queue
[2023-01-15T12:59:31.331+0000] {logging_mixin.py:137} INFO - [2023-01-15T12:59:31.331+0000] {dagbag.py:538} INFO - Filling up the DagBag from /home/airflow/.local/lib/python3.7/site-packages/airflow/example_dags/example_external_task_marker_dag.py
[2023-01-15T12:59:31.504+0000] {processor.py:753} INFO - DAG(s) dict_keys(['example_external_task_marker_parent', 'example_external_task_marker_child']) retrieved from /home/airflow/.local/lib/python3.7/site-packages/airflow/example_dags/example_external_task_marker_dag.py
[2023-01-15T12:59:32.609+0000] {logging_mixin.py:137} INFO - [2023-01-15T12:59:32.609+0000] {manager.py:504} INFO - Created Permission View: can read on DAG:example_external_task_marker_parent
[2023-01-15T12:59:32.681+0000] {logging_mixin.py:137} INFO - [2023-01-15T12:59:32.681+0000] {manager.py:504} INFO - Created Permission View: can edit on DAG:example_external_task_marker_parent
[2023-01-15T12:59:32.744+0000] {logging_mixin.py:137} INFO - [2023-01-15T12:59:32.744+0000] {manager.py:504} INFO - Created Permission View: can delete on DAG:example_external_task_marker_parent
[2023-01-15T12:59:32.840+0000] {logging_mixin.py:137} INFO - [2023-01-15T12:59:32.840+0000] {manager.py:504} INFO - Created Permission View: can read on DAG:example_external_task_marker_child
[2023-01-15T12:59:32.896+0000] {logging_mixin.py:137} INFO - [2023-01-15T12:59:32.896+0000] {manager.py:504} INFO - Created Permission View: can edit on DAG:example_external_task_marker_child
[2023-01-15T12:59:32.983+0000] {logging_mixin.py:137} INFO - [2023-01-15T12:59:32.983+0000] {manager.py:504} INFO - Created Permission View: can delete on DAG:example_external_task_marker_child
[2023-01-15T12:59:32.986+0000] {logging_mixin.py:137} INFO - [2023-01-15T12:59:32.985+0000] {dag.py:2676} INFO - Sync 2 DAGs
[2023-01-15T12:59:33.096+0000] {logging_mixin.py:137} INFO - [2023-01-15T12:59:33.088+0000] {dag.py:2697} INFO - Creating ORM DAG for example_external_task_marker_parent
[2023-01-15T12:59:33.101+0000] {logging_mixin.py:137} INFO - [2023-01-15T12:59:33.101+0000] {dag.py:2697} INFO - Creating ORM DAG for example_external_task_marker_child
[2023-01-15T12:59:33.182+0000] {logging_mixin.py:137} INFO - [2023-01-15T12:59:33.182+0000] {dag.py:3427} INFO - Setting next_dagrun for example_external_task_marker_child to None, run_after=None
[2023-01-15T12:59:33.187+0000] {logging_mixin.py:137} INFO - [2023-01-15T12:59:33.187+0000] {dag.py:3427} INFO - Setting next_dagrun for example_external_task_marker_parent to None, run_after=None
[2023-01-15T12:59:33.314+0000] {processor.py:175} INFO - Processing /home/airflow/.local/lib/python3.7/site-packages/airflow/example_dags/example_external_task_marker_dag.py took 2.040 seconds
[2023-01-15T13:00:04.443+0000] {processor.py:153} INFO - Started process (PID=131) to work on /home/airflow/.local/lib/python3.7/site-packages/airflow/example_dags/example_external_task_marker_dag.py
[2023-01-15T13:00:04.453+0000] {processor.py:743} INFO - Processing file /home/airflow/.local/lib/python3.7/site-packages/airflow/example_dags/example_external_task_marker_dag.py for tasks to queue
[2023-01-15T13:00:04.456+0000] {logging_mixin.py:137} INFO - [2023-01-15T13:00:04.456+0000] {dagbag.py:538} INFO - Filling up the DagBag from /home/airflow/.local/lib/python3.7/site-packages/airflow/example_dags/example_external_task_marker_dag.py
[2023-01-15T13:00:04.565+0000] {processor.py:753} INFO - DAG(s) dict_keys(['example_external_task_marker_child', 'example_external_task_marker_parent']) retrieved from /home/airflow/.local/lib/python3.7/site-packages/airflow/example_dags/example_external_task_marker_dag.py
[2023-01-15T13:00:04.743+0000] {logging_mixin.py:137} INFO - [2023-01-15T13:00:04.742+0000] {dag.py:2676} INFO - Sync 2 DAGs
[2023-01-15T13:00:04.835+0000] {logging_mixin.py:137} INFO - [2023-01-15T13:00:04.835+0000] {dag.py:3427} INFO - Setting next_dagrun for example_external_task_marker_child to None, run_after=None
[2023-01-15T13:00:04.849+0000] {logging_mixin.py:137} INFO - [2023-01-15T13:00:04.848+0000] {dag.py:3427} INFO - Setting next_dagrun for example_external_task_marker_parent to None, run_after=None
[2023-01-15T13:00:04.945+0000] {processor.py:175} INFO - Processing /home/airflow/.local/lib/python3.7/site-packages/airflow/example_dags/example_external_task_marker_dag.py took 0.531 seconds
[2023-01-15T13:00:35.283+0000] {processor.py:153} INFO - Started process (PID=189) to work on /home/airflow/.local/lib/python3.7/site-packages/airflow/example_dags/example_external_task_marker_dag.py
[2023-01-15T13:00:35.286+0000] {processor.py:743} INFO - Processing file /home/airflow/.local/lib/python3.7/site-packages/airflow/example_dags/example_external_task_marker_dag.py for tasks to queue
[2023-01-15T13:00:35.290+0000] {logging_mixin.py:137} INFO - [2023-01-15T13:00:35.289+0000] {dagbag.py:538} INFO - Filling up the DagBag from /home/airflow/.local/lib/python3.7/site-packages/airflow/example_dags/example_external_task_marker_dag.py
[2023-01-15T13:00:35.324+0000] {processor.py:753} INFO - DAG(s) dict_keys(['example_external_task_marker_child', 'example_external_task_marker_parent']) retrieved from /home/airflow/.local/lib/python3.7/site-packages/airflow/example_dags/example_external_task_marker_dag.py
[2023-01-15T13:00:35.417+0000] {logging_mixin.py:137} INFO - [2023-01-15T13:00:35.417+0000] {dag.py:2676} INFO - Sync 2 DAGs
[2023-01-15T13:00:35.473+0000] {logging_mixin.py:137} INFO - [2023-01-15T13:00:35.472+0000] {dag.py:3427} INFO - Setting next_dagrun for example_external_task_marker_child to None, run_after=None
[2023-01-15T13:00:35.480+0000] {logging_mixin.py:137} INFO - [2023-01-15T13:00:35.480+0000] {dag.py:3427} INFO - Setting next_dagrun for example_external_task_marker_parent to None, run_after=None
[2023-01-15T13:00:35.541+0000] {processor.py:175} INFO - Processing /home/airflow/.local/lib/python3.7/site-packages/airflow/example_dags/example_external_task_marker_dag.py took 0.266 seconds
[2023-01-15T13:01:05.608+0000] {processor.py:153} INFO - Started process (PID=245) to work on /home/airflow/.local/lib/python3.7/site-packages/airflow/example_dags/example_external_task_marker_dag.py
[2023-01-15T13:01:05.611+0000] {processor.py:743} INFO - Processing file /home/airflow/.local/lib/python3.7/site-packages/airflow/example_dags/example_external_task_marker_dag.py for tasks to queue
[2023-01-15T13:01:05.614+0000] {logging_mixin.py:137} INFO - [2023-01-15T13:01:05.613+0000] {dagbag.py:538} INFO - Filling up the DagBag from /home/airflow/.local/lib/python3.7/site-packages/airflow/example_dags/example_external_task_marker_dag.py
[2023-01-15T13:01:05.635+0000] {processor.py:753} INFO - DAG(s) dict_keys(['example_external_task_marker_parent', 'example_external_task_marker_child']) retrieved from /home/airflow/.local/lib/python3.7/site-packages/airflow/example_dags/example_external_task_marker_dag.py
[2023-01-15T13:01:05.743+0000] {logging_mixin.py:137} INFO - [2023-01-15T13:01:05.743+0000] {dag.py:2676} INFO - Sync 2 DAGs
[2023-01-15T13:01:05.799+0000] {logging_mixin.py:137} INFO - [2023-01-15T13:01:05.799+0000] {dag.py:3427} INFO - Setting next_dagrun for example_external_task_marker_child to None, run_after=None
[2023-01-15T13:01:05.807+0000] {logging_mixin.py:137} INFO - [2023-01-15T13:01:05.807+0000] {dag.py:3427} INFO - Setting next_dagrun for example_external_task_marker_parent to None, run_after=None
[2023-01-15T13:01:05.866+0000] {processor.py:175} INFO - Processing /home/airflow/.local/lib/python3.7/site-packages/airflow/example_dags/example_external_task_marker_dag.py took 0.263 seconds
[2023-01-15T13:01:36.036+0000] {processor.py:153} INFO - Started process (PID=298) to work on /home/airflow/.local/lib/python3.7/site-packages/airflow/example_dags/example_external_task_marker_dag.py
[2023-01-15T13:01:36.046+0000] {processor.py:743} INFO - Processing file /home/airflow/.local/lib/python3.7/site-packages/airflow/example_dags/example_external_task_marker_dag.py for tasks to queue
[2023-01-15T13:01:36.047+0000] {logging_mixin.py:137} INFO - [2023-01-15T13:01:36.047+0000] {dagbag.py:538} INFO - Filling up the DagBag from /home/airflow/.local/lib/python3.7/site-packages/airflow/example_dags/example_external_task_marker_dag.py
[2023-01-15T13:01:36.087+0000] {processor.py:753} INFO - DAG(s) dict_keys(['example_external_task_marker_parent', 'example_external_task_marker_child']) retrieved from /home/airflow/.local/lib/python3.7/site-packages/airflow/example_dags/example_external_task_marker_dag.py
[2023-01-15T13:01:36.187+0000] {logging_mixin.py:137} INFO - [2023-01-15T13:01:36.187+0000] {dag.py:2676} INFO - Sync 2 DAGs
[2023-01-15T13:01:36.279+0000] {logging_mixin.py:137} INFO - [2023-01-15T13:01:36.279+0000] {dag.py:3427} INFO - Setting next_dagrun for example_external_task_marker_child to None, run_after=None
[2023-01-15T13:01:36.287+0000] {logging_mixin.py:137} INFO - [2023-01-15T13:01:36.287+0000] {dag.py:3427} INFO - Setting next_dagrun for example_external_task_marker_parent to None, run_after=None
[2023-01-15T13:01:36.320+0000] {processor.py:175} INFO - Processing /home/airflow/.local/lib/python3.7/site-packages/airflow/example_dags/example_external_task_marker_dag.py took 0.298 seconds
[2023-01-15T13:02:06.801+0000] {processor.py:153} INFO - Started process (PID=354) to work on /home/airflow/.local/lib/python3.7/site-packages/airflow/example_dags/example_external_task_marker_dag.py
[2023-01-15T13:02:06.810+0000] {processor.py:743} INFO - Processing file /home/airflow/.local/lib/python3.7/site-packages/airflow/example_dags/example_external_task_marker_dag.py for tasks to queue
[2023-01-15T13:02:06.818+0000] {logging_mixin.py:137} INFO - [2023-01-15T13:02:06.818+0000] {dagbag.py:538} INFO - Filling up the DagBag from /home/airflow/.local/lib/python3.7/site-packages/airflow/example_dags/example_external_task_marker_dag.py
[2023-01-15T13:02:06.913+0000] {processor.py:753} INFO - DAG(s) dict_keys(['example_external_task_marker_parent', 'example_external_task_marker_child']) retrieved from /home/airflow/.local/lib/python3.7/site-packages/airflow/example_dags/example_external_task_marker_dag.py
[2023-01-15T13:02:07.134+0000] {logging_mixin.py:137} INFO - [2023-01-15T13:02:07.134+0000] {dag.py:2676} INFO - Sync 2 DAGs
[2023-01-15T13:02:07.195+0000] {logging_mixin.py:137} INFO - [2023-01-15T13:02:07.195+0000] {dag.py:3427} INFO - Setting next_dagrun for example_external_task_marker_child to None, run_after=None
[2023-01-15T13:02:07.203+0000] {logging_mixin.py:137} INFO - [2023-01-15T13:02:07.203+0000] {dag.py:3427} INFO - Setting next_dagrun for example_external_task_marker_parent to None, run_after=None
[2023-01-15T13:02:07.259+0000] {processor.py:175} INFO - Processing /home/airflow/.local/lib/python3.7/site-packages/airflow/example_dags/example_external_task_marker_dag.py took 0.476 seconds
[2023-01-15T13:02:37.939+0000] {processor.py:153} INFO - Started process (PID=408) to work on /home/airflow/.local/lib/python3.7/site-packages/airflow/example_dags/example_external_task_marker_dag.py
[2023-01-15T13:02:37.941+0000] {processor.py:743} INFO - Processing file /home/airflow/.local/lib/python3.7/site-packages/airflow/example_dags/example_external_task_marker_dag.py for tasks to queue
[2023-01-15T13:02:37.950+0000] {logging_mixin.py:137} INFO - [2023-01-15T13:02:37.949+0000] {dagbag.py:538} INFO - Filling up the DagBag from /home/airflow/.local/lib/python3.7/site-packages/airflow/example_dags/example_external_task_marker_dag.py
[2023-01-15T13:02:37.984+0000] {processor.py:753} INFO - DAG(s) dict_keys(['example_external_task_marker_parent', 'example_external_task_marker_child']) retrieved from /home/airflow/.local/lib/python3.7/site-packages/airflow/example_dags/example_external_task_marker_dag.py
[2023-01-15T13:02:38.117+0000] {logging_mixin.py:137} INFO - [2023-01-15T13:02:38.117+0000] {dag.py:2676} INFO - Sync 2 DAGs
[2023-01-15T13:02:38.176+0000] {logging_mixin.py:137} INFO - [2023-01-15T13:02:38.175+0000] {dag.py:3427} INFO - Setting next_dagrun for example_external_task_marker_child to None, run_after=None
[2023-01-15T13:02:38.184+0000] {logging_mixin.py:137} INFO - [2023-01-15T13:02:38.183+0000] {dag.py:3427} INFO - Setting next_dagrun for example_external_task_marker_parent to None, run_after=None
[2023-01-15T13:02:38.228+0000] {processor.py:175} INFO - Processing /home/airflow/.local/lib/python3.7/site-packages/airflow/example_dags/example_external_task_marker_dag.py took 0.297 seconds
[2023-01-15T13:03:09.254+0000] {processor.py:153} INFO - Started process (PID=464) to work on /home/airflow/.local/lib/python3.7/site-packages/airflow/example_dags/example_external_task_marker_dag.py
[2023-01-15T13:03:09.269+0000] {processor.py:743} INFO - Processing file /home/airflow/.local/lib/python3.7/site-packages/airflow/example_dags/example_external_task_marker_dag.py for tasks to queue
[2023-01-15T13:03:09.271+0000] {logging_mixin.py:137} INFO - [2023-01-15T13:03:09.271+0000] {dagbag.py:538} INFO - Filling up the DagBag from /home/airflow/.local/lib/python3.7/site-packages/airflow/example_dags/example_external_task_marker_dag.py
[2023-01-15T13:03:09.401+0000] {processor.py:753} INFO - DAG(s) dict_keys(['example_external_task_marker_parent', 'example_external_task_marker_child']) retrieved from /home/airflow/.local/lib/python3.7/site-packages/airflow/example_dags/example_external_task_marker_dag.py
[2023-01-15T13:03:09.752+0000] {logging_mixin.py:137} INFO - [2023-01-15T13:03:09.752+0000] {dag.py:2676} INFO - Sync 2 DAGs
[2023-01-15T13:03:09.926+0000] {logging_mixin.py:137} INFO - [2023-01-15T13:03:09.926+0000] {dag.py:3427} INFO - Setting next_dagrun for example_external_task_marker_child to None, run_after=None
[2023-01-15T13:03:09.962+0000] {logging_mixin.py:137} INFO - [2023-01-15T13:03:09.962+0000] {dag.py:3427} INFO - Setting next_dagrun for example_external_task_marker_parent to None, run_after=None
[2023-01-15T13:03:10.071+0000] {processor.py:175} INFO - Processing /home/airflow/.local/lib/python3.7/site-packages/airflow/example_dags/example_external_task_marker_dag.py took 0.859 seconds
[2023-01-15T13:03:40.567+0000] {processor.py:153} INFO - Started process (PID=520) to work on /home/airflow/.local/lib/python3.7/site-packages/airflow/example_dags/example_external_task_marker_dag.py
[2023-01-15T13:03:40.583+0000] {processor.py:743} INFO - Processing file /home/airflow/.local/lib/python3.7/site-packages/airflow/example_dags/example_external_task_marker_dag.py for tasks to queue
[2023-01-15T13:03:40.588+0000] {logging_mixin.py:137} INFO - [2023-01-15T13:03:40.588+0000] {dagbag.py:538} INFO - Filling up the DagBag from /home/airflow/.local/lib/python3.7/site-packages/airflow/example_dags/example_external_task_marker_dag.py
[2023-01-15T13:03:40.654+0000] {processor.py:753} INFO - DAG(s) dict_keys(['example_external_task_marker_child', 'example_external_task_marker_parent']) retrieved from /home/airflow/.local/lib/python3.7/site-packages/airflow/example_dags/example_external_task_marker_dag.py
[2023-01-15T13:03:40.831+0000] {logging_mixin.py:137} INFO - [2023-01-15T13:03:40.831+0000] {dag.py:2676} INFO - Sync 2 DAGs
[2023-01-15T13:03:40.948+0000] {logging_mixin.py:137} INFO - [2023-01-15T13:03:40.948+0000] {dag.py:3427} INFO - Setting next_dagrun for example_external_task_marker_child to None, run_after=None
[2023-01-15T13:03:40.962+0000] {logging_mixin.py:137} INFO - [2023-01-15T13:03:40.962+0000] {dag.py:3427} INFO - Setting next_dagrun for example_external_task_marker_parent to None, run_after=None
[2023-01-15T13:03:41.029+0000] {processor.py:175} INFO - Processing /home/airflow/.local/lib/python3.7/site-packages/airflow/example_dags/example_external_task_marker_dag.py took 0.472 seconds
[2023-01-15T13:04:11.195+0000] {processor.py:153} INFO - Started process (PID=576) to work on /home/airflow/.local/lib/python3.7/site-packages/airflow/example_dags/example_external_task_marker_dag.py
[2023-01-15T13:04:11.214+0000] {processor.py:743} INFO - Processing file /home/airflow/.local/lib/python3.7/site-packages/airflow/example_dags/example_external_task_marker_dag.py for tasks to queue
[2023-01-15T13:04:11.232+0000] {logging_mixin.py:137} INFO - [2023-01-15T13:04:11.232+0000] {dagbag.py:538} INFO - Filling up the DagBag from /home/airflow/.local/lib/python3.7/site-packages/airflow/example_dags/example_external_task_marker_dag.py
[2023-01-15T13:04:11.320+0000] {processor.py:753} INFO - DAG(s) dict_keys(['example_external_task_marker_parent', 'example_external_task_marker_child']) retrieved from /home/airflow/.local/lib/python3.7/site-packages/airflow/example_dags/example_external_task_marker_dag.py
[2023-01-15T13:04:11.556+0000] {logging_mixin.py:137} INFO - [2023-01-15T13:04:11.556+0000] {dag.py:2676} INFO - Sync 2 DAGs
[2023-01-15T13:04:11.677+0000] {logging_mixin.py:137} INFO - [2023-01-15T13:04:11.676+0000] {dag.py:3427} INFO - Setting next_dagrun for example_external_task_marker_child to None, run_after=None
[2023-01-15T13:04:11.692+0000] {logging_mixin.py:137} INFO - [2023-01-15T13:04:11.691+0000] {dag.py:3427} INFO - Setting next_dagrun for example_external_task_marker_parent to None, run_after=None
[2023-01-15T13:04:11.776+0000] {processor.py:175} INFO - Processing /home/airflow/.local/lib/python3.7/site-packages/airflow/example_dags/example_external_task_marker_dag.py took 0.624 seconds
[2023-01-15T13:04:42.544+0000] {processor.py:153} INFO - Started process (PID=631) to work on /home/airflow/.local/lib/python3.7/site-packages/airflow/example_dags/example_external_task_marker_dag.py
[2023-01-15T13:04:42.556+0000] {processor.py:743} INFO - Processing file /home/airflow/.local/lib/python3.7/site-packages/airflow/example_dags/example_external_task_marker_dag.py for tasks to queue
[2023-01-15T13:04:42.563+0000] {logging_mixin.py:137} INFO - [2023-01-15T13:04:42.563+0000] {dagbag.py:538} INFO - Filling up the DagBag from /home/airflow/.local/lib/python3.7/site-packages/airflow/example_dags/example_external_task_marker_dag.py
[2023-01-15T13:04:42.642+0000] {processor.py:753} INFO - DAG(s) dict_keys(['example_external_task_marker_child', 'example_external_task_marker_parent']) retrieved from /home/airflow/.local/lib/python3.7/site-packages/airflow/example_dags/example_external_task_marker_dag.py
[2023-01-15T13:04:42.839+0000] {logging_mixin.py:137} INFO - [2023-01-15T13:04:42.839+0000] {dag.py:2676} INFO - Sync 2 DAGs
[2023-01-15T13:04:42.956+0000] {logging_mixin.py:137} INFO - [2023-01-15T13:04:42.955+0000] {dag.py:3427} INFO - Setting next_dagrun for example_external_task_marker_child to None, run_after=None
[2023-01-15T13:04:42.970+0000] {logging_mixin.py:137} INFO - [2023-01-15T13:04:42.970+0000] {dag.py:3427} INFO - Setting next_dagrun for example_external_task_marker_parent to None, run_after=None
[2023-01-15T13:04:43.045+0000] {processor.py:175} INFO - Processing /home/airflow/.local/lib/python3.7/site-packages/airflow/example_dags/example_external_task_marker_dag.py took 0.521 seconds
[2023-01-15T13:05:13.704+0000] {processor.py:153} INFO - Started process (PID=695) to work on /home/airflow/.local/lib/python3.7/site-packages/airflow/example_dags/example_external_task_marker_dag.py
[2023-01-15T13:05:13.711+0000] {processor.py:743} INFO - Processing file /home/airflow/.local/lib/python3.7/site-packages/airflow/example_dags/example_external_task_marker_dag.py for tasks to queue
[2023-01-15T13:05:13.718+0000] {logging_mixin.py:137} INFO - [2023-01-15T13:05:13.718+0000] {dagbag.py:538} INFO - Filling up the DagBag from /home/airflow/.local/lib/python3.7/site-packages/airflow/example_dags/example_external_task_marker_dag.py
[2023-01-15T13:05:13.783+0000] {processor.py:753} INFO - DAG(s) dict_keys(['example_external_task_marker_parent', 'example_external_task_marker_child']) retrieved from /home/airflow/.local/lib/python3.7/site-packages/airflow/example_dags/example_external_task_marker_dag.py
[2023-01-15T13:05:13.928+0000] {logging_mixin.py:137} INFO - [2023-01-15T13:05:13.927+0000] {dag.py:2676} INFO - Sync 2 DAGs
[2023-01-15T13:05:14.017+0000] {logging_mixin.py:137} INFO - [2023-01-15T13:05:14.017+0000] {dag.py:3427} INFO - Setting next_dagrun for example_external_task_marker_child to None, run_after=None
[2023-01-15T13:05:14.029+0000] {logging_mixin.py:137} INFO - [2023-01-15T13:05:14.029+0000] {dag.py:3427} INFO - Setting next_dagrun for example_external_task_marker_parent to None, run_after=None
[2023-01-15T13:05:14.106+0000] {processor.py:175} INFO - Processing /home/airflow/.local/lib/python3.7/site-packages/airflow/example_dags/example_external_task_marker_dag.py took 0.417 seconds
[2023-01-15T13:05:44.392+0000] {processor.py:153} INFO - Started process (PID=749) to work on /home/airflow/.local/lib/python3.7/site-packages/airflow/example_dags/example_external_task_marker_dag.py
[2023-01-15T13:05:44.400+0000] {processor.py:743} INFO - Processing file /home/airflow/.local/lib/python3.7/site-packages/airflow/example_dags/example_external_task_marker_dag.py for tasks to queue
[2023-01-15T13:05:44.408+0000] {logging_mixin.py:137} INFO - [2023-01-15T13:05:44.408+0000] {dagbag.py:538} INFO - Filling up the DagBag from /home/airflow/.local/lib/python3.7/site-packages/airflow/example_dags/example_external_task_marker_dag.py
[2023-01-15T13:05:44.542+0000] {processor.py:753} INFO - DAG(s) dict_keys(['example_external_task_marker_child', 'example_external_task_marker_parent']) retrieved from /home/airflow/.local/lib/python3.7/site-packages/airflow/example_dags/example_external_task_marker_dag.py
[2023-01-15T13:05:44.760+0000] {logging_mixin.py:137} INFO - [2023-01-15T13:05:44.760+0000] {dag.py:2676} INFO - Sync 2 DAGs
[2023-01-15T13:05:44.885+0000] {logging_mixin.py:137} INFO - [2023-01-15T13:05:44.885+0000] {dag.py:3427} INFO - Setting next_dagrun for example_external_task_marker_child to None, run_after=None
[2023-01-15T13:05:44.902+0000] {logging_mixin.py:137} INFO - [2023-01-15T13:05:44.901+0000] {dag.py:3427} INFO - Setting next_dagrun for example_external_task_marker_parent to None, run_after=None
[2023-01-15T13:05:44.982+0000] {processor.py:175} INFO - Processing /home/airflow/.local/lib/python3.7/site-packages/airflow/example_dags/example_external_task_marker_dag.py took 0.622 seconds
[2023-01-15T13:06:15.915+0000] {processor.py:153} INFO - Started process (PID=803) to work on /home/airflow/.local/lib/python3.7/site-packages/airflow/example_dags/example_external_task_marker_dag.py
[2023-01-15T13:06:15.925+0000] {processor.py:743} INFO - Processing file /home/airflow/.local/lib/python3.7/site-packages/airflow/example_dags/example_external_task_marker_dag.py for tasks to queue
[2023-01-15T13:06:15.932+0000] {logging_mixin.py:137} INFO - [2023-01-15T13:06:15.932+0000] {dagbag.py:538} INFO - Filling up the DagBag from /home/airflow/.local/lib/python3.7/site-packages/airflow/example_dags/example_external_task_marker_dag.py
[2023-01-15T13:06:16.038+0000] {processor.py:753} INFO - DAG(s) dict_keys(['example_external_task_marker_parent', 'example_external_task_marker_child']) retrieved from /home/airflow/.local/lib/python3.7/site-packages/airflow/example_dags/example_external_task_marker_dag.py
[2023-01-15T13:06:16.143+0000] {logging_mixin.py:137} INFO - [2023-01-15T13:06:16.143+0000] {dag.py:2676} INFO - Sync 2 DAGs
[2023-01-15T13:06:16.204+0000] {logging_mixin.py:137} INFO - [2023-01-15T13:06:16.204+0000] {dag.py:3427} INFO - Setting next_dagrun for example_external_task_marker_child to None, run_after=None
[2023-01-15T13:06:16.212+0000] {logging_mixin.py:137} INFO - [2023-01-15T13:06:16.211+0000] {dag.py:3427} INFO - Setting next_dagrun for example_external_task_marker_parent to None, run_after=None
[2023-01-15T13:06:16.260+0000] {processor.py:175} INFO - Processing /home/airflow/.local/lib/python3.7/site-packages/airflow/example_dags/example_external_task_marker_dag.py took 0.382 seconds
[2023-01-15T13:06:46.842+0000] {processor.py:153} INFO - Started process (PID=868) to work on /home/airflow/.local/lib/python3.7/site-packages/airflow/example_dags/example_external_task_marker_dag.py
[2023-01-15T13:06:46.854+0000] {processor.py:743} INFO - Processing file /home/airflow/.local/lib/python3.7/site-packages/airflow/example_dags/example_external_task_marker_dag.py for tasks to queue
[2023-01-15T13:06:46.859+0000] {logging_mixin.py:137} INFO - [2023-01-15T13:06:46.859+0000] {dagbag.py:538} INFO - Filling up the DagBag from /home/airflow/.local/lib/python3.7/site-packages/airflow/example_dags/example_external_task_marker_dag.py
[2023-01-15T13:06:46.959+0000] {processor.py:753} INFO - DAG(s) dict_keys(['example_external_task_marker_parent', 'example_external_task_marker_child']) retrieved from /home/airflow/.local/lib/python3.7/site-packages/airflow/example_dags/example_external_task_marker_dag.py
[2023-01-15T13:06:47.138+0000] {logging_mixin.py:137} INFO - [2023-01-15T13:06:47.138+0000] {dag.py:2676} INFO - Sync 2 DAGs
[2023-01-15T13:06:47.243+0000] {logging_mixin.py:137} INFO - [2023-01-15T13:06:47.242+0000] {dag.py:3427} INFO - Setting next_dagrun for example_external_task_marker_child to None, run_after=None
[2023-01-15T13:06:47.262+0000] {logging_mixin.py:137} INFO - [2023-01-15T13:06:47.261+0000] {dag.py:3427} INFO - Setting next_dagrun for example_external_task_marker_parent to None, run_after=None
[2023-01-15T13:06:47.332+0000] {processor.py:175} INFO - Processing /home/airflow/.local/lib/python3.7/site-packages/airflow/example_dags/example_external_task_marker_dag.py took 0.516 seconds
[2023-01-15T13:07:46.244+0000] {processor.py:153} INFO - Started process (PID=931) to work on /home/airflow/.local/lib/python3.7/site-packages/airflow/example_dags/example_external_task_marker_dag.py
[2023-01-15T13:07:46.252+0000] {processor.py:743} INFO - Processing file /home/airflow/.local/lib/python3.7/site-packages/airflow/example_dags/example_external_task_marker_dag.py for tasks to queue
[2023-01-15T13:07:46.254+0000] {logging_mixin.py:137} INFO - [2023-01-15T13:07:46.254+0000] {dagbag.py:538} INFO - Filling up the DagBag from /home/airflow/.local/lib/python3.7/site-packages/airflow/example_dags/example_external_task_marker_dag.py
[2023-01-15T13:07:46.407+0000] {processor.py:753} INFO - DAG(s) dict_keys(['example_external_task_marker_parent', 'example_external_task_marker_child']) retrieved from /home/airflow/.local/lib/python3.7/site-packages/airflow/example_dags/example_external_task_marker_dag.py
[2023-01-15T13:07:46.744+0000] {logging_mixin.py:137} INFO - [2023-01-15T13:07:46.744+0000] {dag.py:2676} INFO - Sync 2 DAGs
[2023-01-15T13:07:46.918+0000] {logging_mixin.py:137} INFO - [2023-01-15T13:07:46.918+0000] {dag.py:3427} INFO - Setting next_dagrun for example_external_task_marker_child to None, run_after=None
[2023-01-15T13:07:46.944+0000] {logging_mixin.py:137} INFO - [2023-01-15T13:07:46.944+0000] {dag.py:3427} INFO - Setting next_dagrun for example_external_task_marker_parent to None, run_after=None
[2023-01-15T13:07:47.108+0000] {processor.py:175} INFO - Processing /home/airflow/.local/lib/python3.7/site-packages/airflow/example_dags/example_external_task_marker_dag.py took 0.884 seconds
[2023-01-15T13:08:22.162+0000] {processor.py:153} INFO - Started process (PID=987) to work on /home/airflow/.local/lib/python3.7/site-packages/airflow/example_dags/example_external_task_marker_dag.py
[2023-01-15T13:08:22.180+0000] {processor.py:743} INFO - Processing file /home/airflow/.local/lib/python3.7/site-packages/airflow/example_dags/example_external_task_marker_dag.py for tasks to queue
[2023-01-15T13:08:22.192+0000] {logging_mixin.py:137} INFO - [2023-01-15T13:08:22.191+0000] {dagbag.py:538} INFO - Filling up the DagBag from /home/airflow/.local/lib/python3.7/site-packages/airflow/example_dags/example_external_task_marker_dag.py
[2023-01-15T13:08:22.516+0000] {processor.py:753} INFO - DAG(s) dict_keys(['example_external_task_marker_parent', 'example_external_task_marker_child']) retrieved from /home/airflow/.local/lib/python3.7/site-packages/airflow/example_dags/example_external_task_marker_dag.py
[2023-01-15T13:08:23.645+0000] {logging_mixin.py:137} INFO - [2023-01-15T13:08:23.645+0000] {dag.py:2676} INFO - Sync 2 DAGs
[2023-01-15T13:08:23.987+0000] {logging_mixin.py:137} INFO - [2023-01-15T13:08:23.987+0000] {dag.py:3427} INFO - Setting next_dagrun for example_external_task_marker_child to None, run_after=None
[2023-01-15T13:08:24.027+0000] {logging_mixin.py:137} INFO - [2023-01-15T13:08:24.027+0000] {dag.py:3427} INFO - Setting next_dagrun for example_external_task_marker_parent to None, run_after=None
[2023-01-15T13:08:24.281+0000] {processor.py:175} INFO - Processing /home/airflow/.local/lib/python3.7/site-packages/airflow/example_dags/example_external_task_marker_dag.py took 2.179 seconds
[2023-01-15T13:08:56.827+0000] {processor.py:153} INFO - Started process (PID=1036) to work on /home/airflow/.local/lib/python3.7/site-packages/airflow/example_dags/example_external_task_marker_dag.py
[2023-01-15T13:08:56.890+0000] {processor.py:743} INFO - Processing file /home/airflow/.local/lib/python3.7/site-packages/airflow/example_dags/example_external_task_marker_dag.py for tasks to queue
[2023-01-15T13:08:56.896+0000] {logging_mixin.py:137} INFO - [2023-01-15T13:08:56.896+0000] {dagbag.py:538} INFO - Filling up the DagBag from /home/airflow/.local/lib/python3.7/site-packages/airflow/example_dags/example_external_task_marker_dag.py
[2023-01-15T13:08:58.361+0000] {processor.py:753} INFO - DAG(s) dict_keys(['example_external_task_marker_child', 'example_external_task_marker_parent']) retrieved from /home/airflow/.local/lib/python3.7/site-packages/airflow/example_dags/example_external_task_marker_dag.py
[2023-01-15T13:08:59.848+0000] {logging_mixin.py:137} INFO - [2023-01-15T13:08:59.846+0000] {dag.py:2676} INFO - Sync 2 DAGs
[2023-01-15T13:09:01.065+0000] {logging_mixin.py:137} INFO - [2023-01-15T13:09:01.063+0000] {dag.py:3427} INFO - Setting next_dagrun for example_external_task_marker_child to None, run_after=None
[2023-01-15T13:09:01.117+0000] {logging_mixin.py:137} INFO - [2023-01-15T13:09:01.117+0000] {dag.py:3427} INFO - Setting next_dagrun for example_external_task_marker_parent to None, run_after=None
[2023-01-15T13:09:01.358+0000] {processor.py:175} INFO - Processing /home/airflow/.local/lib/python3.7/site-packages/airflow/example_dags/example_external_task_marker_dag.py took 4.751 seconds
[2023-01-15T13:09:32.278+0000] {processor.py:153} INFO - Started process (PID=1092) to work on /home/airflow/.local/lib/python3.7/site-packages/airflow/example_dags/example_external_task_marker_dag.py
[2023-01-15T13:09:32.290+0000] {processor.py:743} INFO - Processing file /home/airflow/.local/lib/python3.7/site-packages/airflow/example_dags/example_external_task_marker_dag.py for tasks to queue
[2023-01-15T13:09:32.302+0000] {logging_mixin.py:137} INFO - [2023-01-15T13:09:32.302+0000] {dagbag.py:538} INFO - Filling up the DagBag from /home/airflow/.local/lib/python3.7/site-packages/airflow/example_dags/example_external_task_marker_dag.py
[2023-01-15T13:09:32.465+0000] {processor.py:753} INFO - DAG(s) dict_keys(['example_external_task_marker_parent', 'example_external_task_marker_child']) retrieved from /home/airflow/.local/lib/python3.7/site-packages/airflow/example_dags/example_external_task_marker_dag.py
[2023-01-15T13:09:32.701+0000] {logging_mixin.py:137} INFO - [2023-01-15T13:09:32.701+0000] {dag.py:2676} INFO - Sync 2 DAGs
[2023-01-15T13:09:32.857+0000] {logging_mixin.py:137} INFO - [2023-01-15T13:09:32.857+0000] {dag.py:3427} INFO - Setting next_dagrun for example_external_task_marker_child to None, run_after=None
[2023-01-15T13:09:32.877+0000] {logging_mixin.py:137} INFO - [2023-01-15T13:09:32.876+0000] {dag.py:3427} INFO - Setting next_dagrun for example_external_task_marker_parent to None, run_after=None
[2023-01-15T13:09:32.979+0000] {processor.py:175} INFO - Processing /home/airflow/.local/lib/python3.7/site-packages/airflow/example_dags/example_external_task_marker_dag.py took 0.717 seconds
[2023-01-15T13:10:05.063+0000] {processor.py:153} INFO - Started process (PID=1148) to work on /home/airflow/.local/lib/python3.7/site-packages/airflow/example_dags/example_external_task_marker_dag.py
[2023-01-15T13:10:05.070+0000] {processor.py:743} INFO - Processing file /home/airflow/.local/lib/python3.7/site-packages/airflow/example_dags/example_external_task_marker_dag.py for tasks to queue
[2023-01-15T13:10:05.073+0000] {logging_mixin.py:137} INFO - [2023-01-15T13:10:05.072+0000] {dagbag.py:538} INFO - Filling up the DagBag from /home/airflow/.local/lib/python3.7/site-packages/airflow/example_dags/example_external_task_marker_dag.py
[2023-01-15T13:10:05.148+0000] {processor.py:753} INFO - DAG(s) dict_keys(['example_external_task_marker_parent', 'example_external_task_marker_child']) retrieved from /home/airflow/.local/lib/python3.7/site-packages/airflow/example_dags/example_external_task_marker_dag.py
[2023-01-15T13:10:05.351+0000] {logging_mixin.py:137} INFO - [2023-01-15T13:10:05.351+0000] {dag.py:2676} INFO - Sync 2 DAGs
[2023-01-15T13:10:05.454+0000] {logging_mixin.py:137} INFO - [2023-01-15T13:10:05.454+0000] {dag.py:3427} INFO - Setting next_dagrun for example_external_task_marker_child to None, run_after=None
[2023-01-15T13:10:05.468+0000] {logging_mixin.py:137} INFO - [2023-01-15T13:10:05.468+0000] {dag.py:3427} INFO - Setting next_dagrun for example_external_task_marker_parent to None, run_after=None
[2023-01-15T13:10:05.524+0000] {processor.py:175} INFO - Processing /home/airflow/.local/lib/python3.7/site-packages/airflow/example_dags/example_external_task_marker_dag.py took 0.478 seconds
[2023-01-15T13:10:39.082+0000] {processor.py:153} INFO - Started process (PID=1190) to work on /home/airflow/.local/lib/python3.7/site-packages/airflow/example_dags/example_external_task_marker_dag.py
[2023-01-15T13:10:39.090+0000] {processor.py:743} INFO - Processing file /home/airflow/.local/lib/python3.7/site-packages/airflow/example_dags/example_external_task_marker_dag.py for tasks to queue
[2023-01-15T13:10:39.112+0000] {logging_mixin.py:137} INFO - [2023-01-15T13:10:39.099+0000] {dagbag.py:538} INFO - Filling up the DagBag from /home/airflow/.local/lib/python3.7/site-packages/airflow/example_dags/example_external_task_marker_dag.py
[2023-01-15T13:10:39.330+0000] {processor.py:753} INFO - DAG(s) dict_keys(['example_external_task_marker_child', 'example_external_task_marker_parent']) retrieved from /home/airflow/.local/lib/python3.7/site-packages/airflow/example_dags/example_external_task_marker_dag.py
[2023-01-15T13:10:40.157+0000] {logging_mixin.py:137} INFO - [2023-01-15T13:10:40.157+0000] {dag.py:2676} INFO - Sync 2 DAGs
[2023-01-15T13:10:40.761+0000] {logging_mixin.py:137} INFO - [2023-01-15T13:10:40.752+0000] {dag.py:3427} INFO - Setting next_dagrun for example_external_task_marker_child to None, run_after=None
[2023-01-15T13:10:40.815+0000] {logging_mixin.py:137} INFO - [2023-01-15T13:10:40.814+0000] {dag.py:3427} INFO - Setting next_dagrun for example_external_task_marker_parent to None, run_after=None
[2023-01-15T13:10:41.229+0000] {processor.py:175} INFO - Processing /home/airflow/.local/lib/python3.7/site-packages/airflow/example_dags/example_external_task_marker_dag.py took 2.238 seconds
[2023-01-15T13:11:17.075+0000] {processor.py:153} INFO - Started process (PID=1246) to work on /home/airflow/.local/lib/python3.7/site-packages/airflow/example_dags/example_external_task_marker_dag.py
[2023-01-15T13:11:17.097+0000] {processor.py:743} INFO - Processing file /home/airflow/.local/lib/python3.7/site-packages/airflow/example_dags/example_external_task_marker_dag.py for tasks to queue
[2023-01-15T13:11:17.109+0000] {logging_mixin.py:137} INFO - [2023-01-15T13:11:17.108+0000] {dagbag.py:538} INFO - Filling up the DagBag from /home/airflow/.local/lib/python3.7/site-packages/airflow/example_dags/example_external_task_marker_dag.py
[2023-01-15T13:11:17.827+0000] {processor.py:753} INFO - DAG(s) dict_keys(['example_external_task_marker_child', 'example_external_task_marker_parent']) retrieved from /home/airflow/.local/lib/python3.7/site-packages/airflow/example_dags/example_external_task_marker_dag.py
[2023-01-15T13:11:19.109+0000] {logging_mixin.py:137} INFO - [2023-01-15T13:11:19.109+0000] {dag.py:2676} INFO - Sync 2 DAGs
[2023-01-15T13:11:19.966+0000] {logging_mixin.py:137} INFO - [2023-01-15T13:11:19.966+0000] {dag.py:3427} INFO - Setting next_dagrun for example_external_task_marker_child to None, run_after=None
[2023-01-15T13:11:20.029+0000] {logging_mixin.py:137} INFO - [2023-01-15T13:11:20.029+0000] {dag.py:3427} INFO - Setting next_dagrun for example_external_task_marker_parent to None, run_after=None
[2023-01-15T13:11:20.266+0000] {processor.py:175} INFO - Processing /home/airflow/.local/lib/python3.7/site-packages/airflow/example_dags/example_external_task_marker_dag.py took 3.453 seconds
[2023-01-15T13:12:10.194+0000] {processor.py:153} INFO - Started process (PID=1313) to work on /home/airflow/.local/lib/python3.7/site-packages/airflow/example_dags/example_external_task_marker_dag.py
[2023-01-15T13:12:10.230+0000] {processor.py:743} INFO - Processing file /home/airflow/.local/lib/python3.7/site-packages/airflow/example_dags/example_external_task_marker_dag.py for tasks to queue
[2023-01-15T13:12:10.233+0000] {logging_mixin.py:137} INFO - [2023-01-15T13:12:10.233+0000] {dagbag.py:538} INFO - Filling up the DagBag from /home/airflow/.local/lib/python3.7/site-packages/airflow/example_dags/example_external_task_marker_dag.py
[2023-01-15T13:12:10.514+0000] {processor.py:753} INFO - DAG(s) dict_keys(['example_external_task_marker_parent', 'example_external_task_marker_child']) retrieved from /home/airflow/.local/lib/python3.7/site-packages/airflow/example_dags/example_external_task_marker_dag.py
[2023-01-15T13:12:11.383+0000] {logging_mixin.py:137} INFO - [2023-01-15T13:12:11.383+0000] {dag.py:2676} INFO - Sync 2 DAGs
[2023-01-15T13:12:12.001+0000] {logging_mixin.py:137} INFO - [2023-01-15T13:12:11.991+0000] {dag.py:3427} INFO - Setting next_dagrun for example_external_task_marker_child to None, run_after=None
[2023-01-15T13:12:12.090+0000] {logging_mixin.py:137} INFO - [2023-01-15T13:12:12.076+0000] {dag.py:3427} INFO - Setting next_dagrun for example_external_task_marker_parent to None, run_after=None
[2023-01-15T13:12:12.386+0000] {processor.py:175} INFO - Processing /home/airflow/.local/lib/python3.7/site-packages/airflow/example_dags/example_external_task_marker_dag.py took 2.271 seconds
[2023-01-15T13:12:47.713+0000] {processor.py:153} INFO - Started process (PID=1369) to work on /home/airflow/.local/lib/python3.7/site-packages/airflow/example_dags/example_external_task_marker_dag.py
[2023-01-15T13:12:47.721+0000] {processor.py:743} INFO - Processing file /home/airflow/.local/lib/python3.7/site-packages/airflow/example_dags/example_external_task_marker_dag.py for tasks to queue
[2023-01-15T13:12:47.728+0000] {logging_mixin.py:137} INFO - [2023-01-15T13:12:47.728+0000] {dagbag.py:538} INFO - Filling up the DagBag from /home/airflow/.local/lib/python3.7/site-packages/airflow/example_dags/example_external_task_marker_dag.py
[2023-01-15T13:12:47.912+0000] {processor.py:753} INFO - DAG(s) dict_keys(['example_external_task_marker_parent', 'example_external_task_marker_child']) retrieved from /home/airflow/.local/lib/python3.7/site-packages/airflow/example_dags/example_external_task_marker_dag.py
[2023-01-15T13:12:48.448+0000] {logging_mixin.py:137} INFO - [2023-01-15T13:12:48.440+0000] {dag.py:2676} INFO - Sync 2 DAGs
[2023-01-15T13:12:48.844+0000] {logging_mixin.py:137} INFO - [2023-01-15T13:12:48.844+0000] {dag.py:3427} INFO - Setting next_dagrun for example_external_task_marker_child to None, run_after=None
[2023-01-15T13:12:48.879+0000] {logging_mixin.py:137} INFO - [2023-01-15T13:12:48.879+0000] {dag.py:3427} INFO - Setting next_dagrun for example_external_task_marker_parent to None, run_after=None
[2023-01-15T13:12:49.044+0000] {processor.py:175} INFO - Processing /home/airflow/.local/lib/python3.7/site-packages/airflow/example_dags/example_external_task_marker_dag.py took 1.378 seconds
[2023-01-15T13:13:37.035+0000] {processor.py:153} INFO - Started process (PID=1428) to work on /home/airflow/.local/lib/python3.7/site-packages/airflow/example_dags/example_external_task_marker_dag.py
[2023-01-15T13:13:37.040+0000] {processor.py:743} INFO - Processing file /home/airflow/.local/lib/python3.7/site-packages/airflow/example_dags/example_external_task_marker_dag.py for tasks to queue
[2023-01-15T13:13:37.044+0000] {logging_mixin.py:137} INFO - [2023-01-15T13:13:37.044+0000] {dagbag.py:538} INFO - Filling up the DagBag from /home/airflow/.local/lib/python3.7/site-packages/airflow/example_dags/example_external_task_marker_dag.py
[2023-01-15T13:13:37.111+0000] {processor.py:753} INFO - DAG(s) dict_keys(['example_external_task_marker_parent', 'example_external_task_marker_child']) retrieved from /home/airflow/.local/lib/python3.7/site-packages/airflow/example_dags/example_external_task_marker_dag.py
[2023-01-15T13:13:37.339+0000] {logging_mixin.py:137} INFO - [2023-01-15T13:13:37.339+0000] {dag.py:2676} INFO - Sync 2 DAGs
[2023-01-15T13:13:37.463+0000] {logging_mixin.py:137} INFO - [2023-01-15T13:13:37.463+0000] {dag.py:3427} INFO - Setting next_dagrun for example_external_task_marker_child to None, run_after=None
[2023-01-15T13:13:37.484+0000] {logging_mixin.py:137} INFO - [2023-01-15T13:13:37.484+0000] {dag.py:3427} INFO - Setting next_dagrun for example_external_task_marker_parent to None, run_after=None
[2023-01-15T13:13:37.611+0000] {processor.py:175} INFO - Processing /home/airflow/.local/lib/python3.7/site-packages/airflow/example_dags/example_external_task_marker_dag.py took 0.592 seconds
[2023-01-15T13:14:09.988+0000] {processor.py:153} INFO - Started process (PID=1484) to work on /home/airflow/.local/lib/python3.7/site-packages/airflow/example_dags/example_external_task_marker_dag.py
[2023-01-15T13:14:09.997+0000] {processor.py:743} INFO - Processing file /home/airflow/.local/lib/python3.7/site-packages/airflow/example_dags/example_external_task_marker_dag.py for tasks to queue
[2023-01-15T13:14:10.004+0000] {logging_mixin.py:137} INFO - [2023-01-15T13:14:10.004+0000] {dagbag.py:538} INFO - Filling up the DagBag from /home/airflow/.local/lib/python3.7/site-packages/airflow/example_dags/example_external_task_marker_dag.py
[2023-01-15T13:14:10.195+0000] {processor.py:753} INFO - DAG(s) dict_keys(['example_external_task_marker_parent', 'example_external_task_marker_child']) retrieved from /home/airflow/.local/lib/python3.7/site-packages/airflow/example_dags/example_external_task_marker_dag.py
[2023-01-15T13:14:10.680+0000] {logging_mixin.py:137} INFO - [2023-01-15T13:14:10.680+0000] {dag.py:2676} INFO - Sync 2 DAGs
[2023-01-15T13:14:10.853+0000] {logging_mixin.py:137} INFO - [2023-01-15T13:14:10.853+0000] {dag.py:3427} INFO - Setting next_dagrun for example_external_task_marker_child to None, run_after=None
[2023-01-15T13:14:10.871+0000] {logging_mixin.py:137} INFO - [2023-01-15T13:14:10.871+0000] {dag.py:3427} INFO - Setting next_dagrun for example_external_task_marker_parent to None, run_after=None
[2023-01-15T13:14:10.929+0000] {processor.py:175} INFO - Processing /home/airflow/.local/lib/python3.7/site-packages/airflow/example_dags/example_external_task_marker_dag.py took 0.992 seconds
[2023-01-15T13:14:41.283+0000] {processor.py:153} INFO - Started process (PID=1531) to work on /home/airflow/.local/lib/python3.7/site-packages/airflow/example_dags/example_external_task_marker_dag.py
[2023-01-15T13:14:41.287+0000] {processor.py:743} INFO - Processing file /home/airflow/.local/lib/python3.7/site-packages/airflow/example_dags/example_external_task_marker_dag.py for tasks to queue
[2023-01-15T13:14:41.290+0000] {logging_mixin.py:137} INFO - [2023-01-15T13:14:41.290+0000] {dagbag.py:538} INFO - Filling up the DagBag from /home/airflow/.local/lib/python3.7/site-packages/airflow/example_dags/example_external_task_marker_dag.py
[2023-01-15T13:14:41.340+0000] {processor.py:753} INFO - DAG(s) dict_keys(['example_external_task_marker_parent', 'example_external_task_marker_child']) retrieved from /home/airflow/.local/lib/python3.7/site-packages/airflow/example_dags/example_external_task_marker_dag.py
[2023-01-15T13:14:41.690+0000] {logging_mixin.py:137} INFO - [2023-01-15T13:14:41.686+0000] {dag.py:2676} INFO - Sync 2 DAGs
[2023-01-15T13:14:41.844+0000] {logging_mixin.py:137} INFO - [2023-01-15T13:14:41.844+0000] {dag.py:3427} INFO - Setting next_dagrun for example_external_task_marker_child to None, run_after=None
[2023-01-15T13:14:41.890+0000] {logging_mixin.py:137} INFO - [2023-01-15T13:14:41.890+0000] {dag.py:3427} INFO - Setting next_dagrun for example_external_task_marker_parent to None, run_after=None
[2023-01-15T13:14:42.146+0000] {processor.py:175} INFO - Processing /home/airflow/.local/lib/python3.7/site-packages/airflow/example_dags/example_external_task_marker_dag.py took 0.874 seconds
[2023-01-15T13:15:14.321+0000] {processor.py:153} INFO - Started process (PID=1587) to work on /home/airflow/.local/lib/python3.7/site-packages/airflow/example_dags/example_external_task_marker_dag.py
[2023-01-15T13:15:14.330+0000] {processor.py:743} INFO - Processing file /home/airflow/.local/lib/python3.7/site-packages/airflow/example_dags/example_external_task_marker_dag.py for tasks to queue
[2023-01-15T13:15:14.337+0000] {logging_mixin.py:137} INFO - [2023-01-15T13:15:14.336+0000] {dagbag.py:538} INFO - Filling up the DagBag from /home/airflow/.local/lib/python3.7/site-packages/airflow/example_dags/example_external_task_marker_dag.py
[2023-01-15T13:15:14.464+0000] {processor.py:753} INFO - DAG(s) dict_keys(['example_external_task_marker_child', 'example_external_task_marker_parent']) retrieved from /home/airflow/.local/lib/python3.7/site-packages/airflow/example_dags/example_external_task_marker_dag.py
[2023-01-15T13:15:14.903+0000] {logging_mixin.py:137} INFO - [2023-01-15T13:15:14.903+0000] {dag.py:2676} INFO - Sync 2 DAGs
[2023-01-15T13:15:15.142+0000] {logging_mixin.py:137} INFO - [2023-01-15T13:15:15.142+0000] {dag.py:3427} INFO - Setting next_dagrun for example_external_task_marker_child to None, run_after=None
[2023-01-15T13:15:15.191+0000] {logging_mixin.py:137} INFO - [2023-01-15T13:15:15.186+0000] {dag.py:3427} INFO - Setting next_dagrun for example_external_task_marker_parent to None, run_after=None
[2023-01-15T13:15:15.351+0000] {processor.py:175} INFO - Processing /home/airflow/.local/lib/python3.7/site-packages/airflow/example_dags/example_external_task_marker_dag.py took 1.068 seconds
[2023-01-15T13:43:38.129+0000] {processor.py:153} INFO - Started process (PID=74) to work on /home/airflow/.local/lib/python3.7/site-packages/airflow/example_dags/example_external_task_marker_dag.py
[2023-01-15T13:43:38.142+0000] {processor.py:743} INFO - Processing file /home/airflow/.local/lib/python3.7/site-packages/airflow/example_dags/example_external_task_marker_dag.py for tasks to queue
[2023-01-15T13:43:38.154+0000] {logging_mixin.py:137} INFO - [2023-01-15T13:43:38.154+0000] {dagbag.py:538} INFO - Filling up the DagBag from /home/airflow/.local/lib/python3.7/site-packages/airflow/example_dags/example_external_task_marker_dag.py
[2023-01-15T13:43:38.542+0000] {processor.py:753} INFO - DAG(s) dict_keys(['example_external_task_marker_child', 'example_external_task_marker_parent']) retrieved from /home/airflow/.local/lib/python3.7/site-packages/airflow/example_dags/example_external_task_marker_dag.py
[2023-01-15T13:43:40.497+0000] {logging_mixin.py:137} INFO - [2023-01-15T13:43:40.497+0000] {dag.py:2676} INFO - Sync 2 DAGs
[2023-01-15T13:43:41.197+0000] {logging_mixin.py:137} INFO - [2023-01-15T13:43:41.175+0000] {dag.py:3427} INFO - Setting next_dagrun for example_external_task_marker_child to None, run_after=None
[2023-01-15T13:43:41.258+0000] {logging_mixin.py:137} INFO - [2023-01-15T13:43:41.257+0000] {dag.py:3427} INFO - Setting next_dagrun for example_external_task_marker_parent to None, run_after=None
[2023-01-15T13:43:41.888+0000] {processor.py:175} INFO - Processing /home/airflow/.local/lib/python3.7/site-packages/airflow/example_dags/example_external_task_marker_dag.py took 3.841 seconds
[2023-01-15T13:45:07.429+0000] {processor.py:153} INFO - Started process (PID=148) to work on /home/airflow/.local/lib/python3.7/site-packages/airflow/example_dags/example_external_task_marker_dag.py
[2023-01-15T13:45:07.469+0000] {processor.py:743} INFO - Processing file /home/airflow/.local/lib/python3.7/site-packages/airflow/example_dags/example_external_task_marker_dag.py for tasks to queue
[2023-01-15T13:45:07.497+0000] {logging_mixin.py:137} INFO - [2023-01-15T13:45:07.496+0000] {dagbag.py:538} INFO - Filling up the DagBag from /home/airflow/.local/lib/python3.7/site-packages/airflow/example_dags/example_external_task_marker_dag.py
[2023-01-15T13:45:08.024+0000] {processor.py:753} INFO - DAG(s) dict_keys(['example_external_task_marker_parent', 'example_external_task_marker_child']) retrieved from /home/airflow/.local/lib/python3.7/site-packages/airflow/example_dags/example_external_task_marker_dag.py
[2023-01-15T13:45:09.209+0000] {logging_mixin.py:137} INFO - [2023-01-15T13:45:09.208+0000] {dag.py:2676} INFO - Sync 2 DAGs
[2023-01-15T13:45:09.980+0000] {logging_mixin.py:137} INFO - [2023-01-15T13:45:09.980+0000] {dag.py:3427} INFO - Setting next_dagrun for example_external_task_marker_child to None, run_after=None
[2023-01-15T13:45:10.060+0000] {logging_mixin.py:137} INFO - [2023-01-15T13:45:10.060+0000] {dag.py:3427} INFO - Setting next_dagrun for example_external_task_marker_parent to None, run_after=None
[2023-01-15T13:45:10.540+0000] {processor.py:175} INFO - Processing /home/airflow/.local/lib/python3.7/site-packages/airflow/example_dags/example_external_task_marker_dag.py took 3.254 seconds
[2023-01-15T13:45:52.077+0000] {processor.py:153} INFO - Started process (PID=206) to work on /home/airflow/.local/lib/python3.7/site-packages/airflow/example_dags/example_external_task_marker_dag.py
[2023-01-15T13:45:52.083+0000] {processor.py:743} INFO - Processing file /home/airflow/.local/lib/python3.7/site-packages/airflow/example_dags/example_external_task_marker_dag.py for tasks to queue
[2023-01-15T13:45:52.085+0000] {logging_mixin.py:137} INFO - [2023-01-15T13:45:52.085+0000] {dagbag.py:538} INFO - Filling up the DagBag from /home/airflow/.local/lib/python3.7/site-packages/airflow/example_dags/example_external_task_marker_dag.py
[2023-01-15T13:45:52.171+0000] {processor.py:753} INFO - DAG(s) dict_keys(['example_external_task_marker_child', 'example_external_task_marker_parent']) retrieved from /home/airflow/.local/lib/python3.7/site-packages/airflow/example_dags/example_external_task_marker_dag.py
[2023-01-15T13:45:52.367+0000] {logging_mixin.py:137} INFO - [2023-01-15T13:45:52.367+0000] {dag.py:2676} INFO - Sync 2 DAGs
[2023-01-15T13:45:52.510+0000] {logging_mixin.py:137} INFO - [2023-01-15T13:45:52.509+0000] {dag.py:3427} INFO - Setting next_dagrun for example_external_task_marker_child to None, run_after=None
[2023-01-15T13:45:52.526+0000] {logging_mixin.py:137} INFO - [2023-01-15T13:45:52.525+0000] {dag.py:3427} INFO - Setting next_dagrun for example_external_task_marker_parent to None, run_after=None
[2023-01-15T13:45:52.614+0000] {processor.py:175} INFO - Processing /home/airflow/.local/lib/python3.7/site-packages/airflow/example_dags/example_external_task_marker_dag.py took 0.551 seconds
[2023-01-15T13:46:29.347+0000] {processor.py:153} INFO - Started process (PID=262) to work on /home/airflow/.local/lib/python3.7/site-packages/airflow/example_dags/example_external_task_marker_dag.py
[2023-01-15T13:46:29.361+0000] {processor.py:743} INFO - Processing file /home/airflow/.local/lib/python3.7/site-packages/airflow/example_dags/example_external_task_marker_dag.py for tasks to queue
[2023-01-15T13:46:29.378+0000] {logging_mixin.py:137} INFO - [2023-01-15T13:46:29.377+0000] {dagbag.py:538} INFO - Filling up the DagBag from /home/airflow/.local/lib/python3.7/site-packages/airflow/example_dags/example_external_task_marker_dag.py
[2023-01-15T13:46:29.487+0000] {processor.py:753} INFO - DAG(s) dict_keys(['example_external_task_marker_parent', 'example_external_task_marker_child']) retrieved from /home/airflow/.local/lib/python3.7/site-packages/airflow/example_dags/example_external_task_marker_dag.py
[2023-01-15T13:46:29.660+0000] {logging_mixin.py:137} INFO - [2023-01-15T13:46:29.660+0000] {dag.py:2676} INFO - Sync 2 DAGs
[2023-01-15T13:46:29.758+0000] {logging_mixin.py:137} INFO - [2023-01-15T13:46:29.758+0000] {dag.py:3427} INFO - Setting next_dagrun for example_external_task_marker_child to None, run_after=None
[2023-01-15T13:46:29.770+0000] {logging_mixin.py:137} INFO - [2023-01-15T13:46:29.770+0000] {dag.py:3427} INFO - Setting next_dagrun for example_external_task_marker_parent to None, run_after=None
[2023-01-15T13:46:29.825+0000] {processor.py:175} INFO - Processing /home/airflow/.local/lib/python3.7/site-packages/airflow/example_dags/example_external_task_marker_dag.py took 0.500 seconds
[2023-01-15T13:47:00.697+0000] {processor.py:153} INFO - Started process (PID=317) to work on /home/airflow/.local/lib/python3.7/site-packages/airflow/example_dags/example_external_task_marker_dag.py
[2023-01-15T13:47:00.721+0000] {processor.py:743} INFO - Processing file /home/airflow/.local/lib/python3.7/site-packages/airflow/example_dags/example_external_task_marker_dag.py for tasks to queue
[2023-01-15T13:47:00.764+0000] {logging_mixin.py:137} INFO - [2023-01-15T13:47:00.729+0000] {dagbag.py:538} INFO - Filling up the DagBag from /home/airflow/.local/lib/python3.7/site-packages/airflow/example_dags/example_external_task_marker_dag.py
[2023-01-15T13:47:00.918+0000] {processor.py:753} INFO - DAG(s) dict_keys(['example_external_task_marker_child', 'example_external_task_marker_parent']) retrieved from /home/airflow/.local/lib/python3.7/site-packages/airflow/example_dags/example_external_task_marker_dag.py
[2023-01-15T13:47:01.229+0000] {logging_mixin.py:137} INFO - [2023-01-15T13:47:01.229+0000] {dag.py:2676} INFO - Sync 2 DAGs
[2023-01-15T13:47:01.476+0000] {logging_mixin.py:137} INFO - [2023-01-15T13:47:01.476+0000] {dag.py:3427} INFO - Setting next_dagrun for example_external_task_marker_child to None, run_after=None
[2023-01-15T13:47:01.501+0000] {logging_mixin.py:137} INFO - [2023-01-15T13:47:01.501+0000] {dag.py:3427} INFO - Setting next_dagrun for example_external_task_marker_parent to None, run_after=None
[2023-01-15T13:47:01.706+0000] {processor.py:175} INFO - Processing /home/airflow/.local/lib/python3.7/site-packages/airflow/example_dags/example_external_task_marker_dag.py took 1.019 seconds
[2023-01-15T13:47:32.029+0000] {processor.py:153} INFO - Started process (PID=364) to work on /home/airflow/.local/lib/python3.7/site-packages/airflow/example_dags/example_external_task_marker_dag.py
[2023-01-15T13:47:32.031+0000] {processor.py:743} INFO - Processing file /home/airflow/.local/lib/python3.7/site-packages/airflow/example_dags/example_external_task_marker_dag.py for tasks to queue
[2023-01-15T13:47:32.033+0000] {logging_mixin.py:137} INFO - [2023-01-15T13:47:32.033+0000] {dagbag.py:538} INFO - Filling up the DagBag from /home/airflow/.local/lib/python3.7/site-packages/airflow/example_dags/example_external_task_marker_dag.py
[2023-01-15T13:47:32.074+0000] {processor.py:753} INFO - DAG(s) dict_keys(['example_external_task_marker_parent', 'example_external_task_marker_child']) retrieved from /home/airflow/.local/lib/python3.7/site-packages/airflow/example_dags/example_external_task_marker_dag.py
[2023-01-15T13:47:32.239+0000] {logging_mixin.py:137} INFO - [2023-01-15T13:47:32.238+0000] {dag.py:2676} INFO - Sync 2 DAGs
[2023-01-15T13:47:32.306+0000] {logging_mixin.py:137} INFO - [2023-01-15T13:47:32.306+0000] {dag.py:3427} INFO - Setting next_dagrun for example_external_task_marker_child to None, run_after=None
[2023-01-15T13:47:32.322+0000] {logging_mixin.py:137} INFO - [2023-01-15T13:47:32.322+0000] {dag.py:3427} INFO - Setting next_dagrun for example_external_task_marker_parent to None, run_after=None
[2023-01-15T13:47:32.363+0000] {processor.py:175} INFO - Processing /home/airflow/.local/lib/python3.7/site-packages/airflow/example_dags/example_external_task_marker_dag.py took 0.346 seconds
[2023-01-15T13:48:02.743+0000] {processor.py:153} INFO - Started process (PID=420) to work on /home/airflow/.local/lib/python3.7/site-packages/airflow/example_dags/example_external_task_marker_dag.py
[2023-01-15T13:48:02.749+0000] {processor.py:743} INFO - Processing file /home/airflow/.local/lib/python3.7/site-packages/airflow/example_dags/example_external_task_marker_dag.py for tasks to queue
[2023-01-15T13:48:02.751+0000] {logging_mixin.py:137} INFO - [2023-01-15T13:48:02.751+0000] {dagbag.py:538} INFO - Filling up the DagBag from /home/airflow/.local/lib/python3.7/site-packages/airflow/example_dags/example_external_task_marker_dag.py
[2023-01-15T13:48:02.793+0000] {processor.py:753} INFO - DAG(s) dict_keys(['example_external_task_marker_child', 'example_external_task_marker_parent']) retrieved from /home/airflow/.local/lib/python3.7/site-packages/airflow/example_dags/example_external_task_marker_dag.py
[2023-01-15T13:48:02.893+0000] {logging_mixin.py:137} INFO - [2023-01-15T13:48:02.893+0000] {dag.py:2676} INFO - Sync 2 DAGs
[2023-01-15T13:48:02.957+0000] {logging_mixin.py:137} INFO - [2023-01-15T13:48:02.956+0000] {dag.py:3427} INFO - Setting next_dagrun for example_external_task_marker_child to None, run_after=None
[2023-01-15T13:48:02.963+0000] {logging_mixin.py:137} INFO - [2023-01-15T13:48:02.963+0000] {dag.py:3427} INFO - Setting next_dagrun for example_external_task_marker_parent to None, run_after=None
[2023-01-15T13:48:03.010+0000] {processor.py:175} INFO - Processing /home/airflow/.local/lib/python3.7/site-packages/airflow/example_dags/example_external_task_marker_dag.py took 0.274 seconds
[2023-01-15T13:48:33.745+0000] {processor.py:153} INFO - Started process (PID=474) to work on /home/airflow/.local/lib/python3.7/site-packages/airflow/example_dags/example_external_task_marker_dag.py
[2023-01-15T13:48:33.747+0000] {processor.py:743} INFO - Processing file /home/airflow/.local/lib/python3.7/site-packages/airflow/example_dags/example_external_task_marker_dag.py for tasks to queue
[2023-01-15T13:48:33.749+0000] {logging_mixin.py:137} INFO - [2023-01-15T13:48:33.749+0000] {dagbag.py:538} INFO - Filling up the DagBag from /home/airflow/.local/lib/python3.7/site-packages/airflow/example_dags/example_external_task_marker_dag.py
[2023-01-15T13:48:33.791+0000] {processor.py:753} INFO - DAG(s) dict_keys(['example_external_task_marker_parent', 'example_external_task_marker_child']) retrieved from /home/airflow/.local/lib/python3.7/site-packages/airflow/example_dags/example_external_task_marker_dag.py
[2023-01-15T13:48:33.883+0000] {logging_mixin.py:137} INFO - [2023-01-15T13:48:33.883+0000] {dag.py:2676} INFO - Sync 2 DAGs
[2023-01-15T13:48:34.067+0000] {logging_mixin.py:137} INFO - [2023-01-15T13:48:34.067+0000] {dag.py:3427} INFO - Setting next_dagrun for example_external_task_marker_child to None, run_after=None
[2023-01-15T13:48:34.078+0000] {logging_mixin.py:137} INFO - [2023-01-15T13:48:34.077+0000] {dag.py:3427} INFO - Setting next_dagrun for example_external_task_marker_parent to None, run_after=None
[2023-01-15T13:48:34.128+0000] {processor.py:175} INFO - Processing /home/airflow/.local/lib/python3.7/site-packages/airflow/example_dags/example_external_task_marker_dag.py took 0.393 seconds
[2023-01-15T13:49:05.511+0000] {processor.py:153} INFO - Started process (PID=529) to work on /home/airflow/.local/lib/python3.7/site-packages/airflow/example_dags/example_external_task_marker_dag.py
[2023-01-15T13:49:05.522+0000] {processor.py:743} INFO - Processing file /home/airflow/.local/lib/python3.7/site-packages/airflow/example_dags/example_external_task_marker_dag.py for tasks to queue
[2023-01-15T13:49:05.524+0000] {logging_mixin.py:137} INFO - [2023-01-15T13:49:05.524+0000] {dagbag.py:538} INFO - Filling up the DagBag from /home/airflow/.local/lib/python3.7/site-packages/airflow/example_dags/example_external_task_marker_dag.py
[2023-01-15T13:49:05.661+0000] {processor.py:753} INFO - DAG(s) dict_keys(['example_external_task_marker_parent', 'example_external_task_marker_child']) retrieved from /home/airflow/.local/lib/python3.7/site-packages/airflow/example_dags/example_external_task_marker_dag.py
[2023-01-15T13:49:05.995+0000] {logging_mixin.py:137} INFO - [2023-01-15T13:49:05.994+0000] {dag.py:2676} INFO - Sync 2 DAGs
[2023-01-15T13:49:06.227+0000] {logging_mixin.py:137} INFO - [2023-01-15T13:49:06.224+0000] {dag.py:3427} INFO - Setting next_dagrun for example_external_task_marker_child to None, run_after=None
[2023-01-15T13:49:06.253+0000] {logging_mixin.py:137} INFO - [2023-01-15T13:49:06.253+0000] {dag.py:3427} INFO - Setting next_dagrun for example_external_task_marker_parent to None, run_after=None
[2023-01-15T13:49:06.368+0000] {processor.py:175} INFO - Processing /home/airflow/.local/lib/python3.7/site-packages/airflow/example_dags/example_external_task_marker_dag.py took 0.882 seconds
[2023-01-15T13:49:37.942+0000] {processor.py:153} INFO - Started process (PID=592) to work on /home/airflow/.local/lib/python3.7/site-packages/airflow/example_dags/example_external_task_marker_dag.py
[2023-01-15T13:49:37.948+0000] {processor.py:743} INFO - Processing file /home/airflow/.local/lib/python3.7/site-packages/airflow/example_dags/example_external_task_marker_dag.py for tasks to queue
[2023-01-15T13:49:37.953+0000] {logging_mixin.py:137} INFO - [2023-01-15T13:49:37.953+0000] {dagbag.py:538} INFO - Filling up the DagBag from /home/airflow/.local/lib/python3.7/site-packages/airflow/example_dags/example_external_task_marker_dag.py
[2023-01-15T13:49:38.077+0000] {processor.py:753} INFO - DAG(s) dict_keys(['example_external_task_marker_child', 'example_external_task_marker_parent']) retrieved from /home/airflow/.local/lib/python3.7/site-packages/airflow/example_dags/example_external_task_marker_dag.py
[2023-01-15T13:49:38.457+0000] {logging_mixin.py:137} INFO - [2023-01-15T13:49:38.457+0000] {dag.py:2676} INFO - Sync 2 DAGs
[2023-01-15T13:49:38.659+0000] {logging_mixin.py:137} INFO - [2023-01-15T13:49:38.659+0000] {dag.py:3427} INFO - Setting next_dagrun for example_external_task_marker_child to None, run_after=None
[2023-01-15T13:49:38.714+0000] {logging_mixin.py:137} INFO - [2023-01-15T13:49:38.714+0000] {dag.py:3427} INFO - Setting next_dagrun for example_external_task_marker_parent to None, run_after=None
[2023-01-15T13:49:38.882+0000] {processor.py:175} INFO - Processing /home/airflow/.local/lib/python3.7/site-packages/airflow/example_dags/example_external_task_marker_dag.py took 0.956 seconds
[2023-01-15T13:50:09.918+0000] {processor.py:153} INFO - Started process (PID=641) to work on /home/airflow/.local/lib/python3.7/site-packages/airflow/example_dags/example_external_task_marker_dag.py
[2023-01-15T13:50:09.921+0000] {processor.py:743} INFO - Processing file /home/airflow/.local/lib/python3.7/site-packages/airflow/example_dags/example_external_task_marker_dag.py for tasks to queue
[2023-01-15T13:50:09.930+0000] {logging_mixin.py:137} INFO - [2023-01-15T13:50:09.930+0000] {dagbag.py:538} INFO - Filling up the DagBag from /home/airflow/.local/lib/python3.7/site-packages/airflow/example_dags/example_external_task_marker_dag.py
[2023-01-15T13:50:10.029+0000] {processor.py:753} INFO - DAG(s) dict_keys(['example_external_task_marker_child', 'example_external_task_marker_parent']) retrieved from /home/airflow/.local/lib/python3.7/site-packages/airflow/example_dags/example_external_task_marker_dag.py
[2023-01-15T13:50:10.385+0000] {logging_mixin.py:137} INFO - [2023-01-15T13:50:10.384+0000] {dag.py:2676} INFO - Sync 2 DAGs
[2023-01-15T13:50:10.532+0000] {logging_mixin.py:137} INFO - [2023-01-15T13:50:10.531+0000] {dag.py:3427} INFO - Setting next_dagrun for example_external_task_marker_child to None, run_after=None
[2023-01-15T13:50:10.551+0000] {logging_mixin.py:137} INFO - [2023-01-15T13:50:10.550+0000] {dag.py:3427} INFO - Setting next_dagrun for example_external_task_marker_parent to None, run_after=None
[2023-01-15T13:50:10.619+0000] {processor.py:175} INFO - Processing /home/airflow/.local/lib/python3.7/site-packages/airflow/example_dags/example_external_task_marker_dag.py took 0.740 seconds
[2023-01-15T13:50:41.180+0000] {processor.py:153} INFO - Started process (PID=697) to work on /home/airflow/.local/lib/python3.7/site-packages/airflow/example_dags/example_external_task_marker_dag.py
[2023-01-15T13:50:41.188+0000] {processor.py:743} INFO - Processing file /home/airflow/.local/lib/python3.7/site-packages/airflow/example_dags/example_external_task_marker_dag.py for tasks to queue
[2023-01-15T13:50:41.190+0000] {logging_mixin.py:137} INFO - [2023-01-15T13:50:41.190+0000] {dagbag.py:538} INFO - Filling up the DagBag from /home/airflow/.local/lib/python3.7/site-packages/airflow/example_dags/example_external_task_marker_dag.py
[2023-01-15T13:50:41.287+0000] {processor.py:753} INFO - DAG(s) dict_keys(['example_external_task_marker_child', 'example_external_task_marker_parent']) retrieved from /home/airflow/.local/lib/python3.7/site-packages/airflow/example_dags/example_external_task_marker_dag.py
[2023-01-15T13:50:41.423+0000] {logging_mixin.py:137} INFO - [2023-01-15T13:50:41.423+0000] {dag.py:2676} INFO - Sync 2 DAGs
[2023-01-15T13:50:41.515+0000] {logging_mixin.py:137} INFO - [2023-01-15T13:50:41.514+0000] {dag.py:3427} INFO - Setting next_dagrun for example_external_task_marker_child to None, run_after=None
[2023-01-15T13:50:41.526+0000] {logging_mixin.py:137} INFO - [2023-01-15T13:50:41.525+0000] {dag.py:3427} INFO - Setting next_dagrun for example_external_task_marker_parent to None, run_after=None
[2023-01-15T13:50:41.562+0000] {processor.py:175} INFO - Processing /home/airflow/.local/lib/python3.7/site-packages/airflow/example_dags/example_external_task_marker_dag.py took 0.406 seconds
[2023-01-15T13:51:11.808+0000] {processor.py:153} INFO - Started process (PID=753) to work on /home/airflow/.local/lib/python3.7/site-packages/airflow/example_dags/example_external_task_marker_dag.py
[2023-01-15T13:51:11.818+0000] {processor.py:743} INFO - Processing file /home/airflow/.local/lib/python3.7/site-packages/airflow/example_dags/example_external_task_marker_dag.py for tasks to queue
[2023-01-15T13:51:11.835+0000] {logging_mixin.py:137} INFO - [2023-01-15T13:51:11.835+0000] {dagbag.py:538} INFO - Filling up the DagBag from /home/airflow/.local/lib/python3.7/site-packages/airflow/example_dags/example_external_task_marker_dag.py
[2023-01-15T13:51:11.952+0000] {processor.py:753} INFO - DAG(s) dict_keys(['example_external_task_marker_child', 'example_external_task_marker_parent']) retrieved from /home/airflow/.local/lib/python3.7/site-packages/airflow/example_dags/example_external_task_marker_dag.py
[2023-01-15T13:51:12.272+0000] {logging_mixin.py:137} INFO - [2023-01-15T13:51:12.272+0000] {dag.py:2676} INFO - Sync 2 DAGs
[2023-01-15T13:51:12.458+0000] {logging_mixin.py:137} INFO - [2023-01-15T13:51:12.458+0000] {dag.py:3427} INFO - Setting next_dagrun for example_external_task_marker_child to None, run_after=None
[2023-01-15T13:51:12.484+0000] {logging_mixin.py:137} INFO - [2023-01-15T13:51:12.483+0000] {dag.py:3427} INFO - Setting next_dagrun for example_external_task_marker_parent to None, run_after=None
[2023-01-15T13:51:12.598+0000] {processor.py:175} INFO - Processing /home/airflow/.local/lib/python3.7/site-packages/airflow/example_dags/example_external_task_marker_dag.py took 0.843 seconds
[2023-01-15T13:51:43.443+0000] {processor.py:153} INFO - Started process (PID=809) to work on /home/airflow/.local/lib/python3.7/site-packages/airflow/example_dags/example_external_task_marker_dag.py
[2023-01-15T13:51:43.447+0000] {processor.py:743} INFO - Processing file /home/airflow/.local/lib/python3.7/site-packages/airflow/example_dags/example_external_task_marker_dag.py for tasks to queue
[2023-01-15T13:51:43.451+0000] {logging_mixin.py:137} INFO - [2023-01-15T13:51:43.451+0000] {dagbag.py:538} INFO - Filling up the DagBag from /home/airflow/.local/lib/python3.7/site-packages/airflow/example_dags/example_external_task_marker_dag.py
[2023-01-15T13:51:43.492+0000] {processor.py:753} INFO - DAG(s) dict_keys(['example_external_task_marker_parent', 'example_external_task_marker_child']) retrieved from /home/airflow/.local/lib/python3.7/site-packages/airflow/example_dags/example_external_task_marker_dag.py
[2023-01-15T13:51:43.630+0000] {logging_mixin.py:137} INFO - [2023-01-15T13:51:43.630+0000] {dag.py:2676} INFO - Sync 2 DAGs
[2023-01-15T13:51:43.693+0000] {logging_mixin.py:137} INFO - [2023-01-15T13:51:43.692+0000] {dag.py:3427} INFO - Setting next_dagrun for example_external_task_marker_child to None, run_after=None
[2023-01-15T13:51:43.700+0000] {logging_mixin.py:137} INFO - [2023-01-15T13:51:43.700+0000] {dag.py:3427} INFO - Setting next_dagrun for example_external_task_marker_parent to None, run_after=None
[2023-01-15T13:51:43.740+0000] {processor.py:175} INFO - Processing /home/airflow/.local/lib/python3.7/site-packages/airflow/example_dags/example_external_task_marker_dag.py took 0.306 seconds
[2023-01-15T13:52:16.391+0000] {processor.py:153} INFO - Started process (PID=863) to work on /home/airflow/.local/lib/python3.7/site-packages/airflow/example_dags/example_external_task_marker_dag.py
[2023-01-15T13:52:16.396+0000] {processor.py:743} INFO - Processing file /home/airflow/.local/lib/python3.7/site-packages/airflow/example_dags/example_external_task_marker_dag.py for tasks to queue
[2023-01-15T13:52:16.400+0000] {logging_mixin.py:137} INFO - [2023-01-15T13:52:16.400+0000] {dagbag.py:538} INFO - Filling up the DagBag from /home/airflow/.local/lib/python3.7/site-packages/airflow/example_dags/example_external_task_marker_dag.py
[2023-01-15T13:52:16.486+0000] {processor.py:753} INFO - DAG(s) dict_keys(['example_external_task_marker_parent', 'example_external_task_marker_child']) retrieved from /home/airflow/.local/lib/python3.7/site-packages/airflow/example_dags/example_external_task_marker_dag.py
[2023-01-15T13:52:16.693+0000] {logging_mixin.py:137} INFO - [2023-01-15T13:52:16.693+0000] {dag.py:2676} INFO - Sync 2 DAGs
[2023-01-15T13:52:16.789+0000] {logging_mixin.py:137} INFO - [2023-01-15T13:52:16.788+0000] {dag.py:3427} INFO - Setting next_dagrun for example_external_task_marker_child to None, run_after=None
[2023-01-15T13:52:16.799+0000] {logging_mixin.py:137} INFO - [2023-01-15T13:52:16.799+0000] {dag.py:3427} INFO - Setting next_dagrun for example_external_task_marker_parent to None, run_after=None
[2023-01-15T13:52:16.863+0000] {processor.py:175} INFO - Processing /home/airflow/.local/lib/python3.7/site-packages/airflow/example_dags/example_external_task_marker_dag.py took 0.481 seconds
[2023-01-15T13:52:48.084+0000] {processor.py:153} INFO - Started process (PID=910) to work on /home/airflow/.local/lib/python3.7/site-packages/airflow/example_dags/example_external_task_marker_dag.py
[2023-01-15T13:52:48.088+0000] {processor.py:743} INFO - Processing file /home/airflow/.local/lib/python3.7/site-packages/airflow/example_dags/example_external_task_marker_dag.py for tasks to queue
[2023-01-15T13:52:48.098+0000] {logging_mixin.py:137} INFO - [2023-01-15T13:52:48.098+0000] {dagbag.py:538} INFO - Filling up the DagBag from /home/airflow/.local/lib/python3.7/site-packages/airflow/example_dags/example_external_task_marker_dag.py
[2023-01-15T13:52:48.254+0000] {processor.py:753} INFO - DAG(s) dict_keys(['example_external_task_marker_child', 'example_external_task_marker_parent']) retrieved from /home/airflow/.local/lib/python3.7/site-packages/airflow/example_dags/example_external_task_marker_dag.py
[2023-01-15T13:52:48.547+0000] {logging_mixin.py:137} INFO - [2023-01-15T13:52:48.547+0000] {dag.py:2676} INFO - Sync 2 DAGs
[2023-01-15T13:52:48.822+0000] {logging_mixin.py:137} INFO - [2023-01-15T13:52:48.821+0000] {dag.py:3427} INFO - Setting next_dagrun for example_external_task_marker_child to None, run_after=None
[2023-01-15T13:52:48.877+0000] {logging_mixin.py:137} INFO - [2023-01-15T13:52:48.867+0000] {dag.py:3427} INFO - Setting next_dagrun for example_external_task_marker_parent to None, run_after=None
[2023-01-15T13:52:49.119+0000] {processor.py:175} INFO - Processing /home/airflow/.local/lib/python3.7/site-packages/airflow/example_dags/example_external_task_marker_dag.py took 1.095 seconds
