[2023-01-15T12:59:53.441+0000] {processor.py:153} INFO - Started process (PID=110) to work on /home/airflow/.local/lib/python3.7/site-packages/airflow/example_dags/example_branch_operator.py
[2023-01-15T12:59:53.449+0000] {processor.py:743} INFO - Processing file /home/airflow/.local/lib/python3.7/site-packages/airflow/example_dags/example_branch_operator.py for tasks to queue
[2023-01-15T12:59:53.455+0000] {logging_mixin.py:137} INFO - [2023-01-15T12:59:53.455+0000] {dagbag.py:538} INFO - Filling up the DagBag from /home/airflow/.local/lib/python3.7/site-packages/airflow/example_dags/example_branch_operator.py
[2023-01-15T12:59:53.522+0000] {processor.py:753} INFO - DAG(s) dict_keys(['example_branch_operator']) retrieved from /home/airflow/.local/lib/python3.7/site-packages/airflow/example_dags/example_branch_operator.py
[2023-01-15T12:59:54.058+0000] {logging_mixin.py:137} INFO - [2023-01-15T12:59:54.057+0000] {manager.py:504} INFO - Created Permission View: can read on DAG:example_branch_operator
[2023-01-15T12:59:54.105+0000] {logging_mixin.py:137} INFO - [2023-01-15T12:59:54.104+0000] {manager.py:504} INFO - Created Permission View: can edit on DAG:example_branch_operator
[2023-01-15T12:59:54.133+0000] {logging_mixin.py:137} INFO - [2023-01-15T12:59:54.133+0000] {manager.py:504} INFO - Created Permission View: can delete on DAG:example_branch_operator
[2023-01-15T12:59:54.135+0000] {logging_mixin.py:137} INFO - [2023-01-15T12:59:54.134+0000] {dag.py:2676} INFO - Sync 1 DAGs
[2023-01-15T12:59:54.182+0000] {logging_mixin.py:137} INFO - [2023-01-15T12:59:54.182+0000] {dag.py:2697} INFO - Creating ORM DAG for example_branch_operator
[2023-01-15T12:59:54.232+0000] {logging_mixin.py:137} INFO - [2023-01-15T12:59:54.232+0000] {dag.py:3427} INFO - Setting next_dagrun for example_branch_operator to 2023-01-14T00:00:00+00:00, run_after=2023-01-15T00:00:00+00:00
[2023-01-15T12:59:54.313+0000] {processor.py:175} INFO - Processing /home/airflow/.local/lib/python3.7/site-packages/airflow/example_dags/example_branch_operator.py took 0.882 seconds
[2023-01-15T13:00:25.168+0000] {processor.py:153} INFO - Started process (PID=168) to work on /home/airflow/.local/lib/python3.7/site-packages/airflow/example_dags/example_branch_operator.py
[2023-01-15T13:00:25.177+0000] {processor.py:743} INFO - Processing file /home/airflow/.local/lib/python3.7/site-packages/airflow/example_dags/example_branch_operator.py for tasks to queue
[2023-01-15T13:00:25.179+0000] {logging_mixin.py:137} INFO - [2023-01-15T13:00:25.178+0000] {dagbag.py:538} INFO - Filling up the DagBag from /home/airflow/.local/lib/python3.7/site-packages/airflow/example_dags/example_branch_operator.py
[2023-01-15T13:00:25.273+0000] {processor.py:753} INFO - DAG(s) dict_keys(['example_branch_operator']) retrieved from /home/airflow/.local/lib/python3.7/site-packages/airflow/example_dags/example_branch_operator.py
[2023-01-15T13:00:25.446+0000] {logging_mixin.py:137} INFO - [2023-01-15T13:00:25.446+0000] {dag.py:2676} INFO - Sync 1 DAGs
[2023-01-15T13:00:25.598+0000] {logging_mixin.py:137} INFO - [2023-01-15T13:00:25.598+0000] {dag.py:3427} INFO - Setting next_dagrun for example_branch_operator to 2023-01-14T00:00:00+00:00, run_after=2023-01-15T00:00:00+00:00
[2023-01-15T13:00:25.700+0000] {processor.py:175} INFO - Processing /home/airflow/.local/lib/python3.7/site-packages/airflow/example_dags/example_branch_operator.py took 0.550 seconds
[2023-01-15T13:00:56.246+0000] {processor.py:153} INFO - Started process (PID=224) to work on /home/airflow/.local/lib/python3.7/site-packages/airflow/example_dags/example_branch_operator.py
[2023-01-15T13:00:56.249+0000] {processor.py:743} INFO - Processing file /home/airflow/.local/lib/python3.7/site-packages/airflow/example_dags/example_branch_operator.py for tasks to queue
[2023-01-15T13:00:56.256+0000] {logging_mixin.py:137} INFO - [2023-01-15T13:00:56.256+0000] {dagbag.py:538} INFO - Filling up the DagBag from /home/airflow/.local/lib/python3.7/site-packages/airflow/example_dags/example_branch_operator.py
[2023-01-15T13:00:56.360+0000] {processor.py:753} INFO - DAG(s) dict_keys(['example_branch_operator']) retrieved from /home/airflow/.local/lib/python3.7/site-packages/airflow/example_dags/example_branch_operator.py
[2023-01-15T13:00:56.544+0000] {logging_mixin.py:137} INFO - [2023-01-15T13:00:56.544+0000] {dag.py:2676} INFO - Sync 1 DAGs
[2023-01-15T13:00:56.636+0000] {logging_mixin.py:137} INFO - [2023-01-15T13:00:56.636+0000] {dag.py:3427} INFO - Setting next_dagrun for example_branch_operator to 2023-01-14T00:00:00+00:00, run_after=2023-01-15T00:00:00+00:00
[2023-01-15T13:00:56.742+0000] {processor.py:175} INFO - Processing /home/airflow/.local/lib/python3.7/site-packages/airflow/example_dags/example_branch_operator.py took 0.510 seconds
[2023-01-15T13:01:27.289+0000] {processor.py:153} INFO - Started process (PID=285) to work on /home/airflow/.local/lib/python3.7/site-packages/airflow/example_dags/example_branch_operator.py
[2023-01-15T13:01:27.293+0000] {processor.py:743} INFO - Processing file /home/airflow/.local/lib/python3.7/site-packages/airflow/example_dags/example_branch_operator.py for tasks to queue
[2023-01-15T13:01:27.296+0000] {logging_mixin.py:137} INFO - [2023-01-15T13:01:27.296+0000] {dagbag.py:538} INFO - Filling up the DagBag from /home/airflow/.local/lib/python3.7/site-packages/airflow/example_dags/example_branch_operator.py
[2023-01-15T13:01:27.380+0000] {processor.py:753} INFO - DAG(s) dict_keys(['example_branch_operator']) retrieved from /home/airflow/.local/lib/python3.7/site-packages/airflow/example_dags/example_branch_operator.py
[2023-01-15T13:01:27.483+0000] {logging_mixin.py:137} INFO - [2023-01-15T13:01:27.483+0000] {dag.py:2676} INFO - Sync 1 DAGs
[2023-01-15T13:01:27.562+0000] {logging_mixin.py:137} INFO - [2023-01-15T13:01:27.562+0000] {dag.py:3427} INFO - Setting next_dagrun for example_branch_operator to 2023-01-14T00:00:00+00:00, run_after=2023-01-15T00:00:00+00:00
[2023-01-15T13:01:27.644+0000] {processor.py:175} INFO - Processing /home/airflow/.local/lib/python3.7/site-packages/airflow/example_dags/example_branch_operator.py took 0.389 seconds
[2023-01-15T13:01:57.960+0000] {processor.py:153} INFO - Started process (PID=343) to work on /home/airflow/.local/lib/python3.7/site-packages/airflow/example_dags/example_branch_operator.py
[2023-01-15T13:01:57.970+0000] {processor.py:743} INFO - Processing file /home/airflow/.local/lib/python3.7/site-packages/airflow/example_dags/example_branch_operator.py for tasks to queue
[2023-01-15T13:01:57.974+0000] {logging_mixin.py:137} INFO - [2023-01-15T13:01:57.974+0000] {dagbag.py:538} INFO - Filling up the DagBag from /home/airflow/.local/lib/python3.7/site-packages/airflow/example_dags/example_branch_operator.py
[2023-01-15T13:01:58.150+0000] {processor.py:753} INFO - DAG(s) dict_keys(['example_branch_operator']) retrieved from /home/airflow/.local/lib/python3.7/site-packages/airflow/example_dags/example_branch_operator.py
[2023-01-15T13:01:58.774+0000] {logging_mixin.py:137} INFO - [2023-01-15T13:01:58.774+0000] {dag.py:2676} INFO - Sync 1 DAGs
[2023-01-15T13:01:59.005+0000] {logging_mixin.py:137} INFO - [2023-01-15T13:01:59.005+0000] {dag.py:3427} INFO - Setting next_dagrun for example_branch_operator to 2023-01-14T00:00:00+00:00, run_after=2023-01-15T00:00:00+00:00
[2023-01-15T13:01:59.128+0000] {processor.py:175} INFO - Processing /home/airflow/.local/lib/python3.7/site-packages/airflow/example_dags/example_branch_operator.py took 1.203 seconds
[2023-01-15T13:02:29.904+0000] {processor.py:153} INFO - Started process (PID=390) to work on /home/airflow/.local/lib/python3.7/site-packages/airflow/example_dags/example_branch_operator.py
[2023-01-15T13:02:29.906+0000] {processor.py:743} INFO - Processing file /home/airflow/.local/lib/python3.7/site-packages/airflow/example_dags/example_branch_operator.py for tasks to queue
[2023-01-15T13:02:29.908+0000] {logging_mixin.py:137} INFO - [2023-01-15T13:02:29.907+0000] {dagbag.py:538} INFO - Filling up the DagBag from /home/airflow/.local/lib/python3.7/site-packages/airflow/example_dags/example_branch_operator.py
[2023-01-15T13:02:29.940+0000] {processor.py:753} INFO - DAG(s) dict_keys(['example_branch_operator']) retrieved from /home/airflow/.local/lib/python3.7/site-packages/airflow/example_dags/example_branch_operator.py
[2023-01-15T13:02:30.176+0000] {logging_mixin.py:137} INFO - [2023-01-15T13:02:30.175+0000] {dag.py:2676} INFO - Sync 1 DAGs
[2023-01-15T13:02:30.307+0000] {logging_mixin.py:137} INFO - [2023-01-15T13:02:30.307+0000] {dag.py:3427} INFO - Setting next_dagrun for example_branch_operator to 2023-01-14T00:00:00+00:00, run_after=2023-01-15T00:00:00+00:00
[2023-01-15T13:02:30.380+0000] {processor.py:175} INFO - Processing /home/airflow/.local/lib/python3.7/site-packages/airflow/example_dags/example_branch_operator.py took 0.480 seconds
[2023-01-15T13:03:01.206+0000] {processor.py:153} INFO - Started process (PID=447) to work on /home/airflow/.local/lib/python3.7/site-packages/airflow/example_dags/example_branch_operator.py
[2023-01-15T13:03:01.216+0000] {processor.py:743} INFO - Processing file /home/airflow/.local/lib/python3.7/site-packages/airflow/example_dags/example_branch_operator.py for tasks to queue
[2023-01-15T13:03:01.218+0000] {logging_mixin.py:137} INFO - [2023-01-15T13:03:01.218+0000] {dagbag.py:538} INFO - Filling up the DagBag from /home/airflow/.local/lib/python3.7/site-packages/airflow/example_dags/example_branch_operator.py
[2023-01-15T13:03:01.257+0000] {processor.py:753} INFO - DAG(s) dict_keys(['example_branch_operator']) retrieved from /home/airflow/.local/lib/python3.7/site-packages/airflow/example_dags/example_branch_operator.py
[2023-01-15T13:03:01.302+0000] {logging_mixin.py:137} INFO - [2023-01-15T13:03:01.302+0000] {dag.py:2676} INFO - Sync 1 DAGs
[2023-01-15T13:03:01.340+0000] {logging_mixin.py:137} INFO - [2023-01-15T13:03:01.339+0000] {dag.py:3427} INFO - Setting next_dagrun for example_branch_operator to 2023-01-14T00:00:00+00:00, run_after=2023-01-15T00:00:00+00:00
[2023-01-15T13:03:01.417+0000] {processor.py:175} INFO - Processing /home/airflow/.local/lib/python3.7/site-packages/airflow/example_dags/example_branch_operator.py took 0.222 seconds
[2023-01-15T13:03:32.109+0000] {processor.py:153} INFO - Started process (PID=503) to work on /home/airflow/.local/lib/python3.7/site-packages/airflow/example_dags/example_branch_operator.py
[2023-01-15T13:03:32.118+0000] {processor.py:743} INFO - Processing file /home/airflow/.local/lib/python3.7/site-packages/airflow/example_dags/example_branch_operator.py for tasks to queue
[2023-01-15T13:03:32.121+0000] {logging_mixin.py:137} INFO - [2023-01-15T13:03:32.121+0000] {dagbag.py:538} INFO - Filling up the DagBag from /home/airflow/.local/lib/python3.7/site-packages/airflow/example_dags/example_branch_operator.py
[2023-01-15T13:03:32.177+0000] {processor.py:753} INFO - DAG(s) dict_keys(['example_branch_operator']) retrieved from /home/airflow/.local/lib/python3.7/site-packages/airflow/example_dags/example_branch_operator.py
[2023-01-15T13:03:32.266+0000] {logging_mixin.py:137} INFO - [2023-01-15T13:03:32.266+0000] {dag.py:2676} INFO - Sync 1 DAGs
[2023-01-15T13:03:32.387+0000] {logging_mixin.py:137} INFO - [2023-01-15T13:03:32.387+0000] {dag.py:3427} INFO - Setting next_dagrun for example_branch_operator to 2023-01-14T00:00:00+00:00, run_after=2023-01-15T00:00:00+00:00
[2023-01-15T13:03:32.473+0000] {processor.py:175} INFO - Processing /home/airflow/.local/lib/python3.7/site-packages/airflow/example_dags/example_branch_operator.py took 0.379 seconds
[2023-01-15T13:04:03.103+0000] {processor.py:153} INFO - Started process (PID=560) to work on /home/airflow/.local/lib/python3.7/site-packages/airflow/example_dags/example_branch_operator.py
[2023-01-15T13:04:03.107+0000] {processor.py:743} INFO - Processing file /home/airflow/.local/lib/python3.7/site-packages/airflow/example_dags/example_branch_operator.py for tasks to queue
[2023-01-15T13:04:03.109+0000] {logging_mixin.py:137} INFO - [2023-01-15T13:04:03.109+0000] {dagbag.py:538} INFO - Filling up the DagBag from /home/airflow/.local/lib/python3.7/site-packages/airflow/example_dags/example_branch_operator.py
[2023-01-15T13:04:03.199+0000] {processor.py:753} INFO - DAG(s) dict_keys(['example_branch_operator']) retrieved from /home/airflow/.local/lib/python3.7/site-packages/airflow/example_dags/example_branch_operator.py
[2023-01-15T13:04:03.396+0000] {logging_mixin.py:137} INFO - [2023-01-15T13:04:03.396+0000] {dag.py:2676} INFO - Sync 1 DAGs
[2023-01-15T13:04:03.620+0000] {logging_mixin.py:137} INFO - [2023-01-15T13:04:03.620+0000] {dag.py:3427} INFO - Setting next_dagrun for example_branch_operator to 2023-01-14T00:00:00+00:00, run_after=2023-01-15T00:00:00+00:00
[2023-01-15T13:04:03.728+0000] {processor.py:175} INFO - Processing /home/airflow/.local/lib/python3.7/site-packages/airflow/example_dags/example_branch_operator.py took 0.648 seconds
[2023-01-15T13:04:33.905+0000] {processor.py:153} INFO - Started process (PID=624) to work on /home/airflow/.local/lib/python3.7/site-packages/airflow/example_dags/example_branch_operator.py
[2023-01-15T13:04:33.912+0000] {processor.py:743} INFO - Processing file /home/airflow/.local/lib/python3.7/site-packages/airflow/example_dags/example_branch_operator.py for tasks to queue
[2023-01-15T13:04:33.915+0000] {logging_mixin.py:137} INFO - [2023-01-15T13:04:33.914+0000] {dagbag.py:538} INFO - Filling up the DagBag from /home/airflow/.local/lib/python3.7/site-packages/airflow/example_dags/example_branch_operator.py
[2023-01-15T13:04:33.988+0000] {processor.py:753} INFO - DAG(s) dict_keys(['example_branch_operator']) retrieved from /home/airflow/.local/lib/python3.7/site-packages/airflow/example_dags/example_branch_operator.py
[2023-01-15T13:04:34.164+0000] {logging_mixin.py:137} INFO - [2023-01-15T13:04:34.164+0000] {dag.py:2676} INFO - Sync 1 DAGs
[2023-01-15T13:04:34.269+0000] {logging_mixin.py:137} INFO - [2023-01-15T13:04:34.269+0000] {dag.py:3427} INFO - Setting next_dagrun for example_branch_operator to 2023-01-14T00:00:00+00:00, run_after=2023-01-15T00:00:00+00:00
[2023-01-15T13:04:34.316+0000] {processor.py:175} INFO - Processing /home/airflow/.local/lib/python3.7/site-packages/airflow/example_dags/example_branch_operator.py took 0.422 seconds
[2023-01-15T13:05:05.018+0000] {processor.py:153} INFO - Started process (PID=679) to work on /home/airflow/.local/lib/python3.7/site-packages/airflow/example_dags/example_branch_operator.py
[2023-01-15T13:05:05.021+0000] {processor.py:743} INFO - Processing file /home/airflow/.local/lib/python3.7/site-packages/airflow/example_dags/example_branch_operator.py for tasks to queue
[2023-01-15T13:05:05.026+0000] {logging_mixin.py:137} INFO - [2023-01-15T13:05:05.026+0000] {dagbag.py:538} INFO - Filling up the DagBag from /home/airflow/.local/lib/python3.7/site-packages/airflow/example_dags/example_branch_operator.py
[2023-01-15T13:05:05.123+0000] {processor.py:753} INFO - DAG(s) dict_keys(['example_branch_operator']) retrieved from /home/airflow/.local/lib/python3.7/site-packages/airflow/example_dags/example_branch_operator.py
[2023-01-15T13:05:05.309+0000] {logging_mixin.py:137} INFO - [2023-01-15T13:05:05.309+0000] {dag.py:2676} INFO - Sync 1 DAGs
[2023-01-15T13:05:05.490+0000] {logging_mixin.py:137} INFO - [2023-01-15T13:05:05.490+0000] {dag.py:3427} INFO - Setting next_dagrun for example_branch_operator to 2023-01-14T00:00:00+00:00, run_after=2023-01-15T00:00:00+00:00
[2023-01-15T13:05:05.593+0000] {processor.py:175} INFO - Processing /home/airflow/.local/lib/python3.7/site-packages/airflow/example_dags/example_branch_operator.py took 0.592 seconds
[2023-01-15T13:05:36.273+0000] {processor.py:153} INFO - Started process (PID=734) to work on /home/airflow/.local/lib/python3.7/site-packages/airflow/example_dags/example_branch_operator.py
[2023-01-15T13:05:36.281+0000] {processor.py:743} INFO - Processing file /home/airflow/.local/lib/python3.7/site-packages/airflow/example_dags/example_branch_operator.py for tasks to queue
[2023-01-15T13:05:36.287+0000] {logging_mixin.py:137} INFO - [2023-01-15T13:05:36.287+0000] {dagbag.py:538} INFO - Filling up the DagBag from /home/airflow/.local/lib/python3.7/site-packages/airflow/example_dags/example_branch_operator.py
[2023-01-15T13:05:36.422+0000] {processor.py:753} INFO - DAG(s) dict_keys(['example_branch_operator']) retrieved from /home/airflow/.local/lib/python3.7/site-packages/airflow/example_dags/example_branch_operator.py
[2023-01-15T13:05:36.627+0000] {logging_mixin.py:137} INFO - [2023-01-15T13:05:36.627+0000] {dag.py:2676} INFO - Sync 1 DAGs
[2023-01-15T13:05:36.745+0000] {logging_mixin.py:137} INFO - [2023-01-15T13:05:36.745+0000] {dag.py:3427} INFO - Setting next_dagrun for example_branch_operator to 2023-01-14T00:00:00+00:00, run_after=2023-01-15T00:00:00+00:00
[2023-01-15T13:05:36.845+0000] {processor.py:175} INFO - Processing /home/airflow/.local/lib/python3.7/site-packages/airflow/example_dags/example_branch_operator.py took 0.628 seconds
[2023-01-15T13:06:07.094+0000] {processor.py:153} INFO - Started process (PID=796) to work on /home/airflow/.local/lib/python3.7/site-packages/airflow/example_dags/example_branch_operator.py
[2023-01-15T13:06:07.104+0000] {processor.py:743} INFO - Processing file /home/airflow/.local/lib/python3.7/site-packages/airflow/example_dags/example_branch_operator.py for tasks to queue
[2023-01-15T13:06:07.111+0000] {logging_mixin.py:137} INFO - [2023-01-15T13:06:07.110+0000] {dagbag.py:538} INFO - Filling up the DagBag from /home/airflow/.local/lib/python3.7/site-packages/airflow/example_dags/example_branch_operator.py
[2023-01-15T13:06:07.226+0000] {processor.py:753} INFO - DAG(s) dict_keys(['example_branch_operator']) retrieved from /home/airflow/.local/lib/python3.7/site-packages/airflow/example_dags/example_branch_operator.py
[2023-01-15T13:06:07.371+0000] {logging_mixin.py:137} INFO - [2023-01-15T13:06:07.371+0000] {dag.py:2676} INFO - Sync 1 DAGs
[2023-01-15T13:06:07.471+0000] {logging_mixin.py:137} INFO - [2023-01-15T13:06:07.470+0000] {dag.py:3427} INFO - Setting next_dagrun for example_branch_operator to 2023-01-14T00:00:00+00:00, run_after=2023-01-15T00:00:00+00:00
[2023-01-15T13:06:07.542+0000] {processor.py:175} INFO - Processing /home/airflow/.local/lib/python3.7/site-packages/airflow/example_dags/example_branch_operator.py took 0.462 seconds
[2023-01-15T13:06:37.865+0000] {processor.py:153} INFO - Started process (PID=851) to work on /home/airflow/.local/lib/python3.7/site-packages/airflow/example_dags/example_branch_operator.py
[2023-01-15T13:06:37.867+0000] {processor.py:743} INFO - Processing file /home/airflow/.local/lib/python3.7/site-packages/airflow/example_dags/example_branch_operator.py for tasks to queue
[2023-01-15T13:06:37.870+0000] {logging_mixin.py:137} INFO - [2023-01-15T13:06:37.869+0000] {dagbag.py:538} INFO - Filling up the DagBag from /home/airflow/.local/lib/python3.7/site-packages/airflow/example_dags/example_branch_operator.py
[2023-01-15T13:06:37.936+0000] {processor.py:753} INFO - DAG(s) dict_keys(['example_branch_operator']) retrieved from /home/airflow/.local/lib/python3.7/site-packages/airflow/example_dags/example_branch_operator.py
[2023-01-15T13:06:38.185+0000] {logging_mixin.py:137} INFO - [2023-01-15T13:06:38.185+0000] {dag.py:2676} INFO - Sync 1 DAGs
[2023-01-15T13:06:38.304+0000] {logging_mixin.py:137} INFO - [2023-01-15T13:06:38.304+0000] {dag.py:3427} INFO - Setting next_dagrun for example_branch_operator to 2023-01-14T00:00:00+00:00, run_after=2023-01-15T00:00:00+00:00
[2023-01-15T13:06:38.386+0000] {processor.py:175} INFO - Processing /home/airflow/.local/lib/python3.7/site-packages/airflow/example_dags/example_branch_operator.py took 0.532 seconds
[2023-01-15T13:07:34.134+0000] {processor.py:153} INFO - Started process (PID=915) to work on /home/airflow/.local/lib/python3.7/site-packages/airflow/example_dags/example_branch_operator.py
[2023-01-15T13:07:34.205+0000] {processor.py:743} INFO - Processing file /home/airflow/.local/lib/python3.7/site-packages/airflow/example_dags/example_branch_operator.py for tasks to queue
[2023-01-15T13:07:34.239+0000] {logging_mixin.py:137} INFO - [2023-01-15T13:07:34.238+0000] {dagbag.py:538} INFO - Filling up the DagBag from /home/airflow/.local/lib/python3.7/site-packages/airflow/example_dags/example_branch_operator.py
[2023-01-15T13:07:34.749+0000] {processor.py:753} INFO - DAG(s) dict_keys(['example_branch_operator']) retrieved from /home/airflow/.local/lib/python3.7/site-packages/airflow/example_dags/example_branch_operator.py
[2023-01-15T13:07:35.541+0000] {logging_mixin.py:137} INFO - [2023-01-15T13:07:35.541+0000] {dag.py:2676} INFO - Sync 1 DAGs
[2023-01-15T13:07:35.962+0000] {logging_mixin.py:137} INFO - [2023-01-15T13:07:35.962+0000] {dag.py:3427} INFO - Setting next_dagrun for example_branch_operator to 2023-01-14T00:00:00+00:00, run_after=2023-01-15T00:00:00+00:00
[2023-01-15T13:07:36.296+0000] {processor.py:175} INFO - Processing /home/airflow/.local/lib/python3.7/site-packages/airflow/example_dags/example_branch_operator.py took 2.294 seconds
[2023-01-15T13:08:14.479+0000] {processor.py:153} INFO - Started process (PID=973) to work on /home/airflow/.local/lib/python3.7/site-packages/airflow/example_dags/example_branch_operator.py
[2023-01-15T13:08:14.493+0000] {processor.py:743} INFO - Processing file /home/airflow/.local/lib/python3.7/site-packages/airflow/example_dags/example_branch_operator.py for tasks to queue
[2023-01-15T13:08:14.498+0000] {logging_mixin.py:137} INFO - [2023-01-15T13:08:14.498+0000] {dagbag.py:538} INFO - Filling up the DagBag from /home/airflow/.local/lib/python3.7/site-packages/airflow/example_dags/example_branch_operator.py
[2023-01-15T13:08:14.825+0000] {processor.py:753} INFO - DAG(s) dict_keys(['example_branch_operator']) retrieved from /home/airflow/.local/lib/python3.7/site-packages/airflow/example_dags/example_branch_operator.py
[2023-01-15T13:08:15.444+0000] {logging_mixin.py:137} INFO - [2023-01-15T13:08:15.444+0000] {dag.py:2676} INFO - Sync 1 DAGs
[2023-01-15T13:08:15.820+0000] {logging_mixin.py:137} INFO - [2023-01-15T13:08:15.820+0000] {dag.py:3427} INFO - Setting next_dagrun for example_branch_operator to 2023-01-14T00:00:00+00:00, run_after=2023-01-15T00:00:00+00:00
[2023-01-15T13:08:16.096+0000] {processor.py:175} INFO - Processing /home/airflow/.local/lib/python3.7/site-packages/airflow/example_dags/example_branch_operator.py took 1.649 seconds
[2023-01-15T13:08:46.453+0000] {processor.py:153} INFO - Started process (PID=1030) to work on /home/airflow/.local/lib/python3.7/site-packages/airflow/example_dags/example_branch_operator.py
[2023-01-15T13:08:46.456+0000] {processor.py:743} INFO - Processing file /home/airflow/.local/lib/python3.7/site-packages/airflow/example_dags/example_branch_operator.py for tasks to queue
[2023-01-15T13:08:46.464+0000] {logging_mixin.py:137} INFO - [2023-01-15T13:08:46.464+0000] {dagbag.py:538} INFO - Filling up the DagBag from /home/airflow/.local/lib/python3.7/site-packages/airflow/example_dags/example_branch_operator.py
[2023-01-15T13:08:46.726+0000] {processor.py:753} INFO - DAG(s) dict_keys(['example_branch_operator']) retrieved from /home/airflow/.local/lib/python3.7/site-packages/airflow/example_dags/example_branch_operator.py
[2023-01-15T13:08:46.881+0000] {logging_mixin.py:137} INFO - [2023-01-15T13:08:46.881+0000] {dag.py:2676} INFO - Sync 1 DAGs
[2023-01-15T13:08:47.021+0000] {logging_mixin.py:137} INFO - [2023-01-15T13:08:47.021+0000] {dag.py:3427} INFO - Setting next_dagrun for example_branch_operator to 2023-01-14T00:00:00+00:00, run_after=2023-01-15T00:00:00+00:00
[2023-01-15T13:08:47.118+0000] {processor.py:175} INFO - Processing /home/airflow/.local/lib/python3.7/site-packages/airflow/example_dags/example_branch_operator.py took 0.692 seconds
[2023-01-15T13:09:29.441+0000] {processor.py:153} INFO - Started process (PID=1087) to work on /home/airflow/.local/lib/python3.7/site-packages/airflow/example_dags/example_branch_operator.py
[2023-01-15T13:09:29.448+0000] {processor.py:743} INFO - Processing file /home/airflow/.local/lib/python3.7/site-packages/airflow/example_dags/example_branch_operator.py for tasks to queue
[2023-01-15T13:09:29.452+0000] {logging_mixin.py:137} INFO - [2023-01-15T13:09:29.451+0000] {dagbag.py:538} INFO - Filling up the DagBag from /home/airflow/.local/lib/python3.7/site-packages/airflow/example_dags/example_branch_operator.py
[2023-01-15T13:09:29.607+0000] {processor.py:753} INFO - DAG(s) dict_keys(['example_branch_operator']) retrieved from /home/airflow/.local/lib/python3.7/site-packages/airflow/example_dags/example_branch_operator.py
[2023-01-15T13:09:29.850+0000] {logging_mixin.py:137} INFO - [2023-01-15T13:09:29.850+0000] {dag.py:2676} INFO - Sync 1 DAGs
[2023-01-15T13:09:30.053+0000] {logging_mixin.py:137} INFO - [2023-01-15T13:09:30.052+0000] {dag.py:3427} INFO - Setting next_dagrun for example_branch_operator to 2023-01-14T00:00:00+00:00, run_after=2023-01-15T00:00:00+00:00
[2023-01-15T13:09:30.184+0000] {processor.py:175} INFO - Processing /home/airflow/.local/lib/python3.7/site-packages/airflow/example_dags/example_branch_operator.py took 0.769 seconds
[2023-01-15T13:10:04.496+0000] {processor.py:153} INFO - Started process (PID=1145) to work on /home/airflow/.local/lib/python3.7/site-packages/airflow/example_dags/example_branch_operator.py
[2023-01-15T13:10:04.499+0000] {processor.py:743} INFO - Processing file /home/airflow/.local/lib/python3.7/site-packages/airflow/example_dags/example_branch_operator.py for tasks to queue
[2023-01-15T13:10:04.505+0000] {logging_mixin.py:137} INFO - [2023-01-15T13:10:04.503+0000] {dagbag.py:538} INFO - Filling up the DagBag from /home/airflow/.local/lib/python3.7/site-packages/airflow/example_dags/example_branch_operator.py
[2023-01-15T13:10:04.594+0000] {processor.py:753} INFO - DAG(s) dict_keys(['example_branch_operator']) retrieved from /home/airflow/.local/lib/python3.7/site-packages/airflow/example_dags/example_branch_operator.py
[2023-01-15T13:10:04.767+0000] {logging_mixin.py:137} INFO - [2023-01-15T13:10:04.767+0000] {dag.py:2676} INFO - Sync 1 DAGs
[2023-01-15T13:10:04.899+0000] {logging_mixin.py:137} INFO - [2023-01-15T13:10:04.893+0000] {dag.py:3427} INFO - Setting next_dagrun for example_branch_operator to 2023-01-14T00:00:00+00:00, run_after=2023-01-15T00:00:00+00:00
[2023-01-15T13:10:04.980+0000] {processor.py:175} INFO - Processing /home/airflow/.local/lib/python3.7/site-packages/airflow/example_dags/example_branch_operator.py took 0.501 seconds
[2023-01-15T13:10:44.267+0000] {processor.py:153} INFO - Started process (PID=1201) to work on /home/airflow/.local/lib/python3.7/site-packages/airflow/example_dags/example_branch_operator.py
[2023-01-15T13:10:44.277+0000] {processor.py:743} INFO - Processing file /home/airflow/.local/lib/python3.7/site-packages/airflow/example_dags/example_branch_operator.py for tasks to queue
[2023-01-15T13:10:44.289+0000] {logging_mixin.py:137} INFO - [2023-01-15T13:10:44.289+0000] {dagbag.py:538} INFO - Filling up the DagBag from /home/airflow/.local/lib/python3.7/site-packages/airflow/example_dags/example_branch_operator.py
[2023-01-15T13:10:44.568+0000] {processor.py:753} INFO - DAG(s) dict_keys(['example_branch_operator']) retrieved from /home/airflow/.local/lib/python3.7/site-packages/airflow/example_dags/example_branch_operator.py
[2023-01-15T13:10:44.923+0000] {logging_mixin.py:137} INFO - [2023-01-15T13:10:44.923+0000] {dag.py:2676} INFO - Sync 1 DAGs
[2023-01-15T13:10:45.144+0000] {logging_mixin.py:137} INFO - [2023-01-15T13:10:45.144+0000] {dag.py:3427} INFO - Setting next_dagrun for example_branch_operator to 2023-01-14T00:00:00+00:00, run_after=2023-01-15T00:00:00+00:00
[2023-01-15T13:10:45.372+0000] {processor.py:175} INFO - Processing /home/airflow/.local/lib/python3.7/site-packages/airflow/example_dags/example_branch_operator.py took 1.158 seconds
[2023-01-15T13:11:28.569+0000] {processor.py:153} INFO - Started process (PID=1262) to work on /home/airflow/.local/lib/python3.7/site-packages/airflow/example_dags/example_branch_operator.py
[2023-01-15T13:11:28.574+0000] {processor.py:743} INFO - Processing file /home/airflow/.local/lib/python3.7/site-packages/airflow/example_dags/example_branch_operator.py for tasks to queue
[2023-01-15T13:11:28.577+0000] {logging_mixin.py:137} INFO - [2023-01-15T13:11:28.577+0000] {dagbag.py:538} INFO - Filling up the DagBag from /home/airflow/.local/lib/python3.7/site-packages/airflow/example_dags/example_branch_operator.py
[2023-01-15T13:11:28.650+0000] {processor.py:753} INFO - DAG(s) dict_keys(['example_branch_operator']) retrieved from /home/airflow/.local/lib/python3.7/site-packages/airflow/example_dags/example_branch_operator.py
[2023-01-15T13:11:28.846+0000] {logging_mixin.py:137} INFO - [2023-01-15T13:11:28.845+0000] {dag.py:2676} INFO - Sync 1 DAGs
[2023-01-15T13:11:28.985+0000] {logging_mixin.py:137} INFO - [2023-01-15T13:11:28.984+0000] {dag.py:3427} INFO - Setting next_dagrun for example_branch_operator to 2023-01-14T00:00:00+00:00, run_after=2023-01-15T00:00:00+00:00
[2023-01-15T13:11:29.058+0000] {processor.py:175} INFO - Processing /home/airflow/.local/lib/python3.7/site-packages/airflow/example_dags/example_branch_operator.py took 0.502 seconds
[2023-01-15T13:12:21.916+0000] {processor.py:153} INFO - Started process (PID=1326) to work on /home/airflow/.local/lib/python3.7/site-packages/airflow/example_dags/example_branch_operator.py
[2023-01-15T13:12:21.935+0000] {processor.py:743} INFO - Processing file /home/airflow/.local/lib/python3.7/site-packages/airflow/example_dags/example_branch_operator.py for tasks to queue
[2023-01-15T13:12:21.942+0000] {logging_mixin.py:137} INFO - [2023-01-15T13:12:21.942+0000] {dagbag.py:538} INFO - Filling up the DagBag from /home/airflow/.local/lib/python3.7/site-packages/airflow/example_dags/example_branch_operator.py
[2023-01-15T13:12:22.229+0000] {processor.py:753} INFO - DAG(s) dict_keys(['example_branch_operator']) retrieved from /home/airflow/.local/lib/python3.7/site-packages/airflow/example_dags/example_branch_operator.py
[2023-01-15T13:12:23.050+0000] {logging_mixin.py:137} INFO - [2023-01-15T13:12:23.050+0000] {dag.py:2676} INFO - Sync 1 DAGs
[2023-01-15T13:12:23.479+0000] {logging_mixin.py:137} INFO - [2023-01-15T13:12:23.467+0000] {dag.py:3427} INFO - Setting next_dagrun for example_branch_operator to 2023-01-14T00:00:00+00:00, run_after=2023-01-15T00:00:00+00:00
[2023-01-15T13:12:23.739+0000] {processor.py:175} INFO - Processing /home/airflow/.local/lib/python3.7/site-packages/airflow/example_dags/example_branch_operator.py took 1.889 seconds
[2023-01-15T13:12:54.211+0000] {processor.py:153} INFO - Started process (PID=1376) to work on /home/airflow/.local/lib/python3.7/site-packages/airflow/example_dags/example_branch_operator.py
[2023-01-15T13:12:54.223+0000] {processor.py:743} INFO - Processing file /home/airflow/.local/lib/python3.7/site-packages/airflow/example_dags/example_branch_operator.py for tasks to queue
[2023-01-15T13:12:54.230+0000] {logging_mixin.py:137} INFO - [2023-01-15T13:12:54.230+0000] {dagbag.py:538} INFO - Filling up the DagBag from /home/airflow/.local/lib/python3.7/site-packages/airflow/example_dags/example_branch_operator.py
[2023-01-15T13:12:54.460+0000] {processor.py:753} INFO - DAG(s) dict_keys(['example_branch_operator']) retrieved from /home/airflow/.local/lib/python3.7/site-packages/airflow/example_dags/example_branch_operator.py
[2023-01-15T13:12:54.731+0000] {logging_mixin.py:137} INFO - [2023-01-15T13:12:54.729+0000] {dag.py:2676} INFO - Sync 1 DAGs
[2023-01-15T13:12:54.877+0000] {logging_mixin.py:137} INFO - [2023-01-15T13:12:54.877+0000] {dag.py:3427} INFO - Setting next_dagrun for example_branch_operator to 2023-01-14T00:00:00+00:00, run_after=2023-01-15T00:00:00+00:00
[2023-01-15T13:12:54.984+0000] {processor.py:175} INFO - Processing /home/airflow/.local/lib/python3.7/site-packages/airflow/example_dags/example_branch_operator.py took 0.803 seconds
[2023-01-15T13:13:42.416+0000] {processor.py:153} INFO - Started process (PID=1444) to work on /home/airflow/.local/lib/python3.7/site-packages/airflow/example_dags/example_branch_operator.py
[2023-01-15T13:13:42.429+0000] {processor.py:743} INFO - Processing file /home/airflow/.local/lib/python3.7/site-packages/airflow/example_dags/example_branch_operator.py for tasks to queue
[2023-01-15T13:13:42.431+0000] {logging_mixin.py:137} INFO - [2023-01-15T13:13:42.430+0000] {dagbag.py:538} INFO - Filling up the DagBag from /home/airflow/.local/lib/python3.7/site-packages/airflow/example_dags/example_branch_operator.py
[2023-01-15T13:13:42.697+0000] {processor.py:753} INFO - DAG(s) dict_keys(['example_branch_operator']) retrieved from /home/airflow/.local/lib/python3.7/site-packages/airflow/example_dags/example_branch_operator.py
[2023-01-15T13:13:43.238+0000] {logging_mixin.py:137} INFO - [2023-01-15T13:13:43.237+0000] {dag.py:2676} INFO - Sync 1 DAGs
[2023-01-15T13:13:43.653+0000] {logging_mixin.py:137} INFO - [2023-01-15T13:13:43.652+0000] {dag.py:3427} INFO - Setting next_dagrun for example_branch_operator to 2023-01-14T00:00:00+00:00, run_after=2023-01-15T00:00:00+00:00
[2023-01-15T13:13:43.886+0000] {processor.py:175} INFO - Processing /home/airflow/.local/lib/python3.7/site-packages/airflow/example_dags/example_branch_operator.py took 1.522 seconds
[2023-01-15T13:14:15.121+0000] {processor.py:153} INFO - Started process (PID=1494) to work on /home/airflow/.local/lib/python3.7/site-packages/airflow/example_dags/example_branch_operator.py
[2023-01-15T13:14:15.128+0000] {processor.py:743} INFO - Processing file /home/airflow/.local/lib/python3.7/site-packages/airflow/example_dags/example_branch_operator.py for tasks to queue
[2023-01-15T13:14:15.135+0000] {logging_mixin.py:137} INFO - [2023-01-15T13:14:15.135+0000] {dagbag.py:538} INFO - Filling up the DagBag from /home/airflow/.local/lib/python3.7/site-packages/airflow/example_dags/example_branch_operator.py
[2023-01-15T13:14:15.253+0000] {processor.py:753} INFO - DAG(s) dict_keys(['example_branch_operator']) retrieved from /home/airflow/.local/lib/python3.7/site-packages/airflow/example_dags/example_branch_operator.py
[2023-01-15T13:14:15.547+0000] {logging_mixin.py:137} INFO - [2023-01-15T13:14:15.547+0000] {dag.py:2676} INFO - Sync 1 DAGs
[2023-01-15T13:14:16.051+0000] {logging_mixin.py:137} INFO - [2023-01-15T13:14:16.048+0000] {dag.py:3427} INFO - Setting next_dagrun for example_branch_operator to 2023-01-14T00:00:00+00:00, run_after=2023-01-15T00:00:00+00:00
[2023-01-15T13:14:16.246+0000] {processor.py:175} INFO - Processing /home/airflow/.local/lib/python3.7/site-packages/airflow/example_dags/example_branch_operator.py took 1.142 seconds
[2023-01-15T13:14:48.350+0000] {processor.py:153} INFO - Started process (PID=1549) to work on /home/airflow/.local/lib/python3.7/site-packages/airflow/example_dags/example_branch_operator.py
[2023-01-15T13:14:48.358+0000] {processor.py:743} INFO - Processing file /home/airflow/.local/lib/python3.7/site-packages/airflow/example_dags/example_branch_operator.py for tasks to queue
[2023-01-15T13:14:48.368+0000] {logging_mixin.py:137} INFO - [2023-01-15T13:14:48.368+0000] {dagbag.py:538} INFO - Filling up the DagBag from /home/airflow/.local/lib/python3.7/site-packages/airflow/example_dags/example_branch_operator.py
[2023-01-15T13:14:48.558+0000] {processor.py:753} INFO - DAG(s) dict_keys(['example_branch_operator']) retrieved from /home/airflow/.local/lib/python3.7/site-packages/airflow/example_dags/example_branch_operator.py
[2023-01-15T13:14:49.011+0000] {logging_mixin.py:137} INFO - [2023-01-15T13:14:49.010+0000] {dag.py:2676} INFO - Sync 1 DAGs
[2023-01-15T13:14:49.253+0000] {logging_mixin.py:137} INFO - [2023-01-15T13:14:49.252+0000] {dag.py:3427} INFO - Setting next_dagrun for example_branch_operator to 2023-01-14T00:00:00+00:00, run_after=2023-01-15T00:00:00+00:00
[2023-01-15T13:14:49.413+0000] {processor.py:175} INFO - Processing /home/airflow/.local/lib/python3.7/site-packages/airflow/example_dags/example_branch_operator.py took 1.110 seconds
[2023-01-15T13:15:19.712+0000] {processor.py:153} INFO - Started process (PID=1597) to work on /home/airflow/.local/lib/python3.7/site-packages/airflow/example_dags/example_branch_operator.py
[2023-01-15T13:15:19.719+0000] {processor.py:743} INFO - Processing file /home/airflow/.local/lib/python3.7/site-packages/airflow/example_dags/example_branch_operator.py for tasks to queue
[2023-01-15T13:15:19.725+0000] {logging_mixin.py:137} INFO - [2023-01-15T13:15:19.725+0000] {dagbag.py:538} INFO - Filling up the DagBag from /home/airflow/.local/lib/python3.7/site-packages/airflow/example_dags/example_branch_operator.py
[2023-01-15T13:15:19.823+0000] {processor.py:753} INFO - DAG(s) dict_keys(['example_branch_operator']) retrieved from /home/airflow/.local/lib/python3.7/site-packages/airflow/example_dags/example_branch_operator.py
[2023-01-15T13:15:19.978+0000] {logging_mixin.py:137} INFO - [2023-01-15T13:15:19.978+0000] {dag.py:2676} INFO - Sync 1 DAGs
[2023-01-15T13:15:20.052+0000] {logging_mixin.py:137} INFO - [2023-01-15T13:15:20.052+0000] {dag.py:3427} INFO - Setting next_dagrun for example_branch_operator to 2023-01-14T00:00:00+00:00, run_after=2023-01-15T00:00:00+00:00
[2023-01-15T13:15:20.110+0000] {processor.py:175} INFO - Processing /home/airflow/.local/lib/python3.7/site-packages/airflow/example_dags/example_branch_operator.py took 0.412 seconds
[2023-01-15T13:44:24.579+0000] {processor.py:153} INFO - Started process (PID=117) to work on /home/airflow/.local/lib/python3.7/site-packages/airflow/example_dags/example_branch_operator.py
[2023-01-15T13:44:24.598+0000] {processor.py:743} INFO - Processing file /home/airflow/.local/lib/python3.7/site-packages/airflow/example_dags/example_branch_operator.py for tasks to queue
[2023-01-15T13:44:24.618+0000] {logging_mixin.py:137} INFO - [2023-01-15T13:44:24.617+0000] {dagbag.py:538} INFO - Filling up the DagBag from /home/airflow/.local/lib/python3.7/site-packages/airflow/example_dags/example_branch_operator.py
[2023-01-15T13:44:25.088+0000] {processor.py:753} INFO - DAG(s) dict_keys(['example_branch_operator']) retrieved from /home/airflow/.local/lib/python3.7/site-packages/airflow/example_dags/example_branch_operator.py
[2023-01-15T13:44:26.441+0000] {logging_mixin.py:137} INFO - [2023-01-15T13:44:26.432+0000] {dag.py:2676} INFO - Sync 1 DAGs
[2023-01-15T13:44:27.625+0000] {logging_mixin.py:137} INFO - [2023-01-15T13:44:27.564+0000] {dag.py:3427} INFO - Setting next_dagrun for example_branch_operator to 2023-01-14T00:00:00+00:00, run_after=2023-01-15T00:00:00+00:00
[2023-01-15T13:44:28.312+0000] {processor.py:175} INFO - Processing /home/airflow/.local/lib/python3.7/site-packages/airflow/example_dags/example_branch_operator.py took 3.805 seconds
[2023-01-15T13:45:50.608+0000] {processor.py:153} INFO - Started process (PID=201) to work on /home/airflow/.local/lib/python3.7/site-packages/airflow/example_dags/example_branch_operator.py
[2023-01-15T13:45:50.621+0000] {processor.py:743} INFO - Processing file /home/airflow/.local/lib/python3.7/site-packages/airflow/example_dags/example_branch_operator.py for tasks to queue
[2023-01-15T13:45:50.632+0000] {logging_mixin.py:137} INFO - [2023-01-15T13:45:50.631+0000] {dagbag.py:538} INFO - Filling up the DagBag from /home/airflow/.local/lib/python3.7/site-packages/airflow/example_dags/example_branch_operator.py
[2023-01-15T13:45:50.787+0000] {processor.py:753} INFO - DAG(s) dict_keys(['example_branch_operator']) retrieved from /home/airflow/.local/lib/python3.7/site-packages/airflow/example_dags/example_branch_operator.py
[2023-01-15T13:45:51.000+0000] {logging_mixin.py:137} INFO - [2023-01-15T13:45:51.000+0000] {dag.py:2676} INFO - Sync 1 DAGs
[2023-01-15T13:45:51.154+0000] {logging_mixin.py:137} INFO - [2023-01-15T13:45:51.154+0000] {dag.py:3427} INFO - Setting next_dagrun for example_branch_operator to 2023-01-14T00:00:00+00:00, run_after=2023-01-15T00:00:00+00:00
[2023-01-15T13:45:51.262+0000] {processor.py:175} INFO - Processing /home/airflow/.local/lib/python3.7/site-packages/airflow/example_dags/example_branch_operator.py took 0.675 seconds
[2023-01-15T13:46:27.418+0000] {processor.py:153} INFO - Started process (PID=257) to work on /home/airflow/.local/lib/python3.7/site-packages/airflow/example_dags/example_branch_operator.py
[2023-01-15T13:46:27.439+0000] {processor.py:743} INFO - Processing file /home/airflow/.local/lib/python3.7/site-packages/airflow/example_dags/example_branch_operator.py for tasks to queue
[2023-01-15T13:46:27.447+0000] {logging_mixin.py:137} INFO - [2023-01-15T13:46:27.447+0000] {dagbag.py:538} INFO - Filling up the DagBag from /home/airflow/.local/lib/python3.7/site-packages/airflow/example_dags/example_branch_operator.py
[2023-01-15T13:46:27.826+0000] {processor.py:753} INFO - DAG(s) dict_keys(['example_branch_operator']) retrieved from /home/airflow/.local/lib/python3.7/site-packages/airflow/example_dags/example_branch_operator.py
[2023-01-15T13:46:28.270+0000] {logging_mixin.py:137} INFO - [2023-01-15T13:46:28.270+0000] {dag.py:2676} INFO - Sync 1 DAGs
[2023-01-15T13:46:28.434+0000] {logging_mixin.py:137} INFO - [2023-01-15T13:46:28.434+0000] {dag.py:3427} INFO - Setting next_dagrun for example_branch_operator to 2023-01-14T00:00:00+00:00, run_after=2023-01-15T00:00:00+00:00
[2023-01-15T13:46:28.540+0000] {processor.py:175} INFO - Processing /home/airflow/.local/lib/python3.7/site-packages/airflow/example_dags/example_branch_operator.py took 1.176 seconds
[2023-01-15T13:46:58.737+0000] {processor.py:153} INFO - Started process (PID=312) to work on /home/airflow/.local/lib/python3.7/site-packages/airflow/example_dags/example_branch_operator.py
[2023-01-15T13:46:58.751+0000] {processor.py:743} INFO - Processing file /home/airflow/.local/lib/python3.7/site-packages/airflow/example_dags/example_branch_operator.py for tasks to queue
[2023-01-15T13:46:58.753+0000] {logging_mixin.py:137} INFO - [2023-01-15T13:46:58.752+0000] {dagbag.py:538} INFO - Filling up the DagBag from /home/airflow/.local/lib/python3.7/site-packages/airflow/example_dags/example_branch_operator.py
[2023-01-15T13:46:58.858+0000] {processor.py:753} INFO - DAG(s) dict_keys(['example_branch_operator']) retrieved from /home/airflow/.local/lib/python3.7/site-packages/airflow/example_dags/example_branch_operator.py
[2023-01-15T13:46:59.119+0000] {logging_mixin.py:137} INFO - [2023-01-15T13:46:59.119+0000] {dag.py:2676} INFO - Sync 1 DAGs
[2023-01-15T13:46:59.335+0000] {logging_mixin.py:137} INFO - [2023-01-15T13:46:59.335+0000] {dag.py:3427} INFO - Setting next_dagrun for example_branch_operator to 2023-01-14T00:00:00+00:00, run_after=2023-01-15T00:00:00+00:00
[2023-01-15T13:46:59.428+0000] {processor.py:175} INFO - Processing /home/airflow/.local/lib/python3.7/site-packages/airflow/example_dags/example_branch_operator.py took 0.703 seconds
[2023-01-15T13:47:29.967+0000] {processor.py:153} INFO - Started process (PID=361) to work on /home/airflow/.local/lib/python3.7/site-packages/airflow/example_dags/example_branch_operator.py
[2023-01-15T13:47:29.973+0000] {processor.py:743} INFO - Processing file /home/airflow/.local/lib/python3.7/site-packages/airflow/example_dags/example_branch_operator.py for tasks to queue
[2023-01-15T13:47:29.975+0000] {logging_mixin.py:137} INFO - [2023-01-15T13:47:29.974+0000] {dagbag.py:538} INFO - Filling up the DagBag from /home/airflow/.local/lib/python3.7/site-packages/airflow/example_dags/example_branch_operator.py
[2023-01-15T13:47:30.070+0000] {processor.py:753} INFO - DAG(s) dict_keys(['example_branch_operator']) retrieved from /home/airflow/.local/lib/python3.7/site-packages/airflow/example_dags/example_branch_operator.py
[2023-01-15T13:47:30.232+0000] {logging_mixin.py:137} INFO - [2023-01-15T13:47:30.232+0000] {dag.py:2676} INFO - Sync 1 DAGs
[2023-01-15T13:47:30.304+0000] {logging_mixin.py:137} INFO - [2023-01-15T13:47:30.303+0000] {dag.py:3427} INFO - Setting next_dagrun for example_branch_operator to 2023-01-14T00:00:00+00:00, run_after=2023-01-15T00:00:00+00:00
[2023-01-15T13:47:30.347+0000] {processor.py:175} INFO - Processing /home/airflow/.local/lib/python3.7/site-packages/airflow/example_dags/example_branch_operator.py took 0.398 seconds
[2023-01-15T13:48:00.997+0000] {processor.py:153} INFO - Started process (PID=417) to work on /home/airflow/.local/lib/python3.7/site-packages/airflow/example_dags/example_branch_operator.py
[2023-01-15T13:48:01.007+0000] {processor.py:743} INFO - Processing file /home/airflow/.local/lib/python3.7/site-packages/airflow/example_dags/example_branch_operator.py for tasks to queue
[2023-01-15T13:48:01.008+0000] {logging_mixin.py:137} INFO - [2023-01-15T13:48:01.008+0000] {dagbag.py:538} INFO - Filling up the DagBag from /home/airflow/.local/lib/python3.7/site-packages/airflow/example_dags/example_branch_operator.py
[2023-01-15T13:48:01.055+0000] {processor.py:753} INFO - DAG(s) dict_keys(['example_branch_operator']) retrieved from /home/airflow/.local/lib/python3.7/site-packages/airflow/example_dags/example_branch_operator.py
[2023-01-15T13:48:01.150+0000] {logging_mixin.py:137} INFO - [2023-01-15T13:48:01.150+0000] {dag.py:2676} INFO - Sync 1 DAGs
[2023-01-15T13:48:01.211+0000] {logging_mixin.py:137} INFO - [2023-01-15T13:48:01.211+0000] {dag.py:3427} INFO - Setting next_dagrun for example_branch_operator to 2023-01-14T00:00:00+00:00, run_after=2023-01-15T00:00:00+00:00
[2023-01-15T13:48:01.285+0000] {processor.py:175} INFO - Processing /home/airflow/.local/lib/python3.7/site-packages/airflow/example_dags/example_branch_operator.py took 0.293 seconds
[2023-01-15T13:48:32.007+0000] {processor.py:153} INFO - Started process (PID=471) to work on /home/airflow/.local/lib/python3.7/site-packages/airflow/example_dags/example_branch_operator.py
[2023-01-15T13:48:32.010+0000] {processor.py:743} INFO - Processing file /home/airflow/.local/lib/python3.7/site-packages/airflow/example_dags/example_branch_operator.py for tasks to queue
[2023-01-15T13:48:32.012+0000] {logging_mixin.py:137} INFO - [2023-01-15T13:48:32.012+0000] {dagbag.py:538} INFO - Filling up the DagBag from /home/airflow/.local/lib/python3.7/site-packages/airflow/example_dags/example_branch_operator.py
[2023-01-15T13:48:32.081+0000] {processor.py:753} INFO - DAG(s) dict_keys(['example_branch_operator']) retrieved from /home/airflow/.local/lib/python3.7/site-packages/airflow/example_dags/example_branch_operator.py
[2023-01-15T13:48:32.197+0000] {logging_mixin.py:137} INFO - [2023-01-15T13:48:32.197+0000] {dag.py:2676} INFO - Sync 1 DAGs
[2023-01-15T13:48:32.265+0000] {logging_mixin.py:137} INFO - [2023-01-15T13:48:32.265+0000] {dag.py:3427} INFO - Setting next_dagrun for example_branch_operator to 2023-01-14T00:00:00+00:00, run_after=2023-01-15T00:00:00+00:00
[2023-01-15T13:48:32.323+0000] {processor.py:175} INFO - Processing /home/airflow/.local/lib/python3.7/site-packages/airflow/example_dags/example_branch_operator.py took 0.329 seconds
[2023-01-15T13:49:02.998+0000] {processor.py:153} INFO - Started process (PID=526) to work on /home/airflow/.local/lib/python3.7/site-packages/airflow/example_dags/example_branch_operator.py
[2023-01-15T13:49:03.004+0000] {processor.py:743} INFO - Processing file /home/airflow/.local/lib/python3.7/site-packages/airflow/example_dags/example_branch_operator.py for tasks to queue
[2023-01-15T13:49:03.009+0000] {logging_mixin.py:137} INFO - [2023-01-15T13:49:03.009+0000] {dagbag.py:538} INFO - Filling up the DagBag from /home/airflow/.local/lib/python3.7/site-packages/airflow/example_dags/example_branch_operator.py
[2023-01-15T13:49:03.125+0000] {processor.py:753} INFO - DAG(s) dict_keys(['example_branch_operator']) retrieved from /home/airflow/.local/lib/python3.7/site-packages/airflow/example_dags/example_branch_operator.py
[2023-01-15T13:49:03.318+0000] {logging_mixin.py:137} INFO - [2023-01-15T13:49:03.318+0000] {dag.py:2676} INFO - Sync 1 DAGs
[2023-01-15T13:49:03.446+0000] {logging_mixin.py:137} INFO - [2023-01-15T13:49:03.446+0000] {dag.py:3427} INFO - Setting next_dagrun for example_branch_operator to 2023-01-14T00:00:00+00:00, run_after=2023-01-15T00:00:00+00:00
[2023-01-15T13:49:03.547+0000] {processor.py:175} INFO - Processing /home/airflow/.local/lib/python3.7/site-packages/airflow/example_dags/example_branch_operator.py took 0.579 seconds
[2023-01-15T13:49:34.350+0000] {processor.py:153} INFO - Started process (PID=582) to work on /home/airflow/.local/lib/python3.7/site-packages/airflow/example_dags/example_branch_operator.py
[2023-01-15T13:49:34.358+0000] {processor.py:743} INFO - Processing file /home/airflow/.local/lib/python3.7/site-packages/airflow/example_dags/example_branch_operator.py for tasks to queue
[2023-01-15T13:49:34.359+0000] {logging_mixin.py:137} INFO - [2023-01-15T13:49:34.359+0000] {dagbag.py:538} INFO - Filling up the DagBag from /home/airflow/.local/lib/python3.7/site-packages/airflow/example_dags/example_branch_operator.py
[2023-01-15T13:49:34.465+0000] {processor.py:753} INFO - DAG(s) dict_keys(['example_branch_operator']) retrieved from /home/airflow/.local/lib/python3.7/site-packages/airflow/example_dags/example_branch_operator.py
[2023-01-15T13:49:34.862+0000] {logging_mixin.py:137} INFO - [2023-01-15T13:49:34.862+0000] {dag.py:2676} INFO - Sync 1 DAGs
[2023-01-15T13:49:35.064+0000] {logging_mixin.py:137} INFO - [2023-01-15T13:49:35.064+0000] {dag.py:3427} INFO - Setting next_dagrun for example_branch_operator to 2023-01-14T00:00:00+00:00, run_after=2023-01-15T00:00:00+00:00
[2023-01-15T13:49:35.203+0000] {processor.py:175} INFO - Processing /home/airflow/.local/lib/python3.7/site-packages/airflow/example_dags/example_branch_operator.py took 0.874 seconds
[2023-01-15T13:50:05.795+0000] {processor.py:153} INFO - Started process (PID=638) to work on /home/airflow/.local/lib/python3.7/site-packages/airflow/example_dags/example_branch_operator.py
[2023-01-15T13:50:05.798+0000] {processor.py:743} INFO - Processing file /home/airflow/.local/lib/python3.7/site-packages/airflow/example_dags/example_branch_operator.py for tasks to queue
[2023-01-15T13:50:05.800+0000] {logging_mixin.py:137} INFO - [2023-01-15T13:50:05.800+0000] {dagbag.py:538} INFO - Filling up the DagBag from /home/airflow/.local/lib/python3.7/site-packages/airflow/example_dags/example_branch_operator.py
[2023-01-15T13:50:05.853+0000] {processor.py:753} INFO - DAG(s) dict_keys(['example_branch_operator']) retrieved from /home/airflow/.local/lib/python3.7/site-packages/airflow/example_dags/example_branch_operator.py
[2023-01-15T13:50:05.980+0000] {logging_mixin.py:137} INFO - [2023-01-15T13:50:05.980+0000] {dag.py:2676} INFO - Sync 1 DAGs
[2023-01-15T13:50:06.052+0000] {logging_mixin.py:137} INFO - [2023-01-15T13:50:06.052+0000] {dag.py:3427} INFO - Setting next_dagrun for example_branch_operator to 2023-01-14T00:00:00+00:00, run_after=2023-01-15T00:00:00+00:00
[2023-01-15T13:50:06.201+0000] {processor.py:175} INFO - Processing /home/airflow/.local/lib/python3.7/site-packages/airflow/example_dags/example_branch_operator.py took 0.426 seconds
[2023-01-15T13:50:36.812+0000] {processor.py:153} INFO - Started process (PID=694) to work on /home/airflow/.local/lib/python3.7/site-packages/airflow/example_dags/example_branch_operator.py
[2023-01-15T13:50:36.904+0000] {processor.py:743} INFO - Processing file /home/airflow/.local/lib/python3.7/site-packages/airflow/example_dags/example_branch_operator.py for tasks to queue
[2023-01-15T13:50:36.908+0000] {logging_mixin.py:137} INFO - [2023-01-15T13:50:36.908+0000] {dagbag.py:538} INFO - Filling up the DagBag from /home/airflow/.local/lib/python3.7/site-packages/airflow/example_dags/example_branch_operator.py
[2023-01-15T13:50:37.067+0000] {processor.py:753} INFO - DAG(s) dict_keys(['example_branch_operator']) retrieved from /home/airflow/.local/lib/python3.7/site-packages/airflow/example_dags/example_branch_operator.py
[2023-01-15T13:50:37.377+0000] {logging_mixin.py:137} INFO - [2023-01-15T13:50:37.376+0000] {dag.py:2676} INFO - Sync 1 DAGs
[2023-01-15T13:50:37.620+0000] {logging_mixin.py:137} INFO - [2023-01-15T13:50:37.611+0000] {dag.py:3427} INFO - Setting next_dagrun for example_branch_operator to 2023-01-14T00:00:00+00:00, run_after=2023-01-15T00:00:00+00:00
[2023-01-15T13:50:38.023+0000] {processor.py:175} INFO - Processing /home/airflow/.local/lib/python3.7/site-packages/airflow/example_dags/example_branch_operator.py took 1.243 seconds
[2023-01-15T13:51:08.493+0000] {processor.py:153} INFO - Started process (PID=750) to work on /home/airflow/.local/lib/python3.7/site-packages/airflow/example_dags/example_branch_operator.py
[2023-01-15T13:51:08.510+0000] {processor.py:743} INFO - Processing file /home/airflow/.local/lib/python3.7/site-packages/airflow/example_dags/example_branch_operator.py for tasks to queue
[2023-01-15T13:51:08.516+0000] {logging_mixin.py:137} INFO - [2023-01-15T13:51:08.516+0000] {dagbag.py:538} INFO - Filling up the DagBag from /home/airflow/.local/lib/python3.7/site-packages/airflow/example_dags/example_branch_operator.py
[2023-01-15T13:51:08.643+0000] {processor.py:753} INFO - DAG(s) dict_keys(['example_branch_operator']) retrieved from /home/airflow/.local/lib/python3.7/site-packages/airflow/example_dags/example_branch_operator.py
[2023-01-15T13:51:08.840+0000] {logging_mixin.py:137} INFO - [2023-01-15T13:51:08.840+0000] {dag.py:2676} INFO - Sync 1 DAGs
[2023-01-15T13:51:08.971+0000] {logging_mixin.py:137} INFO - [2023-01-15T13:51:08.970+0000] {dag.py:3427} INFO - Setting next_dagrun for example_branch_operator to 2023-01-14T00:00:00+00:00, run_after=2023-01-15T00:00:00+00:00
[2023-01-15T13:51:09.069+0000] {processor.py:175} INFO - Processing /home/airflow/.local/lib/python3.7/site-packages/airflow/example_dags/example_branch_operator.py took 0.609 seconds
[2023-01-15T13:51:39.667+0000] {processor.py:153} INFO - Started process (PID=806) to work on /home/airflow/.local/lib/python3.7/site-packages/airflow/example_dags/example_branch_operator.py
[2023-01-15T13:51:39.674+0000] {processor.py:743} INFO - Processing file /home/airflow/.local/lib/python3.7/site-packages/airflow/example_dags/example_branch_operator.py for tasks to queue
[2023-01-15T13:51:39.677+0000] {logging_mixin.py:137} INFO - [2023-01-15T13:51:39.677+0000] {dagbag.py:538} INFO - Filling up the DagBag from /home/airflow/.local/lib/python3.7/site-packages/airflow/example_dags/example_branch_operator.py
[2023-01-15T13:51:39.759+0000] {processor.py:753} INFO - DAG(s) dict_keys(['example_branch_operator']) retrieved from /home/airflow/.local/lib/python3.7/site-packages/airflow/example_dags/example_branch_operator.py
[2023-01-15T13:51:39.891+0000] {logging_mixin.py:137} INFO - [2023-01-15T13:51:39.891+0000] {dag.py:2676} INFO - Sync 1 DAGs
[2023-01-15T13:51:40.029+0000] {logging_mixin.py:137} INFO - [2023-01-15T13:51:40.029+0000] {dag.py:3427} INFO - Setting next_dagrun for example_branch_operator to 2023-01-14T00:00:00+00:00, run_after=2023-01-15T00:00:00+00:00
[2023-01-15T13:51:40.110+0000] {processor.py:175} INFO - Processing /home/airflow/.local/lib/python3.7/site-packages/airflow/example_dags/example_branch_operator.py took 0.498 seconds
[2023-01-15T13:52:17.557+0000] {processor.py:153} INFO - Started process (PID=867) to work on /home/airflow/.local/lib/python3.7/site-packages/airflow/example_dags/example_branch_operator.py
[2023-01-15T13:52:17.562+0000] {processor.py:743} INFO - Processing file /home/airflow/.local/lib/python3.7/site-packages/airflow/example_dags/example_branch_operator.py for tasks to queue
[2023-01-15T13:52:17.570+0000] {logging_mixin.py:137} INFO - [2023-01-15T13:52:17.568+0000] {dagbag.py:538} INFO - Filling up the DagBag from /home/airflow/.local/lib/python3.7/site-packages/airflow/example_dags/example_branch_operator.py
[2023-01-15T13:52:17.673+0000] {processor.py:753} INFO - DAG(s) dict_keys(['example_branch_operator']) retrieved from /home/airflow/.local/lib/python3.7/site-packages/airflow/example_dags/example_branch_operator.py
[2023-01-15T13:52:17.901+0000] {logging_mixin.py:137} INFO - [2023-01-15T13:52:17.897+0000] {dag.py:2676} INFO - Sync 1 DAGs
[2023-01-15T13:52:18.054+0000] {logging_mixin.py:137} INFO - [2023-01-15T13:52:18.054+0000] {dag.py:3427} INFO - Setting next_dagrun for example_branch_operator to 2023-01-14T00:00:00+00:00, run_after=2023-01-15T00:00:00+00:00
[2023-01-15T13:52:18.161+0000] {processor.py:175} INFO - Processing /home/airflow/.local/lib/python3.7/site-packages/airflow/example_dags/example_branch_operator.py took 0.625 seconds
[2023-01-15T13:52:52.930+0000] {processor.py:153} INFO - Started process (PID=928) to work on /home/airflow/.local/lib/python3.7/site-packages/airflow/example_dags/example_branch_operator.py
[2023-01-15T13:52:52.934+0000] {processor.py:743} INFO - Processing file /home/airflow/.local/lib/python3.7/site-packages/airflow/example_dags/example_branch_operator.py for tasks to queue
[2023-01-15T13:52:52.938+0000] {logging_mixin.py:137} INFO - [2023-01-15T13:52:52.938+0000] {dagbag.py:538} INFO - Filling up the DagBag from /home/airflow/.local/lib/python3.7/site-packages/airflow/example_dags/example_branch_operator.py
[2023-01-15T13:52:53.017+0000] {processor.py:753} INFO - DAG(s) dict_keys(['example_branch_operator']) retrieved from /home/airflow/.local/lib/python3.7/site-packages/airflow/example_dags/example_branch_operator.py
[2023-01-15T13:52:53.385+0000] {logging_mixin.py:137} INFO - [2023-01-15T13:52:53.383+0000] {dag.py:2676} INFO - Sync 1 DAGs
[2023-01-15T13:52:53.532+0000] {logging_mixin.py:137} INFO - [2023-01-15T13:52:53.532+0000] {dag.py:3427} INFO - Setting next_dagrun for example_branch_operator to 2023-01-14T00:00:00+00:00, run_after=2023-01-15T00:00:00+00:00
[2023-01-15T13:52:53.623+0000] {processor.py:175} INFO - Processing /home/airflow/.local/lib/python3.7/site-packages/airflow/example_dags/example_branch_operator.py took 0.708 seconds
