[2023-01-15T12:59:50.260+0000] {processor.py:153} INFO - Started process (PID=103) to work on /home/airflow/.local/lib/python3.7/site-packages/airflow/example_dags/example_task_group_decorator.py
[2023-01-15T12:59:50.263+0000] {processor.py:743} INFO - Processing file /home/airflow/.local/lib/python3.7/site-packages/airflow/example_dags/example_task_group_decorator.py for tasks to queue
[2023-01-15T12:59:50.267+0000] {logging_mixin.py:137} INFO - [2023-01-15T12:59:50.267+0000] {dagbag.py:538} INFO - Filling up the DagBag from /home/airflow/.local/lib/python3.7/site-packages/airflow/example_dags/example_task_group_decorator.py
[2023-01-15T12:59:50.387+0000] {processor.py:753} INFO - DAG(s) dict_keys(['example_task_group_decorator']) retrieved from /home/airflow/.local/lib/python3.7/site-packages/airflow/example_dags/example_task_group_decorator.py
[2023-01-15T12:59:50.878+0000] {logging_mixin.py:137} INFO - [2023-01-15T12:59:50.878+0000] {manager.py:504} INFO - Created Permission View: can read on DAG:example_task_group_decorator
[2023-01-15T12:59:50.937+0000] {logging_mixin.py:137} INFO - [2023-01-15T12:59:50.937+0000] {manager.py:504} INFO - Created Permission View: can edit on DAG:example_task_group_decorator
[2023-01-15T12:59:50.960+0000] {logging_mixin.py:137} INFO - [2023-01-15T12:59:50.960+0000] {manager.py:504} INFO - Created Permission View: can delete on DAG:example_task_group_decorator
[2023-01-15T12:59:50.961+0000] {logging_mixin.py:137} INFO - [2023-01-15T12:59:50.961+0000] {dag.py:2676} INFO - Sync 1 DAGs
[2023-01-15T12:59:50.997+0000] {logging_mixin.py:137} INFO - [2023-01-15T12:59:50.997+0000] {dag.py:2697} INFO - Creating ORM DAG for example_task_group_decorator
[2023-01-15T12:59:51.025+0000] {logging_mixin.py:137} INFO - [2023-01-15T12:59:51.025+0000] {dag.py:3427} INFO - Setting next_dagrun for example_task_group_decorator to 2023-01-14T12:59:51.025157+00:00, run_after=2023-01-15T12:59:51.025157+00:00
[2023-01-15T12:59:51.087+0000] {processor.py:175} INFO - Processing /home/airflow/.local/lib/python3.7/site-packages/airflow/example_dags/example_task_group_decorator.py took 0.844 seconds
[2023-01-15T13:00:21.285+0000] {processor.py:153} INFO - Started process (PID=159) to work on /home/airflow/.local/lib/python3.7/site-packages/airflow/example_dags/example_task_group_decorator.py
[2023-01-15T13:00:21.288+0000] {processor.py:743} INFO - Processing file /home/airflow/.local/lib/python3.7/site-packages/airflow/example_dags/example_task_group_decorator.py for tasks to queue
[2023-01-15T13:00:21.291+0000] {logging_mixin.py:137} INFO - [2023-01-15T13:00:21.289+0000] {dagbag.py:538} INFO - Filling up the DagBag from /home/airflow/.local/lib/python3.7/site-packages/airflow/example_dags/example_task_group_decorator.py
[2023-01-15T13:00:21.367+0000] {processor.py:753} INFO - DAG(s) dict_keys(['example_task_group_decorator']) retrieved from /home/airflow/.local/lib/python3.7/site-packages/airflow/example_dags/example_task_group_decorator.py
[2023-01-15T13:00:21.456+0000] {logging_mixin.py:137} INFO - [2023-01-15T13:00:21.456+0000] {dag.py:2676} INFO - Sync 1 DAGs
[2023-01-15T13:00:21.523+0000] {logging_mixin.py:137} INFO - [2023-01-15T13:00:21.523+0000] {dag.py:3427} INFO - Setting next_dagrun for example_task_group_decorator to 2023-01-14T13:00:21.523262+00:00, run_after=2023-01-15T13:00:21.523262+00:00
[2023-01-15T13:00:21.579+0000] {processor.py:175} INFO - Processing /home/airflow/.local/lib/python3.7/site-packages/airflow/example_dags/example_task_group_decorator.py took 0.303 seconds
[2023-01-15T13:00:51.738+0000] {processor.py:153} INFO - Started process (PID=215) to work on /home/airflow/.local/lib/python3.7/site-packages/airflow/example_dags/example_task_group_decorator.py
[2023-01-15T13:00:51.747+0000] {processor.py:743} INFO - Processing file /home/airflow/.local/lib/python3.7/site-packages/airflow/example_dags/example_task_group_decorator.py for tasks to queue
[2023-01-15T13:00:51.749+0000] {logging_mixin.py:137} INFO - [2023-01-15T13:00:51.749+0000] {dagbag.py:538} INFO - Filling up the DagBag from /home/airflow/.local/lib/python3.7/site-packages/airflow/example_dags/example_task_group_decorator.py
[2023-01-15T13:00:51.975+0000] {processor.py:753} INFO - DAG(s) dict_keys(['example_task_group_decorator']) retrieved from /home/airflow/.local/lib/python3.7/site-packages/airflow/example_dags/example_task_group_decorator.py
[2023-01-15T13:00:52.167+0000] {logging_mixin.py:137} INFO - [2023-01-15T13:00:52.167+0000] {dag.py:2676} INFO - Sync 1 DAGs
[2023-01-15T13:00:52.272+0000] {logging_mixin.py:137} INFO - [2023-01-15T13:00:52.272+0000] {dag.py:3427} INFO - Setting next_dagrun for example_task_group_decorator to 2023-01-14T13:00:52.271777+00:00, run_after=2023-01-15T13:00:52.271777+00:00
[2023-01-15T13:00:52.388+0000] {processor.py:175} INFO - Processing /home/airflow/.local/lib/python3.7/site-packages/airflow/example_dags/example_task_group_decorator.py took 0.663 seconds
[2023-01-15T13:01:22.571+0000] {processor.py:153} INFO - Started process (PID=270) to work on /home/airflow/.local/lib/python3.7/site-packages/airflow/example_dags/example_task_group_decorator.py
[2023-01-15T13:01:22.573+0000] {processor.py:743} INFO - Processing file /home/airflow/.local/lib/python3.7/site-packages/airflow/example_dags/example_task_group_decorator.py for tasks to queue
[2023-01-15T13:01:22.575+0000] {logging_mixin.py:137} INFO - [2023-01-15T13:01:22.575+0000] {dagbag.py:538} INFO - Filling up the DagBag from /home/airflow/.local/lib/python3.7/site-packages/airflow/example_dags/example_task_group_decorator.py
[2023-01-15T13:01:22.649+0000] {processor.py:753} INFO - DAG(s) dict_keys(['example_task_group_decorator']) retrieved from /home/airflow/.local/lib/python3.7/site-packages/airflow/example_dags/example_task_group_decorator.py
[2023-01-15T13:01:22.749+0000] {logging_mixin.py:137} INFO - [2023-01-15T13:01:22.749+0000] {dag.py:2676} INFO - Sync 1 DAGs
[2023-01-15T13:01:22.795+0000] {logging_mixin.py:137} INFO - [2023-01-15T13:01:22.795+0000] {dag.py:3427} INFO - Setting next_dagrun for example_task_group_decorator to 2023-01-14T13:01:22.794667+00:00, run_after=2023-01-15T13:01:22.794667+00:00
[2023-01-15T13:01:22.852+0000] {processor.py:175} INFO - Processing /home/airflow/.local/lib/python3.7/site-packages/airflow/example_dags/example_task_group_decorator.py took 0.290 seconds
[2023-01-15T13:01:53.573+0000] {processor.py:153} INFO - Started process (PID=325) to work on /home/airflow/.local/lib/python3.7/site-packages/airflow/example_dags/example_task_group_decorator.py
[2023-01-15T13:01:53.576+0000] {processor.py:743} INFO - Processing file /home/airflow/.local/lib/python3.7/site-packages/airflow/example_dags/example_task_group_decorator.py for tasks to queue
[2023-01-15T13:01:53.578+0000] {logging_mixin.py:137} INFO - [2023-01-15T13:01:53.578+0000] {dagbag.py:538} INFO - Filling up the DagBag from /home/airflow/.local/lib/python3.7/site-packages/airflow/example_dags/example_task_group_decorator.py
[2023-01-15T13:01:53.664+0000] {processor.py:753} INFO - DAG(s) dict_keys(['example_task_group_decorator']) retrieved from /home/airflow/.local/lib/python3.7/site-packages/airflow/example_dags/example_task_group_decorator.py
[2023-01-15T13:01:53.755+0000] {logging_mixin.py:137} INFO - [2023-01-15T13:01:53.755+0000] {dag.py:2676} INFO - Sync 1 DAGs
[2023-01-15T13:01:53.821+0000] {logging_mixin.py:137} INFO - [2023-01-15T13:01:53.821+0000] {dag.py:3427} INFO - Setting next_dagrun for example_task_group_decorator to 2023-01-14T13:01:53.821446+00:00, run_after=2023-01-15T13:01:53.821446+00:00
[2023-01-15T13:01:53.870+0000] {processor.py:175} INFO - Processing /home/airflow/.local/lib/python3.7/site-packages/airflow/example_dags/example_task_group_decorator.py took 0.305 seconds
[2023-01-15T13:02:24.251+0000] {processor.py:153} INFO - Started process (PID=380) to work on /home/airflow/.local/lib/python3.7/site-packages/airflow/example_dags/example_task_group_decorator.py
[2023-01-15T13:02:24.253+0000] {processor.py:743} INFO - Processing file /home/airflow/.local/lib/python3.7/site-packages/airflow/example_dags/example_task_group_decorator.py for tasks to queue
[2023-01-15T13:02:24.255+0000] {logging_mixin.py:137} INFO - [2023-01-15T13:02:24.255+0000] {dagbag.py:538} INFO - Filling up the DagBag from /home/airflow/.local/lib/python3.7/site-packages/airflow/example_dags/example_task_group_decorator.py
[2023-01-15T13:02:24.331+0000] {processor.py:753} INFO - DAG(s) dict_keys(['example_task_group_decorator']) retrieved from /home/airflow/.local/lib/python3.7/site-packages/airflow/example_dags/example_task_group_decorator.py
[2023-01-15T13:02:24.428+0000] {logging_mixin.py:137} INFO - [2023-01-15T13:02:24.427+0000] {dag.py:2676} INFO - Sync 1 DAGs
[2023-01-15T13:02:24.490+0000] {logging_mixin.py:137} INFO - [2023-01-15T13:02:24.490+0000] {dag.py:3427} INFO - Setting next_dagrun for example_task_group_decorator to 2023-01-14T13:02:24.489960+00:00, run_after=2023-01-15T13:02:24.489960+00:00
[2023-01-15T13:02:24.545+0000] {processor.py:175} INFO - Processing /home/airflow/.local/lib/python3.7/site-packages/airflow/example_dags/example_task_group_decorator.py took 0.303 seconds
[2023-01-15T13:02:55.611+0000] {processor.py:153} INFO - Started process (PID=435) to work on /home/airflow/.local/lib/python3.7/site-packages/airflow/example_dags/example_task_group_decorator.py
[2023-01-15T13:02:55.623+0000] {processor.py:743} INFO - Processing file /home/airflow/.local/lib/python3.7/site-packages/airflow/example_dags/example_task_group_decorator.py for tasks to queue
[2023-01-15T13:02:55.626+0000] {logging_mixin.py:137} INFO - [2023-01-15T13:02:55.626+0000] {dagbag.py:538} INFO - Filling up the DagBag from /home/airflow/.local/lib/python3.7/site-packages/airflow/example_dags/example_task_group_decorator.py
[2023-01-15T13:02:55.863+0000] {processor.py:753} INFO - DAG(s) dict_keys(['example_task_group_decorator']) retrieved from /home/airflow/.local/lib/python3.7/site-packages/airflow/example_dags/example_task_group_decorator.py
[2023-01-15T13:02:56.245+0000] {logging_mixin.py:137} INFO - [2023-01-15T13:02:56.245+0000] {dag.py:2676} INFO - Sync 1 DAGs
[2023-01-15T13:02:56.483+0000] {logging_mixin.py:137} INFO - [2023-01-15T13:02:56.483+0000] {dag.py:3427} INFO - Setting next_dagrun for example_task_group_decorator to 2023-01-14T13:02:56.482995+00:00, run_after=2023-01-15T13:02:56.482995+00:00
[2023-01-15T13:02:56.740+0000] {processor.py:175} INFO - Processing /home/airflow/.local/lib/python3.7/site-packages/airflow/example_dags/example_task_group_decorator.py took 1.153 seconds
[2023-01-15T13:03:27.619+0000] {processor.py:153} INFO - Started process (PID=491) to work on /home/airflow/.local/lib/python3.7/site-packages/airflow/example_dags/example_task_group_decorator.py
[2023-01-15T13:03:27.624+0000] {processor.py:743} INFO - Processing file /home/airflow/.local/lib/python3.7/site-packages/airflow/example_dags/example_task_group_decorator.py for tasks to queue
[2023-01-15T13:03:27.627+0000] {logging_mixin.py:137} INFO - [2023-01-15T13:03:27.627+0000] {dagbag.py:538} INFO - Filling up the DagBag from /home/airflow/.local/lib/python3.7/site-packages/airflow/example_dags/example_task_group_decorator.py
[2023-01-15T13:03:27.709+0000] {processor.py:753} INFO - DAG(s) dict_keys(['example_task_group_decorator']) retrieved from /home/airflow/.local/lib/python3.7/site-packages/airflow/example_dags/example_task_group_decorator.py
[2023-01-15T13:03:27.806+0000] {logging_mixin.py:137} INFO - [2023-01-15T13:03:27.806+0000] {dag.py:2676} INFO - Sync 1 DAGs
[2023-01-15T13:03:27.866+0000] {logging_mixin.py:137} INFO - [2023-01-15T13:03:27.866+0000] {dag.py:3427} INFO - Setting next_dagrun for example_task_group_decorator to 2023-01-14T13:03:27.866045+00:00, run_after=2023-01-15T13:03:27.866045+00:00
[2023-01-15T13:03:27.932+0000] {processor.py:175} INFO - Processing /home/airflow/.local/lib/python3.7/site-packages/airflow/example_dags/example_task_group_decorator.py took 0.317 seconds
[2023-01-15T13:03:58.025+0000] {processor.py:153} INFO - Started process (PID=547) to work on /home/airflow/.local/lib/python3.7/site-packages/airflow/example_dags/example_task_group_decorator.py
[2023-01-15T13:03:58.033+0000] {processor.py:743} INFO - Processing file /home/airflow/.local/lib/python3.7/site-packages/airflow/example_dags/example_task_group_decorator.py for tasks to queue
[2023-01-15T13:03:58.036+0000] {logging_mixin.py:137} INFO - [2023-01-15T13:03:58.036+0000] {dagbag.py:538} INFO - Filling up the DagBag from /home/airflow/.local/lib/python3.7/site-packages/airflow/example_dags/example_task_group_decorator.py
[2023-01-15T13:03:58.219+0000] {processor.py:753} INFO - DAG(s) dict_keys(['example_task_group_decorator']) retrieved from /home/airflow/.local/lib/python3.7/site-packages/airflow/example_dags/example_task_group_decorator.py
[2023-01-15T13:03:58.540+0000] {logging_mixin.py:137} INFO - [2023-01-15T13:03:58.540+0000] {dag.py:2676} INFO - Sync 1 DAGs
[2023-01-15T13:03:58.658+0000] {logging_mixin.py:137} INFO - [2023-01-15T13:03:58.655+0000] {dag.py:3427} INFO - Setting next_dagrun for example_task_group_decorator to 2023-01-14T13:03:58.654808+00:00, run_after=2023-01-15T13:03:58.654808+00:00
[2023-01-15T13:03:58.784+0000] {processor.py:175} INFO - Processing /home/airflow/.local/lib/python3.7/site-packages/airflow/example_dags/example_task_group_decorator.py took 0.779 seconds
[2023-01-15T13:04:29.505+0000] {processor.py:153} INFO - Started process (PID=602) to work on /home/airflow/.local/lib/python3.7/site-packages/airflow/example_dags/example_task_group_decorator.py
[2023-01-15T13:04:29.518+0000] {processor.py:743} INFO - Processing file /home/airflow/.local/lib/python3.7/site-packages/airflow/example_dags/example_task_group_decorator.py for tasks to queue
[2023-01-15T13:04:29.520+0000] {logging_mixin.py:137} INFO - [2023-01-15T13:04:29.520+0000] {dagbag.py:538} INFO - Filling up the DagBag from /home/airflow/.local/lib/python3.7/site-packages/airflow/example_dags/example_task_group_decorator.py
[2023-01-15T13:04:29.670+0000] {processor.py:753} INFO - DAG(s) dict_keys(['example_task_group_decorator']) retrieved from /home/airflow/.local/lib/python3.7/site-packages/airflow/example_dags/example_task_group_decorator.py
[2023-01-15T13:04:29.858+0000] {logging_mixin.py:137} INFO - [2023-01-15T13:04:29.858+0000] {dag.py:2676} INFO - Sync 1 DAGs
[2023-01-15T13:04:29.971+0000] {logging_mixin.py:137} INFO - [2023-01-15T13:04:29.971+0000] {dag.py:3427} INFO - Setting next_dagrun for example_task_group_decorator to 2023-01-14T13:04:29.970953+00:00, run_after=2023-01-15T13:04:29.970953+00:00
[2023-01-15T13:04:30.069+0000] {processor.py:175} INFO - Processing /home/airflow/.local/lib/python3.7/site-packages/airflow/example_dags/example_task_group_decorator.py took 0.580 seconds
[2023-01-15T13:05:00.481+0000] {processor.py:153} INFO - Started process (PID=666) to work on /home/airflow/.local/lib/python3.7/site-packages/airflow/example_dags/example_task_group_decorator.py
[2023-01-15T13:05:00.486+0000] {processor.py:743} INFO - Processing file /home/airflow/.local/lib/python3.7/site-packages/airflow/example_dags/example_task_group_decorator.py for tasks to queue
[2023-01-15T13:05:00.488+0000] {logging_mixin.py:137} INFO - [2023-01-15T13:05:00.488+0000] {dagbag.py:538} INFO - Filling up the DagBag from /home/airflow/.local/lib/python3.7/site-packages/airflow/example_dags/example_task_group_decorator.py
[2023-01-15T13:05:00.598+0000] {processor.py:753} INFO - DAG(s) dict_keys(['example_task_group_decorator']) retrieved from /home/airflow/.local/lib/python3.7/site-packages/airflow/example_dags/example_task_group_decorator.py
[2023-01-15T13:05:00.779+0000] {logging_mixin.py:137} INFO - [2023-01-15T13:05:00.779+0000] {dag.py:2676} INFO - Sync 1 DAGs
[2023-01-15T13:05:00.866+0000] {logging_mixin.py:137} INFO - [2023-01-15T13:05:00.866+0000] {dag.py:3427} INFO - Setting next_dagrun for example_task_group_decorator to 2023-01-14T13:05:00.866148+00:00, run_after=2023-01-15T13:05:00.866148+00:00
[2023-01-15T13:05:00.942+0000] {processor.py:175} INFO - Processing /home/airflow/.local/lib/python3.7/site-packages/airflow/example_dags/example_task_group_decorator.py took 0.474 seconds
[2023-01-15T13:05:31.372+0000] {processor.py:153} INFO - Started process (PID=721) to work on /home/airflow/.local/lib/python3.7/site-packages/airflow/example_dags/example_task_group_decorator.py
[2023-01-15T13:05:31.382+0000] {processor.py:743} INFO - Processing file /home/airflow/.local/lib/python3.7/site-packages/airflow/example_dags/example_task_group_decorator.py for tasks to queue
[2023-01-15T13:05:31.385+0000] {logging_mixin.py:137} INFO - [2023-01-15T13:05:31.385+0000] {dagbag.py:538} INFO - Filling up the DagBag from /home/airflow/.local/lib/python3.7/site-packages/airflow/example_dags/example_task_group_decorator.py
[2023-01-15T13:05:31.563+0000] {processor.py:753} INFO - DAG(s) dict_keys(['example_task_group_decorator']) retrieved from /home/airflow/.local/lib/python3.7/site-packages/airflow/example_dags/example_task_group_decorator.py
[2023-01-15T13:05:31.781+0000] {logging_mixin.py:137} INFO - [2023-01-15T13:05:31.781+0000] {dag.py:2676} INFO - Sync 1 DAGs
[2023-01-15T13:05:31.897+0000] {logging_mixin.py:137} INFO - [2023-01-15T13:05:31.897+0000] {dag.py:3427} INFO - Setting next_dagrun for example_task_group_decorator to 2023-01-14T13:05:31.897379+00:00, run_after=2023-01-15T13:05:31.897379+00:00
[2023-01-15T13:05:31.979+0000] {processor.py:175} INFO - Processing /home/airflow/.local/lib/python3.7/site-packages/airflow/example_dags/example_task_group_decorator.py took 0.627 seconds
[2023-01-15T13:06:02.312+0000] {processor.py:153} INFO - Started process (PID=775) to work on /home/airflow/.local/lib/python3.7/site-packages/airflow/example_dags/example_task_group_decorator.py
[2023-01-15T13:06:02.325+0000] {processor.py:743} INFO - Processing file /home/airflow/.local/lib/python3.7/site-packages/airflow/example_dags/example_task_group_decorator.py for tasks to queue
[2023-01-15T13:06:02.328+0000] {logging_mixin.py:137} INFO - [2023-01-15T13:06:02.327+0000] {dagbag.py:538} INFO - Filling up the DagBag from /home/airflow/.local/lib/python3.7/site-packages/airflow/example_dags/example_task_group_decorator.py
[2023-01-15T13:06:02.489+0000] {processor.py:753} INFO - DAG(s) dict_keys(['example_task_group_decorator']) retrieved from /home/airflow/.local/lib/python3.7/site-packages/airflow/example_dags/example_task_group_decorator.py
[2023-01-15T13:06:02.750+0000] {logging_mixin.py:137} INFO - [2023-01-15T13:06:02.749+0000] {dag.py:2676} INFO - Sync 1 DAGs
[2023-01-15T13:06:02.893+0000] {logging_mixin.py:137} INFO - [2023-01-15T13:06:02.893+0000] {dag.py:3427} INFO - Setting next_dagrun for example_task_group_decorator to 2023-01-14T13:06:02.892988+00:00, run_after=2023-01-15T13:06:02.892988+00:00
[2023-01-15T13:06:02.984+0000] {processor.py:175} INFO - Processing /home/airflow/.local/lib/python3.7/site-packages/airflow/example_dags/example_task_group_decorator.py took 0.693 seconds
[2023-01-15T13:06:33.485+0000] {processor.py:153} INFO - Started process (PID=838) to work on /home/airflow/.local/lib/python3.7/site-packages/airflow/example_dags/example_task_group_decorator.py
[2023-01-15T13:06:33.498+0000] {processor.py:743} INFO - Processing file /home/airflow/.local/lib/python3.7/site-packages/airflow/example_dags/example_task_group_decorator.py for tasks to queue
[2023-01-15T13:06:33.499+0000] {logging_mixin.py:137} INFO - [2023-01-15T13:06:33.499+0000] {dagbag.py:538} INFO - Filling up the DagBag from /home/airflow/.local/lib/python3.7/site-packages/airflow/example_dags/example_task_group_decorator.py
[2023-01-15T13:06:33.612+0000] {processor.py:753} INFO - DAG(s) dict_keys(['example_task_group_decorator']) retrieved from /home/airflow/.local/lib/python3.7/site-packages/airflow/example_dags/example_task_group_decorator.py
[2023-01-15T13:06:33.751+0000] {logging_mixin.py:137} INFO - [2023-01-15T13:06:33.751+0000] {dag.py:2676} INFO - Sync 1 DAGs
[2023-01-15T13:06:33.839+0000] {logging_mixin.py:137} INFO - [2023-01-15T13:06:33.839+0000] {dag.py:3427} INFO - Setting next_dagrun for example_task_group_decorator to 2023-01-14T13:06:33.839212+00:00, run_after=2023-01-15T13:06:33.839212+00:00
[2023-01-15T13:06:33.917+0000] {processor.py:175} INFO - Processing /home/airflow/.local/lib/python3.7/site-packages/airflow/example_dags/example_task_group_decorator.py took 0.442 seconds
[2023-01-15T13:07:08.278+0000] {processor.py:153} INFO - Started process (PID=895) to work on /home/airflow/.local/lib/python3.7/site-packages/airflow/example_dags/example_task_group_decorator.py
[2023-01-15T13:07:08.304+0000] {processor.py:743} INFO - Processing file /home/airflow/.local/lib/python3.7/site-packages/airflow/example_dags/example_task_group_decorator.py for tasks to queue
[2023-01-15T13:07:08.321+0000] {logging_mixin.py:137} INFO - [2023-01-15T13:07:08.318+0000] {dagbag.py:538} INFO - Filling up the DagBag from /home/airflow/.local/lib/python3.7/site-packages/airflow/example_dags/example_task_group_decorator.py
[2023-01-15T13:07:08.535+0000] {processor.py:753} INFO - DAG(s) dict_keys(['example_task_group_decorator']) retrieved from /home/airflow/.local/lib/python3.7/site-packages/airflow/example_dags/example_task_group_decorator.py
[2023-01-15T13:07:08.758+0000] {logging_mixin.py:137} INFO - [2023-01-15T13:07:08.757+0000] {dag.py:2676} INFO - Sync 1 DAGs
[2023-01-15T13:07:08.889+0000] {logging_mixin.py:137} INFO - [2023-01-15T13:07:08.888+0000] {dag.py:3427} INFO - Setting next_dagrun for example_task_group_decorator to 2023-01-14T13:07:08.887105+00:00, run_after=2023-01-15T13:07:08.887105+00:00
[2023-01-15T13:07:08.994+0000] {processor.py:175} INFO - Processing /home/airflow/.local/lib/python3.7/site-packages/airflow/example_dags/example_task_group_decorator.py took 0.754 seconds
[2023-01-15T13:08:09.023+0000] {processor.py:153} INFO - Started process (PID=964) to work on /home/airflow/.local/lib/python3.7/site-packages/airflow/example_dags/example_task_group_decorator.py
[2023-01-15T13:08:09.029+0000] {processor.py:743} INFO - Processing file /home/airflow/.local/lib/python3.7/site-packages/airflow/example_dags/example_task_group_decorator.py for tasks to queue
[2023-01-15T13:08:09.032+0000] {logging_mixin.py:137} INFO - [2023-01-15T13:08:09.032+0000] {dagbag.py:538} INFO - Filling up the DagBag from /home/airflow/.local/lib/python3.7/site-packages/airflow/example_dags/example_task_group_decorator.py
[2023-01-15T13:08:09.215+0000] {processor.py:753} INFO - DAG(s) dict_keys(['example_task_group_decorator']) retrieved from /home/airflow/.local/lib/python3.7/site-packages/airflow/example_dags/example_task_group_decorator.py
[2023-01-15T13:08:09.700+0000] {logging_mixin.py:137} INFO - [2023-01-15T13:08:09.700+0000] {dag.py:2676} INFO - Sync 1 DAGs
[2023-01-15T13:08:09.863+0000] {logging_mixin.py:137} INFO - [2023-01-15T13:08:09.860+0000] {dag.py:3427} INFO - Setting next_dagrun for example_task_group_decorator to 2023-01-14T13:08:09.859796+00:00, run_after=2023-01-15T13:08:09.859796+00:00
[2023-01-15T13:08:09.971+0000] {processor.py:175} INFO - Processing /home/airflow/.local/lib/python3.7/site-packages/airflow/example_dags/example_task_group_decorator.py took 0.970 seconds
[2023-01-15T13:08:42.855+0000] {processor.py:153} INFO - Started process (PID=1019) to work on /home/airflow/.local/lib/python3.7/site-packages/airflow/example_dags/example_task_group_decorator.py
[2023-01-15T13:08:42.871+0000] {processor.py:743} INFO - Processing file /home/airflow/.local/lib/python3.7/site-packages/airflow/example_dags/example_task_group_decorator.py for tasks to queue
[2023-01-15T13:08:42.880+0000] {logging_mixin.py:137} INFO - [2023-01-15T13:08:42.880+0000] {dagbag.py:538} INFO - Filling up the DagBag from /home/airflow/.local/lib/python3.7/site-packages/airflow/example_dags/example_task_group_decorator.py
[2023-01-15T13:08:43.419+0000] {processor.py:753} INFO - DAG(s) dict_keys(['example_task_group_decorator']) retrieved from /home/airflow/.local/lib/python3.7/site-packages/airflow/example_dags/example_task_group_decorator.py
[2023-01-15T13:08:43.737+0000] {logging_mixin.py:137} INFO - [2023-01-15T13:08:43.737+0000] {dag.py:2676} INFO - Sync 1 DAGs
[2023-01-15T13:08:43.830+0000] {logging_mixin.py:137} INFO - [2023-01-15T13:08:43.829+0000] {dag.py:3427} INFO - Setting next_dagrun for example_task_group_decorator to 2023-01-14T13:08:43.829443+00:00, run_after=2023-01-15T13:08:43.829443+00:00
[2023-01-15T13:08:43.938+0000] {processor.py:175} INFO - Processing /home/airflow/.local/lib/python3.7/site-packages/airflow/example_dags/example_task_group_decorator.py took 1.131 seconds
[2023-01-15T13:09:25.569+0000] {processor.py:153} INFO - Started process (PID=1080) to work on /home/airflow/.local/lib/python3.7/site-packages/airflow/example_dags/example_task_group_decorator.py
[2023-01-15T13:09:25.578+0000] {processor.py:743} INFO - Processing file /home/airflow/.local/lib/python3.7/site-packages/airflow/example_dags/example_task_group_decorator.py for tasks to queue
[2023-01-15T13:09:25.581+0000] {logging_mixin.py:137} INFO - [2023-01-15T13:09:25.581+0000] {dagbag.py:538} INFO - Filling up the DagBag from /home/airflow/.local/lib/python3.7/site-packages/airflow/example_dags/example_task_group_decorator.py
[2023-01-15T13:09:25.808+0000] {processor.py:753} INFO - DAG(s) dict_keys(['example_task_group_decorator']) retrieved from /home/airflow/.local/lib/python3.7/site-packages/airflow/example_dags/example_task_group_decorator.py
[2023-01-15T13:09:26.085+0000] {logging_mixin.py:137} INFO - [2023-01-15T13:09:26.085+0000] {dag.py:2676} INFO - Sync 1 DAGs
[2023-01-15T13:09:26.241+0000] {logging_mixin.py:137} INFO - [2023-01-15T13:09:26.241+0000] {dag.py:3427} INFO - Setting next_dagrun for example_task_group_decorator to 2023-01-14T13:09:26.240670+00:00, run_after=2023-01-15T13:09:26.240670+00:00
[2023-01-15T13:09:26.354+0000] {processor.py:175} INFO - Processing /home/airflow/.local/lib/python3.7/site-packages/airflow/example_dags/example_task_group_decorator.py took 0.808 seconds
[2023-01-15T13:09:58.037+0000] {processor.py:153} INFO - Started process (PID=1127) to work on /home/airflow/.local/lib/python3.7/site-packages/airflow/example_dags/example_task_group_decorator.py
[2023-01-15T13:09:58.047+0000] {processor.py:743} INFO - Processing file /home/airflow/.local/lib/python3.7/site-packages/airflow/example_dags/example_task_group_decorator.py for tasks to queue
[2023-01-15T13:09:58.049+0000] {logging_mixin.py:137} INFO - [2023-01-15T13:09:58.049+0000] {dagbag.py:538} INFO - Filling up the DagBag from /home/airflow/.local/lib/python3.7/site-packages/airflow/example_dags/example_task_group_decorator.py
[2023-01-15T13:09:58.370+0000] {processor.py:753} INFO - DAG(s) dict_keys(['example_task_group_decorator']) retrieved from /home/airflow/.local/lib/python3.7/site-packages/airflow/example_dags/example_task_group_decorator.py
[2023-01-15T13:09:58.832+0000] {logging_mixin.py:137} INFO - [2023-01-15T13:09:58.832+0000] {dag.py:2676} INFO - Sync 1 DAGs
[2023-01-15T13:09:59.087+0000] {logging_mixin.py:137} INFO - [2023-01-15T13:09:59.087+0000] {dag.py:3427} INFO - Setting next_dagrun for example_task_group_decorator to 2023-01-14T13:09:59.086563+00:00, run_after=2023-01-15T13:09:59.086563+00:00
[2023-01-15T13:09:59.255+0000] {processor.py:175} INFO - Processing /home/airflow/.local/lib/python3.7/site-packages/airflow/example_dags/example_task_group_decorator.py took 1.246 seconds
[2023-01-15T13:10:30.087+0000] {processor.py:153} INFO - Started process (PID=1183) to work on /home/airflow/.local/lib/python3.7/site-packages/airflow/example_dags/example_task_group_decorator.py
[2023-01-15T13:10:30.098+0000] {processor.py:743} INFO - Processing file /home/airflow/.local/lib/python3.7/site-packages/airflow/example_dags/example_task_group_decorator.py for tasks to queue
[2023-01-15T13:10:30.110+0000] {logging_mixin.py:137} INFO - [2023-01-15T13:10:30.110+0000] {dagbag.py:538} INFO - Filling up the DagBag from /home/airflow/.local/lib/python3.7/site-packages/airflow/example_dags/example_task_group_decorator.py
[2023-01-15T13:10:30.277+0000] {processor.py:753} INFO - DAG(s) dict_keys(['example_task_group_decorator']) retrieved from /home/airflow/.local/lib/python3.7/site-packages/airflow/example_dags/example_task_group_decorator.py
[2023-01-15T13:10:30.486+0000] {logging_mixin.py:137} INFO - [2023-01-15T13:10:30.486+0000] {dag.py:2676} INFO - Sync 1 DAGs
[2023-01-15T13:10:30.606+0000] {logging_mixin.py:137} INFO - [2023-01-15T13:10:30.605+0000] {dag.py:3427} INFO - Setting next_dagrun for example_task_group_decorator to 2023-01-14T13:10:30.604838+00:00, run_after=2023-01-15T13:10:30.604838+00:00
[2023-01-15T13:10:31.026+0000] {processor.py:175} INFO - Processing /home/airflow/.local/lib/python3.7/site-packages/airflow/example_dags/example_task_group_decorator.py took 0.968 seconds
[2023-01-15T13:11:03.303+0000] {processor.py:153} INFO - Started process (PID=1237) to work on /home/airflow/.local/lib/python3.7/site-packages/airflow/example_dags/example_task_group_decorator.py
[2023-01-15T13:11:03.316+0000] {processor.py:743} INFO - Processing file /home/airflow/.local/lib/python3.7/site-packages/airflow/example_dags/example_task_group_decorator.py for tasks to queue
[2023-01-15T13:11:03.318+0000] {logging_mixin.py:137} INFO - [2023-01-15T13:11:03.318+0000] {dagbag.py:538} INFO - Filling up the DagBag from /home/airflow/.local/lib/python3.7/site-packages/airflow/example_dags/example_task_group_decorator.py
[2023-01-15T13:11:03.750+0000] {processor.py:753} INFO - DAG(s) dict_keys(['example_task_group_decorator']) retrieved from /home/airflow/.local/lib/python3.7/site-packages/airflow/example_dags/example_task_group_decorator.py
[2023-01-15T13:11:04.283+0000] {logging_mixin.py:137} INFO - [2023-01-15T13:11:04.283+0000] {dag.py:2676} INFO - Sync 1 DAGs
[2023-01-15T13:11:04.578+0000] {logging_mixin.py:137} INFO - [2023-01-15T13:11:04.578+0000] {dag.py:3427} INFO - Setting next_dagrun for example_task_group_decorator to 2023-01-14T13:11:04.578411+00:00, run_after=2023-01-15T13:11:04.578411+00:00
[2023-01-15T13:11:04.758+0000] {processor.py:175} INFO - Processing /home/airflow/.local/lib/python3.7/site-packages/airflow/example_dags/example_task_group_decorator.py took 1.497 seconds
[2023-01-15T13:11:53.635+0000] {processor.py:153} INFO - Started process (PID=1296) to work on /home/airflow/.local/lib/python3.7/site-packages/airflow/example_dags/example_task_group_decorator.py
[2023-01-15T13:11:53.648+0000] {processor.py:743} INFO - Processing file /home/airflow/.local/lib/python3.7/site-packages/airflow/example_dags/example_task_group_decorator.py for tasks to queue
[2023-01-15T13:11:53.658+0000] {logging_mixin.py:137} INFO - [2023-01-15T13:11:53.658+0000] {dagbag.py:538} INFO - Filling up the DagBag from /home/airflow/.local/lib/python3.7/site-packages/airflow/example_dags/example_task_group_decorator.py
[2023-01-15T13:11:54.986+0000] {processor.py:753} INFO - DAG(s) dict_keys(['example_task_group_decorator']) retrieved from /home/airflow/.local/lib/python3.7/site-packages/airflow/example_dags/example_task_group_decorator.py
[2023-01-15T13:11:57.463+0000] {logging_mixin.py:137} INFO - [2023-01-15T13:11:57.460+0000] {dag.py:2676} INFO - Sync 1 DAGs
[2023-01-15T13:11:58.440+0000] {logging_mixin.py:137} INFO - [2023-01-15T13:11:58.440+0000] {dag.py:3427} INFO - Setting next_dagrun for example_task_group_decorator to 2023-01-14T13:11:58.440278+00:00, run_after=2023-01-15T13:11:58.440278+00:00
[2023-01-15T13:11:59.111+0000] {processor.py:175} INFO - Processing /home/airflow/.local/lib/python3.7/site-packages/airflow/example_dags/example_task_group_decorator.py took 5.536 seconds
[2023-01-15T13:12:43.272+0000] {processor.py:153} INFO - Started process (PID=1364) to work on /home/airflow/.local/lib/python3.7/site-packages/airflow/example_dags/example_task_group_decorator.py
[2023-01-15T13:12:43.281+0000] {processor.py:743} INFO - Processing file /home/airflow/.local/lib/python3.7/site-packages/airflow/example_dags/example_task_group_decorator.py for tasks to queue
[2023-01-15T13:12:43.286+0000] {logging_mixin.py:137} INFO - [2023-01-15T13:12:43.286+0000] {dagbag.py:538} INFO - Filling up the DagBag from /home/airflow/.local/lib/python3.7/site-packages/airflow/example_dags/example_task_group_decorator.py
[2023-01-15T13:12:43.509+0000] {processor.py:753} INFO - DAG(s) dict_keys(['example_task_group_decorator']) retrieved from /home/airflow/.local/lib/python3.7/site-packages/airflow/example_dags/example_task_group_decorator.py
[2023-01-15T13:12:43.761+0000] {logging_mixin.py:137} INFO - [2023-01-15T13:12:43.761+0000] {dag.py:2676} INFO - Sync 1 DAGs
[2023-01-15T13:12:43.972+0000] {logging_mixin.py:137} INFO - [2023-01-15T13:12:43.971+0000] {dag.py:3427} INFO - Setting next_dagrun for example_task_group_decorator to 2023-01-14T13:12:43.966343+00:00, run_after=2023-01-15T13:12:43.966343+00:00
[2023-01-15T13:12:44.073+0000] {processor.py:175} INFO - Processing /home/airflow/.local/lib/python3.7/site-packages/airflow/example_dags/example_task_group_decorator.py took 0.822 seconds
[2023-01-15T13:13:30.466+0000] {processor.py:153} INFO - Started process (PID=1419) to work on /home/airflow/.local/lib/python3.7/site-packages/airflow/example_dags/example_task_group_decorator.py
[2023-01-15T13:13:30.477+0000] {processor.py:743} INFO - Processing file /home/airflow/.local/lib/python3.7/site-packages/airflow/example_dags/example_task_group_decorator.py for tasks to queue
[2023-01-15T13:13:30.482+0000] {logging_mixin.py:137} INFO - [2023-01-15T13:13:30.482+0000] {dagbag.py:538} INFO - Filling up the DagBag from /home/airflow/.local/lib/python3.7/site-packages/airflow/example_dags/example_task_group_decorator.py
[2023-01-15T13:13:31.027+0000] {processor.py:753} INFO - DAG(s) dict_keys(['example_task_group_decorator']) retrieved from /home/airflow/.local/lib/python3.7/site-packages/airflow/example_dags/example_task_group_decorator.py
[2023-01-15T13:13:31.650+0000] {logging_mixin.py:137} INFO - [2023-01-15T13:13:31.649+0000] {dag.py:2676} INFO - Sync 1 DAGs
[2023-01-15T13:13:32.000+0000] {logging_mixin.py:137} INFO - [2023-01-15T13:13:32.000+0000] {dag.py:3427} INFO - Setting next_dagrun for example_task_group_decorator to 2023-01-14T13:13:32.000177+00:00, run_after=2023-01-15T13:13:32.000177+00:00
[2023-01-15T13:13:32.200+0000] {processor.py:175} INFO - Processing /home/airflow/.local/lib/python3.7/site-packages/airflow/example_dags/example_task_group_decorator.py took 1.786 seconds
[2023-01-15T13:14:02.610+0000] {processor.py:153} INFO - Started process (PID=1475) to work on /home/airflow/.local/lib/python3.7/site-packages/airflow/example_dags/example_task_group_decorator.py
[2023-01-15T13:14:02.617+0000] {processor.py:743} INFO - Processing file /home/airflow/.local/lib/python3.7/site-packages/airflow/example_dags/example_task_group_decorator.py for tasks to queue
[2023-01-15T13:14:02.620+0000] {logging_mixin.py:137} INFO - [2023-01-15T13:14:02.619+0000] {dagbag.py:538} INFO - Filling up the DagBag from /home/airflow/.local/lib/python3.7/site-packages/airflow/example_dags/example_task_group_decorator.py
[2023-01-15T13:14:02.701+0000] {processor.py:753} INFO - DAG(s) dict_keys(['example_task_group_decorator']) retrieved from /home/airflow/.local/lib/python3.7/site-packages/airflow/example_dags/example_task_group_decorator.py
[2023-01-15T13:14:02.809+0000] {logging_mixin.py:137} INFO - [2023-01-15T13:14:02.809+0000] {dag.py:2676} INFO - Sync 1 DAGs
[2023-01-15T13:14:02.874+0000] {logging_mixin.py:137} INFO - [2023-01-15T13:14:02.874+0000] {dag.py:3427} INFO - Setting next_dagrun for example_task_group_decorator to 2023-01-14T13:14:02.874322+00:00, run_after=2023-01-15T13:14:02.874322+00:00
[2023-01-15T13:14:02.926+0000] {processor.py:175} INFO - Processing /home/airflow/.local/lib/python3.7/site-packages/airflow/example_dags/example_task_group_decorator.py took 0.325 seconds
[2023-01-15T13:14:33.078+0000] {processor.py:153} INFO - Started process (PID=1522) to work on /home/airflow/.local/lib/python3.7/site-packages/airflow/example_dags/example_task_group_decorator.py
[2023-01-15T13:14:33.088+0000] {processor.py:743} INFO - Processing file /home/airflow/.local/lib/python3.7/site-packages/airflow/example_dags/example_task_group_decorator.py for tasks to queue
[2023-01-15T13:14:33.094+0000] {logging_mixin.py:137} INFO - [2023-01-15T13:14:33.094+0000] {dagbag.py:538} INFO - Filling up the DagBag from /home/airflow/.local/lib/python3.7/site-packages/airflow/example_dags/example_task_group_decorator.py
[2023-01-15T13:14:33.293+0000] {processor.py:753} INFO - DAG(s) dict_keys(['example_task_group_decorator']) retrieved from /home/airflow/.local/lib/python3.7/site-packages/airflow/example_dags/example_task_group_decorator.py
[2023-01-15T13:14:33.548+0000] {logging_mixin.py:137} INFO - [2023-01-15T13:14:33.548+0000] {dag.py:2676} INFO - Sync 1 DAGs
[2023-01-15T13:14:33.697+0000] {logging_mixin.py:137} INFO - [2023-01-15T13:14:33.697+0000] {dag.py:3427} INFO - Setting next_dagrun for example_task_group_decorator to 2023-01-14T13:14:33.696624+00:00, run_after=2023-01-15T13:14:33.696624+00:00
[2023-01-15T13:14:33.757+0000] {processor.py:175} INFO - Processing /home/airflow/.local/lib/python3.7/site-packages/airflow/example_dags/example_task_group_decorator.py took 0.712 seconds
[2023-01-15T13:15:05.403+0000] {processor.py:153} INFO - Started process (PID=1578) to work on /home/airflow/.local/lib/python3.7/site-packages/airflow/example_dags/example_task_group_decorator.py
[2023-01-15T13:15:05.420+0000] {processor.py:743} INFO - Processing file /home/airflow/.local/lib/python3.7/site-packages/airflow/example_dags/example_task_group_decorator.py for tasks to queue
[2023-01-15T13:15:05.423+0000] {logging_mixin.py:137} INFO - [2023-01-15T13:15:05.423+0000] {dagbag.py:538} INFO - Filling up the DagBag from /home/airflow/.local/lib/python3.7/site-packages/airflow/example_dags/example_task_group_decorator.py
[2023-01-15T13:15:05.765+0000] {processor.py:753} INFO - DAG(s) dict_keys(['example_task_group_decorator']) retrieved from /home/airflow/.local/lib/python3.7/site-packages/airflow/example_dags/example_task_group_decorator.py
[2023-01-15T13:15:08.626+0000] {logging_mixin.py:137} INFO - [2023-01-15T13:15:08.625+0000] {dag.py:2676} INFO - Sync 1 DAGs
[2023-01-15T13:15:09.043+0000] {logging_mixin.py:137} INFO - [2023-01-15T13:15:09.043+0000] {dag.py:3427} INFO - Setting next_dagrun for example_task_group_decorator to 2023-01-14T13:15:09.040209+00:00, run_after=2023-01-15T13:15:09.040209+00:00
[2023-01-15T13:15:09.225+0000] {processor.py:175} INFO - Processing /home/airflow/.local/lib/python3.7/site-packages/airflow/example_dags/example_task_group_decorator.py took 3.853 seconds
[2023-01-15T13:15:39.821+0000] {processor.py:153} INFO - Started process (PID=1626) to work on /home/airflow/.local/lib/python3.7/site-packages/airflow/example_dags/example_task_group_decorator.py
[2023-01-15T13:15:39.827+0000] {processor.py:743} INFO - Processing file /home/airflow/.local/lib/python3.7/site-packages/airflow/example_dags/example_task_group_decorator.py for tasks to queue
[2023-01-15T13:15:39.832+0000] {logging_mixin.py:137} INFO - [2023-01-15T13:15:39.829+0000] {dagbag.py:538} INFO - Filling up the DagBag from /home/airflow/.local/lib/python3.7/site-packages/airflow/example_dags/example_task_group_decorator.py
[2023-01-15T13:15:40.286+0000] {processor.py:753} INFO - DAG(s) dict_keys(['example_task_group_decorator']) retrieved from /home/airflow/.local/lib/python3.7/site-packages/airflow/example_dags/example_task_group_decorator.py
[2023-01-15T13:15:40.503+0000] {logging_mixin.py:137} INFO - [2023-01-15T13:15:40.503+0000] {dag.py:2676} INFO - Sync 1 DAGs
[2023-01-15T13:15:40.619+0000] {logging_mixin.py:137} INFO - [2023-01-15T13:15:40.618+0000] {dag.py:3427} INFO - Setting next_dagrun for example_task_group_decorator to 2023-01-14T13:15:40.618606+00:00, run_after=2023-01-15T13:15:40.618606+00:00
[2023-01-15T13:15:40.786+0000] {processor.py:175} INFO - Processing /home/airflow/.local/lib/python3.7/site-packages/airflow/example_dags/example_task_group_decorator.py took 0.991 seconds
[2023-01-15T13:43:57.109+0000] {processor.py:153} INFO - Started process (PID=100) to work on /home/airflow/.local/lib/python3.7/site-packages/airflow/example_dags/example_task_group_decorator.py
[2023-01-15T13:43:57.123+0000] {processor.py:743} INFO - Processing file /home/airflow/.local/lib/python3.7/site-packages/airflow/example_dags/example_task_group_decorator.py for tasks to queue
[2023-01-15T13:43:57.140+0000] {logging_mixin.py:137} INFO - [2023-01-15T13:43:57.140+0000] {dagbag.py:538} INFO - Filling up the DagBag from /home/airflow/.local/lib/python3.7/site-packages/airflow/example_dags/example_task_group_decorator.py
[2023-01-15T13:43:58.203+0000] {processor.py:753} INFO - DAG(s) dict_keys(['example_task_group_decorator']) retrieved from /home/airflow/.local/lib/python3.7/site-packages/airflow/example_dags/example_task_group_decorator.py
[2023-01-15T13:44:00.836+0000] {logging_mixin.py:137} INFO - [2023-01-15T13:44:00.779+0000] {dag.py:2676} INFO - Sync 1 DAGs
[2023-01-15T13:44:07.577+0000] {logging_mixin.py:137} INFO - [2023-01-15T13:44:07.577+0000] {dag.py:3427} INFO - Setting next_dagrun for example_task_group_decorator to 2023-01-14T13:44:07.547639+00:00, run_after=2023-01-15T13:44:07.547639+00:00
[2023-01-15T13:44:09.643+0000] {processor.py:175} INFO - Processing /home/airflow/.local/lib/python3.7/site-packages/airflow/example_dags/example_task_group_decorator.py took 12.607 seconds
[2023-01-15T13:45:41.632+0000] {processor.py:153} INFO - Started process (PID=192) to work on /home/airflow/.local/lib/python3.7/site-packages/airflow/example_dags/example_task_group_decorator.py
[2023-01-15T13:45:41.669+0000] {processor.py:743} INFO - Processing file /home/airflow/.local/lib/python3.7/site-packages/airflow/example_dags/example_task_group_decorator.py for tasks to queue
[2023-01-15T13:45:41.720+0000] {logging_mixin.py:137} INFO - [2023-01-15T13:45:41.690+0000] {dagbag.py:538} INFO - Filling up the DagBag from /home/airflow/.local/lib/python3.7/site-packages/airflow/example_dags/example_task_group_decorator.py
[2023-01-15T13:45:43.108+0000] {processor.py:753} INFO - DAG(s) dict_keys(['example_task_group_decorator']) retrieved from /home/airflow/.local/lib/python3.7/site-packages/airflow/example_dags/example_task_group_decorator.py
[2023-01-15T13:45:44.914+0000] {logging_mixin.py:137} INFO - [2023-01-15T13:45:44.914+0000] {dag.py:2676} INFO - Sync 1 DAGs
[2023-01-15T13:45:45.804+0000] {logging_mixin.py:137} INFO - [2023-01-15T13:45:45.803+0000] {dag.py:3427} INFO - Setting next_dagrun for example_task_group_decorator to 2023-01-14T13:45:45.803616+00:00, run_after=2023-01-15T13:45:45.803616+00:00
[2023-01-15T13:45:46.350+0000] {processor.py:175} INFO - Processing /home/airflow/.local/lib/python3.7/site-packages/airflow/example_dags/example_task_group_decorator.py took 4.867 seconds
[2023-01-15T13:46:17.561+0000] {processor.py:153} INFO - Started process (PID=241) to work on /home/airflow/.local/lib/python3.7/site-packages/airflow/example_dags/example_task_group_decorator.py
[2023-01-15T13:46:17.576+0000] {processor.py:743} INFO - Processing file /home/airflow/.local/lib/python3.7/site-packages/airflow/example_dags/example_task_group_decorator.py for tasks to queue
[2023-01-15T13:46:17.581+0000] {logging_mixin.py:137} INFO - [2023-01-15T13:46:17.580+0000] {dagbag.py:538} INFO - Filling up the DagBag from /home/airflow/.local/lib/python3.7/site-packages/airflow/example_dags/example_task_group_decorator.py
[2023-01-15T13:46:18.395+0000] {processor.py:753} INFO - DAG(s) dict_keys(['example_task_group_decorator']) retrieved from /home/airflow/.local/lib/python3.7/site-packages/airflow/example_dags/example_task_group_decorator.py
[2023-01-15T13:46:19.164+0000] {logging_mixin.py:137} INFO - [2023-01-15T13:46:19.164+0000] {dag.py:2676} INFO - Sync 1 DAGs
[2023-01-15T13:46:19.878+0000] {logging_mixin.py:137} INFO - [2023-01-15T13:46:19.878+0000] {dag.py:3427} INFO - Setting next_dagrun for example_task_group_decorator to 2023-01-14T13:46:19.866078+00:00, run_after=2023-01-15T13:46:19.866078+00:00
[2023-01-15T13:46:20.438+0000] {processor.py:175} INFO - Processing /home/airflow/.local/lib/python3.7/site-packages/airflow/example_dags/example_task_group_decorator.py took 3.037 seconds
[2023-01-15T13:46:50.769+0000] {processor.py:153} INFO - Started process (PID=297) to work on /home/airflow/.local/lib/python3.7/site-packages/airflow/example_dags/example_task_group_decorator.py
[2023-01-15T13:46:50.771+0000] {processor.py:743} INFO - Processing file /home/airflow/.local/lib/python3.7/site-packages/airflow/example_dags/example_task_group_decorator.py for tasks to queue
[2023-01-15T13:46:50.773+0000] {logging_mixin.py:137} INFO - [2023-01-15T13:46:50.773+0000] {dagbag.py:538} INFO - Filling up the DagBag from /home/airflow/.local/lib/python3.7/site-packages/airflow/example_dags/example_task_group_decorator.py
[2023-01-15T13:46:50.807+0000] {processor.py:753} INFO - DAG(s) dict_keys(['example_task_group_decorator']) retrieved from /home/airflow/.local/lib/python3.7/site-packages/airflow/example_dags/example_task_group_decorator.py
[2023-01-15T13:46:50.856+0000] {logging_mixin.py:137} INFO - [2023-01-15T13:46:50.856+0000] {dag.py:2676} INFO - Sync 1 DAGs
[2023-01-15T13:46:50.901+0000] {logging_mixin.py:137} INFO - [2023-01-15T13:46:50.900+0000] {dag.py:3427} INFO - Setting next_dagrun for example_task_group_decorator to 2023-01-14T13:46:50.899004+00:00, run_after=2023-01-15T13:46:50.899004+00:00
[2023-01-15T13:46:50.977+0000] {processor.py:175} INFO - Processing /home/airflow/.local/lib/python3.7/site-packages/airflow/example_dags/example_task_group_decorator.py took 0.212 seconds
[2023-01-15T13:47:21.660+0000] {processor.py:153} INFO - Started process (PID=352) to work on /home/airflow/.local/lib/python3.7/site-packages/airflow/example_dags/example_task_group_decorator.py
[2023-01-15T13:47:21.668+0000] {processor.py:743} INFO - Processing file /home/airflow/.local/lib/python3.7/site-packages/airflow/example_dags/example_task_group_decorator.py for tasks to queue
[2023-01-15T13:47:21.670+0000] {logging_mixin.py:137} INFO - [2023-01-15T13:47:21.670+0000] {dagbag.py:538} INFO - Filling up the DagBag from /home/airflow/.local/lib/python3.7/site-packages/airflow/example_dags/example_task_group_decorator.py
[2023-01-15T13:47:21.912+0000] {processor.py:753} INFO - DAG(s) dict_keys(['example_task_group_decorator']) retrieved from /home/airflow/.local/lib/python3.7/site-packages/airflow/example_dags/example_task_group_decorator.py
[2023-01-15T13:47:22.092+0000] {logging_mixin.py:137} INFO - [2023-01-15T13:47:22.091+0000] {dag.py:2676} INFO - Sync 1 DAGs
[2023-01-15T13:47:22.255+0000] {logging_mixin.py:137} INFO - [2023-01-15T13:47:22.255+0000] {dag.py:3427} INFO - Setting next_dagrun for example_task_group_decorator to 2023-01-14T13:47:22.254861+00:00, run_after=2023-01-15T13:47:22.254861+00:00
[2023-01-15T13:47:22.373+0000] {processor.py:175} INFO - Processing /home/airflow/.local/lib/python3.7/site-packages/airflow/example_dags/example_task_group_decorator.py took 0.744 seconds
[2023-01-15T13:47:52.777+0000] {processor.py:153} INFO - Started process (PID=408) to work on /home/airflow/.local/lib/python3.7/site-packages/airflow/example_dags/example_task_group_decorator.py
[2023-01-15T13:47:52.783+0000] {processor.py:743} INFO - Processing file /home/airflow/.local/lib/python3.7/site-packages/airflow/example_dags/example_task_group_decorator.py for tasks to queue
[2023-01-15T13:47:52.792+0000] {logging_mixin.py:137} INFO - [2023-01-15T13:47:52.786+0000] {dagbag.py:538} INFO - Filling up the DagBag from /home/airflow/.local/lib/python3.7/site-packages/airflow/example_dags/example_task_group_decorator.py
[2023-01-15T13:47:53.029+0000] {processor.py:753} INFO - DAG(s) dict_keys(['example_task_group_decorator']) retrieved from /home/airflow/.local/lib/python3.7/site-packages/airflow/example_dags/example_task_group_decorator.py
[2023-01-15T13:47:53.264+0000] {logging_mixin.py:137} INFO - [2023-01-15T13:47:53.264+0000] {dag.py:2676} INFO - Sync 1 DAGs
[2023-01-15T13:47:53.386+0000] {logging_mixin.py:137} INFO - [2023-01-15T13:47:53.383+0000] {dag.py:3427} INFO - Setting next_dagrun for example_task_group_decorator to 2023-01-14T13:47:53.383541+00:00, run_after=2023-01-15T13:47:53.383541+00:00
[2023-01-15T13:47:53.511+0000] {processor.py:175} INFO - Processing /home/airflow/.local/lib/python3.7/site-packages/airflow/example_dags/example_task_group_decorator.py took 0.765 seconds
[2023-01-15T13:48:23.869+0000] {processor.py:153} INFO - Started process (PID=454) to work on /home/airflow/.local/lib/python3.7/site-packages/airflow/example_dags/example_task_group_decorator.py
[2023-01-15T13:48:23.873+0000] {processor.py:743} INFO - Processing file /home/airflow/.local/lib/python3.7/site-packages/airflow/example_dags/example_task_group_decorator.py for tasks to queue
[2023-01-15T13:48:23.877+0000] {logging_mixin.py:137} INFO - [2023-01-15T13:48:23.875+0000] {dagbag.py:538} INFO - Filling up the DagBag from /home/airflow/.local/lib/python3.7/site-packages/airflow/example_dags/example_task_group_decorator.py
[2023-01-15T13:48:23.946+0000] {processor.py:753} INFO - DAG(s) dict_keys(['example_task_group_decorator']) retrieved from /home/airflow/.local/lib/python3.7/site-packages/airflow/example_dags/example_task_group_decorator.py
[2023-01-15T13:48:24.038+0000] {logging_mixin.py:137} INFO - [2023-01-15T13:48:24.038+0000] {dag.py:2676} INFO - Sync 1 DAGs
[2023-01-15T13:48:24.103+0000] {logging_mixin.py:137} INFO - [2023-01-15T13:48:24.103+0000] {dag.py:3427} INFO - Setting next_dagrun for example_task_group_decorator to 2023-01-14T13:48:24.103128+00:00, run_after=2023-01-15T13:48:24.103128+00:00
[2023-01-15T13:48:24.155+0000] {processor.py:175} INFO - Processing /home/airflow/.local/lib/python3.7/site-packages/airflow/example_dags/example_task_group_decorator.py took 0.294 seconds
[2023-01-15T13:48:54.319+0000] {processor.py:153} INFO - Started process (PID=508) to work on /home/airflow/.local/lib/python3.7/site-packages/airflow/example_dags/example_task_group_decorator.py
[2023-01-15T13:48:54.329+0000] {processor.py:743} INFO - Processing file /home/airflow/.local/lib/python3.7/site-packages/airflow/example_dags/example_task_group_decorator.py for tasks to queue
[2023-01-15T13:48:54.334+0000] {logging_mixin.py:137} INFO - [2023-01-15T13:48:54.333+0000] {dagbag.py:538} INFO - Filling up the DagBag from /home/airflow/.local/lib/python3.7/site-packages/airflow/example_dags/example_task_group_decorator.py
[2023-01-15T13:48:54.599+0000] {processor.py:753} INFO - DAG(s) dict_keys(['example_task_group_decorator']) retrieved from /home/airflow/.local/lib/python3.7/site-packages/airflow/example_dags/example_task_group_decorator.py
[2023-01-15T13:48:54.861+0000] {logging_mixin.py:137} INFO - [2023-01-15T13:48:54.861+0000] {dag.py:2676} INFO - Sync 1 DAGs
[2023-01-15T13:48:55.008+0000] {logging_mixin.py:137} INFO - [2023-01-15T13:48:55.007+0000] {dag.py:3427} INFO - Setting next_dagrun for example_task_group_decorator to 2023-01-14T13:48:55.007468+00:00, run_after=2023-01-15T13:48:55.007468+00:00
[2023-01-15T13:48:55.098+0000] {processor.py:175} INFO - Processing /home/airflow/.local/lib/python3.7/site-packages/airflow/example_dags/example_task_group_decorator.py took 0.805 seconds
[2023-01-15T13:49:25.466+0000] {processor.py:153} INFO - Started process (PID=573) to work on /home/airflow/.local/lib/python3.7/site-packages/airflow/example_dags/example_task_group_decorator.py
[2023-01-15T13:49:25.468+0000] {processor.py:743} INFO - Processing file /home/airflow/.local/lib/python3.7/site-packages/airflow/example_dags/example_task_group_decorator.py for tasks to queue
[2023-01-15T13:49:25.469+0000] {logging_mixin.py:137} INFO - [2023-01-15T13:49:25.469+0000] {dagbag.py:538} INFO - Filling up the DagBag from /home/airflow/.local/lib/python3.7/site-packages/airflow/example_dags/example_task_group_decorator.py
[2023-01-15T13:49:25.537+0000] {processor.py:753} INFO - DAG(s) dict_keys(['example_task_group_decorator']) retrieved from /home/airflow/.local/lib/python3.7/site-packages/airflow/example_dags/example_task_group_decorator.py
[2023-01-15T13:49:25.713+0000] {logging_mixin.py:137} INFO - [2023-01-15T13:49:25.712+0000] {dag.py:2676} INFO - Sync 1 DAGs
[2023-01-15T13:49:25.785+0000] {logging_mixin.py:137} INFO - [2023-01-15T13:49:25.785+0000] {dag.py:3427} INFO - Setting next_dagrun for example_task_group_decorator to 2023-01-14T13:49:25.785414+00:00, run_after=2023-01-15T13:49:25.785414+00:00
[2023-01-15T13:49:25.835+0000] {processor.py:175} INFO - Processing /home/airflow/.local/lib/python3.7/site-packages/airflow/example_dags/example_task_group_decorator.py took 0.379 seconds
[2023-01-15T13:49:57.416+0000] {processor.py:153} INFO - Started process (PID=627) to work on /home/airflow/.local/lib/python3.7/site-packages/airflow/example_dags/example_task_group_decorator.py
[2023-01-15T13:49:57.424+0000] {processor.py:743} INFO - Processing file /home/airflow/.local/lib/python3.7/site-packages/airflow/example_dags/example_task_group_decorator.py for tasks to queue
[2023-01-15T13:49:57.429+0000] {logging_mixin.py:137} INFO - [2023-01-15T13:49:57.429+0000] {dagbag.py:538} INFO - Filling up the DagBag from /home/airflow/.local/lib/python3.7/site-packages/airflow/example_dags/example_task_group_decorator.py
[2023-01-15T13:49:57.708+0000] {processor.py:753} INFO - DAG(s) dict_keys(['example_task_group_decorator']) retrieved from /home/airflow/.local/lib/python3.7/site-packages/airflow/example_dags/example_task_group_decorator.py
[2023-01-15T13:49:57.891+0000] {logging_mixin.py:137} INFO - [2023-01-15T13:49:57.891+0000] {dag.py:2676} INFO - Sync 1 DAGs
[2023-01-15T13:49:57.989+0000] {logging_mixin.py:137} INFO - [2023-01-15T13:49:57.989+0000] {dag.py:3427} INFO - Setting next_dagrun for example_task_group_decorator to 2023-01-14T13:49:57.988801+00:00, run_after=2023-01-15T13:49:57.988801+00:00
[2023-01-15T13:49:58.060+0000] {processor.py:175} INFO - Processing /home/airflow/.local/lib/python3.7/site-packages/airflow/example_dags/example_task_group_decorator.py took 0.659 seconds
[2023-01-15T13:50:28.508+0000] {processor.py:153} INFO - Started process (PID=676) to work on /home/airflow/.local/lib/python3.7/site-packages/airflow/example_dags/example_task_group_decorator.py
[2023-01-15T13:50:28.514+0000] {processor.py:743} INFO - Processing file /home/airflow/.local/lib/python3.7/site-packages/airflow/example_dags/example_task_group_decorator.py for tasks to queue
[2023-01-15T13:50:28.520+0000] {logging_mixin.py:137} INFO - [2023-01-15T13:50:28.519+0000] {dagbag.py:538} INFO - Filling up the DagBag from /home/airflow/.local/lib/python3.7/site-packages/airflow/example_dags/example_task_group_decorator.py
[2023-01-15T13:50:28.571+0000] {processor.py:753} INFO - DAG(s) dict_keys(['example_task_group_decorator']) retrieved from /home/airflow/.local/lib/python3.7/site-packages/airflow/example_dags/example_task_group_decorator.py
[2023-01-15T13:50:28.662+0000] {logging_mixin.py:137} INFO - [2023-01-15T13:50:28.661+0000] {dag.py:2676} INFO - Sync 1 DAGs
[2023-01-15T13:50:28.700+0000] {logging_mixin.py:137} INFO - [2023-01-15T13:50:28.700+0000] {dag.py:3427} INFO - Setting next_dagrun for example_task_group_decorator to 2023-01-14T13:50:28.700319+00:00, run_after=2023-01-15T13:50:28.700319+00:00
[2023-01-15T13:50:28.736+0000] {processor.py:175} INFO - Processing /home/airflow/.local/lib/python3.7/site-packages/airflow/example_dags/example_task_group_decorator.py took 0.233 seconds
[2023-01-15T13:51:00.194+0000] {processor.py:153} INFO - Started process (PID=741) to work on /home/airflow/.local/lib/python3.7/site-packages/airflow/example_dags/example_task_group_decorator.py
[2023-01-15T13:51:00.199+0000] {processor.py:743} INFO - Processing file /home/airflow/.local/lib/python3.7/site-packages/airflow/example_dags/example_task_group_decorator.py for tasks to queue
[2023-01-15T13:51:00.201+0000] {logging_mixin.py:137} INFO - [2023-01-15T13:51:00.201+0000] {dagbag.py:538} INFO - Filling up the DagBag from /home/airflow/.local/lib/python3.7/site-packages/airflow/example_dags/example_task_group_decorator.py
[2023-01-15T13:51:00.319+0000] {processor.py:753} INFO - DAG(s) dict_keys(['example_task_group_decorator']) retrieved from /home/airflow/.local/lib/python3.7/site-packages/airflow/example_dags/example_task_group_decorator.py
[2023-01-15T13:51:00.470+0000] {logging_mixin.py:137} INFO - [2023-01-15T13:51:00.466+0000] {dag.py:2676} INFO - Sync 1 DAGs
[2023-01-15T13:51:00.604+0000] {logging_mixin.py:137} INFO - [2023-01-15T13:51:00.604+0000] {dag.py:3427} INFO - Setting next_dagrun for example_task_group_decorator to 2023-01-14T13:51:00.601527+00:00, run_after=2023-01-15T13:51:00.601527+00:00
[2023-01-15T13:51:00.668+0000] {processor.py:175} INFO - Processing /home/airflow/.local/lib/python3.7/site-packages/airflow/example_dags/example_task_group_decorator.py took 0.486 seconds
[2023-01-15T13:51:34.919+0000] {processor.py:153} INFO - Started process (PID=797) to work on /home/airflow/.local/lib/python3.7/site-packages/airflow/example_dags/example_task_group_decorator.py
[2023-01-15T13:51:34.930+0000] {processor.py:743} INFO - Processing file /home/airflow/.local/lib/python3.7/site-packages/airflow/example_dags/example_task_group_decorator.py for tasks to queue
[2023-01-15T13:51:34.941+0000] {logging_mixin.py:137} INFO - [2023-01-15T13:51:34.941+0000] {dagbag.py:538} INFO - Filling up the DagBag from /home/airflow/.local/lib/python3.7/site-packages/airflow/example_dags/example_task_group_decorator.py
[2023-01-15T13:51:35.403+0000] {processor.py:753} INFO - DAG(s) dict_keys(['example_task_group_decorator']) retrieved from /home/airflow/.local/lib/python3.7/site-packages/airflow/example_dags/example_task_group_decorator.py
[2023-01-15T13:51:35.967+0000] {logging_mixin.py:137} INFO - [2023-01-15T13:51:35.967+0000] {dag.py:2676} INFO - Sync 1 DAGs
[2023-01-15T13:51:36.205+0000] {logging_mixin.py:137} INFO - [2023-01-15T13:51:36.205+0000] {dag.py:3427} INFO - Setting next_dagrun for example_task_group_decorator to 2023-01-14T13:51:36.200665+00:00, run_after=2023-01-15T13:51:36.200665+00:00
[2023-01-15T13:51:36.363+0000] {processor.py:175} INFO - Processing /home/airflow/.local/lib/python3.7/site-packages/airflow/example_dags/example_task_group_decorator.py took 1.499 seconds
[2023-01-15T13:52:07.172+0000] {processor.py:153} INFO - Started process (PID=844) to work on /home/airflow/.local/lib/python3.7/site-packages/airflow/example_dags/example_task_group_decorator.py
[2023-01-15T13:52:07.180+0000] {processor.py:743} INFO - Processing file /home/airflow/.local/lib/python3.7/site-packages/airflow/example_dags/example_task_group_decorator.py for tasks to queue
[2023-01-15T13:52:07.237+0000] {logging_mixin.py:137} INFO - [2023-01-15T13:52:07.223+0000] {dagbag.py:538} INFO - Filling up the DagBag from /home/airflow/.local/lib/python3.7/site-packages/airflow/example_dags/example_task_group_decorator.py
[2023-01-15T13:52:07.624+0000] {processor.py:753} INFO - DAG(s) dict_keys(['example_task_group_decorator']) retrieved from /home/airflow/.local/lib/python3.7/site-packages/airflow/example_dags/example_task_group_decorator.py
[2023-01-15T13:52:08.054+0000] {logging_mixin.py:137} INFO - [2023-01-15T13:52:08.048+0000] {dag.py:2676} INFO - Sync 1 DAGs
[2023-01-15T13:52:08.286+0000] {logging_mixin.py:137} INFO - [2023-01-15T13:52:08.286+0000] {dag.py:3427} INFO - Setting next_dagrun for example_task_group_decorator to 2023-01-14T13:52:08.283012+00:00, run_after=2023-01-15T13:52:08.283012+00:00
[2023-01-15T13:52:08.473+0000] {processor.py:175} INFO - Processing /home/airflow/.local/lib/python3.7/site-packages/airflow/example_dags/example_task_group_decorator.py took 1.381 seconds
[2023-01-15T13:52:39.512+0000] {processor.py:153} INFO - Started process (PID=900) to work on /home/airflow/.local/lib/python3.7/site-packages/airflow/example_dags/example_task_group_decorator.py
[2023-01-15T13:52:39.520+0000] {processor.py:743} INFO - Processing file /home/airflow/.local/lib/python3.7/site-packages/airflow/example_dags/example_task_group_decorator.py for tasks to queue
[2023-01-15T13:52:39.528+0000] {logging_mixin.py:137} INFO - [2023-01-15T13:52:39.528+0000] {dagbag.py:538} INFO - Filling up the DagBag from /home/airflow/.local/lib/python3.7/site-packages/airflow/example_dags/example_task_group_decorator.py
[2023-01-15T13:52:39.612+0000] {processor.py:753} INFO - DAG(s) dict_keys(['example_task_group_decorator']) retrieved from /home/airflow/.local/lib/python3.7/site-packages/airflow/example_dags/example_task_group_decorator.py
[2023-01-15T13:52:39.723+0000] {logging_mixin.py:137} INFO - [2023-01-15T13:52:39.723+0000] {dag.py:2676} INFO - Sync 1 DAGs
[2023-01-15T13:52:39.774+0000] {logging_mixin.py:137} INFO - [2023-01-15T13:52:39.774+0000] {dag.py:3427} INFO - Setting next_dagrun for example_task_group_decorator to 2023-01-14T13:52:39.774258+00:00, run_after=2023-01-15T13:52:39.774258+00:00
[2023-01-15T13:52:39.917+0000] {processor.py:175} INFO - Processing /home/airflow/.local/lib/python3.7/site-packages/airflow/example_dags/example_task_group_decorator.py took 0.435 seconds
