[2023-01-15T12:59:37.376+0000] {processor.py:153} INFO - Started process (PID=82) to work on /home/airflow/.local/lib/python3.7/site-packages/airflow/example_dags/example_sla_dag.py
[2023-01-15T12:59:37.391+0000] {processor.py:743} INFO - Processing file /home/airflow/.local/lib/python3.7/site-packages/airflow/example_dags/example_sla_dag.py for tasks to queue
[2023-01-15T12:59:37.397+0000] {logging_mixin.py:137} INFO - [2023-01-15T12:59:37.397+0000] {dagbag.py:538} INFO - Filling up the DagBag from /home/airflow/.local/lib/python3.7/site-packages/airflow/example_dags/example_sla_dag.py
[2023-01-15T12:59:37.624+0000] {processor.py:753} INFO - DAG(s) dict_keys(['example_sla_dag']) retrieved from /home/airflow/.local/lib/python3.7/site-packages/airflow/example_dags/example_sla_dag.py
[2023-01-15T12:59:38.656+0000] {logging_mixin.py:137} INFO - [2023-01-15T12:59:38.656+0000] {manager.py:504} INFO - Created Permission View: can read on DAG:example_sla_dag
[2023-01-15T12:59:38.685+0000] {logging_mixin.py:137} INFO - [2023-01-15T12:59:38.685+0000] {manager.py:504} INFO - Created Permission View: can edit on DAG:example_sla_dag
[2023-01-15T12:59:38.743+0000] {logging_mixin.py:137} INFO - [2023-01-15T12:59:38.743+0000] {manager.py:504} INFO - Created Permission View: can delete on DAG:example_sla_dag
[2023-01-15T12:59:38.744+0000] {logging_mixin.py:137} INFO - [2023-01-15T12:59:38.744+0000] {dag.py:2676} INFO - Sync 1 DAGs
[2023-01-15T12:59:38.784+0000] {logging_mixin.py:137} INFO - [2023-01-15T12:59:38.784+0000] {dag.py:2697} INFO - Creating ORM DAG for example_sla_dag
[2023-01-15T12:59:38.831+0000] {logging_mixin.py:137} INFO - [2023-01-15T12:59:38.831+0000] {dag.py:3427} INFO - Setting next_dagrun for example_sla_dag to 2023-01-15T12:56:00+00:00, run_after=2023-01-15T12:58:00+00:00
[2023-01-15T12:59:38.899+0000] {processor.py:175} INFO - Processing /home/airflow/.local/lib/python3.7/site-packages/airflow/example_dags/example_sla_dag.py took 1.552 seconds
[2023-01-15T13:00:09.288+0000] {processor.py:153} INFO - Started process (PID=138) to work on /home/airflow/.local/lib/python3.7/site-packages/airflow/example_dags/example_sla_dag.py
[2023-01-15T13:00:09.296+0000] {processor.py:743} INFO - Processing file /home/airflow/.local/lib/python3.7/site-packages/airflow/example_dags/example_sla_dag.py for tasks to queue
[2023-01-15T13:00:09.298+0000] {logging_mixin.py:137} INFO - [2023-01-15T13:00:09.298+0000] {dagbag.py:538} INFO - Filling up the DagBag from /home/airflow/.local/lib/python3.7/site-packages/airflow/example_dags/example_sla_dag.py
[2023-01-15T13:00:09.482+0000] {processor.py:753} INFO - DAG(s) dict_keys(['example_sla_dag']) retrieved from /home/airflow/.local/lib/python3.7/site-packages/airflow/example_dags/example_sla_dag.py
[2023-01-15T13:00:09.593+0000] {logging_mixin.py:137} INFO - [2023-01-15T13:00:09.593+0000] {dag.py:2676} INFO - Sync 1 DAGs
[2023-01-15T13:00:09.662+0000] {logging_mixin.py:137} INFO - [2023-01-15T13:00:09.658+0000] {dag.py:3427} INFO - Setting next_dagrun for example_sla_dag to 2023-01-15T12:58:00+00:00, run_after=2023-01-15T13:00:00+00:00
[2023-01-15T13:00:09.737+0000] {processor.py:175} INFO - Processing /home/airflow/.local/lib/python3.7/site-packages/airflow/example_dags/example_sla_dag.py took 0.457 seconds
[2023-01-15T13:00:40.451+0000] {processor.py:153} INFO - Started process (PID=194) to work on /home/airflow/.local/lib/python3.7/site-packages/airflow/example_dags/example_sla_dag.py
[2023-01-15T13:00:40.457+0000] {processor.py:743} INFO - Processing file /home/airflow/.local/lib/python3.7/site-packages/airflow/example_dags/example_sla_dag.py for tasks to queue
[2023-01-15T13:00:40.462+0000] {logging_mixin.py:137} INFO - [2023-01-15T13:00:40.462+0000] {dagbag.py:538} INFO - Filling up the DagBag from /home/airflow/.local/lib/python3.7/site-packages/airflow/example_dags/example_sla_dag.py
[2023-01-15T13:00:40.595+0000] {processor.py:753} INFO - DAG(s) dict_keys(['example_sla_dag']) retrieved from /home/airflow/.local/lib/python3.7/site-packages/airflow/example_dags/example_sla_dag.py
[2023-01-15T13:00:40.804+0000] {logging_mixin.py:137} INFO - [2023-01-15T13:00:40.804+0000] {dag.py:2676} INFO - Sync 1 DAGs
[2023-01-15T13:00:40.966+0000] {logging_mixin.py:137} INFO - [2023-01-15T13:00:40.966+0000] {dag.py:3427} INFO - Setting next_dagrun for example_sla_dag to 2023-01-15T12:58:00+00:00, run_after=2023-01-15T13:00:00+00:00
[2023-01-15T13:00:41.085+0000] {processor.py:175} INFO - Processing /home/airflow/.local/lib/python3.7/site-packages/airflow/example_dags/example_sla_dag.py took 0.648 seconds
[2023-01-15T13:01:11.791+0000] {processor.py:153} INFO - Started process (PID=250) to work on /home/airflow/.local/lib/python3.7/site-packages/airflow/example_dags/example_sla_dag.py
[2023-01-15T13:01:11.805+0000] {processor.py:743} INFO - Processing file /home/airflow/.local/lib/python3.7/site-packages/airflow/example_dags/example_sla_dag.py for tasks to queue
[2023-01-15T13:01:11.817+0000] {logging_mixin.py:137} INFO - [2023-01-15T13:01:11.816+0000] {dagbag.py:538} INFO - Filling up the DagBag from /home/airflow/.local/lib/python3.7/site-packages/airflow/example_dags/example_sla_dag.py
[2023-01-15T13:01:11.964+0000] {processor.py:753} INFO - DAG(s) dict_keys(['example_sla_dag']) retrieved from /home/airflow/.local/lib/python3.7/site-packages/airflow/example_dags/example_sla_dag.py
[2023-01-15T13:01:12.166+0000] {logging_mixin.py:137} INFO - [2023-01-15T13:01:12.166+0000] {dag.py:2676} INFO - Sync 1 DAGs
[2023-01-15T13:01:12.331+0000] {logging_mixin.py:137} INFO - [2023-01-15T13:01:12.331+0000] {dag.py:3427} INFO - Setting next_dagrun for example_sla_dag to 2023-01-15T12:58:00+00:00, run_after=2023-01-15T13:00:00+00:00
[2023-01-15T13:01:12.416+0000] {processor.py:175} INFO - Processing /home/airflow/.local/lib/python3.7/site-packages/airflow/example_dags/example_sla_dag.py took 0.640 seconds
[2023-01-15T13:01:43.486+0000] {processor.py:153} INFO - Started process (PID=313) to work on /home/airflow/.local/lib/python3.7/site-packages/airflow/example_dags/example_sla_dag.py
[2023-01-15T13:01:43.489+0000] {processor.py:743} INFO - Processing file /home/airflow/.local/lib/python3.7/site-packages/airflow/example_dags/example_sla_dag.py for tasks to queue
[2023-01-15T13:01:43.491+0000] {logging_mixin.py:137} INFO - [2023-01-15T13:01:43.491+0000] {dagbag.py:538} INFO - Filling up the DagBag from /home/airflow/.local/lib/python3.7/site-packages/airflow/example_dags/example_sla_dag.py
[2023-01-15T13:01:43.584+0000] {processor.py:753} INFO - DAG(s) dict_keys(['example_sla_dag']) retrieved from /home/airflow/.local/lib/python3.7/site-packages/airflow/example_dags/example_sla_dag.py
[2023-01-15T13:01:43.726+0000] {logging_mixin.py:137} INFO - [2023-01-15T13:01:43.726+0000] {dag.py:2676} INFO - Sync 1 DAGs
[2023-01-15T13:01:43.983+0000] {logging_mixin.py:137} INFO - [2023-01-15T13:01:43.983+0000] {dag.py:3427} INFO - Setting next_dagrun for example_sla_dag to 2023-01-15T12:58:00+00:00, run_after=2023-01-15T13:00:00+00:00
[2023-01-15T13:01:44.153+0000] {processor.py:175} INFO - Processing /home/airflow/.local/lib/python3.7/site-packages/airflow/example_dags/example_sla_dag.py took 0.681 seconds
[2023-01-15T13:02:15.174+0000] {processor.py:153} INFO - Started process (PID=366) to work on /home/airflow/.local/lib/python3.7/site-packages/airflow/example_dags/example_sla_dag.py
[2023-01-15T13:02:15.189+0000] {processor.py:743} INFO - Processing file /home/airflow/.local/lib/python3.7/site-packages/airflow/example_dags/example_sla_dag.py for tasks to queue
[2023-01-15T13:02:15.191+0000] {logging_mixin.py:137} INFO - [2023-01-15T13:02:15.190+0000] {dagbag.py:538} INFO - Filling up the DagBag from /home/airflow/.local/lib/python3.7/site-packages/airflow/example_dags/example_sla_dag.py
[2023-01-15T13:02:15.292+0000] {processor.py:753} INFO - DAG(s) dict_keys(['example_sla_dag']) retrieved from /home/airflow/.local/lib/python3.7/site-packages/airflow/example_dags/example_sla_dag.py
[2023-01-15T13:02:15.426+0000] {logging_mixin.py:137} INFO - [2023-01-15T13:02:15.426+0000] {dag.py:2676} INFO - Sync 1 DAGs
[2023-01-15T13:02:15.526+0000] {logging_mixin.py:137} INFO - [2023-01-15T13:02:15.526+0000] {dag.py:3427} INFO - Setting next_dagrun for example_sla_dag to 2023-01-15T13:00:00+00:00, run_after=2023-01-15T13:02:00+00:00
[2023-01-15T13:02:15.625+0000] {processor.py:175} INFO - Processing /home/airflow/.local/lib/python3.7/site-packages/airflow/example_dags/example_sla_dag.py took 0.461 seconds
[2023-01-15T13:02:45.814+0000] {processor.py:153} INFO - Started process (PID=414) to work on /home/airflow/.local/lib/python3.7/site-packages/airflow/example_dags/example_sla_dag.py
[2023-01-15T13:02:45.821+0000] {processor.py:743} INFO - Processing file /home/airflow/.local/lib/python3.7/site-packages/airflow/example_dags/example_sla_dag.py for tasks to queue
[2023-01-15T13:02:45.824+0000] {logging_mixin.py:137} INFO - [2023-01-15T13:02:45.824+0000] {dagbag.py:538} INFO - Filling up the DagBag from /home/airflow/.local/lib/python3.7/site-packages/airflow/example_dags/example_sla_dag.py
[2023-01-15T13:02:46.004+0000] {processor.py:753} INFO - DAG(s) dict_keys(['example_sla_dag']) retrieved from /home/airflow/.local/lib/python3.7/site-packages/airflow/example_dags/example_sla_dag.py
[2023-01-15T13:02:46.158+0000] {logging_mixin.py:137} INFO - [2023-01-15T13:02:46.157+0000] {dag.py:2676} INFO - Sync 1 DAGs
[2023-01-15T13:02:46.227+0000] {logging_mixin.py:137} INFO - [2023-01-15T13:02:46.227+0000] {dag.py:3427} INFO - Setting next_dagrun for example_sla_dag to 2023-01-15T13:00:00+00:00, run_after=2023-01-15T13:02:00+00:00
[2023-01-15T13:02:46.273+0000] {processor.py:175} INFO - Processing /home/airflow/.local/lib/python3.7/site-packages/airflow/example_dags/example_sla_dag.py took 0.489 seconds
[2023-01-15T13:03:16.372+0000] {processor.py:153} INFO - Started process (PID=470) to work on /home/airflow/.local/lib/python3.7/site-packages/airflow/example_dags/example_sla_dag.py
[2023-01-15T13:03:16.380+0000] {processor.py:743} INFO - Processing file /home/airflow/.local/lib/python3.7/site-packages/airflow/example_dags/example_sla_dag.py for tasks to queue
[2023-01-15T13:03:16.384+0000] {logging_mixin.py:137} INFO - [2023-01-15T13:03:16.384+0000] {dagbag.py:538} INFO - Filling up the DagBag from /home/airflow/.local/lib/python3.7/site-packages/airflow/example_dags/example_sla_dag.py
[2023-01-15T13:03:16.456+0000] {processor.py:753} INFO - DAG(s) dict_keys(['example_sla_dag']) retrieved from /home/airflow/.local/lib/python3.7/site-packages/airflow/example_dags/example_sla_dag.py
[2023-01-15T13:03:16.638+0000] {logging_mixin.py:137} INFO - [2023-01-15T13:03:16.634+0000] {dag.py:2676} INFO - Sync 1 DAGs
[2023-01-15T13:03:16.778+0000] {logging_mixin.py:137} INFO - [2023-01-15T13:03:16.772+0000] {dag.py:3427} INFO - Setting next_dagrun for example_sla_dag to 2023-01-15T13:00:00+00:00, run_after=2023-01-15T13:02:00+00:00
[2023-01-15T13:03:16.926+0000] {processor.py:175} INFO - Processing /home/airflow/.local/lib/python3.7/site-packages/airflow/example_dags/example_sla_dag.py took 0.565 seconds
[2023-01-15T13:03:47.820+0000] {processor.py:153} INFO - Started process (PID=526) to work on /home/airflow/.local/lib/python3.7/site-packages/airflow/example_dags/example_sla_dag.py
[2023-01-15T13:03:47.824+0000] {processor.py:743} INFO - Processing file /home/airflow/.local/lib/python3.7/site-packages/airflow/example_dags/example_sla_dag.py for tasks to queue
[2023-01-15T13:03:47.831+0000] {logging_mixin.py:137} INFO - [2023-01-15T13:03:47.831+0000] {dagbag.py:538} INFO - Filling up the DagBag from /home/airflow/.local/lib/python3.7/site-packages/airflow/example_dags/example_sla_dag.py
[2023-01-15T13:03:48.012+0000] {processor.py:753} INFO - DAG(s) dict_keys(['example_sla_dag']) retrieved from /home/airflow/.local/lib/python3.7/site-packages/airflow/example_dags/example_sla_dag.py
[2023-01-15T13:03:48.264+0000] {logging_mixin.py:137} INFO - [2023-01-15T13:03:48.264+0000] {dag.py:2676} INFO - Sync 1 DAGs
[2023-01-15T13:03:48.399+0000] {logging_mixin.py:137} INFO - [2023-01-15T13:03:48.399+0000] {dag.py:3427} INFO - Setting next_dagrun for example_sla_dag to 2023-01-15T13:00:00+00:00, run_after=2023-01-15T13:02:00+00:00
[2023-01-15T13:03:48.486+0000] {processor.py:175} INFO - Processing /home/airflow/.local/lib/python3.7/site-packages/airflow/example_dags/example_sla_dag.py took 0.672 seconds
[2023-01-15T13:04:18.810+0000] {processor.py:153} INFO - Started process (PID=590) to work on /home/airflow/.local/lib/python3.7/site-packages/airflow/example_dags/example_sla_dag.py
[2023-01-15T13:04:18.816+0000] {processor.py:743} INFO - Processing file /home/airflow/.local/lib/python3.7/site-packages/airflow/example_dags/example_sla_dag.py for tasks to queue
[2023-01-15T13:04:18.829+0000] {logging_mixin.py:137} INFO - [2023-01-15T13:04:18.824+0000] {dagbag.py:538} INFO - Filling up the DagBag from /home/airflow/.local/lib/python3.7/site-packages/airflow/example_dags/example_sla_dag.py
[2023-01-15T13:04:18.933+0000] {processor.py:753} INFO - DAG(s) dict_keys(['example_sla_dag']) retrieved from /home/airflow/.local/lib/python3.7/site-packages/airflow/example_dags/example_sla_dag.py
[2023-01-15T13:04:19.131+0000] {logging_mixin.py:137} INFO - [2023-01-15T13:04:19.130+0000] {dag.py:2676} INFO - Sync 1 DAGs
[2023-01-15T13:04:19.228+0000] {logging_mixin.py:137} INFO - [2023-01-15T13:04:19.228+0000] {dag.py:3427} INFO - Setting next_dagrun for example_sla_dag to 2023-01-15T13:02:00+00:00, run_after=2023-01-15T13:04:00+00:00
[2023-01-15T13:04:19.301+0000] {processor.py:175} INFO - Processing /home/airflow/.local/lib/python3.7/site-packages/airflow/example_dags/example_sla_dag.py took 0.515 seconds
[2023-01-15T13:04:49.951+0000] {processor.py:153} INFO - Started process (PID=646) to work on /home/airflow/.local/lib/python3.7/site-packages/airflow/example_dags/example_sla_dag.py
[2023-01-15T13:04:49.962+0000] {processor.py:743} INFO - Processing file /home/airflow/.local/lib/python3.7/site-packages/airflow/example_dags/example_sla_dag.py for tasks to queue
[2023-01-15T13:04:49.983+0000] {logging_mixin.py:137} INFO - [2023-01-15T13:04:49.981+0000] {dagbag.py:538} INFO - Filling up the DagBag from /home/airflow/.local/lib/python3.7/site-packages/airflow/example_dags/example_sla_dag.py
[2023-01-15T13:04:50.099+0000] {processor.py:753} INFO - DAG(s) dict_keys(['example_sla_dag']) retrieved from /home/airflow/.local/lib/python3.7/site-packages/airflow/example_dags/example_sla_dag.py
[2023-01-15T13:04:50.288+0000] {logging_mixin.py:137} INFO - [2023-01-15T13:04:50.288+0000] {dag.py:2676} INFO - Sync 1 DAGs
[2023-01-15T13:04:50.418+0000] {logging_mixin.py:137} INFO - [2023-01-15T13:04:50.418+0000] {dag.py:3427} INFO - Setting next_dagrun for example_sla_dag to 2023-01-15T13:02:00+00:00, run_after=2023-01-15T13:04:00+00:00
[2023-01-15T13:04:50.543+0000] {processor.py:175} INFO - Processing /home/airflow/.local/lib/python3.7/site-packages/airflow/example_dags/example_sla_dag.py took 0.620 seconds
[2023-01-15T13:05:20.999+0000] {processor.py:153} INFO - Started process (PID=701) to work on /home/airflow/.local/lib/python3.7/site-packages/airflow/example_dags/example_sla_dag.py
[2023-01-15T13:05:21.005+0000] {processor.py:743} INFO - Processing file /home/airflow/.local/lib/python3.7/site-packages/airflow/example_dags/example_sla_dag.py for tasks to queue
[2023-01-15T13:05:21.014+0000] {logging_mixin.py:137} INFO - [2023-01-15T13:05:21.014+0000] {dagbag.py:538} INFO - Filling up the DagBag from /home/airflow/.local/lib/python3.7/site-packages/airflow/example_dags/example_sla_dag.py
[2023-01-15T13:05:21.144+0000] {processor.py:753} INFO - DAG(s) dict_keys(['example_sla_dag']) retrieved from /home/airflow/.local/lib/python3.7/site-packages/airflow/example_dags/example_sla_dag.py
[2023-01-15T13:05:21.370+0000] {logging_mixin.py:137} INFO - [2023-01-15T13:05:21.370+0000] {dag.py:2676} INFO - Sync 1 DAGs
[2023-01-15T13:05:21.520+0000] {logging_mixin.py:137} INFO - [2023-01-15T13:05:21.520+0000] {dag.py:3427} INFO - Setting next_dagrun for example_sla_dag to 2023-01-15T13:02:00+00:00, run_after=2023-01-15T13:04:00+00:00
[2023-01-15T13:05:21.605+0000] {processor.py:175} INFO - Processing /home/airflow/.local/lib/python3.7/site-packages/airflow/example_dags/example_sla_dag.py took 0.629 seconds
[2023-01-15T13:05:51.985+0000] {processor.py:153} INFO - Started process (PID=755) to work on /home/airflow/.local/lib/python3.7/site-packages/airflow/example_dags/example_sla_dag.py
[2023-01-15T13:05:51.990+0000] {processor.py:743} INFO - Processing file /home/airflow/.local/lib/python3.7/site-packages/airflow/example_dags/example_sla_dag.py for tasks to queue
[2023-01-15T13:05:51.996+0000] {logging_mixin.py:137} INFO - [2023-01-15T13:05:51.995+0000] {dagbag.py:538} INFO - Filling up the DagBag from /home/airflow/.local/lib/python3.7/site-packages/airflow/example_dags/example_sla_dag.py
[2023-01-15T13:05:52.096+0000] {processor.py:753} INFO - DAG(s) dict_keys(['example_sla_dag']) retrieved from /home/airflow/.local/lib/python3.7/site-packages/airflow/example_dags/example_sla_dag.py
[2023-01-15T13:05:52.238+0000] {logging_mixin.py:137} INFO - [2023-01-15T13:05:52.238+0000] {dag.py:2676} INFO - Sync 1 DAGs
[2023-01-15T13:05:52.341+0000] {logging_mixin.py:137} INFO - [2023-01-15T13:05:52.341+0000] {dag.py:3427} INFO - Setting next_dagrun for example_sla_dag to 2023-01-15T13:02:00+00:00, run_after=2023-01-15T13:04:00+00:00
[2023-01-15T13:05:52.406+0000] {processor.py:175} INFO - Processing /home/airflow/.local/lib/python3.7/site-packages/airflow/example_dags/example_sla_dag.py took 0.442 seconds
[2023-01-15T13:06:23.086+0000] {processor.py:153} INFO - Started process (PID=817) to work on /home/airflow/.local/lib/python3.7/site-packages/airflow/example_dags/example_sla_dag.py
[2023-01-15T13:06:23.098+0000] {processor.py:743} INFO - Processing file /home/airflow/.local/lib/python3.7/site-packages/airflow/example_dags/example_sla_dag.py for tasks to queue
[2023-01-15T13:06:23.100+0000] {logging_mixin.py:137} INFO - [2023-01-15T13:06:23.100+0000] {dagbag.py:538} INFO - Filling up the DagBag from /home/airflow/.local/lib/python3.7/site-packages/airflow/example_dags/example_sla_dag.py
[2023-01-15T13:06:23.176+0000] {processor.py:753} INFO - DAG(s) dict_keys(['example_sla_dag']) retrieved from /home/airflow/.local/lib/python3.7/site-packages/airflow/example_dags/example_sla_dag.py
[2023-01-15T13:06:23.270+0000] {logging_mixin.py:137} INFO - [2023-01-15T13:06:23.270+0000] {dag.py:2676} INFO - Sync 1 DAGs
[2023-01-15T13:06:23.332+0000] {logging_mixin.py:137} INFO - [2023-01-15T13:06:23.332+0000] {dag.py:3427} INFO - Setting next_dagrun for example_sla_dag to 2023-01-15T13:04:00+00:00, run_after=2023-01-15T13:06:00+00:00
[2023-01-15T13:06:23.384+0000] {processor.py:175} INFO - Processing /home/airflow/.local/lib/python3.7/site-packages/airflow/example_dags/example_sla_dag.py took 0.306 seconds
[2023-01-15T13:06:53.788+0000] {processor.py:153} INFO - Started process (PID=874) to work on /home/airflow/.local/lib/python3.7/site-packages/airflow/example_dags/example_sla_dag.py
[2023-01-15T13:06:53.797+0000] {processor.py:743} INFO - Processing file /home/airflow/.local/lib/python3.7/site-packages/airflow/example_dags/example_sla_dag.py for tasks to queue
[2023-01-15T13:06:53.807+0000] {logging_mixin.py:137} INFO - [2023-01-15T13:06:53.807+0000] {dagbag.py:538} INFO - Filling up the DagBag from /home/airflow/.local/lib/python3.7/site-packages/airflow/example_dags/example_sla_dag.py
[2023-01-15T13:06:56.024+0000] {processor.py:753} INFO - DAG(s) dict_keys(['example_sla_dag']) retrieved from /home/airflow/.local/lib/python3.7/site-packages/airflow/example_dags/example_sla_dag.py
[2023-01-15T13:06:56.881+0000] {logging_mixin.py:137} INFO - [2023-01-15T13:06:56.877+0000] {dag.py:2676} INFO - Sync 1 DAGs
[2023-01-15T13:06:57.362+0000] {logging_mixin.py:137} INFO - [2023-01-15T13:06:57.362+0000] {dag.py:3427} INFO - Setting next_dagrun for example_sla_dag to 2023-01-15T13:04:00+00:00, run_after=2023-01-15T13:06:00+00:00
[2023-01-15T13:06:57.526+0000] {processor.py:175} INFO - Processing /home/airflow/.local/lib/python3.7/site-packages/airflow/example_dags/example_sla_dag.py took 3.760 seconds
[2023-01-15T13:07:49.554+0000] {processor.py:153} INFO - Started process (PID=939) to work on /home/airflow/.local/lib/python3.7/site-packages/airflow/example_dags/example_sla_dag.py
[2023-01-15T13:07:49.572+0000] {processor.py:743} INFO - Processing file /home/airflow/.local/lib/python3.7/site-packages/airflow/example_dags/example_sla_dag.py for tasks to queue
[2023-01-15T13:07:49.574+0000] {logging_mixin.py:137} INFO - [2023-01-15T13:07:49.574+0000] {dagbag.py:538} INFO - Filling up the DagBag from /home/airflow/.local/lib/python3.7/site-packages/airflow/example_dags/example_sla_dag.py
[2023-01-15T13:07:49.747+0000] {processor.py:753} INFO - DAG(s) dict_keys(['example_sla_dag']) retrieved from /home/airflow/.local/lib/python3.7/site-packages/airflow/example_dags/example_sla_dag.py
[2023-01-15T13:07:49.970+0000] {logging_mixin.py:137} INFO - [2023-01-15T13:07:49.970+0000] {dag.py:2676} INFO - Sync 1 DAGs
[2023-01-15T13:07:50.147+0000] {logging_mixin.py:137} INFO - [2023-01-15T13:07:50.147+0000] {dag.py:3427} INFO - Setting next_dagrun for example_sla_dag to 2023-01-15T13:04:00+00:00, run_after=2023-01-15T13:06:00+00:00
[2023-01-15T13:07:50.245+0000] {processor.py:175} INFO - Processing /home/airflow/.local/lib/python3.7/site-packages/airflow/example_dags/example_sla_dag.py took 0.742 seconds
[2023-01-15T13:08:26.857+0000] {processor.py:153} INFO - Started process (PID=996) to work on /home/airflow/.local/lib/python3.7/site-packages/airflow/example_dags/example_sla_dag.py
[2023-01-15T13:08:26.867+0000] {processor.py:743} INFO - Processing file /home/airflow/.local/lib/python3.7/site-packages/airflow/example_dags/example_sla_dag.py for tasks to queue
[2023-01-15T13:08:26.871+0000] {logging_mixin.py:137} INFO - [2023-01-15T13:08:26.871+0000] {dagbag.py:538} INFO - Filling up the DagBag from /home/airflow/.local/lib/python3.7/site-packages/airflow/example_dags/example_sla_dag.py
[2023-01-15T13:08:27.027+0000] {processor.py:753} INFO - DAG(s) dict_keys(['example_sla_dag']) retrieved from /home/airflow/.local/lib/python3.7/site-packages/airflow/example_dags/example_sla_dag.py
[2023-01-15T13:08:27.258+0000] {logging_mixin.py:137} INFO - [2023-01-15T13:08:27.258+0000] {dag.py:2676} INFO - Sync 1 DAGs
[2023-01-15T13:08:27.423+0000] {logging_mixin.py:137} INFO - [2023-01-15T13:08:27.423+0000] {dag.py:3427} INFO - Setting next_dagrun for example_sla_dag to 2023-01-15T13:06:00+00:00, run_after=2023-01-15T13:08:00+00:00
[2023-01-15T13:08:27.560+0000] {processor.py:175} INFO - Processing /home/airflow/.local/lib/python3.7/site-packages/airflow/example_dags/example_sla_dag.py took 0.729 seconds
[2023-01-15T13:09:09.976+0000] {processor.py:153} INFO - Started process (PID=1054) to work on /home/airflow/.local/lib/python3.7/site-packages/airflow/example_dags/example_sla_dag.py
[2023-01-15T13:09:09.989+0000] {processor.py:743} INFO - Processing file /home/airflow/.local/lib/python3.7/site-packages/airflow/example_dags/example_sla_dag.py for tasks to queue
[2023-01-15T13:09:09.994+0000] {logging_mixin.py:137} INFO - [2023-01-15T13:09:09.994+0000] {dagbag.py:538} INFO - Filling up the DagBag from /home/airflow/.local/lib/python3.7/site-packages/airflow/example_dags/example_sla_dag.py
[2023-01-15T13:09:10.289+0000] {processor.py:753} INFO - DAG(s) dict_keys(['example_sla_dag']) retrieved from /home/airflow/.local/lib/python3.7/site-packages/airflow/example_dags/example_sla_dag.py
[2023-01-15T13:09:10.471+0000] {logging_mixin.py:137} INFO - [2023-01-15T13:09:10.471+0000] {dag.py:2676} INFO - Sync 1 DAGs
[2023-01-15T13:09:10.607+0000] {logging_mixin.py:137} INFO - [2023-01-15T13:09:10.607+0000] {dag.py:3427} INFO - Setting next_dagrun for example_sla_dag to 2023-01-15T13:06:00+00:00, run_after=2023-01-15T13:08:00+00:00
[2023-01-15T13:09:10.717+0000] {processor.py:175} INFO - Processing /home/airflow/.local/lib/python3.7/site-packages/airflow/example_dags/example_sla_dag.py took 0.780 seconds
[2023-01-15T13:09:43.984+0000] {processor.py:153} INFO - Started process (PID=1108) to work on /home/airflow/.local/lib/python3.7/site-packages/airflow/example_dags/example_sla_dag.py
[2023-01-15T13:09:44.004+0000] {processor.py:743} INFO - Processing file /home/airflow/.local/lib/python3.7/site-packages/airflow/example_dags/example_sla_dag.py for tasks to queue
[2023-01-15T13:09:44.013+0000] {logging_mixin.py:137} INFO - [2023-01-15T13:09:44.013+0000] {dagbag.py:538} INFO - Filling up the DagBag from /home/airflow/.local/lib/python3.7/site-packages/airflow/example_dags/example_sla_dag.py
[2023-01-15T13:09:44.355+0000] {processor.py:753} INFO - DAG(s) dict_keys(['example_sla_dag']) retrieved from /home/airflow/.local/lib/python3.7/site-packages/airflow/example_dags/example_sla_dag.py
[2023-01-15T13:09:44.708+0000] {logging_mixin.py:137} INFO - [2023-01-15T13:09:44.708+0000] {dag.py:2676} INFO - Sync 1 DAGs
[2023-01-15T13:09:45.001+0000] {logging_mixin.py:137} INFO - [2023-01-15T13:09:44.995+0000] {dag.py:3427} INFO - Setting next_dagrun for example_sla_dag to 2023-01-15T13:06:00+00:00, run_after=2023-01-15T13:08:00+00:00
[2023-01-15T13:09:45.147+0000] {processor.py:175} INFO - Processing /home/airflow/.local/lib/python3.7/site-packages/airflow/example_dags/example_sla_dag.py took 1.224 seconds
[2023-01-15T13:10:15.651+0000] {processor.py:153} INFO - Started process (PID=1157) to work on /home/airflow/.local/lib/python3.7/site-packages/airflow/example_dags/example_sla_dag.py
[2023-01-15T13:10:15.657+0000] {processor.py:743} INFO - Processing file /home/airflow/.local/lib/python3.7/site-packages/airflow/example_dags/example_sla_dag.py for tasks to queue
[2023-01-15T13:10:15.663+0000] {logging_mixin.py:137} INFO - [2023-01-15T13:10:15.663+0000] {dagbag.py:538} INFO - Filling up the DagBag from /home/airflow/.local/lib/python3.7/site-packages/airflow/example_dags/example_sla_dag.py
[2023-01-15T13:10:15.783+0000] {processor.py:753} INFO - DAG(s) dict_keys(['example_sla_dag']) retrieved from /home/airflow/.local/lib/python3.7/site-packages/airflow/example_dags/example_sla_dag.py
[2023-01-15T13:10:16.122+0000] {logging_mixin.py:137} INFO - [2023-01-15T13:10:16.122+0000] {dag.py:2676} INFO - Sync 1 DAGs
[2023-01-15T13:10:16.393+0000] {logging_mixin.py:137} INFO - [2023-01-15T13:10:16.384+0000] {dag.py:3427} INFO - Setting next_dagrun for example_sla_dag to 2023-01-15T13:08:00+00:00, run_after=2023-01-15T13:10:00+00:00
[2023-01-15T13:10:16.521+0000] {processor.py:175} INFO - Processing /home/airflow/.local/lib/python3.7/site-packages/airflow/example_dags/example_sla_dag.py took 0.898 seconds
[2023-01-15T13:10:48.161+0000] {processor.py:153} INFO - Started process (PID=1213) to work on /home/airflow/.local/lib/python3.7/site-packages/airflow/example_dags/example_sla_dag.py
[2023-01-15T13:10:48.168+0000] {processor.py:743} INFO - Processing file /home/airflow/.local/lib/python3.7/site-packages/airflow/example_dags/example_sla_dag.py for tasks to queue
[2023-01-15T13:10:48.174+0000] {logging_mixin.py:137} INFO - [2023-01-15T13:10:48.174+0000] {dagbag.py:538} INFO - Filling up the DagBag from /home/airflow/.local/lib/python3.7/site-packages/airflow/example_dags/example_sla_dag.py
[2023-01-15T13:10:48.283+0000] {processor.py:753} INFO - DAG(s) dict_keys(['example_sla_dag']) retrieved from /home/airflow/.local/lib/python3.7/site-packages/airflow/example_dags/example_sla_dag.py
[2023-01-15T13:10:48.481+0000] {logging_mixin.py:137} INFO - [2023-01-15T13:10:48.481+0000] {dag.py:2676} INFO - Sync 1 DAGs
[2023-01-15T13:10:48.658+0000] {logging_mixin.py:137} INFO - [2023-01-15T13:10:48.658+0000] {dag.py:3427} INFO - Setting next_dagrun for example_sla_dag to 2023-01-15T13:08:00+00:00, run_after=2023-01-15T13:10:00+00:00
[2023-01-15T13:10:48.808+0000] {processor.py:175} INFO - Processing /home/airflow/.local/lib/python3.7/site-packages/airflow/example_dags/example_sla_dag.py took 0.660 seconds
[2023-01-15T13:11:33.829+0000] {processor.py:153} INFO - Started process (PID=1270) to work on /home/airflow/.local/lib/python3.7/site-packages/airflow/example_dags/example_sla_dag.py
[2023-01-15T13:11:33.839+0000] {processor.py:743} INFO - Processing file /home/airflow/.local/lib/python3.7/site-packages/airflow/example_dags/example_sla_dag.py for tasks to queue
[2023-01-15T13:11:33.850+0000] {logging_mixin.py:137} INFO - [2023-01-15T13:11:33.849+0000] {dagbag.py:538} INFO - Filling up the DagBag from /home/airflow/.local/lib/python3.7/site-packages/airflow/example_dags/example_sla_dag.py
[2023-01-15T13:11:34.314+0000] {processor.py:753} INFO - DAG(s) dict_keys(['example_sla_dag']) retrieved from /home/airflow/.local/lib/python3.7/site-packages/airflow/example_dags/example_sla_dag.py
[2023-01-15T13:11:34.828+0000] {logging_mixin.py:137} INFO - [2023-01-15T13:11:34.828+0000] {dag.py:2676} INFO - Sync 1 DAGs
[2023-01-15T13:11:35.414+0000] {logging_mixin.py:137} INFO - [2023-01-15T13:11:35.413+0000] {dag.py:3427} INFO - Setting next_dagrun for example_sla_dag to 2023-01-15T13:08:00+00:00, run_after=2023-01-15T13:10:00+00:00
[2023-01-15T13:11:35.742+0000] {processor.py:175} INFO - Processing /home/airflow/.local/lib/python3.7/site-packages/airflow/example_dags/example_sla_dag.py took 1.975 seconds
[2023-01-15T13:12:29.795+0000] {processor.py:153} INFO - Started process (PID=1339) to work on /home/airflow/.local/lib/python3.7/site-packages/airflow/example_dags/example_sla_dag.py
[2023-01-15T13:12:29.808+0000] {processor.py:743} INFO - Processing file /home/airflow/.local/lib/python3.7/site-packages/airflow/example_dags/example_sla_dag.py for tasks to queue
[2023-01-15T13:12:29.823+0000] {logging_mixin.py:137} INFO - [2023-01-15T13:12:29.823+0000] {dagbag.py:538} INFO - Filling up the DagBag from /home/airflow/.local/lib/python3.7/site-packages/airflow/example_dags/example_sla_dag.py
[2023-01-15T13:12:30.277+0000] {processor.py:753} INFO - DAG(s) dict_keys(['example_sla_dag']) retrieved from /home/airflow/.local/lib/python3.7/site-packages/airflow/example_dags/example_sla_dag.py
[2023-01-15T13:12:30.830+0000] {logging_mixin.py:137} INFO - [2023-01-15T13:12:30.830+0000] {dag.py:2676} INFO - Sync 1 DAGs
[2023-01-15T13:12:31.239+0000] {logging_mixin.py:137} INFO - [2023-01-15T13:12:31.232+0000] {dag.py:3427} INFO - Setting next_dagrun for example_sla_dag to 2023-01-15T13:10:00+00:00, run_after=2023-01-15T13:12:00+00:00
[2023-01-15T13:12:31.446+0000] {processor.py:175} INFO - Processing /home/airflow/.local/lib/python3.7/site-packages/airflow/example_dags/example_sla_dag.py took 1.705 seconds
[2023-01-15T13:13:02.061+0000] {processor.py:153} INFO - Started process (PID=1394) to work on /home/airflow/.local/lib/python3.7/site-packages/airflow/example_dags/example_sla_dag.py
[2023-01-15T13:13:02.078+0000] {processor.py:743} INFO - Processing file /home/airflow/.local/lib/python3.7/site-packages/airflow/example_dags/example_sla_dag.py for tasks to queue
[2023-01-15T13:13:02.086+0000] {logging_mixin.py:137} INFO - [2023-01-15T13:13:02.086+0000] {dagbag.py:538} INFO - Filling up the DagBag from /home/airflow/.local/lib/python3.7/site-packages/airflow/example_dags/example_sla_dag.py
[2023-01-15T13:13:02.332+0000] {processor.py:753} INFO - DAG(s) dict_keys(['example_sla_dag']) retrieved from /home/airflow/.local/lib/python3.7/site-packages/airflow/example_dags/example_sla_dag.py
[2023-01-15T13:13:02.648+0000] {logging_mixin.py:137} INFO - [2023-01-15T13:13:02.648+0000] {dag.py:2676} INFO - Sync 1 DAGs
[2023-01-15T13:13:03.025+0000] {logging_mixin.py:137} INFO - [2023-01-15T13:13:03.025+0000] {dag.py:3427} INFO - Setting next_dagrun for example_sla_dag to 2023-01-15T13:10:00+00:00, run_after=2023-01-15T13:12:00+00:00
[2023-01-15T13:13:03.201+0000] {processor.py:175} INFO - Processing /home/airflow/.local/lib/python3.7/site-packages/airflow/example_dags/example_sla_dag.py took 1.178 seconds
[2023-01-15T13:13:44.227+0000] {processor.py:153} INFO - Started process (PID=1448) to work on /home/airflow/.local/lib/python3.7/site-packages/airflow/example_dags/example_sla_dag.py
[2023-01-15T13:13:44.241+0000] {processor.py:743} INFO - Processing file /home/airflow/.local/lib/python3.7/site-packages/airflow/example_dags/example_sla_dag.py for tasks to queue
[2023-01-15T13:13:44.247+0000] {logging_mixin.py:137} INFO - [2023-01-15T13:13:44.247+0000] {dagbag.py:538} INFO - Filling up the DagBag from /home/airflow/.local/lib/python3.7/site-packages/airflow/example_dags/example_sla_dag.py
[2023-01-15T13:13:44.693+0000] {processor.py:753} INFO - DAG(s) dict_keys(['example_sla_dag']) retrieved from /home/airflow/.local/lib/python3.7/site-packages/airflow/example_dags/example_sla_dag.py
[2023-01-15T13:13:45.112+0000] {logging_mixin.py:137} INFO - [2023-01-15T13:13:45.112+0000] {dag.py:2676} INFO - Sync 1 DAGs
[2023-01-15T13:13:45.291+0000] {logging_mixin.py:137} INFO - [2023-01-15T13:13:45.291+0000] {dag.py:3427} INFO - Setting next_dagrun for example_sla_dag to 2023-01-15T13:10:00+00:00, run_after=2023-01-15T13:12:00+00:00
[2023-01-15T13:13:45.387+0000] {processor.py:175} INFO - Processing /home/airflow/.local/lib/python3.7/site-packages/airflow/example_dags/example_sla_dag.py took 1.236 seconds
[2023-01-15T13:14:16.403+0000] {processor.py:153} INFO - Started process (PID=1497) to work on /home/airflow/.local/lib/python3.7/site-packages/airflow/example_dags/example_sla_dag.py
[2023-01-15T13:14:16.417+0000] {processor.py:743} INFO - Processing file /home/airflow/.local/lib/python3.7/site-packages/airflow/example_dags/example_sla_dag.py for tasks to queue
[2023-01-15T13:14:16.425+0000] {logging_mixin.py:137} INFO - [2023-01-15T13:14:16.425+0000] {dagbag.py:538} INFO - Filling up the DagBag from /home/airflow/.local/lib/python3.7/site-packages/airflow/example_dags/example_sla_dag.py
[2023-01-15T13:14:16.781+0000] {processor.py:753} INFO - DAG(s) dict_keys(['example_sla_dag']) retrieved from /home/airflow/.local/lib/python3.7/site-packages/airflow/example_dags/example_sla_dag.py
[2023-01-15T13:14:17.128+0000] {logging_mixin.py:137} INFO - [2023-01-15T13:14:17.128+0000] {dag.py:2676} INFO - Sync 1 DAGs
[2023-01-15T13:14:17.324+0000] {logging_mixin.py:137} INFO - [2023-01-15T13:14:17.315+0000] {dag.py:3427} INFO - Setting next_dagrun for example_sla_dag to 2023-01-15T13:12:00+00:00, run_after=2023-01-15T13:14:00+00:00
[2023-01-15T13:14:17.446+0000] {processor.py:175} INFO - Processing /home/airflow/.local/lib/python3.7/site-packages/airflow/example_dags/example_sla_dag.py took 1.049 seconds
[2023-01-15T13:14:49.640+0000] {processor.py:153} INFO - Started process (PID=1553) to work on /home/airflow/.local/lib/python3.7/site-packages/airflow/example_dags/example_sla_dag.py
[2023-01-15T13:14:49.659+0000] {processor.py:743} INFO - Processing file /home/airflow/.local/lib/python3.7/site-packages/airflow/example_dags/example_sla_dag.py for tasks to queue
[2023-01-15T13:14:49.669+0000] {logging_mixin.py:137} INFO - [2023-01-15T13:14:49.664+0000] {dagbag.py:538} INFO - Filling up the DagBag from /home/airflow/.local/lib/python3.7/site-packages/airflow/example_dags/example_sla_dag.py
[2023-01-15T13:14:49.894+0000] {processor.py:753} INFO - DAG(s) dict_keys(['example_sla_dag']) retrieved from /home/airflow/.local/lib/python3.7/site-packages/airflow/example_dags/example_sla_dag.py
[2023-01-15T13:14:50.458+0000] {logging_mixin.py:137} INFO - [2023-01-15T13:14:50.458+0000] {dag.py:2676} INFO - Sync 1 DAGs
[2023-01-15T13:14:50.787+0000] {logging_mixin.py:137} INFO - [2023-01-15T13:14:50.787+0000] {dag.py:3427} INFO - Setting next_dagrun for example_sla_dag to 2023-01-15T13:12:00+00:00, run_after=2023-01-15T13:14:00+00:00
[2023-01-15T13:14:50.880+0000] {processor.py:175} INFO - Processing /home/airflow/.local/lib/python3.7/site-packages/airflow/example_dags/example_sla_dag.py took 1.265 seconds
[2023-01-15T13:15:21.094+0000] {processor.py:153} INFO - Started process (PID=1600) to work on /home/airflow/.local/lib/python3.7/site-packages/airflow/example_dags/example_sla_dag.py
[2023-01-15T13:15:21.112+0000] {processor.py:743} INFO - Processing file /home/airflow/.local/lib/python3.7/site-packages/airflow/example_dags/example_sla_dag.py for tasks to queue
[2023-01-15T13:15:21.114+0000] {logging_mixin.py:137} INFO - [2023-01-15T13:15:21.114+0000] {dagbag.py:538} INFO - Filling up the DagBag from /home/airflow/.local/lib/python3.7/site-packages/airflow/example_dags/example_sla_dag.py
[2023-01-15T13:15:21.413+0000] {processor.py:753} INFO - DAG(s) dict_keys(['example_sla_dag']) retrieved from /home/airflow/.local/lib/python3.7/site-packages/airflow/example_dags/example_sla_dag.py
[2023-01-15T13:15:21.959+0000] {logging_mixin.py:137} INFO - [2023-01-15T13:15:21.958+0000] {dag.py:2676} INFO - Sync 1 DAGs
[2023-01-15T13:15:22.335+0000] {logging_mixin.py:137} INFO - [2023-01-15T13:15:22.335+0000] {dag.py:3427} INFO - Setting next_dagrun for example_sla_dag to 2023-01-15T13:12:00+00:00, run_after=2023-01-15T13:14:00+00:00
[2023-01-15T13:15:22.553+0000] {processor.py:175} INFO - Processing /home/airflow/.local/lib/python3.7/site-packages/airflow/example_dags/example_sla_dag.py took 1.485 seconds
[2023-01-15T13:43:49.625+0000] {processor.py:153} INFO - Started process (PID=82) to work on /home/airflow/.local/lib/python3.7/site-packages/airflow/example_dags/example_sla_dag.py
[2023-01-15T13:43:49.648+0000] {processor.py:743} INFO - Processing file /home/airflow/.local/lib/python3.7/site-packages/airflow/example_dags/example_sla_dag.py for tasks to queue
[2023-01-15T13:43:49.668+0000] {logging_mixin.py:137} INFO - [2023-01-15T13:43:49.667+0000] {dagbag.py:538} INFO - Filling up the DagBag from /home/airflow/.local/lib/python3.7/site-packages/airflow/example_dags/example_sla_dag.py
[2023-01-15T13:43:50.264+0000] {processor.py:753} INFO - DAG(s) dict_keys(['example_sla_dag']) retrieved from /home/airflow/.local/lib/python3.7/site-packages/airflow/example_dags/example_sla_dag.py
[2023-01-15T13:43:51.068+0000] {logging_mixin.py:137} INFO - [2023-01-15T13:43:51.068+0000] {dag.py:2676} INFO - Sync 1 DAGs
[2023-01-15T13:43:51.462+0000] {logging_mixin.py:137} INFO - [2023-01-15T13:43:51.462+0000] {dag.py:3427} INFO - Setting next_dagrun for example_sla_dag to 2023-01-15T13:40:00+00:00, run_after=2023-01-15T13:42:00+00:00
[2023-01-15T13:43:51.728+0000] {processor.py:175} INFO - Processing /home/airflow/.local/lib/python3.7/site-packages/airflow/example_dags/example_sla_dag.py took 2.165 seconds
[2023-01-15T13:45:19.959+0000] {processor.py:153} INFO - Started process (PID=163) to work on /home/airflow/.local/lib/python3.7/site-packages/airflow/example_dags/example_sla_dag.py
[2023-01-15T13:45:20.006+0000] {processor.py:743} INFO - Processing file /home/airflow/.local/lib/python3.7/site-packages/airflow/example_dags/example_sla_dag.py for tasks to queue
[2023-01-15T13:45:20.015+0000] {logging_mixin.py:137} INFO - [2023-01-15T13:45:20.015+0000] {dagbag.py:538} INFO - Filling up the DagBag from /home/airflow/.local/lib/python3.7/site-packages/airflow/example_dags/example_sla_dag.py
[2023-01-15T13:45:21.807+0000] {processor.py:753} INFO - DAG(s) dict_keys(['example_sla_dag']) retrieved from /home/airflow/.local/lib/python3.7/site-packages/airflow/example_dags/example_sla_dag.py
[2023-01-15T13:45:23.858+0000] {logging_mixin.py:137} INFO - [2023-01-15T13:45:23.850+0000] {dag.py:2676} INFO - Sync 1 DAGs
[2023-01-15T13:45:24.853+0000] {logging_mixin.py:137} INFO - [2023-01-15T13:45:24.853+0000] {dag.py:3427} INFO - Setting next_dagrun for example_sla_dag to 2023-01-15T13:42:00+00:00, run_after=2023-01-15T13:44:00+00:00
[2023-01-15T13:45:25.377+0000] {processor.py:175} INFO - Processing /home/airflow/.local/lib/python3.7/site-packages/airflow/example_dags/example_sla_dag.py took 5.541 seconds
[2023-01-15T13:45:56.198+0000] {processor.py:153} INFO - Started process (PID=212) to work on /home/airflow/.local/lib/python3.7/site-packages/airflow/example_dags/example_sla_dag.py
[2023-01-15T13:45:56.211+0000] {processor.py:743} INFO - Processing file /home/airflow/.local/lib/python3.7/site-packages/airflow/example_dags/example_sla_dag.py for tasks to queue
[2023-01-15T13:45:56.221+0000] {logging_mixin.py:137} INFO - [2023-01-15T13:45:56.221+0000] {dagbag.py:538} INFO - Filling up the DagBag from /home/airflow/.local/lib/python3.7/site-packages/airflow/example_dags/example_sla_dag.py
[2023-01-15T13:45:56.476+0000] {processor.py:753} INFO - DAG(s) dict_keys(['example_sla_dag']) retrieved from /home/airflow/.local/lib/python3.7/site-packages/airflow/example_dags/example_sla_dag.py
[2023-01-15T13:45:56.744+0000] {logging_mixin.py:137} INFO - [2023-01-15T13:45:56.744+0000] {dag.py:2676} INFO - Sync 1 DAGs
[2023-01-15T13:45:56.924+0000] {logging_mixin.py:137} INFO - [2023-01-15T13:45:56.923+0000] {dag.py:3427} INFO - Setting next_dagrun for example_sla_dag to 2023-01-15T13:42:00+00:00, run_after=2023-01-15T13:44:00+00:00
[2023-01-15T13:45:57.049+0000] {processor.py:175} INFO - Processing /home/airflow/.local/lib/python3.7/site-packages/airflow/example_dags/example_sla_dag.py took 0.907 seconds
[2023-01-15T13:46:31.376+0000] {processor.py:153} INFO - Started process (PID=268) to work on /home/airflow/.local/lib/python3.7/site-packages/airflow/example_dags/example_sla_dag.py
[2023-01-15T13:46:31.378+0000] {processor.py:743} INFO - Processing file /home/airflow/.local/lib/python3.7/site-packages/airflow/example_dags/example_sla_dag.py for tasks to queue
[2023-01-15T13:46:31.380+0000] {logging_mixin.py:137} INFO - [2023-01-15T13:46:31.380+0000] {dagbag.py:538} INFO - Filling up the DagBag from /home/airflow/.local/lib/python3.7/site-packages/airflow/example_dags/example_sla_dag.py
[2023-01-15T13:46:31.498+0000] {processor.py:753} INFO - DAG(s) dict_keys(['example_sla_dag']) retrieved from /home/airflow/.local/lib/python3.7/site-packages/airflow/example_dags/example_sla_dag.py
[2023-01-15T13:46:31.665+0000] {logging_mixin.py:137} INFO - [2023-01-15T13:46:31.665+0000] {dag.py:2676} INFO - Sync 1 DAGs
[2023-01-15T13:46:31.772+0000] {logging_mixin.py:137} INFO - [2023-01-15T13:46:31.772+0000] {dag.py:3427} INFO - Setting next_dagrun for example_sla_dag to 2023-01-15T13:44:00+00:00, run_after=2023-01-15T13:46:00+00:00
[2023-01-15T13:46:31.834+0000] {processor.py:175} INFO - Processing /home/airflow/.local/lib/python3.7/site-packages/airflow/example_dags/example_sla_dag.py took 0.479 seconds
[2023-01-15T13:47:04.262+0000] {processor.py:153} INFO - Started process (PID=323) to work on /home/airflow/.local/lib/python3.7/site-packages/airflow/example_dags/example_sla_dag.py
[2023-01-15T13:47:04.271+0000] {processor.py:743} INFO - Processing file /home/airflow/.local/lib/python3.7/site-packages/airflow/example_dags/example_sla_dag.py for tasks to queue
[2023-01-15T13:47:04.273+0000] {logging_mixin.py:137} INFO - [2023-01-15T13:47:04.273+0000] {dagbag.py:538} INFO - Filling up the DagBag from /home/airflow/.local/lib/python3.7/site-packages/airflow/example_dags/example_sla_dag.py
[2023-01-15T13:47:04.383+0000] {processor.py:753} INFO - DAG(s) dict_keys(['example_sla_dag']) retrieved from /home/airflow/.local/lib/python3.7/site-packages/airflow/example_dags/example_sla_dag.py
[2023-01-15T13:47:04.543+0000] {logging_mixin.py:137} INFO - [2023-01-15T13:47:04.543+0000] {dag.py:2676} INFO - Sync 1 DAGs
[2023-01-15T13:47:04.648+0000] {logging_mixin.py:137} INFO - [2023-01-15T13:47:04.648+0000] {dag.py:3427} INFO - Setting next_dagrun for example_sla_dag to 2023-01-15T13:44:00+00:00, run_after=2023-01-15T13:46:00+00:00
[2023-01-15T13:47:04.715+0000] {processor.py:175} INFO - Processing /home/airflow/.local/lib/python3.7/site-packages/airflow/example_dags/example_sla_dag.py took 0.460 seconds
[2023-01-15T13:47:36.219+0000] {processor.py:153} INFO - Started process (PID=379) to work on /home/airflow/.local/lib/python3.7/site-packages/airflow/example_dags/example_sla_dag.py
[2023-01-15T13:47:36.230+0000] {processor.py:743} INFO - Processing file /home/airflow/.local/lib/python3.7/site-packages/airflow/example_dags/example_sla_dag.py for tasks to queue
[2023-01-15T13:47:36.232+0000] {logging_mixin.py:137} INFO - [2023-01-15T13:47:36.232+0000] {dagbag.py:538} INFO - Filling up the DagBag from /home/airflow/.local/lib/python3.7/site-packages/airflow/example_dags/example_sla_dag.py
[2023-01-15T13:47:36.436+0000] {processor.py:753} INFO - DAG(s) dict_keys(['example_sla_dag']) retrieved from /home/airflow/.local/lib/python3.7/site-packages/airflow/example_dags/example_sla_dag.py
[2023-01-15T13:47:36.714+0000] {logging_mixin.py:137} INFO - [2023-01-15T13:47:36.714+0000] {dag.py:2676} INFO - Sync 1 DAGs
[2023-01-15T13:47:36.916+0000] {logging_mixin.py:137} INFO - [2023-01-15T13:47:36.915+0000] {dag.py:3427} INFO - Setting next_dagrun for example_sla_dag to 2023-01-15T13:44:00+00:00, run_after=2023-01-15T13:46:00+00:00
[2023-01-15T13:47:37.090+0000] {processor.py:175} INFO - Processing /home/airflow/.local/lib/python3.7/site-packages/airflow/example_dags/example_sla_dag.py took 0.906 seconds
[2023-01-15T13:48:07.265+0000] {processor.py:153} INFO - Started process (PID=426) to work on /home/airflow/.local/lib/python3.7/site-packages/airflow/example_dags/example_sla_dag.py
[2023-01-15T13:48:07.268+0000] {processor.py:743} INFO - Processing file /home/airflow/.local/lib/python3.7/site-packages/airflow/example_dags/example_sla_dag.py for tasks to queue
[2023-01-15T13:48:07.271+0000] {logging_mixin.py:137} INFO - [2023-01-15T13:48:07.271+0000] {dagbag.py:538} INFO - Filling up the DagBag from /home/airflow/.local/lib/python3.7/site-packages/airflow/example_dags/example_sla_dag.py
[2023-01-15T13:48:07.329+0000] {processor.py:753} INFO - DAG(s) dict_keys(['example_sla_dag']) retrieved from /home/airflow/.local/lib/python3.7/site-packages/airflow/example_dags/example_sla_dag.py
[2023-01-15T13:48:07.417+0000] {logging_mixin.py:137} INFO - [2023-01-15T13:48:07.417+0000] {dag.py:2676} INFO - Sync 1 DAGs
[2023-01-15T13:48:07.485+0000] {logging_mixin.py:137} INFO - [2023-01-15T13:48:07.484+0000] {dag.py:3427} INFO - Setting next_dagrun for example_sla_dag to 2023-01-15T13:46:00+00:00, run_after=2023-01-15T13:48:00+00:00
[2023-01-15T13:48:07.535+0000] {processor.py:175} INFO - Processing /home/airflow/.local/lib/python3.7/site-packages/airflow/example_dags/example_sla_dag.py took 0.278 seconds
[2023-01-15T13:48:38.516+0000] {processor.py:153} INFO - Started process (PID=480) to work on /home/airflow/.local/lib/python3.7/site-packages/airflow/example_dags/example_sla_dag.py
[2023-01-15T13:48:38.522+0000] {processor.py:743} INFO - Processing file /home/airflow/.local/lib/python3.7/site-packages/airflow/example_dags/example_sla_dag.py for tasks to queue
[2023-01-15T13:48:38.524+0000] {logging_mixin.py:137} INFO - [2023-01-15T13:48:38.524+0000] {dagbag.py:538} INFO - Filling up the DagBag from /home/airflow/.local/lib/python3.7/site-packages/airflow/example_dags/example_sla_dag.py
[2023-01-15T13:48:38.589+0000] {processor.py:753} INFO - DAG(s) dict_keys(['example_sla_dag']) retrieved from /home/airflow/.local/lib/python3.7/site-packages/airflow/example_dags/example_sla_dag.py
[2023-01-15T13:48:38.684+0000] {logging_mixin.py:137} INFO - [2023-01-15T13:48:38.684+0000] {dag.py:2676} INFO - Sync 1 DAGs
[2023-01-15T13:48:38.783+0000] {logging_mixin.py:137} INFO - [2023-01-15T13:48:38.783+0000] {dag.py:3427} INFO - Setting next_dagrun for example_sla_dag to 2023-01-15T13:46:00+00:00, run_after=2023-01-15T13:48:00+00:00
[2023-01-15T13:48:38.892+0000] {processor.py:175} INFO - Processing /home/airflow/.local/lib/python3.7/site-packages/airflow/example_dags/example_sla_dag.py took 0.393 seconds
[2023-01-15T13:49:09.705+0000] {processor.py:153} INFO - Started process (PID=542) to work on /home/airflow/.local/lib/python3.7/site-packages/airflow/example_dags/example_sla_dag.py
[2023-01-15T13:49:09.721+0000] {processor.py:743} INFO - Processing file /home/airflow/.local/lib/python3.7/site-packages/airflow/example_dags/example_sla_dag.py for tasks to queue
[2023-01-15T13:49:09.730+0000] {logging_mixin.py:137} INFO - [2023-01-15T13:49:09.730+0000] {dagbag.py:538} INFO - Filling up the DagBag from /home/airflow/.local/lib/python3.7/site-packages/airflow/example_dags/example_sla_dag.py
[2023-01-15T13:49:09.981+0000] {processor.py:753} INFO - DAG(s) dict_keys(['example_sla_dag']) retrieved from /home/airflow/.local/lib/python3.7/site-packages/airflow/example_dags/example_sla_dag.py
[2023-01-15T13:49:10.389+0000] {logging_mixin.py:137} INFO - [2023-01-15T13:49:10.388+0000] {dag.py:2676} INFO - Sync 1 DAGs
[2023-01-15T13:49:10.525+0000] {logging_mixin.py:137} INFO - [2023-01-15T13:49:10.525+0000] {dag.py:3427} INFO - Setting next_dagrun for example_sla_dag to 2023-01-15T13:46:00+00:00, run_after=2023-01-15T13:48:00+00:00
[2023-01-15T13:49:10.581+0000] {processor.py:175} INFO - Processing /home/airflow/.local/lib/python3.7/site-packages/airflow/example_dags/example_sla_dag.py took 0.927 seconds
[2023-01-15T13:49:41.395+0000] {processor.py:153} INFO - Started process (PID=600) to work on /home/airflow/.local/lib/python3.7/site-packages/airflow/example_dags/example_sla_dag.py
[2023-01-15T13:49:41.403+0000] {processor.py:743} INFO - Processing file /home/airflow/.local/lib/python3.7/site-packages/airflow/example_dags/example_sla_dag.py for tasks to queue
[2023-01-15T13:49:41.405+0000] {logging_mixin.py:137} INFO - [2023-01-15T13:49:41.405+0000] {dagbag.py:538} INFO - Filling up the DagBag from /home/airflow/.local/lib/python3.7/site-packages/airflow/example_dags/example_sla_dag.py
[2023-01-15T13:49:41.542+0000] {processor.py:753} INFO - DAG(s) dict_keys(['example_sla_dag']) retrieved from /home/airflow/.local/lib/python3.7/site-packages/airflow/example_dags/example_sla_dag.py
[2023-01-15T13:49:41.778+0000] {logging_mixin.py:137} INFO - [2023-01-15T13:49:41.778+0000] {dag.py:2676} INFO - Sync 1 DAGs
[2023-01-15T13:49:41.950+0000] {logging_mixin.py:137} INFO - [2023-01-15T13:49:41.944+0000] {dag.py:3427} INFO - Setting next_dagrun for example_sla_dag to 2023-01-15T13:46:00+00:00, run_after=2023-01-15T13:48:00+00:00
[2023-01-15T13:49:42.101+0000] {processor.py:175} INFO - Processing /home/airflow/.local/lib/python3.7/site-packages/airflow/example_dags/example_sla_dag.py took 0.720 seconds
[2023-01-15T13:50:12.901+0000] {processor.py:153} INFO - Started process (PID=654) to work on /home/airflow/.local/lib/python3.7/site-packages/airflow/example_dags/example_sla_dag.py
[2023-01-15T13:50:12.907+0000] {processor.py:743} INFO - Processing file /home/airflow/.local/lib/python3.7/site-packages/airflow/example_dags/example_sla_dag.py for tasks to queue
[2023-01-15T13:50:12.913+0000] {logging_mixin.py:137} INFO - [2023-01-15T13:50:12.913+0000] {dagbag.py:538} INFO - Filling up the DagBag from /home/airflow/.local/lib/python3.7/site-packages/airflow/example_dags/example_sla_dag.py
[2023-01-15T13:50:13.072+0000] {processor.py:753} INFO - DAG(s) dict_keys(['example_sla_dag']) retrieved from /home/airflow/.local/lib/python3.7/site-packages/airflow/example_dags/example_sla_dag.py
[2023-01-15T13:50:13.442+0000] {logging_mixin.py:137} INFO - [2023-01-15T13:50:13.441+0000] {dag.py:2676} INFO - Sync 1 DAGs
[2023-01-15T13:50:13.542+0000] {logging_mixin.py:137} INFO - [2023-01-15T13:50:13.542+0000] {dag.py:3427} INFO - Setting next_dagrun for example_sla_dag to 2023-01-15T13:48:00+00:00, run_after=2023-01-15T13:50:00+00:00
[2023-01-15T13:50:13.608+0000] {processor.py:175} INFO - Processing /home/airflow/.local/lib/python3.7/site-packages/airflow/example_dags/example_sla_dag.py took 0.718 seconds
[2023-01-15T13:50:44.060+0000] {processor.py:153} INFO - Started process (PID=712) to work on /home/airflow/.local/lib/python3.7/site-packages/airflow/example_dags/example_sla_dag.py
[2023-01-15T13:50:44.068+0000] {processor.py:743} INFO - Processing file /home/airflow/.local/lib/python3.7/site-packages/airflow/example_dags/example_sla_dag.py for tasks to queue
[2023-01-15T13:50:44.070+0000] {logging_mixin.py:137} INFO - [2023-01-15T13:50:44.070+0000] {dagbag.py:538} INFO - Filling up the DagBag from /home/airflow/.local/lib/python3.7/site-packages/airflow/example_dags/example_sla_dag.py
[2023-01-15T13:50:44.163+0000] {processor.py:753} INFO - DAG(s) dict_keys(['example_sla_dag']) retrieved from /home/airflow/.local/lib/python3.7/site-packages/airflow/example_dags/example_sla_dag.py
[2023-01-15T13:50:44.314+0000] {logging_mixin.py:137} INFO - [2023-01-15T13:50:44.314+0000] {dag.py:2676} INFO - Sync 1 DAGs
[2023-01-15T13:50:44.541+0000] {logging_mixin.py:137} INFO - [2023-01-15T13:50:44.541+0000] {dag.py:3427} INFO - Setting next_dagrun for example_sla_dag to 2023-01-15T13:48:00+00:00, run_after=2023-01-15T13:50:00+00:00
[2023-01-15T13:50:44.600+0000] {processor.py:175} INFO - Processing /home/airflow/.local/lib/python3.7/site-packages/airflow/example_dags/example_sla_dag.py took 0.555 seconds
[2023-01-15T13:51:15.712+0000] {processor.py:153} INFO - Started process (PID=766) to work on /home/airflow/.local/lib/python3.7/site-packages/airflow/example_dags/example_sla_dag.py
[2023-01-15T13:51:15.733+0000] {processor.py:743} INFO - Processing file /home/airflow/.local/lib/python3.7/site-packages/airflow/example_dags/example_sla_dag.py for tasks to queue
[2023-01-15T13:51:15.742+0000] {logging_mixin.py:137} INFO - [2023-01-15T13:51:15.737+0000] {dagbag.py:538} INFO - Filling up the DagBag from /home/airflow/.local/lib/python3.7/site-packages/airflow/example_dags/example_sla_dag.py
[2023-01-15T13:51:15.943+0000] {processor.py:753} INFO - DAG(s) dict_keys(['example_sla_dag']) retrieved from /home/airflow/.local/lib/python3.7/site-packages/airflow/example_dags/example_sla_dag.py
[2023-01-15T13:51:16.205+0000] {logging_mixin.py:137} INFO - [2023-01-15T13:51:16.205+0000] {dag.py:2676} INFO - Sync 1 DAGs
[2023-01-15T13:51:16.469+0000] {logging_mixin.py:137} INFO - [2023-01-15T13:51:16.469+0000] {dag.py:3427} INFO - Setting next_dagrun for example_sla_dag to 2023-01-15T13:48:00+00:00, run_after=2023-01-15T13:50:00+00:00
[2023-01-15T13:51:16.608+0000] {processor.py:175} INFO - Processing /home/airflow/.local/lib/python3.7/site-packages/airflow/example_dags/example_sla_dag.py took 1.010 seconds
[2023-01-15T13:51:46.905+0000] {processor.py:153} INFO - Started process (PID=815) to work on /home/airflow/.local/lib/python3.7/site-packages/airflow/example_dags/example_sla_dag.py
[2023-01-15T13:51:46.912+0000] {processor.py:743} INFO - Processing file /home/airflow/.local/lib/python3.7/site-packages/airflow/example_dags/example_sla_dag.py for tasks to queue
[2023-01-15T13:51:46.915+0000] {logging_mixin.py:137} INFO - [2023-01-15T13:51:46.914+0000] {dagbag.py:538} INFO - Filling up the DagBag from /home/airflow/.local/lib/python3.7/site-packages/airflow/example_dags/example_sla_dag.py
[2023-01-15T13:51:47.017+0000] {processor.py:753} INFO - DAG(s) dict_keys(['example_sla_dag']) retrieved from /home/airflow/.local/lib/python3.7/site-packages/airflow/example_dags/example_sla_dag.py
[2023-01-15T13:51:47.187+0000] {logging_mixin.py:137} INFO - [2023-01-15T13:51:47.187+0000] {dag.py:2676} INFO - Sync 1 DAGs
[2023-01-15T13:51:47.401+0000] {logging_mixin.py:137} INFO - [2023-01-15T13:51:47.401+0000] {dag.py:3427} INFO - Setting next_dagrun for example_sla_dag to 2023-01-15T13:48:00+00:00, run_after=2023-01-15T13:50:00+00:00
[2023-01-15T13:51:47.561+0000] {processor.py:175} INFO - Processing /home/airflow/.local/lib/python3.7/site-packages/airflow/example_dags/example_sla_dag.py took 0.665 seconds
[2023-01-15T13:52:19.419+0000] {processor.py:153} INFO - Started process (PID=871) to work on /home/airflow/.local/lib/python3.7/site-packages/airflow/example_dags/example_sla_dag.py
[2023-01-15T13:52:19.441+0000] {processor.py:743} INFO - Processing file /home/airflow/.local/lib/python3.7/site-packages/airflow/example_dags/example_sla_dag.py for tasks to queue
[2023-01-15T13:52:19.443+0000] {logging_mixin.py:137} INFO - [2023-01-15T13:52:19.443+0000] {dagbag.py:538} INFO - Filling up the DagBag from /home/airflow/.local/lib/python3.7/site-packages/airflow/example_dags/example_sla_dag.py
[2023-01-15T13:52:19.559+0000] {processor.py:753} INFO - DAG(s) dict_keys(['example_sla_dag']) retrieved from /home/airflow/.local/lib/python3.7/site-packages/airflow/example_dags/example_sla_dag.py
[2023-01-15T13:52:19.714+0000] {logging_mixin.py:137} INFO - [2023-01-15T13:52:19.714+0000] {dag.py:2676} INFO - Sync 1 DAGs
[2023-01-15T13:52:19.831+0000] {logging_mixin.py:137} INFO - [2023-01-15T13:52:19.831+0000] {dag.py:3427} INFO - Setting next_dagrun for example_sla_dag to 2023-01-15T13:50:00+00:00, run_after=2023-01-15T13:52:00+00:00
[2023-01-15T13:52:19.909+0000] {processor.py:175} INFO - Processing /home/airflow/.local/lib/python3.7/site-packages/airflow/example_dags/example_sla_dag.py took 0.506 seconds
[2023-01-15T13:52:52.335+0000] {processor.py:153} INFO - Started process (PID=926) to work on /home/airflow/.local/lib/python3.7/site-packages/airflow/example_dags/example_sla_dag.py
[2023-01-15T13:52:52.347+0000] {processor.py:743} INFO - Processing file /home/airflow/.local/lib/python3.7/site-packages/airflow/example_dags/example_sla_dag.py for tasks to queue
[2023-01-15T13:52:52.355+0000] {logging_mixin.py:137} INFO - [2023-01-15T13:52:52.355+0000] {dagbag.py:538} INFO - Filling up the DagBag from /home/airflow/.local/lib/python3.7/site-packages/airflow/example_dags/example_sla_dag.py
[2023-01-15T13:52:52.480+0000] {processor.py:753} INFO - DAG(s) dict_keys(['example_sla_dag']) retrieved from /home/airflow/.local/lib/python3.7/site-packages/airflow/example_dags/example_sla_dag.py
[2023-01-15T13:52:52.631+0000] {logging_mixin.py:137} INFO - [2023-01-15T13:52:52.631+0000] {dag.py:2676} INFO - Sync 1 DAGs
[2023-01-15T13:52:52.752+0000] {logging_mixin.py:137} INFO - [2023-01-15T13:52:52.752+0000] {dag.py:3427} INFO - Setting next_dagrun for example_sla_dag to 2023-01-15T13:50:00+00:00, run_after=2023-01-15T13:52:00+00:00
[2023-01-15T13:52:52.828+0000] {processor.py:175} INFO - Processing /home/airflow/.local/lib/python3.7/site-packages/airflow/example_dags/example_sla_dag.py took 0.519 seconds
