[2023-01-15T12:59:50.458+0000] {processor.py:153} INFO - Started process (PID=104) to work on /home/airflow/.local/lib/python3.7/site-packages/airflow/example_dags/example_short_circuit_decorator.py
[2023-01-15T12:59:50.466+0000] {processor.py:743} INFO - Processing file /home/airflow/.local/lib/python3.7/site-packages/airflow/example_dags/example_short_circuit_decorator.py for tasks to queue
[2023-01-15T12:59:50.468+0000] {logging_mixin.py:137} INFO - [2023-01-15T12:59:50.468+0000] {dagbag.py:538} INFO - Filling up the DagBag from /home/airflow/.local/lib/python3.7/site-packages/airflow/example_dags/example_short_circuit_decorator.py
[2023-01-15T12:59:50.569+0000] {processor.py:753} INFO - DAG(s) dict_keys(['example_short_circuit_decorator']) retrieved from /home/airflow/.local/lib/python3.7/site-packages/airflow/example_dags/example_short_circuit_decorator.py
[2023-01-15T12:59:51.055+0000] {logging_mixin.py:137} INFO - [2023-01-15T12:59:51.055+0000] {manager.py:504} INFO - Created Permission View: can read on DAG:example_short_circuit_decorator
[2023-01-15T12:59:51.093+0000] {logging_mixin.py:137} INFO - [2023-01-15T12:59:51.093+0000] {manager.py:504} INFO - Created Permission View: can edit on DAG:example_short_circuit_decorator
[2023-01-15T12:59:51.131+0000] {logging_mixin.py:137} INFO - [2023-01-15T12:59:51.131+0000] {manager.py:504} INFO - Created Permission View: can delete on DAG:example_short_circuit_decorator
[2023-01-15T12:59:51.132+0000] {logging_mixin.py:137} INFO - [2023-01-15T12:59:51.132+0000] {dag.py:2676} INFO - Sync 1 DAGs
[2023-01-15T12:59:51.181+0000] {logging_mixin.py:137} INFO - [2023-01-15T12:59:51.180+0000] {dag.py:2697} INFO - Creating ORM DAG for example_short_circuit_decorator
[2023-01-15T12:59:51.227+0000] {logging_mixin.py:137} INFO - [2023-01-15T12:59:51.226+0000] {dag.py:3427} INFO - Setting next_dagrun for example_short_circuit_decorator to 2023-01-14T12:59:51.226551+00:00, run_after=2023-01-15T12:59:51.226551+00:00
[2023-01-15T12:59:51.295+0000] {processor.py:175} INFO - Processing /home/airflow/.local/lib/python3.7/site-packages/airflow/example_dags/example_short_circuit_decorator.py took 0.851 seconds
[2023-01-15T13:00:21.643+0000] {processor.py:153} INFO - Started process (PID=160) to work on /home/airflow/.local/lib/python3.7/site-packages/airflow/example_dags/example_short_circuit_decorator.py
[2023-01-15T13:00:21.649+0000] {processor.py:743} INFO - Processing file /home/airflow/.local/lib/python3.7/site-packages/airflow/example_dags/example_short_circuit_decorator.py for tasks to queue
[2023-01-15T13:00:21.651+0000] {logging_mixin.py:137} INFO - [2023-01-15T13:00:21.651+0000] {dagbag.py:538} INFO - Filling up the DagBag from /home/airflow/.local/lib/python3.7/site-packages/airflow/example_dags/example_short_circuit_decorator.py
[2023-01-15T13:00:21.718+0000] {processor.py:753} INFO - DAG(s) dict_keys(['example_short_circuit_decorator']) retrieved from /home/airflow/.local/lib/python3.7/site-packages/airflow/example_dags/example_short_circuit_decorator.py
[2023-01-15T13:00:21.858+0000] {logging_mixin.py:137} INFO - [2023-01-15T13:00:21.857+0000] {dag.py:2676} INFO - Sync 1 DAGs
[2023-01-15T13:00:21.918+0000] {logging_mixin.py:137} INFO - [2023-01-15T13:00:21.917+0000] {dag.py:3427} INFO - Setting next_dagrun for example_short_circuit_decorator to 2023-01-14T13:00:21.917633+00:00, run_after=2023-01-15T13:00:21.917633+00:00
[2023-01-15T13:00:21.982+0000] {processor.py:175} INFO - Processing /home/airflow/.local/lib/python3.7/site-packages/airflow/example_dags/example_short_circuit_decorator.py took 0.344 seconds
[2023-01-15T13:00:52.414+0000] {processor.py:153} INFO - Started process (PID=216) to work on /home/airflow/.local/lib/python3.7/site-packages/airflow/example_dags/example_short_circuit_decorator.py
[2023-01-15T13:00:52.428+0000] {processor.py:743} INFO - Processing file /home/airflow/.local/lib/python3.7/site-packages/airflow/example_dags/example_short_circuit_decorator.py for tasks to queue
[2023-01-15T13:00:52.433+0000] {logging_mixin.py:137} INFO - [2023-01-15T13:00:52.433+0000] {dagbag.py:538} INFO - Filling up the DagBag from /home/airflow/.local/lib/python3.7/site-packages/airflow/example_dags/example_short_circuit_decorator.py
[2023-01-15T13:00:52.512+0000] {processor.py:753} INFO - DAG(s) dict_keys(['example_short_circuit_decorator']) retrieved from /home/airflow/.local/lib/python3.7/site-packages/airflow/example_dags/example_short_circuit_decorator.py
[2023-01-15T13:00:52.620+0000] {logging_mixin.py:137} INFO - [2023-01-15T13:00:52.620+0000] {dag.py:2676} INFO - Sync 1 DAGs
[2023-01-15T13:00:52.715+0000] {logging_mixin.py:137} INFO - [2023-01-15T13:00:52.715+0000] {dag.py:3427} INFO - Setting next_dagrun for example_short_circuit_decorator to 2023-01-14T13:00:52.715204+00:00, run_after=2023-01-15T13:00:52.715204+00:00
[2023-01-15T13:00:52.775+0000] {processor.py:175} INFO - Processing /home/airflow/.local/lib/python3.7/site-packages/airflow/example_dags/example_short_circuit_decorator.py took 0.372 seconds
[2023-01-15T13:01:22.881+0000] {processor.py:153} INFO - Started process (PID=271) to work on /home/airflow/.local/lib/python3.7/site-packages/airflow/example_dags/example_short_circuit_decorator.py
[2023-01-15T13:01:22.887+0000] {processor.py:743} INFO - Processing file /home/airflow/.local/lib/python3.7/site-packages/airflow/example_dags/example_short_circuit_decorator.py for tasks to queue
[2023-01-15T13:01:22.890+0000] {logging_mixin.py:137} INFO - [2023-01-15T13:01:22.890+0000] {dagbag.py:538} INFO - Filling up the DagBag from /home/airflow/.local/lib/python3.7/site-packages/airflow/example_dags/example_short_circuit_decorator.py
[2023-01-15T13:01:22.923+0000] {processor.py:753} INFO - DAG(s) dict_keys(['example_short_circuit_decorator']) retrieved from /home/airflow/.local/lib/python3.7/site-packages/airflow/example_dags/example_short_circuit_decorator.py
[2023-01-15T13:01:22.967+0000] {logging_mixin.py:137} INFO - [2023-01-15T13:01:22.967+0000] {dag.py:2676} INFO - Sync 1 DAGs
[2023-01-15T13:01:22.996+0000] {logging_mixin.py:137} INFO - [2023-01-15T13:01:22.995+0000] {dag.py:3427} INFO - Setting next_dagrun for example_short_circuit_decorator to 2023-01-14T13:01:22.995567+00:00, run_after=2023-01-15T13:01:22.995567+00:00
[2023-01-15T13:01:23.053+0000] {processor.py:175} INFO - Processing /home/airflow/.local/lib/python3.7/site-packages/airflow/example_dags/example_short_circuit_decorator.py took 0.179 seconds
[2023-01-15T13:01:53.654+0000] {processor.py:153} INFO - Started process (PID=326) to work on /home/airflow/.local/lib/python3.7/site-packages/airflow/example_dags/example_short_circuit_decorator.py
[2023-01-15T13:01:53.656+0000] {processor.py:743} INFO - Processing file /home/airflow/.local/lib/python3.7/site-packages/airflow/example_dags/example_short_circuit_decorator.py for tasks to queue
[2023-01-15T13:01:53.658+0000] {logging_mixin.py:137} INFO - [2023-01-15T13:01:53.658+0000] {dagbag.py:538} INFO - Filling up the DagBag from /home/airflow/.local/lib/python3.7/site-packages/airflow/example_dags/example_short_circuit_decorator.py
[2023-01-15T13:01:53.728+0000] {processor.py:753} INFO - DAG(s) dict_keys(['example_short_circuit_decorator']) retrieved from /home/airflow/.local/lib/python3.7/site-packages/airflow/example_dags/example_short_circuit_decorator.py
[2023-01-15T13:01:53.827+0000] {logging_mixin.py:137} INFO - [2023-01-15T13:01:53.826+0000] {dag.py:2676} INFO - Sync 1 DAGs
[2023-01-15T13:01:53.888+0000] {logging_mixin.py:137} INFO - [2023-01-15T13:01:53.888+0000] {dag.py:3427} INFO - Setting next_dagrun for example_short_circuit_decorator to 2023-01-14T13:01:53.887823+00:00, run_after=2023-01-15T13:01:53.887823+00:00
[2023-01-15T13:01:53.927+0000] {processor.py:175} INFO - Processing /home/airflow/.local/lib/python3.7/site-packages/airflow/example_dags/example_short_circuit_decorator.py took 0.279 seconds
[2023-01-15T13:02:24.352+0000] {processor.py:153} INFO - Started process (PID=381) to work on /home/airflow/.local/lib/python3.7/site-packages/airflow/example_dags/example_short_circuit_decorator.py
[2023-01-15T13:02:24.354+0000] {processor.py:743} INFO - Processing file /home/airflow/.local/lib/python3.7/site-packages/airflow/example_dags/example_short_circuit_decorator.py for tasks to queue
[2023-01-15T13:02:24.357+0000] {logging_mixin.py:137} INFO - [2023-01-15T13:02:24.356+0000] {dagbag.py:538} INFO - Filling up the DagBag from /home/airflow/.local/lib/python3.7/site-packages/airflow/example_dags/example_short_circuit_decorator.py
[2023-01-15T13:02:24.423+0000] {processor.py:753} INFO - DAG(s) dict_keys(['example_short_circuit_decorator']) retrieved from /home/airflow/.local/lib/python3.7/site-packages/airflow/example_dags/example_short_circuit_decorator.py
[2023-01-15T13:02:24.516+0000] {logging_mixin.py:137} INFO - [2023-01-15T13:02:24.516+0000] {dag.py:2676} INFO - Sync 1 DAGs
[2023-01-15T13:02:24.570+0000] {logging_mixin.py:137} INFO - [2023-01-15T13:02:24.570+0000] {dag.py:3427} INFO - Setting next_dagrun for example_short_circuit_decorator to 2023-01-14T13:02:24.570002+00:00, run_after=2023-01-15T13:02:24.570002+00:00
[2023-01-15T13:02:24.630+0000] {processor.py:175} INFO - Processing /home/airflow/.local/lib/python3.7/site-packages/airflow/example_dags/example_short_circuit_decorator.py took 0.286 seconds
[2023-01-15T13:02:55.752+0000] {processor.py:153} INFO - Started process (PID=436) to work on /home/airflow/.local/lib/python3.7/site-packages/airflow/example_dags/example_short_circuit_decorator.py
[2023-01-15T13:02:55.759+0000] {processor.py:743} INFO - Processing file /home/airflow/.local/lib/python3.7/site-packages/airflow/example_dags/example_short_circuit_decorator.py for tasks to queue
[2023-01-15T13:02:55.766+0000] {logging_mixin.py:137} INFO - [2023-01-15T13:02:55.766+0000] {dagbag.py:538} INFO - Filling up the DagBag from /home/airflow/.local/lib/python3.7/site-packages/airflow/example_dags/example_short_circuit_decorator.py
[2023-01-15T13:02:55.961+0000] {processor.py:753} INFO - DAG(s) dict_keys(['example_short_circuit_decorator']) retrieved from /home/airflow/.local/lib/python3.7/site-packages/airflow/example_dags/example_short_circuit_decorator.py
[2023-01-15T13:02:56.385+0000] {logging_mixin.py:137} INFO - [2023-01-15T13:02:56.384+0000] {dag.py:2676} INFO - Sync 1 DAGs
[2023-01-15T13:02:56.658+0000] {logging_mixin.py:137} INFO - [2023-01-15T13:02:56.644+0000] {dag.py:3427} INFO - Setting next_dagrun for example_short_circuit_decorator to 2023-01-14T13:02:56.644040+00:00, run_after=2023-01-15T13:02:56.644040+00:00
[2023-01-15T13:02:56.836+0000] {processor.py:175} INFO - Processing /home/airflow/.local/lib/python3.7/site-packages/airflow/example_dags/example_short_circuit_decorator.py took 1.112 seconds
[2023-01-15T13:03:27.643+0000] {processor.py:153} INFO - Started process (PID=492) to work on /home/airflow/.local/lib/python3.7/site-packages/airflow/example_dags/example_short_circuit_decorator.py
[2023-01-15T13:03:27.645+0000] {processor.py:743} INFO - Processing file /home/airflow/.local/lib/python3.7/site-packages/airflow/example_dags/example_short_circuit_decorator.py for tasks to queue
[2023-01-15T13:03:27.647+0000] {logging_mixin.py:137} INFO - [2023-01-15T13:03:27.646+0000] {dagbag.py:538} INFO - Filling up the DagBag from /home/airflow/.local/lib/python3.7/site-packages/airflow/example_dags/example_short_circuit_decorator.py
[2023-01-15T13:03:27.714+0000] {processor.py:753} INFO - DAG(s) dict_keys(['example_short_circuit_decorator']) retrieved from /home/airflow/.local/lib/python3.7/site-packages/airflow/example_dags/example_short_circuit_decorator.py
[2023-01-15T13:03:27.799+0000] {logging_mixin.py:137} INFO - [2023-01-15T13:03:27.799+0000] {dag.py:2676} INFO - Sync 1 DAGs
[2023-01-15T13:03:27.861+0000] {logging_mixin.py:137} INFO - [2023-01-15T13:03:27.860+0000] {dag.py:3427} INFO - Setting next_dagrun for example_short_circuit_decorator to 2023-01-14T13:03:27.860684+00:00, run_after=2023-01-15T13:03:27.860684+00:00
[2023-01-15T13:03:27.905+0000] {processor.py:175} INFO - Processing /home/airflow/.local/lib/python3.7/site-packages/airflow/example_dags/example_short_circuit_decorator.py took 0.273 seconds
[2023-01-15T13:03:58.221+0000] {processor.py:153} INFO - Started process (PID=548) to work on /home/airflow/.local/lib/python3.7/site-packages/airflow/example_dags/example_short_circuit_decorator.py
[2023-01-15T13:03:58.248+0000] {processor.py:743} INFO - Processing file /home/airflow/.local/lib/python3.7/site-packages/airflow/example_dags/example_short_circuit_decorator.py for tasks to queue
[2023-01-15T13:03:58.251+0000] {logging_mixin.py:137} INFO - [2023-01-15T13:03:58.251+0000] {dagbag.py:538} INFO - Filling up the DagBag from /home/airflow/.local/lib/python3.7/site-packages/airflow/example_dags/example_short_circuit_decorator.py
[2023-01-15T13:03:58.511+0000] {processor.py:753} INFO - DAG(s) dict_keys(['example_short_circuit_decorator']) retrieved from /home/airflow/.local/lib/python3.7/site-packages/airflow/example_dags/example_short_circuit_decorator.py
[2023-01-15T13:03:58.720+0000] {logging_mixin.py:137} INFO - [2023-01-15T13:03:58.720+0000] {dag.py:2676} INFO - Sync 1 DAGs
[2023-01-15T13:03:58.861+0000] {logging_mixin.py:137} INFO - [2023-01-15T13:03:58.861+0000] {dag.py:3427} INFO - Setting next_dagrun for example_short_circuit_decorator to 2023-01-14T13:03:58.860806+00:00, run_after=2023-01-15T13:03:58.860806+00:00
[2023-01-15T13:03:58.920+0000] {processor.py:175} INFO - Processing /home/airflow/.local/lib/python3.7/site-packages/airflow/example_dags/example_short_circuit_decorator.py took 0.722 seconds
[2023-01-15T13:04:29.529+0000] {processor.py:153} INFO - Started process (PID=603) to work on /home/airflow/.local/lib/python3.7/site-packages/airflow/example_dags/example_short_circuit_decorator.py
[2023-01-15T13:04:29.533+0000] {processor.py:743} INFO - Processing file /home/airflow/.local/lib/python3.7/site-packages/airflow/example_dags/example_short_circuit_decorator.py for tasks to queue
[2023-01-15T13:04:29.537+0000] {logging_mixin.py:137} INFO - [2023-01-15T13:04:29.536+0000] {dagbag.py:538} INFO - Filling up the DagBag from /home/airflow/.local/lib/python3.7/site-packages/airflow/example_dags/example_short_circuit_decorator.py
[2023-01-15T13:04:29.663+0000] {processor.py:753} INFO - DAG(s) dict_keys(['example_short_circuit_decorator']) retrieved from /home/airflow/.local/lib/python3.7/site-packages/airflow/example_dags/example_short_circuit_decorator.py
[2023-01-15T13:04:29.849+0000] {logging_mixin.py:137} INFO - [2023-01-15T13:04:29.848+0000] {dag.py:2676} INFO - Sync 1 DAGs
[2023-01-15T13:04:29.965+0000] {logging_mixin.py:137} INFO - [2023-01-15T13:04:29.965+0000] {dag.py:3427} INFO - Setting next_dagrun for example_short_circuit_decorator to 2023-01-14T13:04:29.964956+00:00, run_after=2023-01-15T13:04:29.964956+00:00
[2023-01-15T13:04:30.050+0000] {processor.py:175} INFO - Processing /home/airflow/.local/lib/python3.7/site-packages/airflow/example_dags/example_short_circuit_decorator.py took 0.538 seconds
[2023-01-15T13:05:00.501+0000] {processor.py:153} INFO - Started process (PID=667) to work on /home/airflow/.local/lib/python3.7/site-packages/airflow/example_dags/example_short_circuit_decorator.py
[2023-01-15T13:05:00.507+0000] {processor.py:743} INFO - Processing file /home/airflow/.local/lib/python3.7/site-packages/airflow/example_dags/example_short_circuit_decorator.py for tasks to queue
[2023-01-15T13:05:00.509+0000] {logging_mixin.py:137} INFO - [2023-01-15T13:05:00.509+0000] {dagbag.py:538} INFO - Filling up the DagBag from /home/airflow/.local/lib/python3.7/site-packages/airflow/example_dags/example_short_circuit_decorator.py
[2023-01-15T13:05:00.602+0000] {processor.py:753} INFO - DAG(s) dict_keys(['example_short_circuit_decorator']) retrieved from /home/airflow/.local/lib/python3.7/site-packages/airflow/example_dags/example_short_circuit_decorator.py
[2023-01-15T13:05:00.744+0000] {logging_mixin.py:137} INFO - [2023-01-15T13:05:00.744+0000] {dag.py:2676} INFO - Sync 1 DAGs
[2023-01-15T13:05:00.831+0000] {logging_mixin.py:137} INFO - [2023-01-15T13:05:00.831+0000] {dag.py:3427} INFO - Setting next_dagrun for example_short_circuit_decorator to 2023-01-14T13:05:00.830812+00:00, run_after=2023-01-15T13:05:00.830812+00:00
[2023-01-15T13:05:00.904+0000] {processor.py:175} INFO - Processing /home/airflow/.local/lib/python3.7/site-packages/airflow/example_dags/example_short_circuit_decorator.py took 0.417 seconds
[2023-01-15T13:05:31.406+0000] {processor.py:153} INFO - Started process (PID=722) to work on /home/airflow/.local/lib/python3.7/site-packages/airflow/example_dags/example_short_circuit_decorator.py
[2023-01-15T13:05:31.413+0000] {processor.py:743} INFO - Processing file /home/airflow/.local/lib/python3.7/site-packages/airflow/example_dags/example_short_circuit_decorator.py for tasks to queue
[2023-01-15T13:05:31.416+0000] {logging_mixin.py:137} INFO - [2023-01-15T13:05:31.416+0000] {dagbag.py:538} INFO - Filling up the DagBag from /home/airflow/.local/lib/python3.7/site-packages/airflow/example_dags/example_short_circuit_decorator.py
[2023-01-15T13:05:31.580+0000] {processor.py:753} INFO - DAG(s) dict_keys(['example_short_circuit_decorator']) retrieved from /home/airflow/.local/lib/python3.7/site-packages/airflow/example_dags/example_short_circuit_decorator.py
[2023-01-15T13:05:31.774+0000] {logging_mixin.py:137} INFO - [2023-01-15T13:05:31.774+0000] {dag.py:2676} INFO - Sync 1 DAGs
[2023-01-15T13:05:31.892+0000] {logging_mixin.py:137} INFO - [2023-01-15T13:05:31.892+0000] {dag.py:3427} INFO - Setting next_dagrun for example_short_circuit_decorator to 2023-01-14T13:05:31.892466+00:00, run_after=2023-01-15T13:05:31.892466+00:00
[2023-01-15T13:05:32.001+0000] {processor.py:175} INFO - Processing /home/airflow/.local/lib/python3.7/site-packages/airflow/example_dags/example_short_circuit_decorator.py took 0.620 seconds
[2023-01-15T13:06:02.337+0000] {processor.py:153} INFO - Started process (PID=776) to work on /home/airflow/.local/lib/python3.7/site-packages/airflow/example_dags/example_short_circuit_decorator.py
[2023-01-15T13:06:02.346+0000] {processor.py:743} INFO - Processing file /home/airflow/.local/lib/python3.7/site-packages/airflow/example_dags/example_short_circuit_decorator.py for tasks to queue
[2023-01-15T13:06:02.352+0000] {logging_mixin.py:137} INFO - [2023-01-15T13:06:02.352+0000] {dagbag.py:538} INFO - Filling up the DagBag from /home/airflow/.local/lib/python3.7/site-packages/airflow/example_dags/example_short_circuit_decorator.py
[2023-01-15T13:06:02.491+0000] {processor.py:753} INFO - DAG(s) dict_keys(['example_short_circuit_decorator']) retrieved from /home/airflow/.local/lib/python3.7/site-packages/airflow/example_dags/example_short_circuit_decorator.py
[2023-01-15T13:06:02.742+0000] {logging_mixin.py:137} INFO - [2023-01-15T13:06:02.741+0000] {dag.py:2676} INFO - Sync 1 DAGs
[2023-01-15T13:06:02.884+0000] {logging_mixin.py:137} INFO - [2023-01-15T13:06:02.883+0000] {dag.py:3427} INFO - Setting next_dagrun for example_short_circuit_decorator to 2023-01-14T13:06:02.883657+00:00, run_after=2023-01-15T13:06:02.883657+00:00
[2023-01-15T13:06:02.953+0000] {processor.py:175} INFO - Processing /home/airflow/.local/lib/python3.7/site-packages/airflow/example_dags/example_short_circuit_decorator.py took 0.633 seconds
[2023-01-15T13:06:33.507+0000] {processor.py:153} INFO - Started process (PID=839) to work on /home/airflow/.local/lib/python3.7/site-packages/airflow/example_dags/example_short_circuit_decorator.py
[2023-01-15T13:06:33.511+0000] {processor.py:743} INFO - Processing file /home/airflow/.local/lib/python3.7/site-packages/airflow/example_dags/example_short_circuit_decorator.py for tasks to queue
[2023-01-15T13:06:33.515+0000] {logging_mixin.py:137} INFO - [2023-01-15T13:06:33.515+0000] {dagbag.py:538} INFO - Filling up the DagBag from /home/airflow/.local/lib/python3.7/site-packages/airflow/example_dags/example_short_circuit_decorator.py
[2023-01-15T13:06:33.611+0000] {processor.py:753} INFO - DAG(s) dict_keys(['example_short_circuit_decorator']) retrieved from /home/airflow/.local/lib/python3.7/site-packages/airflow/example_dags/example_short_circuit_decorator.py
[2023-01-15T13:06:33.745+0000] {logging_mixin.py:137} INFO - [2023-01-15T13:06:33.745+0000] {dag.py:2676} INFO - Sync 1 DAGs
[2023-01-15T13:06:33.834+0000] {logging_mixin.py:137} INFO - [2023-01-15T13:06:33.830+0000] {dag.py:3427} INFO - Setting next_dagrun for example_short_circuit_decorator to 2023-01-14T13:06:33.830301+00:00, run_after=2023-01-15T13:06:33.830301+00:00
[2023-01-15T13:06:33.902+0000] {processor.py:175} INFO - Processing /home/airflow/.local/lib/python3.7/site-packages/airflow/example_dags/example_short_circuit_decorator.py took 0.407 seconds
[2023-01-15T13:07:08.980+0000] {processor.py:153} INFO - Started process (PID=896) to work on /home/airflow/.local/lib/python3.7/site-packages/airflow/example_dags/example_short_circuit_decorator.py
[2023-01-15T13:07:08.987+0000] {processor.py:743} INFO - Processing file /home/airflow/.local/lib/python3.7/site-packages/airflow/example_dags/example_short_circuit_decorator.py for tasks to queue
[2023-01-15T13:07:08.992+0000] {logging_mixin.py:137} INFO - [2023-01-15T13:07:08.992+0000] {dagbag.py:538} INFO - Filling up the DagBag from /home/airflow/.local/lib/python3.7/site-packages/airflow/example_dags/example_short_circuit_decorator.py
[2023-01-15T13:07:09.152+0000] {processor.py:753} INFO - DAG(s) dict_keys(['example_short_circuit_decorator']) retrieved from /home/airflow/.local/lib/python3.7/site-packages/airflow/example_dags/example_short_circuit_decorator.py
[2023-01-15T13:07:10.236+0000] {logging_mixin.py:137} INFO - [2023-01-15T13:07:10.236+0000] {dag.py:2676} INFO - Sync 1 DAGs
[2023-01-15T13:07:10.553+0000] {logging_mixin.py:137} INFO - [2023-01-15T13:07:10.552+0000] {dag.py:3427} INFO - Setting next_dagrun for example_short_circuit_decorator to 2023-01-14T13:07:10.552212+00:00, run_after=2023-01-15T13:07:10.552212+00:00
[2023-01-15T13:07:11.499+0000] {processor.py:175} INFO - Processing /home/airflow/.local/lib/python3.7/site-packages/airflow/example_dags/example_short_circuit_decorator.py took 2.561 seconds
[2023-01-15T13:08:09.651+0000] {processor.py:153} INFO - Started process (PID=965) to work on /home/airflow/.local/lib/python3.7/site-packages/airflow/example_dags/example_short_circuit_decorator.py
[2023-01-15T13:08:09.657+0000] {processor.py:743} INFO - Processing file /home/airflow/.local/lib/python3.7/site-packages/airflow/example_dags/example_short_circuit_decorator.py for tasks to queue
[2023-01-15T13:08:09.659+0000] {logging_mixin.py:137} INFO - [2023-01-15T13:08:09.659+0000] {dagbag.py:538} INFO - Filling up the DagBag from /home/airflow/.local/lib/python3.7/site-packages/airflow/example_dags/example_short_circuit_decorator.py
[2023-01-15T13:08:09.828+0000] {processor.py:753} INFO - DAG(s) dict_keys(['example_short_circuit_decorator']) retrieved from /home/airflow/.local/lib/python3.7/site-packages/airflow/example_dags/example_short_circuit_decorator.py
[2023-01-15T13:08:10.077+0000] {logging_mixin.py:137} INFO - [2023-01-15T13:08:10.076+0000] {dag.py:2676} INFO - Sync 1 DAGs
[2023-01-15T13:08:10.242+0000] {logging_mixin.py:137} INFO - [2023-01-15T13:08:10.242+0000] {dag.py:3427} INFO - Setting next_dagrun for example_short_circuit_decorator to 2023-01-14T13:08:10.241700+00:00, run_after=2023-01-15T13:08:10.241700+00:00
[2023-01-15T13:08:10.371+0000] {processor.py:175} INFO - Processing /home/airflow/.local/lib/python3.7/site-packages/airflow/example_dags/example_short_circuit_decorator.py took 0.741 seconds
[2023-01-15T13:08:43.977+0000] {processor.py:153} INFO - Started process (PID=1021) to work on /home/airflow/.local/lib/python3.7/site-packages/airflow/example_dags/example_short_circuit_decorator.py
[2023-01-15T13:08:43.983+0000] {processor.py:743} INFO - Processing file /home/airflow/.local/lib/python3.7/site-packages/airflow/example_dags/example_short_circuit_decorator.py for tasks to queue
[2023-01-15T13:08:43.985+0000] {logging_mixin.py:137} INFO - [2023-01-15T13:08:43.985+0000] {dagbag.py:538} INFO - Filling up the DagBag from /home/airflow/.local/lib/python3.7/site-packages/airflow/example_dags/example_short_circuit_decorator.py
[2023-01-15T13:08:44.109+0000] {processor.py:753} INFO - DAG(s) dict_keys(['example_short_circuit_decorator']) retrieved from /home/airflow/.local/lib/python3.7/site-packages/airflow/example_dags/example_short_circuit_decorator.py
[2023-01-15T13:08:44.289+0000] {logging_mixin.py:137} INFO - [2023-01-15T13:08:44.289+0000] {dag.py:2676} INFO - Sync 1 DAGs
[2023-01-15T13:08:44.404+0000] {logging_mixin.py:137} INFO - [2023-01-15T13:08:44.403+0000] {dag.py:3427} INFO - Setting next_dagrun for example_short_circuit_decorator to 2023-01-14T13:08:44.403565+00:00, run_after=2023-01-15T13:08:44.403565+00:00
[2023-01-15T13:08:44.524+0000] {processor.py:175} INFO - Processing /home/airflow/.local/lib/python3.7/site-packages/airflow/example_dags/example_short_circuit_decorator.py took 0.564 seconds
[2023-01-15T13:09:25.812+0000] {processor.py:153} INFO - Started process (PID=1081) to work on /home/airflow/.local/lib/python3.7/site-packages/airflow/example_dags/example_short_circuit_decorator.py
[2023-01-15T13:09:25.818+0000] {processor.py:743} INFO - Processing file /home/airflow/.local/lib/python3.7/site-packages/airflow/example_dags/example_short_circuit_decorator.py for tasks to queue
[2023-01-15T13:09:25.820+0000] {logging_mixin.py:137} INFO - [2023-01-15T13:09:25.820+0000] {dagbag.py:538} INFO - Filling up the DagBag from /home/airflow/.local/lib/python3.7/site-packages/airflow/example_dags/example_short_circuit_decorator.py
[2023-01-15T13:09:26.015+0000] {processor.py:753} INFO - DAG(s) dict_keys(['example_short_circuit_decorator']) retrieved from /home/airflow/.local/lib/python3.7/site-packages/airflow/example_dags/example_short_circuit_decorator.py
[2023-01-15T13:09:26.290+0000] {logging_mixin.py:137} INFO - [2023-01-15T13:09:26.290+0000] {dag.py:2676} INFO - Sync 1 DAGs
[2023-01-15T13:09:26.457+0000] {logging_mixin.py:137} INFO - [2023-01-15T13:09:26.457+0000] {dag.py:3427} INFO - Setting next_dagrun for example_short_circuit_decorator to 2023-01-14T13:09:26.456347+00:00, run_after=2023-01-15T13:09:26.456347+00:00
[2023-01-15T13:09:26.667+0000] {processor.py:175} INFO - Processing /home/airflow/.local/lib/python3.7/site-packages/airflow/example_dags/example_short_circuit_decorator.py took 0.875 seconds
[2023-01-15T13:09:58.449+0000] {processor.py:153} INFO - Started process (PID=1128) to work on /home/airflow/.local/lib/python3.7/site-packages/airflow/example_dags/example_short_circuit_decorator.py
[2023-01-15T13:09:58.463+0000] {processor.py:743} INFO - Processing file /home/airflow/.local/lib/python3.7/site-packages/airflow/example_dags/example_short_circuit_decorator.py for tasks to queue
[2023-01-15T13:09:58.468+0000] {logging_mixin.py:137} INFO - [2023-01-15T13:09:58.468+0000] {dagbag.py:538} INFO - Filling up the DagBag from /home/airflow/.local/lib/python3.7/site-packages/airflow/example_dags/example_short_circuit_decorator.py
[2023-01-15T13:09:58.850+0000] {processor.py:753} INFO - DAG(s) dict_keys(['example_short_circuit_decorator']) retrieved from /home/airflow/.local/lib/python3.7/site-packages/airflow/example_dags/example_short_circuit_decorator.py
[2023-01-15T13:09:59.189+0000] {logging_mixin.py:137} INFO - [2023-01-15T13:09:59.186+0000] {dag.py:2676} INFO - Sync 1 DAGs
[2023-01-15T13:09:59.548+0000] {logging_mixin.py:137} INFO - [2023-01-15T13:09:59.533+0000] {dag.py:3427} INFO - Setting next_dagrun for example_short_circuit_decorator to 2023-01-14T13:09:59.533373+00:00, run_after=2023-01-15T13:09:59.533373+00:00
[2023-01-15T13:09:59.912+0000] {processor.py:175} INFO - Processing /home/airflow/.local/lib/python3.7/site-packages/airflow/example_dags/example_short_circuit_decorator.py took 1.486 seconds
[2023-01-15T13:10:31.175+0000] {processor.py:153} INFO - Started process (PID=1184) to work on /home/airflow/.local/lib/python3.7/site-packages/airflow/example_dags/example_short_circuit_decorator.py
[2023-01-15T13:10:31.183+0000] {processor.py:743} INFO - Processing file /home/airflow/.local/lib/python3.7/site-packages/airflow/example_dags/example_short_circuit_decorator.py for tasks to queue
[2023-01-15T13:10:31.189+0000] {logging_mixin.py:137} INFO - [2023-01-15T13:10:31.188+0000] {dagbag.py:538} INFO - Filling up the DagBag from /home/airflow/.local/lib/python3.7/site-packages/airflow/example_dags/example_short_circuit_decorator.py
[2023-01-15T13:10:31.746+0000] {processor.py:753} INFO - DAG(s) dict_keys(['example_short_circuit_decorator']) retrieved from /home/airflow/.local/lib/python3.7/site-packages/airflow/example_dags/example_short_circuit_decorator.py
[2023-01-15T13:10:32.028+0000] {logging_mixin.py:137} INFO - [2023-01-15T13:10:32.027+0000] {dag.py:2676} INFO - Sync 1 DAGs
[2023-01-15T13:10:32.240+0000] {logging_mixin.py:137} INFO - [2023-01-15T13:10:32.239+0000] {dag.py:3427} INFO - Setting next_dagrun for example_short_circuit_decorator to 2023-01-14T13:10:32.239313+00:00, run_after=2023-01-15T13:10:32.239313+00:00
[2023-01-15T13:10:32.509+0000] {processor.py:175} INFO - Processing /home/airflow/.local/lib/python3.7/site-packages/airflow/example_dags/example_short_circuit_decorator.py took 1.353 seconds
[2023-01-15T13:11:03.683+0000] {processor.py:153} INFO - Started process (PID=1238) to work on /home/airflow/.local/lib/python3.7/site-packages/airflow/example_dags/example_short_circuit_decorator.py
[2023-01-15T13:11:03.699+0000] {processor.py:743} INFO - Processing file /home/airflow/.local/lib/python3.7/site-packages/airflow/example_dags/example_short_circuit_decorator.py for tasks to queue
[2023-01-15T13:11:03.702+0000] {logging_mixin.py:137} INFO - [2023-01-15T13:11:03.702+0000] {dagbag.py:538} INFO - Filling up the DagBag from /home/airflow/.local/lib/python3.7/site-packages/airflow/example_dags/example_short_circuit_decorator.py
[2023-01-15T13:11:04.100+0000] {processor.py:753} INFO - DAG(s) dict_keys(['example_short_circuit_decorator']) retrieved from /home/airflow/.local/lib/python3.7/site-packages/airflow/example_dags/example_short_circuit_decorator.py
[2023-01-15T13:11:04.568+0000] {logging_mixin.py:137} INFO - [2023-01-15T13:11:04.568+0000] {dag.py:2676} INFO - Sync 1 DAGs
[2023-01-15T13:11:04.807+0000] {logging_mixin.py:137} INFO - [2023-01-15T13:11:04.806+0000] {dag.py:3427} INFO - Setting next_dagrun for example_short_circuit_decorator to 2023-01-14T13:11:04.806596+00:00, run_after=2023-01-15T13:11:04.806596+00:00
[2023-01-15T13:11:05.022+0000] {processor.py:175} INFO - Processing /home/airflow/.local/lib/python3.7/site-packages/airflow/example_dags/example_short_circuit_decorator.py took 1.376 seconds
[2023-01-15T13:11:57.917+0000] {processor.py:153} INFO - Started process (PID=1297) to work on /home/airflow/.local/lib/python3.7/site-packages/airflow/example_dags/example_short_circuit_decorator.py
[2023-01-15T13:11:57.930+0000] {processor.py:743} INFO - Processing file /home/airflow/.local/lib/python3.7/site-packages/airflow/example_dags/example_short_circuit_decorator.py for tasks to queue
[2023-01-15T13:11:57.938+0000] {logging_mixin.py:137} INFO - [2023-01-15T13:11:57.938+0000] {dagbag.py:538} INFO - Filling up the DagBag from /home/airflow/.local/lib/python3.7/site-packages/airflow/example_dags/example_short_circuit_decorator.py
[2023-01-15T13:11:59.039+0000] {processor.py:753} INFO - DAG(s) dict_keys(['example_short_circuit_decorator']) retrieved from /home/airflow/.local/lib/python3.7/site-packages/airflow/example_dags/example_short_circuit_decorator.py
[2023-01-15T13:11:59.813+0000] {logging_mixin.py:137} INFO - [2023-01-15T13:11:59.809+0000] {dag.py:2676} INFO - Sync 1 DAGs
[2023-01-15T13:12:00.455+0000] {logging_mixin.py:137} INFO - [2023-01-15T13:12:00.455+0000] {dag.py:3427} INFO - Setting next_dagrun for example_short_circuit_decorator to 2023-01-14T13:12:00.448648+00:00, run_after=2023-01-15T13:12:00.448648+00:00
[2023-01-15T13:12:00.901+0000] {processor.py:175} INFO - Processing /home/airflow/.local/lib/python3.7/site-packages/airflow/example_dags/example_short_circuit_decorator.py took 3.085 seconds
[2023-01-15T13:12:43.944+0000] {processor.py:153} INFO - Started process (PID=1365) to work on /home/airflow/.local/lib/python3.7/site-packages/airflow/example_dags/example_short_circuit_decorator.py
[2023-01-15T13:12:43.954+0000] {processor.py:743} INFO - Processing file /home/airflow/.local/lib/python3.7/site-packages/airflow/example_dags/example_short_circuit_decorator.py for tasks to queue
[2023-01-15T13:12:43.957+0000] {logging_mixin.py:137} INFO - [2023-01-15T13:12:43.957+0000] {dagbag.py:538} INFO - Filling up the DagBag from /home/airflow/.local/lib/python3.7/site-packages/airflow/example_dags/example_short_circuit_decorator.py
[2023-01-15T13:12:44.133+0000] {processor.py:753} INFO - DAG(s) dict_keys(['example_short_circuit_decorator']) retrieved from /home/airflow/.local/lib/python3.7/site-packages/airflow/example_dags/example_short_circuit_decorator.py
[2023-01-15T13:12:44.948+0000] {logging_mixin.py:137} INFO - [2023-01-15T13:12:44.937+0000] {dag.py:2676} INFO - Sync 1 DAGs
[2023-01-15T13:12:45.217+0000] {logging_mixin.py:137} INFO - [2023-01-15T13:12:45.216+0000] {dag.py:3427} INFO - Setting next_dagrun for example_short_circuit_decorator to 2023-01-14T13:12:45.207349+00:00, run_after=2023-01-15T13:12:45.207349+00:00
[2023-01-15T13:12:45.472+0000] {processor.py:175} INFO - Processing /home/airflow/.local/lib/python3.7/site-packages/airflow/example_dags/example_short_circuit_decorator.py took 1.549 seconds
[2023-01-15T13:13:31.113+0000] {processor.py:153} INFO - Started process (PID=1420) to work on /home/airflow/.local/lib/python3.7/site-packages/airflow/example_dags/example_short_circuit_decorator.py
[2023-01-15T13:13:31.135+0000] {processor.py:743} INFO - Processing file /home/airflow/.local/lib/python3.7/site-packages/airflow/example_dags/example_short_circuit_decorator.py for tasks to queue
[2023-01-15T13:13:31.137+0000] {logging_mixin.py:137} INFO - [2023-01-15T13:13:31.137+0000] {dagbag.py:538} INFO - Filling up the DagBag from /home/airflow/.local/lib/python3.7/site-packages/airflow/example_dags/example_short_circuit_decorator.py
[2023-01-15T13:13:31.622+0000] {processor.py:753} INFO - DAG(s) dict_keys(['example_short_circuit_decorator']) retrieved from /home/airflow/.local/lib/python3.7/site-packages/airflow/example_dags/example_short_circuit_decorator.py
[2023-01-15T13:13:32.077+0000] {logging_mixin.py:137} INFO - [2023-01-15T13:13:32.077+0000] {dag.py:2676} INFO - Sync 1 DAGs
[2023-01-15T13:13:32.525+0000] {logging_mixin.py:137} INFO - [2023-01-15T13:13:32.515+0000] {dag.py:3427} INFO - Setting next_dagrun for example_short_circuit_decorator to 2023-01-14T13:13:32.514848+00:00, run_after=2023-01-15T13:13:32.514848+00:00
[2023-01-15T13:13:32.770+0000] {processor.py:175} INFO - Processing /home/airflow/.local/lib/python3.7/site-packages/airflow/example_dags/example_short_circuit_decorator.py took 1.714 seconds
[2023-01-15T13:14:02.997+0000] {processor.py:153} INFO - Started process (PID=1476) to work on /home/airflow/.local/lib/python3.7/site-packages/airflow/example_dags/example_short_circuit_decorator.py
[2023-01-15T13:14:02.999+0000] {processor.py:743} INFO - Processing file /home/airflow/.local/lib/python3.7/site-packages/airflow/example_dags/example_short_circuit_decorator.py for tasks to queue
[2023-01-15T13:14:03.004+0000] {logging_mixin.py:137} INFO - [2023-01-15T13:14:03.001+0000] {dagbag.py:538} INFO - Filling up the DagBag from /home/airflow/.local/lib/python3.7/site-packages/airflow/example_dags/example_short_circuit_decorator.py
[2023-01-15T13:14:03.082+0000] {processor.py:753} INFO - DAG(s) dict_keys(['example_short_circuit_decorator']) retrieved from /home/airflow/.local/lib/python3.7/site-packages/airflow/example_dags/example_short_circuit_decorator.py
[2023-01-15T13:14:03.204+0000] {logging_mixin.py:137} INFO - [2023-01-15T13:14:03.204+0000] {dag.py:2676} INFO - Sync 1 DAGs
[2023-01-15T13:14:03.277+0000] {logging_mixin.py:137} INFO - [2023-01-15T13:14:03.277+0000] {dag.py:3427} INFO - Setting next_dagrun for example_short_circuit_decorator to 2023-01-14T13:14:03.277000+00:00, run_after=2023-01-15T13:14:03.277000+00:00
[2023-01-15T13:14:03.338+0000] {processor.py:175} INFO - Processing /home/airflow/.local/lib/python3.7/site-packages/airflow/example_dags/example_short_circuit_decorator.py took 0.349 seconds
[2023-01-15T13:14:33.860+0000] {processor.py:153} INFO - Started process (PID=1523) to work on /home/airflow/.local/lib/python3.7/site-packages/airflow/example_dags/example_short_circuit_decorator.py
[2023-01-15T13:14:33.874+0000] {processor.py:743} INFO - Processing file /home/airflow/.local/lib/python3.7/site-packages/airflow/example_dags/example_short_circuit_decorator.py for tasks to queue
[2023-01-15T13:14:33.876+0000] {logging_mixin.py:137} INFO - [2023-01-15T13:14:33.876+0000] {dagbag.py:538} INFO - Filling up the DagBag from /home/airflow/.local/lib/python3.7/site-packages/airflow/example_dags/example_short_circuit_decorator.py
[2023-01-15T13:14:33.989+0000] {processor.py:753} INFO - DAG(s) dict_keys(['example_short_circuit_decorator']) retrieved from /home/airflow/.local/lib/python3.7/site-packages/airflow/example_dags/example_short_circuit_decorator.py
[2023-01-15T13:14:34.110+0000] {logging_mixin.py:137} INFO - [2023-01-15T13:14:34.110+0000] {dag.py:2676} INFO - Sync 1 DAGs
[2023-01-15T13:14:34.142+0000] {logging_mixin.py:137} INFO - [2023-01-15T13:14:34.142+0000] {dag.py:3427} INFO - Setting next_dagrun for example_short_circuit_decorator to 2023-01-14T13:14:34.142188+00:00, run_after=2023-01-15T13:14:34.142188+00:00
[2023-01-15T13:14:34.175+0000] {processor.py:175} INFO - Processing /home/airflow/.local/lib/python3.7/site-packages/airflow/example_dags/example_short_circuit_decorator.py took 0.334 seconds
[2023-01-15T13:15:05.575+0000] {processor.py:153} INFO - Started process (PID=1579) to work on /home/airflow/.local/lib/python3.7/site-packages/airflow/example_dags/example_short_circuit_decorator.py
[2023-01-15T13:15:05.584+0000] {processor.py:743} INFO - Processing file /home/airflow/.local/lib/python3.7/site-packages/airflow/example_dags/example_short_circuit_decorator.py for tasks to queue
[2023-01-15T13:15:05.594+0000] {logging_mixin.py:137} INFO - [2023-01-15T13:15:05.590+0000] {dagbag.py:538} INFO - Filling up the DagBag from /home/airflow/.local/lib/python3.7/site-packages/airflow/example_dags/example_short_circuit_decorator.py
[2023-01-15T13:15:05.891+0000] {processor.py:753} INFO - DAG(s) dict_keys(['example_short_circuit_decorator']) retrieved from /home/airflow/.local/lib/python3.7/site-packages/airflow/example_dags/example_short_circuit_decorator.py
[2023-01-15T13:15:07.576+0000] {logging_mixin.py:137} INFO - [2023-01-15T13:15:07.575+0000] {dag.py:2676} INFO - Sync 1 DAGs
[2023-01-15T13:15:08.748+0000] {logging_mixin.py:137} INFO - [2023-01-15T13:15:08.748+0000] {dag.py:3427} INFO - Setting next_dagrun for example_short_circuit_decorator to 2023-01-14T13:15:08.747838+00:00, run_after=2023-01-15T13:15:08.747838+00:00
[2023-01-15T13:15:09.031+0000] {processor.py:175} INFO - Processing /home/airflow/.local/lib/python3.7/site-packages/airflow/example_dags/example_short_circuit_decorator.py took 3.494 seconds
[2023-01-15T13:15:39.215+0000] {processor.py:153} INFO - Started process (PID=1625) to work on /home/airflow/.local/lib/python3.7/site-packages/airflow/example_dags/example_short_circuit_decorator.py
[2023-01-15T13:15:39.219+0000] {processor.py:743} INFO - Processing file /home/airflow/.local/lib/python3.7/site-packages/airflow/example_dags/example_short_circuit_decorator.py for tasks to queue
[2023-01-15T13:15:39.222+0000] {logging_mixin.py:137} INFO - [2023-01-15T13:15:39.221+0000] {dagbag.py:538} INFO - Filling up the DagBag from /home/airflow/.local/lib/python3.7/site-packages/airflow/example_dags/example_short_circuit_decorator.py
[2023-01-15T13:15:39.315+0000] {processor.py:753} INFO - DAG(s) dict_keys(['example_short_circuit_decorator']) retrieved from /home/airflow/.local/lib/python3.7/site-packages/airflow/example_dags/example_short_circuit_decorator.py
[2023-01-15T13:15:39.444+0000] {logging_mixin.py:137} INFO - [2023-01-15T13:15:39.444+0000] {dag.py:2676} INFO - Sync 1 DAGs
[2023-01-15T13:15:39.518+0000] {logging_mixin.py:137} INFO - [2023-01-15T13:15:39.518+0000] {dag.py:3427} INFO - Setting next_dagrun for example_short_circuit_decorator to 2023-01-14T13:15:39.518038+00:00, run_after=2023-01-15T13:15:39.518038+00:00
[2023-01-15T13:15:39.596+0000] {processor.py:175} INFO - Processing /home/airflow/.local/lib/python3.7/site-packages/airflow/example_dags/example_short_circuit_decorator.py took 0.393 seconds
[2023-01-15T13:44:01.191+0000] {processor.py:153} INFO - Started process (PID=102) to work on /home/airflow/.local/lib/python3.7/site-packages/airflow/example_dags/example_short_circuit_decorator.py
[2023-01-15T13:44:01.301+0000] {processor.py:743} INFO - Processing file /home/airflow/.local/lib/python3.7/site-packages/airflow/example_dags/example_short_circuit_decorator.py for tasks to queue
[2023-01-15T13:44:01.416+0000] {logging_mixin.py:137} INFO - [2023-01-15T13:44:01.415+0000] {dagbag.py:538} INFO - Filling up the DagBag from /home/airflow/.local/lib/python3.7/site-packages/airflow/example_dags/example_short_circuit_decorator.py
[2023-01-15T13:44:07.630+0000] {processor.py:753} INFO - DAG(s) dict_keys(['example_short_circuit_decorator']) retrieved from /home/airflow/.local/lib/python3.7/site-packages/airflow/example_dags/example_short_circuit_decorator.py
[2023-01-15T13:44:11.274+0000] {logging_mixin.py:137} INFO - [2023-01-15T13:44:11.273+0000] {dag.py:2676} INFO - Sync 1 DAGs
[2023-01-15T13:44:12.014+0000] {logging_mixin.py:137} INFO - [2023-01-15T13:44:12.005+0000] {dag.py:3427} INFO - Setting next_dagrun for example_short_circuit_decorator to 2023-01-14T13:44:12.004913+00:00, run_after=2023-01-15T13:44:12.004913+00:00
[2023-01-15T13:44:12.322+0000] {processor.py:175} INFO - Processing /home/airflow/.local/lib/python3.7/site-packages/airflow/example_dags/example_short_circuit_decorator.py took 11.756 seconds
[2023-01-15T13:45:46.222+0000] {processor.py:153} INFO - Started process (PID=195) to work on /home/airflow/.local/lib/python3.7/site-packages/airflow/example_dags/example_short_circuit_decorator.py
[2023-01-15T13:45:46.246+0000] {processor.py:743} INFO - Processing file /home/airflow/.local/lib/python3.7/site-packages/airflow/example_dags/example_short_circuit_decorator.py for tasks to queue
[2023-01-15T13:45:46.262+0000] {logging_mixin.py:137} INFO - [2023-01-15T13:45:46.262+0000] {dagbag.py:538} INFO - Filling up the DagBag from /home/airflow/.local/lib/python3.7/site-packages/airflow/example_dags/example_short_circuit_decorator.py
[2023-01-15T13:45:46.776+0000] {processor.py:753} INFO - DAG(s) dict_keys(['example_short_circuit_decorator']) retrieved from /home/airflow/.local/lib/python3.7/site-packages/airflow/example_dags/example_short_circuit_decorator.py
[2023-01-15T13:45:47.381+0000] {logging_mixin.py:137} INFO - [2023-01-15T13:45:47.381+0000] {dag.py:2676} INFO - Sync 1 DAGs
[2023-01-15T13:45:47.939+0000] {logging_mixin.py:137} INFO - [2023-01-15T13:45:47.926+0000] {dag.py:3427} INFO - Setting next_dagrun for example_short_circuit_decorator to 2023-01-14T13:45:47.925876+00:00, run_after=2023-01-15T13:45:47.925876+00:00
[2023-01-15T13:45:48.244+0000] {processor.py:175} INFO - Processing /home/airflow/.local/lib/python3.7/site-packages/airflow/example_dags/example_short_circuit_decorator.py took 2.083 seconds
[2023-01-15T13:46:19.517+0000] {processor.py:153} INFO - Started process (PID=249) to work on /home/airflow/.local/lib/python3.7/site-packages/airflow/example_dags/example_short_circuit_decorator.py
[2023-01-15T13:46:19.561+0000] {processor.py:743} INFO - Processing file /home/airflow/.local/lib/python3.7/site-packages/airflow/example_dags/example_short_circuit_decorator.py for tasks to queue
[2023-01-15T13:46:19.567+0000] {logging_mixin.py:137} INFO - [2023-01-15T13:46:19.567+0000] {dagbag.py:538} INFO - Filling up the DagBag from /home/airflow/.local/lib/python3.7/site-packages/airflow/example_dags/example_short_circuit_decorator.py
[2023-01-15T13:46:20.380+0000] {processor.py:753} INFO - DAG(s) dict_keys(['example_short_circuit_decorator']) retrieved from /home/airflow/.local/lib/python3.7/site-packages/airflow/example_dags/example_short_circuit_decorator.py
[2023-01-15T13:46:21.174+0000] {logging_mixin.py:137} INFO - [2023-01-15T13:46:21.174+0000] {dag.py:2676} INFO - Sync 1 DAGs
[2023-01-15T13:46:21.769+0000] {logging_mixin.py:137} INFO - [2023-01-15T13:46:21.768+0000] {dag.py:3427} INFO - Setting next_dagrun for example_short_circuit_decorator to 2023-01-14T13:46:21.768575+00:00, run_after=2023-01-15T13:46:21.768575+00:00
[2023-01-15T13:46:22.113+0000] {processor.py:175} INFO - Processing /home/airflow/.local/lib/python3.7/site-packages/airflow/example_dags/example_short_circuit_decorator.py took 2.683 seconds
[2023-01-15T13:46:52.790+0000] {processor.py:153} INFO - Started process (PID=298) to work on /home/airflow/.local/lib/python3.7/site-packages/airflow/example_dags/example_short_circuit_decorator.py
[2023-01-15T13:46:52.792+0000] {processor.py:743} INFO - Processing file /home/airflow/.local/lib/python3.7/site-packages/airflow/example_dags/example_short_circuit_decorator.py for tasks to queue
[2023-01-15T13:46:52.794+0000] {logging_mixin.py:137} INFO - [2023-01-15T13:46:52.793+0000] {dagbag.py:538} INFO - Filling up the DagBag from /home/airflow/.local/lib/python3.7/site-packages/airflow/example_dags/example_short_circuit_decorator.py
[2023-01-15T13:46:52.824+0000] {processor.py:753} INFO - DAG(s) dict_keys(['example_short_circuit_decorator']) retrieved from /home/airflow/.local/lib/python3.7/site-packages/airflow/example_dags/example_short_circuit_decorator.py
[2023-01-15T13:46:52.873+0000] {logging_mixin.py:137} INFO - [2023-01-15T13:46:52.872+0000] {dag.py:2676} INFO - Sync 1 DAGs
[2023-01-15T13:46:52.902+0000] {logging_mixin.py:137} INFO - [2023-01-15T13:46:52.902+0000] {dag.py:3427} INFO - Setting next_dagrun for example_short_circuit_decorator to 2023-01-14T13:46:52.902517+00:00, run_after=2023-01-15T13:46:52.902517+00:00
[2023-01-15T13:46:52.941+0000] {processor.py:175} INFO - Processing /home/airflow/.local/lib/python3.7/site-packages/airflow/example_dags/example_short_circuit_decorator.py took 0.155 seconds
[2023-01-15T13:47:23.466+0000] {processor.py:153} INFO - Started process (PID=353) to work on /home/airflow/.local/lib/python3.7/site-packages/airflow/example_dags/example_short_circuit_decorator.py
[2023-01-15T13:47:23.469+0000] {processor.py:743} INFO - Processing file /home/airflow/.local/lib/python3.7/site-packages/airflow/example_dags/example_short_circuit_decorator.py for tasks to queue
[2023-01-15T13:47:23.471+0000] {logging_mixin.py:137} INFO - [2023-01-15T13:47:23.471+0000] {dagbag.py:538} INFO - Filling up the DagBag from /home/airflow/.local/lib/python3.7/site-packages/airflow/example_dags/example_short_circuit_decorator.py
[2023-01-15T13:47:23.536+0000] {processor.py:753} INFO - DAG(s) dict_keys(['example_short_circuit_decorator']) retrieved from /home/airflow/.local/lib/python3.7/site-packages/airflow/example_dags/example_short_circuit_decorator.py
[2023-01-15T13:47:23.635+0000] {logging_mixin.py:137} INFO - [2023-01-15T13:47:23.635+0000] {dag.py:2676} INFO - Sync 1 DAGs
[2023-01-15T13:47:23.694+0000] {logging_mixin.py:137} INFO - [2023-01-15T13:47:23.693+0000] {dag.py:3427} INFO - Setting next_dagrun for example_short_circuit_decorator to 2023-01-14T13:47:23.693119+00:00, run_after=2023-01-15T13:47:23.693119+00:00
[2023-01-15T13:47:23.744+0000] {processor.py:175} INFO - Processing /home/airflow/.local/lib/python3.7/site-packages/airflow/example_dags/example_short_circuit_decorator.py took 0.287 seconds
[2023-01-15T13:47:54.340+0000] {processor.py:153} INFO - Started process (PID=409) to work on /home/airflow/.local/lib/python3.7/site-packages/airflow/example_dags/example_short_circuit_decorator.py
[2023-01-15T13:47:54.344+0000] {processor.py:743} INFO - Processing file /home/airflow/.local/lib/python3.7/site-packages/airflow/example_dags/example_short_circuit_decorator.py for tasks to queue
[2023-01-15T13:47:54.348+0000] {logging_mixin.py:137} INFO - [2023-01-15T13:47:54.348+0000] {dagbag.py:538} INFO - Filling up the DagBag from /home/airflow/.local/lib/python3.7/site-packages/airflow/example_dags/example_short_circuit_decorator.py
[2023-01-15T13:47:54.474+0000] {processor.py:753} INFO - DAG(s) dict_keys(['example_short_circuit_decorator']) retrieved from /home/airflow/.local/lib/python3.7/site-packages/airflow/example_dags/example_short_circuit_decorator.py
[2023-01-15T13:47:54.856+0000] {logging_mixin.py:137} INFO - [2023-01-15T13:47:54.856+0000] {dag.py:2676} INFO - Sync 1 DAGs
[2023-01-15T13:47:54.993+0000] {logging_mixin.py:137} INFO - [2023-01-15T13:47:54.993+0000] {dag.py:3427} INFO - Setting next_dagrun for example_short_circuit_decorator to 2023-01-14T13:47:54.992698+00:00, run_after=2023-01-15T13:47:54.992698+00:00
[2023-01-15T13:47:55.096+0000] {processor.py:175} INFO - Processing /home/airflow/.local/lib/python3.7/site-packages/airflow/example_dags/example_short_circuit_decorator.py took 0.776 seconds
[2023-01-15T13:48:25.218+0000] {processor.py:153} INFO - Started process (PID=455) to work on /home/airflow/.local/lib/python3.7/site-packages/airflow/example_dags/example_short_circuit_decorator.py
[2023-01-15T13:48:25.220+0000] {processor.py:743} INFO - Processing file /home/airflow/.local/lib/python3.7/site-packages/airflow/example_dags/example_short_circuit_decorator.py for tasks to queue
[2023-01-15T13:48:25.222+0000] {logging_mixin.py:137} INFO - [2023-01-15T13:48:25.222+0000] {dagbag.py:538} INFO - Filling up the DagBag from /home/airflow/.local/lib/python3.7/site-packages/airflow/example_dags/example_short_circuit_decorator.py
[2023-01-15T13:48:25.257+0000] {processor.py:753} INFO - DAG(s) dict_keys(['example_short_circuit_decorator']) retrieved from /home/airflow/.local/lib/python3.7/site-packages/airflow/example_dags/example_short_circuit_decorator.py
[2023-01-15T13:48:25.327+0000] {logging_mixin.py:137} INFO - [2023-01-15T13:48:25.327+0000] {dag.py:2676} INFO - Sync 1 DAGs
[2023-01-15T13:48:25.396+0000] {logging_mixin.py:137} INFO - [2023-01-15T13:48:25.396+0000] {dag.py:3427} INFO - Setting next_dagrun for example_short_circuit_decorator to 2023-01-14T13:48:25.396478+00:00, run_after=2023-01-15T13:48:25.396478+00:00
[2023-01-15T13:48:25.447+0000] {processor.py:175} INFO - Processing /home/airflow/.local/lib/python3.7/site-packages/airflow/example_dags/example_short_circuit_decorator.py took 0.232 seconds
[2023-01-15T13:48:56.002+0000] {processor.py:153} INFO - Started process (PID=518) to work on /home/airflow/.local/lib/python3.7/site-packages/airflow/example_dags/example_short_circuit_decorator.py
[2023-01-15T13:48:56.006+0000] {processor.py:743} INFO - Processing file /home/airflow/.local/lib/python3.7/site-packages/airflow/example_dags/example_short_circuit_decorator.py for tasks to queue
[2023-01-15T13:48:56.008+0000] {logging_mixin.py:137} INFO - [2023-01-15T13:48:56.008+0000] {dagbag.py:538} INFO - Filling up the DagBag from /home/airflow/.local/lib/python3.7/site-packages/airflow/example_dags/example_short_circuit_decorator.py
[2023-01-15T13:48:56.069+0000] {processor.py:753} INFO - DAG(s) dict_keys(['example_short_circuit_decorator']) retrieved from /home/airflow/.local/lib/python3.7/site-packages/airflow/example_dags/example_short_circuit_decorator.py
[2023-01-15T13:48:56.155+0000] {logging_mixin.py:137} INFO - [2023-01-15T13:48:56.155+0000] {dag.py:2676} INFO - Sync 1 DAGs
[2023-01-15T13:48:56.217+0000] {logging_mixin.py:137} INFO - [2023-01-15T13:48:56.217+0000] {dag.py:3427} INFO - Setting next_dagrun for example_short_circuit_decorator to 2023-01-14T13:48:56.217218+00:00, run_after=2023-01-15T13:48:56.217218+00:00
[2023-01-15T13:48:56.270+0000] {processor.py:175} INFO - Processing /home/airflow/.local/lib/python3.7/site-packages/airflow/example_dags/example_short_circuit_decorator.py took 0.275 seconds
[2023-01-15T13:49:26.920+0000] {processor.py:153} INFO - Started process (PID=574) to work on /home/airflow/.local/lib/python3.7/site-packages/airflow/example_dags/example_short_circuit_decorator.py
[2023-01-15T13:49:26.926+0000] {processor.py:743} INFO - Processing file /home/airflow/.local/lib/python3.7/site-packages/airflow/example_dags/example_short_circuit_decorator.py for tasks to queue
[2023-01-15T13:49:26.928+0000] {logging_mixin.py:137} INFO - [2023-01-15T13:49:26.928+0000] {dagbag.py:538} INFO - Filling up the DagBag from /home/airflow/.local/lib/python3.7/site-packages/airflow/example_dags/example_short_circuit_decorator.py
[2023-01-15T13:49:27.014+0000] {processor.py:753} INFO - DAG(s) dict_keys(['example_short_circuit_decorator']) retrieved from /home/airflow/.local/lib/python3.7/site-packages/airflow/example_dags/example_short_circuit_decorator.py
[2023-01-15T13:49:27.108+0000] {logging_mixin.py:137} INFO - [2023-01-15T13:49:27.108+0000] {dag.py:2676} INFO - Sync 1 DAGs
[2023-01-15T13:49:27.164+0000] {logging_mixin.py:137} INFO - [2023-01-15T13:49:27.164+0000] {dag.py:3427} INFO - Setting next_dagrun for example_short_circuit_decorator to 2023-01-14T13:49:27.164462+00:00, run_after=2023-01-15T13:49:27.164462+00:00
[2023-01-15T13:49:27.217+0000] {processor.py:175} INFO - Processing /home/airflow/.local/lib/python3.7/site-packages/airflow/example_dags/example_short_circuit_decorator.py took 0.306 seconds
[2023-01-15T13:49:57.705+0000] {processor.py:153} INFO - Started process (PID=628) to work on /home/airflow/.local/lib/python3.7/site-packages/airflow/example_dags/example_short_circuit_decorator.py
[2023-01-15T13:49:57.716+0000] {processor.py:743} INFO - Processing file /home/airflow/.local/lib/python3.7/site-packages/airflow/example_dags/example_short_circuit_decorator.py for tasks to queue
[2023-01-15T13:49:57.720+0000] {logging_mixin.py:137} INFO - [2023-01-15T13:49:57.720+0000] {dagbag.py:538} INFO - Filling up the DagBag from /home/airflow/.local/lib/python3.7/site-packages/airflow/example_dags/example_short_circuit_decorator.py
[2023-01-15T13:49:57.842+0000] {processor.py:753} INFO - DAG(s) dict_keys(['example_short_circuit_decorator']) retrieved from /home/airflow/.local/lib/python3.7/site-packages/airflow/example_dags/example_short_circuit_decorator.py
[2023-01-15T13:49:58.000+0000] {logging_mixin.py:137} INFO - [2023-01-15T13:49:58.000+0000] {dag.py:2676} INFO - Sync 1 DAGs
[2023-01-15T13:49:58.096+0000] {logging_mixin.py:137} INFO - [2023-01-15T13:49:58.096+0000] {dag.py:3427} INFO - Setting next_dagrun for example_short_circuit_decorator to 2023-01-14T13:49:58.093793+00:00, run_after=2023-01-15T13:49:58.093793+00:00
[2023-01-15T13:49:58.157+0000] {processor.py:175} INFO - Processing /home/airflow/.local/lib/python3.7/site-packages/airflow/example_dags/example_short_circuit_decorator.py took 0.468 seconds
[2023-01-15T13:50:28.796+0000] {processor.py:153} INFO - Started process (PID=677) to work on /home/airflow/.local/lib/python3.7/site-packages/airflow/example_dags/example_short_circuit_decorator.py
[2023-01-15T13:50:28.799+0000] {processor.py:743} INFO - Processing file /home/airflow/.local/lib/python3.7/site-packages/airflow/example_dags/example_short_circuit_decorator.py for tasks to queue
[2023-01-15T13:50:28.800+0000] {logging_mixin.py:137} INFO - [2023-01-15T13:50:28.800+0000] {dagbag.py:538} INFO - Filling up the DagBag from /home/airflow/.local/lib/python3.7/site-packages/airflow/example_dags/example_short_circuit_decorator.py
[2023-01-15T13:50:28.967+0000] {processor.py:753} INFO - DAG(s) dict_keys(['example_short_circuit_decorator']) retrieved from /home/airflow/.local/lib/python3.7/site-packages/airflow/example_dags/example_short_circuit_decorator.py
[2023-01-15T13:50:29.087+0000] {logging_mixin.py:137} INFO - [2023-01-15T13:50:29.087+0000] {dag.py:2676} INFO - Sync 1 DAGs
[2023-01-15T13:50:29.189+0000] {logging_mixin.py:137} INFO - [2023-01-15T13:50:29.189+0000] {dag.py:3427} INFO - Setting next_dagrun for example_short_circuit_decorator to 2023-01-14T13:50:29.189024+00:00, run_after=2023-01-15T13:50:29.189024+00:00
[2023-01-15T13:50:29.246+0000] {processor.py:175} INFO - Processing /home/airflow/.local/lib/python3.7/site-packages/airflow/example_dags/example_short_circuit_decorator.py took 0.468 seconds
[2023-01-15T13:51:00.581+0000] {processor.py:153} INFO - Started process (PID=742) to work on /home/airflow/.local/lib/python3.7/site-packages/airflow/example_dags/example_short_circuit_decorator.py
[2023-01-15T13:51:00.590+0000] {processor.py:743} INFO - Processing file /home/airflow/.local/lib/python3.7/site-packages/airflow/example_dags/example_short_circuit_decorator.py for tasks to queue
[2023-01-15T13:51:00.593+0000] {logging_mixin.py:137} INFO - [2023-01-15T13:51:00.592+0000] {dagbag.py:538} INFO - Filling up the DagBag from /home/airflow/.local/lib/python3.7/site-packages/airflow/example_dags/example_short_circuit_decorator.py
[2023-01-15T13:51:00.726+0000] {processor.py:753} INFO - DAG(s) dict_keys(['example_short_circuit_decorator']) retrieved from /home/airflow/.local/lib/python3.7/site-packages/airflow/example_dags/example_short_circuit_decorator.py
[2023-01-15T13:51:00.898+0000] {logging_mixin.py:137} INFO - [2023-01-15T13:51:00.898+0000] {dag.py:2676} INFO - Sync 1 DAGs
[2023-01-15T13:51:00.995+0000] {logging_mixin.py:137} INFO - [2023-01-15T13:51:00.995+0000] {dag.py:3427} INFO - Setting next_dagrun for example_short_circuit_decorator to 2023-01-14T13:51:00.995254+00:00, run_after=2023-01-15T13:51:00.995254+00:00
[2023-01-15T13:51:01.072+0000] {processor.py:175} INFO - Processing /home/airflow/.local/lib/python3.7/site-packages/airflow/example_dags/example_short_circuit_decorator.py took 0.502 seconds
[2023-01-15T13:51:35.783+0000] {processor.py:153} INFO - Started process (PID=798) to work on /home/airflow/.local/lib/python3.7/site-packages/airflow/example_dags/example_short_circuit_decorator.py
[2023-01-15T13:51:35.796+0000] {processor.py:743} INFO - Processing file /home/airflow/.local/lib/python3.7/site-packages/airflow/example_dags/example_short_circuit_decorator.py for tasks to queue
[2023-01-15T13:51:35.802+0000] {logging_mixin.py:137} INFO - [2023-01-15T13:51:35.802+0000] {dagbag.py:538} INFO - Filling up the DagBag from /home/airflow/.local/lib/python3.7/site-packages/airflow/example_dags/example_short_circuit_decorator.py
[2023-01-15T13:51:36.084+0000] {processor.py:753} INFO - DAG(s) dict_keys(['example_short_circuit_decorator']) retrieved from /home/airflow/.local/lib/python3.7/site-packages/airflow/example_dags/example_short_circuit_decorator.py
[2023-01-15T13:51:36.447+0000] {logging_mixin.py:137} INFO - [2023-01-15T13:51:36.447+0000] {dag.py:2676} INFO - Sync 1 DAGs
[2023-01-15T13:51:36.716+0000] {logging_mixin.py:137} INFO - [2023-01-15T13:51:36.716+0000] {dag.py:3427} INFO - Setting next_dagrun for example_short_circuit_decorator to 2023-01-14T13:51:36.714501+00:00, run_after=2023-01-15T13:51:36.714501+00:00
[2023-01-15T13:51:36.854+0000] {processor.py:175} INFO - Processing /home/airflow/.local/lib/python3.7/site-packages/airflow/example_dags/example_short_circuit_decorator.py took 1.161 seconds
[2023-01-15T13:52:07.364+0000] {processor.py:153} INFO - Started process (PID=845) to work on /home/airflow/.local/lib/python3.7/site-packages/airflow/example_dags/example_short_circuit_decorator.py
[2023-01-15T13:52:07.387+0000] {processor.py:743} INFO - Processing file /home/airflow/.local/lib/python3.7/site-packages/airflow/example_dags/example_short_circuit_decorator.py for tasks to queue
[2023-01-15T13:52:07.391+0000] {logging_mixin.py:137} INFO - [2023-01-15T13:52:07.390+0000] {dagbag.py:538} INFO - Filling up the DagBag from /home/airflow/.local/lib/python3.7/site-packages/airflow/example_dags/example_short_circuit_decorator.py
[2023-01-15T13:52:07.632+0000] {processor.py:753} INFO - DAG(s) dict_keys(['example_short_circuit_decorator']) retrieved from /home/airflow/.local/lib/python3.7/site-packages/airflow/example_dags/example_short_circuit_decorator.py
[2023-01-15T13:52:08.038+0000] {logging_mixin.py:137} INFO - [2023-01-15T13:52:08.038+0000] {dag.py:2676} INFO - Sync 1 DAGs
[2023-01-15T13:52:08.283+0000] {logging_mixin.py:137} INFO - [2023-01-15T13:52:08.283+0000] {dag.py:3427} INFO - Setting next_dagrun for example_short_circuit_decorator to 2023-01-14T13:52:08.275003+00:00, run_after=2023-01-15T13:52:08.275003+00:00
[2023-01-15T13:52:08.479+0000] {processor.py:175} INFO - Processing /home/airflow/.local/lib/python3.7/site-packages/airflow/example_dags/example_short_circuit_decorator.py took 1.227 seconds
[2023-01-15T13:52:39.536+0000] {processor.py:153} INFO - Started process (PID=901) to work on /home/airflow/.local/lib/python3.7/site-packages/airflow/example_dags/example_short_circuit_decorator.py
[2023-01-15T13:52:39.545+0000] {processor.py:743} INFO - Processing file /home/airflow/.local/lib/python3.7/site-packages/airflow/example_dags/example_short_circuit_decorator.py for tasks to queue
[2023-01-15T13:52:39.552+0000] {logging_mixin.py:137} INFO - [2023-01-15T13:52:39.552+0000] {dagbag.py:538} INFO - Filling up the DagBag from /home/airflow/.local/lib/python3.7/site-packages/airflow/example_dags/example_short_circuit_decorator.py
[2023-01-15T13:52:39.619+0000] {processor.py:753} INFO - DAG(s) dict_keys(['example_short_circuit_decorator']) retrieved from /home/airflow/.local/lib/python3.7/site-packages/airflow/example_dags/example_short_circuit_decorator.py
[2023-01-15T13:52:39.732+0000] {logging_mixin.py:137} INFO - [2023-01-15T13:52:39.731+0000] {dag.py:2676} INFO - Sync 1 DAGs
[2023-01-15T13:52:39.778+0000] {logging_mixin.py:137} INFO - [2023-01-15T13:52:39.778+0000] {dag.py:3427} INFO - Setting next_dagrun for example_short_circuit_decorator to 2023-01-14T13:52:39.777629+00:00, run_after=2023-01-15T13:52:39.777629+00:00
[2023-01-15T13:52:39.892+0000] {processor.py:175} INFO - Processing /home/airflow/.local/lib/python3.7/site-packages/airflow/example_dags/example_short_circuit_decorator.py took 0.390 seconds
