[2023-01-15T12:59:44.192+0000] {processor.py:153} INFO - Started process (PID=95) to work on /home/airflow/.local/lib/python3.7/site-packages/airflow/example_dags/example_latest_only.py
[2023-01-15T12:59:44.203+0000] {processor.py:743} INFO - Processing file /home/airflow/.local/lib/python3.7/site-packages/airflow/example_dags/example_latest_only.py for tasks to queue
[2023-01-15T12:59:44.205+0000] {logging_mixin.py:137} INFO - [2023-01-15T12:59:44.205+0000] {dagbag.py:538} INFO - Filling up the DagBag from /home/airflow/.local/lib/python3.7/site-packages/airflow/example_dags/example_latest_only.py
[2023-01-15T12:59:44.543+0000] {processor.py:753} INFO - DAG(s) dict_keys(['latest_only']) retrieved from /home/airflow/.local/lib/python3.7/site-packages/airflow/example_dags/example_latest_only.py
[2023-01-15T12:59:46.525+0000] {logging_mixin.py:137} INFO - [2023-01-15T12:59:46.525+0000] {manager.py:504} INFO - Created Permission View: can read on DAG:latest_only
[2023-01-15T12:59:46.618+0000] {logging_mixin.py:137} INFO - [2023-01-15T12:59:46.618+0000] {manager.py:504} INFO - Created Permission View: can edit on DAG:latest_only
[2023-01-15T12:59:46.672+0000] {logging_mixin.py:137} INFO - [2023-01-15T12:59:46.672+0000] {manager.py:504} INFO - Created Permission View: can delete on DAG:latest_only
[2023-01-15T12:59:46.674+0000] {logging_mixin.py:137} INFO - [2023-01-15T12:59:46.673+0000] {dag.py:2676} INFO - Sync 1 DAGs
[2023-01-15T12:59:46.865+0000] {logging_mixin.py:137} INFO - [2023-01-15T12:59:46.865+0000] {dag.py:2697} INFO - Creating ORM DAG for latest_only
[2023-01-15T12:59:46.997+0000] {logging_mixin.py:137} INFO - [2023-01-15T12:59:46.997+0000] {dag.py:3427} INFO - Setting next_dagrun for latest_only to 2023-01-15T08:59:46.991500+00:00, run_after=2023-01-15T12:59:46.991500+00:00
[2023-01-15T12:59:47.172+0000] {processor.py:175} INFO - Processing /home/airflow/.local/lib/python3.7/site-packages/airflow/example_dags/example_latest_only.py took 3.041 seconds
[2023-01-15T13:00:17.860+0000] {processor.py:153} INFO - Started process (PID=144) to work on /home/airflow/.local/lib/python3.7/site-packages/airflow/example_dags/example_latest_only.py
[2023-01-15T13:00:17.864+0000] {processor.py:743} INFO - Processing file /home/airflow/.local/lib/python3.7/site-packages/airflow/example_dags/example_latest_only.py for tasks to queue
[2023-01-15T13:00:17.869+0000] {logging_mixin.py:137} INFO - [2023-01-15T13:00:17.869+0000] {dagbag.py:538} INFO - Filling up the DagBag from /home/airflow/.local/lib/python3.7/site-packages/airflow/example_dags/example_latest_only.py
[2023-01-15T13:00:17.888+0000] {processor.py:753} INFO - DAG(s) dict_keys(['latest_only']) retrieved from /home/airflow/.local/lib/python3.7/site-packages/airflow/example_dags/example_latest_only.py
[2023-01-15T13:00:17.933+0000] {logging_mixin.py:137} INFO - [2023-01-15T13:00:17.933+0000] {dag.py:2676} INFO - Sync 1 DAGs
[2023-01-15T13:00:17.962+0000] {logging_mixin.py:137} INFO - [2023-01-15T13:00:17.961+0000] {dag.py:3427} INFO - Setting next_dagrun for latest_only to 2023-01-15T09:00:17.961550+00:00, run_after=2023-01-15T13:00:17.961550+00:00
[2023-01-15T13:00:18.026+0000] {processor.py:175} INFO - Processing /home/airflow/.local/lib/python3.7/site-packages/airflow/example_dags/example_latest_only.py took 0.170 seconds
[2023-01-15T13:00:48.256+0000] {processor.py:153} INFO - Started process (PID=209) to work on /home/airflow/.local/lib/python3.7/site-packages/airflow/example_dags/example_latest_only.py
[2023-01-15T13:00:48.258+0000] {processor.py:743} INFO - Processing file /home/airflow/.local/lib/python3.7/site-packages/airflow/example_dags/example_latest_only.py for tasks to queue
[2023-01-15T13:00:48.260+0000] {logging_mixin.py:137} INFO - [2023-01-15T13:00:48.260+0000] {dagbag.py:538} INFO - Filling up the DagBag from /home/airflow/.local/lib/python3.7/site-packages/airflow/example_dags/example_latest_only.py
[2023-01-15T13:00:48.294+0000] {processor.py:753} INFO - DAG(s) dict_keys(['latest_only']) retrieved from /home/airflow/.local/lib/python3.7/site-packages/airflow/example_dags/example_latest_only.py
[2023-01-15T13:00:48.404+0000] {logging_mixin.py:137} INFO - [2023-01-15T13:00:48.403+0000] {dag.py:2676} INFO - Sync 1 DAGs
[2023-01-15T13:00:48.465+0000] {logging_mixin.py:137} INFO - [2023-01-15T13:00:48.465+0000] {dag.py:3427} INFO - Setting next_dagrun for latest_only to 2023-01-15T09:00:48.465250+00:00, run_after=2023-01-15T13:00:48.465250+00:00
[2023-01-15T13:00:48.520+0000] {processor.py:175} INFO - Processing /home/airflow/.local/lib/python3.7/site-packages/airflow/example_dags/example_latest_only.py took 0.276 seconds
[2023-01-15T13:01:18.926+0000] {processor.py:153} INFO - Started process (PID=264) to work on /home/airflow/.local/lib/python3.7/site-packages/airflow/example_dags/example_latest_only.py
[2023-01-15T13:01:18.928+0000] {processor.py:743} INFO - Processing file /home/airflow/.local/lib/python3.7/site-packages/airflow/example_dags/example_latest_only.py for tasks to queue
[2023-01-15T13:01:18.930+0000] {logging_mixin.py:137} INFO - [2023-01-15T13:01:18.930+0000] {dagbag.py:538} INFO - Filling up the DagBag from /home/airflow/.local/lib/python3.7/site-packages/airflow/example_dags/example_latest_only.py
[2023-01-15T13:01:18.973+0000] {processor.py:753} INFO - DAG(s) dict_keys(['latest_only']) retrieved from /home/airflow/.local/lib/python3.7/site-packages/airflow/example_dags/example_latest_only.py
[2023-01-15T13:01:19.059+0000] {logging_mixin.py:137} INFO - [2023-01-15T13:01:19.058+0000] {dag.py:2676} INFO - Sync 1 DAGs
[2023-01-15T13:01:19.120+0000] {logging_mixin.py:137} INFO - [2023-01-15T13:01:19.116+0000] {dag.py:3427} INFO - Setting next_dagrun for latest_only to 2023-01-15T09:01:19.116436+00:00, run_after=2023-01-15T13:01:19.116436+00:00
[2023-01-15T13:01:19.184+0000] {processor.py:175} INFO - Processing /home/airflow/.local/lib/python3.7/site-packages/airflow/example_dags/example_latest_only.py took 0.268 seconds
[2023-01-15T13:01:49.343+0000] {processor.py:153} INFO - Started process (PID=319) to work on /home/airflow/.local/lib/python3.7/site-packages/airflow/example_dags/example_latest_only.py
[2023-01-15T13:01:49.345+0000] {processor.py:743} INFO - Processing file /home/airflow/.local/lib/python3.7/site-packages/airflow/example_dags/example_latest_only.py for tasks to queue
[2023-01-15T13:01:49.347+0000] {logging_mixin.py:137} INFO - [2023-01-15T13:01:49.346+0000] {dagbag.py:538} INFO - Filling up the DagBag from /home/airflow/.local/lib/python3.7/site-packages/airflow/example_dags/example_latest_only.py
[2023-01-15T13:01:49.363+0000] {processor.py:753} INFO - DAG(s) dict_keys(['latest_only']) retrieved from /home/airflow/.local/lib/python3.7/site-packages/airflow/example_dags/example_latest_only.py
[2023-01-15T13:01:49.410+0000] {logging_mixin.py:137} INFO - [2023-01-15T13:01:49.410+0000] {dag.py:2676} INFO - Sync 1 DAGs
[2023-01-15T13:01:49.440+0000] {logging_mixin.py:137} INFO - [2023-01-15T13:01:49.439+0000] {dag.py:3427} INFO - Setting next_dagrun for latest_only to 2023-01-15T09:01:49.439551+00:00, run_after=2023-01-15T13:01:49.439551+00:00
[2023-01-15T13:01:49.473+0000] {processor.py:175} INFO - Processing /home/airflow/.local/lib/python3.7/site-packages/airflow/example_dags/example_latest_only.py took 0.134 seconds
[2023-01-15T13:02:19.831+0000] {processor.py:153} INFO - Started process (PID=374) to work on /home/airflow/.local/lib/python3.7/site-packages/airflow/example_dags/example_latest_only.py
[2023-01-15T13:02:19.837+0000] {processor.py:743} INFO - Processing file /home/airflow/.local/lib/python3.7/site-packages/airflow/example_dags/example_latest_only.py for tasks to queue
[2023-01-15T13:02:19.850+0000] {logging_mixin.py:137} INFO - [2023-01-15T13:02:19.850+0000] {dagbag.py:538} INFO - Filling up the DagBag from /home/airflow/.local/lib/python3.7/site-packages/airflow/example_dags/example_latest_only.py
[2023-01-15T13:02:20.010+0000] {processor.py:753} INFO - DAG(s) dict_keys(['latest_only']) retrieved from /home/airflow/.local/lib/python3.7/site-packages/airflow/example_dags/example_latest_only.py
[2023-01-15T13:02:20.188+0000] {logging_mixin.py:137} INFO - [2023-01-15T13:02:20.188+0000] {dag.py:2676} INFO - Sync 1 DAGs
[2023-01-15T13:02:20.311+0000] {logging_mixin.py:137} INFO - [2023-01-15T13:02:20.311+0000] {dag.py:3427} INFO - Setting next_dagrun for latest_only to 2023-01-15T09:02:20.310965+00:00, run_after=2023-01-15T13:02:20.310965+00:00
[2023-01-15T13:02:20.405+0000] {processor.py:175} INFO - Processing /home/airflow/.local/lib/python3.7/site-packages/airflow/example_dags/example_latest_only.py took 0.591 seconds
[2023-01-15T13:02:50.870+0000] {processor.py:153} INFO - Started process (PID=429) to work on /home/airflow/.local/lib/python3.7/site-packages/airflow/example_dags/example_latest_only.py
[2023-01-15T13:02:50.880+0000] {processor.py:743} INFO - Processing file /home/airflow/.local/lib/python3.7/site-packages/airflow/example_dags/example_latest_only.py for tasks to queue
[2023-01-15T13:02:50.885+0000] {logging_mixin.py:137} INFO - [2023-01-15T13:02:50.885+0000] {dagbag.py:538} INFO - Filling up the DagBag from /home/airflow/.local/lib/python3.7/site-packages/airflow/example_dags/example_latest_only.py
[2023-01-15T13:02:50.957+0000] {processor.py:753} INFO - DAG(s) dict_keys(['latest_only']) retrieved from /home/airflow/.local/lib/python3.7/site-packages/airflow/example_dags/example_latest_only.py
[2023-01-15T13:02:51.206+0000] {logging_mixin.py:137} INFO - [2023-01-15T13:02:51.205+0000] {dag.py:2676} INFO - Sync 1 DAGs
[2023-01-15T13:02:51.434+0000] {logging_mixin.py:137} INFO - [2023-01-15T13:02:51.425+0000] {dag.py:3427} INFO - Setting next_dagrun for latest_only to 2023-01-15T09:02:51.425038+00:00, run_after=2023-01-15T13:02:51.425038+00:00
[2023-01-15T13:02:51.536+0000] {processor.py:175} INFO - Processing /home/airflow/.local/lib/python3.7/site-packages/airflow/example_dags/example_latest_only.py took 0.680 seconds
[2023-01-15T13:03:21.942+0000] {processor.py:153} INFO - Started process (PID=476) to work on /home/airflow/.local/lib/python3.7/site-packages/airflow/example_dags/example_latest_only.py
[2023-01-15T13:03:21.945+0000] {processor.py:743} INFO - Processing file /home/airflow/.local/lib/python3.7/site-packages/airflow/example_dags/example_latest_only.py for tasks to queue
[2023-01-15T13:03:21.947+0000] {logging_mixin.py:137} INFO - [2023-01-15T13:03:21.947+0000] {dagbag.py:538} INFO - Filling up the DagBag from /home/airflow/.local/lib/python3.7/site-packages/airflow/example_dags/example_latest_only.py
[2023-01-15T13:03:22.012+0000] {processor.py:753} INFO - DAG(s) dict_keys(['latest_only']) retrieved from /home/airflow/.local/lib/python3.7/site-packages/airflow/example_dags/example_latest_only.py
[2023-01-15T13:03:22.140+0000] {logging_mixin.py:137} INFO - [2023-01-15T13:03:22.140+0000] {dag.py:2676} INFO - Sync 1 DAGs
[2023-01-15T13:03:22.200+0000] {logging_mixin.py:137} INFO - [2023-01-15T13:03:22.199+0000] {dag.py:3427} INFO - Setting next_dagrun for latest_only to 2023-01-15T09:03:22.198763+00:00, run_after=2023-01-15T13:03:22.198763+00:00
[2023-01-15T13:03:22.253+0000] {processor.py:175} INFO - Processing /home/airflow/.local/lib/python3.7/site-packages/airflow/example_dags/example_latest_only.py took 0.320 seconds
[2023-01-15T13:03:52.423+0000] {processor.py:153} INFO - Started process (PID=541) to work on /home/airflow/.local/lib/python3.7/site-packages/airflow/example_dags/example_latest_only.py
[2023-01-15T13:03:52.425+0000] {processor.py:743} INFO - Processing file /home/airflow/.local/lib/python3.7/site-packages/airflow/example_dags/example_latest_only.py for tasks to queue
[2023-01-15T13:03:52.427+0000] {logging_mixin.py:137} INFO - [2023-01-15T13:03:52.427+0000] {dagbag.py:538} INFO - Filling up the DagBag from /home/airflow/.local/lib/python3.7/site-packages/airflow/example_dags/example_latest_only.py
[2023-01-15T13:03:52.463+0000] {processor.py:753} INFO - DAG(s) dict_keys(['latest_only']) retrieved from /home/airflow/.local/lib/python3.7/site-packages/airflow/example_dags/example_latest_only.py
[2023-01-15T13:03:52.546+0000] {logging_mixin.py:137} INFO - [2023-01-15T13:03:52.546+0000] {dag.py:2676} INFO - Sync 1 DAGs
[2023-01-15T13:03:52.607+0000] {logging_mixin.py:137} INFO - [2023-01-15T13:03:52.606+0000] {dag.py:3427} INFO - Setting next_dagrun for latest_only to 2023-01-15T09:03:52.606707+00:00, run_after=2023-01-15T13:03:52.606707+00:00
[2023-01-15T13:03:52.659+0000] {processor.py:175} INFO - Processing /home/airflow/.local/lib/python3.7/site-packages/airflow/example_dags/example_latest_only.py took 0.244 seconds
[2023-01-15T13:04:23.085+0000] {processor.py:153} INFO - Started process (PID=596) to work on /home/airflow/.local/lib/python3.7/site-packages/airflow/example_dags/example_latest_only.py
[2023-01-15T13:04:23.086+0000] {processor.py:743} INFO - Processing file /home/airflow/.local/lib/python3.7/site-packages/airflow/example_dags/example_latest_only.py for tasks to queue
[2023-01-15T13:04:23.097+0000] {logging_mixin.py:137} INFO - [2023-01-15T13:04:23.096+0000] {dagbag.py:538} INFO - Filling up the DagBag from /home/airflow/.local/lib/python3.7/site-packages/airflow/example_dags/example_latest_only.py
[2023-01-15T13:04:23.117+0000] {processor.py:753} INFO - DAG(s) dict_keys(['latest_only']) retrieved from /home/airflow/.local/lib/python3.7/site-packages/airflow/example_dags/example_latest_only.py
[2023-01-15T13:04:23.161+0000] {logging_mixin.py:137} INFO - [2023-01-15T13:04:23.161+0000] {dag.py:2676} INFO - Sync 1 DAGs
[2023-01-15T13:04:23.190+0000] {logging_mixin.py:137} INFO - [2023-01-15T13:04:23.189+0000] {dag.py:3427} INFO - Setting next_dagrun for latest_only to 2023-01-15T09:04:23.189699+00:00, run_after=2023-01-15T13:04:23.189699+00:00
[2023-01-15T13:04:23.232+0000] {processor.py:175} INFO - Processing /home/airflow/.local/lib/python3.7/site-packages/airflow/example_dags/example_latest_only.py took 0.153 seconds
[2023-01-15T13:04:54.187+0000] {processor.py:153} INFO - Started process (PID=652) to work on /home/airflow/.local/lib/python3.7/site-packages/airflow/example_dags/example_latest_only.py
[2023-01-15T13:04:54.189+0000] {processor.py:743} INFO - Processing file /home/airflow/.local/lib/python3.7/site-packages/airflow/example_dags/example_latest_only.py for tasks to queue
[2023-01-15T13:04:54.191+0000] {logging_mixin.py:137} INFO - [2023-01-15T13:04:54.191+0000] {dagbag.py:538} INFO - Filling up the DagBag from /home/airflow/.local/lib/python3.7/site-packages/airflow/example_dags/example_latest_only.py
[2023-01-15T13:04:54.236+0000] {processor.py:753} INFO - DAG(s) dict_keys(['latest_only']) retrieved from /home/airflow/.local/lib/python3.7/site-packages/airflow/example_dags/example_latest_only.py
[2023-01-15T13:04:54.317+0000] {logging_mixin.py:137} INFO - [2023-01-15T13:04:54.317+0000] {dag.py:2676} INFO - Sync 1 DAGs
[2023-01-15T13:04:54.373+0000] {logging_mixin.py:137} INFO - [2023-01-15T13:04:54.373+0000] {dag.py:3427} INFO - Setting next_dagrun for latest_only to 2023-01-15T09:04:54.373197+00:00, run_after=2023-01-15T13:04:54.373197+00:00
[2023-01-15T13:04:54.423+0000] {processor.py:175} INFO - Processing /home/airflow/.local/lib/python3.7/site-packages/airflow/example_dags/example_latest_only.py took 0.242 seconds
[2023-01-15T13:05:25.091+0000] {processor.py:153} INFO - Started process (PID=707) to work on /home/airflow/.local/lib/python3.7/site-packages/airflow/example_dags/example_latest_only.py
[2023-01-15T13:05:25.099+0000] {processor.py:743} INFO - Processing file /home/airflow/.local/lib/python3.7/site-packages/airflow/example_dags/example_latest_only.py for tasks to queue
[2023-01-15T13:05:25.102+0000] {logging_mixin.py:137} INFO - [2023-01-15T13:05:25.101+0000] {dagbag.py:538} INFO - Filling up the DagBag from /home/airflow/.local/lib/python3.7/site-packages/airflow/example_dags/example_latest_only.py
[2023-01-15T13:05:25.141+0000] {processor.py:753} INFO - DAG(s) dict_keys(['latest_only']) retrieved from /home/airflow/.local/lib/python3.7/site-packages/airflow/example_dags/example_latest_only.py
[2023-01-15T13:05:25.256+0000] {logging_mixin.py:137} INFO - [2023-01-15T13:05:25.255+0000] {dag.py:2676} INFO - Sync 1 DAGs
[2023-01-15T13:05:25.318+0000] {logging_mixin.py:137} INFO - [2023-01-15T13:05:25.318+0000] {dag.py:3427} INFO - Setting next_dagrun for latest_only to 2023-01-15T09:05:25.318255+00:00, run_after=2023-01-15T13:05:25.318255+00:00
[2023-01-15T13:05:25.375+0000] {processor.py:175} INFO - Processing /home/airflow/.local/lib/python3.7/site-packages/airflow/example_dags/example_latest_only.py took 0.295 seconds
[2023-01-15T13:05:55.732+0000] {processor.py:153} INFO - Started process (PID=769) to work on /home/airflow/.local/lib/python3.7/site-packages/airflow/example_dags/example_latest_only.py
[2023-01-15T13:05:55.738+0000] {processor.py:743} INFO - Processing file /home/airflow/.local/lib/python3.7/site-packages/airflow/example_dags/example_latest_only.py for tasks to queue
[2023-01-15T13:05:55.744+0000] {logging_mixin.py:137} INFO - [2023-01-15T13:05:55.744+0000] {dagbag.py:538} INFO - Filling up the DagBag from /home/airflow/.local/lib/python3.7/site-packages/airflow/example_dags/example_latest_only.py
[2023-01-15T13:05:55.787+0000] {processor.py:753} INFO - DAG(s) dict_keys(['latest_only']) retrieved from /home/airflow/.local/lib/python3.7/site-packages/airflow/example_dags/example_latest_only.py
[2023-01-15T13:05:55.894+0000] {logging_mixin.py:137} INFO - [2023-01-15T13:05:55.894+0000] {dag.py:2676} INFO - Sync 1 DAGs
[2023-01-15T13:05:55.955+0000] {logging_mixin.py:137} INFO - [2023-01-15T13:05:55.954+0000] {dag.py:3427} INFO - Setting next_dagrun for latest_only to 2023-01-15T09:05:55.954540+00:00, run_after=2023-01-15T13:05:55.954540+00:00
[2023-01-15T13:05:56.014+0000] {processor.py:175} INFO - Processing /home/airflow/.local/lib/python3.7/site-packages/airflow/example_dags/example_latest_only.py took 0.297 seconds
[2023-01-15T13:06:26.782+0000] {processor.py:153} INFO - Started process (PID=823) to work on /home/airflow/.local/lib/python3.7/site-packages/airflow/example_dags/example_latest_only.py
[2023-01-15T13:06:26.788+0000] {processor.py:743} INFO - Processing file /home/airflow/.local/lib/python3.7/site-packages/airflow/example_dags/example_latest_only.py for tasks to queue
[2023-01-15T13:06:26.805+0000] {logging_mixin.py:137} INFO - [2023-01-15T13:06:26.805+0000] {dagbag.py:538} INFO - Filling up the DagBag from /home/airflow/.local/lib/python3.7/site-packages/airflow/example_dags/example_latest_only.py
[2023-01-15T13:06:26.925+0000] {processor.py:753} INFO - DAG(s) dict_keys(['latest_only']) retrieved from /home/airflow/.local/lib/python3.7/site-packages/airflow/example_dags/example_latest_only.py
[2023-01-15T13:06:27.206+0000] {logging_mixin.py:137} INFO - [2023-01-15T13:06:27.206+0000] {dag.py:2676} INFO - Sync 1 DAGs
[2023-01-15T13:06:27.379+0000] {logging_mixin.py:137} INFO - [2023-01-15T13:06:27.379+0000] {dag.py:3427} INFO - Setting next_dagrun for latest_only to 2023-01-15T09:06:27.378902+00:00, run_after=2023-01-15T13:06:27.378902+00:00
[2023-01-15T13:06:27.508+0000] {processor.py:175} INFO - Processing /home/airflow/.local/lib/python3.7/site-packages/airflow/example_dags/example_latest_only.py took 0.756 seconds
[2023-01-15T13:07:03.159+0000] {processor.py:153} INFO - Started process (PID=887) to work on /home/airflow/.local/lib/python3.7/site-packages/airflow/example_dags/example_latest_only.py
[2023-01-15T13:07:03.186+0000] {processor.py:743} INFO - Processing file /home/airflow/.local/lib/python3.7/site-packages/airflow/example_dags/example_latest_only.py for tasks to queue
[2023-01-15T13:07:03.190+0000] {logging_mixin.py:137} INFO - [2023-01-15T13:07:03.190+0000] {dagbag.py:538} INFO - Filling up the DagBag from /home/airflow/.local/lib/python3.7/site-packages/airflow/example_dags/example_latest_only.py
[2023-01-15T13:07:03.432+0000] {processor.py:753} INFO - DAG(s) dict_keys(['latest_only']) retrieved from /home/airflow/.local/lib/python3.7/site-packages/airflow/example_dags/example_latest_only.py
[2023-01-15T13:07:03.846+0000] {logging_mixin.py:137} INFO - [2023-01-15T13:07:03.846+0000] {dag.py:2676} INFO - Sync 1 DAGs
[2023-01-15T13:07:04.225+0000] {logging_mixin.py:137} INFO - [2023-01-15T13:07:04.225+0000] {dag.py:3427} INFO - Setting next_dagrun for latest_only to 2023-01-15T09:07:04.217839+00:00, run_after=2023-01-15T13:07:04.217839+00:00
[2023-01-15T13:07:04.556+0000] {processor.py:175} INFO - Processing /home/airflow/.local/lib/python3.7/site-packages/airflow/example_dags/example_latest_only.py took 1.456 seconds
[2023-01-15T13:07:53.137+0000] {processor.py:153} INFO - Started process (PID=945) to work on /home/airflow/.local/lib/python3.7/site-packages/airflow/example_dags/example_latest_only.py
[2023-01-15T13:07:53.154+0000] {processor.py:743} INFO - Processing file /home/airflow/.local/lib/python3.7/site-packages/airflow/example_dags/example_latest_only.py for tasks to queue
[2023-01-15T13:07:53.168+0000] {logging_mixin.py:137} INFO - [2023-01-15T13:07:53.161+0000] {dagbag.py:538} INFO - Filling up the DagBag from /home/airflow/.local/lib/python3.7/site-packages/airflow/example_dags/example_latest_only.py
[2023-01-15T13:07:53.521+0000] {processor.py:753} INFO - DAG(s) dict_keys(['latest_only']) retrieved from /home/airflow/.local/lib/python3.7/site-packages/airflow/example_dags/example_latest_only.py
[2023-01-15T13:07:54.140+0000] {logging_mixin.py:137} INFO - [2023-01-15T13:07:54.140+0000] {dag.py:2676} INFO - Sync 1 DAGs
[2023-01-15T13:07:54.566+0000] {logging_mixin.py:137} INFO - [2023-01-15T13:07:54.566+0000] {dag.py:3427} INFO - Setting next_dagrun for latest_only to 2023-01-15T09:07:54.559789+00:00, run_after=2023-01-15T13:07:54.559789+00:00
[2023-01-15T13:07:55.162+0000] {processor.py:175} INFO - Processing /home/airflow/.local/lib/python3.7/site-packages/airflow/example_dags/example_latest_only.py took 2.086 seconds
[2023-01-15T13:08:29.731+0000] {processor.py:153} INFO - Started process (PID=1002) to work on /home/airflow/.local/lib/python3.7/site-packages/airflow/example_dags/example_latest_only.py
[2023-01-15T13:08:29.737+0000] {processor.py:743} INFO - Processing file /home/airflow/.local/lib/python3.7/site-packages/airflow/example_dags/example_latest_only.py for tasks to queue
[2023-01-15T13:08:29.743+0000] {logging_mixin.py:137} INFO - [2023-01-15T13:08:29.742+0000] {dagbag.py:538} INFO - Filling up the DagBag from /home/airflow/.local/lib/python3.7/site-packages/airflow/example_dags/example_latest_only.py
[2023-01-15T13:08:29.853+0000] {processor.py:753} INFO - DAG(s) dict_keys(['latest_only']) retrieved from /home/airflow/.local/lib/python3.7/site-packages/airflow/example_dags/example_latest_only.py
[2023-01-15T13:08:30.215+0000] {logging_mixin.py:137} INFO - [2023-01-15T13:08:30.215+0000] {dag.py:2676} INFO - Sync 1 DAGs
[2023-01-15T13:08:30.720+0000] {logging_mixin.py:137} INFO - [2023-01-15T13:08:30.719+0000] {dag.py:3427} INFO - Setting next_dagrun for latest_only to 2023-01-15T09:08:30.719462+00:00, run_after=2023-01-15T13:08:30.719462+00:00
[2023-01-15T13:08:30.777+0000] {processor.py:175} INFO - Processing /home/airflow/.local/lib/python3.7/site-packages/airflow/example_dags/example_latest_only.py took 1.069 seconds
[2023-01-15T13:09:12.430+0000] {processor.py:153} INFO - Started process (PID=1060) to work on /home/airflow/.local/lib/python3.7/site-packages/airflow/example_dags/example_latest_only.py
[2023-01-15T13:09:12.440+0000] {processor.py:743} INFO - Processing file /home/airflow/.local/lib/python3.7/site-packages/airflow/example_dags/example_latest_only.py for tasks to queue
[2023-01-15T13:09:12.442+0000] {logging_mixin.py:137} INFO - [2023-01-15T13:09:12.442+0000] {dagbag.py:538} INFO - Filling up the DagBag from /home/airflow/.local/lib/python3.7/site-packages/airflow/example_dags/example_latest_only.py
[2023-01-15T13:09:12.500+0000] {processor.py:753} INFO - DAG(s) dict_keys(['latest_only']) retrieved from /home/airflow/.local/lib/python3.7/site-packages/airflow/example_dags/example_latest_only.py
[2023-01-15T13:09:12.883+0000] {logging_mixin.py:137} INFO - [2023-01-15T13:09:12.883+0000] {dag.py:2676} INFO - Sync 1 DAGs
[2023-01-15T13:09:13.122+0000] {logging_mixin.py:137} INFO - [2023-01-15T13:09:13.122+0000] {dag.py:3427} INFO - Setting next_dagrun for latest_only to 2023-01-15T09:09:13.108306+00:00, run_after=2023-01-15T13:09:13.108306+00:00
[2023-01-15T13:09:13.328+0000] {processor.py:175} INFO - Processing /home/airflow/.local/lib/python3.7/site-packages/airflow/example_dags/example_latest_only.py took 0.917 seconds
[2023-01-15T13:09:46.882+0000] {processor.py:153} INFO - Started process (PID=1116) to work on /home/airflow/.local/lib/python3.7/site-packages/airflow/example_dags/example_latest_only.py
[2023-01-15T13:09:46.887+0000] {processor.py:743} INFO - Processing file /home/airflow/.local/lib/python3.7/site-packages/airflow/example_dags/example_latest_only.py for tasks to queue
[2023-01-15T13:09:46.892+0000] {logging_mixin.py:137} INFO - [2023-01-15T13:09:46.890+0000] {dagbag.py:538} INFO - Filling up the DagBag from /home/airflow/.local/lib/python3.7/site-packages/airflow/example_dags/example_latest_only.py
[2023-01-15T13:09:46.959+0000] {processor.py:753} INFO - DAG(s) dict_keys(['latest_only']) retrieved from /home/airflow/.local/lib/python3.7/site-packages/airflow/example_dags/example_latest_only.py
[2023-01-15T13:09:47.137+0000] {logging_mixin.py:137} INFO - [2023-01-15T13:09:47.136+0000] {dag.py:2676} INFO - Sync 1 DAGs
[2023-01-15T13:09:47.246+0000] {logging_mixin.py:137} INFO - [2023-01-15T13:09:47.246+0000] {dag.py:3427} INFO - Setting next_dagrun for latest_only to 2023-01-15T09:09:47.246438+00:00, run_after=2023-01-15T13:09:47.246438+00:00
[2023-01-15T13:09:47.339+0000] {processor.py:175} INFO - Processing /home/airflow/.local/lib/python3.7/site-packages/airflow/example_dags/example_latest_only.py took 0.473 seconds
[2023-01-15T13:10:21.725+0000] {processor.py:153} INFO - Started process (PID=1170) to work on /home/airflow/.local/lib/python3.7/site-packages/airflow/example_dags/example_latest_only.py
[2023-01-15T13:10:21.735+0000] {processor.py:743} INFO - Processing file /home/airflow/.local/lib/python3.7/site-packages/airflow/example_dags/example_latest_only.py for tasks to queue
[2023-01-15T13:10:21.756+0000] {logging_mixin.py:137} INFO - [2023-01-15T13:10:21.755+0000] {dagbag.py:538} INFO - Filling up the DagBag from /home/airflow/.local/lib/python3.7/site-packages/airflow/example_dags/example_latest_only.py
[2023-01-15T13:10:22.122+0000] {processor.py:753} INFO - DAG(s) dict_keys(['latest_only']) retrieved from /home/airflow/.local/lib/python3.7/site-packages/airflow/example_dags/example_latest_only.py
[2023-01-15T13:10:22.546+0000] {logging_mixin.py:137} INFO - [2023-01-15T13:10:22.546+0000] {dag.py:2676} INFO - Sync 1 DAGs
[2023-01-15T13:10:22.822+0000] {logging_mixin.py:137} INFO - [2023-01-15T13:10:22.822+0000] {dag.py:3427} INFO - Setting next_dagrun for latest_only to 2023-01-15T09:10:22.817112+00:00, run_after=2023-01-15T13:10:22.817112+00:00
[2023-01-15T13:10:23.009+0000] {processor.py:175} INFO - Processing /home/airflow/.local/lib/python3.7/site-packages/airflow/example_dags/example_latest_only.py took 1.349 seconds
[2023-01-15T13:10:54.113+0000] {processor.py:153} INFO - Started process (PID=1220) to work on /home/airflow/.local/lib/python3.7/site-packages/airflow/example_dags/example_latest_only.py
[2023-01-15T13:10:54.121+0000] {processor.py:743} INFO - Processing file /home/airflow/.local/lib/python3.7/site-packages/airflow/example_dags/example_latest_only.py for tasks to queue
[2023-01-15T13:10:54.127+0000] {logging_mixin.py:137} INFO - [2023-01-15T13:10:54.127+0000] {dagbag.py:538} INFO - Filling up the DagBag from /home/airflow/.local/lib/python3.7/site-packages/airflow/example_dags/example_latest_only.py
[2023-01-15T13:10:54.252+0000] {processor.py:753} INFO - DAG(s) dict_keys(['latest_only']) retrieved from /home/airflow/.local/lib/python3.7/site-packages/airflow/example_dags/example_latest_only.py
[2023-01-15T13:10:54.526+0000] {logging_mixin.py:137} INFO - [2023-01-15T13:10:54.526+0000] {dag.py:2676} INFO - Sync 1 DAGs
[2023-01-15T13:10:54.805+0000] {logging_mixin.py:137} INFO - [2023-01-15T13:10:54.798+0000] {dag.py:3427} INFO - Setting next_dagrun for latest_only to 2023-01-15T09:10:54.791496+00:00, run_after=2023-01-15T13:10:54.791496+00:00
[2023-01-15T13:10:54.981+0000] {processor.py:175} INFO - Processing /home/airflow/.local/lib/python3.7/site-packages/airflow/example_dags/example_latest_only.py took 0.913 seconds
[2023-01-15T13:11:39.465+0000] {processor.py:153} INFO - Started process (PID=1276) to work on /home/airflow/.local/lib/python3.7/site-packages/airflow/example_dags/example_latest_only.py
[2023-01-15T13:11:39.475+0000] {processor.py:743} INFO - Processing file /home/airflow/.local/lib/python3.7/site-packages/airflow/example_dags/example_latest_only.py for tasks to queue
[2023-01-15T13:11:39.478+0000] {logging_mixin.py:137} INFO - [2023-01-15T13:11:39.477+0000] {dagbag.py:538} INFO - Filling up the DagBag from /home/airflow/.local/lib/python3.7/site-packages/airflow/example_dags/example_latest_only.py
[2023-01-15T13:11:39.733+0000] {processor.py:753} INFO - DAG(s) dict_keys(['latest_only']) retrieved from /home/airflow/.local/lib/python3.7/site-packages/airflow/example_dags/example_latest_only.py
[2023-01-15T13:11:40.148+0000] {logging_mixin.py:137} INFO - [2023-01-15T13:11:40.141+0000] {dag.py:2676} INFO - Sync 1 DAGs
[2023-01-15T13:11:40.563+0000] {logging_mixin.py:137} INFO - [2023-01-15T13:11:40.563+0000] {dag.py:3427} INFO - Setting next_dagrun for latest_only to 2023-01-15T09:11:40.541847+00:00, run_after=2023-01-15T13:11:40.541847+00:00
[2023-01-15T13:11:40.892+0000] {processor.py:175} INFO - Processing /home/airflow/.local/lib/python3.7/site-packages/airflow/example_dags/example_latest_only.py took 1.456 seconds
[2023-01-15T13:12:35.910+0000] {processor.py:153} INFO - Started process (PID=1345) to work on /home/airflow/.local/lib/python3.7/site-packages/airflow/example_dags/example_latest_only.py
[2023-01-15T13:12:35.921+0000] {processor.py:743} INFO - Processing file /home/airflow/.local/lib/python3.7/site-packages/airflow/example_dags/example_latest_only.py for tasks to queue
[2023-01-15T13:12:35.941+0000] {logging_mixin.py:137} INFO - [2023-01-15T13:12:35.938+0000] {dagbag.py:538} INFO - Filling up the DagBag from /home/airflow/.local/lib/python3.7/site-packages/airflow/example_dags/example_latest_only.py
[2023-01-15T13:12:36.119+0000] {processor.py:753} INFO - DAG(s) dict_keys(['latest_only']) retrieved from /home/airflow/.local/lib/python3.7/site-packages/airflow/example_dags/example_latest_only.py
[2023-01-15T13:12:36.592+0000] {logging_mixin.py:137} INFO - [2023-01-15T13:12:36.591+0000] {dag.py:2676} INFO - Sync 1 DAGs
[2023-01-15T13:12:37.014+0000] {logging_mixin.py:137} INFO - [2023-01-15T13:12:37.014+0000] {dag.py:3427} INFO - Setting next_dagrun for latest_only to 2023-01-15T09:12:37.007864+00:00, run_after=2023-01-15T13:12:37.007864+00:00
[2023-01-15T13:12:37.218+0000] {processor.py:175} INFO - Processing /home/airflow/.local/lib/python3.7/site-packages/airflow/example_dags/example_latest_only.py took 1.356 seconds
[2023-01-15T13:13:09.680+0000] {processor.py:153} INFO - Started process (PID=1400) to work on /home/airflow/.local/lib/python3.7/site-packages/airflow/example_dags/example_latest_only.py
[2023-01-15T13:13:09.688+0000] {processor.py:743} INFO - Processing file /home/airflow/.local/lib/python3.7/site-packages/airflow/example_dags/example_latest_only.py for tasks to queue
[2023-01-15T13:13:09.706+0000] {logging_mixin.py:137} INFO - [2023-01-15T13:13:09.705+0000] {dagbag.py:538} INFO - Filling up the DagBag from /home/airflow/.local/lib/python3.7/site-packages/airflow/example_dags/example_latest_only.py
[2023-01-15T13:13:10.304+0000] {processor.py:753} INFO - DAG(s) dict_keys(['latest_only']) retrieved from /home/airflow/.local/lib/python3.7/site-packages/airflow/example_dags/example_latest_only.py
[2023-01-15T13:13:12.165+0000] {logging_mixin.py:137} INFO - [2023-01-15T13:13:12.164+0000] {dag.py:2676} INFO - Sync 1 DAGs
[2023-01-15T13:13:12.616+0000] {logging_mixin.py:137} INFO - [2023-01-15T13:13:12.616+0000] {dag.py:3427} INFO - Setting next_dagrun for latest_only to 2023-01-15T09:13:12.615536+00:00, run_after=2023-01-15T13:13:12.615536+00:00
[2023-01-15T13:13:13.087+0000] {processor.py:175} INFO - Processing /home/airflow/.local/lib/python3.7/site-packages/airflow/example_dags/example_latest_only.py took 3.655 seconds
[2023-01-15T13:13:49.846+0000] {processor.py:153} INFO - Started process (PID=1456) to work on /home/airflow/.local/lib/python3.7/site-packages/airflow/example_dags/example_latest_only.py
[2023-01-15T13:13:49.858+0000] {processor.py:743} INFO - Processing file /home/airflow/.local/lib/python3.7/site-packages/airflow/example_dags/example_latest_only.py for tasks to queue
[2023-01-15T13:13:49.862+0000] {logging_mixin.py:137} INFO - [2023-01-15T13:13:49.862+0000] {dagbag.py:538} INFO - Filling up the DagBag from /home/airflow/.local/lib/python3.7/site-packages/airflow/example_dags/example_latest_only.py
[2023-01-15T13:13:50.094+0000] {processor.py:753} INFO - DAG(s) dict_keys(['latest_only']) retrieved from /home/airflow/.local/lib/python3.7/site-packages/airflow/example_dags/example_latest_only.py
[2023-01-15T13:13:50.751+0000] {logging_mixin.py:137} INFO - [2023-01-15T13:13:50.750+0000] {dag.py:2676} INFO - Sync 1 DAGs
[2023-01-15T13:13:51.131+0000] {logging_mixin.py:137} INFO - [2023-01-15T13:13:51.131+0000] {dag.py:3427} INFO - Setting next_dagrun for latest_only to 2023-01-15T09:13:51.125303+00:00, run_after=2023-01-15T13:13:51.125303+00:00
[2023-01-15T13:13:51.710+0000] {processor.py:175} INFO - Processing /home/airflow/.local/lib/python3.7/site-packages/airflow/example_dags/example_latest_only.py took 1.913 seconds
[2023-01-15T13:14:22.126+0000] {processor.py:153} INFO - Started process (PID=1510) to work on /home/airflow/.local/lib/python3.7/site-packages/airflow/example_dags/example_latest_only.py
[2023-01-15T13:14:22.148+0000] {processor.py:743} INFO - Processing file /home/airflow/.local/lib/python3.7/site-packages/airflow/example_dags/example_latest_only.py for tasks to queue
[2023-01-15T13:14:22.175+0000] {logging_mixin.py:137} INFO - [2023-01-15T13:14:22.175+0000] {dagbag.py:538} INFO - Filling up the DagBag from /home/airflow/.local/lib/python3.7/site-packages/airflow/example_dags/example_latest_only.py
[2023-01-15T13:14:22.309+0000] {processor.py:753} INFO - DAG(s) dict_keys(['latest_only']) retrieved from /home/airflow/.local/lib/python3.7/site-packages/airflow/example_dags/example_latest_only.py
[2023-01-15T13:14:22.552+0000] {logging_mixin.py:137} INFO - [2023-01-15T13:14:22.551+0000] {dag.py:2676} INFO - Sync 1 DAGs
[2023-01-15T13:14:22.729+0000] {logging_mixin.py:137} INFO - [2023-01-15T13:14:22.729+0000] {dag.py:3427} INFO - Setting next_dagrun for latest_only to 2023-01-15T09:14:22.725809+00:00, run_after=2023-01-15T13:14:22.725809+00:00
[2023-01-15T13:14:22.825+0000] {processor.py:175} INFO - Processing /home/airflow/.local/lib/python3.7/site-packages/airflow/example_dags/example_latest_only.py took 0.766 seconds
[2023-01-15T13:14:53.074+0000] {processor.py:153} INFO - Started process (PID=1559) to work on /home/airflow/.local/lib/python3.7/site-packages/airflow/example_dags/example_latest_only.py
[2023-01-15T13:14:53.080+0000] {processor.py:743} INFO - Processing file /home/airflow/.local/lib/python3.7/site-packages/airflow/example_dags/example_latest_only.py for tasks to queue
[2023-01-15T13:14:53.083+0000] {logging_mixin.py:137} INFO - [2023-01-15T13:14:53.083+0000] {dagbag.py:538} INFO - Filling up the DagBag from /home/airflow/.local/lib/python3.7/site-packages/airflow/example_dags/example_latest_only.py
[2023-01-15T13:14:53.131+0000] {processor.py:753} INFO - DAG(s) dict_keys(['latest_only']) retrieved from /home/airflow/.local/lib/python3.7/site-packages/airflow/example_dags/example_latest_only.py
[2023-01-15T13:14:53.243+0000] {logging_mixin.py:137} INFO - [2023-01-15T13:14:53.242+0000] {dag.py:2676} INFO - Sync 1 DAGs
[2023-01-15T13:14:53.313+0000] {logging_mixin.py:137} INFO - [2023-01-15T13:14:53.313+0000] {dag.py:3427} INFO - Setting next_dagrun for latest_only to 2023-01-15T09:14:53.313157+00:00, run_after=2023-01-15T13:14:53.313157+00:00
[2023-01-15T13:14:53.366+0000] {processor.py:175} INFO - Processing /home/airflow/.local/lib/python3.7/site-packages/airflow/example_dags/example_latest_only.py took 0.307 seconds
[2023-01-15T13:15:26.854+0000] {processor.py:153} INFO - Started process (PID=1615) to work on /home/airflow/.local/lib/python3.7/site-packages/airflow/example_dags/example_latest_only.py
[2023-01-15T13:15:26.858+0000] {processor.py:743} INFO - Processing file /home/airflow/.local/lib/python3.7/site-packages/airflow/example_dags/example_latest_only.py for tasks to queue
[2023-01-15T13:15:26.861+0000] {logging_mixin.py:137} INFO - [2023-01-15T13:15:26.861+0000] {dagbag.py:538} INFO - Filling up the DagBag from /home/airflow/.local/lib/python3.7/site-packages/airflow/example_dags/example_latest_only.py
[2023-01-15T13:15:26.943+0000] {processor.py:753} INFO - DAG(s) dict_keys(['latest_only']) retrieved from /home/airflow/.local/lib/python3.7/site-packages/airflow/example_dags/example_latest_only.py
[2023-01-15T13:15:27.151+0000] {logging_mixin.py:137} INFO - [2023-01-15T13:15:27.151+0000] {dag.py:2676} INFO - Sync 1 DAGs
[2023-01-15T13:15:27.274+0000] {logging_mixin.py:137} INFO - [2023-01-15T13:15:27.271+0000] {dag.py:3427} INFO - Setting next_dagrun for latest_only to 2023-01-15T09:15:27.264783+00:00, run_after=2023-01-15T13:15:27.264783+00:00
[2023-01-15T13:15:27.356+0000] {processor.py:175} INFO - Processing /home/airflow/.local/lib/python3.7/site-packages/airflow/example_dags/example_latest_only.py took 0.522 seconds
[2023-01-15T13:43:54.179+0000] {processor.py:153} INFO - Started process (PID=88) to work on /home/airflow/.local/lib/python3.7/site-packages/airflow/example_dags/example_latest_only.py
[2023-01-15T13:43:54.184+0000] {processor.py:743} INFO - Processing file /home/airflow/.local/lib/python3.7/site-packages/airflow/example_dags/example_latest_only.py for tasks to queue
[2023-01-15T13:43:54.190+0000] {logging_mixin.py:137} INFO - [2023-01-15T13:43:54.190+0000] {dagbag.py:538} INFO - Filling up the DagBag from /home/airflow/.local/lib/python3.7/site-packages/airflow/example_dags/example_latest_only.py
[2023-01-15T13:43:54.246+0000] {processor.py:753} INFO - DAG(s) dict_keys(['latest_only']) retrieved from /home/airflow/.local/lib/python3.7/site-packages/airflow/example_dags/example_latest_only.py
[2023-01-15T13:43:54.396+0000] {logging_mixin.py:137} INFO - [2023-01-15T13:43:54.396+0000] {dag.py:2676} INFO - Sync 1 DAGs
[2023-01-15T13:43:54.624+0000] {logging_mixin.py:137} INFO - [2023-01-15T13:43:54.617+0000] {dag.py:3427} INFO - Setting next_dagrun for latest_only to 2023-01-15T09:43:54.616951+00:00, run_after=2023-01-15T13:43:54.616951+00:00
[2023-01-15T13:43:54.738+0000] {processor.py:175} INFO - Processing /home/airflow/.local/lib/python3.7/site-packages/airflow/example_dags/example_latest_only.py took 0.570 seconds
[2023-01-15T13:45:31.008+0000] {processor.py:153} INFO - Started process (PID=171) to work on /home/airflow/.local/lib/python3.7/site-packages/airflow/example_dags/example_latest_only.py
[2023-01-15T13:45:31.020+0000] {processor.py:743} INFO - Processing file /home/airflow/.local/lib/python3.7/site-packages/airflow/example_dags/example_latest_only.py for tasks to queue
[2023-01-15T13:45:31.027+0000] {logging_mixin.py:137} INFO - [2023-01-15T13:45:31.027+0000] {dagbag.py:538} INFO - Filling up the DagBag from /home/airflow/.local/lib/python3.7/site-packages/airflow/example_dags/example_latest_only.py
[2023-01-15T13:45:31.210+0000] {processor.py:753} INFO - DAG(s) dict_keys(['latest_only']) retrieved from /home/airflow/.local/lib/python3.7/site-packages/airflow/example_dags/example_latest_only.py
[2023-01-15T13:45:31.569+0000] {logging_mixin.py:137} INFO - [2023-01-15T13:45:31.569+0000] {dag.py:2676} INFO - Sync 1 DAGs
[2023-01-15T13:45:31.806+0000] {logging_mixin.py:137} INFO - [2023-01-15T13:45:31.805+0000] {dag.py:3427} INFO - Setting next_dagrun for latest_only to 2023-01-15T09:45:31.799438+00:00, run_after=2023-01-15T13:45:31.799438+00:00
[2023-01-15T13:45:32.001+0000] {processor.py:175} INFO - Processing /home/airflow/.local/lib/python3.7/site-packages/airflow/example_dags/example_latest_only.py took 1.028 seconds
[2023-01-15T13:46:12.462+0000] {processor.py:153} INFO - Started process (PID=232) to work on /home/airflow/.local/lib/python3.7/site-packages/airflow/example_dags/example_latest_only.py
[2023-01-15T13:46:12.469+0000] {processor.py:743} INFO - Processing file /home/airflow/.local/lib/python3.7/site-packages/airflow/example_dags/example_latest_only.py for tasks to queue
[2023-01-15T13:46:12.472+0000] {logging_mixin.py:137} INFO - [2023-01-15T13:46:12.471+0000] {dagbag.py:538} INFO - Filling up the DagBag from /home/airflow/.local/lib/python3.7/site-packages/airflow/example_dags/example_latest_only.py
[2023-01-15T13:46:12.609+0000] {processor.py:753} INFO - DAG(s) dict_keys(['latest_only']) retrieved from /home/airflow/.local/lib/python3.7/site-packages/airflow/example_dags/example_latest_only.py
[2023-01-15T13:46:12.985+0000] {logging_mixin.py:137} INFO - [2023-01-15T13:46:12.985+0000] {dag.py:2676} INFO - Sync 1 DAGs
[2023-01-15T13:46:13.164+0000] {logging_mixin.py:137} INFO - [2023-01-15T13:46:13.161+0000] {dag.py:3427} INFO - Setting next_dagrun for latest_only to 2023-01-15T09:46:13.161214+00:00, run_after=2023-01-15T13:46:13.161214+00:00
[2023-01-15T13:46:13.229+0000] {processor.py:175} INFO - Processing /home/airflow/.local/lib/python3.7/site-packages/airflow/example_dags/example_latest_only.py took 0.804 seconds
[2023-01-15T13:46:44.059+0000] {processor.py:153} INFO - Started process (PID=288) to work on /home/airflow/.local/lib/python3.7/site-packages/airflow/example_dags/example_latest_only.py
[2023-01-15T13:46:44.073+0000] {processor.py:743} INFO - Processing file /home/airflow/.local/lib/python3.7/site-packages/airflow/example_dags/example_latest_only.py for tasks to queue
[2023-01-15T13:46:44.079+0000] {logging_mixin.py:137} INFO - [2023-01-15T13:46:44.076+0000] {dagbag.py:538} INFO - Filling up the DagBag from /home/airflow/.local/lib/python3.7/site-packages/airflow/example_dags/example_latest_only.py
[2023-01-15T13:46:44.142+0000] {processor.py:753} INFO - DAG(s) dict_keys(['latest_only']) retrieved from /home/airflow/.local/lib/python3.7/site-packages/airflow/example_dags/example_latest_only.py
[2023-01-15T13:46:44.277+0000] {logging_mixin.py:137} INFO - [2023-01-15T13:46:44.277+0000] {dag.py:2676} INFO - Sync 1 DAGs
[2023-01-15T13:46:44.374+0000] {logging_mixin.py:137} INFO - [2023-01-15T13:46:44.373+0000] {dag.py:3427} INFO - Setting next_dagrun for latest_only to 2023-01-15T09:46:44.373656+00:00, run_after=2023-01-15T13:46:44.373656+00:00
[2023-01-15T13:46:44.434+0000] {processor.py:175} INFO - Processing /home/airflow/.local/lib/python3.7/site-packages/airflow/example_dags/example_latest_only.py took 0.385 seconds
[2023-01-15T13:47:15.424+0000] {processor.py:153} INFO - Started process (PID=334) to work on /home/airflow/.local/lib/python3.7/site-packages/airflow/example_dags/example_latest_only.py
[2023-01-15T13:47:15.428+0000] {processor.py:743} INFO - Processing file /home/airflow/.local/lib/python3.7/site-packages/airflow/example_dags/example_latest_only.py for tasks to queue
[2023-01-15T13:47:15.434+0000] {logging_mixin.py:137} INFO - [2023-01-15T13:47:15.433+0000] {dagbag.py:538} INFO - Filling up the DagBag from /home/airflow/.local/lib/python3.7/site-packages/airflow/example_dags/example_latest_only.py
[2023-01-15T13:47:15.515+0000] {processor.py:753} INFO - DAG(s) dict_keys(['latest_only']) retrieved from /home/airflow/.local/lib/python3.7/site-packages/airflow/example_dags/example_latest_only.py
[2023-01-15T13:47:15.787+0000] {logging_mixin.py:137} INFO - [2023-01-15T13:47:15.787+0000] {dag.py:2676} INFO - Sync 1 DAGs
[2023-01-15T13:47:15.979+0000] {logging_mixin.py:137} INFO - [2023-01-15T13:47:15.979+0000] {dag.py:3427} INFO - Setting next_dagrun for latest_only to 2023-01-15T09:47:15.978703+00:00, run_after=2023-01-15T13:47:15.978703+00:00
[2023-01-15T13:47:16.099+0000] {processor.py:175} INFO - Processing /home/airflow/.local/lib/python3.7/site-packages/airflow/example_dags/example_latest_only.py took 0.692 seconds
[2023-01-15T13:47:46.881+0000] {processor.py:153} INFO - Started process (PID=390) to work on /home/airflow/.local/lib/python3.7/site-packages/airflow/example_dags/example_latest_only.py
[2023-01-15T13:47:46.890+0000] {processor.py:743} INFO - Processing file /home/airflow/.local/lib/python3.7/site-packages/airflow/example_dags/example_latest_only.py for tasks to queue
[2023-01-15T13:47:46.896+0000] {logging_mixin.py:137} INFO - [2023-01-15T13:47:46.896+0000] {dagbag.py:538} INFO - Filling up the DagBag from /home/airflow/.local/lib/python3.7/site-packages/airflow/example_dags/example_latest_only.py
[2023-01-15T13:47:46.937+0000] {processor.py:753} INFO - DAG(s) dict_keys(['latest_only']) retrieved from /home/airflow/.local/lib/python3.7/site-packages/airflow/example_dags/example_latest_only.py
[2023-01-15T13:47:47.031+0000] {logging_mixin.py:137} INFO - [2023-01-15T13:47:47.031+0000] {dag.py:2676} INFO - Sync 1 DAGs
[2023-01-15T13:47:47.101+0000] {logging_mixin.py:137} INFO - [2023-01-15T13:47:47.101+0000] {dag.py:3427} INFO - Setting next_dagrun for latest_only to 2023-01-15T09:47:47.101350+00:00, run_after=2023-01-15T13:47:47.101350+00:00
[2023-01-15T13:47:47.162+0000] {processor.py:175} INFO - Processing /home/airflow/.local/lib/python3.7/site-packages/airflow/example_dags/example_latest_only.py took 0.288 seconds
[2023-01-15T13:48:17.554+0000] {processor.py:153} INFO - Started process (PID=445) to work on /home/airflow/.local/lib/python3.7/site-packages/airflow/example_dags/example_latest_only.py
[2023-01-15T13:48:17.560+0000] {processor.py:743} INFO - Processing file /home/airflow/.local/lib/python3.7/site-packages/airflow/example_dags/example_latest_only.py for tasks to queue
[2023-01-15T13:48:17.563+0000] {logging_mixin.py:137} INFO - [2023-01-15T13:48:17.562+0000] {dagbag.py:538} INFO - Filling up the DagBag from /home/airflow/.local/lib/python3.7/site-packages/airflow/example_dags/example_latest_only.py
[2023-01-15T13:48:17.609+0000] {processor.py:753} INFO - DAG(s) dict_keys(['latest_only']) retrieved from /home/airflow/.local/lib/python3.7/site-packages/airflow/example_dags/example_latest_only.py
[2023-01-15T13:48:17.716+0000] {logging_mixin.py:137} INFO - [2023-01-15T13:48:17.716+0000] {dag.py:2676} INFO - Sync 1 DAGs
[2023-01-15T13:48:17.777+0000] {logging_mixin.py:137} INFO - [2023-01-15T13:48:17.777+0000] {dag.py:3427} INFO - Setting next_dagrun for latest_only to 2023-01-15T09:48:17.776777+00:00, run_after=2023-01-15T13:48:17.776777+00:00
[2023-01-15T13:48:17.838+0000] {processor.py:175} INFO - Processing /home/airflow/.local/lib/python3.7/site-packages/airflow/example_dags/example_latest_only.py took 0.301 seconds
[2023-01-15T13:48:48.511+0000] {processor.py:153} INFO - Started process (PID=499) to work on /home/airflow/.local/lib/python3.7/site-packages/airflow/example_dags/example_latest_only.py
[2023-01-15T13:48:48.532+0000] {processor.py:743} INFO - Processing file /home/airflow/.local/lib/python3.7/site-packages/airflow/example_dags/example_latest_only.py for tasks to queue
[2023-01-15T13:48:48.544+0000] {logging_mixin.py:137} INFO - [2023-01-15T13:48:48.544+0000] {dagbag.py:538} INFO - Filling up the DagBag from /home/airflow/.local/lib/python3.7/site-packages/airflow/example_dags/example_latest_only.py
[2023-01-15T13:48:48.717+0000] {processor.py:753} INFO - DAG(s) dict_keys(['latest_only']) retrieved from /home/airflow/.local/lib/python3.7/site-packages/airflow/example_dags/example_latest_only.py
[2023-01-15T13:48:48.899+0000] {logging_mixin.py:137} INFO - [2023-01-15T13:48:48.899+0000] {dag.py:2676} INFO - Sync 1 DAGs
[2023-01-15T13:48:49.028+0000] {logging_mixin.py:137} INFO - [2023-01-15T13:48:49.024+0000] {dag.py:3427} INFO - Setting next_dagrun for latest_only to 2023-01-15T09:48:49.024124+00:00, run_after=2023-01-15T13:48:49.024124+00:00
[2023-01-15T13:48:49.114+0000] {processor.py:175} INFO - Processing /home/airflow/.local/lib/python3.7/site-packages/airflow/example_dags/example_latest_only.py took 0.622 seconds
[2023-01-15T13:49:19.893+0000] {processor.py:153} INFO - Started process (PID=555) to work on /home/airflow/.local/lib/python3.7/site-packages/airflow/example_dags/example_latest_only.py
[2023-01-15T13:49:19.906+0000] {processor.py:743} INFO - Processing file /home/airflow/.local/lib/python3.7/site-packages/airflow/example_dags/example_latest_only.py for tasks to queue
[2023-01-15T13:49:19.914+0000] {logging_mixin.py:137} INFO - [2023-01-15T13:49:19.914+0000] {dagbag.py:538} INFO - Filling up the DagBag from /home/airflow/.local/lib/python3.7/site-packages/airflow/example_dags/example_latest_only.py
[2023-01-15T13:49:20.003+0000] {processor.py:753} INFO - DAG(s) dict_keys(['latest_only']) retrieved from /home/airflow/.local/lib/python3.7/site-packages/airflow/example_dags/example_latest_only.py
[2023-01-15T13:49:20.218+0000] {logging_mixin.py:137} INFO - [2023-01-15T13:49:20.218+0000] {dag.py:2676} INFO - Sync 1 DAGs
[2023-01-15T13:49:20.359+0000] {logging_mixin.py:137} INFO - [2023-01-15T13:49:20.359+0000] {dag.py:3427} INFO - Setting next_dagrun for latest_only to 2023-01-15T09:49:20.358853+00:00, run_after=2023-01-15T13:49:20.358853+00:00
[2023-01-15T13:49:20.596+0000] {processor.py:175} INFO - Processing /home/airflow/.local/lib/python3.7/site-packages/airflow/example_dags/example_latest_only.py took 0.728 seconds
[2023-01-15T13:49:51.377+0000] {processor.py:153} INFO - Started process (PID=611) to work on /home/airflow/.local/lib/python3.7/site-packages/airflow/example_dags/example_latest_only.py
[2023-01-15T13:49:51.386+0000] {processor.py:743} INFO - Processing file /home/airflow/.local/lib/python3.7/site-packages/airflow/example_dags/example_latest_only.py for tasks to queue
[2023-01-15T13:49:51.406+0000] {logging_mixin.py:137} INFO - [2023-01-15T13:49:51.406+0000] {dagbag.py:538} INFO - Filling up the DagBag from /home/airflow/.local/lib/python3.7/site-packages/airflow/example_dags/example_latest_only.py
[2023-01-15T13:49:51.580+0000] {processor.py:753} INFO - DAG(s) dict_keys(['latest_only']) retrieved from /home/airflow/.local/lib/python3.7/site-packages/airflow/example_dags/example_latest_only.py
[2023-01-15T13:49:51.812+0000] {logging_mixin.py:137} INFO - [2023-01-15T13:49:51.811+0000] {dag.py:2676} INFO - Sync 1 DAGs
[2023-01-15T13:49:52.031+0000] {logging_mixin.py:137} INFO - [2023-01-15T13:49:52.031+0000] {dag.py:3427} INFO - Setting next_dagrun for latest_only to 2023-01-15T09:49:52.031209+00:00, run_after=2023-01-15T13:49:52.031209+00:00
[2023-01-15T13:49:52.143+0000] {processor.py:175} INFO - Processing /home/airflow/.local/lib/python3.7/site-packages/airflow/example_dags/example_latest_only.py took 0.796 seconds
[2023-01-15T13:50:22.701+0000] {processor.py:153} INFO - Started process (PID=667) to work on /home/airflow/.local/lib/python3.7/site-packages/airflow/example_dags/example_latest_only.py
[2023-01-15T13:50:22.716+0000] {processor.py:743} INFO - Processing file /home/airflow/.local/lib/python3.7/site-packages/airflow/example_dags/example_latest_only.py for tasks to queue
[2023-01-15T13:50:22.722+0000] {logging_mixin.py:137} INFO - [2023-01-15T13:50:22.721+0000] {dagbag.py:538} INFO - Filling up the DagBag from /home/airflow/.local/lib/python3.7/site-packages/airflow/example_dags/example_latest_only.py
[2023-01-15T13:50:22.850+0000] {processor.py:753} INFO - DAG(s) dict_keys(['latest_only']) retrieved from /home/airflow/.local/lib/python3.7/site-packages/airflow/example_dags/example_latest_only.py
[2023-01-15T13:50:23.256+0000] {logging_mixin.py:137} INFO - [2023-01-15T13:50:23.256+0000] {dag.py:2676} INFO - Sync 1 DAGs
[2023-01-15T13:50:23.456+0000] {logging_mixin.py:137} INFO - [2023-01-15T13:50:23.456+0000] {dag.py:3427} INFO - Setting next_dagrun for latest_only to 2023-01-15T09:50:23.456206+00:00, run_after=2023-01-15T13:50:23.456206+00:00
[2023-01-15T13:50:23.627+0000] {processor.py:175} INFO - Processing /home/airflow/.local/lib/python3.7/site-packages/airflow/example_dags/example_latest_only.py took 0.959 seconds
[2023-01-15T13:50:54.159+0000] {processor.py:153} INFO - Started process (PID=723) to work on /home/airflow/.local/lib/python3.7/site-packages/airflow/example_dags/example_latest_only.py
[2023-01-15T13:50:54.166+0000] {processor.py:743} INFO - Processing file /home/airflow/.local/lib/python3.7/site-packages/airflow/example_dags/example_latest_only.py for tasks to queue
[2023-01-15T13:50:54.170+0000] {logging_mixin.py:137} INFO - [2023-01-15T13:50:54.170+0000] {dagbag.py:538} INFO - Filling up the DagBag from /home/airflow/.local/lib/python3.7/site-packages/airflow/example_dags/example_latest_only.py
[2023-01-15T13:50:54.234+0000] {processor.py:753} INFO - DAG(s) dict_keys(['latest_only']) retrieved from /home/airflow/.local/lib/python3.7/site-packages/airflow/example_dags/example_latest_only.py
[2023-01-15T13:50:54.439+0000] {logging_mixin.py:137} INFO - [2023-01-15T13:50:54.439+0000] {dag.py:2676} INFO - Sync 1 DAGs
[2023-01-15T13:50:54.552+0000] {logging_mixin.py:137} INFO - [2023-01-15T13:50:54.552+0000] {dag.py:3427} INFO - Setting next_dagrun for latest_only to 2023-01-15T09:50:54.552364+00:00, run_after=2023-01-15T13:50:54.552364+00:00
[2023-01-15T13:50:54.660+0000] {processor.py:175} INFO - Processing /home/airflow/.local/lib/python3.7/site-packages/airflow/example_dags/example_latest_only.py took 0.511 seconds
[2023-01-15T13:51:25.483+0000] {processor.py:153} INFO - Started process (PID=779) to work on /home/airflow/.local/lib/python3.7/site-packages/airflow/example_dags/example_latest_only.py
[2023-01-15T13:51:25.487+0000] {processor.py:743} INFO - Processing file /home/airflow/.local/lib/python3.7/site-packages/airflow/example_dags/example_latest_only.py for tasks to queue
[2023-01-15T13:51:25.493+0000] {logging_mixin.py:137} INFO - [2023-01-15T13:51:25.492+0000] {dagbag.py:538} INFO - Filling up the DagBag from /home/airflow/.local/lib/python3.7/site-packages/airflow/example_dags/example_latest_only.py
[2023-01-15T13:51:25.617+0000] {processor.py:753} INFO - DAG(s) dict_keys(['latest_only']) retrieved from /home/airflow/.local/lib/python3.7/site-packages/airflow/example_dags/example_latest_only.py
[2023-01-15T13:51:26.693+0000] {logging_mixin.py:137} INFO - [2023-01-15T13:51:26.691+0000] {dag.py:2676} INFO - Sync 1 DAGs
[2023-01-15T13:51:27.181+0000] {logging_mixin.py:137} INFO - [2023-01-15T13:51:27.181+0000] {dag.py:3427} INFO - Setting next_dagrun for latest_only to 2023-01-15T09:51:27.181066+00:00, run_after=2023-01-15T13:51:27.181066+00:00
[2023-01-15T13:51:27.455+0000] {processor.py:175} INFO - Processing /home/airflow/.local/lib/python3.7/site-packages/airflow/example_dags/example_latest_only.py took 1.984 seconds
[2023-01-15T13:51:57.906+0000] {processor.py:153} INFO - Started process (PID=835) to work on /home/airflow/.local/lib/python3.7/site-packages/airflow/example_dags/example_latest_only.py
[2023-01-15T13:51:57.909+0000] {processor.py:743} INFO - Processing file /home/airflow/.local/lib/python3.7/site-packages/airflow/example_dags/example_latest_only.py for tasks to queue
[2023-01-15T13:51:57.911+0000] {logging_mixin.py:137} INFO - [2023-01-15T13:51:57.911+0000] {dagbag.py:538} INFO - Filling up the DagBag from /home/airflow/.local/lib/python3.7/site-packages/airflow/example_dags/example_latest_only.py
[2023-01-15T13:51:57.949+0000] {processor.py:753} INFO - DAG(s) dict_keys(['latest_only']) retrieved from /home/airflow/.local/lib/python3.7/site-packages/airflow/example_dags/example_latest_only.py
[2023-01-15T13:51:58.076+0000] {logging_mixin.py:137} INFO - [2023-01-15T13:51:58.075+0000] {dag.py:2676} INFO - Sync 1 DAGs
[2023-01-15T13:51:58.153+0000] {logging_mixin.py:137} INFO - [2023-01-15T13:51:58.153+0000] {dag.py:3427} INFO - Setting next_dagrun for latest_only to 2023-01-15T09:51:58.152746+00:00, run_after=2023-01-15T13:51:58.152746+00:00
[2023-01-15T13:51:58.214+0000] {processor.py:175} INFO - Processing /home/airflow/.local/lib/python3.7/site-packages/airflow/example_dags/example_latest_only.py took 0.315 seconds
[2023-01-15T13:52:30.562+0000] {processor.py:153} INFO - Started process (PID=882) to work on /home/airflow/.local/lib/python3.7/site-packages/airflow/example_dags/example_latest_only.py
[2023-01-15T13:52:30.564+0000] {processor.py:743} INFO - Processing file /home/airflow/.local/lib/python3.7/site-packages/airflow/example_dags/example_latest_only.py for tasks to queue
[2023-01-15T13:52:30.571+0000] {logging_mixin.py:137} INFO - [2023-01-15T13:52:30.571+0000] {dagbag.py:538} INFO - Filling up the DagBag from /home/airflow/.local/lib/python3.7/site-packages/airflow/example_dags/example_latest_only.py
[2023-01-15T13:52:30.697+0000] {processor.py:753} INFO - DAG(s) dict_keys(['latest_only']) retrieved from /home/airflow/.local/lib/python3.7/site-packages/airflow/example_dags/example_latest_only.py
[2023-01-15T13:52:31.279+0000] {logging_mixin.py:137} INFO - [2023-01-15T13:52:31.279+0000] {dag.py:2676} INFO - Sync 1 DAGs
[2023-01-15T13:52:31.696+0000] {logging_mixin.py:137} INFO - [2023-01-15T13:52:31.696+0000] {dag.py:3427} INFO - Setting next_dagrun for latest_only to 2023-01-15T09:52:31.686680+00:00, run_after=2023-01-15T13:52:31.686680+00:00
[2023-01-15T13:52:31.985+0000] {processor.py:175} INFO - Processing /home/airflow/.local/lib/python3.7/site-packages/airflow/example_dags/example_latest_only.py took 1.445 seconds
