[2023-01-15T12:59:17.354+0000] {processor.py:153} INFO - Started process (PID=60) to work on /home/airflow/.local/lib/python3.7/site-packages/airflow/example_dags/example_task_group.py
[2023-01-15T12:59:17.375+0000] {processor.py:743} INFO - Processing file /home/airflow/.local/lib/python3.7/site-packages/airflow/example_dags/example_task_group.py for tasks to queue
[2023-01-15T12:59:17.381+0000] {logging_mixin.py:137} INFO - [2023-01-15T12:59:17.381+0000] {dagbag.py:538} INFO - Filling up the DagBag from /home/airflow/.local/lib/python3.7/site-packages/airflow/example_dags/example_task_group.py
[2023-01-15T12:59:17.613+0000] {processor.py:753} INFO - DAG(s) dict_keys(['example_task_group']) retrieved from /home/airflow/.local/lib/python3.7/site-packages/airflow/example_dags/example_task_group.py
[2023-01-15T12:59:19.225+0000] {logging_mixin.py:137} INFO - [2023-01-15T12:59:19.225+0000] {manager.py:504} INFO - Created Permission View: can read on DAG:example_task_group
[2023-01-15T12:59:19.343+0000] {logging_mixin.py:137} INFO - [2023-01-15T12:59:19.343+0000] {manager.py:504} INFO - Created Permission View: can edit on DAG:example_task_group
[2023-01-15T12:59:19.442+0000] {logging_mixin.py:137} INFO - [2023-01-15T12:59:19.442+0000] {manager.py:504} INFO - Created Permission View: can delete on DAG:example_task_group
[2023-01-15T12:59:19.444+0000] {logging_mixin.py:137} INFO - [2023-01-15T12:59:19.443+0000] {dag.py:2676} INFO - Sync 1 DAGs
[2023-01-15T12:59:19.736+0000] {logging_mixin.py:137} INFO - [2023-01-15T12:59:19.735+0000] {dag.py:2697} INFO - Creating ORM DAG for example_task_group
[2023-01-15T12:59:19.925+0000] {logging_mixin.py:137} INFO - [2023-01-15T12:59:19.925+0000] {dag.py:3427} INFO - Setting next_dagrun for example_task_group to 2023-01-14T12:59:19.925162+00:00, run_after=2023-01-15T12:59:19.925162+00:00
[2023-01-15T12:59:20.187+0000] {processor.py:175} INFO - Processing /home/airflow/.local/lib/python3.7/site-packages/airflow/example_dags/example_task_group.py took 2.865 seconds
[2023-01-15T12:59:55.103+0000] {processor.py:153} INFO - Started process (PID=116) to work on /home/airflow/.local/lib/python3.7/site-packages/airflow/example_dags/example_task_group.py
[2023-01-15T12:59:55.108+0000] {processor.py:743} INFO - Processing file /home/airflow/.local/lib/python3.7/site-packages/airflow/example_dags/example_task_group.py for tasks to queue
[2023-01-15T12:59:55.113+0000] {logging_mixin.py:137} INFO - [2023-01-15T12:59:55.113+0000] {dagbag.py:538} INFO - Filling up the DagBag from /home/airflow/.local/lib/python3.7/site-packages/airflow/example_dags/example_task_group.py
[2023-01-15T12:59:55.164+0000] {processor.py:753} INFO - DAG(s) dict_keys(['example_task_group']) retrieved from /home/airflow/.local/lib/python3.7/site-packages/airflow/example_dags/example_task_group.py
[2023-01-15T12:59:55.254+0000] {logging_mixin.py:137} INFO - [2023-01-15T12:59:55.254+0000] {dag.py:2676} INFO - Sync 1 DAGs
[2023-01-15T12:59:55.316+0000] {logging_mixin.py:137} INFO - [2023-01-15T12:59:55.316+0000] {dag.py:3427} INFO - Setting next_dagrun for example_task_group to 2023-01-14T12:59:55.316481+00:00, run_after=2023-01-15T12:59:55.316481+00:00
[2023-01-15T12:59:55.365+0000] {processor.py:175} INFO - Processing /home/airflow/.local/lib/python3.7/site-packages/airflow/example_dags/example_task_group.py took 0.270 seconds
[2023-01-15T13:00:26.577+0000] {processor.py:153} INFO - Started process (PID=172) to work on /home/airflow/.local/lib/python3.7/site-packages/airflow/example_dags/example_task_group.py
[2023-01-15T13:00:26.583+0000] {processor.py:743} INFO - Processing file /home/airflow/.local/lib/python3.7/site-packages/airflow/example_dags/example_task_group.py for tasks to queue
[2023-01-15T13:00:26.587+0000] {logging_mixin.py:137} INFO - [2023-01-15T13:00:26.587+0000] {dagbag.py:538} INFO - Filling up the DagBag from /home/airflow/.local/lib/python3.7/site-packages/airflow/example_dags/example_task_group.py
[2023-01-15T13:00:26.681+0000] {processor.py:753} INFO - DAG(s) dict_keys(['example_task_group']) retrieved from /home/airflow/.local/lib/python3.7/site-packages/airflow/example_dags/example_task_group.py
[2023-01-15T13:00:26.857+0000] {logging_mixin.py:137} INFO - [2023-01-15T13:00:26.857+0000] {dag.py:2676} INFO - Sync 1 DAGs
[2023-01-15T13:00:27.053+0000] {logging_mixin.py:137} INFO - [2023-01-15T13:00:27.048+0000] {dag.py:3427} INFO - Setting next_dagrun for example_task_group to 2023-01-14T13:00:27.047826+00:00, run_after=2023-01-15T13:00:27.047826+00:00
[2023-01-15T13:00:27.150+0000] {processor.py:175} INFO - Processing /home/airflow/.local/lib/python3.7/site-packages/airflow/example_dags/example_task_group.py took 0.590 seconds
[2023-01-15T13:00:57.683+0000] {processor.py:153} INFO - Started process (PID=228) to work on /home/airflow/.local/lib/python3.7/site-packages/airflow/example_dags/example_task_group.py
[2023-01-15T13:00:57.686+0000] {processor.py:743} INFO - Processing file /home/airflow/.local/lib/python3.7/site-packages/airflow/example_dags/example_task_group.py for tasks to queue
[2023-01-15T13:00:57.691+0000] {logging_mixin.py:137} INFO - [2023-01-15T13:00:57.691+0000] {dagbag.py:538} INFO - Filling up the DagBag from /home/airflow/.local/lib/python3.7/site-packages/airflow/example_dags/example_task_group.py
[2023-01-15T13:00:57.784+0000] {processor.py:753} INFO - DAG(s) dict_keys(['example_task_group']) retrieved from /home/airflow/.local/lib/python3.7/site-packages/airflow/example_dags/example_task_group.py
[2023-01-15T13:00:57.958+0000] {logging_mixin.py:137} INFO - [2023-01-15T13:00:57.958+0000] {dag.py:2676} INFO - Sync 1 DAGs
[2023-01-15T13:00:58.129+0000] {logging_mixin.py:137} INFO - [2023-01-15T13:00:58.129+0000] {dag.py:3427} INFO - Setting next_dagrun for example_task_group to 2023-01-14T13:00:58.128708+00:00, run_after=2023-01-15T13:00:58.128708+00:00
[2023-01-15T13:00:58.241+0000] {processor.py:175} INFO - Processing /home/airflow/.local/lib/python3.7/site-packages/airflow/example_dags/example_task_group.py took 0.583 seconds
[2023-01-15T13:01:29.210+0000] {processor.py:153} INFO - Started process (PID=291) to work on /home/airflow/.local/lib/python3.7/site-packages/airflow/example_dags/example_task_group.py
[2023-01-15T13:01:29.216+0000] {processor.py:743} INFO - Processing file /home/airflow/.local/lib/python3.7/site-packages/airflow/example_dags/example_task_group.py for tasks to queue
[2023-01-15T13:01:29.221+0000] {logging_mixin.py:137} INFO - [2023-01-15T13:01:29.221+0000] {dagbag.py:538} INFO - Filling up the DagBag from /home/airflow/.local/lib/python3.7/site-packages/airflow/example_dags/example_task_group.py
[2023-01-15T13:01:29.296+0000] {processor.py:753} INFO - DAG(s) dict_keys(['example_task_group']) retrieved from /home/airflow/.local/lib/python3.7/site-packages/airflow/example_dags/example_task_group.py
[2023-01-15T13:01:29.456+0000] {logging_mixin.py:137} INFO - [2023-01-15T13:01:29.456+0000] {dag.py:2676} INFO - Sync 1 DAGs
[2023-01-15T13:01:29.551+0000] {logging_mixin.py:137} INFO - [2023-01-15T13:01:29.550+0000] {dag.py:3427} INFO - Setting next_dagrun for example_task_group to 2023-01-14T13:01:29.550464+00:00, run_after=2023-01-15T13:01:29.550464+00:00
[2023-01-15T13:01:29.629+0000] {processor.py:175} INFO - Processing /home/airflow/.local/lib/python3.7/site-packages/airflow/example_dags/example_task_group.py took 0.436 seconds
[2023-01-15T13:02:00.035+0000] {processor.py:153} INFO - Started process (PID=347) to work on /home/airflow/.local/lib/python3.7/site-packages/airflow/example_dags/example_task_group.py
[2023-01-15T13:02:00.038+0000] {processor.py:743} INFO - Processing file /home/airflow/.local/lib/python3.7/site-packages/airflow/example_dags/example_task_group.py for tasks to queue
[2023-01-15T13:02:00.047+0000] {logging_mixin.py:137} INFO - [2023-01-15T13:02:00.047+0000] {dagbag.py:538} INFO - Filling up the DagBag from /home/airflow/.local/lib/python3.7/site-packages/airflow/example_dags/example_task_group.py
[2023-01-15T13:02:00.185+0000] {processor.py:753} INFO - DAG(s) dict_keys(['example_task_group']) retrieved from /home/airflow/.local/lib/python3.7/site-packages/airflow/example_dags/example_task_group.py
[2023-01-15T13:02:00.482+0000] {logging_mixin.py:137} INFO - [2023-01-15T13:02:00.476+0000] {dag.py:2676} INFO - Sync 1 DAGs
[2023-01-15T13:02:00.779+0000] {logging_mixin.py:137} INFO - [2023-01-15T13:02:00.770+0000] {dag.py:3427} INFO - Setting next_dagrun for example_task_group to 2023-01-14T13:02:00.770679+00:00, run_after=2023-01-15T13:02:00.770679+00:00
[2023-01-15T13:02:00.901+0000] {processor.py:175} INFO - Processing /home/airflow/.local/lib/python3.7/site-packages/airflow/example_dags/example_task_group.py took 0.901 seconds
[2023-01-15T13:02:31.510+0000] {processor.py:153} INFO - Started process (PID=401) to work on /home/airflow/.local/lib/python3.7/site-packages/airflow/example_dags/example_task_group.py
[2023-01-15T13:02:31.512+0000] {processor.py:743} INFO - Processing file /home/airflow/.local/lib/python3.7/site-packages/airflow/example_dags/example_task_group.py for tasks to queue
[2023-01-15T13:02:31.514+0000] {logging_mixin.py:137} INFO - [2023-01-15T13:02:31.514+0000] {dagbag.py:538} INFO - Filling up the DagBag from /home/airflow/.local/lib/python3.7/site-packages/airflow/example_dags/example_task_group.py
[2023-01-15T13:02:31.573+0000] {processor.py:753} INFO - DAG(s) dict_keys(['example_task_group']) retrieved from /home/airflow/.local/lib/python3.7/site-packages/airflow/example_dags/example_task_group.py
[2023-01-15T13:02:31.685+0000] {logging_mixin.py:137} INFO - [2023-01-15T13:02:31.685+0000] {dag.py:2676} INFO - Sync 1 DAGs
[2023-01-15T13:02:31.739+0000] {logging_mixin.py:137} INFO - [2023-01-15T13:02:31.739+0000] {dag.py:3427} INFO - Setting next_dagrun for example_task_group to 2023-01-14T13:02:31.739337+00:00, run_after=2023-01-15T13:02:31.739337+00:00
[2023-01-15T13:02:31.799+0000] {processor.py:175} INFO - Processing /home/airflow/.local/lib/python3.7/site-packages/airflow/example_dags/example_task_group.py took 0.302 seconds
[2023-01-15T13:03:02.279+0000] {processor.py:153} INFO - Started process (PID=448) to work on /home/airflow/.local/lib/python3.7/site-packages/airflow/example_dags/example_task_group.py
[2023-01-15T13:03:02.281+0000] {processor.py:743} INFO - Processing file /home/airflow/.local/lib/python3.7/site-packages/airflow/example_dags/example_task_group.py for tasks to queue
[2023-01-15T13:03:02.283+0000] {logging_mixin.py:137} INFO - [2023-01-15T13:03:02.282+0000] {dagbag.py:538} INFO - Filling up the DagBag from /home/airflow/.local/lib/python3.7/site-packages/airflow/example_dags/example_task_group.py
[2023-01-15T13:03:02.302+0000] {processor.py:753} INFO - DAG(s) dict_keys(['example_task_group']) retrieved from /home/airflow/.local/lib/python3.7/site-packages/airflow/example_dags/example_task_group.py
[2023-01-15T13:03:02.347+0000] {logging_mixin.py:137} INFO - [2023-01-15T13:03:02.347+0000] {dag.py:2676} INFO - Sync 1 DAGs
[2023-01-15T13:03:02.375+0000] {logging_mixin.py:137} INFO - [2023-01-15T13:03:02.375+0000] {dag.py:3427} INFO - Setting next_dagrun for example_task_group to 2023-01-14T13:03:02.375109+00:00, run_after=2023-01-15T13:03:02.375109+00:00
[2023-01-15T13:03:02.412+0000] {processor.py:175} INFO - Processing /home/airflow/.local/lib/python3.7/site-packages/airflow/example_dags/example_task_group.py took 0.137 seconds
[2023-01-15T13:03:32.539+0000] {processor.py:153} INFO - Started process (PID=504) to work on /home/airflow/.local/lib/python3.7/site-packages/airflow/example_dags/example_task_group.py
[2023-01-15T13:03:32.545+0000] {processor.py:743} INFO - Processing file /home/airflow/.local/lib/python3.7/site-packages/airflow/example_dags/example_task_group.py for tasks to queue
[2023-01-15T13:03:32.548+0000] {logging_mixin.py:137} INFO - [2023-01-15T13:03:32.548+0000] {dagbag.py:538} INFO - Filling up the DagBag from /home/airflow/.local/lib/python3.7/site-packages/airflow/example_dags/example_task_group.py
[2023-01-15T13:03:32.589+0000] {processor.py:753} INFO - DAG(s) dict_keys(['example_task_group']) retrieved from /home/airflow/.local/lib/python3.7/site-packages/airflow/example_dags/example_task_group.py
[2023-01-15T13:03:32.677+0000] {logging_mixin.py:137} INFO - [2023-01-15T13:03:32.677+0000] {dag.py:2676} INFO - Sync 1 DAGs
[2023-01-15T13:03:32.736+0000] {logging_mixin.py:137} INFO - [2023-01-15T13:03:32.735+0000] {dag.py:3427} INFO - Setting next_dagrun for example_task_group to 2023-01-14T13:03:32.735700+00:00, run_after=2023-01-15T13:03:32.735700+00:00
[2023-01-15T13:03:32.785+0000] {processor.py:175} INFO - Processing /home/airflow/.local/lib/python3.7/site-packages/airflow/example_dags/example_task_group.py took 0.252 seconds
[2023-01-15T13:04:03.024+0000] {processor.py:153} INFO - Started process (PID=559) to work on /home/airflow/.local/lib/python3.7/site-packages/airflow/example_dags/example_task_group.py
[2023-01-15T13:04:03.031+0000] {processor.py:743} INFO - Processing file /home/airflow/.local/lib/python3.7/site-packages/airflow/example_dags/example_task_group.py for tasks to queue
[2023-01-15T13:04:03.035+0000] {logging_mixin.py:137} INFO - [2023-01-15T13:04:03.035+0000] {dagbag.py:538} INFO - Filling up the DagBag from /home/airflow/.local/lib/python3.7/site-packages/airflow/example_dags/example_task_group.py
[2023-01-15T13:04:03.127+0000] {processor.py:753} INFO - DAG(s) dict_keys(['example_task_group']) retrieved from /home/airflow/.local/lib/python3.7/site-packages/airflow/example_dags/example_task_group.py
[2023-01-15T13:04:03.310+0000] {logging_mixin.py:137} INFO - [2023-01-15T13:04:03.310+0000] {dag.py:2676} INFO - Sync 1 DAGs
[2023-01-15T13:04:03.442+0000] {logging_mixin.py:137} INFO - [2023-01-15T13:04:03.442+0000] {dag.py:3427} INFO - Setting next_dagrun for example_task_group to 2023-01-14T13:04:03.441748+00:00, run_after=2023-01-15T13:04:03.441748+00:00
[2023-01-15T13:04:03.609+0000] {processor.py:175} INFO - Processing /home/airflow/.local/lib/python3.7/site-packages/airflow/example_dags/example_task_group.py took 0.599 seconds
[2023-01-15T13:04:33.825+0000] {processor.py:153} INFO - Started process (PID=623) to work on /home/airflow/.local/lib/python3.7/site-packages/airflow/example_dags/example_task_group.py
[2023-01-15T13:04:33.833+0000] {processor.py:743} INFO - Processing file /home/airflow/.local/lib/python3.7/site-packages/airflow/example_dags/example_task_group.py for tasks to queue
[2023-01-15T13:04:33.835+0000] {logging_mixin.py:137} INFO - [2023-01-15T13:04:33.835+0000] {dagbag.py:538} INFO - Filling up the DagBag from /home/airflow/.local/lib/python3.7/site-packages/airflow/example_dags/example_task_group.py
[2023-01-15T13:04:33.907+0000] {processor.py:753} INFO - DAG(s) dict_keys(['example_task_group']) retrieved from /home/airflow/.local/lib/python3.7/site-packages/airflow/example_dags/example_task_group.py
[2023-01-15T13:04:34.064+0000] {logging_mixin.py:137} INFO - [2023-01-15T13:04:34.064+0000] {dag.py:2676} INFO - Sync 1 DAGs
[2023-01-15T13:04:34.157+0000] {logging_mixin.py:137} INFO - [2023-01-15T13:04:34.157+0000] {dag.py:3427} INFO - Setting next_dagrun for example_task_group to 2023-01-14T13:04:34.157062+00:00, run_after=2023-01-15T13:04:34.157062+00:00
[2023-01-15T13:04:34.231+0000] {processor.py:175} INFO - Processing /home/airflow/.local/lib/python3.7/site-packages/airflow/example_dags/example_task_group.py took 0.419 seconds
[2023-01-15T13:05:04.942+0000] {processor.py:153} INFO - Started process (PID=678) to work on /home/airflow/.local/lib/python3.7/site-packages/airflow/example_dags/example_task_group.py
[2023-01-15T13:05:04.947+0000] {processor.py:743} INFO - Processing file /home/airflow/.local/lib/python3.7/site-packages/airflow/example_dags/example_task_group.py for tasks to queue
[2023-01-15T13:05:04.953+0000] {logging_mixin.py:137} INFO - [2023-01-15T13:05:04.953+0000] {dagbag.py:538} INFO - Filling up the DagBag from /home/airflow/.local/lib/python3.7/site-packages/airflow/example_dags/example_task_group.py
[2023-01-15T13:05:05.051+0000] {processor.py:753} INFO - DAG(s) dict_keys(['example_task_group']) retrieved from /home/airflow/.local/lib/python3.7/site-packages/airflow/example_dags/example_task_group.py
[2023-01-15T13:05:05.231+0000] {logging_mixin.py:137} INFO - [2023-01-15T13:05:05.231+0000] {dag.py:2676} INFO - Sync 1 DAGs
[2023-01-15T13:05:05.363+0000] {logging_mixin.py:137} INFO - [2023-01-15T13:05:05.354+0000] {dag.py:3427} INFO - Setting next_dagrun for example_task_group to 2023-01-14T13:05:05.353820+00:00, run_after=2023-01-15T13:05:05.353820+00:00
[2023-01-15T13:05:05.512+0000] {processor.py:175} INFO - Processing /home/airflow/.local/lib/python3.7/site-packages/airflow/example_dags/example_task_group.py took 0.591 seconds
[2023-01-15T13:05:36.134+0000] {processor.py:153} INFO - Started process (PID=733) to work on /home/airflow/.local/lib/python3.7/site-packages/airflow/example_dags/example_task_group.py
[2023-01-15T13:05:36.148+0000] {processor.py:743} INFO - Processing file /home/airflow/.local/lib/python3.7/site-packages/airflow/example_dags/example_task_group.py for tasks to queue
[2023-01-15T13:05:36.153+0000] {logging_mixin.py:137} INFO - [2023-01-15T13:05:36.153+0000] {dagbag.py:538} INFO - Filling up the DagBag from /home/airflow/.local/lib/python3.7/site-packages/airflow/example_dags/example_task_group.py
[2023-01-15T13:05:36.359+0000] {processor.py:753} INFO - DAG(s) dict_keys(['example_task_group']) retrieved from /home/airflow/.local/lib/python3.7/site-packages/airflow/example_dags/example_task_group.py
[2023-01-15T13:05:36.540+0000] {logging_mixin.py:137} INFO - [2023-01-15T13:05:36.540+0000] {dag.py:2676} INFO - Sync 1 DAGs
[2023-01-15T13:05:36.659+0000] {logging_mixin.py:137} INFO - [2023-01-15T13:05:36.659+0000] {dag.py:3427} INFO - Setting next_dagrun for example_task_group to 2023-01-14T13:05:36.659258+00:00, run_after=2023-01-15T13:05:36.659258+00:00
[2023-01-15T13:05:36.752+0000] {processor.py:175} INFO - Processing /home/airflow/.local/lib/python3.7/site-packages/airflow/example_dags/example_task_group.py took 0.646 seconds
[2023-01-15T13:06:07.070+0000] {processor.py:153} INFO - Started process (PID=795) to work on /home/airflow/.local/lib/python3.7/site-packages/airflow/example_dags/example_task_group.py
[2023-01-15T13:06:07.076+0000] {processor.py:743} INFO - Processing file /home/airflow/.local/lib/python3.7/site-packages/airflow/example_dags/example_task_group.py for tasks to queue
[2023-01-15T13:06:07.079+0000] {logging_mixin.py:137} INFO - [2023-01-15T13:06:07.079+0000] {dagbag.py:538} INFO - Filling up the DagBag from /home/airflow/.local/lib/python3.7/site-packages/airflow/example_dags/example_task_group.py
[2023-01-15T13:06:07.202+0000] {processor.py:753} INFO - DAG(s) dict_keys(['example_task_group']) retrieved from /home/airflow/.local/lib/python3.7/site-packages/airflow/example_dags/example_task_group.py
[2023-01-15T13:06:07.339+0000] {logging_mixin.py:137} INFO - [2023-01-15T13:06:07.339+0000] {dag.py:2676} INFO - Sync 1 DAGs
[2023-01-15T13:06:07.432+0000] {logging_mixin.py:137} INFO - [2023-01-15T13:06:07.432+0000] {dag.py:3427} INFO - Setting next_dagrun for example_task_group to 2023-01-14T13:06:07.431905+00:00, run_after=2023-01-15T13:06:07.431905+00:00
[2023-01-15T13:06:07.508+0000] {processor.py:175} INFO - Processing /home/airflow/.local/lib/python3.7/site-packages/airflow/example_dags/example_task_group.py took 0.450 seconds
[2023-01-15T13:06:37.747+0000] {processor.py:153} INFO - Started process (PID=850) to work on /home/airflow/.local/lib/python3.7/site-packages/airflow/example_dags/example_task_group.py
[2023-01-15T13:06:37.750+0000] {processor.py:743} INFO - Processing file /home/airflow/.local/lib/python3.7/site-packages/airflow/example_dags/example_task_group.py for tasks to queue
[2023-01-15T13:06:37.752+0000] {logging_mixin.py:137} INFO - [2023-01-15T13:06:37.752+0000] {dagbag.py:538} INFO - Filling up the DagBag from /home/airflow/.local/lib/python3.7/site-packages/airflow/example_dags/example_task_group.py
[2023-01-15T13:06:37.818+0000] {processor.py:753} INFO - DAG(s) dict_keys(['example_task_group']) retrieved from /home/airflow/.local/lib/python3.7/site-packages/airflow/example_dags/example_task_group.py
[2023-01-15T13:06:37.956+0000] {logging_mixin.py:137} INFO - [2023-01-15T13:06:37.956+0000] {dag.py:2676} INFO - Sync 1 DAGs
[2023-01-15T13:06:38.138+0000] {logging_mixin.py:137} INFO - [2023-01-15T13:06:38.138+0000] {dag.py:3427} INFO - Setting next_dagrun for example_task_group to 2023-01-14T13:06:38.137921+00:00, run_after=2023-01-15T13:06:38.137921+00:00
[2023-01-15T13:06:38.218+0000] {processor.py:175} INFO - Processing /home/airflow/.local/lib/python3.7/site-packages/airflow/example_dags/example_task_group.py took 0.477 seconds
[2023-01-15T13:07:16.561+0000] {processor.py:153} INFO - Started process (PID=900) to work on /home/airflow/.local/lib/python3.7/site-packages/airflow/example_dags/example_task_group.py
[2023-01-15T13:07:16.607+0000] {processor.py:743} INFO - Processing file /home/airflow/.local/lib/python3.7/site-packages/airflow/example_dags/example_task_group.py for tasks to queue
[2023-01-15T13:07:16.624+0000] {logging_mixin.py:137} INFO - [2023-01-15T13:07:16.624+0000] {dagbag.py:538} INFO - Filling up the DagBag from /home/airflow/.local/lib/python3.7/site-packages/airflow/example_dags/example_task_group.py
[2023-01-15T13:07:17.507+0000] {processor.py:753} INFO - DAG(s) dict_keys(['example_task_group']) retrieved from /home/airflow/.local/lib/python3.7/site-packages/airflow/example_dags/example_task_group.py
[2023-01-15T13:07:18.272+0000] {logging_mixin.py:137} INFO - [2023-01-15T13:07:18.264+0000] {dag.py:2676} INFO - Sync 1 DAGs
[2023-01-15T13:07:19.495+0000] {logging_mixin.py:137} INFO - [2023-01-15T13:07:19.495+0000] {dag.py:3427} INFO - Setting next_dagrun for example_task_group to 2023-01-14T13:07:19.488236+00:00, run_after=2023-01-15T13:07:19.488236+00:00
[2023-01-15T13:07:20.827+0000] {processor.py:175} INFO - Processing /home/airflow/.local/lib/python3.7/site-packages/airflow/example_dags/example_task_group.py took 4.440 seconds
[2023-01-15T13:07:58.776+0000] {processor.py:153} INFO - Started process (PID=949) to work on /home/airflow/.local/lib/python3.7/site-packages/airflow/example_dags/example_task_group.py
[2023-01-15T13:07:58.857+0000] {processor.py:743} INFO - Processing file /home/airflow/.local/lib/python3.7/site-packages/airflow/example_dags/example_task_group.py for tasks to queue
[2023-01-15T13:07:58.885+0000] {logging_mixin.py:137} INFO - [2023-01-15T13:07:58.885+0000] {dagbag.py:538} INFO - Filling up the DagBag from /home/airflow/.local/lib/python3.7/site-packages/airflow/example_dags/example_task_group.py
[2023-01-15T13:07:59.526+0000] {processor.py:753} INFO - DAG(s) dict_keys(['example_task_group']) retrieved from /home/airflow/.local/lib/python3.7/site-packages/airflow/example_dags/example_task_group.py
[2023-01-15T13:08:01.869+0000] {logging_mixin.py:137} INFO - [2023-01-15T13:08:01.869+0000] {dag.py:2676} INFO - Sync 1 DAGs
[2023-01-15T13:08:02.736+0000] {logging_mixin.py:137} INFO - [2023-01-15T13:08:02.736+0000] {dag.py:3427} INFO - Setting next_dagrun for example_task_group to 2023-01-14T13:08:02.730922+00:00, run_after=2023-01-15T13:08:02.730922+00:00
[2023-01-15T13:08:03.622+0000] {processor.py:175} INFO - Processing /home/airflow/.local/lib/python3.7/site-packages/airflow/example_dags/example_task_group.py took 5.095 seconds
[2023-01-15T13:08:34.674+0000] {processor.py:153} INFO - Started process (PID=1005) to work on /home/airflow/.local/lib/python3.7/site-packages/airflow/example_dags/example_task_group.py
[2023-01-15T13:08:34.678+0000] {processor.py:743} INFO - Processing file /home/airflow/.local/lib/python3.7/site-packages/airflow/example_dags/example_task_group.py for tasks to queue
[2023-01-15T13:08:34.688+0000] {logging_mixin.py:137} INFO - [2023-01-15T13:08:34.688+0000] {dagbag.py:538} INFO - Filling up the DagBag from /home/airflow/.local/lib/python3.7/site-packages/airflow/example_dags/example_task_group.py
[2023-01-15T13:08:34.841+0000] {processor.py:753} INFO - DAG(s) dict_keys(['example_task_group']) retrieved from /home/airflow/.local/lib/python3.7/site-packages/airflow/example_dags/example_task_group.py
[2023-01-15T13:08:35.035+0000] {logging_mixin.py:137} INFO - [2023-01-15T13:08:35.035+0000] {dag.py:2676} INFO - Sync 1 DAGs
[2023-01-15T13:08:35.144+0000] {logging_mixin.py:137} INFO - [2023-01-15T13:08:35.143+0000] {dag.py:3427} INFO - Setting next_dagrun for example_task_group to 2023-01-14T13:08:35.141323+00:00, run_after=2023-01-15T13:08:35.141323+00:00
[2023-01-15T13:08:35.225+0000] {processor.py:175} INFO - Processing /home/airflow/.local/lib/python3.7/site-packages/airflow/example_dags/example_task_group.py took 0.581 seconds
[2023-01-15T13:09:13.427+0000] {processor.py:153} INFO - Started process (PID=1061) to work on /home/airflow/.local/lib/python3.7/site-packages/airflow/example_dags/example_task_group.py
[2023-01-15T13:09:13.445+0000] {processor.py:743} INFO - Processing file /home/airflow/.local/lib/python3.7/site-packages/airflow/example_dags/example_task_group.py for tasks to queue
[2023-01-15T13:09:13.477+0000] {logging_mixin.py:137} INFO - [2023-01-15T13:09:13.461+0000] {dagbag.py:538} INFO - Filling up the DagBag from /home/airflow/.local/lib/python3.7/site-packages/airflow/example_dags/example_task_group.py
[2023-01-15T13:09:13.646+0000] {processor.py:753} INFO - DAG(s) dict_keys(['example_task_group']) retrieved from /home/airflow/.local/lib/python3.7/site-packages/airflow/example_dags/example_task_group.py
[2023-01-15T13:09:13.921+0000] {logging_mixin.py:137} INFO - [2023-01-15T13:09:13.921+0000] {dag.py:2676} INFO - Sync 1 DAGs
[2023-01-15T13:09:14.293+0000] {logging_mixin.py:137} INFO - [2023-01-15T13:09:14.293+0000] {dag.py:3427} INFO - Setting next_dagrun for example_task_group to 2023-01-14T13:09:14.293379+00:00, run_after=2023-01-15T13:09:14.293379+00:00
[2023-01-15T13:09:14.773+0000] {processor.py:175} INFO - Processing /home/airflow/.local/lib/python3.7/site-packages/airflow/example_dags/example_task_group.py took 1.403 seconds
[2023-01-15T13:09:47.381+0000] {processor.py:153} INFO - Started process (PID=1117) to work on /home/airflow/.local/lib/python3.7/site-packages/airflow/example_dags/example_task_group.py
[2023-01-15T13:09:47.391+0000] {processor.py:743} INFO - Processing file /home/airflow/.local/lib/python3.7/site-packages/airflow/example_dags/example_task_group.py for tasks to queue
[2023-01-15T13:09:47.394+0000] {logging_mixin.py:137} INFO - [2023-01-15T13:09:47.394+0000] {dagbag.py:538} INFO - Filling up the DagBag from /home/airflow/.local/lib/python3.7/site-packages/airflow/example_dags/example_task_group.py
[2023-01-15T13:09:47.474+0000] {processor.py:753} INFO - DAG(s) dict_keys(['example_task_group']) retrieved from /home/airflow/.local/lib/python3.7/site-packages/airflow/example_dags/example_task_group.py
[2023-01-15T13:09:47.669+0000] {logging_mixin.py:137} INFO - [2023-01-15T13:09:47.669+0000] {dag.py:2676} INFO - Sync 1 DAGs
[2023-01-15T13:09:47.809+0000] {logging_mixin.py:137} INFO - [2023-01-15T13:09:47.809+0000] {dag.py:3427} INFO - Setting next_dagrun for example_task_group to 2023-01-14T13:09:47.805371+00:00, run_after=2023-01-15T13:09:47.805371+00:00
[2023-01-15T13:09:47.895+0000] {processor.py:175} INFO - Processing /home/airflow/.local/lib/python3.7/site-packages/airflow/example_dags/example_task_group.py took 0.530 seconds
[2023-01-15T13:10:22.172+0000] {processor.py:153} INFO - Started process (PID=1171) to work on /home/airflow/.local/lib/python3.7/site-packages/airflow/example_dags/example_task_group.py
[2023-01-15T13:10:22.200+0000] {processor.py:743} INFO - Processing file /home/airflow/.local/lib/python3.7/site-packages/airflow/example_dags/example_task_group.py for tasks to queue
[2023-01-15T13:10:22.212+0000] {logging_mixin.py:137} INFO - [2023-01-15T13:10:22.211+0000] {dagbag.py:538} INFO - Filling up the DagBag from /home/airflow/.local/lib/python3.7/site-packages/airflow/example_dags/example_task_group.py
[2023-01-15T13:10:22.402+0000] {processor.py:753} INFO - DAG(s) dict_keys(['example_task_group']) retrieved from /home/airflow/.local/lib/python3.7/site-packages/airflow/example_dags/example_task_group.py
[2023-01-15T13:10:22.827+0000] {logging_mixin.py:137} INFO - [2023-01-15T13:10:22.827+0000] {dag.py:2676} INFO - Sync 1 DAGs
[2023-01-15T13:10:23.198+0000] {logging_mixin.py:137} INFO - [2023-01-15T13:10:23.190+0000] {dag.py:3427} INFO - Setting next_dagrun for example_task_group to 2023-01-14T13:10:23.189414+00:00, run_after=2023-01-15T13:10:23.189414+00:00
[2023-01-15T13:10:23.512+0000] {processor.py:175} INFO - Processing /home/airflow/.local/lib/python3.7/site-packages/airflow/example_dags/example_task_group.py took 1.433 seconds
[2023-01-15T13:10:54.044+0000] {processor.py:153} INFO - Started process (PID=1219) to work on /home/airflow/.local/lib/python3.7/site-packages/airflow/example_dags/example_task_group.py
[2023-01-15T13:10:54.052+0000] {processor.py:743} INFO - Processing file /home/airflow/.local/lib/python3.7/site-packages/airflow/example_dags/example_task_group.py for tasks to queue
[2023-01-15T13:10:54.058+0000] {logging_mixin.py:137} INFO - [2023-01-15T13:10:54.057+0000] {dagbag.py:538} INFO - Filling up the DagBag from /home/airflow/.local/lib/python3.7/site-packages/airflow/example_dags/example_task_group.py
[2023-01-15T13:10:54.229+0000] {processor.py:753} INFO - DAG(s) dict_keys(['example_task_group']) retrieved from /home/airflow/.local/lib/python3.7/site-packages/airflow/example_dags/example_task_group.py
[2023-01-15T13:10:54.537+0000] {logging_mixin.py:137} INFO - [2023-01-15T13:10:54.537+0000] {dag.py:2676} INFO - Sync 1 DAGs
[2023-01-15T13:10:54.798+0000] {logging_mixin.py:137} INFO - [2023-01-15T13:10:54.798+0000] {dag.py:3427} INFO - Setting next_dagrun for example_task_group to 2023-01-14T13:10:54.789502+00:00, run_after=2023-01-15T13:10:54.789502+00:00
[2023-01-15T13:10:55.009+0000] {processor.py:175} INFO - Processing /home/airflow/.local/lib/python3.7/site-packages/airflow/example_dags/example_task_group.py took 1.008 seconds
[2023-01-15T13:11:30.347+0000] {processor.py:153} INFO - Started process (PID=1266) to work on /home/airflow/.local/lib/python3.7/site-packages/airflow/example_dags/example_task_group.py
[2023-01-15T13:11:30.357+0000] {processor.py:743} INFO - Processing file /home/airflow/.local/lib/python3.7/site-packages/airflow/example_dags/example_task_group.py for tasks to queue
[2023-01-15T13:11:30.368+0000] {logging_mixin.py:137} INFO - [2023-01-15T13:11:30.367+0000] {dagbag.py:538} INFO - Filling up the DagBag from /home/airflow/.local/lib/python3.7/site-packages/airflow/example_dags/example_task_group.py
[2023-01-15T13:11:30.754+0000] {processor.py:753} INFO - DAG(s) dict_keys(['example_task_group']) retrieved from /home/airflow/.local/lib/python3.7/site-packages/airflow/example_dags/example_task_group.py
[2023-01-15T13:11:31.193+0000] {logging_mixin.py:137} INFO - [2023-01-15T13:11:31.193+0000] {dag.py:2676} INFO - Sync 1 DAGs
[2023-01-15T13:11:31.627+0000] {logging_mixin.py:137} INFO - [2023-01-15T13:11:31.622+0000] {dag.py:3427} INFO - Setting next_dagrun for example_task_group to 2023-01-14T13:11:31.621663+00:00, run_after=2023-01-15T13:11:31.621663+00:00
[2023-01-15T13:11:31.921+0000] {processor.py:175} INFO - Processing /home/airflow/.local/lib/python3.7/site-packages/airflow/example_dags/example_task_group.py took 1.623 seconds
[2023-01-15T13:12:23.983+0000] {processor.py:153} INFO - Started process (PID=1329) to work on /home/airflow/.local/lib/python3.7/site-packages/airflow/example_dags/example_task_group.py
[2023-01-15T13:12:23.991+0000] {processor.py:743} INFO - Processing file /home/airflow/.local/lib/python3.7/site-packages/airflow/example_dags/example_task_group.py for tasks to queue
[2023-01-15T13:12:23.995+0000] {logging_mixin.py:137} INFO - [2023-01-15T13:12:23.995+0000] {dagbag.py:538} INFO - Filling up the DagBag from /home/airflow/.local/lib/python3.7/site-packages/airflow/example_dags/example_task_group.py
[2023-01-15T13:12:24.140+0000] {processor.py:753} INFO - DAG(s) dict_keys(['example_task_group']) retrieved from /home/airflow/.local/lib/python3.7/site-packages/airflow/example_dags/example_task_group.py
[2023-01-15T13:12:24.454+0000] {logging_mixin.py:137} INFO - [2023-01-15T13:12:24.454+0000] {dag.py:2676} INFO - Sync 1 DAGs
[2023-01-15T13:12:24.650+0000] {logging_mixin.py:137} INFO - [2023-01-15T13:12:24.646+0000] {dag.py:3427} INFO - Setting next_dagrun for example_task_group to 2023-01-14T13:12:24.645832+00:00, run_after=2023-01-15T13:12:24.645832+00:00
[2023-01-15T13:12:24.756+0000] {processor.py:175} INFO - Processing /home/airflow/.local/lib/python3.7/site-packages/airflow/example_dags/example_task_group.py took 0.828 seconds
[2023-01-15T13:12:55.152+0000] {processor.py:153} INFO - Started process (PID=1378) to work on /home/airflow/.local/lib/python3.7/site-packages/airflow/example_dags/example_task_group.py
[2023-01-15T13:12:55.178+0000] {processor.py:743} INFO - Processing file /home/airflow/.local/lib/python3.7/site-packages/airflow/example_dags/example_task_group.py for tasks to queue
[2023-01-15T13:12:55.185+0000] {logging_mixin.py:137} INFO - [2023-01-15T13:12:55.185+0000] {dagbag.py:538} INFO - Filling up the DagBag from /home/airflow/.local/lib/python3.7/site-packages/airflow/example_dags/example_task_group.py
[2023-01-15T13:12:55.426+0000] {processor.py:753} INFO - DAG(s) dict_keys(['example_task_group']) retrieved from /home/airflow/.local/lib/python3.7/site-packages/airflow/example_dags/example_task_group.py
[2023-01-15T13:12:55.739+0000] {logging_mixin.py:137} INFO - [2023-01-15T13:12:55.739+0000] {dag.py:2676} INFO - Sync 1 DAGs
[2023-01-15T13:12:55.951+0000] {logging_mixin.py:137} INFO - [2023-01-15T13:12:55.951+0000] {dag.py:3427} INFO - Setting next_dagrun for example_task_group to 2023-01-14T13:12:55.945463+00:00, run_after=2023-01-15T13:12:55.945463+00:00
[2023-01-15T13:12:56.098+0000] {processor.py:175} INFO - Processing /home/airflow/.local/lib/python3.7/site-packages/airflow/example_dags/example_task_group.py took 0.991 seconds
[2023-01-15T13:13:33.108+0000] {processor.py:153} INFO - Started process (PID=1422) to work on /home/airflow/.local/lib/python3.7/site-packages/airflow/example_dags/example_task_group.py
[2023-01-15T13:13:33.120+0000] {processor.py:743} INFO - Processing file /home/airflow/.local/lib/python3.7/site-packages/airflow/example_dags/example_task_group.py for tasks to queue
[2023-01-15T13:13:33.125+0000] {logging_mixin.py:137} INFO - [2023-01-15T13:13:33.125+0000] {dagbag.py:538} INFO - Filling up the DagBag from /home/airflow/.local/lib/python3.7/site-packages/airflow/example_dags/example_task_group.py
[2023-01-15T13:13:33.354+0000] {processor.py:753} INFO - DAG(s) dict_keys(['example_task_group']) retrieved from /home/airflow/.local/lib/python3.7/site-packages/airflow/example_dags/example_task_group.py
[2023-01-15T13:13:33.879+0000] {logging_mixin.py:137} INFO - [2023-01-15T13:13:33.878+0000] {dag.py:2676} INFO - Sync 1 DAGs
[2023-01-15T13:13:34.283+0000] {logging_mixin.py:137} INFO - [2023-01-15T13:13:34.275+0000] {dag.py:3427} INFO - Setting next_dagrun for example_task_group to 2023-01-14T13:13:34.274880+00:00, run_after=2023-01-15T13:13:34.274880+00:00
[2023-01-15T13:13:34.490+0000] {processor.py:175} INFO - Processing /home/airflow/.local/lib/python3.7/site-packages/airflow/example_dags/example_task_group.py took 1.439 seconds
[2023-01-15T13:14:05.114+0000] {processor.py:153} INFO - Started process (PID=1478) to work on /home/airflow/.local/lib/python3.7/site-packages/airflow/example_dags/example_task_group.py
[2023-01-15T13:14:05.126+0000] {processor.py:743} INFO - Processing file /home/airflow/.local/lib/python3.7/site-packages/airflow/example_dags/example_task_group.py for tasks to queue
[2023-01-15T13:14:05.128+0000] {logging_mixin.py:137} INFO - [2023-01-15T13:14:05.128+0000] {dagbag.py:538} INFO - Filling up the DagBag from /home/airflow/.local/lib/python3.7/site-packages/airflow/example_dags/example_task_group.py
[2023-01-15T13:14:05.354+0000] {processor.py:753} INFO - DAG(s) dict_keys(['example_task_group']) retrieved from /home/airflow/.local/lib/python3.7/site-packages/airflow/example_dags/example_task_group.py
[2023-01-15T13:14:05.586+0000] {logging_mixin.py:137} INFO - [2023-01-15T13:14:05.586+0000] {dag.py:2676} INFO - Sync 1 DAGs
[2023-01-15T13:14:05.824+0000] {logging_mixin.py:137} INFO - [2023-01-15T13:14:05.824+0000] {dag.py:3427} INFO - Setting next_dagrun for example_task_group to 2023-01-14T13:14:05.824204+00:00, run_after=2023-01-15T13:14:05.824204+00:00
[2023-01-15T13:14:05.933+0000] {processor.py:175} INFO - Processing /home/airflow/.local/lib/python3.7/site-packages/airflow/example_dags/example_task_group.py took 0.851 seconds
[2023-01-15T13:14:36.217+0000] {processor.py:153} INFO - Started process (PID=1524) to work on /home/airflow/.local/lib/python3.7/site-packages/airflow/example_dags/example_task_group.py
[2023-01-15T13:14:36.223+0000] {processor.py:743} INFO - Processing file /home/airflow/.local/lib/python3.7/site-packages/airflow/example_dags/example_task_group.py for tasks to queue
[2023-01-15T13:14:36.230+0000] {logging_mixin.py:137} INFO - [2023-01-15T13:14:36.230+0000] {dagbag.py:538} INFO - Filling up the DagBag from /home/airflow/.local/lib/python3.7/site-packages/airflow/example_dags/example_task_group.py
[2023-01-15T13:14:36.287+0000] {processor.py:753} INFO - DAG(s) dict_keys(['example_task_group']) retrieved from /home/airflow/.local/lib/python3.7/site-packages/airflow/example_dags/example_task_group.py
[2023-01-15T13:14:36.420+0000] {logging_mixin.py:137} INFO - [2023-01-15T13:14:36.419+0000] {dag.py:2676} INFO - Sync 1 DAGs
[2023-01-15T13:14:36.508+0000] {logging_mixin.py:137} INFO - [2023-01-15T13:14:36.507+0000] {dag.py:3427} INFO - Setting next_dagrun for example_task_group to 2023-01-14T13:14:36.507534+00:00, run_after=2023-01-15T13:14:36.507534+00:00
[2023-01-15T13:14:36.575+0000] {processor.py:175} INFO - Processing /home/airflow/.local/lib/python3.7/site-packages/airflow/example_dags/example_task_group.py took 0.366 seconds
[2023-01-15T13:15:09.218+0000] {processor.py:153} INFO - Started process (PID=1580) to work on /home/airflow/.local/lib/python3.7/site-packages/airflow/example_dags/example_task_group.py
[2023-01-15T13:15:09.239+0000] {processor.py:743} INFO - Processing file /home/airflow/.local/lib/python3.7/site-packages/airflow/example_dags/example_task_group.py for tasks to queue
[2023-01-15T13:15:09.245+0000] {logging_mixin.py:137} INFO - [2023-01-15T13:15:09.244+0000] {dagbag.py:538} INFO - Filling up the DagBag from /home/airflow/.local/lib/python3.7/site-packages/airflow/example_dags/example_task_group.py
[2023-01-15T13:15:09.536+0000] {processor.py:753} INFO - DAG(s) dict_keys(['example_task_group']) retrieved from /home/airflow/.local/lib/python3.7/site-packages/airflow/example_dags/example_task_group.py
[2023-01-15T13:15:09.895+0000] {logging_mixin.py:137} INFO - [2023-01-15T13:15:09.895+0000] {dag.py:2676} INFO - Sync 1 DAGs
[2023-01-15T13:15:10.200+0000] {logging_mixin.py:137} INFO - [2023-01-15T13:15:10.200+0000] {dag.py:3427} INFO - Setting next_dagrun for example_task_group to 2023-01-14T13:15:10.199766+00:00, run_after=2023-01-15T13:15:10.199766+00:00
[2023-01-15T13:15:10.339+0000] {processor.py:175} INFO - Processing /home/airflow/.local/lib/python3.7/site-packages/airflow/example_dags/example_task_group.py took 1.146 seconds
[2023-01-15T13:15:40.953+0000] {processor.py:153} INFO - Started process (PID=1627) to work on /home/airflow/.local/lib/python3.7/site-packages/airflow/example_dags/example_task_group.py
[2023-01-15T13:15:40.974+0000] {processor.py:743} INFO - Processing file /home/airflow/.local/lib/python3.7/site-packages/airflow/example_dags/example_task_group.py for tasks to queue
[2023-01-15T13:15:40.983+0000] {logging_mixin.py:137} INFO - [2023-01-15T13:15:40.982+0000] {dagbag.py:538} INFO - Filling up the DagBag from /home/airflow/.local/lib/python3.7/site-packages/airflow/example_dags/example_task_group.py
[2023-01-15T13:43:32.637+0000] {processor.py:153} INFO - Started process (PID=60) to work on /home/airflow/.local/lib/python3.7/site-packages/airflow/example_dags/example_task_group.py
[2023-01-15T13:43:32.658+0000] {processor.py:743} INFO - Processing file /home/airflow/.local/lib/python3.7/site-packages/airflow/example_dags/example_task_group.py for tasks to queue
[2023-01-15T13:43:32.673+0000] {logging_mixin.py:137} INFO - [2023-01-15T13:43:32.673+0000] {dagbag.py:538} INFO - Filling up the DagBag from /home/airflow/.local/lib/python3.7/site-packages/airflow/example_dags/example_task_group.py
[2023-01-15T13:43:32.915+0000] {processor.py:753} INFO - DAG(s) dict_keys(['example_task_group']) retrieved from /home/airflow/.local/lib/python3.7/site-packages/airflow/example_dags/example_task_group.py
[2023-01-15T13:43:33.309+0000] {logging_mixin.py:137} INFO - [2023-01-15T13:43:33.308+0000] {dag.py:2676} INFO - Sync 1 DAGs
[2023-01-15T13:43:33.581+0000] {logging_mixin.py:137} INFO - [2023-01-15T13:43:33.580+0000] {dag.py:3427} INFO - Setting next_dagrun for example_task_group to 2023-01-14T13:43:33.573498+00:00, run_after=2023-01-15T13:43:33.573498+00:00
[2023-01-15T13:43:33.827+0000] {processor.py:175} INFO - Processing /home/airflow/.local/lib/python3.7/site-packages/airflow/example_dags/example_task_group.py took 1.264 seconds
[2023-01-15T13:44:33.532+0000] {processor.py:153} INFO - Started process (PID=125) to work on /home/airflow/.local/lib/python3.7/site-packages/airflow/example_dags/example_task_group.py
[2023-01-15T13:44:33.542+0000] {processor.py:743} INFO - Processing file /home/airflow/.local/lib/python3.7/site-packages/airflow/example_dags/example_task_group.py for tasks to queue
[2023-01-15T13:44:33.578+0000] {logging_mixin.py:137} INFO - [2023-01-15T13:44:33.578+0000] {dagbag.py:538} INFO - Filling up the DagBag from /home/airflow/.local/lib/python3.7/site-packages/airflow/example_dags/example_task_group.py
[2023-01-15T13:44:34.078+0000] {processor.py:753} INFO - DAG(s) dict_keys(['example_task_group']) retrieved from /home/airflow/.local/lib/python3.7/site-packages/airflow/example_dags/example_task_group.py
[2023-01-15T13:44:34.707+0000] {logging_mixin.py:137} INFO - [2023-01-15T13:44:34.706+0000] {dag.py:2676} INFO - Sync 1 DAGs
[2023-01-15T13:44:34.988+0000] {logging_mixin.py:137} INFO - [2023-01-15T13:44:34.988+0000] {dag.py:3427} INFO - Setting next_dagrun for example_task_group to 2023-01-14T13:44:34.988096+00:00, run_after=2023-01-15T13:44:34.988096+00:00
[2023-01-15T13:44:35.122+0000] {processor.py:175} INFO - Processing /home/airflow/.local/lib/python3.7/site-packages/airflow/example_dags/example_task_group.py took 1.662 seconds
[2023-01-15T13:45:35.839+0000] {processor.py:153} INFO - Started process (PID=179) to work on /home/airflow/.local/lib/python3.7/site-packages/airflow/example_dags/example_task_group.py
[2023-01-15T13:45:35.848+0000] {processor.py:743} INFO - Processing file /home/airflow/.local/lib/python3.7/site-packages/airflow/example_dags/example_task_group.py for tasks to queue
[2023-01-15T13:45:35.854+0000] {logging_mixin.py:137} INFO - [2023-01-15T13:45:35.854+0000] {dagbag.py:538} INFO - Filling up the DagBag from /home/airflow/.local/lib/python3.7/site-packages/airflow/example_dags/example_task_group.py
[2023-01-15T13:45:35.970+0000] {processor.py:753} INFO - DAG(s) dict_keys(['example_task_group']) retrieved from /home/airflow/.local/lib/python3.7/site-packages/airflow/example_dags/example_task_group.py
[2023-01-15T13:45:36.198+0000] {logging_mixin.py:137} INFO - [2023-01-15T13:45:36.198+0000] {dag.py:2676} INFO - Sync 1 DAGs
[2023-01-15T13:45:36.399+0000] {logging_mixin.py:137} INFO - [2023-01-15T13:45:36.394+0000] {dag.py:3427} INFO - Setting next_dagrun for example_task_group to 2023-01-14T13:45:36.393311+00:00, run_after=2023-01-15T13:45:36.393311+00:00
[2023-01-15T13:45:36.555+0000] {processor.py:175} INFO - Processing /home/airflow/.local/lib/python3.7/site-packages/airflow/example_dags/example_task_group.py took 0.740 seconds
[2023-01-15T13:46:11.379+0000] {processor.py:153} INFO - Started process (PID=230) to work on /home/airflow/.local/lib/python3.7/site-packages/airflow/example_dags/example_task_group.py
[2023-01-15T13:46:11.386+0000] {processor.py:743} INFO - Processing file /home/airflow/.local/lib/python3.7/site-packages/airflow/example_dags/example_task_group.py for tasks to queue
[2023-01-15T13:46:11.389+0000] {logging_mixin.py:137} INFO - [2023-01-15T13:46:11.389+0000] {dagbag.py:538} INFO - Filling up the DagBag from /home/airflow/.local/lib/python3.7/site-packages/airflow/example_dags/example_task_group.py
[2023-01-15T13:46:11.588+0000] {processor.py:753} INFO - DAG(s) dict_keys(['example_task_group']) retrieved from /home/airflow/.local/lib/python3.7/site-packages/airflow/example_dags/example_task_group.py
[2023-01-15T13:46:11.928+0000] {logging_mixin.py:137} INFO - [2023-01-15T13:46:11.928+0000] {dag.py:2676} INFO - Sync 1 DAGs
[2023-01-15T13:46:12.141+0000] {logging_mixin.py:137} INFO - [2023-01-15T13:46:12.141+0000] {dag.py:3427} INFO - Setting next_dagrun for example_task_group to 2023-01-14T13:46:12.140671+00:00, run_after=2023-01-15T13:46:12.140671+00:00
[2023-01-15T13:46:12.269+0000] {processor.py:175} INFO - Processing /home/airflow/.local/lib/python3.7/site-packages/airflow/example_dags/example_task_group.py took 0.916 seconds
[2023-01-15T13:46:43.237+0000] {processor.py:153} INFO - Started process (PID=286) to work on /home/airflow/.local/lib/python3.7/site-packages/airflow/example_dags/example_task_group.py
[2023-01-15T13:46:43.248+0000] {processor.py:743} INFO - Processing file /home/airflow/.local/lib/python3.7/site-packages/airflow/example_dags/example_task_group.py for tasks to queue
[2023-01-15T13:46:43.259+0000] {logging_mixin.py:137} INFO - [2023-01-15T13:46:43.258+0000] {dagbag.py:538} INFO - Filling up the DagBag from /home/airflow/.local/lib/python3.7/site-packages/airflow/example_dags/example_task_group.py
[2023-01-15T13:46:43.471+0000] {processor.py:753} INFO - DAG(s) dict_keys(['example_task_group']) retrieved from /home/airflow/.local/lib/python3.7/site-packages/airflow/example_dags/example_task_group.py
[2023-01-15T13:46:43.784+0000] {logging_mixin.py:137} INFO - [2023-01-15T13:46:43.784+0000] {dag.py:2676} INFO - Sync 1 DAGs
[2023-01-15T13:46:43.903+0000] {logging_mixin.py:137} INFO - [2023-01-15T13:46:43.902+0000] {dag.py:3427} INFO - Setting next_dagrun for example_task_group to 2023-01-14T13:46:43.902604+00:00, run_after=2023-01-15T13:46:43.902604+00:00
[2023-01-15T13:46:43.971+0000] {processor.py:175} INFO - Processing /home/airflow/.local/lib/python3.7/site-packages/airflow/example_dags/example_task_group.py took 0.757 seconds
[2023-01-15T13:47:14.755+0000] {processor.py:153} INFO - Started process (PID=332) to work on /home/airflow/.local/lib/python3.7/site-packages/airflow/example_dags/example_task_group.py
[2023-01-15T13:47:14.770+0000] {processor.py:743} INFO - Processing file /home/airflow/.local/lib/python3.7/site-packages/airflow/example_dags/example_task_group.py for tasks to queue
[2023-01-15T13:47:14.776+0000] {logging_mixin.py:137} INFO - [2023-01-15T13:47:14.772+0000] {dagbag.py:538} INFO - Filling up the DagBag from /home/airflow/.local/lib/python3.7/site-packages/airflow/example_dags/example_task_group.py
[2023-01-15T13:47:14.863+0000] {processor.py:753} INFO - DAG(s) dict_keys(['example_task_group']) retrieved from /home/airflow/.local/lib/python3.7/site-packages/airflow/example_dags/example_task_group.py
[2023-01-15T13:47:15.050+0000] {logging_mixin.py:137} INFO - [2023-01-15T13:47:15.050+0000] {dag.py:2676} INFO - Sync 1 DAGs
[2023-01-15T13:47:15.223+0000] {logging_mixin.py:137} INFO - [2023-01-15T13:47:15.218+0000] {dag.py:3427} INFO - Setting next_dagrun for example_task_group to 2023-01-14T13:47:15.218107+00:00, run_after=2023-01-15T13:47:15.218107+00:00
[2023-01-15T13:47:15.302+0000] {processor.py:175} INFO - Processing /home/airflow/.local/lib/python3.7/site-packages/airflow/example_dags/example_task_group.py took 0.575 seconds
[2023-01-15T13:47:45.501+0000] {processor.py:153} INFO - Started process (PID=388) to work on /home/airflow/.local/lib/python3.7/site-packages/airflow/example_dags/example_task_group.py
[2023-01-15T13:47:45.504+0000] {processor.py:743} INFO - Processing file /home/airflow/.local/lib/python3.7/site-packages/airflow/example_dags/example_task_group.py for tasks to queue
[2023-01-15T13:47:45.512+0000] {logging_mixin.py:137} INFO - [2023-01-15T13:47:45.512+0000] {dagbag.py:538} INFO - Filling up the DagBag from /home/airflow/.local/lib/python3.7/site-packages/airflow/example_dags/example_task_group.py
[2023-01-15T13:47:45.556+0000] {processor.py:753} INFO - DAG(s) dict_keys(['example_task_group']) retrieved from /home/airflow/.local/lib/python3.7/site-packages/airflow/example_dags/example_task_group.py
[2023-01-15T13:47:45.663+0000] {logging_mixin.py:137} INFO - [2023-01-15T13:47:45.663+0000] {dag.py:2676} INFO - Sync 1 DAGs
[2023-01-15T13:47:45.725+0000] {logging_mixin.py:137} INFO - [2023-01-15T13:47:45.724+0000] {dag.py:3427} INFO - Setting next_dagrun for example_task_group to 2023-01-14T13:47:45.724493+00:00, run_after=2023-01-15T13:47:45.724493+00:00
[2023-01-15T13:47:45.779+0000] {processor.py:175} INFO - Processing /home/airflow/.local/lib/python3.7/site-packages/airflow/example_dags/example_task_group.py took 0.285 seconds
[2023-01-15T13:48:16.074+0000] {processor.py:153} INFO - Started process (PID=443) to work on /home/airflow/.local/lib/python3.7/site-packages/airflow/example_dags/example_task_group.py
[2023-01-15T13:48:16.086+0000] {processor.py:743} INFO - Processing file /home/airflow/.local/lib/python3.7/site-packages/airflow/example_dags/example_task_group.py for tasks to queue
[2023-01-15T13:48:16.088+0000] {logging_mixin.py:137} INFO - [2023-01-15T13:48:16.088+0000] {dagbag.py:538} INFO - Filling up the DagBag from /home/airflow/.local/lib/python3.7/site-packages/airflow/example_dags/example_task_group.py
[2023-01-15T13:48:16.151+0000] {processor.py:753} INFO - DAG(s) dict_keys(['example_task_group']) retrieved from /home/airflow/.local/lib/python3.7/site-packages/airflow/example_dags/example_task_group.py
[2023-01-15T13:48:16.287+0000] {logging_mixin.py:137} INFO - [2023-01-15T13:48:16.287+0000] {dag.py:2676} INFO - Sync 1 DAGs
[2023-01-15T13:48:16.380+0000] {logging_mixin.py:137} INFO - [2023-01-15T13:48:16.380+0000] {dag.py:3427} INFO - Setting next_dagrun for example_task_group to 2023-01-14T13:48:16.379935+00:00, run_after=2023-01-15T13:48:16.379935+00:00
[2023-01-15T13:48:16.452+0000] {processor.py:175} INFO - Processing /home/airflow/.local/lib/python3.7/site-packages/airflow/example_dags/example_task_group.py took 0.388 seconds
[2023-01-15T13:48:47.131+0000] {processor.py:153} INFO - Started process (PID=497) to work on /home/airflow/.local/lib/python3.7/site-packages/airflow/example_dags/example_task_group.py
[2023-01-15T13:48:47.133+0000] {processor.py:743} INFO - Processing file /home/airflow/.local/lib/python3.7/site-packages/airflow/example_dags/example_task_group.py for tasks to queue
[2023-01-15T13:48:47.134+0000] {logging_mixin.py:137} INFO - [2023-01-15T13:48:47.134+0000] {dagbag.py:538} INFO - Filling up the DagBag from /home/airflow/.local/lib/python3.7/site-packages/airflow/example_dags/example_task_group.py
[2023-01-15T13:48:47.177+0000] {processor.py:753} INFO - DAG(s) dict_keys(['example_task_group']) retrieved from /home/airflow/.local/lib/python3.7/site-packages/airflow/example_dags/example_task_group.py
[2023-01-15T13:48:47.289+0000] {logging_mixin.py:137} INFO - [2023-01-15T13:48:47.289+0000] {dag.py:2676} INFO - Sync 1 DAGs
[2023-01-15T13:48:47.352+0000] {logging_mixin.py:137} INFO - [2023-01-15T13:48:47.352+0000] {dag.py:3427} INFO - Setting next_dagrun for example_task_group to 2023-01-14T13:48:47.352122+00:00, run_after=2023-01-15T13:48:47.352122+00:00
[2023-01-15T13:48:47.404+0000] {processor.py:175} INFO - Processing /home/airflow/.local/lib/python3.7/site-packages/airflow/example_dags/example_task_group.py took 0.289 seconds
[2023-01-15T13:49:18.125+0000] {processor.py:153} INFO - Started process (PID=553) to work on /home/airflow/.local/lib/python3.7/site-packages/airflow/example_dags/example_task_group.py
[2023-01-15T13:49:18.137+0000] {processor.py:743} INFO - Processing file /home/airflow/.local/lib/python3.7/site-packages/airflow/example_dags/example_task_group.py for tasks to queue
[2023-01-15T13:49:18.143+0000] {logging_mixin.py:137} INFO - [2023-01-15T13:49:18.143+0000] {dagbag.py:538} INFO - Filling up the DagBag from /home/airflow/.local/lib/python3.7/site-packages/airflow/example_dags/example_task_group.py
[2023-01-15T13:49:18.281+0000] {processor.py:753} INFO - DAG(s) dict_keys(['example_task_group']) retrieved from /home/airflow/.local/lib/python3.7/site-packages/airflow/example_dags/example_task_group.py
[2023-01-15T13:49:18.507+0000] {logging_mixin.py:137} INFO - [2023-01-15T13:49:18.507+0000] {dag.py:2676} INFO - Sync 1 DAGs
[2023-01-15T13:49:18.678+0000] {logging_mixin.py:137} INFO - [2023-01-15T13:49:18.673+0000] {dag.py:3427} INFO - Setting next_dagrun for example_task_group to 2023-01-14T13:49:18.673504+00:00, run_after=2023-01-15T13:49:18.673504+00:00
[2023-01-15T13:49:18.765+0000] {processor.py:175} INFO - Processing /home/airflow/.local/lib/python3.7/site-packages/airflow/example_dags/example_task_group.py took 0.685 seconds
[2023-01-15T13:49:48.995+0000] {processor.py:153} INFO - Started process (PID=609) to work on /home/airflow/.local/lib/python3.7/site-packages/airflow/example_dags/example_task_group.py
[2023-01-15T13:49:48.999+0000] {processor.py:743} INFO - Processing file /home/airflow/.local/lib/python3.7/site-packages/airflow/example_dags/example_task_group.py for tasks to queue
[2023-01-15T13:49:49.009+0000] {logging_mixin.py:137} INFO - [2023-01-15T13:49:49.008+0000] {dagbag.py:538} INFO - Filling up the DagBag from /home/airflow/.local/lib/python3.7/site-packages/airflow/example_dags/example_task_group.py
[2023-01-15T13:49:49.146+0000] {processor.py:753} INFO - DAG(s) dict_keys(['example_task_group']) retrieved from /home/airflow/.local/lib/python3.7/site-packages/airflow/example_dags/example_task_group.py
[2023-01-15T13:49:49.485+0000] {logging_mixin.py:137} INFO - [2023-01-15T13:49:49.484+0000] {dag.py:2676} INFO - Sync 1 DAGs
[2023-01-15T13:49:49.786+0000] {logging_mixin.py:137} INFO - [2023-01-15T13:49:49.785+0000] {dag.py:3427} INFO - Setting next_dagrun for example_task_group to 2023-01-14T13:49:49.772709+00:00, run_after=2023-01-15T13:49:49.772709+00:00
[2023-01-15T13:49:50.187+0000] {processor.py:175} INFO - Processing /home/airflow/.local/lib/python3.7/site-packages/airflow/example_dags/example_task_group.py took 1.226 seconds
[2023-01-15T13:50:21.504+0000] {processor.py:153} INFO - Started process (PID=665) to work on /home/airflow/.local/lib/python3.7/site-packages/airflow/example_dags/example_task_group.py
[2023-01-15T13:50:21.512+0000] {processor.py:743} INFO - Processing file /home/airflow/.local/lib/python3.7/site-packages/airflow/example_dags/example_task_group.py for tasks to queue
[2023-01-15T13:50:21.517+0000] {logging_mixin.py:137} INFO - [2023-01-15T13:50:21.516+0000] {dagbag.py:538} INFO - Filling up the DagBag from /home/airflow/.local/lib/python3.7/site-packages/airflow/example_dags/example_task_group.py
[2023-01-15T13:50:21.706+0000] {processor.py:753} INFO - DAG(s) dict_keys(['example_task_group']) retrieved from /home/airflow/.local/lib/python3.7/site-packages/airflow/example_dags/example_task_group.py
[2023-01-15T13:50:22.047+0000] {logging_mixin.py:137} INFO - [2023-01-15T13:50:22.046+0000] {dag.py:2676} INFO - Sync 1 DAGs
[2023-01-15T13:50:22.331+0000] {logging_mixin.py:137} INFO - [2023-01-15T13:50:22.328+0000] {dag.py:3427} INFO - Setting next_dagrun for example_task_group to 2023-01-14T13:50:22.328057+00:00, run_after=2023-01-15T13:50:22.328057+00:00
[2023-01-15T13:50:22.508+0000] {processor.py:175} INFO - Processing /home/airflow/.local/lib/python3.7/site-packages/airflow/example_dags/example_task_group.py took 1.028 seconds
[2023-01-15T13:50:52.906+0000] {processor.py:153} INFO - Started process (PID=721) to work on /home/airflow/.local/lib/python3.7/site-packages/airflow/example_dags/example_task_group.py
[2023-01-15T13:50:52.911+0000] {processor.py:743} INFO - Processing file /home/airflow/.local/lib/python3.7/site-packages/airflow/example_dags/example_task_group.py for tasks to queue
[2023-01-15T13:50:52.916+0000] {logging_mixin.py:137} INFO - [2023-01-15T13:50:52.916+0000] {dagbag.py:538} INFO - Filling up the DagBag from /home/airflow/.local/lib/python3.7/site-packages/airflow/example_dags/example_task_group.py
[2023-01-15T13:50:52.973+0000] {processor.py:753} INFO - DAG(s) dict_keys(['example_task_group']) retrieved from /home/airflow/.local/lib/python3.7/site-packages/airflow/example_dags/example_task_group.py
[2023-01-15T13:50:53.219+0000] {logging_mixin.py:137} INFO - [2023-01-15T13:50:53.218+0000] {dag.py:2676} INFO - Sync 1 DAGs
[2023-01-15T13:50:53.368+0000] {logging_mixin.py:137} INFO - [2023-01-15T13:50:53.368+0000] {dag.py:3427} INFO - Setting next_dagrun for example_task_group to 2023-01-14T13:50:53.368039+00:00, run_after=2023-01-15T13:50:53.368039+00:00
[2023-01-15T13:50:53.539+0000] {processor.py:175} INFO - Processing /home/airflow/.local/lib/python3.7/site-packages/airflow/example_dags/example_task_group.py took 0.683 seconds
[2023-01-15T13:51:23.928+0000] {processor.py:153} INFO - Started process (PID=777) to work on /home/airflow/.local/lib/python3.7/site-packages/airflow/example_dags/example_task_group.py
[2023-01-15T13:51:23.931+0000] {processor.py:743} INFO - Processing file /home/airflow/.local/lib/python3.7/site-packages/airflow/example_dags/example_task_group.py for tasks to queue
[2023-01-15T13:51:23.933+0000] {logging_mixin.py:137} INFO - [2023-01-15T13:51:23.933+0000] {dagbag.py:538} INFO - Filling up the DagBag from /home/airflow/.local/lib/python3.7/site-packages/airflow/example_dags/example_task_group.py
[2023-01-15T13:51:23.978+0000] {processor.py:753} INFO - DAG(s) dict_keys(['example_task_group']) retrieved from /home/airflow/.local/lib/python3.7/site-packages/airflow/example_dags/example_task_group.py
[2023-01-15T13:51:24.112+0000] {logging_mixin.py:137} INFO - [2023-01-15T13:51:24.111+0000] {dag.py:2676} INFO - Sync 1 DAGs
[2023-01-15T13:51:24.226+0000] {logging_mixin.py:137} INFO - [2023-01-15T13:51:24.225+0000] {dag.py:3427} INFO - Setting next_dagrun for example_task_group to 2023-01-14T13:51:24.225448+00:00, run_after=2023-01-15T13:51:24.225448+00:00
[2023-01-15T13:51:24.323+0000] {processor.py:175} INFO - Processing /home/airflow/.local/lib/python3.7/site-packages/airflow/example_dags/example_task_group.py took 0.404 seconds
[2023-01-15T13:51:56.280+0000] {processor.py:153} INFO - Started process (PID=833) to work on /home/airflow/.local/lib/python3.7/site-packages/airflow/example_dags/example_task_group.py
[2023-01-15T13:51:56.286+0000] {processor.py:743} INFO - Processing file /home/airflow/.local/lib/python3.7/site-packages/airflow/example_dags/example_task_group.py for tasks to queue
[2023-01-15T13:51:56.290+0000] {logging_mixin.py:137} INFO - [2023-01-15T13:51:56.290+0000] {dagbag.py:538} INFO - Filling up the DagBag from /home/airflow/.local/lib/python3.7/site-packages/airflow/example_dags/example_task_group.py
[2023-01-15T13:51:56.424+0000] {processor.py:753} INFO - DAG(s) dict_keys(['example_task_group']) retrieved from /home/airflow/.local/lib/python3.7/site-packages/airflow/example_dags/example_task_group.py
[2023-01-15T13:51:56.624+0000] {logging_mixin.py:137} INFO - [2023-01-15T13:51:56.624+0000] {dag.py:2676} INFO - Sync 1 DAGs
[2023-01-15T13:51:56.747+0000] {logging_mixin.py:137} INFO - [2023-01-15T13:51:56.747+0000] {dag.py:3427} INFO - Setting next_dagrun for example_task_group to 2023-01-14T13:51:56.746910+00:00, run_after=2023-01-15T13:51:56.746910+00:00
[2023-01-15T13:51:56.816+0000] {processor.py:175} INFO - Processing /home/airflow/.local/lib/python3.7/site-packages/airflow/example_dags/example_task_group.py took 0.548 seconds
[2023-01-15T13:52:29.455+0000] {processor.py:153} INFO - Started process (PID=880) to work on /home/airflow/.local/lib/python3.7/site-packages/airflow/example_dags/example_task_group.py
[2023-01-15T13:52:29.501+0000] {processor.py:743} INFO - Processing file /home/airflow/.local/lib/python3.7/site-packages/airflow/example_dags/example_task_group.py for tasks to queue
[2023-01-15T13:52:29.527+0000] {logging_mixin.py:137} INFO - [2023-01-15T13:52:29.527+0000] {dagbag.py:538} INFO - Filling up the DagBag from /home/airflow/.local/lib/python3.7/site-packages/airflow/example_dags/example_task_group.py
[2023-01-15T13:52:29.683+0000] {processor.py:753} INFO - DAG(s) dict_keys(['example_task_group']) retrieved from /home/airflow/.local/lib/python3.7/site-packages/airflow/example_dags/example_task_group.py
[2023-01-15T13:52:30.029+0000] {logging_mixin.py:137} INFO - [2023-01-15T13:52:30.029+0000] {dag.py:2676} INFO - Sync 1 DAGs
[2023-01-15T13:52:30.216+0000] {logging_mixin.py:137} INFO - [2023-01-15T13:52:30.209+0000] {dag.py:3427} INFO - Setting next_dagrun for example_task_group to 2023-01-14T13:52:30.209351+00:00, run_after=2023-01-15T13:52:30.209351+00:00
[2023-01-15T13:52:30.354+0000] {processor.py:175} INFO - Processing /home/airflow/.local/lib/python3.7/site-packages/airflow/example_dags/example_task_group.py took 0.934 seconds
[2023-01-15T13:53:00.954+0000] {processor.py:153} INFO - Started process (PID=935) to work on /home/airflow/.local/lib/python3.7/site-packages/airflow/example_dags/example_task_group.py
[2023-01-15T13:53:00.960+0000] {processor.py:743} INFO - Processing file /home/airflow/.local/lib/python3.7/site-packages/airflow/example_dags/example_task_group.py for tasks to queue
[2023-01-15T13:53:00.963+0000] {logging_mixin.py:137} INFO - [2023-01-15T13:53:00.963+0000] {dagbag.py:538} INFO - Filling up the DagBag from /home/airflow/.local/lib/python3.7/site-packages/airflow/example_dags/example_task_group.py
[2023-01-15T13:53:01.074+0000] {processor.py:753} INFO - DAG(s) dict_keys(['example_task_group']) retrieved from /home/airflow/.local/lib/python3.7/site-packages/airflow/example_dags/example_task_group.py
[2023-01-15T13:53:01.284+0000] {logging_mixin.py:137} INFO - [2023-01-15T13:53:01.284+0000] {dag.py:2676} INFO - Sync 1 DAGs
[2023-01-15T13:53:01.397+0000] {logging_mixin.py:137} INFO - [2023-01-15T13:53:01.397+0000] {dag.py:3427} INFO - Setting next_dagrun for example_task_group to 2023-01-14T13:53:01.397355+00:00, run_after=2023-01-15T13:53:01.397355+00:00
[2023-01-15T13:53:01.525+0000] {processor.py:175} INFO - Processing /home/airflow/.local/lib/python3.7/site-packages/airflow/example_dags/example_task_group.py took 0.595 seconds
