[2023-01-15T12:59:48.636+0000] {processor.py:153} INFO - Started process (PID=101) to work on /home/airflow/.local/lib/python3.7/site-packages/airflow/example_dags/example_latest_only_with_trigger.py
[2023-01-15T12:59:48.641+0000] {processor.py:743} INFO - Processing file /home/airflow/.local/lib/python3.7/site-packages/airflow/example_dags/example_latest_only_with_trigger.py for tasks to queue
[2023-01-15T12:59:48.647+0000] {logging_mixin.py:137} INFO - [2023-01-15T12:59:48.647+0000] {dagbag.py:538} INFO - Filling up the DagBag from /home/airflow/.local/lib/python3.7/site-packages/airflow/example_dags/example_latest_only_with_trigger.py
[2023-01-15T12:59:48.720+0000] {processor.py:753} INFO - DAG(s) dict_keys(['latest_only_with_trigger']) retrieved from /home/airflow/.local/lib/python3.7/site-packages/airflow/example_dags/example_latest_only_with_trigger.py
[2023-01-15T12:59:49.201+0000] {logging_mixin.py:137} INFO - [2023-01-15T12:59:49.201+0000] {manager.py:504} INFO - Created Permission View: can read on DAG:latest_only_with_trigger
[2023-01-15T12:59:49.239+0000] {logging_mixin.py:137} INFO - [2023-01-15T12:59:49.239+0000] {manager.py:504} INFO - Created Permission View: can edit on DAG:latest_only_with_trigger
[2023-01-15T12:59:49.282+0000] {logging_mixin.py:137} INFO - [2023-01-15T12:59:49.282+0000] {manager.py:504} INFO - Created Permission View: can delete on DAG:latest_only_with_trigger
[2023-01-15T12:59:49.285+0000] {logging_mixin.py:137} INFO - [2023-01-15T12:59:49.285+0000] {dag.py:2676} INFO - Sync 1 DAGs
[2023-01-15T12:59:49.319+0000] {logging_mixin.py:137} INFO - [2023-01-15T12:59:49.318+0000] {dag.py:2697} INFO - Creating ORM DAG for latest_only_with_trigger
[2023-01-15T12:59:49.351+0000] {logging_mixin.py:137} INFO - [2023-01-15T12:59:49.351+0000] {dag.py:3427} INFO - Setting next_dagrun for latest_only_with_trigger to 2023-01-15T08:59:49.351147+00:00, run_after=2023-01-15T12:59:49.351147+00:00
[2023-01-15T12:59:49.423+0000] {processor.py:175} INFO - Processing /home/airflow/.local/lib/python3.7/site-packages/airflow/example_dags/example_latest_only_with_trigger.py took 0.805 seconds
[2023-01-15T13:00:20.313+0000] {processor.py:153} INFO - Started process (PID=157) to work on /home/airflow/.local/lib/python3.7/site-packages/airflow/example_dags/example_latest_only_with_trigger.py
[2023-01-15T13:00:20.315+0000] {processor.py:743} INFO - Processing file /home/airflow/.local/lib/python3.7/site-packages/airflow/example_dags/example_latest_only_with_trigger.py for tasks to queue
[2023-01-15T13:00:20.320+0000] {logging_mixin.py:137} INFO - [2023-01-15T13:00:20.320+0000] {dagbag.py:538} INFO - Filling up the DagBag from /home/airflow/.local/lib/python3.7/site-packages/airflow/example_dags/example_latest_only_with_trigger.py
[2023-01-15T13:00:20.377+0000] {processor.py:753} INFO - DAG(s) dict_keys(['latest_only_with_trigger']) retrieved from /home/airflow/.local/lib/python3.7/site-packages/airflow/example_dags/example_latest_only_with_trigger.py
[2023-01-15T13:00:20.509+0000] {logging_mixin.py:137} INFO - [2023-01-15T13:00:20.509+0000] {dag.py:2676} INFO - Sync 1 DAGs
[2023-01-15T13:00:20.606+0000] {logging_mixin.py:137} INFO - [2023-01-15T13:00:20.606+0000] {dag.py:3427} INFO - Setting next_dagrun for latest_only_with_trigger to 2023-01-15T09:00:20.605899+00:00, run_after=2023-01-15T13:00:20.605899+00:00
[2023-01-15T13:00:20.728+0000] {processor.py:175} INFO - Processing /home/airflow/.local/lib/python3.7/site-packages/airflow/example_dags/example_latest_only_with_trigger.py took 0.431 seconds
[2023-01-15T13:00:50.991+0000] {processor.py:153} INFO - Started process (PID=212) to work on /home/airflow/.local/lib/python3.7/site-packages/airflow/example_dags/example_latest_only_with_trigger.py
[2023-01-15T13:00:50.993+0000] {processor.py:743} INFO - Processing file /home/airflow/.local/lib/python3.7/site-packages/airflow/example_dags/example_latest_only_with_trigger.py for tasks to queue
[2023-01-15T13:00:50.995+0000] {logging_mixin.py:137} INFO - [2023-01-15T13:00:50.994+0000] {dagbag.py:538} INFO - Filling up the DagBag from /home/airflow/.local/lib/python3.7/site-packages/airflow/example_dags/example_latest_only_with_trigger.py
[2023-01-15T13:00:51.022+0000] {processor.py:753} INFO - DAG(s) dict_keys(['latest_only_with_trigger']) retrieved from /home/airflow/.local/lib/python3.7/site-packages/airflow/example_dags/example_latest_only_with_trigger.py
[2023-01-15T13:00:51.067+0000] {logging_mixin.py:137} INFO - [2023-01-15T13:00:51.067+0000] {dag.py:2676} INFO - Sync 1 DAGs
[2023-01-15T13:00:51.097+0000] {logging_mixin.py:137} INFO - [2023-01-15T13:00:51.097+0000] {dag.py:3427} INFO - Setting next_dagrun for latest_only_with_trigger to 2023-01-15T09:00:51.096762+00:00, run_after=2023-01-15T13:00:51.096762+00:00
[2023-01-15T13:00:51.157+0000] {processor.py:175} INFO - Processing /home/airflow/.local/lib/python3.7/site-packages/airflow/example_dags/example_latest_only_with_trigger.py took 0.170 seconds
[2023-01-15T13:01:21.280+0000] {processor.py:153} INFO - Started process (PID=267) to work on /home/airflow/.local/lib/python3.7/site-packages/airflow/example_dags/example_latest_only_with_trigger.py
[2023-01-15T13:01:21.287+0000] {processor.py:743} INFO - Processing file /home/airflow/.local/lib/python3.7/site-packages/airflow/example_dags/example_latest_only_with_trigger.py for tasks to queue
[2023-01-15T13:01:21.289+0000] {logging_mixin.py:137} INFO - [2023-01-15T13:01:21.289+0000] {dagbag.py:538} INFO - Filling up the DagBag from /home/airflow/.local/lib/python3.7/site-packages/airflow/example_dags/example_latest_only_with_trigger.py
[2023-01-15T13:01:21.328+0000] {processor.py:753} INFO - DAG(s) dict_keys(['latest_only_with_trigger']) retrieved from /home/airflow/.local/lib/python3.7/site-packages/airflow/example_dags/example_latest_only_with_trigger.py
[2023-01-15T13:01:21.418+0000] {logging_mixin.py:137} INFO - [2023-01-15T13:01:21.418+0000] {dag.py:2676} INFO - Sync 1 DAGs
[2023-01-15T13:01:21.456+0000] {logging_mixin.py:137} INFO - [2023-01-15T13:01:21.456+0000] {dag.py:3427} INFO - Setting next_dagrun for latest_only_with_trigger to 2023-01-15T09:01:21.456195+00:00, run_after=2023-01-15T13:01:21.456195+00:00
[2023-01-15T13:01:21.510+0000] {processor.py:175} INFO - Processing /home/airflow/.local/lib/python3.7/site-packages/airflow/example_dags/example_latest_only_with_trigger.py took 0.238 seconds
[2023-01-15T13:01:51.764+0000] {processor.py:153} INFO - Started process (PID=322) to work on /home/airflow/.local/lib/python3.7/site-packages/airflow/example_dags/example_latest_only_with_trigger.py
[2023-01-15T13:01:51.770+0000] {processor.py:743} INFO - Processing file /home/airflow/.local/lib/python3.7/site-packages/airflow/example_dags/example_latest_only_with_trigger.py for tasks to queue
[2023-01-15T13:01:51.775+0000] {logging_mixin.py:137} INFO - [2023-01-15T13:01:51.775+0000] {dagbag.py:538} INFO - Filling up the DagBag from /home/airflow/.local/lib/python3.7/site-packages/airflow/example_dags/example_latest_only_with_trigger.py
[2023-01-15T13:01:51.853+0000] {processor.py:753} INFO - DAG(s) dict_keys(['latest_only_with_trigger']) retrieved from /home/airflow/.local/lib/python3.7/site-packages/airflow/example_dags/example_latest_only_with_trigger.py
[2023-01-15T13:01:52.093+0000] {logging_mixin.py:137} INFO - [2023-01-15T13:01:52.093+0000] {dag.py:2676} INFO - Sync 1 DAGs
[2023-01-15T13:01:52.157+0000] {logging_mixin.py:137} INFO - [2023-01-15T13:01:52.157+0000] {dag.py:3427} INFO - Setting next_dagrun for latest_only_with_trigger to 2023-01-15T09:01:52.156869+00:00, run_after=2023-01-15T13:01:52.156869+00:00
[2023-01-15T13:01:52.196+0000] {processor.py:175} INFO - Processing /home/airflow/.local/lib/python3.7/site-packages/airflow/example_dags/example_latest_only_with_trigger.py took 0.447 seconds
[2023-01-15T13:02:22.520+0000] {processor.py:153} INFO - Started process (PID=377) to work on /home/airflow/.local/lib/python3.7/site-packages/airflow/example_dags/example_latest_only_with_trigger.py
[2023-01-15T13:02:22.524+0000] {processor.py:743} INFO - Processing file /home/airflow/.local/lib/python3.7/site-packages/airflow/example_dags/example_latest_only_with_trigger.py for tasks to queue
[2023-01-15T13:02:22.527+0000] {logging_mixin.py:137} INFO - [2023-01-15T13:02:22.527+0000] {dagbag.py:538} INFO - Filling up the DagBag from /home/airflow/.local/lib/python3.7/site-packages/airflow/example_dags/example_latest_only_with_trigger.py
[2023-01-15T13:02:22.568+0000] {processor.py:753} INFO - DAG(s) dict_keys(['latest_only_with_trigger']) retrieved from /home/airflow/.local/lib/python3.7/site-packages/airflow/example_dags/example_latest_only_with_trigger.py
[2023-01-15T13:02:22.659+0000] {logging_mixin.py:137} INFO - [2023-01-15T13:02:22.659+0000] {dag.py:2676} INFO - Sync 1 DAGs
[2023-01-15T13:02:22.719+0000] {logging_mixin.py:137} INFO - [2023-01-15T13:02:22.719+0000] {dag.py:3427} INFO - Setting next_dagrun for latest_only_with_trigger to 2023-01-15T09:02:22.718921+00:00, run_after=2023-01-15T13:02:22.718921+00:00
[2023-01-15T13:02:22.785+0000] {processor.py:175} INFO - Processing /home/airflow/.local/lib/python3.7/site-packages/airflow/example_dags/example_latest_only_with_trigger.py took 0.274 seconds
[2023-01-15T13:02:53.513+0000] {processor.py:153} INFO - Started process (PID=432) to work on /home/airflow/.local/lib/python3.7/site-packages/airflow/example_dags/example_latest_only_with_trigger.py
[2023-01-15T13:02:53.516+0000] {processor.py:743} INFO - Processing file /home/airflow/.local/lib/python3.7/site-packages/airflow/example_dags/example_latest_only_with_trigger.py for tasks to queue
[2023-01-15T13:02:53.523+0000] {logging_mixin.py:137} INFO - [2023-01-15T13:02:53.523+0000] {dagbag.py:538} INFO - Filling up the DagBag from /home/airflow/.local/lib/python3.7/site-packages/airflow/example_dags/example_latest_only_with_trigger.py
[2023-01-15T13:02:53.659+0000] {processor.py:753} INFO - DAG(s) dict_keys(['latest_only_with_trigger']) retrieved from /home/airflow/.local/lib/python3.7/site-packages/airflow/example_dags/example_latest_only_with_trigger.py
[2023-01-15T13:02:53.978+0000] {logging_mixin.py:137} INFO - [2023-01-15T13:02:53.978+0000] {dag.py:2676} INFO - Sync 1 DAGs
[2023-01-15T13:02:54.161+0000] {logging_mixin.py:137} INFO - [2023-01-15T13:02:54.161+0000] {dag.py:3427} INFO - Setting next_dagrun for latest_only_with_trigger to 2023-01-15T09:02:54.160962+00:00, run_after=2023-01-15T13:02:54.160962+00:00
[2023-01-15T13:02:54.304+0000] {processor.py:175} INFO - Processing /home/airflow/.local/lib/python3.7/site-packages/airflow/example_dags/example_latest_only_with_trigger.py took 0.817 seconds
[2023-01-15T13:03:24.645+0000] {processor.py:153} INFO - Started process (PID=488) to work on /home/airflow/.local/lib/python3.7/site-packages/airflow/example_dags/example_latest_only_with_trigger.py
[2023-01-15T13:03:24.647+0000] {processor.py:743} INFO - Processing file /home/airflow/.local/lib/python3.7/site-packages/airflow/example_dags/example_latest_only_with_trigger.py for tasks to queue
[2023-01-15T13:03:24.652+0000] {logging_mixin.py:137} INFO - [2023-01-15T13:03:24.652+0000] {dagbag.py:538} INFO - Filling up the DagBag from /home/airflow/.local/lib/python3.7/site-packages/airflow/example_dags/example_latest_only_with_trigger.py
[2023-01-15T13:03:24.706+0000] {processor.py:753} INFO - DAG(s) dict_keys(['latest_only_with_trigger']) retrieved from /home/airflow/.local/lib/python3.7/site-packages/airflow/example_dags/example_latest_only_with_trigger.py
[2023-01-15T13:03:24.836+0000] {logging_mixin.py:137} INFO - [2023-01-15T13:03:24.836+0000] {dag.py:2676} INFO - Sync 1 DAGs
[2023-01-15T13:03:24.935+0000] {logging_mixin.py:137} INFO - [2023-01-15T13:03:24.935+0000] {dag.py:3427} INFO - Setting next_dagrun for latest_only_with_trigger to 2023-01-15T09:03:24.934787+00:00, run_after=2023-01-15T13:03:24.934787+00:00
[2023-01-15T13:03:25.005+0000] {processor.py:175} INFO - Processing /home/airflow/.local/lib/python3.7/site-packages/airflow/example_dags/example_latest_only_with_trigger.py took 0.376 seconds
[2023-01-15T13:03:55.087+0000] {processor.py:153} INFO - Started process (PID=543) to work on /home/airflow/.local/lib/python3.7/site-packages/airflow/example_dags/example_latest_only_with_trigger.py
[2023-01-15T13:03:55.099+0000] {processor.py:743} INFO - Processing file /home/airflow/.local/lib/python3.7/site-packages/airflow/example_dags/example_latest_only_with_trigger.py for tasks to queue
[2023-01-15T13:03:55.101+0000] {logging_mixin.py:137} INFO - [2023-01-15T13:03:55.101+0000] {dagbag.py:538} INFO - Filling up the DagBag from /home/airflow/.local/lib/python3.7/site-packages/airflow/example_dags/example_latest_only_with_trigger.py
[2023-01-15T13:03:55.120+0000] {processor.py:753} INFO - DAG(s) dict_keys(['latest_only_with_trigger']) retrieved from /home/airflow/.local/lib/python3.7/site-packages/airflow/example_dags/example_latest_only_with_trigger.py
[2023-01-15T13:03:55.172+0000] {logging_mixin.py:137} INFO - [2023-01-15T13:03:55.172+0000] {dag.py:2676} INFO - Sync 1 DAGs
[2023-01-15T13:03:55.211+0000] {logging_mixin.py:137} INFO - [2023-01-15T13:03:55.211+0000] {dag.py:3427} INFO - Setting next_dagrun for latest_only_with_trigger to 2023-01-15T09:03:55.211370+00:00, run_after=2023-01-15T13:03:55.211370+00:00
[2023-01-15T13:03:55.254+0000] {processor.py:175} INFO - Processing /home/airflow/.local/lib/python3.7/site-packages/airflow/example_dags/example_latest_only_with_trigger.py took 0.176 seconds
[2023-01-15T13:04:25.312+0000] {processor.py:153} INFO - Started process (PID=598) to work on /home/airflow/.local/lib/python3.7/site-packages/airflow/example_dags/example_latest_only_with_trigger.py
[2023-01-15T13:04:25.317+0000] {processor.py:743} INFO - Processing file /home/airflow/.local/lib/python3.7/site-packages/airflow/example_dags/example_latest_only_with_trigger.py for tasks to queue
[2023-01-15T13:04:25.318+0000] {logging_mixin.py:137} INFO - [2023-01-15T13:04:25.318+0000] {dagbag.py:538} INFO - Filling up the DagBag from /home/airflow/.local/lib/python3.7/site-packages/airflow/example_dags/example_latest_only_with_trigger.py
[2023-01-15T13:04:25.353+0000] {processor.py:753} INFO - DAG(s) dict_keys(['latest_only_with_trigger']) retrieved from /home/airflow/.local/lib/python3.7/site-packages/airflow/example_dags/example_latest_only_with_trigger.py
[2023-01-15T13:04:25.441+0000] {logging_mixin.py:137} INFO - [2023-01-15T13:04:25.440+0000] {dag.py:2676} INFO - Sync 1 DAGs
[2023-01-15T13:04:25.502+0000] {logging_mixin.py:137} INFO - [2023-01-15T13:04:25.502+0000] {dag.py:3427} INFO - Setting next_dagrun for latest_only_with_trigger to 2023-01-15T09:04:25.502021+00:00, run_after=2023-01-15T13:04:25.502021+00:00
[2023-01-15T13:04:25.550+0000] {processor.py:175} INFO - Processing /home/airflow/.local/lib/python3.7/site-packages/airflow/example_dags/example_latest_only_with_trigger.py took 0.247 seconds
[2023-01-15T13:04:55.859+0000] {processor.py:153} INFO - Started process (PID=654) to work on /home/airflow/.local/lib/python3.7/site-packages/airflow/example_dags/example_latest_only_with_trigger.py
[2023-01-15T13:04:55.869+0000] {processor.py:743} INFO - Processing file /home/airflow/.local/lib/python3.7/site-packages/airflow/example_dags/example_latest_only_with_trigger.py for tasks to queue
[2023-01-15T13:04:55.876+0000] {logging_mixin.py:137} INFO - [2023-01-15T13:04:55.876+0000] {dagbag.py:538} INFO - Filling up the DagBag from /home/airflow/.local/lib/python3.7/site-packages/airflow/example_dags/example_latest_only_with_trigger.py
[2023-01-15T13:04:55.947+0000] {processor.py:753} INFO - DAG(s) dict_keys(['latest_only_with_trigger']) retrieved from /home/airflow/.local/lib/python3.7/site-packages/airflow/example_dags/example_latest_only_with_trigger.py
[2023-01-15T13:04:56.050+0000] {logging_mixin.py:137} INFO - [2023-01-15T13:04:56.049+0000] {dag.py:2676} INFO - Sync 1 DAGs
[2023-01-15T13:04:56.105+0000] {logging_mixin.py:137} INFO - [2023-01-15T13:04:56.105+0000] {dag.py:3427} INFO - Setting next_dagrun for latest_only_with_trigger to 2023-01-15T09:04:56.104787+00:00, run_after=2023-01-15T13:04:56.104787+00:00
[2023-01-15T13:04:56.158+0000] {processor.py:175} INFO - Processing /home/airflow/.local/lib/python3.7/site-packages/airflow/example_dags/example_latest_only_with_trigger.py took 0.319 seconds
[2023-01-15T13:05:26.449+0000] {processor.py:153} INFO - Started process (PID=717) to work on /home/airflow/.local/lib/python3.7/site-packages/airflow/example_dags/example_latest_only_with_trigger.py
[2023-01-15T13:05:26.454+0000] {processor.py:743} INFO - Processing file /home/airflow/.local/lib/python3.7/site-packages/airflow/example_dags/example_latest_only_with_trigger.py for tasks to queue
[2023-01-15T13:05:26.456+0000] {logging_mixin.py:137} INFO - [2023-01-15T13:05:26.455+0000] {dagbag.py:538} INFO - Filling up the DagBag from /home/airflow/.local/lib/python3.7/site-packages/airflow/example_dags/example_latest_only_with_trigger.py
[2023-01-15T13:05:26.492+0000] {processor.py:753} INFO - DAG(s) dict_keys(['latest_only_with_trigger']) retrieved from /home/airflow/.local/lib/python3.7/site-packages/airflow/example_dags/example_latest_only_with_trigger.py
[2023-01-15T13:05:26.586+0000] {logging_mixin.py:137} INFO - [2023-01-15T13:05:26.586+0000] {dag.py:2676} INFO - Sync 1 DAGs
[2023-01-15T13:05:26.649+0000] {logging_mixin.py:137} INFO - [2023-01-15T13:05:26.645+0000] {dag.py:3427} INFO - Setting next_dagrun for latest_only_with_trigger to 2023-01-15T09:05:26.645493+00:00, run_after=2023-01-15T13:05:26.645493+00:00
[2023-01-15T13:05:26.711+0000] {processor.py:175} INFO - Processing /home/airflow/.local/lib/python3.7/site-packages/airflow/example_dags/example_latest_only_with_trigger.py took 0.270 seconds
[2023-01-15T13:05:57.100+0000] {processor.py:153} INFO - Started process (PID=771) to work on /home/airflow/.local/lib/python3.7/site-packages/airflow/example_dags/example_latest_only_with_trigger.py
[2023-01-15T13:05:57.103+0000] {processor.py:743} INFO - Processing file /home/airflow/.local/lib/python3.7/site-packages/airflow/example_dags/example_latest_only_with_trigger.py for tasks to queue
[2023-01-15T13:05:57.108+0000] {logging_mixin.py:137} INFO - [2023-01-15T13:05:57.108+0000] {dagbag.py:538} INFO - Filling up the DagBag from /home/airflow/.local/lib/python3.7/site-packages/airflow/example_dags/example_latest_only_with_trigger.py
[2023-01-15T13:05:57.191+0000] {processor.py:753} INFO - DAG(s) dict_keys(['latest_only_with_trigger']) retrieved from /home/airflow/.local/lib/python3.7/site-packages/airflow/example_dags/example_latest_only_with_trigger.py
[2023-01-15T13:05:57.404+0000] {logging_mixin.py:137} INFO - [2023-01-15T13:05:57.404+0000] {dag.py:2676} INFO - Sync 1 DAGs
[2023-01-15T13:05:57.599+0000] {logging_mixin.py:137} INFO - [2023-01-15T13:05:57.599+0000] {dag.py:3427} INFO - Setting next_dagrun for latest_only_with_trigger to 2023-01-15T09:05:57.599434+00:00, run_after=2023-01-15T13:05:57.599434+00:00
[2023-01-15T13:05:57.688+0000] {processor.py:175} INFO - Processing /home/airflow/.local/lib/python3.7/site-packages/airflow/example_dags/example_latest_only_with_trigger.py took 0.603 seconds
[2023-01-15T13:06:28.707+0000] {processor.py:153} INFO - Started process (PID=826) to work on /home/airflow/.local/lib/python3.7/site-packages/airflow/example_dags/example_latest_only_with_trigger.py
[2023-01-15T13:06:28.713+0000] {processor.py:743} INFO - Processing file /home/airflow/.local/lib/python3.7/site-packages/airflow/example_dags/example_latest_only_with_trigger.py for tasks to queue
[2023-01-15T13:06:28.714+0000] {logging_mixin.py:137} INFO - [2023-01-15T13:06:28.714+0000] {dagbag.py:538} INFO - Filling up the DagBag from /home/airflow/.local/lib/python3.7/site-packages/airflow/example_dags/example_latest_only_with_trigger.py
[2023-01-15T13:06:28.785+0000] {processor.py:753} INFO - DAG(s) dict_keys(['latest_only_with_trigger']) retrieved from /home/airflow/.local/lib/python3.7/site-packages/airflow/example_dags/example_latest_only_with_trigger.py
[2023-01-15T13:06:28.966+0000] {logging_mixin.py:137} INFO - [2023-01-15T13:06:28.966+0000] {dag.py:2676} INFO - Sync 1 DAGs
[2023-01-15T13:06:29.084+0000] {logging_mixin.py:137} INFO - [2023-01-15T13:06:29.084+0000] {dag.py:3427} INFO - Setting next_dagrun for latest_only_with_trigger to 2023-01-15T09:06:29.084313+00:00, run_after=2023-01-15T13:06:29.084313+00:00
[2023-01-15T13:06:29.173+0000] {processor.py:175} INFO - Processing /home/airflow/.local/lib/python3.7/site-packages/airflow/example_dags/example_latest_only_with_trigger.py took 0.495 seconds
[2023-01-15T13:07:07.235+0000] {processor.py:153} INFO - Started process (PID=893) to work on /home/airflow/.local/lib/python3.7/site-packages/airflow/example_dags/example_latest_only_with_trigger.py
[2023-01-15T13:07:07.241+0000] {processor.py:743} INFO - Processing file /home/airflow/.local/lib/python3.7/site-packages/airflow/example_dags/example_latest_only_with_trigger.py for tasks to queue
[2023-01-15T13:07:07.249+0000] {logging_mixin.py:137} INFO - [2023-01-15T13:07:07.249+0000] {dagbag.py:538} INFO - Filling up the DagBag from /home/airflow/.local/lib/python3.7/site-packages/airflow/example_dags/example_latest_only_with_trigger.py
[2023-01-15T13:07:07.352+0000] {processor.py:753} INFO - DAG(s) dict_keys(['latest_only_with_trigger']) retrieved from /home/airflow/.local/lib/python3.7/site-packages/airflow/example_dags/example_latest_only_with_trigger.py
[2023-01-15T13:07:07.609+0000] {logging_mixin.py:137} INFO - [2023-01-15T13:07:07.609+0000] {dag.py:2676} INFO - Sync 1 DAGs
[2023-01-15T13:07:07.726+0000] {logging_mixin.py:137} INFO - [2023-01-15T13:07:07.726+0000] {dag.py:3427} INFO - Setting next_dagrun for latest_only_with_trigger to 2023-01-15T09:07:07.725657+00:00, run_after=2023-01-15T13:07:07.725657+00:00
[2023-01-15T13:07:07.831+0000] {processor.py:175} INFO - Processing /home/airflow/.local/lib/python3.7/site-packages/airflow/example_dags/example_latest_only_with_trigger.py took 0.622 seconds
[2023-01-15T13:08:08.252+0000] {processor.py:153} INFO - Started process (PID=960) to work on /home/airflow/.local/lib/python3.7/site-packages/airflow/example_dags/example_latest_only_with_trigger.py
[2023-01-15T13:08:08.255+0000] {processor.py:743} INFO - Processing file /home/airflow/.local/lib/python3.7/site-packages/airflow/example_dags/example_latest_only_with_trigger.py for tasks to queue
[2023-01-15T13:08:08.264+0000] {logging_mixin.py:137} INFO - [2023-01-15T13:08:08.264+0000] {dagbag.py:538} INFO - Filling up the DagBag from /home/airflow/.local/lib/python3.7/site-packages/airflow/example_dags/example_latest_only_with_trigger.py
[2023-01-15T13:08:08.386+0000] {processor.py:753} INFO - DAG(s) dict_keys(['latest_only_with_trigger']) retrieved from /home/airflow/.local/lib/python3.7/site-packages/airflow/example_dags/example_latest_only_with_trigger.py
[2023-01-15T13:08:08.607+0000] {logging_mixin.py:137} INFO - [2023-01-15T13:08:08.607+0000] {dag.py:2676} INFO - Sync 1 DAGs
[2023-01-15T13:08:08.749+0000] {logging_mixin.py:137} INFO - [2023-01-15T13:08:08.749+0000] {dag.py:3427} INFO - Setting next_dagrun for latest_only_with_trigger to 2023-01-15T09:08:08.748613+00:00, run_after=2023-01-15T13:08:08.748613+00:00
[2023-01-15T13:08:08.877+0000] {processor.py:175} INFO - Processing /home/airflow/.local/lib/python3.7/site-packages/airflow/example_dags/example_latest_only_with_trigger.py took 0.661 seconds
[2023-01-15T13:08:39.265+0000] {processor.py:153} INFO - Started process (PID=1009) to work on /home/airflow/.local/lib/python3.7/site-packages/airflow/example_dags/example_latest_only_with_trigger.py
[2023-01-15T13:08:39.278+0000] {processor.py:743} INFO - Processing file /home/airflow/.local/lib/python3.7/site-packages/airflow/example_dags/example_latest_only_with_trigger.py for tasks to queue
[2023-01-15T13:08:39.285+0000] {logging_mixin.py:137} INFO - [2023-01-15T13:08:39.285+0000] {dagbag.py:538} INFO - Filling up the DagBag from /home/airflow/.local/lib/python3.7/site-packages/airflow/example_dags/example_latest_only_with_trigger.py
[2023-01-15T13:08:39.504+0000] {processor.py:753} INFO - DAG(s) dict_keys(['latest_only_with_trigger']) retrieved from /home/airflow/.local/lib/python3.7/site-packages/airflow/example_dags/example_latest_only_with_trigger.py
[2023-01-15T13:08:40.026+0000] {logging_mixin.py:137} INFO - [2023-01-15T13:08:40.026+0000] {dag.py:2676} INFO - Sync 1 DAGs
[2023-01-15T13:08:40.339+0000] {logging_mixin.py:137} INFO - [2023-01-15T13:08:40.338+0000] {dag.py:3427} INFO - Setting next_dagrun for latest_only_with_trigger to 2023-01-15T09:08:40.338434+00:00, run_after=2023-01-15T13:08:40.338434+00:00
[2023-01-15T13:08:40.565+0000] {processor.py:175} INFO - Processing /home/airflow/.local/lib/python3.7/site-packages/airflow/example_dags/example_latest_only_with_trigger.py took 1.362 seconds
[2023-01-15T13:09:18.412+0000] {processor.py:153} INFO - Started process (PID=1065) to work on /home/airflow/.local/lib/python3.7/site-packages/airflow/example_dags/example_latest_only_with_trigger.py
[2023-01-15T13:09:18.432+0000] {processor.py:743} INFO - Processing file /home/airflow/.local/lib/python3.7/site-packages/airflow/example_dags/example_latest_only_with_trigger.py for tasks to queue
[2023-01-15T13:09:18.436+0000] {logging_mixin.py:137} INFO - [2023-01-15T13:09:18.436+0000] {dagbag.py:538} INFO - Filling up the DagBag from /home/airflow/.local/lib/python3.7/site-packages/airflow/example_dags/example_latest_only_with_trigger.py
[2023-01-15T13:09:18.775+0000] {processor.py:753} INFO - DAG(s) dict_keys(['latest_only_with_trigger']) retrieved from /home/airflow/.local/lib/python3.7/site-packages/airflow/example_dags/example_latest_only_with_trigger.py
[2023-01-15T13:09:19.501+0000] {logging_mixin.py:137} INFO - [2023-01-15T13:09:19.501+0000] {dag.py:2676} INFO - Sync 1 DAGs
[2023-01-15T13:09:20.169+0000] {logging_mixin.py:137} INFO - [2023-01-15T13:09:20.169+0000] {dag.py:3427} INFO - Setting next_dagrun for latest_only_with_trigger to 2023-01-15T09:09:20.158404+00:00, run_after=2023-01-15T13:09:20.158404+00:00
[2023-01-15T13:09:20.493+0000] {processor.py:175} INFO - Processing /home/airflow/.local/lib/python3.7/site-packages/airflow/example_dags/example_latest_only_with_trigger.py took 2.137 seconds
[2023-01-15T13:09:51.415+0000] {processor.py:153} INFO - Started process (PID=1121) to work on /home/airflow/.local/lib/python3.7/site-packages/airflow/example_dags/example_latest_only_with_trigger.py
[2023-01-15T13:09:51.417+0000] {processor.py:743} INFO - Processing file /home/airflow/.local/lib/python3.7/site-packages/airflow/example_dags/example_latest_only_with_trigger.py for tasks to queue
[2023-01-15T13:09:51.420+0000] {logging_mixin.py:137} INFO - [2023-01-15T13:09:51.419+0000] {dagbag.py:538} INFO - Filling up the DagBag from /home/airflow/.local/lib/python3.7/site-packages/airflow/example_dags/example_latest_only_with_trigger.py
[2023-01-15T13:09:51.464+0000] {processor.py:753} INFO - DAG(s) dict_keys(['latest_only_with_trigger']) retrieved from /home/airflow/.local/lib/python3.7/site-packages/airflow/example_dags/example_latest_only_with_trigger.py
[2023-01-15T13:09:51.582+0000] {logging_mixin.py:137} INFO - [2023-01-15T13:09:51.582+0000] {dag.py:2676} INFO - Sync 1 DAGs
[2023-01-15T13:09:51.698+0000] {logging_mixin.py:137} INFO - [2023-01-15T13:09:51.696+0000] {dag.py:3427} INFO - Setting next_dagrun for latest_only_with_trigger to 2023-01-15T09:09:51.695520+00:00, run_after=2023-01-15T13:09:51.695520+00:00
[2023-01-15T13:09:51.953+0000] {processor.py:175} INFO - Processing /home/airflow/.local/lib/python3.7/site-packages/airflow/example_dags/example_latest_only_with_trigger.py took 0.543 seconds
[2023-01-15T13:10:25.145+0000] {processor.py:153} INFO - Started process (PID=1177) to work on /home/airflow/.local/lib/python3.7/site-packages/airflow/example_dags/example_latest_only_with_trigger.py
[2023-01-15T13:10:25.186+0000] {processor.py:743} INFO - Processing file /home/airflow/.local/lib/python3.7/site-packages/airflow/example_dags/example_latest_only_with_trigger.py for tasks to queue
[2023-01-15T13:10:25.200+0000] {logging_mixin.py:137} INFO - [2023-01-15T13:10:25.193+0000] {dagbag.py:538} INFO - Filling up the DagBag from /home/airflow/.local/lib/python3.7/site-packages/airflow/example_dags/example_latest_only_with_trigger.py
[2023-01-15T13:10:25.429+0000] {processor.py:753} INFO - DAG(s) dict_keys(['latest_only_with_trigger']) retrieved from /home/airflow/.local/lib/python3.7/site-packages/airflow/example_dags/example_latest_only_with_trigger.py
[2023-01-15T13:10:25.991+0000] {logging_mixin.py:137} INFO - [2023-01-15T13:10:25.991+0000] {dag.py:2676} INFO - Sync 1 DAGs
[2023-01-15T13:10:26.169+0000] {logging_mixin.py:137} INFO - [2023-01-15T13:10:26.168+0000] {dag.py:3427} INFO - Setting next_dagrun for latest_only_with_trigger to 2023-01-15T09:10:26.168278+00:00, run_after=2023-01-15T13:10:26.168278+00:00
[2023-01-15T13:10:26.275+0000] {processor.py:175} INFO - Processing /home/airflow/.local/lib/python3.7/site-packages/airflow/example_dags/example_latest_only_with_trigger.py took 1.156 seconds
[2023-01-15T13:10:56.671+0000] {processor.py:153} INFO - Started process (PID=1224) to work on /home/airflow/.local/lib/python3.7/site-packages/airflow/example_dags/example_latest_only_with_trigger.py
[2023-01-15T13:10:56.678+0000] {processor.py:743} INFO - Processing file /home/airflow/.local/lib/python3.7/site-packages/airflow/example_dags/example_latest_only_with_trigger.py for tasks to queue
[2023-01-15T13:10:56.686+0000] {logging_mixin.py:137} INFO - [2023-01-15T13:10:56.686+0000] {dagbag.py:538} INFO - Filling up the DagBag from /home/airflow/.local/lib/python3.7/site-packages/airflow/example_dags/example_latest_only_with_trigger.py
[2023-01-15T13:10:56.821+0000] {processor.py:753} INFO - DAG(s) dict_keys(['latest_only_with_trigger']) retrieved from /home/airflow/.local/lib/python3.7/site-packages/airflow/example_dags/example_latest_only_with_trigger.py
[2023-01-15T13:10:57.282+0000] {logging_mixin.py:137} INFO - [2023-01-15T13:10:57.276+0000] {dag.py:2676} INFO - Sync 1 DAGs
[2023-01-15T13:10:57.564+0000] {logging_mixin.py:137} INFO - [2023-01-15T13:10:57.564+0000] {dag.py:3427} INFO - Setting next_dagrun for latest_only_with_trigger to 2023-01-15T09:10:57.555572+00:00, run_after=2023-01-15T13:10:57.555572+00:00
[2023-01-15T13:10:57.757+0000] {processor.py:175} INFO - Processing /home/airflow/.local/lib/python3.7/site-packages/airflow/example_dags/example_latest_only_with_trigger.py took 1.123 seconds
[2023-01-15T13:11:43.482+0000] {processor.py:153} INFO - Started process (PID=1287) to work on /home/airflow/.local/lib/python3.7/site-packages/airflow/example_dags/example_latest_only_with_trigger.py
[2023-01-15T13:11:43.490+0000] {processor.py:743} INFO - Processing file /home/airflow/.local/lib/python3.7/site-packages/airflow/example_dags/example_latest_only_with_trigger.py for tasks to queue
[2023-01-15T13:11:43.494+0000] {logging_mixin.py:137} INFO - [2023-01-15T13:11:43.493+0000] {dagbag.py:538} INFO - Filling up the DagBag from /home/airflow/.local/lib/python3.7/site-packages/airflow/example_dags/example_latest_only_with_trigger.py
[2023-01-15T13:11:43.624+0000] {processor.py:753} INFO - DAG(s) dict_keys(['latest_only_with_trigger']) retrieved from /home/airflow/.local/lib/python3.7/site-packages/airflow/example_dags/example_latest_only_with_trigger.py
[2023-01-15T13:11:44.177+0000] {logging_mixin.py:137} INFO - [2023-01-15T13:11:44.169+0000] {dag.py:2676} INFO - Sync 1 DAGs
[2023-01-15T13:11:44.547+0000] {logging_mixin.py:137} INFO - [2023-01-15T13:11:44.547+0000] {dag.py:3427} INFO - Setting next_dagrun for latest_only_with_trigger to 2023-01-15T09:11:44.543793+00:00, run_after=2023-01-15T13:11:44.543793+00:00
[2023-01-15T13:11:44.765+0000] {processor.py:175} INFO - Processing /home/airflow/.local/lib/python3.7/site-packages/airflow/example_dags/example_latest_only_with_trigger.py took 1.302 seconds
[2023-01-15T13:12:39.683+0000] {processor.py:153} INFO - Started process (PID=1349) to work on /home/airflow/.local/lib/python3.7/site-packages/airflow/example_dags/example_latest_only_with_trigger.py
[2023-01-15T13:12:39.705+0000] {processor.py:743} INFO - Processing file /home/airflow/.local/lib/python3.7/site-packages/airflow/example_dags/example_latest_only_with_trigger.py for tasks to queue
[2023-01-15T13:12:39.719+0000] {logging_mixin.py:137} INFO - [2023-01-15T13:12:39.719+0000] {dagbag.py:538} INFO - Filling up the DagBag from /home/airflow/.local/lib/python3.7/site-packages/airflow/example_dags/example_latest_only_with_trigger.py
[2023-01-15T13:12:39.946+0000] {processor.py:753} INFO - DAG(s) dict_keys(['latest_only_with_trigger']) retrieved from /home/airflow/.local/lib/python3.7/site-packages/airflow/example_dags/example_latest_only_with_trigger.py
[2023-01-15T13:12:40.400+0000] {logging_mixin.py:137} INFO - [2023-01-15T13:12:40.400+0000] {dag.py:2676} INFO - Sync 1 DAGs
[2023-01-15T13:12:40.758+0000] {logging_mixin.py:137} INFO - [2023-01-15T13:12:40.758+0000] {dag.py:3427} INFO - Setting next_dagrun for latest_only_with_trigger to 2023-01-15T09:12:40.757842+00:00, run_after=2023-01-15T13:12:40.757842+00:00
[2023-01-15T13:12:40.969+0000] {processor.py:175} INFO - Processing /home/airflow/.local/lib/python3.7/site-packages/airflow/example_dags/example_latest_only_with_trigger.py took 1.352 seconds
[2023-01-15T13:13:27.363+0000] {processor.py:153} INFO - Started process (PID=1415) to work on /home/airflow/.local/lib/python3.7/site-packages/airflow/example_dags/example_latest_only_with_trigger.py
[2023-01-15T13:13:27.374+0000] {processor.py:743} INFO - Processing file /home/airflow/.local/lib/python3.7/site-packages/airflow/example_dags/example_latest_only_with_trigger.py for tasks to queue
[2023-01-15T13:13:27.382+0000] {logging_mixin.py:137} INFO - [2023-01-15T13:13:27.382+0000] {dagbag.py:538} INFO - Filling up the DagBag from /home/airflow/.local/lib/python3.7/site-packages/airflow/example_dags/example_latest_only_with_trigger.py
[2023-01-15T13:13:27.617+0000] {processor.py:753} INFO - DAG(s) dict_keys(['latest_only_with_trigger']) retrieved from /home/airflow/.local/lib/python3.7/site-packages/airflow/example_dags/example_latest_only_with_trigger.py
[2023-01-15T13:13:28.211+0000] {logging_mixin.py:137} INFO - [2023-01-15T13:13:28.211+0000] {dag.py:2676} INFO - Sync 1 DAGs
[2023-01-15T13:13:28.712+0000] {logging_mixin.py:137} INFO - [2023-01-15T13:13:28.712+0000] {dag.py:3427} INFO - Setting next_dagrun for latest_only_with_trigger to 2023-01-15T09:13:28.699893+00:00, run_after=2023-01-15T13:13:28.699893+00:00
[2023-01-15T13:13:29.208+0000] {processor.py:175} INFO - Processing /home/airflow/.local/lib/python3.7/site-packages/airflow/example_dags/example_latest_only_with_trigger.py took 1.893 seconds
[2023-01-15T13:13:59.533+0000] {processor.py:153} INFO - Started process (PID=1464) to work on /home/airflow/.local/lib/python3.7/site-packages/airflow/example_dags/example_latest_only_with_trigger.py
[2023-01-15T13:13:59.551+0000] {processor.py:743} INFO - Processing file /home/airflow/.local/lib/python3.7/site-packages/airflow/example_dags/example_latest_only_with_trigger.py for tasks to queue
[2023-01-15T13:13:59.554+0000] {logging_mixin.py:137} INFO - [2023-01-15T13:13:59.554+0000] {dagbag.py:538} INFO - Filling up the DagBag from /home/airflow/.local/lib/python3.7/site-packages/airflow/example_dags/example_latest_only_with_trigger.py
[2023-01-15T13:13:59.673+0000] {processor.py:753} INFO - DAG(s) dict_keys(['latest_only_with_trigger']) retrieved from /home/airflow/.local/lib/python3.7/site-packages/airflow/example_dags/example_latest_only_with_trigger.py
[2023-01-15T13:13:59.897+0000] {logging_mixin.py:137} INFO - [2023-01-15T13:13:59.894+0000] {dag.py:2676} INFO - Sync 1 DAGs
[2023-01-15T13:14:00.171+0000] {logging_mixin.py:137} INFO - [2023-01-15T13:14:00.170+0000] {dag.py:3427} INFO - Setting next_dagrun for latest_only_with_trigger to 2023-01-15T09:14:00.153302+00:00, run_after=2023-01-15T13:14:00.153302+00:00
[2023-01-15T13:14:00.313+0000] {processor.py:175} INFO - Processing /home/airflow/.local/lib/python3.7/site-packages/airflow/example_dags/example_latest_only_with_trigger.py took 0.817 seconds
[2023-01-15T13:14:30.777+0000] {processor.py:153} INFO - Started process (PID=1520) to work on /home/airflow/.local/lib/python3.7/site-packages/airflow/example_dags/example_latest_only_with_trigger.py
[2023-01-15T13:14:30.784+0000] {processor.py:743} INFO - Processing file /home/airflow/.local/lib/python3.7/site-packages/airflow/example_dags/example_latest_only_with_trigger.py for tasks to queue
[2023-01-15T13:14:30.792+0000] {logging_mixin.py:137} INFO - [2023-01-15T13:14:30.792+0000] {dagbag.py:538} INFO - Filling up the DagBag from /home/airflow/.local/lib/python3.7/site-packages/airflow/example_dags/example_latest_only_with_trigger.py
[2023-01-15T13:14:30.932+0000] {processor.py:753} INFO - DAG(s) dict_keys(['latest_only_with_trigger']) retrieved from /home/airflow/.local/lib/python3.7/site-packages/airflow/example_dags/example_latest_only_with_trigger.py
[2023-01-15T13:14:31.225+0000] {logging_mixin.py:137} INFO - [2023-01-15T13:14:31.225+0000] {dag.py:2676} INFO - Sync 1 DAGs
[2023-01-15T13:14:31.659+0000] {logging_mixin.py:137} INFO - [2023-01-15T13:14:31.659+0000] {dag.py:3427} INFO - Setting next_dagrun for latest_only_with_trigger to 2023-01-15T09:14:31.658717+00:00, run_after=2023-01-15T13:14:31.658717+00:00
[2023-01-15T13:14:31.857+0000] {processor.py:175} INFO - Processing /home/airflow/.local/lib/python3.7/site-packages/airflow/example_dags/example_latest_only_with_trigger.py took 1.115 seconds
[2023-01-15T13:15:02.192+0000] {processor.py:153} INFO - Started process (PID=1573) to work on /home/airflow/.local/lib/python3.7/site-packages/airflow/example_dags/example_latest_only_with_trigger.py
[2023-01-15T13:15:02.208+0000] {processor.py:743} INFO - Processing file /home/airflow/.local/lib/python3.7/site-packages/airflow/example_dags/example_latest_only_with_trigger.py for tasks to queue
[2023-01-15T13:15:02.210+0000] {logging_mixin.py:137} INFO - [2023-01-15T13:15:02.210+0000] {dagbag.py:538} INFO - Filling up the DagBag from /home/airflow/.local/lib/python3.7/site-packages/airflow/example_dags/example_latest_only_with_trigger.py
[2023-01-15T13:15:02.292+0000] {processor.py:753} INFO - DAG(s) dict_keys(['latest_only_with_trigger']) retrieved from /home/airflow/.local/lib/python3.7/site-packages/airflow/example_dags/example_latest_only_with_trigger.py
[2023-01-15T13:15:02.508+0000] {logging_mixin.py:137} INFO - [2023-01-15T13:15:02.507+0000] {dag.py:2676} INFO - Sync 1 DAGs
[2023-01-15T13:15:02.996+0000] {logging_mixin.py:137} INFO - [2023-01-15T13:15:02.996+0000] {dag.py:3427} INFO - Setting next_dagrun for latest_only_with_trigger to 2023-01-15T09:15:02.995922+00:00, run_after=2023-01-15T13:15:02.995922+00:00
[2023-01-15T13:15:03.632+0000] {processor.py:175} INFO - Processing /home/airflow/.local/lib/python3.7/site-packages/airflow/example_dags/example_latest_only_with_trigger.py took 1.469 seconds
[2023-01-15T13:15:34.185+0000] {processor.py:153} INFO - Started process (PID=1622) to work on /home/airflow/.local/lib/python3.7/site-packages/airflow/example_dags/example_latest_only_with_trigger.py
[2023-01-15T13:15:34.202+0000] {processor.py:743} INFO - Processing file /home/airflow/.local/lib/python3.7/site-packages/airflow/example_dags/example_latest_only_with_trigger.py for tasks to queue
[2023-01-15T13:15:34.204+0000] {logging_mixin.py:137} INFO - [2023-01-15T13:15:34.204+0000] {dagbag.py:538} INFO - Filling up the DagBag from /home/airflow/.local/lib/python3.7/site-packages/airflow/example_dags/example_latest_only_with_trigger.py
[2023-01-15T13:15:34.339+0000] {processor.py:753} INFO - DAG(s) dict_keys(['latest_only_with_trigger']) retrieved from /home/airflow/.local/lib/python3.7/site-packages/airflow/example_dags/example_latest_only_with_trigger.py
[2023-01-15T13:15:35.344+0000] {logging_mixin.py:137} INFO - [2023-01-15T13:15:35.344+0000] {dag.py:2676} INFO - Sync 1 DAGs
[2023-01-15T13:15:35.634+0000] {logging_mixin.py:137} INFO - [2023-01-15T13:15:35.634+0000] {dag.py:3427} INFO - Setting next_dagrun for latest_only_with_trigger to 2023-01-15T09:15:35.625540+00:00, run_after=2023-01-15T13:15:35.625540+00:00
[2023-01-15T13:15:35.868+0000] {processor.py:175} INFO - Processing /home/airflow/.local/lib/python3.7/site-packages/airflow/example_dags/example_latest_only_with_trigger.py took 1.711 seconds
[2023-01-15T13:43:55.471+0000] {processor.py:153} INFO - Started process (PID=92) to work on /home/airflow/.local/lib/python3.7/site-packages/airflow/example_dags/example_latest_only_with_trigger.py
[2023-01-15T13:43:55.477+0000] {processor.py:743} INFO - Processing file /home/airflow/.local/lib/python3.7/site-packages/airflow/example_dags/example_latest_only_with_trigger.py for tasks to queue
[2023-01-15T13:43:55.479+0000] {logging_mixin.py:137} INFO - [2023-01-15T13:43:55.479+0000] {dagbag.py:538} INFO - Filling up the DagBag from /home/airflow/.local/lib/python3.7/site-packages/airflow/example_dags/example_latest_only_with_trigger.py
[2023-01-15T13:43:55.544+0000] {processor.py:753} INFO - DAG(s) dict_keys(['latest_only_with_trigger']) retrieved from /home/airflow/.local/lib/python3.7/site-packages/airflow/example_dags/example_latest_only_with_trigger.py
[2023-01-15T13:43:55.731+0000] {logging_mixin.py:137} INFO - [2023-01-15T13:43:55.724+0000] {dag.py:2676} INFO - Sync 1 DAGs
[2023-01-15T13:43:56.024+0000] {logging_mixin.py:137} INFO - [2023-01-15T13:43:56.023+0000] {dag.py:3427} INFO - Setting next_dagrun for latest_only_with_trigger to 2023-01-15T09:43:56.023372+00:00, run_after=2023-01-15T13:43:56.023372+00:00
[2023-01-15T13:43:56.175+0000] {processor.py:175} INFO - Processing /home/airflow/.local/lib/python3.7/site-packages/airflow/example_dags/example_latest_only_with_trigger.py took 0.722 seconds
[2023-01-15T13:45:33.585+0000] {processor.py:153} INFO - Started process (PID=175) to work on /home/airflow/.local/lib/python3.7/site-packages/airflow/example_dags/example_latest_only_with_trigger.py
[2023-01-15T13:45:33.612+0000] {processor.py:743} INFO - Processing file /home/airflow/.local/lib/python3.7/site-packages/airflow/example_dags/example_latest_only_with_trigger.py for tasks to queue
[2023-01-15T13:45:33.614+0000] {logging_mixin.py:137} INFO - [2023-01-15T13:45:33.614+0000] {dagbag.py:538} INFO - Filling up the DagBag from /home/airflow/.local/lib/python3.7/site-packages/airflow/example_dags/example_latest_only_with_trigger.py
[2023-01-15T13:45:33.749+0000] {processor.py:753} INFO - DAG(s) dict_keys(['latest_only_with_trigger']) retrieved from /home/airflow/.local/lib/python3.7/site-packages/airflow/example_dags/example_latest_only_with_trigger.py
[2023-01-15T13:45:34.061+0000] {logging_mixin.py:137} INFO - [2023-01-15T13:45:34.061+0000] {dag.py:2676} INFO - Sync 1 DAGs
[2023-01-15T13:45:34.269+0000] {logging_mixin.py:137} INFO - [2023-01-15T13:45:34.268+0000] {dag.py:3427} INFO - Setting next_dagrun for latest_only_with_trigger to 2023-01-15T09:45:34.264518+00:00, run_after=2023-01-15T13:45:34.264518+00:00
[2023-01-15T13:45:34.423+0000] {processor.py:175} INFO - Processing /home/airflow/.local/lib/python3.7/site-packages/airflow/example_dags/example_latest_only_with_trigger.py took 0.873 seconds
[2023-01-15T13:46:13.848+0000] {processor.py:153} INFO - Started process (PID=236) to work on /home/airflow/.local/lib/python3.7/site-packages/airflow/example_dags/example_latest_only_with_trigger.py
[2023-01-15T13:46:13.850+0000] {processor.py:743} INFO - Processing file /home/airflow/.local/lib/python3.7/site-packages/airflow/example_dags/example_latest_only_with_trigger.py for tasks to queue
[2023-01-15T13:46:13.855+0000] {logging_mixin.py:137} INFO - [2023-01-15T13:46:13.854+0000] {dagbag.py:538} INFO - Filling up the DagBag from /home/airflow/.local/lib/python3.7/site-packages/airflow/example_dags/example_latest_only_with_trigger.py
[2023-01-15T13:46:13.920+0000] {processor.py:753} INFO - DAG(s) dict_keys(['latest_only_with_trigger']) retrieved from /home/airflow/.local/lib/python3.7/site-packages/airflow/example_dags/example_latest_only_with_trigger.py
[2023-01-15T13:46:14.088+0000] {logging_mixin.py:137} INFO - [2023-01-15T13:46:14.088+0000] {dag.py:2676} INFO - Sync 1 DAGs
[2023-01-15T13:46:14.180+0000] {logging_mixin.py:137} INFO - [2023-01-15T13:46:14.180+0000] {dag.py:3427} INFO - Setting next_dagrun for latest_only_with_trigger to 2023-01-15T09:46:14.179961+00:00, run_after=2023-01-15T13:46:14.179961+00:00
[2023-01-15T13:46:14.255+0000] {processor.py:175} INFO - Processing /home/airflow/.local/lib/python3.7/site-packages/airflow/example_dags/example_latest_only_with_trigger.py took 0.423 seconds
[2023-01-15T13:46:45.098+0000] {processor.py:153} INFO - Started process (PID=292) to work on /home/airflow/.local/lib/python3.7/site-packages/airflow/example_dags/example_latest_only_with_trigger.py
[2023-01-15T13:46:45.105+0000] {processor.py:743} INFO - Processing file /home/airflow/.local/lib/python3.7/site-packages/airflow/example_dags/example_latest_only_with_trigger.py for tasks to queue
[2023-01-15T13:46:45.110+0000] {logging_mixin.py:137} INFO - [2023-01-15T13:46:45.110+0000] {dagbag.py:538} INFO - Filling up the DagBag from /home/airflow/.local/lib/python3.7/site-packages/airflow/example_dags/example_latest_only_with_trigger.py
[2023-01-15T13:46:45.167+0000] {processor.py:753} INFO - DAG(s) dict_keys(['latest_only_with_trigger']) retrieved from /home/airflow/.local/lib/python3.7/site-packages/airflow/example_dags/example_latest_only_with_trigger.py
[2023-01-15T13:46:45.314+0000] {logging_mixin.py:137} INFO - [2023-01-15T13:46:45.314+0000] {dag.py:2676} INFO - Sync 1 DAGs
[2023-01-15T13:46:45.420+0000] {logging_mixin.py:137} INFO - [2023-01-15T13:46:45.420+0000] {dag.py:3427} INFO - Setting next_dagrun for latest_only_with_trigger to 2023-01-15T09:46:45.420217+00:00, run_after=2023-01-15T13:46:45.420217+00:00
[2023-01-15T13:46:45.504+0000] {processor.py:175} INFO - Processing /home/airflow/.local/lib/python3.7/site-packages/airflow/example_dags/example_latest_only_with_trigger.py took 0.415 seconds
[2023-01-15T13:47:18.978+0000] {processor.py:153} INFO - Started process (PID=349) to work on /home/airflow/.local/lib/python3.7/site-packages/airflow/example_dags/example_latest_only_with_trigger.py
[2023-01-15T13:47:18.988+0000] {processor.py:743} INFO - Processing file /home/airflow/.local/lib/python3.7/site-packages/airflow/example_dags/example_latest_only_with_trigger.py for tasks to queue
[2023-01-15T13:47:18.990+0000] {logging_mixin.py:137} INFO - [2023-01-15T13:47:18.990+0000] {dagbag.py:538} INFO - Filling up the DagBag from /home/airflow/.local/lib/python3.7/site-packages/airflow/example_dags/example_latest_only_with_trigger.py
[2023-01-15T13:47:19.052+0000] {processor.py:753} INFO - DAG(s) dict_keys(['latest_only_with_trigger']) retrieved from /home/airflow/.local/lib/python3.7/site-packages/airflow/example_dags/example_latest_only_with_trigger.py
[2023-01-15T13:47:19.201+0000] {logging_mixin.py:137} INFO - [2023-01-15T13:47:19.201+0000] {dag.py:2676} INFO - Sync 1 DAGs
[2023-01-15T13:47:19.299+0000] {logging_mixin.py:137} INFO - [2023-01-15T13:47:19.299+0000] {dag.py:3427} INFO - Setting next_dagrun for latest_only_with_trigger to 2023-01-15T09:47:19.298820+00:00, run_after=2023-01-15T13:47:19.298820+00:00
[2023-01-15T13:47:19.364+0000] {processor.py:175} INFO - Processing /home/airflow/.local/lib/python3.7/site-packages/airflow/example_dags/example_latest_only_with_trigger.py took 0.405 seconds
[2023-01-15T13:47:50.387+0000] {processor.py:153} INFO - Started process (PID=404) to work on /home/airflow/.local/lib/python3.7/site-packages/airflow/example_dags/example_latest_only_with_trigger.py
[2023-01-15T13:47:50.390+0000] {processor.py:743} INFO - Processing file /home/airflow/.local/lib/python3.7/site-packages/airflow/example_dags/example_latest_only_with_trigger.py for tasks to queue
[2023-01-15T13:47:50.396+0000] {logging_mixin.py:137} INFO - [2023-01-15T13:47:50.396+0000] {dagbag.py:538} INFO - Filling up the DagBag from /home/airflow/.local/lib/python3.7/site-packages/airflow/example_dags/example_latest_only_with_trigger.py
[2023-01-15T13:47:50.493+0000] {processor.py:753} INFO - DAG(s) dict_keys(['latest_only_with_trigger']) retrieved from /home/airflow/.local/lib/python3.7/site-packages/airflow/example_dags/example_latest_only_with_trigger.py
[2023-01-15T13:47:50.780+0000] {logging_mixin.py:137} INFO - [2023-01-15T13:47:50.780+0000] {dag.py:2676} INFO - Sync 1 DAGs
[2023-01-15T13:47:50.984+0000] {logging_mixin.py:137} INFO - [2023-01-15T13:47:50.984+0000] {dag.py:3427} INFO - Setting next_dagrun for latest_only_with_trigger to 2023-01-15T09:47:50.977667+00:00, run_after=2023-01-15T13:47:50.977667+00:00
[2023-01-15T13:47:51.119+0000] {processor.py:175} INFO - Processing /home/airflow/.local/lib/python3.7/site-packages/airflow/example_dags/example_latest_only_with_trigger.py took 0.742 seconds
[2023-01-15T13:48:21.489+0000] {processor.py:153} INFO - Started process (PID=452) to work on /home/airflow/.local/lib/python3.7/site-packages/airflow/example_dags/example_latest_only_with_trigger.py
[2023-01-15T13:48:21.492+0000] {processor.py:743} INFO - Processing file /home/airflow/.local/lib/python3.7/site-packages/airflow/example_dags/example_latest_only_with_trigger.py for tasks to queue
[2023-01-15T13:48:21.494+0000] {logging_mixin.py:137} INFO - [2023-01-15T13:48:21.494+0000] {dagbag.py:538} INFO - Filling up the DagBag from /home/airflow/.local/lib/python3.7/site-packages/airflow/example_dags/example_latest_only_with_trigger.py
[2023-01-15T13:48:21.529+0000] {processor.py:753} INFO - DAG(s) dict_keys(['latest_only_with_trigger']) retrieved from /home/airflow/.local/lib/python3.7/site-packages/airflow/example_dags/example_latest_only_with_trigger.py
[2023-01-15T13:48:21.628+0000] {logging_mixin.py:137} INFO - [2023-01-15T13:48:21.628+0000] {dag.py:2676} INFO - Sync 1 DAGs
[2023-01-15T13:48:21.702+0000] {logging_mixin.py:137} INFO - [2023-01-15T13:48:21.702+0000] {dag.py:3427} INFO - Setting next_dagrun for latest_only_with_trigger to 2023-01-15T09:48:21.702362+00:00, run_after=2023-01-15T13:48:21.702362+00:00
[2023-01-15T13:48:21.765+0000] {processor.py:175} INFO - Processing /home/airflow/.local/lib/python3.7/site-packages/airflow/example_dags/example_latest_only_with_trigger.py took 0.284 seconds
[2023-01-15T13:48:52.217+0000] {processor.py:153} INFO - Started process (PID=506) to work on /home/airflow/.local/lib/python3.7/site-packages/airflow/example_dags/example_latest_only_with_trigger.py
[2023-01-15T13:48:52.228+0000] {processor.py:743} INFO - Processing file /home/airflow/.local/lib/python3.7/site-packages/airflow/example_dags/example_latest_only_with_trigger.py for tasks to queue
[2023-01-15T13:48:52.233+0000] {logging_mixin.py:137} INFO - [2023-01-15T13:48:52.232+0000] {dagbag.py:538} INFO - Filling up the DagBag from /home/airflow/.local/lib/python3.7/site-packages/airflow/example_dags/example_latest_only_with_trigger.py
[2023-01-15T13:48:52.348+0000] {processor.py:753} INFO - DAG(s) dict_keys(['latest_only_with_trigger']) retrieved from /home/airflow/.local/lib/python3.7/site-packages/airflow/example_dags/example_latest_only_with_trigger.py
[2023-01-15T13:48:52.581+0000] {logging_mixin.py:137} INFO - [2023-01-15T13:48:52.581+0000] {dag.py:2676} INFO - Sync 1 DAGs
[2023-01-15T13:48:52.785+0000] {logging_mixin.py:137} INFO - [2023-01-15T13:48:52.785+0000] {dag.py:3427} INFO - Setting next_dagrun for latest_only_with_trigger to 2023-01-15T09:48:52.785151+00:00, run_after=2023-01-15T13:48:52.785151+00:00
[2023-01-15T13:48:52.872+0000] {processor.py:175} INFO - Processing /home/airflow/.local/lib/python3.7/site-packages/airflow/example_dags/example_latest_only_with_trigger.py took 0.684 seconds
[2023-01-15T13:49:23.411+0000] {processor.py:153} INFO - Started process (PID=568) to work on /home/airflow/.local/lib/python3.7/site-packages/airflow/example_dags/example_latest_only_with_trigger.py
[2023-01-15T13:49:23.426+0000] {processor.py:743} INFO - Processing file /home/airflow/.local/lib/python3.7/site-packages/airflow/example_dags/example_latest_only_with_trigger.py for tasks to queue
[2023-01-15T13:49:23.443+0000] {logging_mixin.py:137} INFO - [2023-01-15T13:49:23.443+0000] {dagbag.py:538} INFO - Filling up the DagBag from /home/airflow/.local/lib/python3.7/site-packages/airflow/example_dags/example_latest_only_with_trigger.py
[2023-01-15T13:49:23.598+0000] {processor.py:753} INFO - DAG(s) dict_keys(['latest_only_with_trigger']) retrieved from /home/airflow/.local/lib/python3.7/site-packages/airflow/example_dags/example_latest_only_with_trigger.py
[2023-01-15T13:49:23.908+0000] {logging_mixin.py:137} INFO - [2023-01-15T13:49:23.908+0000] {dag.py:2676} INFO - Sync 1 DAGs
[2023-01-15T13:49:24.126+0000] {logging_mixin.py:137} INFO - [2023-01-15T13:49:24.126+0000] {dag.py:3427} INFO - Setting next_dagrun for latest_only_with_trigger to 2023-01-15T09:49:24.126110+00:00, run_after=2023-01-15T13:49:24.126110+00:00
[2023-01-15T13:49:24.315+0000] {processor.py:175} INFO - Processing /home/airflow/.local/lib/python3.7/site-packages/airflow/example_dags/example_latest_only_with_trigger.py took 0.945 seconds
[2023-01-15T13:49:56.349+0000] {processor.py:153} INFO - Started process (PID=625) to work on /home/airflow/.local/lib/python3.7/site-packages/airflow/example_dags/example_latest_only_with_trigger.py
[2023-01-15T13:49:56.362+0000] {processor.py:743} INFO - Processing file /home/airflow/.local/lib/python3.7/site-packages/airflow/example_dags/example_latest_only_with_trigger.py for tasks to queue
[2023-01-15T13:49:56.372+0000] {logging_mixin.py:137} INFO - [2023-01-15T13:49:56.372+0000] {dagbag.py:538} INFO - Filling up the DagBag from /home/airflow/.local/lib/python3.7/site-packages/airflow/example_dags/example_latest_only_with_trigger.py
[2023-01-15T13:49:56.506+0000] {processor.py:753} INFO - DAG(s) dict_keys(['latest_only_with_trigger']) retrieved from /home/airflow/.local/lib/python3.7/site-packages/airflow/example_dags/example_latest_only_with_trigger.py
[2023-01-15T13:49:56.887+0000] {logging_mixin.py:137} INFO - [2023-01-15T13:49:56.887+0000] {dag.py:2676} INFO - Sync 1 DAGs
[2023-01-15T13:49:57.154+0000] {logging_mixin.py:137} INFO - [2023-01-15T13:49:57.154+0000] {dag.py:3427} INFO - Setting next_dagrun for latest_only_with_trigger to 2023-01-15T09:49:57.147828+00:00, run_after=2023-01-15T13:49:57.147828+00:00
[2023-01-15T13:49:57.297+0000] {processor.py:175} INFO - Processing /home/airflow/.local/lib/python3.7/site-packages/airflow/example_dags/example_latest_only_with_trigger.py took 0.980 seconds
[2023-01-15T13:50:28.134+0000] {processor.py:153} INFO - Started process (PID=674) to work on /home/airflow/.local/lib/python3.7/site-packages/airflow/example_dags/example_latest_only_with_trigger.py
[2023-01-15T13:50:28.143+0000] {processor.py:743} INFO - Processing file /home/airflow/.local/lib/python3.7/site-packages/airflow/example_dags/example_latest_only_with_trigger.py for tasks to queue
[2023-01-15T13:50:28.148+0000] {logging_mixin.py:137} INFO - [2023-01-15T13:50:28.148+0000] {dagbag.py:538} INFO - Filling up the DagBag from /home/airflow/.local/lib/python3.7/site-packages/airflow/example_dags/example_latest_only_with_trigger.py
[2023-01-15T13:50:28.220+0000] {processor.py:753} INFO - DAG(s) dict_keys(['latest_only_with_trigger']) retrieved from /home/airflow/.local/lib/python3.7/site-packages/airflow/example_dags/example_latest_only_with_trigger.py
[2023-01-15T13:50:28.314+0000] {logging_mixin.py:137} INFO - [2023-01-15T13:50:28.314+0000] {dag.py:2676} INFO - Sync 1 DAGs
[2023-01-15T13:50:28.379+0000] {logging_mixin.py:137} INFO - [2023-01-15T13:50:28.379+0000] {dag.py:3427} INFO - Setting next_dagrun for latest_only_with_trigger to 2023-01-15T09:50:28.379059+00:00, run_after=2023-01-15T13:50:28.379059+00:00
[2023-01-15T13:50:28.431+0000] {processor.py:175} INFO - Processing /home/airflow/.local/lib/python3.7/site-packages/airflow/example_dags/example_latest_only_with_trigger.py took 0.340 seconds
[2023-01-15T13:50:59.264+0000] {processor.py:153} INFO - Started process (PID=737) to work on /home/airflow/.local/lib/python3.7/site-packages/airflow/example_dags/example_latest_only_with_trigger.py
[2023-01-15T13:50:59.281+0000] {processor.py:743} INFO - Processing file /home/airflow/.local/lib/python3.7/site-packages/airflow/example_dags/example_latest_only_with_trigger.py for tasks to queue
[2023-01-15T13:50:59.288+0000] {logging_mixin.py:137} INFO - [2023-01-15T13:50:59.287+0000] {dagbag.py:538} INFO - Filling up the DagBag from /home/airflow/.local/lib/python3.7/site-packages/airflow/example_dags/example_latest_only_with_trigger.py
[2023-01-15T13:50:59.357+0000] {processor.py:753} INFO - DAG(s) dict_keys(['latest_only_with_trigger']) retrieved from /home/airflow/.local/lib/python3.7/site-packages/airflow/example_dags/example_latest_only_with_trigger.py
[2023-01-15T13:50:59.552+0000] {logging_mixin.py:137} INFO - [2023-01-15T13:50:59.552+0000] {dag.py:2676} INFO - Sync 1 DAGs
[2023-01-15T13:50:59.695+0000] {logging_mixin.py:137} INFO - [2023-01-15T13:50:59.684+0000] {dag.py:3427} INFO - Setting next_dagrun for latest_only_with_trigger to 2023-01-15T09:50:59.684164+00:00, run_after=2023-01-15T13:50:59.684164+00:00
[2023-01-15T13:50:59.828+0000] {processor.py:175} INFO - Processing /home/airflow/.local/lib/python3.7/site-packages/airflow/example_dags/example_latest_only_with_trigger.py took 0.585 seconds
[2023-01-15T13:51:33.088+0000] {processor.py:153} INFO - Started process (PID=793) to work on /home/airflow/.local/lib/python3.7/site-packages/airflow/example_dags/example_latest_only_with_trigger.py
[2023-01-15T13:51:33.097+0000] {processor.py:743} INFO - Processing file /home/airflow/.local/lib/python3.7/site-packages/airflow/example_dags/example_latest_only_with_trigger.py for tasks to queue
[2023-01-15T13:51:33.113+0000] {logging_mixin.py:137} INFO - [2023-01-15T13:51:33.103+0000] {dagbag.py:538} INFO - Filling up the DagBag from /home/airflow/.local/lib/python3.7/site-packages/airflow/example_dags/example_latest_only_with_trigger.py
[2023-01-15T13:51:33.376+0000] {processor.py:753} INFO - DAG(s) dict_keys(['latest_only_with_trigger']) retrieved from /home/airflow/.local/lib/python3.7/site-packages/airflow/example_dags/example_latest_only_with_trigger.py
[2023-01-15T13:51:33.956+0000] {logging_mixin.py:137} INFO - [2023-01-15T13:51:33.956+0000] {dag.py:2676} INFO - Sync 1 DAGs
[2023-01-15T13:51:34.341+0000] {logging_mixin.py:137} INFO - [2023-01-15T13:51:34.341+0000] {dag.py:3427} INFO - Setting next_dagrun for latest_only_with_trigger to 2023-01-15T09:51:34.340929+00:00, run_after=2023-01-15T13:51:34.340929+00:00
[2023-01-15T13:51:34.584+0000] {processor.py:175} INFO - Processing /home/airflow/.local/lib/python3.7/site-packages/airflow/example_dags/example_latest_only_with_trigger.py took 1.545 seconds
[2023-01-15T13:52:04.962+0000] {processor.py:153} INFO - Started process (PID=842) to work on /home/airflow/.local/lib/python3.7/site-packages/airflow/example_dags/example_latest_only_with_trigger.py
[2023-01-15T13:52:04.970+0000] {processor.py:743} INFO - Processing file /home/airflow/.local/lib/python3.7/site-packages/airflow/example_dags/example_latest_only_with_trigger.py for tasks to queue
[2023-01-15T13:52:04.974+0000] {logging_mixin.py:137} INFO - [2023-01-15T13:52:04.974+0000] {dagbag.py:538} INFO - Filling up the DagBag from /home/airflow/.local/lib/python3.7/site-packages/airflow/example_dags/example_latest_only_with_trigger.py
[2023-01-15T13:52:05.044+0000] {processor.py:753} INFO - DAG(s) dict_keys(['latest_only_with_trigger']) retrieved from /home/airflow/.local/lib/python3.7/site-packages/airflow/example_dags/example_latest_only_with_trigger.py
[2023-01-15T13:52:05.198+0000] {logging_mixin.py:137} INFO - [2023-01-15T13:52:05.198+0000] {dag.py:2676} INFO - Sync 1 DAGs
[2023-01-15T13:52:05.302+0000] {logging_mixin.py:137} INFO - [2023-01-15T13:52:05.301+0000] {dag.py:3427} INFO - Setting next_dagrun for latest_only_with_trigger to 2023-01-15T09:52:05.301605+00:00, run_after=2023-01-15T13:52:05.301605+00:00
[2023-01-15T13:52:05.371+0000] {processor.py:175} INFO - Processing /home/airflow/.local/lib/python3.7/site-packages/airflow/example_dags/example_latest_only_with_trigger.py took 0.422 seconds
[2023-01-15T13:52:35.926+0000] {processor.py:153} INFO - Started process (PID=898) to work on /home/airflow/.local/lib/python3.7/site-packages/airflow/example_dags/example_latest_only_with_trigger.py
[2023-01-15T13:52:35.929+0000] {processor.py:743} INFO - Processing file /home/airflow/.local/lib/python3.7/site-packages/airflow/example_dags/example_latest_only_with_trigger.py for tasks to queue
[2023-01-15T13:52:35.935+0000] {logging_mixin.py:137} INFO - [2023-01-15T13:52:35.935+0000] {dagbag.py:538} INFO - Filling up the DagBag from /home/airflow/.local/lib/python3.7/site-packages/airflow/example_dags/example_latest_only_with_trigger.py
[2023-01-15T13:52:36.046+0000] {processor.py:753} INFO - DAG(s) dict_keys(['latest_only_with_trigger']) retrieved from /home/airflow/.local/lib/python3.7/site-packages/airflow/example_dags/example_latest_only_with_trigger.py
[2023-01-15T13:52:36.217+0000] {logging_mixin.py:137} INFO - [2023-01-15T13:52:36.217+0000] {dag.py:2676} INFO - Sync 1 DAGs
[2023-01-15T13:52:36.339+0000] {logging_mixin.py:137} INFO - [2023-01-15T13:52:36.339+0000] {dag.py:3427} INFO - Setting next_dagrun for latest_only_with_trigger to 2023-01-15T09:52:36.339321+00:00, run_after=2023-01-15T13:52:36.339321+00:00
[2023-01-15T13:52:36.428+0000] {processor.py:175} INFO - Processing /home/airflow/.local/lib/python3.7/site-packages/airflow/example_dags/example_latest_only_with_trigger.py took 0.521 seconds
