[2023-01-15T12:59:27.560+0000] {processor.py:153} INFO - Started process (PID=74) to work on /home/airflow/.local/lib/python3.7/site-packages/airflow/example_dags/example_branch_operator_decorator.py
[2023-01-15T12:59:27.594+0000] {processor.py:743} INFO - Processing file /home/airflow/.local/lib/python3.7/site-packages/airflow/example_dags/example_branch_operator_decorator.py for tasks to queue
[2023-01-15T12:59:27.604+0000] {logging_mixin.py:137} INFO - [2023-01-15T12:59:27.604+0000] {dagbag.py:538} INFO - Filling up the DagBag from /home/airflow/.local/lib/python3.7/site-packages/airflow/example_dags/example_branch_operator_decorator.py
[2023-01-15T12:59:28.149+0000] {processor.py:753} INFO - DAG(s) dict_keys(['example_branch_python_operator_decorator']) retrieved from /home/airflow/.local/lib/python3.7/site-packages/airflow/example_dags/example_branch_operator_decorator.py
[2023-01-15T12:59:30.328+0000] {logging_mixin.py:137} INFO - [2023-01-15T12:59:30.328+0000] {manager.py:504} INFO - Created Permission View: can read on DAG:example_branch_python_operator_decorator
[2023-01-15T12:59:30.418+0000] {logging_mixin.py:137} INFO - [2023-01-15T12:59:30.418+0000] {manager.py:504} INFO - Created Permission View: can edit on DAG:example_branch_python_operator_decorator
[2023-01-15T12:59:30.477+0000] {logging_mixin.py:137} INFO - [2023-01-15T12:59:30.477+0000] {manager.py:504} INFO - Created Permission View: can delete on DAG:example_branch_python_operator_decorator
[2023-01-15T12:59:30.479+0000] {logging_mixin.py:137} INFO - [2023-01-15T12:59:30.479+0000] {dag.py:2676} INFO - Sync 1 DAGs
[2023-01-15T12:59:30.659+0000] {logging_mixin.py:137} INFO - [2023-01-15T12:59:30.631+0000] {dag.py:2697} INFO - Creating ORM DAG for example_branch_python_operator_decorator
[2023-01-15T12:59:30.863+0000] {logging_mixin.py:137} INFO - [2023-01-15T12:59:30.863+0000] {dag.py:3427} INFO - Setting next_dagrun for example_branch_python_operator_decorator to 2023-01-14T00:00:00+00:00, run_after=2023-01-15T00:00:00+00:00
[2023-01-15T12:59:31.071+0000] {processor.py:175} INFO - Processing /home/airflow/.local/lib/python3.7/site-packages/airflow/example_dags/example_branch_operator_decorator.py took 3.576 seconds
[2023-01-15T13:00:02.097+0000] {processor.py:153} INFO - Started process (PID=121) to work on /home/airflow/.local/lib/python3.7/site-packages/airflow/example_dags/example_branch_operator_decorator.py
[2023-01-15T13:00:02.107+0000] {processor.py:743} INFO - Processing file /home/airflow/.local/lib/python3.7/site-packages/airflow/example_dags/example_branch_operator_decorator.py for tasks to queue
[2023-01-15T13:00:02.115+0000] {logging_mixin.py:137} INFO - [2023-01-15T13:00:02.115+0000] {dagbag.py:538} INFO - Filling up the DagBag from /home/airflow/.local/lib/python3.7/site-packages/airflow/example_dags/example_branch_operator_decorator.py
[2023-01-15T13:00:02.347+0000] {processor.py:753} INFO - DAG(s) dict_keys(['example_branch_python_operator_decorator']) retrieved from /home/airflow/.local/lib/python3.7/site-packages/airflow/example_dags/example_branch_operator_decorator.py
[2023-01-15T13:00:02.593+0000] {logging_mixin.py:137} INFO - [2023-01-15T13:00:02.593+0000] {dag.py:2676} INFO - Sync 1 DAGs
[2023-01-15T13:00:02.972+0000] {logging_mixin.py:137} INFO - [2023-01-15T13:00:02.972+0000] {dag.py:3427} INFO - Setting next_dagrun for example_branch_python_operator_decorator to 2023-01-14T00:00:00+00:00, run_after=2023-01-15T00:00:00+00:00
[2023-01-15T13:00:03.254+0000] {processor.py:175} INFO - Processing /home/airflow/.local/lib/python3.7/site-packages/airflow/example_dags/example_branch_operator_decorator.py took 1.246 seconds
[2023-01-15T13:00:33.477+0000] {processor.py:153} INFO - Started process (PID=177) to work on /home/airflow/.local/lib/python3.7/site-packages/airflow/example_dags/example_branch_operator_decorator.py
[2023-01-15T13:00:33.486+0000] {processor.py:743} INFO - Processing file /home/airflow/.local/lib/python3.7/site-packages/airflow/example_dags/example_branch_operator_decorator.py for tasks to queue
[2023-01-15T13:00:33.487+0000] {logging_mixin.py:137} INFO - [2023-01-15T13:00:33.487+0000] {dagbag.py:538} INFO - Filling up the DagBag from /home/airflow/.local/lib/python3.7/site-packages/airflow/example_dags/example_branch_operator_decorator.py
[2023-01-15T13:00:33.557+0000] {processor.py:753} INFO - DAG(s) dict_keys(['example_branch_python_operator_decorator']) retrieved from /home/airflow/.local/lib/python3.7/site-packages/airflow/example_dags/example_branch_operator_decorator.py
[2023-01-15T13:00:33.678+0000] {logging_mixin.py:137} INFO - [2023-01-15T13:00:33.677+0000] {dag.py:2676} INFO - Sync 1 DAGs
[2023-01-15T13:00:33.773+0000] {logging_mixin.py:137} INFO - [2023-01-15T13:00:33.773+0000] {dag.py:3427} INFO - Setting next_dagrun for example_branch_python_operator_decorator to 2023-01-14T00:00:00+00:00, run_after=2023-01-15T00:00:00+00:00
[2023-01-15T13:00:33.863+0000] {processor.py:175} INFO - Processing /home/airflow/.local/lib/python3.7/site-packages/airflow/example_dags/example_branch_operator_decorator.py took 0.393 seconds
[2023-01-15T13:01:04.071+0000] {processor.py:153} INFO - Started process (PID=242) to work on /home/airflow/.local/lib/python3.7/site-packages/airflow/example_dags/example_branch_operator_decorator.py
[2023-01-15T13:01:04.078+0000] {processor.py:743} INFO - Processing file /home/airflow/.local/lib/python3.7/site-packages/airflow/example_dags/example_branch_operator_decorator.py for tasks to queue
[2023-01-15T13:01:04.080+0000] {logging_mixin.py:137} INFO - [2023-01-15T13:01:04.079+0000] {dagbag.py:538} INFO - Filling up the DagBag from /home/airflow/.local/lib/python3.7/site-packages/airflow/example_dags/example_branch_operator_decorator.py
[2023-01-15T13:01:04.159+0000] {processor.py:753} INFO - DAG(s) dict_keys(['example_branch_python_operator_decorator']) retrieved from /home/airflow/.local/lib/python3.7/site-packages/airflow/example_dags/example_branch_operator_decorator.py
[2023-01-15T13:01:04.253+0000] {logging_mixin.py:137} INFO - [2023-01-15T13:01:04.253+0000] {dag.py:2676} INFO - Sync 1 DAGs
[2023-01-15T13:01:04.312+0000] {logging_mixin.py:137} INFO - [2023-01-15T13:01:04.312+0000] {dag.py:3427} INFO - Setting next_dagrun for example_branch_python_operator_decorator to 2023-01-14T00:00:00+00:00, run_after=2023-01-15T00:00:00+00:00
[2023-01-15T13:01:04.375+0000] {processor.py:175} INFO - Processing /home/airflow/.local/lib/python3.7/site-packages/airflow/example_dags/example_branch_operator_decorator.py took 0.318 seconds
[2023-01-15T13:01:34.679+0000] {processor.py:153} INFO - Started process (PID=296) to work on /home/airflow/.local/lib/python3.7/site-packages/airflow/example_dags/example_branch_operator_decorator.py
[2023-01-15T13:01:34.689+0000] {processor.py:743} INFO - Processing file /home/airflow/.local/lib/python3.7/site-packages/airflow/example_dags/example_branch_operator_decorator.py for tasks to queue
[2023-01-15T13:01:34.691+0000] {logging_mixin.py:137} INFO - [2023-01-15T13:01:34.691+0000] {dagbag.py:538} INFO - Filling up the DagBag from /home/airflow/.local/lib/python3.7/site-packages/airflow/example_dags/example_branch_operator_decorator.py
[2023-01-15T13:01:34.759+0000] {processor.py:753} INFO - DAG(s) dict_keys(['example_branch_python_operator_decorator']) retrieved from /home/airflow/.local/lib/python3.7/site-packages/airflow/example_dags/example_branch_operator_decorator.py
[2023-01-15T13:01:34.866+0000] {logging_mixin.py:137} INFO - [2023-01-15T13:01:34.866+0000] {dag.py:2676} INFO - Sync 1 DAGs
[2023-01-15T13:01:34.924+0000] {logging_mixin.py:137} INFO - [2023-01-15T13:01:34.924+0000] {dag.py:3427} INFO - Setting next_dagrun for example_branch_python_operator_decorator to 2023-01-14T00:00:00+00:00, run_after=2023-01-15T00:00:00+00:00
[2023-01-15T13:01:34.968+0000] {processor.py:175} INFO - Processing /home/airflow/.local/lib/python3.7/site-packages/airflow/example_dags/example_branch_operator_decorator.py took 0.299 seconds
[2023-01-15T13:02:05.131+0000] {processor.py:153} INFO - Started process (PID=352) to work on /home/airflow/.local/lib/python3.7/site-packages/airflow/example_dags/example_branch_operator_decorator.py
[2023-01-15T13:02:05.144+0000] {processor.py:743} INFO - Processing file /home/airflow/.local/lib/python3.7/site-packages/airflow/example_dags/example_branch_operator_decorator.py for tasks to queue
[2023-01-15T13:02:05.147+0000] {logging_mixin.py:137} INFO - [2023-01-15T13:02:05.146+0000] {dagbag.py:538} INFO - Filling up the DagBag from /home/airflow/.local/lib/python3.7/site-packages/airflow/example_dags/example_branch_operator_decorator.py
[2023-01-15T13:02:05.272+0000] {processor.py:753} INFO - DAG(s) dict_keys(['example_branch_python_operator_decorator']) retrieved from /home/airflow/.local/lib/python3.7/site-packages/airflow/example_dags/example_branch_operator_decorator.py
[2023-01-15T13:02:05.457+0000] {logging_mixin.py:137} INFO - [2023-01-15T13:02:05.456+0000] {dag.py:2676} INFO - Sync 1 DAGs
[2023-01-15T13:02:05.611+0000] {logging_mixin.py:137} INFO - [2023-01-15T13:02:05.608+0000] {dag.py:3427} INFO - Setting next_dagrun for example_branch_python_operator_decorator to 2023-01-14T00:00:00+00:00, run_after=2023-01-15T00:00:00+00:00
[2023-01-15T13:02:05.732+0000] {processor.py:175} INFO - Processing /home/airflow/.local/lib/python3.7/site-packages/airflow/example_dags/example_branch_operator_decorator.py took 0.618 seconds
[2023-01-15T13:02:35.979+0000] {processor.py:153} INFO - Started process (PID=406) to work on /home/airflow/.local/lib/python3.7/site-packages/airflow/example_dags/example_branch_operator_decorator.py
[2023-01-15T13:02:35.992+0000] {processor.py:743} INFO - Processing file /home/airflow/.local/lib/python3.7/site-packages/airflow/example_dags/example_branch_operator_decorator.py for tasks to queue
[2023-01-15T13:02:35.997+0000] {logging_mixin.py:137} INFO - [2023-01-15T13:02:35.997+0000] {dagbag.py:538} INFO - Filling up the DagBag from /home/airflow/.local/lib/python3.7/site-packages/airflow/example_dags/example_branch_operator_decorator.py
[2023-01-15T13:02:36.204+0000] {processor.py:753} INFO - DAG(s) dict_keys(['example_branch_python_operator_decorator']) retrieved from /home/airflow/.local/lib/python3.7/site-packages/airflow/example_dags/example_branch_operator_decorator.py
[2023-01-15T13:02:36.570+0000] {logging_mixin.py:137} INFO - [2023-01-15T13:02:36.570+0000] {dag.py:2676} INFO - Sync 1 DAGs
[2023-01-15T13:02:36.766+0000] {logging_mixin.py:137} INFO - [2023-01-15T13:02:36.766+0000] {dag.py:3427} INFO - Setting next_dagrun for example_branch_python_operator_decorator to 2023-01-14T00:00:00+00:00, run_after=2023-01-15T00:00:00+00:00
[2023-01-15T13:02:36.938+0000] {processor.py:175} INFO - Processing /home/airflow/.local/lib/python3.7/site-packages/airflow/example_dags/example_branch_operator_decorator.py took 0.979 seconds
[2023-01-15T13:03:07.293+0000] {processor.py:153} INFO - Started process (PID=453) to work on /home/airflow/.local/lib/python3.7/site-packages/airflow/example_dags/example_branch_operator_decorator.py
[2023-01-15T13:03:07.302+0000] {processor.py:743} INFO - Processing file /home/airflow/.local/lib/python3.7/site-packages/airflow/example_dags/example_branch_operator_decorator.py for tasks to queue
[2023-01-15T13:03:07.306+0000] {logging_mixin.py:137} INFO - [2023-01-15T13:03:07.306+0000] {dagbag.py:538} INFO - Filling up the DagBag from /home/airflow/.local/lib/python3.7/site-packages/airflow/example_dags/example_branch_operator_decorator.py
[2023-01-15T13:03:07.488+0000] {processor.py:753} INFO - DAG(s) dict_keys(['example_branch_python_operator_decorator']) retrieved from /home/airflow/.local/lib/python3.7/site-packages/airflow/example_dags/example_branch_operator_decorator.py
[2023-01-15T13:03:07.823+0000] {logging_mixin.py:137} INFO - [2023-01-15T13:03:07.822+0000] {dag.py:2676} INFO - Sync 1 DAGs
[2023-01-15T13:03:08.014+0000] {logging_mixin.py:137} INFO - [2023-01-15T13:03:08.005+0000] {dag.py:3427} INFO - Setting next_dagrun for example_branch_python_operator_decorator to 2023-01-14T00:00:00+00:00, run_after=2023-01-15T00:00:00+00:00
[2023-01-15T13:03:08.148+0000] {processor.py:175} INFO - Processing /home/airflow/.local/lib/python3.7/site-packages/airflow/example_dags/example_branch_operator_decorator.py took 0.896 seconds
[2023-01-15T13:03:39.103+0000] {processor.py:153} INFO - Started process (PID=518) to work on /home/airflow/.local/lib/python3.7/site-packages/airflow/example_dags/example_branch_operator_decorator.py
[2023-01-15T13:03:39.107+0000] {processor.py:743} INFO - Processing file /home/airflow/.local/lib/python3.7/site-packages/airflow/example_dags/example_branch_operator_decorator.py for tasks to queue
[2023-01-15T13:03:39.115+0000] {logging_mixin.py:137} INFO - [2023-01-15T13:03:39.112+0000] {dagbag.py:538} INFO - Filling up the DagBag from /home/airflow/.local/lib/python3.7/site-packages/airflow/example_dags/example_branch_operator_decorator.py
[2023-01-15T13:03:39.214+0000] {processor.py:753} INFO - DAG(s) dict_keys(['example_branch_python_operator_decorator']) retrieved from /home/airflow/.local/lib/python3.7/site-packages/airflow/example_dags/example_branch_operator_decorator.py
[2023-01-15T13:03:39.352+0000] {logging_mixin.py:137} INFO - [2023-01-15T13:03:39.352+0000] {dag.py:2676} INFO - Sync 1 DAGs
[2023-01-15T13:03:39.440+0000] {logging_mixin.py:137} INFO - [2023-01-15T13:03:39.440+0000] {dag.py:3427} INFO - Setting next_dagrun for example_branch_python_operator_decorator to 2023-01-14T00:00:00+00:00, run_after=2023-01-15T00:00:00+00:00
[2023-01-15T13:03:39.505+0000] {processor.py:175} INFO - Processing /home/airflow/.local/lib/python3.7/site-packages/airflow/example_dags/example_branch_operator_decorator.py took 0.419 seconds
[2023-01-15T13:04:09.793+0000] {processor.py:153} INFO - Started process (PID=574) to work on /home/airflow/.local/lib/python3.7/site-packages/airflow/example_dags/example_branch_operator_decorator.py
[2023-01-15T13:04:09.801+0000] {processor.py:743} INFO - Processing file /home/airflow/.local/lib/python3.7/site-packages/airflow/example_dags/example_branch_operator_decorator.py for tasks to queue
[2023-01-15T13:04:09.804+0000] {logging_mixin.py:137} INFO - [2023-01-15T13:04:09.804+0000] {dagbag.py:538} INFO - Filling up the DagBag from /home/airflow/.local/lib/python3.7/site-packages/airflow/example_dags/example_branch_operator_decorator.py
[2023-01-15T13:04:09.865+0000] {processor.py:753} INFO - DAG(s) dict_keys(['example_branch_python_operator_decorator']) retrieved from /home/airflow/.local/lib/python3.7/site-packages/airflow/example_dags/example_branch_operator_decorator.py
[2023-01-15T13:04:09.961+0000] {logging_mixin.py:137} INFO - [2023-01-15T13:04:09.960+0000] {dag.py:2676} INFO - Sync 1 DAGs
[2023-01-15T13:04:10.019+0000] {logging_mixin.py:137} INFO - [2023-01-15T13:04:10.018+0000] {dag.py:3427} INFO - Setting next_dagrun for example_branch_python_operator_decorator to 2023-01-14T00:00:00+00:00, run_after=2023-01-15T00:00:00+00:00
[2023-01-15T13:04:10.084+0000] {processor.py:175} INFO - Processing /home/airflow/.local/lib/python3.7/site-packages/airflow/example_dags/example_branch_operator_decorator.py took 0.299 seconds
[2023-01-15T13:04:40.770+0000] {processor.py:153} INFO - Started process (PID=629) to work on /home/airflow/.local/lib/python3.7/site-packages/airflow/example_dags/example_branch_operator_decorator.py
[2023-01-15T13:04:40.778+0000] {processor.py:743} INFO - Processing file /home/airflow/.local/lib/python3.7/site-packages/airflow/example_dags/example_branch_operator_decorator.py for tasks to queue
[2023-01-15T13:04:40.782+0000] {logging_mixin.py:137} INFO - [2023-01-15T13:04:40.782+0000] {dagbag.py:538} INFO - Filling up the DagBag from /home/airflow/.local/lib/python3.7/site-packages/airflow/example_dags/example_branch_operator_decorator.py
[2023-01-15T13:04:40.885+0000] {processor.py:753} INFO - DAG(s) dict_keys(['example_branch_python_operator_decorator']) retrieved from /home/airflow/.local/lib/python3.7/site-packages/airflow/example_dags/example_branch_operator_decorator.py
[2023-01-15T13:04:41.195+0000] {logging_mixin.py:137} INFO - [2023-01-15T13:04:41.194+0000] {dag.py:2676} INFO - Sync 1 DAGs
[2023-01-15T13:04:41.307+0000] {logging_mixin.py:137} INFO - [2023-01-15T13:04:41.307+0000] {dag.py:3427} INFO - Setting next_dagrun for example_branch_python_operator_decorator to 2023-01-14T00:00:00+00:00, run_after=2023-01-15T00:00:00+00:00
[2023-01-15T13:04:41.492+0000] {processor.py:175} INFO - Processing /home/airflow/.local/lib/python3.7/site-packages/airflow/example_dags/example_branch_operator_decorator.py took 0.754 seconds
[2023-01-15T13:05:12.190+0000] {processor.py:153} INFO - Started process (PID=691) to work on /home/airflow/.local/lib/python3.7/site-packages/airflow/example_dags/example_branch_operator_decorator.py
[2023-01-15T13:05:12.192+0000] {processor.py:743} INFO - Processing file /home/airflow/.local/lib/python3.7/site-packages/airflow/example_dags/example_branch_operator_decorator.py for tasks to queue
[2023-01-15T13:05:12.199+0000] {logging_mixin.py:137} INFO - [2023-01-15T13:05:12.199+0000] {dagbag.py:538} INFO - Filling up the DagBag from /home/airflow/.local/lib/python3.7/site-packages/airflow/example_dags/example_branch_operator_decorator.py
[2023-01-15T13:05:12.312+0000] {processor.py:753} INFO - DAG(s) dict_keys(['example_branch_python_operator_decorator']) retrieved from /home/airflow/.local/lib/python3.7/site-packages/airflow/example_dags/example_branch_operator_decorator.py
[2023-01-15T13:05:12.479+0000] {logging_mixin.py:137} INFO - [2023-01-15T13:05:12.479+0000] {dag.py:2676} INFO - Sync 1 DAGs
[2023-01-15T13:05:12.572+0000] {logging_mixin.py:137} INFO - [2023-01-15T13:05:12.572+0000] {dag.py:3427} INFO - Setting next_dagrun for example_branch_python_operator_decorator to 2023-01-14T00:00:00+00:00, run_after=2023-01-15T00:00:00+00:00
[2023-01-15T13:05:12.635+0000] {processor.py:175} INFO - Processing /home/airflow/.local/lib/python3.7/site-packages/airflow/example_dags/example_branch_operator_decorator.py took 0.459 seconds
[2023-01-15T13:05:43.021+0000] {processor.py:153} INFO - Started process (PID=747) to work on /home/airflow/.local/lib/python3.7/site-packages/airflow/example_dags/example_branch_operator_decorator.py
[2023-01-15T13:05:43.025+0000] {processor.py:743} INFO - Processing file /home/airflow/.local/lib/python3.7/site-packages/airflow/example_dags/example_branch_operator_decorator.py for tasks to queue
[2023-01-15T13:05:43.033+0000] {logging_mixin.py:137} INFO - [2023-01-15T13:05:43.033+0000] {dagbag.py:538} INFO - Filling up the DagBag from /home/airflow/.local/lib/python3.7/site-packages/airflow/example_dags/example_branch_operator_decorator.py
[2023-01-15T13:05:43.098+0000] {processor.py:753} INFO - DAG(s) dict_keys(['example_branch_python_operator_decorator']) retrieved from /home/airflow/.local/lib/python3.7/site-packages/airflow/example_dags/example_branch_operator_decorator.py
[2023-01-15T13:05:43.189+0000] {logging_mixin.py:137} INFO - [2023-01-15T13:05:43.189+0000] {dag.py:2676} INFO - Sync 1 DAGs
[2023-01-15T13:05:43.253+0000] {logging_mixin.py:137} INFO - [2023-01-15T13:05:43.252+0000] {dag.py:3427} INFO - Setting next_dagrun for example_branch_python_operator_decorator to 2023-01-14T00:00:00+00:00, run_after=2023-01-15T00:00:00+00:00
[2023-01-15T13:05:43.306+0000] {processor.py:175} INFO - Processing /home/airflow/.local/lib/python3.7/site-packages/airflow/example_dags/example_branch_operator_decorator.py took 0.292 seconds
[2023-01-15T13:06:14.150+0000] {processor.py:153} INFO - Started process (PID=801) to work on /home/airflow/.local/lib/python3.7/site-packages/airflow/example_dags/example_branch_operator_decorator.py
[2023-01-15T13:06:14.157+0000] {processor.py:743} INFO - Processing file /home/airflow/.local/lib/python3.7/site-packages/airflow/example_dags/example_branch_operator_decorator.py for tasks to queue
[2023-01-15T13:06:14.164+0000] {logging_mixin.py:137} INFO - [2023-01-15T13:06:14.164+0000] {dagbag.py:538} INFO - Filling up the DagBag from /home/airflow/.local/lib/python3.7/site-packages/airflow/example_dags/example_branch_operator_decorator.py
[2023-01-15T13:06:14.301+0000] {processor.py:753} INFO - DAG(s) dict_keys(['example_branch_python_operator_decorator']) retrieved from /home/airflow/.local/lib/python3.7/site-packages/airflow/example_dags/example_branch_operator_decorator.py
[2023-01-15T13:06:14.490+0000] {logging_mixin.py:137} INFO - [2023-01-15T13:06:14.489+0000] {dag.py:2676} INFO - Sync 1 DAGs
[2023-01-15T13:06:14.625+0000] {logging_mixin.py:137} INFO - [2023-01-15T13:06:14.625+0000] {dag.py:3427} INFO - Setting next_dagrun for example_branch_python_operator_decorator to 2023-01-14T00:00:00+00:00, run_after=2023-01-15T00:00:00+00:00
[2023-01-15T13:06:14.772+0000] {processor.py:175} INFO - Processing /home/airflow/.local/lib/python3.7/site-packages/airflow/example_dags/example_branch_operator_decorator.py took 0.645 seconds
[2023-01-15T13:06:45.303+0000] {processor.py:153} INFO - Started process (PID=856) to work on /home/airflow/.local/lib/python3.7/site-packages/airflow/example_dags/example_branch_operator_decorator.py
[2023-01-15T13:06:45.313+0000] {processor.py:743} INFO - Processing file /home/airflow/.local/lib/python3.7/site-packages/airflow/example_dags/example_branch_operator_decorator.py for tasks to queue
[2023-01-15T13:06:45.315+0000] {logging_mixin.py:137} INFO - [2023-01-15T13:06:45.315+0000] {dagbag.py:538} INFO - Filling up the DagBag from /home/airflow/.local/lib/python3.7/site-packages/airflow/example_dags/example_branch_operator_decorator.py
[2023-01-15T13:06:45.383+0000] {processor.py:753} INFO - DAG(s) dict_keys(['example_branch_python_operator_decorator']) retrieved from /home/airflow/.local/lib/python3.7/site-packages/airflow/example_dags/example_branch_operator_decorator.py
[2023-01-15T13:06:45.484+0000] {logging_mixin.py:137} INFO - [2023-01-15T13:06:45.483+0000] {dag.py:2676} INFO - Sync 1 DAGs
[2023-01-15T13:06:45.586+0000] {logging_mixin.py:137} INFO - [2023-01-15T13:06:45.586+0000] {dag.py:3427} INFO - Setting next_dagrun for example_branch_python_operator_decorator to 2023-01-14T00:00:00+00:00, run_after=2023-01-15T00:00:00+00:00
[2023-01-15T13:06:45.715+0000] {processor.py:175} INFO - Processing /home/airflow/.local/lib/python3.7/site-packages/airflow/example_dags/example_branch_operator_decorator.py took 0.423 seconds
[2023-01-15T13:07:43.310+0000] {processor.py:153} INFO - Started process (PID=929) to work on /home/airflow/.local/lib/python3.7/site-packages/airflow/example_dags/example_branch_operator_decorator.py
[2023-01-15T13:07:43.337+0000] {processor.py:743} INFO - Processing file /home/airflow/.local/lib/python3.7/site-packages/airflow/example_dags/example_branch_operator_decorator.py for tasks to queue
[2023-01-15T13:07:43.353+0000] {logging_mixin.py:137} INFO - [2023-01-15T13:07:43.353+0000] {dagbag.py:538} INFO - Filling up the DagBag from /home/airflow/.local/lib/python3.7/site-packages/airflow/example_dags/example_branch_operator_decorator.py
[2023-01-15T13:07:44.221+0000] {processor.py:753} INFO - DAG(s) dict_keys(['example_branch_python_operator_decorator']) retrieved from /home/airflow/.local/lib/python3.7/site-packages/airflow/example_dags/example_branch_operator_decorator.py
[2023-01-15T13:07:45.405+0000] {logging_mixin.py:137} INFO - [2023-01-15T13:07:45.405+0000] {dag.py:2676} INFO - Sync 1 DAGs
[2023-01-15T13:07:45.969+0000] {logging_mixin.py:137} INFO - [2023-01-15T13:07:45.969+0000] {dag.py:3427} INFO - Setting next_dagrun for example_branch_python_operator_decorator to 2023-01-14T00:00:00+00:00, run_after=2023-01-15T00:00:00+00:00
[2023-01-15T13:07:46.090+0000] {processor.py:175} INFO - Processing /home/airflow/.local/lib/python3.7/site-packages/airflow/example_dags/example_branch_operator_decorator.py took 2.857 seconds
[2023-01-15T13:08:19.142+0000] {processor.py:153} INFO - Started process (PID=978) to work on /home/airflow/.local/lib/python3.7/site-packages/airflow/example_dags/example_branch_operator_decorator.py
[2023-01-15T13:08:19.164+0000] {processor.py:743} INFO - Processing file /home/airflow/.local/lib/python3.7/site-packages/airflow/example_dags/example_branch_operator_decorator.py for tasks to queue
[2023-01-15T13:08:19.199+0000] {logging_mixin.py:137} INFO - [2023-01-15T13:08:19.183+0000] {dagbag.py:538} INFO - Filling up the DagBag from /home/airflow/.local/lib/python3.7/site-packages/airflow/example_dags/example_branch_operator_decorator.py
[2023-01-15T13:08:19.793+0000] {processor.py:753} INFO - DAG(s) dict_keys(['example_branch_python_operator_decorator']) retrieved from /home/airflow/.local/lib/python3.7/site-packages/airflow/example_dags/example_branch_operator_decorator.py
[2023-01-15T13:08:20.514+0000] {logging_mixin.py:137} INFO - [2023-01-15T13:08:20.513+0000] {dag.py:2676} INFO - Sync 1 DAGs
[2023-01-15T13:08:21.013+0000] {logging_mixin.py:137} INFO - [2023-01-15T13:08:21.009+0000] {dag.py:3427} INFO - Setting next_dagrun for example_branch_python_operator_decorator to 2023-01-14T00:00:00+00:00, run_after=2023-01-15T00:00:00+00:00
[2023-01-15T13:08:21.728+0000] {processor.py:175} INFO - Processing /home/airflow/.local/lib/python3.7/site-packages/airflow/example_dags/example_branch_operator_decorator.py took 2.662 seconds
[2023-01-15T13:08:52.674+0000] {processor.py:153} INFO - Started process (PID=1034) to work on /home/airflow/.local/lib/python3.7/site-packages/airflow/example_dags/example_branch_operator_decorator.py
[2023-01-15T13:08:52.683+0000] {processor.py:743} INFO - Processing file /home/airflow/.local/lib/python3.7/site-packages/airflow/example_dags/example_branch_operator_decorator.py for tasks to queue
[2023-01-15T13:08:52.686+0000] {logging_mixin.py:137} INFO - [2023-01-15T13:08:52.685+0000] {dagbag.py:538} INFO - Filling up the DagBag from /home/airflow/.local/lib/python3.7/site-packages/airflow/example_dags/example_branch_operator_decorator.py
[2023-01-15T13:08:53.164+0000] {processor.py:753} INFO - DAG(s) dict_keys(['example_branch_python_operator_decorator']) retrieved from /home/airflow/.local/lib/python3.7/site-packages/airflow/example_dags/example_branch_operator_decorator.py
[2023-01-15T13:08:53.610+0000] {logging_mixin.py:137} INFO - [2023-01-15T13:08:53.610+0000] {dag.py:2676} INFO - Sync 1 DAGs
[2023-01-15T13:08:53.805+0000] {logging_mixin.py:137} INFO - [2023-01-15T13:08:53.805+0000] {dag.py:3427} INFO - Setting next_dagrun for example_branch_python_operator_decorator to 2023-01-14T00:00:00+00:00, run_after=2023-01-15T00:00:00+00:00
[2023-01-15T13:08:54.268+0000] {processor.py:175} INFO - Processing /home/airflow/.local/lib/python3.7/site-packages/airflow/example_dags/example_branch_operator_decorator.py took 1.599 seconds
[2023-01-15T13:09:30.530+0000] {processor.py:153} INFO - Started process (PID=1090) to work on /home/airflow/.local/lib/python3.7/site-packages/airflow/example_dags/example_branch_operator_decorator.py
[2023-01-15T13:09:30.538+0000] {processor.py:743} INFO - Processing file /home/airflow/.local/lib/python3.7/site-packages/airflow/example_dags/example_branch_operator_decorator.py for tasks to queue
[2023-01-15T13:09:30.542+0000] {logging_mixin.py:137} INFO - [2023-01-15T13:09:30.542+0000] {dagbag.py:538} INFO - Filling up the DagBag from /home/airflow/.local/lib/python3.7/site-packages/airflow/example_dags/example_branch_operator_decorator.py
[2023-01-15T13:09:30.718+0000] {processor.py:753} INFO - DAG(s) dict_keys(['example_branch_python_operator_decorator']) retrieved from /home/airflow/.local/lib/python3.7/site-packages/airflow/example_dags/example_branch_operator_decorator.py
[2023-01-15T13:09:30.911+0000] {logging_mixin.py:137} INFO - [2023-01-15T13:09:30.910+0000] {dag.py:2676} INFO - Sync 1 DAGs
[2023-01-15T13:09:31.052+0000] {logging_mixin.py:137} INFO - [2023-01-15T13:09:31.052+0000] {dag.py:3427} INFO - Setting next_dagrun for example_branch_python_operator_decorator to 2023-01-14T00:00:00+00:00, run_after=2023-01-15T00:00:00+00:00
[2023-01-15T13:09:31.161+0000] {processor.py:175} INFO - Processing /home/airflow/.local/lib/python3.7/site-packages/airflow/example_dags/example_branch_operator_decorator.py took 0.658 seconds
[2023-01-15T13:10:02.531+0000] {processor.py:153} INFO - Started process (PID=1139) to work on /home/airflow/.local/lib/python3.7/site-packages/airflow/example_dags/example_branch_operator_decorator.py
[2023-01-15T13:10:02.543+0000] {processor.py:743} INFO - Processing file /home/airflow/.local/lib/python3.7/site-packages/airflow/example_dags/example_branch_operator_decorator.py for tasks to queue
[2023-01-15T13:10:02.553+0000] {logging_mixin.py:137} INFO - [2023-01-15T13:10:02.553+0000] {dagbag.py:538} INFO - Filling up the DagBag from /home/airflow/.local/lib/python3.7/site-packages/airflow/example_dags/example_branch_operator_decorator.py
[2023-01-15T13:10:03.110+0000] {processor.py:753} INFO - DAG(s) dict_keys(['example_branch_python_operator_decorator']) retrieved from /home/airflow/.local/lib/python3.7/site-packages/airflow/example_dags/example_branch_operator_decorator.py
[2023-01-15T13:10:03.468+0000] {logging_mixin.py:137} INFO - [2023-01-15T13:10:03.468+0000] {dag.py:2676} INFO - Sync 1 DAGs
[2023-01-15T13:10:03.582+0000] {logging_mixin.py:137} INFO - [2023-01-15T13:10:03.581+0000] {dag.py:3427} INFO - Setting next_dagrun for example_branch_python_operator_decorator to 2023-01-14T00:00:00+00:00, run_after=2023-01-15T00:00:00+00:00
[2023-01-15T13:10:03.687+0000] {processor.py:175} INFO - Processing /home/airflow/.local/lib/python3.7/site-packages/airflow/example_dags/example_branch_operator_decorator.py took 1.224 seconds
[2023-01-15T13:10:35.771+0000] {processor.py:153} INFO - Started process (PID=1187) to work on /home/airflow/.local/lib/python3.7/site-packages/airflow/example_dags/example_branch_operator_decorator.py
[2023-01-15T13:10:35.779+0000] {processor.py:743} INFO - Processing file /home/airflow/.local/lib/python3.7/site-packages/airflow/example_dags/example_branch_operator_decorator.py for tasks to queue
[2023-01-15T13:10:35.814+0000] {logging_mixin.py:137} INFO - [2023-01-15T13:10:35.814+0000] {dagbag.py:538} INFO - Filling up the DagBag from /home/airflow/.local/lib/python3.7/site-packages/airflow/example_dags/example_branch_operator_decorator.py
[2023-01-15T13:10:36.773+0000] {processor.py:753} INFO - DAG(s) dict_keys(['example_branch_python_operator_decorator']) retrieved from /home/airflow/.local/lib/python3.7/site-packages/airflow/example_dags/example_branch_operator_decorator.py
[2023-01-15T13:10:37.362+0000] {logging_mixin.py:137} INFO - [2023-01-15T13:10:37.362+0000] {dag.py:2676} INFO - Sync 1 DAGs
[2023-01-15T13:10:37.848+0000] {logging_mixin.py:137} INFO - [2023-01-15T13:10:37.838+0000] {dag.py:3427} INFO - Setting next_dagrun for example_branch_python_operator_decorator to 2023-01-14T00:00:00+00:00, run_after=2023-01-15T00:00:00+00:00
[2023-01-15T13:10:38.110+0000] {processor.py:175} INFO - Processing /home/airflow/.local/lib/python3.7/site-packages/airflow/example_dags/example_branch_operator_decorator.py took 2.925 seconds
[2023-01-15T13:11:08.821+0000] {processor.py:153} INFO - Started process (PID=1243) to work on /home/airflow/.local/lib/python3.7/site-packages/airflow/example_dags/example_branch_operator_decorator.py
[2023-01-15T13:11:08.826+0000] {processor.py:743} INFO - Processing file /home/airflow/.local/lib/python3.7/site-packages/airflow/example_dags/example_branch_operator_decorator.py for tasks to queue
[2023-01-15T13:11:08.832+0000] {logging_mixin.py:137} INFO - [2023-01-15T13:11:08.832+0000] {dagbag.py:538} INFO - Filling up the DagBag from /home/airflow/.local/lib/python3.7/site-packages/airflow/example_dags/example_branch_operator_decorator.py
[2023-01-15T13:11:09.143+0000] {processor.py:753} INFO - DAG(s) dict_keys(['example_branch_python_operator_decorator']) retrieved from /home/airflow/.local/lib/python3.7/site-packages/airflow/example_dags/example_branch_operator_decorator.py
[2023-01-15T13:11:09.340+0000] {logging_mixin.py:137} INFO - [2023-01-15T13:11:09.340+0000] {dag.py:2676} INFO - Sync 1 DAGs
[2023-01-15T13:11:10.301+0000] {logging_mixin.py:137} INFO - [2023-01-15T13:11:10.299+0000] {dag.py:3427} INFO - Setting next_dagrun for example_branch_python_operator_decorator to 2023-01-14T00:00:00+00:00, run_after=2023-01-15T00:00:00+00:00
[2023-01-15T13:11:10.597+0000] {processor.py:175} INFO - Processing /home/airflow/.local/lib/python3.7/site-packages/airflow/example_dags/example_branch_operator_decorator.py took 1.792 seconds
[2023-01-15T13:11:53.007+0000] {processor.py:153} INFO - Started process (PID=1295) to work on /home/airflow/.local/lib/python3.7/site-packages/airflow/example_dags/example_branch_operator_decorator.py
[2023-01-15T13:11:53.033+0000] {processor.py:743} INFO - Processing file /home/airflow/.local/lib/python3.7/site-packages/airflow/example_dags/example_branch_operator_decorator.py for tasks to queue
[2023-01-15T13:11:53.041+0000] {logging_mixin.py:137} INFO - [2023-01-15T13:11:53.040+0000] {dagbag.py:538} INFO - Filling up the DagBag from /home/airflow/.local/lib/python3.7/site-packages/airflow/example_dags/example_branch_operator_decorator.py
[2023-01-15T13:11:54.574+0000] {processor.py:753} INFO - DAG(s) dict_keys(['example_branch_python_operator_decorator']) retrieved from /home/airflow/.local/lib/python3.7/site-packages/airflow/example_dags/example_branch_operator_decorator.py
[2023-01-15T13:11:55.776+0000] {logging_mixin.py:137} INFO - [2023-01-15T13:11:55.772+0000] {dag.py:2676} INFO - Sync 1 DAGs
[2023-01-15T13:11:56.751+0000] {logging_mixin.py:137} INFO - [2023-01-15T13:11:56.751+0000] {dag.py:3427} INFO - Setting next_dagrun for example_branch_python_operator_decorator to 2023-01-14T00:00:00+00:00, run_after=2023-01-15T00:00:00+00:00
[2023-01-15T13:11:57.226+0000] {processor.py:175} INFO - Processing /home/airflow/.local/lib/python3.7/site-packages/airflow/example_dags/example_branch_operator_decorator.py took 4.453 seconds
[2023-01-15T13:12:42.999+0000] {processor.py:153} INFO - Started process (PID=1363) to work on /home/airflow/.local/lib/python3.7/site-packages/airflow/example_dags/example_branch_operator_decorator.py
[2023-01-15T13:12:43.010+0000] {processor.py:743} INFO - Processing file /home/airflow/.local/lib/python3.7/site-packages/airflow/example_dags/example_branch_operator_decorator.py for tasks to queue
[2023-01-15T13:12:43.016+0000] {logging_mixin.py:137} INFO - [2023-01-15T13:12:43.016+0000] {dagbag.py:538} INFO - Filling up the DagBag from /home/airflow/.local/lib/python3.7/site-packages/airflow/example_dags/example_branch_operator_decorator.py
[2023-01-15T13:12:43.239+0000] {processor.py:753} INFO - DAG(s) dict_keys(['example_branch_python_operator_decorator']) retrieved from /home/airflow/.local/lib/python3.7/site-packages/airflow/example_dags/example_branch_operator_decorator.py
[2023-01-15T13:12:43.497+0000] {logging_mixin.py:137} INFO - [2023-01-15T13:12:43.497+0000] {dag.py:2676} INFO - Sync 1 DAGs
[2023-01-15T13:12:43.675+0000] {logging_mixin.py:137} INFO - [2023-01-15T13:12:43.668+0000] {dag.py:3427} INFO - Setting next_dagrun for example_branch_python_operator_decorator to 2023-01-14T00:00:00+00:00, run_after=2023-01-15T00:00:00+00:00
[2023-01-15T13:12:43.771+0000] {processor.py:175} INFO - Processing /home/airflow/.local/lib/python3.7/site-packages/airflow/example_dags/example_branch_operator_decorator.py took 0.795 seconds
[2023-01-15T13:13:24.591+0000] {processor.py:153} INFO - Started process (PID=1412) to work on /home/airflow/.local/lib/python3.7/site-packages/airflow/example_dags/example_branch_operator_decorator.py
[2023-01-15T13:13:24.607+0000] {processor.py:743} INFO - Processing file /home/airflow/.local/lib/python3.7/site-packages/airflow/example_dags/example_branch_operator_decorator.py for tasks to queue
[2023-01-15T13:13:24.628+0000] {logging_mixin.py:137} INFO - [2023-01-15T13:13:24.628+0000] {dagbag.py:538} INFO - Filling up the DagBag from /home/airflow/.local/lib/python3.7/site-packages/airflow/example_dags/example_branch_operator_decorator.py
[2023-01-15T13:13:25.315+0000] {processor.py:753} INFO - DAG(s) dict_keys(['example_branch_python_operator_decorator']) retrieved from /home/airflow/.local/lib/python3.7/site-packages/airflow/example_dags/example_branch_operator_decorator.py
[2023-01-15T13:13:26.186+0000] {logging_mixin.py:137} INFO - [2023-01-15T13:13:26.186+0000] {dag.py:2676} INFO - Sync 1 DAGs
[2023-01-15T13:13:26.816+0000] {logging_mixin.py:137} INFO - [2023-01-15T13:13:26.801+0000] {dag.py:3427} INFO - Setting next_dagrun for example_branch_python_operator_decorator to 2023-01-14T00:00:00+00:00, run_after=2023-01-15T00:00:00+00:00
[2023-01-15T13:13:27.054+0000] {processor.py:175} INFO - Processing /home/airflow/.local/lib/python3.7/site-packages/airflow/example_dags/example_branch_operator_decorator.py took 2.523 seconds
[2023-01-15T13:13:58.368+0000] {processor.py:153} INFO - Started process (PID=1462) to work on /home/airflow/.local/lib/python3.7/site-packages/airflow/example_dags/example_branch_operator_decorator.py
[2023-01-15T13:13:58.378+0000] {processor.py:743} INFO - Processing file /home/airflow/.local/lib/python3.7/site-packages/airflow/example_dags/example_branch_operator_decorator.py for tasks to queue
[2023-01-15T13:13:58.383+0000] {logging_mixin.py:137} INFO - [2023-01-15T13:13:58.383+0000] {dagbag.py:538} INFO - Filling up the DagBag from /home/airflow/.local/lib/python3.7/site-packages/airflow/example_dags/example_branch_operator_decorator.py
[2023-01-15T13:13:58.575+0000] {processor.py:753} INFO - DAG(s) dict_keys(['example_branch_python_operator_decorator']) retrieved from /home/airflow/.local/lib/python3.7/site-packages/airflow/example_dags/example_branch_operator_decorator.py
[2023-01-15T13:13:58.839+0000] {logging_mixin.py:137} INFO - [2023-01-15T13:13:58.838+0000] {dag.py:2676} INFO - Sync 1 DAGs
[2023-01-15T13:13:59.017+0000] {logging_mixin.py:137} INFO - [2023-01-15T13:13:59.013+0000] {dag.py:3427} INFO - Setting next_dagrun for example_branch_python_operator_decorator to 2023-01-14T00:00:00+00:00, run_after=2023-01-15T00:00:00+00:00
[2023-01-15T13:13:59.123+0000] {processor.py:175} INFO - Processing /home/airflow/.local/lib/python3.7/site-packages/airflow/example_dags/example_branch_operator_decorator.py took 0.825 seconds
[2023-01-15T13:14:29.654+0000] {processor.py:153} INFO - Started process (PID=1518) to work on /home/airflow/.local/lib/python3.7/site-packages/airflow/example_dags/example_branch_operator_decorator.py
[2023-01-15T13:14:29.658+0000] {processor.py:743} INFO - Processing file /home/airflow/.local/lib/python3.7/site-packages/airflow/example_dags/example_branch_operator_decorator.py for tasks to queue
[2023-01-15T13:14:29.664+0000] {logging_mixin.py:137} INFO - [2023-01-15T13:14:29.664+0000] {dagbag.py:538} INFO - Filling up the DagBag from /home/airflow/.local/lib/python3.7/site-packages/airflow/example_dags/example_branch_operator_decorator.py
[2023-01-15T13:14:29.849+0000] {processor.py:753} INFO - DAG(s) dict_keys(['example_branch_python_operator_decorator']) retrieved from /home/airflow/.local/lib/python3.7/site-packages/airflow/example_dags/example_branch_operator_decorator.py
[2023-01-15T13:14:30.067+0000] {logging_mixin.py:137} INFO - [2023-01-15T13:14:30.067+0000] {dag.py:2676} INFO - Sync 1 DAGs
[2023-01-15T13:14:30.295+0000] {logging_mixin.py:137} INFO - [2023-01-15T13:14:30.294+0000] {dag.py:3427} INFO - Setting next_dagrun for example_branch_python_operator_decorator to 2023-01-14T00:00:00+00:00, run_after=2023-01-15T00:00:00+00:00
[2023-01-15T13:14:30.441+0000] {processor.py:175} INFO - Processing /home/airflow/.local/lib/python3.7/site-packages/airflow/example_dags/example_branch_operator_decorator.py took 0.810 seconds
[2023-01-15T13:15:01.247+0000] {processor.py:153} INFO - Started process (PID=1565) to work on /home/airflow/.local/lib/python3.7/site-packages/airflow/example_dags/example_branch_operator_decorator.py
[2023-01-15T13:15:01.252+0000] {processor.py:743} INFO - Processing file /home/airflow/.local/lib/python3.7/site-packages/airflow/example_dags/example_branch_operator_decorator.py for tasks to queue
[2023-01-15T13:15:01.254+0000] {logging_mixin.py:137} INFO - [2023-01-15T13:15:01.254+0000] {dagbag.py:538} INFO - Filling up the DagBag from /home/airflow/.local/lib/python3.7/site-packages/airflow/example_dags/example_branch_operator_decorator.py
[2023-01-15T13:15:01.349+0000] {processor.py:753} INFO - DAG(s) dict_keys(['example_branch_python_operator_decorator']) retrieved from /home/airflow/.local/lib/python3.7/site-packages/airflow/example_dags/example_branch_operator_decorator.py
[2023-01-15T13:15:01.681+0000] {logging_mixin.py:137} INFO - [2023-01-15T13:15:01.675+0000] {dag.py:2676} INFO - Sync 1 DAGs
[2023-01-15T13:15:01.863+0000] {logging_mixin.py:137} INFO - [2023-01-15T13:15:01.863+0000] {dag.py:3427} INFO - Setting next_dagrun for example_branch_python_operator_decorator to 2023-01-14T00:00:00+00:00, run_after=2023-01-15T00:00:00+00:00
[2023-01-15T13:15:01.973+0000] {processor.py:175} INFO - Processing /home/airflow/.local/lib/python3.7/site-packages/airflow/example_dags/example_branch_operator_decorator.py took 0.750 seconds
[2023-01-15T13:15:32.337+0000] {processor.py:153} INFO - Started process (PID=1621) to work on /home/airflow/.local/lib/python3.7/site-packages/airflow/example_dags/example_branch_operator_decorator.py
[2023-01-15T13:15:32.345+0000] {processor.py:743} INFO - Processing file /home/airflow/.local/lib/python3.7/site-packages/airflow/example_dags/example_branch_operator_decorator.py for tasks to queue
[2023-01-15T13:15:32.347+0000] {logging_mixin.py:137} INFO - [2023-01-15T13:15:32.347+0000] {dagbag.py:538} INFO - Filling up the DagBag from /home/airflow/.local/lib/python3.7/site-packages/airflow/example_dags/example_branch_operator_decorator.py
[2023-01-15T13:15:32.514+0000] {processor.py:753} INFO - DAG(s) dict_keys(['example_branch_python_operator_decorator']) retrieved from /home/airflow/.local/lib/python3.7/site-packages/airflow/example_dags/example_branch_operator_decorator.py
[2023-01-15T13:15:32.719+0000] {logging_mixin.py:137} INFO - [2023-01-15T13:15:32.719+0000] {dag.py:2676} INFO - Sync 1 DAGs
[2023-01-15T13:15:32.869+0000] {logging_mixin.py:137} INFO - [2023-01-15T13:15:32.869+0000] {dag.py:3427} INFO - Setting next_dagrun for example_branch_python_operator_decorator to 2023-01-14T00:00:00+00:00, run_after=2023-01-15T00:00:00+00:00
[2023-01-15T13:15:32.976+0000] {processor.py:175} INFO - Processing /home/airflow/.local/lib/python3.7/site-packages/airflow/example_dags/example_branch_operator_decorator.py took 0.656 seconds
[2023-01-15T13:43:36.593+0000] {processor.py:153} INFO - Started process (PID=65) to work on /home/airflow/.local/lib/python3.7/site-packages/airflow/example_dags/example_branch_operator_decorator.py
[2023-01-15T13:43:36.602+0000] {processor.py:743} INFO - Processing file /home/airflow/.local/lib/python3.7/site-packages/airflow/example_dags/example_branch_operator_decorator.py for tasks to queue
[2023-01-15T13:43:36.605+0000] {logging_mixin.py:137} INFO - [2023-01-15T13:43:36.605+0000] {dagbag.py:538} INFO - Filling up the DagBag from /home/airflow/.local/lib/python3.7/site-packages/airflow/example_dags/example_branch_operator_decorator.py
[2023-01-15T13:43:36.792+0000] {processor.py:753} INFO - DAG(s) dict_keys(['example_branch_python_operator_decorator']) retrieved from /home/airflow/.local/lib/python3.7/site-packages/airflow/example_dags/example_branch_operator_decorator.py
[2023-01-15T13:43:37.173+0000] {logging_mixin.py:137} INFO - [2023-01-15T13:43:37.172+0000] {dag.py:2676} INFO - Sync 1 DAGs
[2023-01-15T13:43:37.484+0000] {logging_mixin.py:137} INFO - [2023-01-15T13:43:37.484+0000] {dag.py:3427} INFO - Setting next_dagrun for example_branch_python_operator_decorator to 2023-01-14T00:00:00+00:00, run_after=2023-01-15T00:00:00+00:00
[2023-01-15T13:43:37.718+0000] {processor.py:175} INFO - Processing /home/airflow/.local/lib/python3.7/site-packages/airflow/example_dags/example_branch_operator_decorator.py took 1.152 seconds
[2023-01-15T13:45:03.040+0000] {processor.py:153} INFO - Started process (PID=144) to work on /home/airflow/.local/lib/python3.7/site-packages/airflow/example_dags/example_branch_operator_decorator.py
[2023-01-15T13:45:03.082+0000] {processor.py:743} INFO - Processing file /home/airflow/.local/lib/python3.7/site-packages/airflow/example_dags/example_branch_operator_decorator.py for tasks to queue
[2023-01-15T13:45:03.094+0000] {logging_mixin.py:137} INFO - [2023-01-15T13:45:03.093+0000] {dagbag.py:538} INFO - Filling up the DagBag from /home/airflow/.local/lib/python3.7/site-packages/airflow/example_dags/example_branch_operator_decorator.py
[2023-01-15T13:45:03.910+0000] {processor.py:753} INFO - DAG(s) dict_keys(['example_branch_python_operator_decorator']) retrieved from /home/airflow/.local/lib/python3.7/site-packages/airflow/example_dags/example_branch_operator_decorator.py
[2023-01-15T13:45:04.960+0000] {logging_mixin.py:137} INFO - [2023-01-15T13:45:04.960+0000] {dag.py:2676} INFO - Sync 1 DAGs
[2023-01-15T13:45:06.055+0000] {logging_mixin.py:137} INFO - [2023-01-15T13:45:06.055+0000] {dag.py:3427} INFO - Setting next_dagrun for example_branch_python_operator_decorator to 2023-01-14T00:00:00+00:00, run_after=2023-01-15T00:00:00+00:00
[2023-01-15T13:45:06.683+0000] {processor.py:175} INFO - Processing /home/airflow/.local/lib/python3.7/site-packages/airflow/example_dags/example_branch_operator_decorator.py took 3.703 seconds
[2023-01-15T13:45:51.257+0000] {processor.py:153} INFO - Started process (PID=204) to work on /home/airflow/.local/lib/python3.7/site-packages/airflow/example_dags/example_branch_operator_decorator.py
[2023-01-15T13:45:51.268+0000] {processor.py:743} INFO - Processing file /home/airflow/.local/lib/python3.7/site-packages/airflow/example_dags/example_branch_operator_decorator.py for tasks to queue
[2023-01-15T13:45:51.270+0000] {logging_mixin.py:137} INFO - [2023-01-15T13:45:51.270+0000] {dagbag.py:538} INFO - Filling up the DagBag from /home/airflow/.local/lib/python3.7/site-packages/airflow/example_dags/example_branch_operator_decorator.py
[2023-01-15T13:45:51.467+0000] {processor.py:753} INFO - DAG(s) dict_keys(['example_branch_python_operator_decorator']) retrieved from /home/airflow/.local/lib/python3.7/site-packages/airflow/example_dags/example_branch_operator_decorator.py
[2023-01-15T13:45:51.687+0000] {logging_mixin.py:137} INFO - [2023-01-15T13:45:51.686+0000] {dag.py:2676} INFO - Sync 1 DAGs
[2023-01-15T13:45:51.854+0000] {logging_mixin.py:137} INFO - [2023-01-15T13:45:51.854+0000] {dag.py:3427} INFO - Setting next_dagrun for example_branch_python_operator_decorator to 2023-01-14T00:00:00+00:00, run_after=2023-01-15T00:00:00+00:00
[2023-01-15T13:45:51.939+0000] {processor.py:175} INFO - Processing /home/airflow/.local/lib/python3.7/site-packages/airflow/example_dags/example_branch_operator_decorator.py took 0.709 seconds
[2023-01-15T13:46:28.557+0000] {processor.py:153} INFO - Started process (PID=260) to work on /home/airflow/.local/lib/python3.7/site-packages/airflow/example_dags/example_branch_operator_decorator.py
[2023-01-15T13:46:28.569+0000] {processor.py:743} INFO - Processing file /home/airflow/.local/lib/python3.7/site-packages/airflow/example_dags/example_branch_operator_decorator.py for tasks to queue
[2023-01-15T13:46:28.577+0000] {logging_mixin.py:137} INFO - [2023-01-15T13:46:28.577+0000] {dagbag.py:538} INFO - Filling up the DagBag from /home/airflow/.local/lib/python3.7/site-packages/airflow/example_dags/example_branch_operator_decorator.py
[2023-01-15T13:46:28.776+0000] {processor.py:753} INFO - DAG(s) dict_keys(['example_branch_python_operator_decorator']) retrieved from /home/airflow/.local/lib/python3.7/site-packages/airflow/example_dags/example_branch_operator_decorator.py
[2023-01-15T13:46:29.000+0000] {logging_mixin.py:137} INFO - [2023-01-15T13:46:29.000+0000] {dag.py:2676} INFO - Sync 1 DAGs
[2023-01-15T13:46:29.129+0000] {logging_mixin.py:137} INFO - [2023-01-15T13:46:29.129+0000] {dag.py:3427} INFO - Setting next_dagrun for example_branch_python_operator_decorator to 2023-01-14T00:00:00+00:00, run_after=2023-01-15T00:00:00+00:00
[2023-01-15T13:46:29.195+0000] {processor.py:175} INFO - Processing /home/airflow/.local/lib/python3.7/site-packages/airflow/example_dags/example_branch_operator_decorator.py took 0.661 seconds
[2023-01-15T13:46:59.569+0000] {processor.py:153} INFO - Started process (PID=315) to work on /home/airflow/.local/lib/python3.7/site-packages/airflow/example_dags/example_branch_operator_decorator.py
[2023-01-15T13:46:59.584+0000] {processor.py:743} INFO - Processing file /home/airflow/.local/lib/python3.7/site-packages/airflow/example_dags/example_branch_operator_decorator.py for tasks to queue
[2023-01-15T13:46:59.592+0000] {logging_mixin.py:137} INFO - [2023-01-15T13:46:59.592+0000] {dagbag.py:538} INFO - Filling up the DagBag from /home/airflow/.local/lib/python3.7/site-packages/airflow/example_dags/example_branch_operator_decorator.py
[2023-01-15T13:46:59.864+0000] {processor.py:753} INFO - DAG(s) dict_keys(['example_branch_python_operator_decorator']) retrieved from /home/airflow/.local/lib/python3.7/site-packages/airflow/example_dags/example_branch_operator_decorator.py
[2023-01-15T13:47:00.189+0000] {logging_mixin.py:137} INFO - [2023-01-15T13:47:00.189+0000] {dag.py:2676} INFO - Sync 1 DAGs
[2023-01-15T13:47:00.439+0000] {logging_mixin.py:137} INFO - [2023-01-15T13:47:00.438+0000] {dag.py:3427} INFO - Setting next_dagrun for example_branch_python_operator_decorator to 2023-01-14T00:00:00+00:00, run_after=2023-01-15T00:00:00+00:00
[2023-01-15T13:47:00.661+0000] {processor.py:175} INFO - Processing /home/airflow/.local/lib/python3.7/site-packages/airflow/example_dags/example_branch_operator_decorator.py took 1.121 seconds
[2023-01-15T13:47:31.267+0000] {processor.py:153} INFO - Started process (PID=362) to work on /home/airflow/.local/lib/python3.7/site-packages/airflow/example_dags/example_branch_operator_decorator.py
[2023-01-15T13:47:31.285+0000] {processor.py:743} INFO - Processing file /home/airflow/.local/lib/python3.7/site-packages/airflow/example_dags/example_branch_operator_decorator.py for tasks to queue
[2023-01-15T13:47:31.289+0000] {logging_mixin.py:137} INFO - [2023-01-15T13:47:31.288+0000] {dagbag.py:538} INFO - Filling up the DagBag from /home/airflow/.local/lib/python3.7/site-packages/airflow/example_dags/example_branch_operator_decorator.py
[2023-01-15T13:47:31.461+0000] {processor.py:753} INFO - DAG(s) dict_keys(['example_branch_python_operator_decorator']) retrieved from /home/airflow/.local/lib/python3.7/site-packages/airflow/example_dags/example_branch_operator_decorator.py
[2023-01-15T13:47:31.706+0000] {logging_mixin.py:137} INFO - [2023-01-15T13:47:31.706+0000] {dag.py:2676} INFO - Sync 1 DAGs
[2023-01-15T13:47:31.863+0000] {logging_mixin.py:137} INFO - [2023-01-15T13:47:31.863+0000] {dag.py:3427} INFO - Setting next_dagrun for example_branch_python_operator_decorator to 2023-01-14T00:00:00+00:00, run_after=2023-01-15T00:00:00+00:00
[2023-01-15T13:47:31.989+0000] {processor.py:175} INFO - Processing /home/airflow/.local/lib/python3.7/site-packages/airflow/example_dags/example_branch_operator_decorator.py took 0.740 seconds
[2023-01-15T13:48:02.370+0000] {processor.py:153} INFO - Started process (PID=418) to work on /home/airflow/.local/lib/python3.7/site-packages/airflow/example_dags/example_branch_operator_decorator.py
[2023-01-15T13:48:02.379+0000] {processor.py:743} INFO - Processing file /home/airflow/.local/lib/python3.7/site-packages/airflow/example_dags/example_branch_operator_decorator.py for tasks to queue
[2023-01-15T13:48:02.381+0000] {logging_mixin.py:137} INFO - [2023-01-15T13:48:02.381+0000] {dagbag.py:538} INFO - Filling up the DagBag from /home/airflow/.local/lib/python3.7/site-packages/airflow/example_dags/example_branch_operator_decorator.py
[2023-01-15T13:48:02.448+0000] {processor.py:753} INFO - DAG(s) dict_keys(['example_branch_python_operator_decorator']) retrieved from /home/airflow/.local/lib/python3.7/site-packages/airflow/example_dags/example_branch_operator_decorator.py
[2023-01-15T13:48:02.575+0000] {logging_mixin.py:137} INFO - [2023-01-15T13:48:02.575+0000] {dag.py:2676} INFO - Sync 1 DAGs
[2023-01-15T13:48:02.641+0000] {logging_mixin.py:137} INFO - [2023-01-15T13:48:02.641+0000] {dag.py:3427} INFO - Setting next_dagrun for example_branch_python_operator_decorator to 2023-01-14T00:00:00+00:00, run_after=2023-01-15T00:00:00+00:00
[2023-01-15T13:48:02.722+0000] {processor.py:175} INFO - Processing /home/airflow/.local/lib/python3.7/site-packages/airflow/example_dags/example_branch_operator_decorator.py took 0.363 seconds
[2023-01-15T13:48:33.405+0000] {processor.py:153} INFO - Started process (PID=472) to work on /home/airflow/.local/lib/python3.7/site-packages/airflow/example_dags/example_branch_operator_decorator.py
[2023-01-15T13:48:33.411+0000] {processor.py:743} INFO - Processing file /home/airflow/.local/lib/python3.7/site-packages/airflow/example_dags/example_branch_operator_decorator.py for tasks to queue
[2023-01-15T13:48:33.416+0000] {logging_mixin.py:137} INFO - [2023-01-15T13:48:33.416+0000] {dagbag.py:538} INFO - Filling up the DagBag from /home/airflow/.local/lib/python3.7/site-packages/airflow/example_dags/example_branch_operator_decorator.py
[2023-01-15T13:48:33.484+0000] {processor.py:753} INFO - DAG(s) dict_keys(['example_branch_python_operator_decorator']) retrieved from /home/airflow/.local/lib/python3.7/site-packages/airflow/example_dags/example_branch_operator_decorator.py
[2023-01-15T13:48:33.579+0000] {logging_mixin.py:137} INFO - [2023-01-15T13:48:33.579+0000] {dag.py:2676} INFO - Sync 1 DAGs
[2023-01-15T13:48:33.650+0000] {logging_mixin.py:137} INFO - [2023-01-15T13:48:33.650+0000] {dag.py:3427} INFO - Setting next_dagrun for example_branch_python_operator_decorator to 2023-01-14T00:00:00+00:00, run_after=2023-01-15T00:00:00+00:00
[2023-01-15T13:48:33.693+0000] {processor.py:175} INFO - Processing /home/airflow/.local/lib/python3.7/site-packages/airflow/example_dags/example_branch_operator_decorator.py took 0.301 seconds
[2023-01-15T13:49:04.645+0000] {processor.py:153} INFO - Started process (PID=527) to work on /home/airflow/.local/lib/python3.7/site-packages/airflow/example_dags/example_branch_operator_decorator.py
[2023-01-15T13:49:04.659+0000] {processor.py:743} INFO - Processing file /home/airflow/.local/lib/python3.7/site-packages/airflow/example_dags/example_branch_operator_decorator.py for tasks to queue
[2023-01-15T13:49:04.668+0000] {logging_mixin.py:137} INFO - [2023-01-15T13:49:04.667+0000] {dagbag.py:538} INFO - Filling up the DagBag from /home/airflow/.local/lib/python3.7/site-packages/airflow/example_dags/example_branch_operator_decorator.py
[2023-01-15T13:49:04.941+0000] {processor.py:753} INFO - DAG(s) dict_keys(['example_branch_python_operator_decorator']) retrieved from /home/airflow/.local/lib/python3.7/site-packages/airflow/example_dags/example_branch_operator_decorator.py
[2023-01-15T13:49:05.128+0000] {logging_mixin.py:137} INFO - [2023-01-15T13:49:05.128+0000] {dag.py:2676} INFO - Sync 1 DAGs
[2023-01-15T13:49:05.263+0000] {logging_mixin.py:137} INFO - [2023-01-15T13:49:05.260+0000] {dag.py:3427} INFO - Setting next_dagrun for example_branch_python_operator_decorator to 2023-01-14T00:00:00+00:00, run_after=2023-01-15T00:00:00+00:00
[2023-01-15T13:49:05.380+0000] {processor.py:175} INFO - Processing /home/airflow/.local/lib/python3.7/site-packages/airflow/example_dags/example_branch_operator_decorator.py took 0.749 seconds
[2023-01-15T13:49:36.688+0000] {processor.py:153} INFO - Started process (PID=583) to work on /home/airflow/.local/lib/python3.7/site-packages/airflow/example_dags/example_branch_operator_decorator.py
[2023-01-15T13:49:36.691+0000] {processor.py:743} INFO - Processing file /home/airflow/.local/lib/python3.7/site-packages/airflow/example_dags/example_branch_operator_decorator.py for tasks to queue
[2023-01-15T13:49:36.702+0000] {logging_mixin.py:137} INFO - [2023-01-15T13:49:36.702+0000] {dagbag.py:538} INFO - Filling up the DagBag from /home/airflow/.local/lib/python3.7/site-packages/airflow/example_dags/example_branch_operator_decorator.py
[2023-01-15T13:49:37.210+0000] {processor.py:753} INFO - DAG(s) dict_keys(['example_branch_python_operator_decorator']) retrieved from /home/airflow/.local/lib/python3.7/site-packages/airflow/example_dags/example_branch_operator_decorator.py
[2023-01-15T13:49:37.396+0000] {logging_mixin.py:137} INFO - [2023-01-15T13:49:37.395+0000] {dag.py:2676} INFO - Sync 1 DAGs
[2023-01-15T13:49:37.541+0000] {logging_mixin.py:137} INFO - [2023-01-15T13:49:37.541+0000] {dag.py:3427} INFO - Setting next_dagrun for example_branch_python_operator_decorator to 2023-01-14T00:00:00+00:00, run_after=2023-01-15T00:00:00+00:00
[2023-01-15T13:49:37.810+0000] {processor.py:175} INFO - Processing /home/airflow/.local/lib/python3.7/site-packages/airflow/example_dags/example_branch_operator_decorator.py took 1.161 seconds
[2023-01-15T13:50:08.264+0000] {processor.py:153} INFO - Started process (PID=639) to work on /home/airflow/.local/lib/python3.7/site-packages/airflow/example_dags/example_branch_operator_decorator.py
[2023-01-15T13:50:08.268+0000] {processor.py:743} INFO - Processing file /home/airflow/.local/lib/python3.7/site-packages/airflow/example_dags/example_branch_operator_decorator.py for tasks to queue
[2023-01-15T13:50:08.277+0000] {logging_mixin.py:137} INFO - [2023-01-15T13:50:08.277+0000] {dagbag.py:538} INFO - Filling up the DagBag from /home/airflow/.local/lib/python3.7/site-packages/airflow/example_dags/example_branch_operator_decorator.py
[2023-01-15T13:50:08.425+0000] {processor.py:753} INFO - DAG(s) dict_keys(['example_branch_python_operator_decorator']) retrieved from /home/airflow/.local/lib/python3.7/site-packages/airflow/example_dags/example_branch_operator_decorator.py
[2023-01-15T13:50:08.607+0000] {logging_mixin.py:137} INFO - [2023-01-15T13:50:08.607+0000] {dag.py:2676} INFO - Sync 1 DAGs
[2023-01-15T13:50:08.758+0000] {logging_mixin.py:137} INFO - [2023-01-15T13:50:08.758+0000] {dag.py:3427} INFO - Setting next_dagrun for example_branch_python_operator_decorator to 2023-01-14T00:00:00+00:00, run_after=2023-01-15T00:00:00+00:00
[2023-01-15T13:50:08.875+0000] {processor.py:175} INFO - Processing /home/airflow/.local/lib/python3.7/site-packages/airflow/example_dags/example_branch_operator_decorator.py took 0.635 seconds
[2023-01-15T13:50:39.109+0000] {processor.py:153} INFO - Started process (PID=695) to work on /home/airflow/.local/lib/python3.7/site-packages/airflow/example_dags/example_branch_operator_decorator.py
[2023-01-15T13:50:39.145+0000] {processor.py:743} INFO - Processing file /home/airflow/.local/lib/python3.7/site-packages/airflow/example_dags/example_branch_operator_decorator.py for tasks to queue
[2023-01-15T13:50:39.180+0000] {logging_mixin.py:137} INFO - [2023-01-15T13:50:39.180+0000] {dagbag.py:538} INFO - Filling up the DagBag from /home/airflow/.local/lib/python3.7/site-packages/airflow/example_dags/example_branch_operator_decorator.py
[2023-01-15T13:50:39.617+0000] {processor.py:753} INFO - DAG(s) dict_keys(['example_branch_python_operator_decorator']) retrieved from /home/airflow/.local/lib/python3.7/site-packages/airflow/example_dags/example_branch_operator_decorator.py
[2023-01-15T13:50:39.841+0000] {logging_mixin.py:137} INFO - [2023-01-15T13:50:39.841+0000] {dag.py:2676} INFO - Sync 1 DAGs
[2023-01-15T13:50:40.021+0000] {logging_mixin.py:137} INFO - [2023-01-15T13:50:40.020+0000] {dag.py:3427} INFO - Setting next_dagrun for example_branch_python_operator_decorator to 2023-01-14T00:00:00+00:00, run_after=2023-01-15T00:00:00+00:00
[2023-01-15T13:50:40.118+0000] {processor.py:175} INFO - Processing /home/airflow/.local/lib/python3.7/site-packages/airflow/example_dags/example_branch_operator_decorator.py took 1.072 seconds
[2023-01-15T13:51:10.997+0000] {processor.py:153} INFO - Started process (PID=752) to work on /home/airflow/.local/lib/python3.7/site-packages/airflow/example_dags/example_branch_operator_decorator.py
[2023-01-15T13:51:11.002+0000] {processor.py:743} INFO - Processing file /home/airflow/.local/lib/python3.7/site-packages/airflow/example_dags/example_branch_operator_decorator.py for tasks to queue
[2023-01-15T13:51:11.005+0000] {logging_mixin.py:137} INFO - [2023-01-15T13:51:11.004+0000] {dagbag.py:538} INFO - Filling up the DagBag from /home/airflow/.local/lib/python3.7/site-packages/airflow/example_dags/example_branch_operator_decorator.py
[2023-01-15T13:51:11.143+0000] {processor.py:753} INFO - DAG(s) dict_keys(['example_branch_python_operator_decorator']) retrieved from /home/airflow/.local/lib/python3.7/site-packages/airflow/example_dags/example_branch_operator_decorator.py
[2023-01-15T13:51:11.293+0000] {logging_mixin.py:137} INFO - [2023-01-15T13:51:11.293+0000] {dag.py:2676} INFO - Sync 1 DAGs
[2023-01-15T13:51:11.434+0000] {logging_mixin.py:137} INFO - [2023-01-15T13:51:11.434+0000] {dag.py:3427} INFO - Setting next_dagrun for example_branch_python_operator_decorator to 2023-01-14T00:00:00+00:00, run_after=2023-01-15T00:00:00+00:00
[2023-01-15T13:51:11.551+0000] {processor.py:175} INFO - Processing /home/airflow/.local/lib/python3.7/site-packages/airflow/example_dags/example_branch_operator_decorator.py took 0.569 seconds
[2023-01-15T13:51:42.233+0000] {processor.py:153} INFO - Started process (PID=808) to work on /home/airflow/.local/lib/python3.7/site-packages/airflow/example_dags/example_branch_operator_decorator.py
[2023-01-15T13:51:42.235+0000] {processor.py:743} INFO - Processing file /home/airflow/.local/lib/python3.7/site-packages/airflow/example_dags/example_branch_operator_decorator.py for tasks to queue
[2023-01-15T13:51:42.236+0000] {logging_mixin.py:137} INFO - [2023-01-15T13:51:42.236+0000] {dagbag.py:538} INFO - Filling up the DagBag from /home/airflow/.local/lib/python3.7/site-packages/airflow/example_dags/example_branch_operator_decorator.py
[2023-01-15T13:51:42.268+0000] {processor.py:753} INFO - DAG(s) dict_keys(['example_branch_python_operator_decorator']) retrieved from /home/airflow/.local/lib/python3.7/site-packages/airflow/example_dags/example_branch_operator_decorator.py
[2023-01-15T13:51:42.318+0000] {logging_mixin.py:137} INFO - [2023-01-15T13:51:42.318+0000] {dag.py:2676} INFO - Sync 1 DAGs
[2023-01-15T13:51:42.367+0000] {logging_mixin.py:137} INFO - [2023-01-15T13:51:42.366+0000] {dag.py:3427} INFO - Setting next_dagrun for example_branch_python_operator_decorator to 2023-01-14T00:00:00+00:00, run_after=2023-01-15T00:00:00+00:00
[2023-01-15T13:51:42.476+0000] {processor.py:175} INFO - Processing /home/airflow/.local/lib/python3.7/site-packages/airflow/example_dags/example_branch_operator_decorator.py took 0.248 seconds
[2023-01-15T13:52:14.970+0000] {processor.py:153} INFO - Started process (PID=861) to work on /home/airflow/.local/lib/python3.7/site-packages/airflow/example_dags/example_branch_operator_decorator.py
[2023-01-15T13:52:14.983+0000] {processor.py:743} INFO - Processing file /home/airflow/.local/lib/python3.7/site-packages/airflow/example_dags/example_branch_operator_decorator.py for tasks to queue
[2023-01-15T13:52:15.005+0000] {logging_mixin.py:137} INFO - [2023-01-15T13:52:14.997+0000] {dagbag.py:538} INFO - Filling up the DagBag from /home/airflow/.local/lib/python3.7/site-packages/airflow/example_dags/example_branch_operator_decorator.py
[2023-01-15T13:52:15.337+0000] {processor.py:753} INFO - DAG(s) dict_keys(['example_branch_python_operator_decorator']) retrieved from /home/airflow/.local/lib/python3.7/site-packages/airflow/example_dags/example_branch_operator_decorator.py
[2023-01-15T13:52:15.728+0000] {logging_mixin.py:137} INFO - [2023-01-15T13:52:15.728+0000] {dag.py:2676} INFO - Sync 1 DAGs
[2023-01-15T13:52:16.025+0000] {logging_mixin.py:137} INFO - [2023-01-15T13:52:16.025+0000] {dag.py:3427} INFO - Setting next_dagrun for example_branch_python_operator_decorator to 2023-01-14T00:00:00+00:00, run_after=2023-01-15T00:00:00+00:00
[2023-01-15T13:52:16.208+0000] {processor.py:175} INFO - Processing /home/airflow/.local/lib/python3.7/site-packages/airflow/example_dags/example_branch_operator_decorator.py took 1.291 seconds
[2023-01-15T13:52:46.842+0000] {processor.py:153} INFO - Started process (PID=908) to work on /home/airflow/.local/lib/python3.7/site-packages/airflow/example_dags/example_branch_operator_decorator.py
[2023-01-15T13:52:46.857+0000] {processor.py:743} INFO - Processing file /home/airflow/.local/lib/python3.7/site-packages/airflow/example_dags/example_branch_operator_decorator.py for tasks to queue
[2023-01-15T13:52:46.869+0000] {logging_mixin.py:137} INFO - [2023-01-15T13:52:46.869+0000] {dagbag.py:538} INFO - Filling up the DagBag from /home/airflow/.local/lib/python3.7/site-packages/airflow/example_dags/example_branch_operator_decorator.py
[2023-01-15T13:52:47.094+0000] {processor.py:753} INFO - DAG(s) dict_keys(['example_branch_python_operator_decorator']) retrieved from /home/airflow/.local/lib/python3.7/site-packages/airflow/example_dags/example_branch_operator_decorator.py
[2023-01-15T13:52:47.382+0000] {logging_mixin.py:137} INFO - [2023-01-15T13:52:47.382+0000] {dag.py:2676} INFO - Sync 1 DAGs
[2023-01-15T13:52:47.587+0000] {logging_mixin.py:137} INFO - [2023-01-15T13:52:47.587+0000] {dag.py:3427} INFO - Setting next_dagrun for example_branch_python_operator_decorator to 2023-01-14T00:00:00+00:00, run_after=2023-01-15T00:00:00+00:00
[2023-01-15T13:52:47.889+0000] {processor.py:175} INFO - Processing /home/airflow/.local/lib/python3.7/site-packages/airflow/example_dags/example_branch_operator_decorator.py took 1.071 seconds
