[2023-01-15T12:59:24.063+0000] {processor.py:153} INFO - Started process (PID=71) to work on /home/airflow/.local/lib/python3.7/site-packages/airflow/example_dags/example_trigger_target_dag.py
[2023-01-15T12:59:24.090+0000] {processor.py:743} INFO - Processing file /home/airflow/.local/lib/python3.7/site-packages/airflow/example_dags/example_trigger_target_dag.py for tasks to queue
[2023-01-15T12:59:24.105+0000] {logging_mixin.py:137} INFO - [2023-01-15T12:59:24.105+0000] {dagbag.py:538} INFO - Filling up the DagBag from /home/airflow/.local/lib/python3.7/site-packages/airflow/example_dags/example_trigger_target_dag.py
[2023-01-15T12:59:24.476+0000] {processor.py:753} INFO - DAG(s) dict_keys(['example_trigger_target_dag']) retrieved from /home/airflow/.local/lib/python3.7/site-packages/airflow/example_dags/example_trigger_target_dag.py
[2023-01-15T12:59:26.626+0000] {logging_mixin.py:137} INFO - [2023-01-15T12:59:26.626+0000] {manager.py:504} INFO - Created Permission View: can read on DAG:example_trigger_target_dag
[2023-01-15T12:59:26.768+0000] {logging_mixin.py:137} INFO - [2023-01-15T12:59:26.767+0000] {manager.py:504} INFO - Created Permission View: can edit on DAG:example_trigger_target_dag
[2023-01-15T12:59:26.861+0000] {logging_mixin.py:137} INFO - [2023-01-15T12:59:26.861+0000] {manager.py:504} INFO - Created Permission View: can delete on DAG:example_trigger_target_dag
[2023-01-15T12:59:26.863+0000] {logging_mixin.py:137} INFO - [2023-01-15T12:59:26.862+0000] {dag.py:2676} INFO - Sync 1 DAGs
[2023-01-15T12:59:27.059+0000] {logging_mixin.py:137} INFO - [2023-01-15T12:59:27.059+0000] {dag.py:2697} INFO - Creating ORM DAG for example_trigger_target_dag
[2023-01-15T12:59:27.258+0000] {logging_mixin.py:137} INFO - [2023-01-15T12:59:27.258+0000] {dag.py:3427} INFO - Setting next_dagrun for example_trigger_target_dag to None, run_after=None
[2023-01-15T12:59:27.557+0000] {processor.py:175} INFO - Processing /home/airflow/.local/lib/python3.7/site-packages/airflow/example_dags/example_trigger_target_dag.py took 3.539 seconds
[2023-01-15T12:59:58.197+0000] {processor.py:153} INFO - Started process (PID=120) to work on /home/airflow/.local/lib/python3.7/site-packages/airflow/example_dags/example_trigger_target_dag.py
[2023-01-15T12:59:58.203+0000] {processor.py:743} INFO - Processing file /home/airflow/.local/lib/python3.7/site-packages/airflow/example_dags/example_trigger_target_dag.py for tasks to queue
[2023-01-15T12:59:58.207+0000] {logging_mixin.py:137} INFO - [2023-01-15T12:59:58.207+0000] {dagbag.py:538} INFO - Filling up the DagBag from /home/airflow/.local/lib/python3.7/site-packages/airflow/example_dags/example_trigger_target_dag.py
[2023-01-15T12:59:58.289+0000] {processor.py:753} INFO - DAG(s) dict_keys(['example_trigger_target_dag']) retrieved from /home/airflow/.local/lib/python3.7/site-packages/airflow/example_dags/example_trigger_target_dag.py
[2023-01-15T12:59:58.418+0000] {logging_mixin.py:137} INFO - [2023-01-15T12:59:58.418+0000] {dag.py:2676} INFO - Sync 1 DAGs
[2023-01-15T12:59:58.502+0000] {logging_mixin.py:137} INFO - [2023-01-15T12:59:58.502+0000] {dag.py:3427} INFO - Setting next_dagrun for example_trigger_target_dag to None, run_after=None
[2023-01-15T12:59:58.585+0000] {processor.py:175} INFO - Processing /home/airflow/.local/lib/python3.7/site-packages/airflow/example_dags/example_trigger_target_dag.py took 0.399 seconds
[2023-01-15T13:00:28.901+0000] {processor.py:153} INFO - Started process (PID=176) to work on /home/airflow/.local/lib/python3.7/site-packages/airflow/example_dags/example_trigger_target_dag.py
[2023-01-15T13:00:28.910+0000] {processor.py:743} INFO - Processing file /home/airflow/.local/lib/python3.7/site-packages/airflow/example_dags/example_trigger_target_dag.py for tasks to queue
[2023-01-15T13:00:28.912+0000] {logging_mixin.py:137} INFO - [2023-01-15T13:00:28.912+0000] {dagbag.py:538} INFO - Filling up the DagBag from /home/airflow/.local/lib/python3.7/site-packages/airflow/example_dags/example_trigger_target_dag.py
[2023-01-15T13:00:29.027+0000] {processor.py:753} INFO - DAG(s) dict_keys(['example_trigger_target_dag']) retrieved from /home/airflow/.local/lib/python3.7/site-packages/airflow/example_dags/example_trigger_target_dag.py
[2023-01-15T13:00:29.218+0000] {logging_mixin.py:137} INFO - [2023-01-15T13:00:29.218+0000] {dag.py:2676} INFO - Sync 1 DAGs
[2023-01-15T13:00:29.305+0000] {logging_mixin.py:137} INFO - [2023-01-15T13:00:29.305+0000] {dag.py:3427} INFO - Setting next_dagrun for example_trigger_target_dag to None, run_after=None
[2023-01-15T13:00:29.386+0000] {processor.py:175} INFO - Processing /home/airflow/.local/lib/python3.7/site-packages/airflow/example_dags/example_trigger_target_dag.py took 0.500 seconds
[2023-01-15T13:00:59.675+0000] {processor.py:153} INFO - Started process (PID=232) to work on /home/airflow/.local/lib/python3.7/site-packages/airflow/example_dags/example_trigger_target_dag.py
[2023-01-15T13:00:59.680+0000] {processor.py:743} INFO - Processing file /home/airflow/.local/lib/python3.7/site-packages/airflow/example_dags/example_trigger_target_dag.py for tasks to queue
[2023-01-15T13:00:59.682+0000] {logging_mixin.py:137} INFO - [2023-01-15T13:00:59.682+0000] {dagbag.py:538} INFO - Filling up the DagBag from /home/airflow/.local/lib/python3.7/site-packages/airflow/example_dags/example_trigger_target_dag.py
[2023-01-15T13:00:59.738+0000] {processor.py:753} INFO - DAG(s) dict_keys(['example_trigger_target_dag']) retrieved from /home/airflow/.local/lib/python3.7/site-packages/airflow/example_dags/example_trigger_target_dag.py
[2023-01-15T13:00:59.836+0000] {logging_mixin.py:137} INFO - [2023-01-15T13:00:59.836+0000] {dag.py:2676} INFO - Sync 1 DAGs
[2023-01-15T13:00:59.896+0000] {logging_mixin.py:137} INFO - [2023-01-15T13:00:59.896+0000] {dag.py:3427} INFO - Setting next_dagrun for example_trigger_target_dag to None, run_after=None
[2023-01-15T13:00:59.954+0000] {processor.py:175} INFO - Processing /home/airflow/.local/lib/python3.7/site-packages/airflow/example_dags/example_trigger_target_dag.py took 0.287 seconds
[2023-01-15T13:01:30.164+0000] {processor.py:153} INFO - Started process (PID=295) to work on /home/airflow/.local/lib/python3.7/site-packages/airflow/example_dags/example_trigger_target_dag.py
[2023-01-15T13:01:30.169+0000] {processor.py:743} INFO - Processing file /home/airflow/.local/lib/python3.7/site-packages/airflow/example_dags/example_trigger_target_dag.py for tasks to queue
[2023-01-15T13:01:30.171+0000] {logging_mixin.py:137} INFO - [2023-01-15T13:01:30.171+0000] {dagbag.py:538} INFO - Filling up the DagBag from /home/airflow/.local/lib/python3.7/site-packages/airflow/example_dags/example_trigger_target_dag.py
[2023-01-15T13:01:30.257+0000] {processor.py:753} INFO - DAG(s) dict_keys(['example_trigger_target_dag']) retrieved from /home/airflow/.local/lib/python3.7/site-packages/airflow/example_dags/example_trigger_target_dag.py
[2023-01-15T13:01:30.391+0000] {logging_mixin.py:137} INFO - [2023-01-15T13:01:30.391+0000] {dag.py:2676} INFO - Sync 1 DAGs
[2023-01-15T13:01:30.499+0000] {logging_mixin.py:137} INFO - [2023-01-15T13:01:30.499+0000] {dag.py:3427} INFO - Setting next_dagrun for example_trigger_target_dag to None, run_after=None
[2023-01-15T13:01:30.568+0000] {processor.py:175} INFO - Processing /home/airflow/.local/lib/python3.7/site-packages/airflow/example_dags/example_trigger_target_dag.py took 0.415 seconds
[2023-01-15T13:02:02.255+0000] {processor.py:153} INFO - Started process (PID=351) to work on /home/airflow/.local/lib/python3.7/site-packages/airflow/example_dags/example_trigger_target_dag.py
[2023-01-15T13:02:02.263+0000] {processor.py:743} INFO - Processing file /home/airflow/.local/lib/python3.7/site-packages/airflow/example_dags/example_trigger_target_dag.py for tasks to queue
[2023-01-15T13:02:02.265+0000] {logging_mixin.py:137} INFO - [2023-01-15T13:02:02.265+0000] {dagbag.py:538} INFO - Filling up the DagBag from /home/airflow/.local/lib/python3.7/site-packages/airflow/example_dags/example_trigger_target_dag.py
[2023-01-15T13:02:02.497+0000] {processor.py:753} INFO - DAG(s) dict_keys(['example_trigger_target_dag']) retrieved from /home/airflow/.local/lib/python3.7/site-packages/airflow/example_dags/example_trigger_target_dag.py
[2023-01-15T13:02:02.708+0000] {logging_mixin.py:137} INFO - [2023-01-15T13:02:02.708+0000] {dag.py:2676} INFO - Sync 1 DAGs
[2023-01-15T13:02:02.897+0000] {logging_mixin.py:137} INFO - [2023-01-15T13:02:02.897+0000] {dag.py:3427} INFO - Setting next_dagrun for example_trigger_target_dag to None, run_after=None
[2023-01-15T13:02:02.996+0000] {processor.py:175} INFO - Processing /home/airflow/.local/lib/python3.7/site-packages/airflow/example_dags/example_trigger_target_dag.py took 0.757 seconds
[2023-01-15T13:02:33.514+0000] {processor.py:153} INFO - Started process (PID=405) to work on /home/airflow/.local/lib/python3.7/site-packages/airflow/example_dags/example_trigger_target_dag.py
[2023-01-15T13:02:33.523+0000] {processor.py:743} INFO - Processing file /home/airflow/.local/lib/python3.7/site-packages/airflow/example_dags/example_trigger_target_dag.py for tasks to queue
[2023-01-15T13:02:33.528+0000] {logging_mixin.py:137} INFO - [2023-01-15T13:02:33.527+0000] {dagbag.py:538} INFO - Filling up the DagBag from /home/airflow/.local/lib/python3.7/site-packages/airflow/example_dags/example_trigger_target_dag.py
[2023-01-15T13:02:33.700+0000] {processor.py:753} INFO - DAG(s) dict_keys(['example_trigger_target_dag']) retrieved from /home/airflow/.local/lib/python3.7/site-packages/airflow/example_dags/example_trigger_target_dag.py
[2023-01-15T13:02:33.975+0000] {logging_mixin.py:137} INFO - [2023-01-15T13:02:33.975+0000] {dag.py:2676} INFO - Sync 1 DAGs
[2023-01-15T13:02:34.147+0000] {logging_mixin.py:137} INFO - [2023-01-15T13:02:34.147+0000] {dag.py:3427} INFO - Setting next_dagrun for example_trigger_target_dag to None, run_after=None
[2023-01-15T13:02:34.310+0000] {processor.py:175} INFO - Processing /home/airflow/.local/lib/python3.7/site-packages/airflow/example_dags/example_trigger_target_dag.py took 0.830 seconds
[2023-01-15T13:03:05.109+0000] {processor.py:153} INFO - Started process (PID=452) to work on /home/airflow/.local/lib/python3.7/site-packages/airflow/example_dags/example_trigger_target_dag.py
[2023-01-15T13:03:05.119+0000] {processor.py:743} INFO - Processing file /home/airflow/.local/lib/python3.7/site-packages/airflow/example_dags/example_trigger_target_dag.py for tasks to queue
[2023-01-15T13:03:05.126+0000] {logging_mixin.py:137} INFO - [2023-01-15T13:03:05.126+0000] {dagbag.py:538} INFO - Filling up the DagBag from /home/airflow/.local/lib/python3.7/site-packages/airflow/example_dags/example_trigger_target_dag.py
[2023-01-15T13:03:05.246+0000] {processor.py:753} INFO - DAG(s) dict_keys(['example_trigger_target_dag']) retrieved from /home/airflow/.local/lib/python3.7/site-packages/airflow/example_dags/example_trigger_target_dag.py
[2023-01-15T13:03:05.424+0000] {logging_mixin.py:137} INFO - [2023-01-15T13:03:05.424+0000] {dag.py:2676} INFO - Sync 1 DAGs
[2023-01-15T13:03:05.541+0000] {logging_mixin.py:137} INFO - [2023-01-15T13:03:05.541+0000] {dag.py:3427} INFO - Setting next_dagrun for example_trigger_target_dag to None, run_after=None
[2023-01-15T13:03:05.633+0000] {processor.py:175} INFO - Processing /home/airflow/.local/lib/python3.7/site-packages/airflow/example_dags/example_trigger_target_dag.py took 0.547 seconds
[2023-01-15T13:03:36.437+0000] {processor.py:153} INFO - Started process (PID=508) to work on /home/airflow/.local/lib/python3.7/site-packages/airflow/example_dags/example_trigger_target_dag.py
[2023-01-15T13:03:36.449+0000] {processor.py:743} INFO - Processing file /home/airflow/.local/lib/python3.7/site-packages/airflow/example_dags/example_trigger_target_dag.py for tasks to queue
[2023-01-15T13:03:36.455+0000] {logging_mixin.py:137} INFO - [2023-01-15T13:03:36.455+0000] {dagbag.py:538} INFO - Filling up the DagBag from /home/airflow/.local/lib/python3.7/site-packages/airflow/example_dags/example_trigger_target_dag.py
[2023-01-15T13:03:36.592+0000] {processor.py:753} INFO - DAG(s) dict_keys(['example_trigger_target_dag']) retrieved from /home/airflow/.local/lib/python3.7/site-packages/airflow/example_dags/example_trigger_target_dag.py
[2023-01-15T13:03:36.781+0000] {logging_mixin.py:137} INFO - [2023-01-15T13:03:36.781+0000] {dag.py:2676} INFO - Sync 1 DAGs
[2023-01-15T13:03:36.899+0000] {logging_mixin.py:137} INFO - [2023-01-15T13:03:36.899+0000] {dag.py:3427} INFO - Setting next_dagrun for example_trigger_target_dag to None, run_after=None
[2023-01-15T13:03:36.988+0000] {processor.py:175} INFO - Processing /home/airflow/.local/lib/python3.7/site-packages/airflow/example_dags/example_trigger_target_dag.py took 0.598 seconds
[2023-01-15T13:04:07.254+0000] {processor.py:153} INFO - Started process (PID=573) to work on /home/airflow/.local/lib/python3.7/site-packages/airflow/example_dags/example_trigger_target_dag.py
[2023-01-15T13:04:07.264+0000] {processor.py:743} INFO - Processing file /home/airflow/.local/lib/python3.7/site-packages/airflow/example_dags/example_trigger_target_dag.py for tasks to queue
[2023-01-15T13:04:07.266+0000] {logging_mixin.py:137} INFO - [2023-01-15T13:04:07.266+0000] {dagbag.py:538} INFO - Filling up the DagBag from /home/airflow/.local/lib/python3.7/site-packages/airflow/example_dags/example_trigger_target_dag.py
[2023-01-15T13:04:07.354+0000] {processor.py:753} INFO - DAG(s) dict_keys(['example_trigger_target_dag']) retrieved from /home/airflow/.local/lib/python3.7/site-packages/airflow/example_dags/example_trigger_target_dag.py
[2023-01-15T13:04:07.496+0000] {logging_mixin.py:137} INFO - [2023-01-15T13:04:07.496+0000] {dag.py:2676} INFO - Sync 1 DAGs
[2023-01-15T13:04:07.622+0000] {logging_mixin.py:137} INFO - [2023-01-15T13:04:07.621+0000] {dag.py:3427} INFO - Setting next_dagrun for example_trigger_target_dag to None, run_after=None
[2023-01-15T13:04:07.705+0000] {processor.py:175} INFO - Processing /home/airflow/.local/lib/python3.7/site-packages/airflow/example_dags/example_trigger_target_dag.py took 0.463 seconds
[2023-01-15T13:04:38.100+0000] {processor.py:153} INFO - Started process (PID=628) to work on /home/airflow/.local/lib/python3.7/site-packages/airflow/example_dags/example_trigger_target_dag.py
[2023-01-15T13:04:38.117+0000] {processor.py:743} INFO - Processing file /home/airflow/.local/lib/python3.7/site-packages/airflow/example_dags/example_trigger_target_dag.py for tasks to queue
[2023-01-15T13:04:38.123+0000] {logging_mixin.py:137} INFO - [2023-01-15T13:04:38.123+0000] {dagbag.py:538} INFO - Filling up the DagBag from /home/airflow/.local/lib/python3.7/site-packages/airflow/example_dags/example_trigger_target_dag.py
[2023-01-15T13:04:38.254+0000] {processor.py:753} INFO - DAG(s) dict_keys(['example_trigger_target_dag']) retrieved from /home/airflow/.local/lib/python3.7/site-packages/airflow/example_dags/example_trigger_target_dag.py
[2023-01-15T13:04:38.443+0000] {logging_mixin.py:137} INFO - [2023-01-15T13:04:38.443+0000] {dag.py:2676} INFO - Sync 1 DAGs
[2023-01-15T13:04:38.567+0000] {logging_mixin.py:137} INFO - [2023-01-15T13:04:38.567+0000] {dag.py:3427} INFO - Setting next_dagrun for example_trigger_target_dag to None, run_after=None
[2023-01-15T13:04:38.644+0000] {processor.py:175} INFO - Processing /home/airflow/.local/lib/python3.7/site-packages/airflow/example_dags/example_trigger_target_dag.py took 0.564 seconds
[2023-01-15T13:05:09.427+0000] {processor.py:153} INFO - Started process (PID=683) to work on /home/airflow/.local/lib/python3.7/site-packages/airflow/example_dags/example_trigger_target_dag.py
[2023-01-15T13:05:09.430+0000] {processor.py:743} INFO - Processing file /home/airflow/.local/lib/python3.7/site-packages/airflow/example_dags/example_trigger_target_dag.py for tasks to queue
[2023-01-15T13:05:09.436+0000] {logging_mixin.py:137} INFO - [2023-01-15T13:05:09.436+0000] {dagbag.py:538} INFO - Filling up the DagBag from /home/airflow/.local/lib/python3.7/site-packages/airflow/example_dags/example_trigger_target_dag.py
[2023-01-15T13:05:09.601+0000] {processor.py:753} INFO - DAG(s) dict_keys(['example_trigger_target_dag']) retrieved from /home/airflow/.local/lib/python3.7/site-packages/airflow/example_dags/example_trigger_target_dag.py
[2023-01-15T13:05:09.832+0000] {logging_mixin.py:137} INFO - [2023-01-15T13:05:09.832+0000] {dag.py:2676} INFO - Sync 1 DAGs
[2023-01-15T13:05:09.976+0000] {logging_mixin.py:137} INFO - [2023-01-15T13:05:09.975+0000] {dag.py:3427} INFO - Setting next_dagrun for example_trigger_target_dag to None, run_after=None
[2023-01-15T13:05:10.090+0000] {processor.py:175} INFO - Processing /home/airflow/.local/lib/python3.7/site-packages/airflow/example_dags/example_trigger_target_dag.py took 0.682 seconds
[2023-01-15T13:05:40.561+0000] {processor.py:153} INFO - Started process (PID=746) to work on /home/airflow/.local/lib/python3.7/site-packages/airflow/example_dags/example_trigger_target_dag.py
[2023-01-15T13:05:40.565+0000] {processor.py:743} INFO - Processing file /home/airflow/.local/lib/python3.7/site-packages/airflow/example_dags/example_trigger_target_dag.py for tasks to queue
[2023-01-15T13:05:40.573+0000] {logging_mixin.py:137} INFO - [2023-01-15T13:05:40.573+0000] {dagbag.py:538} INFO - Filling up the DagBag from /home/airflow/.local/lib/python3.7/site-packages/airflow/example_dags/example_trigger_target_dag.py
[2023-01-15T13:05:40.647+0000] {processor.py:753} INFO - DAG(s) dict_keys(['example_trigger_target_dag']) retrieved from /home/airflow/.local/lib/python3.7/site-packages/airflow/example_dags/example_trigger_target_dag.py
[2023-01-15T13:05:40.801+0000] {logging_mixin.py:137} INFO - [2023-01-15T13:05:40.801+0000] {dag.py:2676} INFO - Sync 1 DAGs
[2023-01-15T13:05:40.890+0000] {logging_mixin.py:137} INFO - [2023-01-15T13:05:40.890+0000] {dag.py:3427} INFO - Setting next_dagrun for example_trigger_target_dag to None, run_after=None
[2023-01-15T13:05:40.963+0000] {processor.py:175} INFO - Processing /home/airflow/.local/lib/python3.7/site-packages/airflow/example_dags/example_trigger_target_dag.py took 0.422 seconds
[2023-01-15T13:06:11.487+0000] {processor.py:153} INFO - Started process (PID=800) to work on /home/airflow/.local/lib/python3.7/site-packages/airflow/example_dags/example_trigger_target_dag.py
[2023-01-15T13:06:11.492+0000] {processor.py:743} INFO - Processing file /home/airflow/.local/lib/python3.7/site-packages/airflow/example_dags/example_trigger_target_dag.py for tasks to queue
[2023-01-15T13:06:11.501+0000] {logging_mixin.py:137} INFO - [2023-01-15T13:06:11.496+0000] {dagbag.py:538} INFO - Filling up the DagBag from /home/airflow/.local/lib/python3.7/site-packages/airflow/example_dags/example_trigger_target_dag.py
[2023-01-15T13:06:11.631+0000] {processor.py:753} INFO - DAG(s) dict_keys(['example_trigger_target_dag']) retrieved from /home/airflow/.local/lib/python3.7/site-packages/airflow/example_dags/example_trigger_target_dag.py
[2023-01-15T13:06:11.823+0000] {logging_mixin.py:137} INFO - [2023-01-15T13:06:11.822+0000] {dag.py:2676} INFO - Sync 1 DAGs
[2023-01-15T13:06:11.942+0000] {logging_mixin.py:137} INFO - [2023-01-15T13:06:11.942+0000] {dag.py:3427} INFO - Setting next_dagrun for example_trigger_target_dag to None, run_after=None
[2023-01-15T13:06:12.046+0000] {processor.py:175} INFO - Processing /home/airflow/.local/lib/python3.7/site-packages/airflow/example_dags/example_trigger_target_dag.py took 0.577 seconds
[2023-01-15T13:06:42.554+0000] {processor.py:153} INFO - Started process (PID=855) to work on /home/airflow/.local/lib/python3.7/site-packages/airflow/example_dags/example_trigger_target_dag.py
[2023-01-15T13:06:42.557+0000] {processor.py:743} INFO - Processing file /home/airflow/.local/lib/python3.7/site-packages/airflow/example_dags/example_trigger_target_dag.py for tasks to queue
[2023-01-15T13:06:42.561+0000] {logging_mixin.py:137} INFO - [2023-01-15T13:06:42.560+0000] {dagbag.py:538} INFO - Filling up the DagBag from /home/airflow/.local/lib/python3.7/site-packages/airflow/example_dags/example_trigger_target_dag.py
[2023-01-15T13:06:42.696+0000] {processor.py:753} INFO - DAG(s) dict_keys(['example_trigger_target_dag']) retrieved from /home/airflow/.local/lib/python3.7/site-packages/airflow/example_dags/example_trigger_target_dag.py
[2023-01-15T13:06:42.894+0000] {logging_mixin.py:137} INFO - [2023-01-15T13:06:42.894+0000] {dag.py:2676} INFO - Sync 1 DAGs
[2023-01-15T13:06:43.042+0000] {logging_mixin.py:137} INFO - [2023-01-15T13:06:43.042+0000] {dag.py:3427} INFO - Setting next_dagrun for example_trigger_target_dag to None, run_after=None
[2023-01-15T13:06:43.171+0000] {processor.py:175} INFO - Processing /home/airflow/.local/lib/python3.7/site-packages/airflow/example_dags/example_trigger_target_dag.py took 0.635 seconds
[2023-01-15T13:07:40.268+0000] {processor.py:153} INFO - Started process (PID=921) to work on /home/airflow/.local/lib/python3.7/site-packages/airflow/example_dags/example_trigger_target_dag.py
[2023-01-15T13:07:40.291+0000] {processor.py:743} INFO - Processing file /home/airflow/.local/lib/python3.7/site-packages/airflow/example_dags/example_trigger_target_dag.py for tasks to queue
[2023-01-15T13:07:40.298+0000] {logging_mixin.py:137} INFO - [2023-01-15T13:07:40.297+0000] {dagbag.py:538} INFO - Filling up the DagBag from /home/airflow/.local/lib/python3.7/site-packages/airflow/example_dags/example_trigger_target_dag.py
[2023-01-15T13:07:40.913+0000] {processor.py:753} INFO - DAG(s) dict_keys(['example_trigger_target_dag']) retrieved from /home/airflow/.local/lib/python3.7/site-packages/airflow/example_dags/example_trigger_target_dag.py
[2023-01-15T13:07:42.012+0000] {logging_mixin.py:137} INFO - [2023-01-15T13:07:42.012+0000] {dag.py:2676} INFO - Sync 1 DAGs
[2023-01-15T13:07:42.763+0000] {logging_mixin.py:137} INFO - [2023-01-15T13:07:42.743+0000] {dag.py:3427} INFO - Setting next_dagrun for example_trigger_target_dag to None, run_after=None
[2023-01-15T13:07:43.243+0000] {processor.py:175} INFO - Processing /home/airflow/.local/lib/python3.7/site-packages/airflow/example_dags/example_trigger_target_dag.py took 3.077 seconds
[2023-01-15T13:08:17.017+0000] {processor.py:153} INFO - Started process (PID=977) to work on /home/airflow/.local/lib/python3.7/site-packages/airflow/example_dags/example_trigger_target_dag.py
[2023-01-15T13:08:17.029+0000] {processor.py:743} INFO - Processing file /home/airflow/.local/lib/python3.7/site-packages/airflow/example_dags/example_trigger_target_dag.py for tasks to queue
[2023-01-15T13:08:17.041+0000] {logging_mixin.py:137} INFO - [2023-01-15T13:08:17.041+0000] {dagbag.py:538} INFO - Filling up the DagBag from /home/airflow/.local/lib/python3.7/site-packages/airflow/example_dags/example_trigger_target_dag.py
[2023-01-15T13:08:17.401+0000] {processor.py:753} INFO - DAG(s) dict_keys(['example_trigger_target_dag']) retrieved from /home/airflow/.local/lib/python3.7/site-packages/airflow/example_dags/example_trigger_target_dag.py
[2023-01-15T13:08:18.060+0000] {logging_mixin.py:137} INFO - [2023-01-15T13:08:18.060+0000] {dag.py:2676} INFO - Sync 1 DAGs
[2023-01-15T13:08:18.596+0000] {logging_mixin.py:137} INFO - [2023-01-15T13:08:18.596+0000] {dag.py:3427} INFO - Setting next_dagrun for example_trigger_target_dag to None, run_after=None
[2023-01-15T13:08:18.969+0000] {processor.py:175} INFO - Processing /home/airflow/.local/lib/python3.7/site-packages/airflow/example_dags/example_trigger_target_dag.py took 2.016 seconds
[2023-01-15T13:08:49.325+0000] {processor.py:153} INFO - Started process (PID=1033) to work on /home/airflow/.local/lib/python3.7/site-packages/airflow/example_dags/example_trigger_target_dag.py
[2023-01-15T13:08:49.334+0000] {processor.py:743} INFO - Processing file /home/airflow/.local/lib/python3.7/site-packages/airflow/example_dags/example_trigger_target_dag.py for tasks to queue
[2023-01-15T13:08:49.340+0000] {logging_mixin.py:137} INFO - [2023-01-15T13:08:49.340+0000] {dagbag.py:538} INFO - Filling up the DagBag from /home/airflow/.local/lib/python3.7/site-packages/airflow/example_dags/example_trigger_target_dag.py
[2023-01-15T13:08:49.417+0000] {processor.py:753} INFO - DAG(s) dict_keys(['example_trigger_target_dag']) retrieved from /home/airflow/.local/lib/python3.7/site-packages/airflow/example_dags/example_trigger_target_dag.py
[2023-01-15T13:08:49.531+0000] {logging_mixin.py:137} INFO - [2023-01-15T13:08:49.531+0000] {dag.py:2676} INFO - Sync 1 DAGs
[2023-01-15T13:08:49.606+0000] {logging_mixin.py:137} INFO - [2023-01-15T13:08:49.606+0000] {dag.py:3427} INFO - Setting next_dagrun for example_trigger_target_dag to None, run_after=None
[2023-01-15T13:08:49.651+0000] {processor.py:175} INFO - Processing /home/airflow/.local/lib/python3.7/site-packages/airflow/example_dags/example_trigger_target_dag.py took 0.339 seconds
[2023-01-15T13:09:24.736+0000] {processor.py:153} INFO - Started process (PID=1079) to work on /home/airflow/.local/lib/python3.7/site-packages/airflow/example_dags/example_trigger_target_dag.py
[2023-01-15T13:09:24.744+0000] {processor.py:743} INFO - Processing file /home/airflow/.local/lib/python3.7/site-packages/airflow/example_dags/example_trigger_target_dag.py for tasks to queue
[2023-01-15T13:09:24.747+0000] {logging_mixin.py:137} INFO - [2023-01-15T13:09:24.747+0000] {dagbag.py:538} INFO - Filling up the DagBag from /home/airflow/.local/lib/python3.7/site-packages/airflow/example_dags/example_trigger_target_dag.py
[2023-01-15T13:09:24.934+0000] {processor.py:753} INFO - DAG(s) dict_keys(['example_trigger_target_dag']) retrieved from /home/airflow/.local/lib/python3.7/site-packages/airflow/example_dags/example_trigger_target_dag.py
[2023-01-15T13:09:25.354+0000] {logging_mixin.py:137} INFO - [2023-01-15T13:09:25.354+0000] {dag.py:2676} INFO - Sync 1 DAGs
[2023-01-15T13:09:25.527+0000] {logging_mixin.py:137} INFO - [2023-01-15T13:09:25.527+0000] {dag.py:3427} INFO - Setting next_dagrun for example_trigger_target_dag to None, run_after=None
[2023-01-15T13:09:25.655+0000] {processor.py:175} INFO - Processing /home/airflow/.local/lib/python3.7/site-packages/airflow/example_dags/example_trigger_target_dag.py took 0.947 seconds
[2023-01-15T13:09:57.090+0000] {processor.py:153} INFO - Started process (PID=1126) to work on /home/airflow/.local/lib/python3.7/site-packages/airflow/example_dags/example_trigger_target_dag.py
[2023-01-15T13:09:57.102+0000] {processor.py:743} INFO - Processing file /home/airflow/.local/lib/python3.7/site-packages/airflow/example_dags/example_trigger_target_dag.py for tasks to queue
[2023-01-15T13:09:57.109+0000] {logging_mixin.py:137} INFO - [2023-01-15T13:09:57.109+0000] {dagbag.py:538} INFO - Filling up the DagBag from /home/airflow/.local/lib/python3.7/site-packages/airflow/example_dags/example_trigger_target_dag.py
[2023-01-15T13:09:57.414+0000] {processor.py:753} INFO - DAG(s) dict_keys(['example_trigger_target_dag']) retrieved from /home/airflow/.local/lib/python3.7/site-packages/airflow/example_dags/example_trigger_target_dag.py
[2023-01-15T13:09:57.826+0000] {logging_mixin.py:137} INFO - [2023-01-15T13:09:57.820+0000] {dag.py:2676} INFO - Sync 1 DAGs
[2023-01-15T13:09:58.053+0000] {logging_mixin.py:137} INFO - [2023-01-15T13:09:58.053+0000] {dag.py:3427} INFO - Setting next_dagrun for example_trigger_target_dag to None, run_after=None
[2023-01-15T13:09:58.235+0000] {processor.py:175} INFO - Processing /home/airflow/.local/lib/python3.7/site-packages/airflow/example_dags/example_trigger_target_dag.py took 1.169 seconds
[2023-01-15T13:10:29.029+0000] {processor.py:153} INFO - Started process (PID=1182) to work on /home/airflow/.local/lib/python3.7/site-packages/airflow/example_dags/example_trigger_target_dag.py
[2023-01-15T13:10:29.040+0000] {processor.py:743} INFO - Processing file /home/airflow/.local/lib/python3.7/site-packages/airflow/example_dags/example_trigger_target_dag.py for tasks to queue
[2023-01-15T13:10:29.042+0000] {logging_mixin.py:137} INFO - [2023-01-15T13:10:29.042+0000] {dagbag.py:538} INFO - Filling up the DagBag from /home/airflow/.local/lib/python3.7/site-packages/airflow/example_dags/example_trigger_target_dag.py
[2023-01-15T13:10:29.153+0000] {processor.py:753} INFO - DAG(s) dict_keys(['example_trigger_target_dag']) retrieved from /home/airflow/.local/lib/python3.7/site-packages/airflow/example_dags/example_trigger_target_dag.py
[2023-01-15T13:10:29.340+0000] {logging_mixin.py:137} INFO - [2023-01-15T13:10:29.338+0000] {dag.py:2676} INFO - Sync 1 DAGs
[2023-01-15T13:10:29.634+0000] {logging_mixin.py:137} INFO - [2023-01-15T13:10:29.634+0000] {dag.py:3427} INFO - Setting next_dagrun for example_trigger_target_dag to None, run_after=None
[2023-01-15T13:10:29.967+0000] {processor.py:175} INFO - Processing /home/airflow/.local/lib/python3.7/site-packages/airflow/example_dags/example_trigger_target_dag.py took 0.957 seconds
[2023-01-15T13:11:00.314+0000] {processor.py:153} INFO - Started process (PID=1229) to work on /home/airflow/.local/lib/python3.7/site-packages/airflow/example_dags/example_trigger_target_dag.py
[2023-01-15T13:11:00.326+0000] {processor.py:743} INFO - Processing file /home/airflow/.local/lib/python3.7/site-packages/airflow/example_dags/example_trigger_target_dag.py for tasks to queue
[2023-01-15T13:11:00.328+0000] {logging_mixin.py:137} INFO - [2023-01-15T13:11:00.328+0000] {dagbag.py:538} INFO - Filling up the DagBag from /home/airflow/.local/lib/python3.7/site-packages/airflow/example_dags/example_trigger_target_dag.py
[2023-01-15T13:11:00.878+0000] {processor.py:753} INFO - DAG(s) dict_keys(['example_trigger_target_dag']) retrieved from /home/airflow/.local/lib/python3.7/site-packages/airflow/example_dags/example_trigger_target_dag.py
[2023-01-15T13:11:02.573+0000] {logging_mixin.py:137} INFO - [2023-01-15T13:11:02.573+0000] {dag.py:2676} INFO - Sync 1 DAGs
[2023-01-15T13:11:02.930+0000] {logging_mixin.py:137} INFO - [2023-01-15T13:11:02.930+0000] {dag.py:3427} INFO - Setting next_dagrun for example_trigger_target_dag to None, run_after=None
[2023-01-15T13:11:03.070+0000] {processor.py:175} INFO - Processing /home/airflow/.local/lib/python3.7/site-packages/airflow/example_dags/example_trigger_target_dag.py took 2.777 seconds
[2023-01-15T13:11:49.852+0000] {processor.py:153} INFO - Started process (PID=1294) to work on /home/airflow/.local/lib/python3.7/site-packages/airflow/example_dags/example_trigger_target_dag.py
[2023-01-15T13:11:49.873+0000] {processor.py:743} INFO - Processing file /home/airflow/.local/lib/python3.7/site-packages/airflow/example_dags/example_trigger_target_dag.py for tasks to queue
[2023-01-15T13:11:49.881+0000] {logging_mixin.py:137} INFO - [2023-01-15T13:11:49.878+0000] {dagbag.py:538} INFO - Filling up the DagBag from /home/airflow/.local/lib/python3.7/site-packages/airflow/example_dags/example_trigger_target_dag.py
[2023-01-15T13:11:50.478+0000] {processor.py:753} INFO - DAG(s) dict_keys(['example_trigger_target_dag']) retrieved from /home/airflow/.local/lib/python3.7/site-packages/airflow/example_dags/example_trigger_target_dag.py
[2023-01-15T13:11:51.637+0000] {logging_mixin.py:137} INFO - [2023-01-15T13:11:51.637+0000] {dag.py:2676} INFO - Sync 1 DAGs
[2023-01-15T13:11:52.458+0000] {logging_mixin.py:137} INFO - [2023-01-15T13:11:52.458+0000] {dag.py:3427} INFO - Setting next_dagrun for example_trigger_target_dag to None, run_after=None
[2023-01-15T13:11:53.006+0000] {processor.py:175} INFO - Processing /home/airflow/.local/lib/python3.7/site-packages/airflow/example_dags/example_trigger_target_dag.py took 3.194 seconds
[2023-01-15T13:12:26.043+0000] {processor.py:153} INFO - Started process (PID=1335) to work on /home/airflow/.local/lib/python3.7/site-packages/airflow/example_dags/example_trigger_target_dag.py
[2023-01-15T13:12:26.060+0000] {processor.py:743} INFO - Processing file /home/airflow/.local/lib/python3.7/site-packages/airflow/example_dags/example_trigger_target_dag.py for tasks to queue
[2023-01-15T13:12:26.063+0000] {logging_mixin.py:137} INFO - [2023-01-15T13:12:26.063+0000] {dagbag.py:538} INFO - Filling up the DagBag from /home/airflow/.local/lib/python3.7/site-packages/airflow/example_dags/example_trigger_target_dag.py
[2023-01-15T13:12:26.252+0000] {processor.py:753} INFO - DAG(s) dict_keys(['example_trigger_target_dag']) retrieved from /home/airflow/.local/lib/python3.7/site-packages/airflow/example_dags/example_trigger_target_dag.py
[2023-01-15T13:12:26.619+0000] {logging_mixin.py:137} INFO - [2023-01-15T13:12:26.618+0000] {dag.py:2676} INFO - Sync 1 DAGs
[2023-01-15T13:12:26.822+0000] {logging_mixin.py:137} INFO - [2023-01-15T13:12:26.822+0000] {dag.py:3427} INFO - Setting next_dagrun for example_trigger_target_dag to None, run_after=None
[2023-01-15T13:12:26.955+0000] {processor.py:175} INFO - Processing /home/airflow/.local/lib/python3.7/site-packages/airflow/example_dags/example_trigger_target_dag.py took 0.937 seconds
[2023-01-15T13:12:58.194+0000] {processor.py:153} INFO - Started process (PID=1382) to work on /home/airflow/.local/lib/python3.7/site-packages/airflow/example_dags/example_trigger_target_dag.py
[2023-01-15T13:12:58.198+0000] {processor.py:743} INFO - Processing file /home/airflow/.local/lib/python3.7/site-packages/airflow/example_dags/example_trigger_target_dag.py for tasks to queue
[2023-01-15T13:12:58.201+0000] {logging_mixin.py:137} INFO - [2023-01-15T13:12:58.201+0000] {dagbag.py:538} INFO - Filling up the DagBag from /home/airflow/.local/lib/python3.7/site-packages/airflow/example_dags/example_trigger_target_dag.py
[2023-01-15T13:12:58.350+0000] {processor.py:753} INFO - DAG(s) dict_keys(['example_trigger_target_dag']) retrieved from /home/airflow/.local/lib/python3.7/site-packages/airflow/example_dags/example_trigger_target_dag.py
[2023-01-15T13:12:58.534+0000] {logging_mixin.py:137} INFO - [2023-01-15T13:12:58.534+0000] {dag.py:2676} INFO - Sync 1 DAGs
[2023-01-15T13:12:58.628+0000] {logging_mixin.py:137} INFO - [2023-01-15T13:12:58.628+0000] {dag.py:3427} INFO - Setting next_dagrun for example_trigger_target_dag to None, run_after=None
[2023-01-15T13:12:58.700+0000] {processor.py:175} INFO - Processing /home/airflow/.local/lib/python3.7/site-packages/airflow/example_dags/example_trigger_target_dag.py took 0.526 seconds
[2023-01-15T13:13:36.347+0000] {processor.py:153} INFO - Started process (PID=1426) to work on /home/airflow/.local/lib/python3.7/site-packages/airflow/example_dags/example_trigger_target_dag.py
[2023-01-15T13:13:36.355+0000] {processor.py:743} INFO - Processing file /home/airflow/.local/lib/python3.7/site-packages/airflow/example_dags/example_trigger_target_dag.py for tasks to queue
[2023-01-15T13:13:36.361+0000] {logging_mixin.py:137} INFO - [2023-01-15T13:13:36.361+0000] {dagbag.py:538} INFO - Filling up the DagBag from /home/airflow/.local/lib/python3.7/site-packages/airflow/example_dags/example_trigger_target_dag.py
[2023-01-15T13:13:36.461+0000] {processor.py:753} INFO - DAG(s) dict_keys(['example_trigger_target_dag']) retrieved from /home/airflow/.local/lib/python3.7/site-packages/airflow/example_dags/example_trigger_target_dag.py
[2023-01-15T13:13:36.720+0000] {logging_mixin.py:137} INFO - [2023-01-15T13:13:36.720+0000] {dag.py:2676} INFO - Sync 1 DAGs
[2023-01-15T13:13:36.826+0000] {logging_mixin.py:137} INFO - [2023-01-15T13:13:36.826+0000] {dag.py:3427} INFO - Setting next_dagrun for example_trigger_target_dag to None, run_after=None
[2023-01-15T13:13:36.904+0000] {processor.py:175} INFO - Processing /home/airflow/.local/lib/python3.7/site-packages/airflow/example_dags/example_trigger_target_dag.py took 0.576 seconds
[2023-01-15T13:14:08.672+0000] {processor.py:153} INFO - Started process (PID=1482) to work on /home/airflow/.local/lib/python3.7/site-packages/airflow/example_dags/example_trigger_target_dag.py
[2023-01-15T13:14:08.681+0000] {processor.py:743} INFO - Processing file /home/airflow/.local/lib/python3.7/site-packages/airflow/example_dags/example_trigger_target_dag.py for tasks to queue
[2023-01-15T13:14:08.684+0000] {logging_mixin.py:137} INFO - [2023-01-15T13:14:08.684+0000] {dagbag.py:538} INFO - Filling up the DagBag from /home/airflow/.local/lib/python3.7/site-packages/airflow/example_dags/example_trigger_target_dag.py
[2023-01-15T13:14:09.009+0000] {processor.py:753} INFO - DAG(s) dict_keys(['example_trigger_target_dag']) retrieved from /home/airflow/.local/lib/python3.7/site-packages/airflow/example_dags/example_trigger_target_dag.py
[2023-01-15T13:14:09.345+0000] {logging_mixin.py:137} INFO - [2023-01-15T13:14:09.341+0000] {dag.py:2676} INFO - Sync 1 DAGs
[2023-01-15T13:14:09.601+0000] {logging_mixin.py:137} INFO - [2023-01-15T13:14:09.600+0000] {dag.py:3427} INFO - Setting next_dagrun for example_trigger_target_dag to None, run_after=None
[2023-01-15T13:14:09.732+0000] {processor.py:175} INFO - Processing /home/airflow/.local/lib/python3.7/site-packages/airflow/example_dags/example_trigger_target_dag.py took 1.126 seconds
[2023-01-15T13:14:40.125+0000] {processor.py:153} INFO - Started process (PID=1529) to work on /home/airflow/.local/lib/python3.7/site-packages/airflow/example_dags/example_trigger_target_dag.py
[2023-01-15T13:14:40.133+0000] {processor.py:743} INFO - Processing file /home/airflow/.local/lib/python3.7/site-packages/airflow/example_dags/example_trigger_target_dag.py for tasks to queue
[2023-01-15T13:14:40.135+0000] {logging_mixin.py:137} INFO - [2023-01-15T13:14:40.135+0000] {dagbag.py:538} INFO - Filling up the DagBag from /home/airflow/.local/lib/python3.7/site-packages/airflow/example_dags/example_trigger_target_dag.py
[2023-01-15T13:14:40.284+0000] {processor.py:753} INFO - DAG(s) dict_keys(['example_trigger_target_dag']) retrieved from /home/airflow/.local/lib/python3.7/site-packages/airflow/example_dags/example_trigger_target_dag.py
[2023-01-15T13:14:40.525+0000] {logging_mixin.py:137} INFO - [2023-01-15T13:14:40.525+0000] {dag.py:2676} INFO - Sync 1 DAGs
[2023-01-15T13:14:40.773+0000] {logging_mixin.py:137} INFO - [2023-01-15T13:14:40.773+0000] {dag.py:3427} INFO - Setting next_dagrun for example_trigger_target_dag to None, run_after=None
[2023-01-15T13:14:40.862+0000] {processor.py:175} INFO - Processing /home/airflow/.local/lib/python3.7/site-packages/airflow/example_dags/example_trigger_target_dag.py took 0.748 seconds
[2023-01-15T13:15:12.552+0000] {processor.py:153} INFO - Started process (PID=1585) to work on /home/airflow/.local/lib/python3.7/site-packages/airflow/example_dags/example_trigger_target_dag.py
[2023-01-15T13:15:12.564+0000] {processor.py:743} INFO - Processing file /home/airflow/.local/lib/python3.7/site-packages/airflow/example_dags/example_trigger_target_dag.py for tasks to queue
[2023-01-15T13:15:12.567+0000] {logging_mixin.py:137} INFO - [2023-01-15T13:15:12.567+0000] {dagbag.py:538} INFO - Filling up the DagBag from /home/airflow/.local/lib/python3.7/site-packages/airflow/example_dags/example_trigger_target_dag.py
[2023-01-15T13:15:13.008+0000] {processor.py:753} INFO - DAG(s) dict_keys(['example_trigger_target_dag']) retrieved from /home/airflow/.local/lib/python3.7/site-packages/airflow/example_dags/example_trigger_target_dag.py
[2023-01-15T13:15:13.490+0000] {logging_mixin.py:137} INFO - [2023-01-15T13:15:13.490+0000] {dag.py:2676} INFO - Sync 1 DAGs
[2023-01-15T13:15:13.779+0000] {logging_mixin.py:137} INFO - [2023-01-15T13:15:13.779+0000] {dag.py:3427} INFO - Setting next_dagrun for example_trigger_target_dag to None, run_after=None
[2023-01-15T13:15:14.030+0000] {processor.py:175} INFO - Processing /home/airflow/.local/lib/python3.7/site-packages/airflow/example_dags/example_trigger_target_dag.py took 1.503 seconds
[2023-01-15T13:43:35.573+0000] {processor.py:153} INFO - Started process (PID=64) to work on /home/airflow/.local/lib/python3.7/site-packages/airflow/example_dags/example_trigger_target_dag.py
[2023-01-15T13:43:35.579+0000] {processor.py:743} INFO - Processing file /home/airflow/.local/lib/python3.7/site-packages/airflow/example_dags/example_trigger_target_dag.py for tasks to queue
[2023-01-15T13:43:35.581+0000] {logging_mixin.py:137} INFO - [2023-01-15T13:43:35.581+0000] {dagbag.py:538} INFO - Filling up the DagBag from /home/airflow/.local/lib/python3.7/site-packages/airflow/example_dags/example_trigger_target_dag.py
[2023-01-15T13:43:35.802+0000] {processor.py:753} INFO - DAG(s) dict_keys(['example_trigger_target_dag']) retrieved from /home/airflow/.local/lib/python3.7/site-packages/airflow/example_dags/example_trigger_target_dag.py
[2023-01-15T13:43:36.120+0000] {logging_mixin.py:137} INFO - [2023-01-15T13:43:36.119+0000] {dag.py:2676} INFO - Sync 1 DAGs
[2023-01-15T13:43:36.313+0000] {logging_mixin.py:137} INFO - [2023-01-15T13:43:36.313+0000] {dag.py:3427} INFO - Setting next_dagrun for example_trigger_target_dag to None, run_after=None
[2023-01-15T13:43:36.439+0000] {processor.py:175} INFO - Processing /home/airflow/.local/lib/python3.7/site-packages/airflow/example_dags/example_trigger_target_dag.py took 0.897 seconds
[2023-01-15T13:44:48.803+0000] {processor.py:153} INFO - Started process (PID=136) to work on /home/airflow/.local/lib/python3.7/site-packages/airflow/example_dags/example_trigger_target_dag.py
[2023-01-15T13:44:49.720+0000] {processor.py:743} INFO - Processing file /home/airflow/.local/lib/python3.7/site-packages/airflow/example_dags/example_trigger_target_dag.py for tasks to queue
[2023-01-15T13:44:49.768+0000] {logging_mixin.py:137} INFO - [2023-01-15T13:44:49.767+0000] {dagbag.py:538} INFO - Filling up the DagBag from /home/airflow/.local/lib/python3.7/site-packages/airflow/example_dags/example_trigger_target_dag.py
[2023-01-15T13:44:50.640+0000] {processor.py:753} INFO - DAG(s) dict_keys(['example_trigger_target_dag']) retrieved from /home/airflow/.local/lib/python3.7/site-packages/airflow/example_dags/example_trigger_target_dag.py
[2023-01-15T13:45:01.204+0000] {logging_mixin.py:137} INFO - [2023-01-15T13:45:01.204+0000] {dag.py:2676} INFO - Sync 1 DAGs
[2023-01-15T13:45:02.457+0000] {logging_mixin.py:137} INFO - [2023-01-15T13:45:02.457+0000] {dag.py:3427} INFO - Setting next_dagrun for example_trigger_target_dag to None, run_after=None
[2023-01-15T13:45:02.964+0000] {processor.py:175} INFO - Processing /home/airflow/.local/lib/python3.7/site-packages/airflow/example_dags/example_trigger_target_dag.py took 14.436 seconds
[2023-01-15T13:45:38.601+0000] {processor.py:153} INFO - Started process (PID=190) to work on /home/airflow/.local/lib/python3.7/site-packages/airflow/example_dags/example_trigger_target_dag.py
[2023-01-15T13:45:38.609+0000] {processor.py:743} INFO - Processing file /home/airflow/.local/lib/python3.7/site-packages/airflow/example_dags/example_trigger_target_dag.py for tasks to queue
[2023-01-15T13:45:38.627+0000] {logging_mixin.py:137} INFO - [2023-01-15T13:45:38.627+0000] {dagbag.py:538} INFO - Filling up the DagBag from /home/airflow/.local/lib/python3.7/site-packages/airflow/example_dags/example_trigger_target_dag.py
[2023-01-15T13:45:39.018+0000] {processor.py:753} INFO - DAG(s) dict_keys(['example_trigger_target_dag']) retrieved from /home/airflow/.local/lib/python3.7/site-packages/airflow/example_dags/example_trigger_target_dag.py
[2023-01-15T13:45:39.692+0000] {logging_mixin.py:137} INFO - [2023-01-15T13:45:39.692+0000] {dag.py:2676} INFO - Sync 1 DAGs
[2023-01-15T13:45:40.406+0000] {logging_mixin.py:137} INFO - [2023-01-15T13:45:40.405+0000] {dag.py:3427} INFO - Setting next_dagrun for example_trigger_target_dag to None, run_after=None
[2023-01-15T13:45:40.951+0000] {processor.py:175} INFO - Processing /home/airflow/.local/lib/python3.7/site-packages/airflow/example_dags/example_trigger_target_dag.py took 2.440 seconds
[2023-01-15T13:46:15.329+0000] {processor.py:153} INFO - Started process (PID=239) to work on /home/airflow/.local/lib/python3.7/site-packages/airflow/example_dags/example_trigger_target_dag.py
[2023-01-15T13:46:15.344+0000] {processor.py:743} INFO - Processing file /home/airflow/.local/lib/python3.7/site-packages/airflow/example_dags/example_trigger_target_dag.py for tasks to queue
[2023-01-15T13:46:15.360+0000] {logging_mixin.py:137} INFO - [2023-01-15T13:46:15.360+0000] {dagbag.py:538} INFO - Filling up the DagBag from /home/airflow/.local/lib/python3.7/site-packages/airflow/example_dags/example_trigger_target_dag.py
[2023-01-15T13:46:15.762+0000] {processor.py:753} INFO - DAG(s) dict_keys(['example_trigger_target_dag']) retrieved from /home/airflow/.local/lib/python3.7/site-packages/airflow/example_dags/example_trigger_target_dag.py
[2023-01-15T13:46:16.171+0000] {logging_mixin.py:137} INFO - [2023-01-15T13:46:16.171+0000] {dag.py:2676} INFO - Sync 1 DAGs
[2023-01-15T13:46:16.751+0000] {logging_mixin.py:137} INFO - [2023-01-15T13:46:16.751+0000] {dag.py:3427} INFO - Setting next_dagrun for example_trigger_target_dag to None, run_after=None
[2023-01-15T13:46:17.057+0000] {processor.py:175} INFO - Processing /home/airflow/.local/lib/python3.7/site-packages/airflow/example_dags/example_trigger_target_dag.py took 1.767 seconds
[2023-01-15T13:46:47.233+0000] {processor.py:153} INFO - Started process (PID=295) to work on /home/airflow/.local/lib/python3.7/site-packages/airflow/example_dags/example_trigger_target_dag.py
[2023-01-15T13:46:47.235+0000] {processor.py:743} INFO - Processing file /home/airflow/.local/lib/python3.7/site-packages/airflow/example_dags/example_trigger_target_dag.py for tasks to queue
[2023-01-15T13:46:47.237+0000] {logging_mixin.py:137} INFO - [2023-01-15T13:46:47.237+0000] {dagbag.py:538} INFO - Filling up the DagBag from /home/airflow/.local/lib/python3.7/site-packages/airflow/example_dags/example_trigger_target_dag.py
[2023-01-15T13:46:47.289+0000] {processor.py:753} INFO - DAG(s) dict_keys(['example_trigger_target_dag']) retrieved from /home/airflow/.local/lib/python3.7/site-packages/airflow/example_dags/example_trigger_target_dag.py
[2023-01-15T13:46:47.380+0000] {logging_mixin.py:137} INFO - [2023-01-15T13:46:47.379+0000] {dag.py:2676} INFO - Sync 1 DAGs
[2023-01-15T13:46:47.434+0000] {logging_mixin.py:137} INFO - [2023-01-15T13:46:47.434+0000] {dag.py:3427} INFO - Setting next_dagrun for example_trigger_target_dag to None, run_after=None
[2023-01-15T13:46:47.480+0000] {processor.py:175} INFO - Processing /home/airflow/.local/lib/python3.7/site-packages/airflow/example_dags/example_trigger_target_dag.py took 0.257 seconds
[2023-01-15T13:47:19.078+0000] {processor.py:153} INFO - Started process (PID=350) to work on /home/airflow/.local/lib/python3.7/site-packages/airflow/example_dags/example_trigger_target_dag.py
[2023-01-15T13:47:19.081+0000] {processor.py:743} INFO - Processing file /home/airflow/.local/lib/python3.7/site-packages/airflow/example_dags/example_trigger_target_dag.py for tasks to queue
[2023-01-15T13:47:19.086+0000] {logging_mixin.py:137} INFO - [2023-01-15T13:47:19.085+0000] {dagbag.py:538} INFO - Filling up the DagBag from /home/airflow/.local/lib/python3.7/site-packages/airflow/example_dags/example_trigger_target_dag.py
[2023-01-15T13:47:19.174+0000] {processor.py:753} INFO - DAG(s) dict_keys(['example_trigger_target_dag']) retrieved from /home/airflow/.local/lib/python3.7/site-packages/airflow/example_dags/example_trigger_target_dag.py
[2023-01-15T13:47:19.324+0000] {logging_mixin.py:137} INFO - [2023-01-15T13:47:19.324+0000] {dag.py:2676} INFO - Sync 1 DAGs
[2023-01-15T13:47:19.428+0000] {logging_mixin.py:137} INFO - [2023-01-15T13:47:19.428+0000] {dag.py:3427} INFO - Setting next_dagrun for example_trigger_target_dag to None, run_after=None
[2023-01-15T13:47:19.495+0000] {processor.py:175} INFO - Processing /home/airflow/.local/lib/python3.7/site-packages/airflow/example_dags/example_trigger_target_dag.py took 0.433 seconds
[2023-01-15T13:47:50.222+0000] {processor.py:153} INFO - Started process (PID=403) to work on /home/airflow/.local/lib/python3.7/site-packages/airflow/example_dags/example_trigger_target_dag.py
[2023-01-15T13:47:50.229+0000] {processor.py:743} INFO - Processing file /home/airflow/.local/lib/python3.7/site-packages/airflow/example_dags/example_trigger_target_dag.py for tasks to queue
[2023-01-15T13:47:50.235+0000] {logging_mixin.py:137} INFO - [2023-01-15T13:47:50.235+0000] {dagbag.py:538} INFO - Filling up the DagBag from /home/airflow/.local/lib/python3.7/site-packages/airflow/example_dags/example_trigger_target_dag.py
[2023-01-15T13:47:50.329+0000] {processor.py:753} INFO - DAG(s) dict_keys(['example_trigger_target_dag']) retrieved from /home/airflow/.local/lib/python3.7/site-packages/airflow/example_dags/example_trigger_target_dag.py
[2023-01-15T13:47:50.533+0000] {logging_mixin.py:137} INFO - [2023-01-15T13:47:50.532+0000] {dag.py:2676} INFO - Sync 1 DAGs
[2023-01-15T13:47:50.729+0000] {logging_mixin.py:137} INFO - [2023-01-15T13:47:50.729+0000] {dag.py:3427} INFO - Setting next_dagrun for example_trigger_target_dag to None, run_after=None
[2023-01-15T13:47:50.847+0000] {processor.py:175} INFO - Processing /home/airflow/.local/lib/python3.7/site-packages/airflow/example_dags/example_trigger_target_dag.py took 0.636 seconds
[2023-01-15T13:48:21.476+0000] {processor.py:153} INFO - Started process (PID=451) to work on /home/airflow/.local/lib/python3.7/site-packages/airflow/example_dags/example_trigger_target_dag.py
[2023-01-15T13:48:21.479+0000] {processor.py:743} INFO - Processing file /home/airflow/.local/lib/python3.7/site-packages/airflow/example_dags/example_trigger_target_dag.py for tasks to queue
[2023-01-15T13:48:21.485+0000] {logging_mixin.py:137} INFO - [2023-01-15T13:48:21.485+0000] {dagbag.py:538} INFO - Filling up the DagBag from /home/airflow/.local/lib/python3.7/site-packages/airflow/example_dags/example_trigger_target_dag.py
[2023-01-15T13:48:21.540+0000] {processor.py:753} INFO - DAG(s) dict_keys(['example_trigger_target_dag']) retrieved from /home/airflow/.local/lib/python3.7/site-packages/airflow/example_dags/example_trigger_target_dag.py
[2023-01-15T13:48:21.635+0000] {logging_mixin.py:137} INFO - [2023-01-15T13:48:21.635+0000] {dag.py:2676} INFO - Sync 1 DAGs
[2023-01-15T13:48:21.711+0000] {logging_mixin.py:137} INFO - [2023-01-15T13:48:21.710+0000] {dag.py:3427} INFO - Setting next_dagrun for example_trigger_target_dag to None, run_after=None
[2023-01-15T13:48:21.773+0000] {processor.py:175} INFO - Processing /home/airflow/.local/lib/python3.7/site-packages/airflow/example_dags/example_trigger_target_dag.py took 0.306 seconds
[2023-01-15T13:48:52.178+0000] {processor.py:153} INFO - Started process (PID=505) to work on /home/airflow/.local/lib/python3.7/site-packages/airflow/example_dags/example_trigger_target_dag.py
[2023-01-15T13:48:52.192+0000] {processor.py:743} INFO - Processing file /home/airflow/.local/lib/python3.7/site-packages/airflow/example_dags/example_trigger_target_dag.py for tasks to queue
[2023-01-15T13:48:52.196+0000] {logging_mixin.py:137} INFO - [2023-01-15T13:48:52.195+0000] {dagbag.py:538} INFO - Filling up the DagBag from /home/airflow/.local/lib/python3.7/site-packages/airflow/example_dags/example_trigger_target_dag.py
[2023-01-15T13:48:52.377+0000] {processor.py:753} INFO - DAG(s) dict_keys(['example_trigger_target_dag']) retrieved from /home/airflow/.local/lib/python3.7/site-packages/airflow/example_dags/example_trigger_target_dag.py
[2023-01-15T13:48:52.595+0000] {logging_mixin.py:137} INFO - [2023-01-15T13:48:52.595+0000] {dag.py:2676} INFO - Sync 1 DAGs
[2023-01-15T13:48:52.806+0000] {logging_mixin.py:137} INFO - [2023-01-15T13:48:52.806+0000] {dag.py:3427} INFO - Setting next_dagrun for example_trigger_target_dag to None, run_after=None
[2023-01-15T13:48:52.896+0000] {processor.py:175} INFO - Processing /home/airflow/.local/lib/python3.7/site-packages/airflow/example_dags/example_trigger_target_dag.py took 0.769 seconds
[2023-01-15T13:49:23.357+0000] {processor.py:153} INFO - Started process (PID=567) to work on /home/airflow/.local/lib/python3.7/site-packages/airflow/example_dags/example_trigger_target_dag.py
[2023-01-15T13:49:23.368+0000] {processor.py:743} INFO - Processing file /home/airflow/.local/lib/python3.7/site-packages/airflow/example_dags/example_trigger_target_dag.py for tasks to queue
[2023-01-15T13:49:23.375+0000] {logging_mixin.py:137} INFO - [2023-01-15T13:49:23.375+0000] {dagbag.py:538} INFO - Filling up the DagBag from /home/airflow/.local/lib/python3.7/site-packages/airflow/example_dags/example_trigger_target_dag.py
[2023-01-15T13:49:23.628+0000] {processor.py:753} INFO - DAG(s) dict_keys(['example_trigger_target_dag']) retrieved from /home/airflow/.local/lib/python3.7/site-packages/airflow/example_dags/example_trigger_target_dag.py
[2023-01-15T13:49:23.914+0000] {logging_mixin.py:137} INFO - [2023-01-15T13:49:23.914+0000] {dag.py:2676} INFO - Sync 1 DAGs
[2023-01-15T13:49:24.124+0000] {logging_mixin.py:137} INFO - [2023-01-15T13:49:24.124+0000] {dag.py:3427} INFO - Setting next_dagrun for example_trigger_target_dag to None, run_after=None
[2023-01-15T13:49:24.314+0000] {processor.py:175} INFO - Processing /home/airflow/.local/lib/python3.7/site-packages/airflow/example_dags/example_trigger_target_dag.py took 1.010 seconds
[2023-01-15T13:49:54.968+0000] {processor.py:153} INFO - Started process (PID=617) to work on /home/airflow/.local/lib/python3.7/site-packages/airflow/example_dags/example_trigger_target_dag.py
[2023-01-15T13:49:54.975+0000] {processor.py:743} INFO - Processing file /home/airflow/.local/lib/python3.7/site-packages/airflow/example_dags/example_trigger_target_dag.py for tasks to queue
[2023-01-15T13:49:54.981+0000] {logging_mixin.py:137} INFO - [2023-01-15T13:49:54.981+0000] {dagbag.py:538} INFO - Filling up the DagBag from /home/airflow/.local/lib/python3.7/site-packages/airflow/example_dags/example_trigger_target_dag.py
[2023-01-15T13:49:55.146+0000] {processor.py:753} INFO - DAG(s) dict_keys(['example_trigger_target_dag']) retrieved from /home/airflow/.local/lib/python3.7/site-packages/airflow/example_dags/example_trigger_target_dag.py
[2023-01-15T13:49:55.928+0000] {logging_mixin.py:137} INFO - [2023-01-15T13:49:55.928+0000] {dag.py:2676} INFO - Sync 1 DAGs
[2023-01-15T13:49:56.175+0000] {logging_mixin.py:137} INFO - [2023-01-15T13:49:56.174+0000] {dag.py:3427} INFO - Setting next_dagrun for example_trigger_target_dag to None, run_after=None
[2023-01-15T13:49:56.360+0000] {processor.py:175} INFO - Processing /home/airflow/.local/lib/python3.7/site-packages/airflow/example_dags/example_trigger_target_dag.py took 1.414 seconds
[2023-01-15T13:50:26.633+0000] {processor.py:153} INFO - Started process (PID=672) to work on /home/airflow/.local/lib/python3.7/site-packages/airflow/example_dags/example_trigger_target_dag.py
[2023-01-15T13:50:26.638+0000] {processor.py:743} INFO - Processing file /home/airflow/.local/lib/python3.7/site-packages/airflow/example_dags/example_trigger_target_dag.py for tasks to queue
[2023-01-15T13:50:26.651+0000] {logging_mixin.py:137} INFO - [2023-01-15T13:50:26.649+0000] {dagbag.py:538} INFO - Filling up the DagBag from /home/airflow/.local/lib/python3.7/site-packages/airflow/example_dags/example_trigger_target_dag.py
[2023-01-15T13:50:26.715+0000] {processor.py:753} INFO - DAG(s) dict_keys(['example_trigger_target_dag']) retrieved from /home/airflow/.local/lib/python3.7/site-packages/airflow/example_dags/example_trigger_target_dag.py
[2023-01-15T13:50:26.810+0000] {logging_mixin.py:137} INFO - [2023-01-15T13:50:26.810+0000] {dag.py:2676} INFO - Sync 1 DAGs
[2023-01-15T13:50:26.880+0000] {logging_mixin.py:137} INFO - [2023-01-15T13:50:26.880+0000] {dag.py:3427} INFO - Setting next_dagrun for example_trigger_target_dag to None, run_after=None
[2023-01-15T13:50:26.985+0000] {processor.py:175} INFO - Processing /home/airflow/.local/lib/python3.7/site-packages/airflow/example_dags/example_trigger_target_dag.py took 0.368 seconds
[2023-01-15T13:50:58.064+0000] {processor.py:153} INFO - Started process (PID=735) to work on /home/airflow/.local/lib/python3.7/site-packages/airflow/example_dags/example_trigger_target_dag.py
[2023-01-15T13:50:58.068+0000] {processor.py:743} INFO - Processing file /home/airflow/.local/lib/python3.7/site-packages/airflow/example_dags/example_trigger_target_dag.py for tasks to queue
[2023-01-15T13:50:58.074+0000] {logging_mixin.py:137} INFO - [2023-01-15T13:50:58.073+0000] {dagbag.py:538} INFO - Filling up the DagBag from /home/airflow/.local/lib/python3.7/site-packages/airflow/example_dags/example_trigger_target_dag.py
[2023-01-15T13:50:58.192+0000] {processor.py:753} INFO - DAG(s) dict_keys(['example_trigger_target_dag']) retrieved from /home/airflow/.local/lib/python3.7/site-packages/airflow/example_dags/example_trigger_target_dag.py
[2023-01-15T13:50:58.384+0000] {logging_mixin.py:137} INFO - [2023-01-15T13:50:58.384+0000] {dag.py:2676} INFO - Sync 1 DAGs
[2023-01-15T13:50:58.577+0000] {logging_mixin.py:137} INFO - [2023-01-15T13:50:58.577+0000] {dag.py:3427} INFO - Setting next_dagrun for example_trigger_target_dag to None, run_after=None
[2023-01-15T13:50:58.698+0000] {processor.py:175} INFO - Processing /home/airflow/.local/lib/python3.7/site-packages/airflow/example_dags/example_trigger_target_dag.py took 0.655 seconds
[2023-01-15T13:51:30.839+0000] {processor.py:153} INFO - Started process (PID=791) to work on /home/airflow/.local/lib/python3.7/site-packages/airflow/example_dags/example_trigger_target_dag.py
[2023-01-15T13:51:30.865+0000] {processor.py:743} INFO - Processing file /home/airflow/.local/lib/python3.7/site-packages/airflow/example_dags/example_trigger_target_dag.py for tasks to queue
[2023-01-15T13:51:30.878+0000] {logging_mixin.py:137} INFO - [2023-01-15T13:51:30.878+0000] {dagbag.py:538} INFO - Filling up the DagBag from /home/airflow/.local/lib/python3.7/site-packages/airflow/example_dags/example_trigger_target_dag.py
[2023-01-15T13:51:31.255+0000] {processor.py:753} INFO - DAG(s) dict_keys(['example_trigger_target_dag']) retrieved from /home/airflow/.local/lib/python3.7/site-packages/airflow/example_dags/example_trigger_target_dag.py
[2023-01-15T13:51:32.152+0000] {logging_mixin.py:137} INFO - [2023-01-15T13:51:32.152+0000] {dag.py:2676} INFO - Sync 1 DAGs
[2023-01-15T13:51:32.475+0000] {logging_mixin.py:137} INFO - [2023-01-15T13:51:32.475+0000] {dag.py:3427} INFO - Setting next_dagrun for example_trigger_target_dag to None, run_after=None
[2023-01-15T13:51:32.813+0000] {processor.py:175} INFO - Processing /home/airflow/.local/lib/python3.7/site-packages/airflow/example_dags/example_trigger_target_dag.py took 2.067 seconds
[2023-01-15T13:52:02.979+0000] {processor.py:153} INFO - Started process (PID=840) to work on /home/airflow/.local/lib/python3.7/site-packages/airflow/example_dags/example_trigger_target_dag.py
[2023-01-15T13:52:02.982+0000] {processor.py:743} INFO - Processing file /home/airflow/.local/lib/python3.7/site-packages/airflow/example_dags/example_trigger_target_dag.py for tasks to queue
[2023-01-15T13:52:02.984+0000] {logging_mixin.py:137} INFO - [2023-01-15T13:52:02.984+0000] {dagbag.py:538} INFO - Filling up the DagBag from /home/airflow/.local/lib/python3.7/site-packages/airflow/example_dags/example_trigger_target_dag.py
[2023-01-15T13:52:03.010+0000] {processor.py:753} INFO - DAG(s) dict_keys(['example_trigger_target_dag']) retrieved from /home/airflow/.local/lib/python3.7/site-packages/airflow/example_dags/example_trigger_target_dag.py
[2023-01-15T13:52:03.063+0000] {logging_mixin.py:137} INFO - [2023-01-15T13:52:03.063+0000] {dag.py:2676} INFO - Sync 1 DAGs
[2023-01-15T13:52:03.092+0000] {logging_mixin.py:137} INFO - [2023-01-15T13:52:03.092+0000] {dag.py:3427} INFO - Setting next_dagrun for example_trigger_target_dag to None, run_after=None
[2023-01-15T13:52:03.145+0000] {processor.py:175} INFO - Processing /home/airflow/.local/lib/python3.7/site-packages/airflow/example_dags/example_trigger_target_dag.py took 0.170 seconds
[2023-01-15T13:52:35.365+0000] {processor.py:153} INFO - Started process (PID=896) to work on /home/airflow/.local/lib/python3.7/site-packages/airflow/example_dags/example_trigger_target_dag.py
[2023-01-15T13:52:35.374+0000] {processor.py:743} INFO - Processing file /home/airflow/.local/lib/python3.7/site-packages/airflow/example_dags/example_trigger_target_dag.py for tasks to queue
[2023-01-15T13:52:35.378+0000] {logging_mixin.py:137} INFO - [2023-01-15T13:52:35.378+0000] {dagbag.py:538} INFO - Filling up the DagBag from /home/airflow/.local/lib/python3.7/site-packages/airflow/example_dags/example_trigger_target_dag.py
[2023-01-15T13:52:35.466+0000] {processor.py:753} INFO - DAG(s) dict_keys(['example_trigger_target_dag']) retrieved from /home/airflow/.local/lib/python3.7/site-packages/airflow/example_dags/example_trigger_target_dag.py
[2023-01-15T13:52:35.618+0000] {logging_mixin.py:137} INFO - [2023-01-15T13:52:35.618+0000] {dag.py:2676} INFO - Sync 1 DAGs
[2023-01-15T13:52:35.718+0000] {logging_mixin.py:137} INFO - [2023-01-15T13:52:35.718+0000] {dag.py:3427} INFO - Setting next_dagrun for example_trigger_target_dag to None, run_after=None
[2023-01-15T13:52:35.806+0000] {processor.py:175} INFO - Processing /home/airflow/.local/lib/python3.7/site-packages/airflow/example_dags/example_trigger_target_dag.py took 0.485 seconds
