[2023-01-15T12:59:49.504+0000] {processor.py:153} INFO - Started process (PID=102) to work on /home/airflow/.local/lib/python3.7/site-packages/airflow/example_dags/example_short_circuit_operator.py
[2023-01-15T12:59:49.513+0000] {processor.py:743} INFO - Processing file /home/airflow/.local/lib/python3.7/site-packages/airflow/example_dags/example_short_circuit_operator.py for tasks to queue
[2023-01-15T12:59:49.516+0000] {logging_mixin.py:137} INFO - [2023-01-15T12:59:49.516+0000] {dagbag.py:538} INFO - Filling up the DagBag from /home/airflow/.local/lib/python3.7/site-packages/airflow/example_dags/example_short_circuit_operator.py
[2023-01-15T12:59:49.643+0000] {processor.py:753} INFO - DAG(s) dict_keys(['example_short_circuit_operator']) retrieved from /home/airflow/.local/lib/python3.7/site-packages/airflow/example_dags/example_short_circuit_operator.py
[2023-01-15T12:59:50.131+0000] {logging_mixin.py:137} INFO - [2023-01-15T12:59:50.130+0000] {manager.py:504} INFO - Created Permission View: can read on DAG:example_short_circuit_operator
[2023-01-15T12:59:50.167+0000] {logging_mixin.py:137} INFO - [2023-01-15T12:59:50.167+0000] {manager.py:504} INFO - Created Permission View: can edit on DAG:example_short_circuit_operator
[2023-01-15T12:59:50.206+0000] {logging_mixin.py:137} INFO - [2023-01-15T12:59:50.205+0000] {manager.py:504} INFO - Created Permission View: can delete on DAG:example_short_circuit_operator
[2023-01-15T12:59:50.207+0000] {logging_mixin.py:137} INFO - [2023-01-15T12:59:50.207+0000] {dag.py:2676} INFO - Sync 1 DAGs
[2023-01-15T12:59:50.258+0000] {logging_mixin.py:137} INFO - [2023-01-15T12:59:50.258+0000] {dag.py:2697} INFO - Creating ORM DAG for example_short_circuit_operator
[2023-01-15T12:59:50.298+0000] {logging_mixin.py:137} INFO - [2023-01-15T12:59:50.298+0000] {dag.py:3427} INFO - Setting next_dagrun for example_short_circuit_operator to 2023-01-14T12:59:50.298423+00:00, run_after=2023-01-15T12:59:50.298423+00:00
[2023-01-15T12:59:50.358+0000] {processor.py:175} INFO - Processing /home/airflow/.local/lib/python3.7/site-packages/airflow/example_dags/example_short_circuit_operator.py took 0.864 seconds
[2023-01-15T13:00:20.899+0000] {processor.py:153} INFO - Started process (PID=158) to work on /home/airflow/.local/lib/python3.7/site-packages/airflow/example_dags/example_short_circuit_operator.py
[2023-01-15T13:00:20.906+0000] {processor.py:743} INFO - Processing file /home/airflow/.local/lib/python3.7/site-packages/airflow/example_dags/example_short_circuit_operator.py for tasks to queue
[2023-01-15T13:00:20.909+0000] {logging_mixin.py:137} INFO - [2023-01-15T13:00:20.909+0000] {dagbag.py:538} INFO - Filling up the DagBag from /home/airflow/.local/lib/python3.7/site-packages/airflow/example_dags/example_short_circuit_operator.py
[2023-01-15T13:00:20.988+0000] {processor.py:753} INFO - DAG(s) dict_keys(['example_short_circuit_operator']) retrieved from /home/airflow/.local/lib/python3.7/site-packages/airflow/example_dags/example_short_circuit_operator.py
[2023-01-15T13:00:21.094+0000] {logging_mixin.py:137} INFO - [2023-01-15T13:00:21.094+0000] {dag.py:2676} INFO - Sync 1 DAGs
[2023-01-15T13:00:21.149+0000] {logging_mixin.py:137} INFO - [2023-01-15T13:00:21.149+0000] {dag.py:3427} INFO - Setting next_dagrun for example_short_circuit_operator to 2023-01-14T13:00:21.148788+00:00, run_after=2023-01-15T13:00:21.148788+00:00
[2023-01-15T13:00:21.221+0000] {processor.py:175} INFO - Processing /home/airflow/.local/lib/python3.7/site-packages/airflow/example_dags/example_short_circuit_operator.py took 0.334 seconds
[2023-01-15T13:00:51.710+0000] {processor.py:153} INFO - Started process (PID=214) to work on /home/airflow/.local/lib/python3.7/site-packages/airflow/example_dags/example_short_circuit_operator.py
[2023-01-15T13:00:51.714+0000] {processor.py:743} INFO - Processing file /home/airflow/.local/lib/python3.7/site-packages/airflow/example_dags/example_short_circuit_operator.py for tasks to queue
[2023-01-15T13:00:51.721+0000] {logging_mixin.py:137} INFO - [2023-01-15T13:00:51.721+0000] {dagbag.py:538} INFO - Filling up the DagBag from /home/airflow/.local/lib/python3.7/site-packages/airflow/example_dags/example_short_circuit_operator.py
[2023-01-15T13:00:51.842+0000] {processor.py:753} INFO - DAG(s) dict_keys(['example_short_circuit_operator']) retrieved from /home/airflow/.local/lib/python3.7/site-packages/airflow/example_dags/example_short_circuit_operator.py
[2023-01-15T13:00:52.075+0000] {logging_mixin.py:137} INFO - [2023-01-15T13:00:52.075+0000] {dag.py:2676} INFO - Sync 1 DAGs
[2023-01-15T13:00:52.209+0000] {logging_mixin.py:137} INFO - [2023-01-15T13:00:52.209+0000] {dag.py:3427} INFO - Setting next_dagrun for example_short_circuit_operator to 2023-01-14T13:00:52.208882+00:00, run_after=2023-01-15T13:00:52.208882+00:00
[2023-01-15T13:00:52.308+0000] {processor.py:175} INFO - Processing /home/airflow/.local/lib/python3.7/site-packages/airflow/example_dags/example_short_circuit_operator.py took 0.615 seconds
[2023-01-15T13:01:22.550+0000] {processor.py:153} INFO - Started process (PID=269) to work on /home/airflow/.local/lib/python3.7/site-packages/airflow/example_dags/example_short_circuit_operator.py
[2023-01-15T13:01:22.556+0000] {processor.py:743} INFO - Processing file /home/airflow/.local/lib/python3.7/site-packages/airflow/example_dags/example_short_circuit_operator.py for tasks to queue
[2023-01-15T13:01:22.561+0000] {logging_mixin.py:137} INFO - [2023-01-15T13:01:22.559+0000] {dagbag.py:538} INFO - Filling up the DagBag from /home/airflow/.local/lib/python3.7/site-packages/airflow/example_dags/example_short_circuit_operator.py
[2023-01-15T13:01:22.606+0000] {processor.py:753} INFO - DAG(s) dict_keys(['example_short_circuit_operator']) retrieved from /home/airflow/.local/lib/python3.7/site-packages/airflow/example_dags/example_short_circuit_operator.py
[2023-01-15T13:01:22.696+0000] {logging_mixin.py:137} INFO - [2023-01-15T13:01:22.696+0000] {dag.py:2676} INFO - Sync 1 DAGs
[2023-01-15T13:01:22.758+0000] {logging_mixin.py:137} INFO - [2023-01-15T13:01:22.758+0000] {dag.py:3427} INFO - Setting next_dagrun for example_short_circuit_operator to 2023-01-14T13:01:22.758384+00:00, run_after=2023-01-15T13:01:22.758384+00:00
[2023-01-15T13:01:22.815+0000] {processor.py:175} INFO - Processing /home/airflow/.local/lib/python3.7/site-packages/airflow/example_dags/example_short_circuit_operator.py took 0.270 seconds
[2023-01-15T13:01:53.127+0000] {processor.py:153} INFO - Started process (PID=324) to work on /home/airflow/.local/lib/python3.7/site-packages/airflow/example_dags/example_short_circuit_operator.py
[2023-01-15T13:01:53.132+0000] {processor.py:743} INFO - Processing file /home/airflow/.local/lib/python3.7/site-packages/airflow/example_dags/example_short_circuit_operator.py for tasks to queue
[2023-01-15T13:01:53.134+0000] {logging_mixin.py:137} INFO - [2023-01-15T13:01:53.134+0000] {dagbag.py:538} INFO - Filling up the DagBag from /home/airflow/.local/lib/python3.7/site-packages/airflow/example_dags/example_short_circuit_operator.py
[2023-01-15T13:01:53.175+0000] {processor.py:753} INFO - DAG(s) dict_keys(['example_short_circuit_operator']) retrieved from /home/airflow/.local/lib/python3.7/site-packages/airflow/example_dags/example_short_circuit_operator.py
[2023-01-15T13:01:53.355+0000] {logging_mixin.py:137} INFO - [2023-01-15T13:01:53.355+0000] {dag.py:2676} INFO - Sync 1 DAGs
[2023-01-15T13:01:53.456+0000] {logging_mixin.py:137} INFO - [2023-01-15T13:01:53.454+0000] {dag.py:3427} INFO - Setting next_dagrun for example_short_circuit_operator to 2023-01-14T13:01:53.454634+00:00, run_after=2023-01-15T13:01:53.454634+00:00
[2023-01-15T13:01:53.506+0000] {processor.py:175} INFO - Processing /home/airflow/.local/lib/python3.7/site-packages/airflow/example_dags/example_short_circuit_operator.py took 0.387 seconds
[2023-01-15T13:02:23.901+0000] {processor.py:153} INFO - Started process (PID=379) to work on /home/airflow/.local/lib/python3.7/site-packages/airflow/example_dags/example_short_circuit_operator.py
[2023-01-15T13:02:23.907+0000] {processor.py:743} INFO - Processing file /home/airflow/.local/lib/python3.7/site-packages/airflow/example_dags/example_short_circuit_operator.py for tasks to queue
[2023-01-15T13:02:23.911+0000] {logging_mixin.py:137} INFO - [2023-01-15T13:02:23.911+0000] {dagbag.py:538} INFO - Filling up the DagBag from /home/airflow/.local/lib/python3.7/site-packages/airflow/example_dags/example_short_circuit_operator.py
[2023-01-15T13:02:23.971+0000] {processor.py:753} INFO - DAG(s) dict_keys(['example_short_circuit_operator']) retrieved from /home/airflow/.local/lib/python3.7/site-packages/airflow/example_dags/example_short_circuit_operator.py
[2023-01-15T13:02:24.067+0000] {logging_mixin.py:137} INFO - [2023-01-15T13:02:24.067+0000] {dag.py:2676} INFO - Sync 1 DAGs
[2023-01-15T13:02:24.126+0000] {logging_mixin.py:137} INFO - [2023-01-15T13:02:24.126+0000] {dag.py:3427} INFO - Setting next_dagrun for example_short_circuit_operator to 2023-01-14T13:02:24.125919+00:00, run_after=2023-01-15T13:02:24.125919+00:00
[2023-01-15T13:02:24.188+0000] {processor.py:175} INFO - Processing /home/airflow/.local/lib/python3.7/site-packages/airflow/example_dags/example_short_circuit_operator.py took 0.311 seconds
[2023-01-15T13:02:54.621+0000] {processor.py:153} INFO - Started process (PID=434) to work on /home/airflow/.local/lib/python3.7/site-packages/airflow/example_dags/example_short_circuit_operator.py
[2023-01-15T13:02:54.627+0000] {processor.py:743} INFO - Processing file /home/airflow/.local/lib/python3.7/site-packages/airflow/example_dags/example_short_circuit_operator.py for tasks to queue
[2023-01-15T13:02:54.637+0000] {logging_mixin.py:137} INFO - [2023-01-15T13:02:54.636+0000] {dagbag.py:538} INFO - Filling up the DagBag from /home/airflow/.local/lib/python3.7/site-packages/airflow/example_dags/example_short_circuit_operator.py
[2023-01-15T13:02:54.778+0000] {processor.py:753} INFO - DAG(s) dict_keys(['example_short_circuit_operator']) retrieved from /home/airflow/.local/lib/python3.7/site-packages/airflow/example_dags/example_short_circuit_operator.py
[2023-01-15T13:02:55.104+0000] {logging_mixin.py:137} INFO - [2023-01-15T13:02:55.103+0000] {dag.py:2676} INFO - Sync 1 DAGs
[2023-01-15T13:02:55.288+0000] {logging_mixin.py:137} INFO - [2023-01-15T13:02:55.288+0000] {dag.py:3427} INFO - Setting next_dagrun for example_short_circuit_operator to 2023-01-14T13:02:55.286992+00:00, run_after=2023-01-15T13:02:55.286992+00:00
[2023-01-15T13:02:55.446+0000] {processor.py:175} INFO - Processing /home/airflow/.local/lib/python3.7/site-packages/airflow/example_dags/example_short_circuit_operator.py took 0.853 seconds
[2023-01-15T13:03:26.108+0000] {processor.py:153} INFO - Started process (PID=490) to work on /home/airflow/.local/lib/python3.7/site-packages/airflow/example_dags/example_short_circuit_operator.py
[2023-01-15T13:03:26.113+0000] {processor.py:743} INFO - Processing file /home/airflow/.local/lib/python3.7/site-packages/airflow/example_dags/example_short_circuit_operator.py for tasks to queue
[2023-01-15T13:03:26.115+0000] {logging_mixin.py:137} INFO - [2023-01-15T13:03:26.115+0000] {dagbag.py:538} INFO - Filling up the DagBag from /home/airflow/.local/lib/python3.7/site-packages/airflow/example_dags/example_short_circuit_operator.py
[2023-01-15T13:03:26.225+0000] {processor.py:753} INFO - DAG(s) dict_keys(['example_short_circuit_operator']) retrieved from /home/airflow/.local/lib/python3.7/site-packages/airflow/example_dags/example_short_circuit_operator.py
[2023-01-15T13:03:26.381+0000] {logging_mixin.py:137} INFO - [2023-01-15T13:03:26.381+0000] {dag.py:2676} INFO - Sync 1 DAGs
[2023-01-15T13:03:26.475+0000] {logging_mixin.py:137} INFO - [2023-01-15T13:03:26.471+0000] {dag.py:3427} INFO - Setting next_dagrun for example_short_circuit_operator to 2023-01-14T13:03:26.470866+00:00, run_after=2023-01-15T13:03:26.470866+00:00
[2023-01-15T13:03:26.549+0000] {processor.py:175} INFO - Processing /home/airflow/.local/lib/python3.7/site-packages/airflow/example_dags/example_short_circuit_operator.py took 0.450 seconds
[2023-01-15T13:03:57.374+0000] {processor.py:153} INFO - Started process (PID=546) to work on /home/airflow/.local/lib/python3.7/site-packages/airflow/example_dags/example_short_circuit_operator.py
[2023-01-15T13:03:57.380+0000] {processor.py:743} INFO - Processing file /home/airflow/.local/lib/python3.7/site-packages/airflow/example_dags/example_short_circuit_operator.py for tasks to queue
[2023-01-15T13:03:57.384+0000] {logging_mixin.py:137} INFO - [2023-01-15T13:03:57.384+0000] {dagbag.py:538} INFO - Filling up the DagBag from /home/airflow/.local/lib/python3.7/site-packages/airflow/example_dags/example_short_circuit_operator.py
[2023-01-15T13:03:57.472+0000] {processor.py:753} INFO - DAG(s) dict_keys(['example_short_circuit_operator']) retrieved from /home/airflow/.local/lib/python3.7/site-packages/airflow/example_dags/example_short_circuit_operator.py
[2023-01-15T13:03:57.704+0000] {logging_mixin.py:137} INFO - [2023-01-15T13:03:57.704+0000] {dag.py:2676} INFO - Sync 1 DAGs
[2023-01-15T13:03:57.823+0000] {logging_mixin.py:137} INFO - [2023-01-15T13:03:57.819+0000] {dag.py:3427} INFO - Setting next_dagrun for example_short_circuit_operator to 2023-01-14T13:03:57.818860+00:00, run_after=2023-01-15T13:03:57.818860+00:00
[2023-01-15T13:03:57.910+0000] {processor.py:175} INFO - Processing /home/airflow/.local/lib/python3.7/site-packages/airflow/example_dags/example_short_circuit_operator.py took 0.555 seconds
[2023-01-15T13:04:28.158+0000] {processor.py:153} INFO - Started process (PID=600) to work on /home/airflow/.local/lib/python3.7/site-packages/airflow/example_dags/example_short_circuit_operator.py
[2023-01-15T13:04:28.162+0000] {processor.py:743} INFO - Processing file /home/airflow/.local/lib/python3.7/site-packages/airflow/example_dags/example_short_circuit_operator.py for tasks to queue
[2023-01-15T13:04:28.164+0000] {logging_mixin.py:137} INFO - [2023-01-15T13:04:28.164+0000] {dagbag.py:538} INFO - Filling up the DagBag from /home/airflow/.local/lib/python3.7/site-packages/airflow/example_dags/example_short_circuit_operator.py
[2023-01-15T13:04:28.207+0000] {processor.py:753} INFO - DAG(s) dict_keys(['example_short_circuit_operator']) retrieved from /home/airflow/.local/lib/python3.7/site-packages/airflow/example_dags/example_short_circuit_operator.py
[2023-01-15T13:04:28.297+0000] {logging_mixin.py:137} INFO - [2023-01-15T13:04:28.296+0000] {dag.py:2676} INFO - Sync 1 DAGs
[2023-01-15T13:04:28.351+0000] {logging_mixin.py:137} INFO - [2023-01-15T13:04:28.351+0000] {dag.py:3427} INFO - Setting next_dagrun for example_short_circuit_operator to 2023-01-14T13:04:28.351403+00:00, run_after=2023-01-15T13:04:28.351403+00:00
[2023-01-15T13:04:28.400+0000] {processor.py:175} INFO - Processing /home/airflow/.local/lib/python3.7/site-packages/airflow/example_dags/example_short_circuit_operator.py took 0.250 seconds
[2023-01-15T13:04:58.630+0000] {processor.py:153} INFO - Started process (PID=662) to work on /home/airflow/.local/lib/python3.7/site-packages/airflow/example_dags/example_short_circuit_operator.py
[2023-01-15T13:04:58.640+0000] {processor.py:743} INFO - Processing file /home/airflow/.local/lib/python3.7/site-packages/airflow/example_dags/example_short_circuit_operator.py for tasks to queue
[2023-01-15T13:04:58.642+0000] {logging_mixin.py:137} INFO - [2023-01-15T13:04:58.642+0000] {dagbag.py:538} INFO - Filling up the DagBag from /home/airflow/.local/lib/python3.7/site-packages/airflow/example_dags/example_short_circuit_operator.py
[2023-01-15T13:04:58.704+0000] {processor.py:753} INFO - DAG(s) dict_keys(['example_short_circuit_operator']) retrieved from /home/airflow/.local/lib/python3.7/site-packages/airflow/example_dags/example_short_circuit_operator.py
[2023-01-15T13:04:58.791+0000] {logging_mixin.py:137} INFO - [2023-01-15T13:04:58.791+0000] {dag.py:2676} INFO - Sync 1 DAGs
[2023-01-15T13:04:58.849+0000] {logging_mixin.py:137} INFO - [2023-01-15T13:04:58.848+0000] {dag.py:3427} INFO - Setting next_dagrun for example_short_circuit_operator to 2023-01-14T13:04:58.847839+00:00, run_after=2023-01-15T13:04:58.847839+00:00
[2023-01-15T13:04:58.912+0000] {processor.py:175} INFO - Processing /home/airflow/.local/lib/python3.7/site-packages/airflow/example_dags/example_short_circuit_operator.py took 0.289 seconds
[2023-01-15T13:05:29.124+0000] {processor.py:153} INFO - Started process (PID=719) to work on /home/airflow/.local/lib/python3.7/site-packages/airflow/example_dags/example_short_circuit_operator.py
[2023-01-15T13:05:29.126+0000] {processor.py:743} INFO - Processing file /home/airflow/.local/lib/python3.7/site-packages/airflow/example_dags/example_short_circuit_operator.py for tasks to queue
[2023-01-15T13:05:29.128+0000] {logging_mixin.py:137} INFO - [2023-01-15T13:05:29.128+0000] {dagbag.py:538} INFO - Filling up the DagBag from /home/airflow/.local/lib/python3.7/site-packages/airflow/example_dags/example_short_circuit_operator.py
[2023-01-15T13:05:29.149+0000] {processor.py:753} INFO - DAG(s) dict_keys(['example_short_circuit_operator']) retrieved from /home/airflow/.local/lib/python3.7/site-packages/airflow/example_dags/example_short_circuit_operator.py
[2023-01-15T13:05:29.194+0000] {logging_mixin.py:137} INFO - [2023-01-15T13:05:29.193+0000] {dag.py:2676} INFO - Sync 1 DAGs
[2023-01-15T13:05:29.245+0000] {logging_mixin.py:137} INFO - [2023-01-15T13:05:29.245+0000] {dag.py:3427} INFO - Setting next_dagrun for example_short_circuit_operator to 2023-01-14T13:05:29.244772+00:00, run_after=2023-01-15T13:05:29.244772+00:00
[2023-01-15T13:05:29.282+0000] {processor.py:175} INFO - Processing /home/airflow/.local/lib/python3.7/site-packages/airflow/example_dags/example_short_circuit_operator.py took 0.163 seconds
[2023-01-15T13:05:59.792+0000] {processor.py:153} INFO - Started process (PID=773) to work on /home/airflow/.local/lib/python3.7/site-packages/airflow/example_dags/example_short_circuit_operator.py
[2023-01-15T13:05:59.794+0000] {processor.py:743} INFO - Processing file /home/airflow/.local/lib/python3.7/site-packages/airflow/example_dags/example_short_circuit_operator.py for tasks to queue
[2023-01-15T13:05:59.796+0000] {logging_mixin.py:137} INFO - [2023-01-15T13:05:59.796+0000] {dagbag.py:538} INFO - Filling up the DagBag from /home/airflow/.local/lib/python3.7/site-packages/airflow/example_dags/example_short_circuit_operator.py
[2023-01-15T13:05:59.818+0000] {processor.py:753} INFO - DAG(s) dict_keys(['example_short_circuit_operator']) retrieved from /home/airflow/.local/lib/python3.7/site-packages/airflow/example_dags/example_short_circuit_operator.py
[2023-01-15T13:05:59.867+0000] {logging_mixin.py:137} INFO - [2023-01-15T13:05:59.867+0000] {dag.py:2676} INFO - Sync 1 DAGs
[2023-01-15T13:05:59.897+0000] {logging_mixin.py:137} INFO - [2023-01-15T13:05:59.897+0000] {dag.py:3427} INFO - Setting next_dagrun for example_short_circuit_operator to 2023-01-14T13:05:59.897138+00:00, run_after=2023-01-15T13:05:59.897138+00:00
[2023-01-15T13:05:59.934+0000] {processor.py:175} INFO - Processing /home/airflow/.local/lib/python3.7/site-packages/airflow/example_dags/example_short_circuit_operator.py took 0.157 seconds
[2023-01-15T13:06:30.267+0000] {processor.py:153} INFO - Started process (PID=827) to work on /home/airflow/.local/lib/python3.7/site-packages/airflow/example_dags/example_short_circuit_operator.py
[2023-01-15T13:06:30.269+0000] {processor.py:743} INFO - Processing file /home/airflow/.local/lib/python3.7/site-packages/airflow/example_dags/example_short_circuit_operator.py for tasks to queue
[2023-01-15T13:06:30.272+0000] {logging_mixin.py:137} INFO - [2023-01-15T13:06:30.272+0000] {dagbag.py:538} INFO - Filling up the DagBag from /home/airflow/.local/lib/python3.7/site-packages/airflow/example_dags/example_short_circuit_operator.py
[2023-01-15T13:06:30.292+0000] {processor.py:753} INFO - DAG(s) dict_keys(['example_short_circuit_operator']) retrieved from /home/airflow/.local/lib/python3.7/site-packages/airflow/example_dags/example_short_circuit_operator.py
[2023-01-15T13:06:30.342+0000] {logging_mixin.py:137} INFO - [2023-01-15T13:06:30.342+0000] {dag.py:2676} INFO - Sync 1 DAGs
[2023-01-15T13:06:30.371+0000] {logging_mixin.py:137} INFO - [2023-01-15T13:06:30.371+0000] {dag.py:3427} INFO - Setting next_dagrun for example_short_circuit_operator to 2023-01-14T13:06:30.371392+00:00, run_after=2023-01-15T13:06:30.371392+00:00
[2023-01-15T13:06:30.413+0000] {processor.py:175} INFO - Processing /home/airflow/.local/lib/python3.7/site-packages/airflow/example_dags/example_short_circuit_operator.py took 0.150 seconds
[2023-01-15T13:07:07.902+0000] {processor.py:153} INFO - Started process (PID=894) to work on /home/airflow/.local/lib/python3.7/site-packages/airflow/example_dags/example_short_circuit_operator.py
[2023-01-15T13:07:07.907+0000] {processor.py:743} INFO - Processing file /home/airflow/.local/lib/python3.7/site-packages/airflow/example_dags/example_short_circuit_operator.py for tasks to queue
[2023-01-15T13:07:07.910+0000] {logging_mixin.py:137} INFO - [2023-01-15T13:07:07.910+0000] {dagbag.py:538} INFO - Filling up the DagBag from /home/airflow/.local/lib/python3.7/site-packages/airflow/example_dags/example_short_circuit_operator.py
[2023-01-15T13:07:08.337+0000] {processor.py:753} INFO - DAG(s) dict_keys(['example_short_circuit_operator']) retrieved from /home/airflow/.local/lib/python3.7/site-packages/airflow/example_dags/example_short_circuit_operator.py
[2023-01-15T13:07:08.581+0000] {logging_mixin.py:137} INFO - [2023-01-15T13:07:08.580+0000] {dag.py:2676} INFO - Sync 1 DAGs
[2023-01-15T13:07:08.725+0000] {logging_mixin.py:137} INFO - [2023-01-15T13:07:08.724+0000] {dag.py:3427} INFO - Setting next_dagrun for example_short_circuit_operator to 2023-01-14T13:07:08.724547+00:00, run_after=2023-01-15T13:07:08.724547+00:00
[2023-01-15T13:07:08.846+0000] {processor.py:175} INFO - Processing /home/airflow/.local/lib/python3.7/site-packages/airflow/example_dags/example_short_circuit_operator.py took 0.975 seconds
[2023-01-15T13:08:08.663+0000] {processor.py:153} INFO - Started process (PID=963) to work on /home/airflow/.local/lib/python3.7/site-packages/airflow/example_dags/example_short_circuit_operator.py
[2023-01-15T13:08:08.669+0000] {processor.py:743} INFO - Processing file /home/airflow/.local/lib/python3.7/site-packages/airflow/example_dags/example_short_circuit_operator.py for tasks to queue
[2023-01-15T13:08:08.675+0000] {logging_mixin.py:137} INFO - [2023-01-15T13:08:08.675+0000] {dagbag.py:538} INFO - Filling up the DagBag from /home/airflow/.local/lib/python3.7/site-packages/airflow/example_dags/example_short_circuit_operator.py
[2023-01-15T13:08:08.783+0000] {processor.py:753} INFO - DAG(s) dict_keys(['example_short_circuit_operator']) retrieved from /home/airflow/.local/lib/python3.7/site-packages/airflow/example_dags/example_short_circuit_operator.py
[2023-01-15T13:08:09.006+0000] {logging_mixin.py:137} INFO - [2023-01-15T13:08:09.006+0000] {dag.py:2676} INFO - Sync 1 DAGs
[2023-01-15T13:08:09.145+0000] {logging_mixin.py:137} INFO - [2023-01-15T13:08:09.145+0000] {dag.py:3427} INFO - Setting next_dagrun for example_short_circuit_operator to 2023-01-14T13:08:09.144686+00:00, run_after=2023-01-15T13:08:09.144686+00:00
[2023-01-15T13:08:09.296+0000] {processor.py:175} INFO - Processing /home/airflow/.local/lib/python3.7/site-packages/airflow/example_dags/example_short_circuit_operator.py took 0.653 seconds
[2023-01-15T13:08:40.843+0000] {processor.py:153} INFO - Started process (PID=1010) to work on /home/airflow/.local/lib/python3.7/site-packages/airflow/example_dags/example_short_circuit_operator.py
[2023-01-15T13:08:40.857+0000] {processor.py:743} INFO - Processing file /home/airflow/.local/lib/python3.7/site-packages/airflow/example_dags/example_short_circuit_operator.py for tasks to queue
[2023-01-15T13:08:40.862+0000] {logging_mixin.py:137} INFO - [2023-01-15T13:08:40.861+0000] {dagbag.py:538} INFO - Filling up the DagBag from /home/airflow/.local/lib/python3.7/site-packages/airflow/example_dags/example_short_circuit_operator.py
[2023-01-15T13:08:41.100+0000] {processor.py:753} INFO - DAG(s) dict_keys(['example_short_circuit_operator']) retrieved from /home/airflow/.local/lib/python3.7/site-packages/airflow/example_dags/example_short_circuit_operator.py
[2023-01-15T13:08:41.820+0000] {logging_mixin.py:137} INFO - [2023-01-15T13:08:41.820+0000] {dag.py:2676} INFO - Sync 1 DAGs
[2023-01-15T13:08:42.304+0000] {logging_mixin.py:137} INFO - [2023-01-15T13:08:42.299+0000] {dag.py:3427} INFO - Setting next_dagrun for example_short_circuit_operator to 2023-01-14T13:08:42.289759+00:00, run_after=2023-01-15T13:08:42.289759+00:00
[2023-01-15T13:08:42.565+0000] {processor.py:175} INFO - Processing /home/airflow/.local/lib/python3.7/site-packages/airflow/example_dags/example_short_circuit_operator.py took 1.780 seconds
[2023-01-15T13:09:20.238+0000] {processor.py:153} INFO - Started process (PID=1073) to work on /home/airflow/.local/lib/python3.7/site-packages/airflow/example_dags/example_short_circuit_operator.py
[2023-01-15T13:09:20.251+0000] {processor.py:743} INFO - Processing file /home/airflow/.local/lib/python3.7/site-packages/airflow/example_dags/example_short_circuit_operator.py for tasks to queue
[2023-01-15T13:09:20.273+0000] {logging_mixin.py:137} INFO - [2023-01-15T13:09:20.264+0000] {dagbag.py:538} INFO - Filling up the DagBag from /home/airflow/.local/lib/python3.7/site-packages/airflow/example_dags/example_short_circuit_operator.py
[2023-01-15T13:09:20.627+0000] {processor.py:753} INFO - DAG(s) dict_keys(['example_short_circuit_operator']) retrieved from /home/airflow/.local/lib/python3.7/site-packages/airflow/example_dags/example_short_circuit_operator.py
[2023-01-15T13:09:21.416+0000] {logging_mixin.py:137} INFO - [2023-01-15T13:09:21.416+0000] {dag.py:2676} INFO - Sync 1 DAGs
[2023-01-15T13:09:22.263+0000] {logging_mixin.py:137} INFO - [2023-01-15T13:09:22.263+0000] {dag.py:3427} INFO - Setting next_dagrun for example_short_circuit_operator to 2023-01-14T13:09:22.249591+00:00, run_after=2023-01-15T13:09:22.249591+00:00
[2023-01-15T13:09:22.575+0000] {processor.py:175} INFO - Processing /home/airflow/.local/lib/python3.7/site-packages/airflow/example_dags/example_short_circuit_operator.py took 2.435 seconds
[2023-01-15T13:09:53.049+0000] {processor.py:153} INFO - Started process (PID=1122) to work on /home/airflow/.local/lib/python3.7/site-packages/airflow/example_dags/example_short_circuit_operator.py
[2023-01-15T13:09:53.057+0000] {processor.py:743} INFO - Processing file /home/airflow/.local/lib/python3.7/site-packages/airflow/example_dags/example_short_circuit_operator.py for tasks to queue
[2023-01-15T13:09:53.063+0000] {logging_mixin.py:137} INFO - [2023-01-15T13:09:53.063+0000] {dagbag.py:538} INFO - Filling up the DagBag from /home/airflow/.local/lib/python3.7/site-packages/airflow/example_dags/example_short_circuit_operator.py
[2023-01-15T13:09:53.127+0000] {processor.py:753} INFO - DAG(s) dict_keys(['example_short_circuit_operator']) retrieved from /home/airflow/.local/lib/python3.7/site-packages/airflow/example_dags/example_short_circuit_operator.py
[2023-01-15T13:09:53.250+0000] {logging_mixin.py:137} INFO - [2023-01-15T13:09:53.250+0000] {dag.py:2676} INFO - Sync 1 DAGs
[2023-01-15T13:09:53.322+0000] {logging_mixin.py:137} INFO - [2023-01-15T13:09:53.322+0000] {dag.py:3427} INFO - Setting next_dagrun for example_short_circuit_operator to 2023-01-14T13:09:53.321518+00:00, run_after=2023-01-15T13:09:53.321518+00:00
[2023-01-15T13:09:53.383+0000] {processor.py:175} INFO - Processing /home/airflow/.local/lib/python3.7/site-packages/airflow/example_dags/example_short_circuit_operator.py took 0.339 seconds
[2023-01-15T13:10:26.422+0000] {processor.py:153} INFO - Started process (PID=1178) to work on /home/airflow/.local/lib/python3.7/site-packages/airflow/example_dags/example_short_circuit_operator.py
[2023-01-15T13:10:26.427+0000] {processor.py:743} INFO - Processing file /home/airflow/.local/lib/python3.7/site-packages/airflow/example_dags/example_short_circuit_operator.py for tasks to queue
[2023-01-15T13:10:26.433+0000] {logging_mixin.py:137} INFO - [2023-01-15T13:10:26.432+0000] {dagbag.py:538} INFO - Filling up the DagBag from /home/airflow/.local/lib/python3.7/site-packages/airflow/example_dags/example_short_circuit_operator.py
[2023-01-15T13:10:26.529+0000] {processor.py:753} INFO - DAG(s) dict_keys(['example_short_circuit_operator']) retrieved from /home/airflow/.local/lib/python3.7/site-packages/airflow/example_dags/example_short_circuit_operator.py
[2023-01-15T13:10:26.657+0000] {logging_mixin.py:137} INFO - [2023-01-15T13:10:26.657+0000] {dag.py:2676} INFO - Sync 1 DAGs
[2023-01-15T13:10:26.731+0000] {logging_mixin.py:137} INFO - [2023-01-15T13:10:26.731+0000] {dag.py:3427} INFO - Setting next_dagrun for example_short_circuit_operator to 2023-01-14T13:10:26.731082+00:00, run_after=2023-01-15T13:10:26.731082+00:00
[2023-01-15T13:10:26.795+0000] {processor.py:175} INFO - Processing /home/airflow/.local/lib/python3.7/site-packages/airflow/example_dags/example_short_circuit_operator.py took 0.403 seconds
[2023-01-15T13:10:57.958+0000] {processor.py:153} INFO - Started process (PID=1225) to work on /home/airflow/.local/lib/python3.7/site-packages/airflow/example_dags/example_short_circuit_operator.py
[2023-01-15T13:10:57.972+0000] {processor.py:743} INFO - Processing file /home/airflow/.local/lib/python3.7/site-packages/airflow/example_dags/example_short_circuit_operator.py for tasks to queue
[2023-01-15T13:10:57.976+0000] {logging_mixin.py:137} INFO - [2023-01-15T13:10:57.976+0000] {dagbag.py:538} INFO - Filling up the DagBag from /home/airflow/.local/lib/python3.7/site-packages/airflow/example_dags/example_short_circuit_operator.py
[2023-01-15T13:10:58.159+0000] {processor.py:753} INFO - DAG(s) dict_keys(['example_short_circuit_operator']) retrieved from /home/airflow/.local/lib/python3.7/site-packages/airflow/example_dags/example_short_circuit_operator.py
[2023-01-15T13:10:58.589+0000] {logging_mixin.py:137} INFO - [2023-01-15T13:10:58.589+0000] {dag.py:2676} INFO - Sync 1 DAGs
[2023-01-15T13:10:58.802+0000] {logging_mixin.py:137} INFO - [2023-01-15T13:10:58.801+0000] {dag.py:3427} INFO - Setting next_dagrun for example_short_circuit_operator to 2023-01-14T13:10:58.801499+00:00, run_after=2023-01-15T13:10:58.801499+00:00
[2023-01-15T13:10:58.981+0000] {processor.py:175} INFO - Processing /home/airflow/.local/lib/python3.7/site-packages/airflow/example_dags/example_short_circuit_operator.py took 1.052 seconds
[2023-01-15T13:11:44.982+0000] {processor.py:153} INFO - Started process (PID=1290) to work on /home/airflow/.local/lib/python3.7/site-packages/airflow/example_dags/example_short_circuit_operator.py
[2023-01-15T13:11:44.989+0000] {processor.py:743} INFO - Processing file /home/airflow/.local/lib/python3.7/site-packages/airflow/example_dags/example_short_circuit_operator.py for tasks to queue
[2023-01-15T13:11:44.993+0000] {logging_mixin.py:137} INFO - [2023-01-15T13:11:44.993+0000] {dagbag.py:538} INFO - Filling up the DagBag from /home/airflow/.local/lib/python3.7/site-packages/airflow/example_dags/example_short_circuit_operator.py
[2023-01-15T13:11:45.086+0000] {processor.py:753} INFO - DAG(s) dict_keys(['example_short_circuit_operator']) retrieved from /home/airflow/.local/lib/python3.7/site-packages/airflow/example_dags/example_short_circuit_operator.py
[2023-01-15T13:11:45.470+0000] {logging_mixin.py:137} INFO - [2023-01-15T13:11:45.470+0000] {dag.py:2676} INFO - Sync 1 DAGs
[2023-01-15T13:11:45.821+0000] {logging_mixin.py:137} INFO - [2023-01-15T13:11:45.821+0000] {dag.py:3427} INFO - Setting next_dagrun for example_short_circuit_operator to 2023-01-14T13:11:45.820753+00:00, run_after=2023-01-15T13:11:45.820753+00:00
[2023-01-15T13:11:45.945+0000] {processor.py:175} INFO - Processing /home/airflow/.local/lib/python3.7/site-packages/airflow/example_dags/example_short_circuit_operator.py took 1.003 seconds
[2023-01-15T13:12:41.139+0000] {processor.py:153} INFO - Started process (PID=1357) to work on /home/airflow/.local/lib/python3.7/site-packages/airflow/example_dags/example_short_circuit_operator.py
[2023-01-15T13:12:41.144+0000] {processor.py:743} INFO - Processing file /home/airflow/.local/lib/python3.7/site-packages/airflow/example_dags/example_short_circuit_operator.py for tasks to queue
[2023-01-15T13:12:41.152+0000] {logging_mixin.py:137} INFO - [2023-01-15T13:12:41.152+0000] {dagbag.py:538} INFO - Filling up the DagBag from /home/airflow/.local/lib/python3.7/site-packages/airflow/example_dags/example_short_circuit_operator.py
[2023-01-15T13:12:41.290+0000] {processor.py:753} INFO - DAG(s) dict_keys(['example_short_circuit_operator']) retrieved from /home/airflow/.local/lib/python3.7/site-packages/airflow/example_dags/example_short_circuit_operator.py
[2023-01-15T13:12:41.583+0000] {logging_mixin.py:137} INFO - [2023-01-15T13:12:41.583+0000] {dag.py:2676} INFO - Sync 1 DAGs
[2023-01-15T13:12:41.803+0000] {logging_mixin.py:137} INFO - [2023-01-15T13:12:41.797+0000] {dag.py:3427} INFO - Setting next_dagrun for example_short_circuit_operator to 2023-01-14T13:12:41.797370+00:00, run_after=2023-01-15T13:12:41.797370+00:00
[2023-01-15T13:12:41.929+0000] {processor.py:175} INFO - Processing /home/airflow/.local/lib/python3.7/site-packages/airflow/example_dags/example_short_circuit_operator.py took 0.824 seconds
[2023-01-15T13:13:29.423+0000] {processor.py:153} INFO - Started process (PID=1418) to work on /home/airflow/.local/lib/python3.7/site-packages/airflow/example_dags/example_short_circuit_operator.py
[2023-01-15T13:13:29.439+0000] {processor.py:743} INFO - Processing file /home/airflow/.local/lib/python3.7/site-packages/airflow/example_dags/example_short_circuit_operator.py for tasks to queue
[2023-01-15T13:13:29.446+0000] {logging_mixin.py:137} INFO - [2023-01-15T13:13:29.446+0000] {dagbag.py:538} INFO - Filling up the DagBag from /home/airflow/.local/lib/python3.7/site-packages/airflow/example_dags/example_short_circuit_operator.py
[2023-01-15T13:13:29.613+0000] {processor.py:753} INFO - DAG(s) dict_keys(['example_short_circuit_operator']) retrieved from /home/airflow/.local/lib/python3.7/site-packages/airflow/example_dags/example_short_circuit_operator.py
[2023-01-15T13:13:30.126+0000] {logging_mixin.py:137} INFO - [2023-01-15T13:13:30.126+0000] {dag.py:2676} INFO - Sync 1 DAGs
[2023-01-15T13:13:30.475+0000] {logging_mixin.py:137} INFO - [2023-01-15T13:13:30.475+0000] {dag.py:3427} INFO - Setting next_dagrun for example_short_circuit_operator to 2023-01-14T13:13:30.464884+00:00, run_after=2023-01-15T13:13:30.464884+00:00
[2023-01-15T13:13:30.781+0000] {processor.py:175} INFO - Processing /home/airflow/.local/lib/python3.7/site-packages/airflow/example_dags/example_short_circuit_operator.py took 1.384 seconds
[2023-01-15T13:14:01.456+0000] {processor.py:153} INFO - Started process (PID=1472) to work on /home/airflow/.local/lib/python3.7/site-packages/airflow/example_dags/example_short_circuit_operator.py
[2023-01-15T13:14:01.461+0000] {processor.py:743} INFO - Processing file /home/airflow/.local/lib/python3.7/site-packages/airflow/example_dags/example_short_circuit_operator.py for tasks to queue
[2023-01-15T13:14:01.463+0000] {logging_mixin.py:137} INFO - [2023-01-15T13:14:01.463+0000] {dagbag.py:538} INFO - Filling up the DagBag from /home/airflow/.local/lib/python3.7/site-packages/airflow/example_dags/example_short_circuit_operator.py
[2023-01-15T13:14:01.634+0000] {processor.py:753} INFO - DAG(s) dict_keys(['example_short_circuit_operator']) retrieved from /home/airflow/.local/lib/python3.7/site-packages/airflow/example_dags/example_short_circuit_operator.py
[2023-01-15T13:14:01.806+0000] {logging_mixin.py:137} INFO - [2023-01-15T13:14:01.806+0000] {dag.py:2676} INFO - Sync 1 DAGs
[2023-01-15T13:14:01.911+0000] {logging_mixin.py:137} INFO - [2023-01-15T13:14:01.911+0000] {dag.py:3427} INFO - Setting next_dagrun for example_short_circuit_operator to 2023-01-14T13:14:01.911266+00:00, run_after=2023-01-15T13:14:01.911266+00:00
[2023-01-15T13:14:01.975+0000] {processor.py:175} INFO - Processing /home/airflow/.local/lib/python3.7/site-packages/airflow/example_dags/example_short_circuit_operator.py took 0.534 seconds
[2023-01-15T13:14:32.309+0000] {processor.py:153} INFO - Started process (PID=1521) to work on /home/airflow/.local/lib/python3.7/site-packages/airflow/example_dags/example_short_circuit_operator.py
[2023-01-15T13:14:32.317+0000] {processor.py:743} INFO - Processing file /home/airflow/.local/lib/python3.7/site-packages/airflow/example_dags/example_short_circuit_operator.py for tasks to queue
[2023-01-15T13:14:32.322+0000] {logging_mixin.py:137} INFO - [2023-01-15T13:14:32.322+0000] {dagbag.py:538} INFO - Filling up the DagBag from /home/airflow/.local/lib/python3.7/site-packages/airflow/example_dags/example_short_circuit_operator.py
[2023-01-15T13:14:32.490+0000] {processor.py:753} INFO - DAG(s) dict_keys(['example_short_circuit_operator']) retrieved from /home/airflow/.local/lib/python3.7/site-packages/airflow/example_dags/example_short_circuit_operator.py
[2023-01-15T13:14:32.755+0000] {logging_mixin.py:137} INFO - [2023-01-15T13:14:32.755+0000] {dag.py:2676} INFO - Sync 1 DAGs
[2023-01-15T13:14:32.915+0000] {logging_mixin.py:137} INFO - [2023-01-15T13:14:32.915+0000] {dag.py:3427} INFO - Setting next_dagrun for example_short_circuit_operator to 2023-01-14T13:14:32.914750+00:00, run_after=2023-01-15T13:14:32.914750+00:00
[2023-01-15T13:14:33.052+0000] {processor.py:175} INFO - Processing /home/airflow/.local/lib/python3.7/site-packages/airflow/example_dags/example_short_circuit_operator.py took 0.775 seconds
[2023-01-15T13:15:04.167+0000] {processor.py:153} INFO - Started process (PID=1575) to work on /home/airflow/.local/lib/python3.7/site-packages/airflow/example_dags/example_short_circuit_operator.py
[2023-01-15T13:15:04.183+0000] {processor.py:743} INFO - Processing file /home/airflow/.local/lib/python3.7/site-packages/airflow/example_dags/example_short_circuit_operator.py for tasks to queue
[2023-01-15T13:15:04.187+0000] {logging_mixin.py:137} INFO - [2023-01-15T13:15:04.187+0000] {dagbag.py:538} INFO - Filling up the DagBag from /home/airflow/.local/lib/python3.7/site-packages/airflow/example_dags/example_short_circuit_operator.py
[2023-01-15T13:15:04.373+0000] {processor.py:753} INFO - DAG(s) dict_keys(['example_short_circuit_operator']) retrieved from /home/airflow/.local/lib/python3.7/site-packages/airflow/example_dags/example_short_circuit_operator.py
[2023-01-15T13:15:04.789+0000] {logging_mixin.py:137} INFO - [2023-01-15T13:15:04.789+0000] {dag.py:2676} INFO - Sync 1 DAGs
[2023-01-15T13:15:05.131+0000] {logging_mixin.py:137} INFO - [2023-01-15T13:15:05.130+0000] {dag.py:3427} INFO - Setting next_dagrun for example_short_circuit_operator to 2023-01-14T13:15:05.124175+00:00, run_after=2023-01-15T13:15:05.124175+00:00
[2023-01-15T13:15:05.324+0000] {processor.py:175} INFO - Processing /home/airflow/.local/lib/python3.7/site-packages/airflow/example_dags/example_short_circuit_operator.py took 1.195 seconds
[2023-01-15T13:15:36.116+0000] {processor.py:153} INFO - Started process (PID=1624) to work on /home/airflow/.local/lib/python3.7/site-packages/airflow/example_dags/example_short_circuit_operator.py
[2023-01-15T13:15:36.120+0000] {processor.py:743} INFO - Processing file /home/airflow/.local/lib/python3.7/site-packages/airflow/example_dags/example_short_circuit_operator.py for tasks to queue
[2023-01-15T13:15:36.123+0000] {logging_mixin.py:137} INFO - [2023-01-15T13:15:36.123+0000] {dagbag.py:538} INFO - Filling up the DagBag from /home/airflow/.local/lib/python3.7/site-packages/airflow/example_dags/example_short_circuit_operator.py
[2023-01-15T13:15:36.220+0000] {processor.py:753} INFO - DAG(s) dict_keys(['example_short_circuit_operator']) retrieved from /home/airflow/.local/lib/python3.7/site-packages/airflow/example_dags/example_short_circuit_operator.py
[2023-01-15T13:15:36.493+0000] {logging_mixin.py:137} INFO - [2023-01-15T13:15:36.493+0000] {dag.py:2676} INFO - Sync 1 DAGs
[2023-01-15T13:15:36.659+0000] {logging_mixin.py:137} INFO - [2023-01-15T13:15:36.659+0000] {dag.py:3427} INFO - Setting next_dagrun for example_short_circuit_operator to 2023-01-14T13:15:36.656888+00:00, run_after=2023-01-15T13:15:36.656888+00:00
[2023-01-15T13:15:36.830+0000] {processor.py:175} INFO - Processing /home/airflow/.local/lib/python3.7/site-packages/airflow/example_dags/example_short_circuit_operator.py took 0.752 seconds
[2023-01-15T13:43:56.485+0000] {processor.py:153} INFO - Started process (PID=93) to work on /home/airflow/.local/lib/python3.7/site-packages/airflow/example_dags/example_short_circuit_operator.py
[2023-01-15T13:43:56.499+0000] {processor.py:743} INFO - Processing file /home/airflow/.local/lib/python3.7/site-packages/airflow/example_dags/example_short_circuit_operator.py for tasks to queue
[2023-01-15T13:43:56.514+0000] {logging_mixin.py:137} INFO - [2023-01-15T13:43:56.513+0000] {dagbag.py:538} INFO - Filling up the DagBag from /home/airflow/.local/lib/python3.7/site-packages/airflow/example_dags/example_short_circuit_operator.py
[2023-01-15T13:43:56.693+0000] {processor.py:753} INFO - DAG(s) dict_keys(['example_short_circuit_operator']) retrieved from /home/airflow/.local/lib/python3.7/site-packages/airflow/example_dags/example_short_circuit_operator.py
[2023-01-15T13:43:57.404+0000] {logging_mixin.py:137} INFO - [2023-01-15T13:43:57.403+0000] {dag.py:2676} INFO - Sync 1 DAGs
[2023-01-15T13:43:58.388+0000] {logging_mixin.py:137} INFO - [2023-01-15T13:43:58.388+0000] {dag.py:3427} INFO - Setting next_dagrun for example_short_circuit_operator to 2023-01-14T13:43:58.375222+00:00, run_after=2023-01-15T13:43:58.375222+00:00
[2023-01-15T13:43:58.934+0000] {processor.py:175} INFO - Processing /home/airflow/.local/lib/python3.7/site-packages/airflow/example_dags/example_short_circuit_operator.py took 2.500 seconds
[2023-01-15T13:45:41.211+0000] {processor.py:153} INFO - Started process (PID=191) to work on /home/airflow/.local/lib/python3.7/site-packages/airflow/example_dags/example_short_circuit_operator.py
[2023-01-15T13:45:41.238+0000] {processor.py:743} INFO - Processing file /home/airflow/.local/lib/python3.7/site-packages/airflow/example_dags/example_short_circuit_operator.py for tasks to queue
[2023-01-15T13:45:41.245+0000] {logging_mixin.py:137} INFO - [2023-01-15T13:45:41.244+0000] {dagbag.py:538} INFO - Filling up the DagBag from /home/airflow/.local/lib/python3.7/site-packages/airflow/example_dags/example_short_circuit_operator.py
[2023-01-15T13:45:41.887+0000] {processor.py:753} INFO - DAG(s) dict_keys(['example_short_circuit_operator']) retrieved from /home/airflow/.local/lib/python3.7/site-packages/airflow/example_dags/example_short_circuit_operator.py
[2023-01-15T13:45:43.705+0000] {logging_mixin.py:137} INFO - [2023-01-15T13:45:43.705+0000] {dag.py:2676} INFO - Sync 1 DAGs
[2023-01-15T13:45:44.884+0000] {logging_mixin.py:137} INFO - [2023-01-15T13:45:44.884+0000] {dag.py:3427} INFO - Setting next_dagrun for example_short_circuit_operator to 2023-01-14T13:45:44.871196+00:00, run_after=2023-01-15T13:45:44.871196+00:00
[2023-01-15T13:45:45.572+0000] {processor.py:175} INFO - Processing /home/airflow/.local/lib/python3.7/site-packages/airflow/example_dags/example_short_circuit_operator.py took 4.464 seconds
[2023-01-15T13:46:16.873+0000] {processor.py:153} INFO - Started process (PID=240) to work on /home/airflow/.local/lib/python3.7/site-packages/airflow/example_dags/example_short_circuit_operator.py
[2023-01-15T13:46:16.891+0000] {processor.py:743} INFO - Processing file /home/airflow/.local/lib/python3.7/site-packages/airflow/example_dags/example_short_circuit_operator.py for tasks to queue
[2023-01-15T13:46:16.905+0000] {logging_mixin.py:137} INFO - [2023-01-15T13:46:16.904+0000] {dagbag.py:538} INFO - Filling up the DagBag from /home/airflow/.local/lib/python3.7/site-packages/airflow/example_dags/example_short_circuit_operator.py
[2023-01-15T13:46:17.244+0000] {processor.py:753} INFO - DAG(s) dict_keys(['example_short_circuit_operator']) retrieved from /home/airflow/.local/lib/python3.7/site-packages/airflow/example_dags/example_short_circuit_operator.py
[2023-01-15T13:46:18.182+0000] {logging_mixin.py:137} INFO - [2023-01-15T13:46:18.182+0000] {dag.py:2676} INFO - Sync 1 DAGs
[2023-01-15T13:46:18.799+0000] {logging_mixin.py:137} INFO - [2023-01-15T13:46:18.799+0000] {dag.py:3427} INFO - Setting next_dagrun for example_short_circuit_operator to 2023-01-14T13:46:18.794275+00:00, run_after=2023-01-15T13:46:18.794275+00:00
[2023-01-15T13:46:19.077+0000] {processor.py:175} INFO - Processing /home/airflow/.local/lib/python3.7/site-packages/airflow/example_dags/example_short_circuit_operator.py took 2.254 seconds
[2023-01-15T13:46:49.554+0000] {processor.py:153} INFO - Started process (PID=296) to work on /home/airflow/.local/lib/python3.7/site-packages/airflow/example_dags/example_short_circuit_operator.py
[2023-01-15T13:46:49.556+0000] {processor.py:743} INFO - Processing file /home/airflow/.local/lib/python3.7/site-packages/airflow/example_dags/example_short_circuit_operator.py for tasks to queue
[2023-01-15T13:46:49.558+0000] {logging_mixin.py:137} INFO - [2023-01-15T13:46:49.558+0000] {dagbag.py:538} INFO - Filling up the DagBag from /home/airflow/.local/lib/python3.7/site-packages/airflow/example_dags/example_short_circuit_operator.py
[2023-01-15T13:46:49.585+0000] {processor.py:753} INFO - DAG(s) dict_keys(['example_short_circuit_operator']) retrieved from /home/airflow/.local/lib/python3.7/site-packages/airflow/example_dags/example_short_circuit_operator.py
[2023-01-15T13:46:49.643+0000] {logging_mixin.py:137} INFO - [2023-01-15T13:46:49.643+0000] {dag.py:2676} INFO - Sync 1 DAGs
[2023-01-15T13:46:49.679+0000] {logging_mixin.py:137} INFO - [2023-01-15T13:46:49.679+0000] {dag.py:3427} INFO - Setting next_dagrun for example_short_circuit_operator to 2023-01-14T13:46:49.679096+00:00, run_after=2023-01-15T13:46:49.679096+00:00
[2023-01-15T13:46:49.716+0000] {processor.py:175} INFO - Processing /home/airflow/.local/lib/python3.7/site-packages/airflow/example_dags/example_short_circuit_operator.py took 0.166 seconds
[2023-01-15T13:47:20.454+0000] {processor.py:153} INFO - Started process (PID=351) to work on /home/airflow/.local/lib/python3.7/site-packages/airflow/example_dags/example_short_circuit_operator.py
[2023-01-15T13:47:20.457+0000] {processor.py:743} INFO - Processing file /home/airflow/.local/lib/python3.7/site-packages/airflow/example_dags/example_short_circuit_operator.py for tasks to queue
[2023-01-15T13:47:20.459+0000] {logging_mixin.py:137} INFO - [2023-01-15T13:47:20.459+0000] {dagbag.py:538} INFO - Filling up the DagBag from /home/airflow/.local/lib/python3.7/site-packages/airflow/example_dags/example_short_circuit_operator.py
[2023-01-15T13:47:20.505+0000] {processor.py:753} INFO - DAG(s) dict_keys(['example_short_circuit_operator']) retrieved from /home/airflow/.local/lib/python3.7/site-packages/airflow/example_dags/example_short_circuit_operator.py
[2023-01-15T13:47:20.627+0000] {logging_mixin.py:137} INFO - [2023-01-15T13:47:20.627+0000] {dag.py:2676} INFO - Sync 1 DAGs
[2023-01-15T13:47:20.687+0000] {logging_mixin.py:137} INFO - [2023-01-15T13:47:20.686+0000] {dag.py:3427} INFO - Setting next_dagrun for example_short_circuit_operator to 2023-01-14T13:47:20.686435+00:00, run_after=2023-01-15T13:47:20.686435+00:00
[2023-01-15T13:47:20.752+0000] {processor.py:175} INFO - Processing /home/airflow/.local/lib/python3.7/site-packages/airflow/example_dags/example_short_circuit_operator.py took 0.306 seconds
[2023-01-15T13:47:51.036+0000] {processor.py:153} INFO - Started process (PID=407) to work on /home/airflow/.local/lib/python3.7/site-packages/airflow/example_dags/example_short_circuit_operator.py
[2023-01-15T13:47:51.046+0000] {processor.py:743} INFO - Processing file /home/airflow/.local/lib/python3.7/site-packages/airflow/example_dags/example_short_circuit_operator.py for tasks to queue
[2023-01-15T13:47:51.050+0000] {logging_mixin.py:137} INFO - [2023-01-15T13:47:51.050+0000] {dagbag.py:538} INFO - Filling up the DagBag from /home/airflow/.local/lib/python3.7/site-packages/airflow/example_dags/example_short_circuit_operator.py
[2023-01-15T13:47:51.237+0000] {processor.py:753} INFO - DAG(s) dict_keys(['example_short_circuit_operator']) retrieved from /home/airflow/.local/lib/python3.7/site-packages/airflow/example_dags/example_short_circuit_operator.py
[2023-01-15T13:47:51.428+0000] {logging_mixin.py:137} INFO - [2023-01-15T13:47:51.428+0000] {dag.py:2676} INFO - Sync 1 DAGs
[2023-01-15T13:47:51.545+0000] {logging_mixin.py:137} INFO - [2023-01-15T13:47:51.545+0000] {dag.py:3427} INFO - Setting next_dagrun for example_short_circuit_operator to 2023-01-14T13:47:51.544906+00:00, run_after=2023-01-15T13:47:51.544906+00:00
[2023-01-15T13:47:51.630+0000] {processor.py:175} INFO - Processing /home/airflow/.local/lib/python3.7/site-packages/airflow/example_dags/example_short_circuit_operator.py took 0.614 seconds
[2023-01-15T13:48:21.847+0000] {processor.py:153} INFO - Started process (PID=453) to work on /home/airflow/.local/lib/python3.7/site-packages/airflow/example_dags/example_short_circuit_operator.py
[2023-01-15T13:48:21.849+0000] {processor.py:743} INFO - Processing file /home/airflow/.local/lib/python3.7/site-packages/airflow/example_dags/example_short_circuit_operator.py for tasks to queue
[2023-01-15T13:48:21.852+0000] {logging_mixin.py:137} INFO - [2023-01-15T13:48:21.852+0000] {dagbag.py:538} INFO - Filling up the DagBag from /home/airflow/.local/lib/python3.7/site-packages/airflow/example_dags/example_short_circuit_operator.py
[2023-01-15T13:48:21.874+0000] {processor.py:753} INFO - DAG(s) dict_keys(['example_short_circuit_operator']) retrieved from /home/airflow/.local/lib/python3.7/site-packages/airflow/example_dags/example_short_circuit_operator.py
[2023-01-15T13:48:21.938+0000] {logging_mixin.py:137} INFO - [2023-01-15T13:48:21.938+0000] {dag.py:2676} INFO - Sync 1 DAGs
[2023-01-15T13:48:21.967+0000] {logging_mixin.py:137} INFO - [2023-01-15T13:48:21.967+0000] {dag.py:3427} INFO - Setting next_dagrun for example_short_circuit_operator to 2023-01-14T13:48:21.966807+00:00, run_after=2023-01-15T13:48:21.966807+00:00
[2023-01-15T13:48:22.003+0000] {processor.py:175} INFO - Processing /home/airflow/.local/lib/python3.7/site-packages/airflow/example_dags/example_short_circuit_operator.py took 0.162 seconds
[2023-01-15T13:48:52.975+0000] {processor.py:153} INFO - Started process (PID=507) to work on /home/airflow/.local/lib/python3.7/site-packages/airflow/example_dags/example_short_circuit_operator.py
[2023-01-15T13:48:52.978+0000] {processor.py:743} INFO - Processing file /home/airflow/.local/lib/python3.7/site-packages/airflow/example_dags/example_short_circuit_operator.py for tasks to queue
[2023-01-15T13:48:52.980+0000] {logging_mixin.py:137} INFO - [2023-01-15T13:48:52.980+0000] {dagbag.py:538} INFO - Filling up the DagBag from /home/airflow/.local/lib/python3.7/site-packages/airflow/example_dags/example_short_circuit_operator.py
[2023-01-15T13:48:53.024+0000] {processor.py:753} INFO - DAG(s) dict_keys(['example_short_circuit_operator']) retrieved from /home/airflow/.local/lib/python3.7/site-packages/airflow/example_dags/example_short_circuit_operator.py
[2023-01-15T13:48:53.118+0000] {logging_mixin.py:137} INFO - [2023-01-15T13:48:53.117+0000] {dag.py:2676} INFO - Sync 1 DAGs
[2023-01-15T13:48:53.180+0000] {logging_mixin.py:137} INFO - [2023-01-15T13:48:53.180+0000] {dag.py:3427} INFO - Setting next_dagrun for example_short_circuit_operator to 2023-01-14T13:48:53.180119+00:00, run_after=2023-01-15T13:48:53.180119+00:00
[2023-01-15T13:48:53.228+0000] {processor.py:175} INFO - Processing /home/airflow/.local/lib/python3.7/site-packages/airflow/example_dags/example_short_circuit_operator.py took 0.261 seconds
[2023-01-15T13:49:24.473+0000] {processor.py:153} INFO - Started process (PID=570) to work on /home/airflow/.local/lib/python3.7/site-packages/airflow/example_dags/example_short_circuit_operator.py
[2023-01-15T13:49:24.480+0000] {processor.py:743} INFO - Processing file /home/airflow/.local/lib/python3.7/site-packages/airflow/example_dags/example_short_circuit_operator.py for tasks to queue
[2023-01-15T13:49:24.484+0000] {logging_mixin.py:137} INFO - [2023-01-15T13:49:24.484+0000] {dagbag.py:538} INFO - Filling up the DagBag from /home/airflow/.local/lib/python3.7/site-packages/airflow/example_dags/example_short_circuit_operator.py
[2023-01-15T13:49:24.584+0000] {processor.py:753} INFO - DAG(s) dict_keys(['example_short_circuit_operator']) retrieved from /home/airflow/.local/lib/python3.7/site-packages/airflow/example_dags/example_short_circuit_operator.py
[2023-01-15T13:49:24.732+0000] {logging_mixin.py:137} INFO - [2023-01-15T13:49:24.732+0000] {dag.py:2676} INFO - Sync 1 DAGs
[2023-01-15T13:49:24.793+0000] {logging_mixin.py:137} INFO - [2023-01-15T13:49:24.792+0000] {dag.py:3427} INFO - Setting next_dagrun for example_short_circuit_operator to 2023-01-14T13:49:24.792560+00:00, run_after=2023-01-15T13:49:24.792560+00:00
[2023-01-15T13:49:24.838+0000] {processor.py:175} INFO - Processing /home/airflow/.local/lib/python3.7/site-packages/airflow/example_dags/example_short_circuit_operator.py took 0.386 seconds
[2023-01-15T13:49:56.571+0000] {processor.py:153} INFO - Started process (PID=626) to work on /home/airflow/.local/lib/python3.7/site-packages/airflow/example_dags/example_short_circuit_operator.py
[2023-01-15T13:49:56.574+0000] {processor.py:743} INFO - Processing file /home/airflow/.local/lib/python3.7/site-packages/airflow/example_dags/example_short_circuit_operator.py for tasks to queue
[2023-01-15T13:49:56.581+0000] {logging_mixin.py:137} INFO - [2023-01-15T13:49:56.581+0000] {dagbag.py:538} INFO - Filling up the DagBag from /home/airflow/.local/lib/python3.7/site-packages/airflow/example_dags/example_short_circuit_operator.py
[2023-01-15T13:49:56.819+0000] {processor.py:753} INFO - DAG(s) dict_keys(['example_short_circuit_operator']) retrieved from /home/airflow/.local/lib/python3.7/site-packages/airflow/example_dags/example_short_circuit_operator.py
[2023-01-15T13:49:57.206+0000] {logging_mixin.py:137} INFO - [2023-01-15T13:49:57.206+0000] {dag.py:2676} INFO - Sync 1 DAGs
[2023-01-15T13:49:57.376+0000] {logging_mixin.py:137} INFO - [2023-01-15T13:49:57.376+0000] {dag.py:3427} INFO - Setting next_dagrun for example_short_circuit_operator to 2023-01-14T13:49:57.372871+00:00, run_after=2023-01-15T13:49:57.372871+00:00
[2023-01-15T13:49:57.464+0000] {processor.py:175} INFO - Processing /home/airflow/.local/lib/python3.7/site-packages/airflow/example_dags/example_short_circuit_operator.py took 0.939 seconds
[2023-01-15T13:50:28.168+0000] {processor.py:153} INFO - Started process (PID=675) to work on /home/airflow/.local/lib/python3.7/site-packages/airflow/example_dags/example_short_circuit_operator.py
[2023-01-15T13:50:28.182+0000] {processor.py:743} INFO - Processing file /home/airflow/.local/lib/python3.7/site-packages/airflow/example_dags/example_short_circuit_operator.py for tasks to queue
[2023-01-15T13:50:28.184+0000] {logging_mixin.py:137} INFO - [2023-01-15T13:50:28.184+0000] {dagbag.py:538} INFO - Filling up the DagBag from /home/airflow/.local/lib/python3.7/site-packages/airflow/example_dags/example_short_circuit_operator.py
[2023-01-15T13:50:28.241+0000] {processor.py:753} INFO - DAG(s) dict_keys(['example_short_circuit_operator']) retrieved from /home/airflow/.local/lib/python3.7/site-packages/airflow/example_dags/example_short_circuit_operator.py
[2023-01-15T13:50:28.337+0000] {logging_mixin.py:137} INFO - [2023-01-15T13:50:28.337+0000] {dag.py:2676} INFO - Sync 1 DAGs
[2023-01-15T13:50:28.396+0000] {logging_mixin.py:137} INFO - [2023-01-15T13:50:28.396+0000] {dag.py:3427} INFO - Setting next_dagrun for example_short_circuit_operator to 2023-01-14T13:50:28.395979+00:00, run_after=2023-01-15T13:50:28.395979+00:00
[2023-01-15T13:50:28.441+0000] {processor.py:175} INFO - Processing /home/airflow/.local/lib/python3.7/site-packages/airflow/example_dags/example_short_circuit_operator.py took 0.279 seconds
[2023-01-15T13:51:00.024+0000] {processor.py:153} INFO - Started process (PID=740) to work on /home/airflow/.local/lib/python3.7/site-packages/airflow/example_dags/example_short_circuit_operator.py
[2023-01-15T13:51:00.031+0000] {processor.py:743} INFO - Processing file /home/airflow/.local/lib/python3.7/site-packages/airflow/example_dags/example_short_circuit_operator.py for tasks to queue
[2023-01-15T13:51:00.043+0000] {logging_mixin.py:137} INFO - [2023-01-15T13:51:00.043+0000] {dagbag.py:538} INFO - Filling up the DagBag from /home/airflow/.local/lib/python3.7/site-packages/airflow/example_dags/example_short_circuit_operator.py
[2023-01-15T13:51:00.157+0000] {processor.py:753} INFO - DAG(s) dict_keys(['example_short_circuit_operator']) retrieved from /home/airflow/.local/lib/python3.7/site-packages/airflow/example_dags/example_short_circuit_operator.py
[2023-01-15T13:51:00.296+0000] {logging_mixin.py:137} INFO - [2023-01-15T13:51:00.296+0000] {dag.py:2676} INFO - Sync 1 DAGs
[2023-01-15T13:51:00.396+0000] {logging_mixin.py:137} INFO - [2023-01-15T13:51:00.393+0000] {dag.py:3427} INFO - Setting next_dagrun for example_short_circuit_operator to 2023-01-14T13:51:00.393377+00:00, run_after=2023-01-15T13:51:00.393377+00:00
[2023-01-15T13:51:00.466+0000] {processor.py:175} INFO - Processing /home/airflow/.local/lib/python3.7/site-packages/airflow/example_dags/example_short_circuit_operator.py took 0.483 seconds
[2023-01-15T13:51:33.940+0000] {processor.py:153} INFO - Started process (PID=794) to work on /home/airflow/.local/lib/python3.7/site-packages/airflow/example_dags/example_short_circuit_operator.py
[2023-01-15T13:51:33.962+0000] {processor.py:743} INFO - Processing file /home/airflow/.local/lib/python3.7/site-packages/airflow/example_dags/example_short_circuit_operator.py for tasks to queue
[2023-01-15T13:51:33.985+0000] {logging_mixin.py:137} INFO - [2023-01-15T13:51:33.984+0000] {dagbag.py:538} INFO - Filling up the DagBag from /home/airflow/.local/lib/python3.7/site-packages/airflow/example_dags/example_short_circuit_operator.py
[2023-01-15T13:51:34.251+0000] {processor.py:753} INFO - DAG(s) dict_keys(['example_short_circuit_operator']) retrieved from /home/airflow/.local/lib/python3.7/site-packages/airflow/example_dags/example_short_circuit_operator.py
[2023-01-15T13:51:34.871+0000] {logging_mixin.py:137} INFO - [2023-01-15T13:51:34.870+0000] {dag.py:2676} INFO - Sync 1 DAGs
[2023-01-15T13:51:35.236+0000] {logging_mixin.py:137} INFO - [2023-01-15T13:51:35.235+0000] {dag.py:3427} INFO - Setting next_dagrun for example_short_circuit_operator to 2023-01-14T13:51:35.227468+00:00, run_after=2023-01-15T13:51:35.227468+00:00
[2023-01-15T13:51:35.448+0000] {processor.py:175} INFO - Processing /home/airflow/.local/lib/python3.7/site-packages/airflow/example_dags/example_short_circuit_operator.py took 1.544 seconds
[2023-01-15T13:52:06.277+0000] {processor.py:153} INFO - Started process (PID=843) to work on /home/airflow/.local/lib/python3.7/site-packages/airflow/example_dags/example_short_circuit_operator.py
[2023-01-15T13:52:06.280+0000] {processor.py:743} INFO - Processing file /home/airflow/.local/lib/python3.7/site-packages/airflow/example_dags/example_short_circuit_operator.py for tasks to queue
[2023-01-15T13:52:06.283+0000] {logging_mixin.py:137} INFO - [2023-01-15T13:52:06.283+0000] {dagbag.py:538} INFO - Filling up the DagBag from /home/airflow/.local/lib/python3.7/site-packages/airflow/example_dags/example_short_circuit_operator.py
[2023-01-15T13:52:06.398+0000] {processor.py:753} INFO - DAG(s) dict_keys(['example_short_circuit_operator']) retrieved from /home/airflow/.local/lib/python3.7/site-packages/airflow/example_dags/example_short_circuit_operator.py
[2023-01-15T13:52:06.690+0000] {logging_mixin.py:137} INFO - [2023-01-15T13:52:06.690+0000] {dag.py:2676} INFO - Sync 1 DAGs
[2023-01-15T13:52:06.814+0000] {logging_mixin.py:137} INFO - [2023-01-15T13:52:06.813+0000] {dag.py:3427} INFO - Setting next_dagrun for example_short_circuit_operator to 2023-01-14T13:52:06.813109+00:00, run_after=2023-01-15T13:52:06.813109+00:00
[2023-01-15T13:52:06.903+0000] {processor.py:175} INFO - Processing /home/airflow/.local/lib/python3.7/site-packages/airflow/example_dags/example_short_circuit_operator.py took 0.650 seconds
[2023-01-15T13:52:37.351+0000] {processor.py:153} INFO - Started process (PID=899) to work on /home/airflow/.local/lib/python3.7/site-packages/airflow/example_dags/example_short_circuit_operator.py
[2023-01-15T13:52:37.355+0000] {processor.py:743} INFO - Processing file /home/airflow/.local/lib/python3.7/site-packages/airflow/example_dags/example_short_circuit_operator.py for tasks to queue
[2023-01-15T13:52:37.370+0000] {logging_mixin.py:137} INFO - [2023-01-15T13:52:37.370+0000] {dagbag.py:538} INFO - Filling up the DagBag from /home/airflow/.local/lib/python3.7/site-packages/airflow/example_dags/example_short_circuit_operator.py
[2023-01-15T13:52:37.413+0000] {processor.py:753} INFO - DAG(s) dict_keys(['example_short_circuit_operator']) retrieved from /home/airflow/.local/lib/python3.7/site-packages/airflow/example_dags/example_short_circuit_operator.py
[2023-01-15T13:52:37.511+0000] {logging_mixin.py:137} INFO - [2023-01-15T13:52:37.511+0000] {dag.py:2676} INFO - Sync 1 DAGs
[2023-01-15T13:52:37.579+0000] {logging_mixin.py:137} INFO - [2023-01-15T13:52:37.579+0000] {dag.py:3427} INFO - Setting next_dagrun for example_short_circuit_operator to 2023-01-14T13:52:37.579133+00:00, run_after=2023-01-15T13:52:37.579133+00:00
[2023-01-15T13:52:37.664+0000] {processor.py:175} INFO - Processing /home/airflow/.local/lib/python3.7/site-packages/airflow/example_dags/example_short_circuit_operator.py took 0.329 seconds
