[2023-01-15T12:59:52.157+0000] {processor.py:153} INFO - Started process (PID=107) to work on /home/airflow/.local/lib/python3.7/site-packages/airflow/example_dags/example_skip_dag.py
[2023-01-15T12:59:52.160+0000] {processor.py:743} INFO - Processing file /home/airflow/.local/lib/python3.7/site-packages/airflow/example_dags/example_skip_dag.py for tasks to queue
[2023-01-15T12:59:52.167+0000] {logging_mixin.py:137} INFO - [2023-01-15T12:59:52.166+0000] {dagbag.py:538} INFO - Filling up the DagBag from /home/airflow/.local/lib/python3.7/site-packages/airflow/example_dags/example_skip_dag.py
[2023-01-15T12:59:52.247+0000] {processor.py:753} INFO - DAG(s) dict_keys(['example_skip_dag']) retrieved from /home/airflow/.local/lib/python3.7/site-packages/airflow/example_dags/example_skip_dag.py
[2023-01-15T12:59:52.732+0000] {logging_mixin.py:137} INFO - [2023-01-15T12:59:52.732+0000] {manager.py:504} INFO - Created Permission View: can read on DAG:example_skip_dag
[2023-01-15T12:59:52.769+0000] {logging_mixin.py:137} INFO - [2023-01-15T12:59:52.769+0000] {manager.py:504} INFO - Created Permission View: can edit on DAG:example_skip_dag
[2023-01-15T12:59:52.808+0000] {logging_mixin.py:137} INFO - [2023-01-15T12:59:52.808+0000] {manager.py:504} INFO - Created Permission View: can delete on DAG:example_skip_dag
[2023-01-15T12:59:52.810+0000] {logging_mixin.py:137} INFO - [2023-01-15T12:59:52.810+0000] {dag.py:2676} INFO - Sync 1 DAGs
[2023-01-15T12:59:52.949+0000] {logging_mixin.py:137} INFO - [2023-01-15T12:59:52.949+0000] {dag.py:2697} INFO - Creating ORM DAG for example_skip_dag
[2023-01-15T12:59:52.988+0000] {logging_mixin.py:137} INFO - [2023-01-15T12:59:52.987+0000] {dag.py:3427} INFO - Setting next_dagrun for example_skip_dag to 2023-01-14T12:59:52.986410+00:00, run_after=2023-01-15T12:59:52.986410+00:00
[2023-01-15T12:59:53.047+0000] {processor.py:175} INFO - Processing /home/airflow/.local/lib/python3.7/site-packages/airflow/example_dags/example_skip_dag.py took 0.918 seconds
[2023-01-15T13:00:23.301+0000] {processor.py:153} INFO - Started process (PID=163) to work on /home/airflow/.local/lib/python3.7/site-packages/airflow/example_dags/example_skip_dag.py
[2023-01-15T13:00:23.309+0000] {processor.py:743} INFO - Processing file /home/airflow/.local/lib/python3.7/site-packages/airflow/example_dags/example_skip_dag.py for tasks to queue
[2023-01-15T13:00:23.311+0000] {logging_mixin.py:137} INFO - [2023-01-15T13:00:23.311+0000] {dagbag.py:538} INFO - Filling up the DagBag from /home/airflow/.local/lib/python3.7/site-packages/airflow/example_dags/example_skip_dag.py
[2023-01-15T13:00:23.401+0000] {processor.py:753} INFO - DAG(s) dict_keys(['example_skip_dag']) retrieved from /home/airflow/.local/lib/python3.7/site-packages/airflow/example_dags/example_skip_dag.py
[2023-01-15T13:00:23.618+0000] {logging_mixin.py:137} INFO - [2023-01-15T13:00:23.618+0000] {dag.py:2676} INFO - Sync 1 DAGs
[2023-01-15T13:00:23.766+0000] {logging_mixin.py:137} INFO - [2023-01-15T13:00:23.763+0000] {dag.py:3427} INFO - Setting next_dagrun for example_skip_dag to 2023-01-14T13:00:23.762274+00:00, run_after=2023-01-15T13:00:23.762274+00:00
[2023-01-15T13:00:23.932+0000] {processor.py:175} INFO - Processing /home/airflow/.local/lib/python3.7/site-packages/airflow/example_dags/example_skip_dag.py took 0.656 seconds
[2023-01-15T13:00:54.279+0000] {processor.py:153} INFO - Started process (PID=219) to work on /home/airflow/.local/lib/python3.7/site-packages/airflow/example_dags/example_skip_dag.py
[2023-01-15T13:00:54.281+0000] {processor.py:743} INFO - Processing file /home/airflow/.local/lib/python3.7/site-packages/airflow/example_dags/example_skip_dag.py for tasks to queue
[2023-01-15T13:00:54.283+0000] {logging_mixin.py:137} INFO - [2023-01-15T13:00:54.283+0000] {dagbag.py:538} INFO - Filling up the DagBag from /home/airflow/.local/lib/python3.7/site-packages/airflow/example_dags/example_skip_dag.py
[2023-01-15T13:00:54.339+0000] {processor.py:753} INFO - DAG(s) dict_keys(['example_skip_dag']) retrieved from /home/airflow/.local/lib/python3.7/site-packages/airflow/example_dags/example_skip_dag.py
[2023-01-15T13:00:54.544+0000] {logging_mixin.py:137} INFO - [2023-01-15T13:00:54.544+0000] {dag.py:2676} INFO - Sync 1 DAGs
[2023-01-15T13:00:54.645+0000] {logging_mixin.py:137} INFO - [2023-01-15T13:00:54.645+0000] {dag.py:3427} INFO - Setting next_dagrun for example_skip_dag to 2023-01-14T13:00:54.644746+00:00, run_after=2023-01-15T13:00:54.644746+00:00
[2023-01-15T13:00:54.718+0000] {processor.py:175} INFO - Processing /home/airflow/.local/lib/python3.7/site-packages/airflow/example_dags/example_skip_dag.py took 0.453 seconds
[2023-01-15T13:01:25.698+0000] {processor.py:153} INFO - Started process (PID=274) to work on /home/airflow/.local/lib/python3.7/site-packages/airflow/example_dags/example_skip_dag.py
[2023-01-15T13:01:25.700+0000] {processor.py:743} INFO - Processing file /home/airflow/.local/lib/python3.7/site-packages/airflow/example_dags/example_skip_dag.py for tasks to queue
[2023-01-15T13:01:25.705+0000] {logging_mixin.py:137} INFO - [2023-01-15T13:01:25.705+0000] {dagbag.py:538} INFO - Filling up the DagBag from /home/airflow/.local/lib/python3.7/site-packages/airflow/example_dags/example_skip_dag.py
[2023-01-15T13:01:25.790+0000] {processor.py:753} INFO - DAG(s) dict_keys(['example_skip_dag']) retrieved from /home/airflow/.local/lib/python3.7/site-packages/airflow/example_dags/example_skip_dag.py
[2023-01-15T13:01:25.942+0000] {logging_mixin.py:137} INFO - [2023-01-15T13:01:25.942+0000] {dag.py:2676} INFO - Sync 1 DAGs
[2023-01-15T13:01:26.010+0000] {logging_mixin.py:137} INFO - [2023-01-15T13:01:26.009+0000] {dag.py:3427} INFO - Setting next_dagrun for example_skip_dag to 2023-01-14T13:01:26.005543+00:00, run_after=2023-01-15T13:01:26.005543+00:00
[2023-01-15T13:01:26.064+0000] {processor.py:175} INFO - Processing /home/airflow/.local/lib/python3.7/site-packages/airflow/example_dags/example_skip_dag.py took 0.385 seconds
[2023-01-15T13:01:56.541+0000] {processor.py:153} INFO - Started process (PID=339) to work on /home/airflow/.local/lib/python3.7/site-packages/airflow/example_dags/example_skip_dag.py
[2023-01-15T13:01:56.545+0000] {processor.py:743} INFO - Processing file /home/airflow/.local/lib/python3.7/site-packages/airflow/example_dags/example_skip_dag.py for tasks to queue
[2023-01-15T13:01:56.547+0000] {logging_mixin.py:137} INFO - [2023-01-15T13:01:56.547+0000] {dagbag.py:538} INFO - Filling up the DagBag from /home/airflow/.local/lib/python3.7/site-packages/airflow/example_dags/example_skip_dag.py
[2023-01-15T13:01:56.589+0000] {processor.py:753} INFO - DAG(s) dict_keys(['example_skip_dag']) retrieved from /home/airflow/.local/lib/python3.7/site-packages/airflow/example_dags/example_skip_dag.py
[2023-01-15T13:01:56.677+0000] {logging_mixin.py:137} INFO - [2023-01-15T13:01:56.677+0000] {dag.py:2676} INFO - Sync 1 DAGs
[2023-01-15T13:01:56.734+0000] {logging_mixin.py:137} INFO - [2023-01-15T13:01:56.734+0000] {dag.py:3427} INFO - Setting next_dagrun for example_skip_dag to 2023-01-14T13:01:56.733838+00:00, run_after=2023-01-15T13:01:56.733838+00:00
[2023-01-15T13:01:56.789+0000] {processor.py:175} INFO - Processing /home/airflow/.local/lib/python3.7/site-packages/airflow/example_dags/example_skip_dag.py took 0.254 seconds
[2023-01-15T13:02:27.383+0000] {processor.py:153} INFO - Started process (PID=385) to work on /home/airflow/.local/lib/python3.7/site-packages/airflow/example_dags/example_skip_dag.py
[2023-01-15T13:02:27.392+0000] {processor.py:743} INFO - Processing file /home/airflow/.local/lib/python3.7/site-packages/airflow/example_dags/example_skip_dag.py for tasks to queue
[2023-01-15T13:02:27.396+0000] {logging_mixin.py:137} INFO - [2023-01-15T13:02:27.395+0000] {dagbag.py:538} INFO - Filling up the DagBag from /home/airflow/.local/lib/python3.7/site-packages/airflow/example_dags/example_skip_dag.py
[2023-01-15T13:02:27.497+0000] {processor.py:753} INFO - DAG(s) dict_keys(['example_skip_dag']) retrieved from /home/airflow/.local/lib/python3.7/site-packages/airflow/example_dags/example_skip_dag.py
[2023-01-15T13:02:27.682+0000] {logging_mixin.py:137} INFO - [2023-01-15T13:02:27.681+0000] {dag.py:2676} INFO - Sync 1 DAGs
[2023-01-15T13:02:27.801+0000] {logging_mixin.py:137} INFO - [2023-01-15T13:02:27.795+0000] {dag.py:3427} INFO - Setting next_dagrun for example_skip_dag to 2023-01-14T13:02:27.794970+00:00, run_after=2023-01-15T13:02:27.794970+00:00
[2023-01-15T13:02:27.915+0000] {processor.py:175} INFO - Processing /home/airflow/.local/lib/python3.7/site-packages/airflow/example_dags/example_skip_dag.py took 0.549 seconds
[2023-01-15T13:02:58.208+0000] {processor.py:153} INFO - Started process (PID=440) to work on /home/airflow/.local/lib/python3.7/site-packages/airflow/example_dags/example_skip_dag.py
[2023-01-15T13:02:58.218+0000] {processor.py:743} INFO - Processing file /home/airflow/.local/lib/python3.7/site-packages/airflow/example_dags/example_skip_dag.py for tasks to queue
[2023-01-15T13:02:58.221+0000] {logging_mixin.py:137} INFO - [2023-01-15T13:02:58.221+0000] {dagbag.py:538} INFO - Filling up the DagBag from /home/airflow/.local/lib/python3.7/site-packages/airflow/example_dags/example_skip_dag.py
[2023-01-15T13:02:58.264+0000] {processor.py:753} INFO - DAG(s) dict_keys(['example_skip_dag']) retrieved from /home/airflow/.local/lib/python3.7/site-packages/airflow/example_dags/example_skip_dag.py
[2023-01-15T13:02:58.321+0000] {logging_mixin.py:137} INFO - [2023-01-15T13:02:58.320+0000] {dag.py:2676} INFO - Sync 1 DAGs
[2023-01-15T13:02:58.350+0000] {logging_mixin.py:137} INFO - [2023-01-15T13:02:58.350+0000] {dag.py:3427} INFO - Setting next_dagrun for example_skip_dag to 2023-01-14T13:02:58.349705+00:00, run_after=2023-01-15T13:02:58.349705+00:00
[2023-01-15T13:02:58.393+0000] {processor.py:175} INFO - Processing /home/airflow/.local/lib/python3.7/site-packages/airflow/example_dags/example_skip_dag.py took 0.193 seconds
[2023-01-15T13:03:29.453+0000] {processor.py:153} INFO - Started process (PID=495) to work on /home/airflow/.local/lib/python3.7/site-packages/airflow/example_dags/example_skip_dag.py
[2023-01-15T13:03:29.455+0000] {processor.py:743} INFO - Processing file /home/airflow/.local/lib/python3.7/site-packages/airflow/example_dags/example_skip_dag.py for tasks to queue
[2023-01-15T13:03:29.456+0000] {logging_mixin.py:137} INFO - [2023-01-15T13:03:29.456+0000] {dagbag.py:538} INFO - Filling up the DagBag from /home/airflow/.local/lib/python3.7/site-packages/airflow/example_dags/example_skip_dag.py
[2023-01-15T13:03:29.474+0000] {processor.py:753} INFO - DAG(s) dict_keys(['example_skip_dag']) retrieved from /home/airflow/.local/lib/python3.7/site-packages/airflow/example_dags/example_skip_dag.py
[2023-01-15T13:03:29.544+0000] {logging_mixin.py:137} INFO - [2023-01-15T13:03:29.544+0000] {dag.py:2676} INFO - Sync 1 DAGs
[2023-01-15T13:03:29.579+0000] {logging_mixin.py:137} INFO - [2023-01-15T13:03:29.579+0000] {dag.py:3427} INFO - Setting next_dagrun for example_skip_dag to 2023-01-14T13:03:29.579480+00:00, run_after=2023-01-15T13:03:29.579480+00:00
[2023-01-15T13:03:29.622+0000] {processor.py:175} INFO - Processing /home/airflow/.local/lib/python3.7/site-packages/airflow/example_dags/example_skip_dag.py took 0.174 seconds
[2023-01-15T13:04:00.419+0000] {processor.py:153} INFO - Started process (PID=551) to work on /home/airflow/.local/lib/python3.7/site-packages/airflow/example_dags/example_skip_dag.py
[2023-01-15T13:04:00.422+0000] {processor.py:743} INFO - Processing file /home/airflow/.local/lib/python3.7/site-packages/airflow/example_dags/example_skip_dag.py for tasks to queue
[2023-01-15T13:04:00.424+0000] {logging_mixin.py:137} INFO - [2023-01-15T13:04:00.424+0000] {dagbag.py:538} INFO - Filling up the DagBag from /home/airflow/.local/lib/python3.7/site-packages/airflow/example_dags/example_skip_dag.py
[2023-01-15T13:04:00.469+0000] {processor.py:753} INFO - DAG(s) dict_keys(['example_skip_dag']) retrieved from /home/airflow/.local/lib/python3.7/site-packages/airflow/example_dags/example_skip_dag.py
[2023-01-15T13:04:00.575+0000] {logging_mixin.py:137} INFO - [2023-01-15T13:04:00.575+0000] {dag.py:2676} INFO - Sync 1 DAGs
[2023-01-15T13:04:00.661+0000] {logging_mixin.py:137} INFO - [2023-01-15T13:04:00.661+0000] {dag.py:3427} INFO - Setting next_dagrun for example_skip_dag to 2023-01-14T13:04:00.661278+00:00, run_after=2023-01-15T13:04:00.661278+00:00
[2023-01-15T13:04:00.723+0000] {processor.py:175} INFO - Processing /home/airflow/.local/lib/python3.7/site-packages/airflow/example_dags/example_skip_dag.py took 0.311 seconds
[2023-01-15T13:04:31.671+0000] {processor.py:153} INFO - Started process (PID=607) to work on /home/airflow/.local/lib/python3.7/site-packages/airflow/example_dags/example_skip_dag.py
[2023-01-15T13:04:31.675+0000] {processor.py:743} INFO - Processing file /home/airflow/.local/lib/python3.7/site-packages/airflow/example_dags/example_skip_dag.py for tasks to queue
[2023-01-15T13:04:31.682+0000] {logging_mixin.py:137} INFO - [2023-01-15T13:04:31.682+0000] {dagbag.py:538} INFO - Filling up the DagBag from /home/airflow/.local/lib/python3.7/site-packages/airflow/example_dags/example_skip_dag.py
[2023-01-15T13:04:31.726+0000] {processor.py:753} INFO - DAG(s) dict_keys(['example_skip_dag']) retrieved from /home/airflow/.local/lib/python3.7/site-packages/airflow/example_dags/example_skip_dag.py
[2023-01-15T13:04:31.831+0000] {logging_mixin.py:137} INFO - [2023-01-15T13:04:31.831+0000] {dag.py:2676} INFO - Sync 1 DAGs
[2023-01-15T13:04:31.911+0000] {logging_mixin.py:137} INFO - [2023-01-15T13:04:31.910+0000] {dag.py:3427} INFO - Setting next_dagrun for example_skip_dag to 2023-01-14T13:04:31.910526+00:00, run_after=2023-01-15T13:04:31.910526+00:00
[2023-01-15T13:04:31.963+0000] {processor.py:175} INFO - Processing /home/airflow/.local/lib/python3.7/site-packages/airflow/example_dags/example_skip_dag.py took 0.300 seconds
[2023-01-15T13:05:02.697+0000] {processor.py:153} INFO - Started process (PID=672) to work on /home/airflow/.local/lib/python3.7/site-packages/airflow/example_dags/example_skip_dag.py
[2023-01-15T13:05:02.704+0000] {processor.py:743} INFO - Processing file /home/airflow/.local/lib/python3.7/site-packages/airflow/example_dags/example_skip_dag.py for tasks to queue
[2023-01-15T13:05:02.707+0000] {logging_mixin.py:137} INFO - [2023-01-15T13:05:02.706+0000] {dagbag.py:538} INFO - Filling up the DagBag from /home/airflow/.local/lib/python3.7/site-packages/airflow/example_dags/example_skip_dag.py
[2023-01-15T13:05:02.753+0000] {processor.py:753} INFO - DAG(s) dict_keys(['example_skip_dag']) retrieved from /home/airflow/.local/lib/python3.7/site-packages/airflow/example_dags/example_skip_dag.py
[2023-01-15T13:05:02.847+0000] {logging_mixin.py:137} INFO - [2023-01-15T13:05:02.847+0000] {dag.py:2676} INFO - Sync 1 DAGs
[2023-01-15T13:05:02.903+0000] {logging_mixin.py:137} INFO - [2023-01-15T13:05:02.903+0000] {dag.py:3427} INFO - Setting next_dagrun for example_skip_dag to 2023-01-14T13:05:02.902710+00:00, run_after=2023-01-15T13:05:02.902710+00:00
[2023-01-15T13:05:02.956+0000] {processor.py:175} INFO - Processing /home/airflow/.local/lib/python3.7/site-packages/airflow/example_dags/example_skip_dag.py took 0.274 seconds
[2023-01-15T13:05:33.899+0000] {processor.py:153} INFO - Started process (PID=726) to work on /home/airflow/.local/lib/python3.7/site-packages/airflow/example_dags/example_skip_dag.py
[2023-01-15T13:05:33.906+0000] {processor.py:743} INFO - Processing file /home/airflow/.local/lib/python3.7/site-packages/airflow/example_dags/example_skip_dag.py for tasks to queue
[2023-01-15T13:05:33.914+0000] {logging_mixin.py:137} INFO - [2023-01-15T13:05:33.914+0000] {dagbag.py:538} INFO - Filling up the DagBag from /home/airflow/.local/lib/python3.7/site-packages/airflow/example_dags/example_skip_dag.py
[2023-01-15T13:05:33.991+0000] {processor.py:753} INFO - DAG(s) dict_keys(['example_skip_dag']) retrieved from /home/airflow/.local/lib/python3.7/site-packages/airflow/example_dags/example_skip_dag.py
[2023-01-15T13:05:34.167+0000] {logging_mixin.py:137} INFO - [2023-01-15T13:05:34.167+0000] {dag.py:2676} INFO - Sync 1 DAGs
[2023-01-15T13:05:34.271+0000] {logging_mixin.py:137} INFO - [2023-01-15T13:05:34.271+0000] {dag.py:3427} INFO - Setting next_dagrun for example_skip_dag to 2023-01-14T13:05:34.271221+00:00, run_after=2023-01-15T13:05:34.271221+00:00
[2023-01-15T13:05:34.377+0000] {processor.py:175} INFO - Processing /home/airflow/.local/lib/python3.7/site-packages/airflow/example_dags/example_skip_dag.py took 0.489 seconds
[2023-01-15T13:06:05.373+0000] {processor.py:153} INFO - Started process (PID=780) to work on /home/airflow/.local/lib/python3.7/site-packages/airflow/example_dags/example_skip_dag.py
[2023-01-15T13:06:05.376+0000] {processor.py:743} INFO - Processing file /home/airflow/.local/lib/python3.7/site-packages/airflow/example_dags/example_skip_dag.py for tasks to queue
[2023-01-15T13:06:05.379+0000] {logging_mixin.py:137} INFO - [2023-01-15T13:06:05.379+0000] {dagbag.py:538} INFO - Filling up the DagBag from /home/airflow/.local/lib/python3.7/site-packages/airflow/example_dags/example_skip_dag.py
[2023-01-15T13:06:05.414+0000] {processor.py:753} INFO - DAG(s) dict_keys(['example_skip_dag']) retrieved from /home/airflow/.local/lib/python3.7/site-packages/airflow/example_dags/example_skip_dag.py
[2023-01-15T13:06:05.497+0000] {logging_mixin.py:137} INFO - [2023-01-15T13:06:05.497+0000] {dag.py:2676} INFO - Sync 1 DAGs
[2023-01-15T13:06:05.579+0000] {logging_mixin.py:137} INFO - [2023-01-15T13:06:05.579+0000] {dag.py:3427} INFO - Setting next_dagrun for example_skip_dag to 2023-01-14T13:06:05.578781+00:00, run_after=2023-01-15T13:06:05.578781+00:00
[2023-01-15T13:06:05.644+0000] {processor.py:175} INFO - Processing /home/airflow/.local/lib/python3.7/site-packages/airflow/example_dags/example_skip_dag.py took 0.282 seconds
[2023-01-15T13:06:36.568+0000] {processor.py:153} INFO - Started process (PID=843) to work on /home/airflow/.local/lib/python3.7/site-packages/airflow/example_dags/example_skip_dag.py
[2023-01-15T13:06:36.575+0000] {processor.py:743} INFO - Processing file /home/airflow/.local/lib/python3.7/site-packages/airflow/example_dags/example_skip_dag.py for tasks to queue
[2023-01-15T13:06:36.579+0000] {logging_mixin.py:137} INFO - [2023-01-15T13:06:36.578+0000] {dagbag.py:538} INFO - Filling up the DagBag from /home/airflow/.local/lib/python3.7/site-packages/airflow/example_dags/example_skip_dag.py
[2023-01-15T13:06:36.625+0000] {processor.py:753} INFO - DAG(s) dict_keys(['example_skip_dag']) retrieved from /home/airflow/.local/lib/python3.7/site-packages/airflow/example_dags/example_skip_dag.py
[2023-01-15T13:06:36.730+0000] {logging_mixin.py:137} INFO - [2023-01-15T13:06:36.730+0000] {dag.py:2676} INFO - Sync 1 DAGs
[2023-01-15T13:06:36.808+0000] {logging_mixin.py:137} INFO - [2023-01-15T13:06:36.808+0000] {dag.py:3427} INFO - Setting next_dagrun for example_skip_dag to 2023-01-14T13:06:36.808192+00:00, run_after=2023-01-15T13:06:36.808192+00:00
[2023-01-15T13:06:36.865+0000] {processor.py:175} INFO - Processing /home/airflow/.local/lib/python3.7/site-packages/airflow/example_dags/example_skip_dag.py took 0.307 seconds
[2023-01-15T13:07:25.225+0000] {processor.py:153} INFO - Started process (PID=910) to work on /home/airflow/.local/lib/python3.7/site-packages/airflow/example_dags/example_skip_dag.py
[2023-01-15T13:07:25.262+0000] {processor.py:743} INFO - Processing file /home/airflow/.local/lib/python3.7/site-packages/airflow/example_dags/example_skip_dag.py for tasks to queue
[2023-01-15T13:07:25.267+0000] {logging_mixin.py:137} INFO - [2023-01-15T13:07:25.267+0000] {dagbag.py:538} INFO - Filling up the DagBag from /home/airflow/.local/lib/python3.7/site-packages/airflow/example_dags/example_skip_dag.py
[2023-01-15T13:07:25.927+0000] {processor.py:753} INFO - DAG(s) dict_keys(['example_skip_dag']) retrieved from /home/airflow/.local/lib/python3.7/site-packages/airflow/example_dags/example_skip_dag.py
[2023-01-15T13:07:27.689+0000] {logging_mixin.py:137} INFO - [2023-01-15T13:07:27.677+0000] {dag.py:2676} INFO - Sync 1 DAGs
[2023-01-15T13:07:28.534+0000] {logging_mixin.py:137} INFO - [2023-01-15T13:07:28.533+0000] {dag.py:3427} INFO - Setting next_dagrun for example_skip_dag to 2023-01-14T13:07:28.526052+00:00, run_after=2023-01-15T13:07:28.526052+00:00
[2023-01-15T13:07:29.216+0000] {processor.py:175} INFO - Processing /home/airflow/.local/lib/python3.7/site-packages/airflow/example_dags/example_skip_dag.py took 4.127 seconds
[2023-01-15T13:08:12.313+0000] {processor.py:153} INFO - Started process (PID=970) to work on /home/airflow/.local/lib/python3.7/site-packages/airflow/example_dags/example_skip_dag.py
[2023-01-15T13:08:12.323+0000] {processor.py:743} INFO - Processing file /home/airflow/.local/lib/python3.7/site-packages/airflow/example_dags/example_skip_dag.py for tasks to queue
[2023-01-15T13:08:12.326+0000] {logging_mixin.py:137} INFO - [2023-01-15T13:08:12.326+0000] {dagbag.py:538} INFO - Filling up the DagBag from /home/airflow/.local/lib/python3.7/site-packages/airflow/example_dags/example_skip_dag.py
[2023-01-15T13:08:12.458+0000] {processor.py:753} INFO - DAG(s) dict_keys(['example_skip_dag']) retrieved from /home/airflow/.local/lib/python3.7/site-packages/airflow/example_dags/example_skip_dag.py
[2023-01-15T13:08:12.989+0000] {logging_mixin.py:137} INFO - [2023-01-15T13:08:12.989+0000] {dag.py:2676} INFO - Sync 1 DAGs
[2023-01-15T13:08:13.442+0000] {logging_mixin.py:137} INFO - [2023-01-15T13:08:13.442+0000] {dag.py:3427} INFO - Setting next_dagrun for example_skip_dag to 2023-01-14T13:08:13.441885+00:00, run_after=2023-01-15T13:08:13.441885+00:00
[2023-01-15T13:08:13.711+0000] {processor.py:175} INFO - Processing /home/airflow/.local/lib/python3.7/site-packages/airflow/example_dags/example_skip_dag.py took 1.421 seconds
[2023-01-15T13:08:45.384+0000] {processor.py:153} INFO - Started process (PID=1026) to work on /home/airflow/.local/lib/python3.7/site-packages/airflow/example_dags/example_skip_dag.py
[2023-01-15T13:08:45.388+0000] {processor.py:743} INFO - Processing file /home/airflow/.local/lib/python3.7/site-packages/airflow/example_dags/example_skip_dag.py for tasks to queue
[2023-01-15T13:08:45.396+0000] {logging_mixin.py:137} INFO - [2023-01-15T13:08:45.396+0000] {dagbag.py:538} INFO - Filling up the DagBag from /home/airflow/.local/lib/python3.7/site-packages/airflow/example_dags/example_skip_dag.py
[2023-01-15T13:08:45.475+0000] {processor.py:753} INFO - DAG(s) dict_keys(['example_skip_dag']) retrieved from /home/airflow/.local/lib/python3.7/site-packages/airflow/example_dags/example_skip_dag.py
[2023-01-15T13:08:45.662+0000] {logging_mixin.py:137} INFO - [2023-01-15T13:08:45.662+0000] {dag.py:2676} INFO - Sync 1 DAGs
[2023-01-15T13:08:45.798+0000] {logging_mixin.py:137} INFO - [2023-01-15T13:08:45.798+0000] {dag.py:3427} INFO - Setting next_dagrun for example_skip_dag to 2023-01-14T13:08:45.798306+00:00, run_after=2023-01-15T13:08:45.798306+00:00
[2023-01-15T13:08:45.877+0000] {processor.py:175} INFO - Processing /home/airflow/.local/lib/python3.7/site-packages/airflow/example_dags/example_skip_dag.py took 0.512 seconds
[2023-01-15T13:09:27.542+0000] {processor.py:153} INFO - Started process (PID=1084) to work on /home/airflow/.local/lib/python3.7/site-packages/airflow/example_dags/example_skip_dag.py
[2023-01-15T13:09:27.550+0000] {processor.py:743} INFO - Processing file /home/airflow/.local/lib/python3.7/site-packages/airflow/example_dags/example_skip_dag.py for tasks to queue
[2023-01-15T13:09:27.562+0000] {logging_mixin.py:137} INFO - [2023-01-15T13:09:27.561+0000] {dagbag.py:538} INFO - Filling up the DagBag from /home/airflow/.local/lib/python3.7/site-packages/airflow/example_dags/example_skip_dag.py
[2023-01-15T13:09:27.673+0000] {processor.py:753} INFO - DAG(s) dict_keys(['example_skip_dag']) retrieved from /home/airflow/.local/lib/python3.7/site-packages/airflow/example_dags/example_skip_dag.py
[2023-01-15T13:09:28.003+0000] {logging_mixin.py:137} INFO - [2023-01-15T13:09:28.003+0000] {dag.py:2676} INFO - Sync 1 DAGs
[2023-01-15T13:09:28.266+0000] {logging_mixin.py:137} INFO - [2023-01-15T13:09:28.266+0000] {dag.py:3427} INFO - Setting next_dagrun for example_skip_dag to 2023-01-14T13:09:28.265820+00:00, run_after=2023-01-15T13:09:28.265820+00:00
[2023-01-15T13:09:28.469+0000] {processor.py:175} INFO - Processing /home/airflow/.local/lib/python3.7/site-packages/airflow/example_dags/example_skip_dag.py took 0.953 seconds
[2023-01-15T13:10:01.750+0000] {processor.py:153} INFO - Started process (PID=1138) to work on /home/airflow/.local/lib/python3.7/site-packages/airflow/example_dags/example_skip_dag.py
[2023-01-15T13:10:01.785+0000] {processor.py:743} INFO - Processing file /home/airflow/.local/lib/python3.7/site-packages/airflow/example_dags/example_skip_dag.py for tasks to queue
[2023-01-15T13:10:01.795+0000] {logging_mixin.py:137} INFO - [2023-01-15T13:10:01.795+0000] {dagbag.py:538} INFO - Filling up the DagBag from /home/airflow/.local/lib/python3.7/site-packages/airflow/example_dags/example_skip_dag.py
[2023-01-15T13:10:02.103+0000] {processor.py:753} INFO - DAG(s) dict_keys(['example_skip_dag']) retrieved from /home/airflow/.local/lib/python3.7/site-packages/airflow/example_dags/example_skip_dag.py
[2023-01-15T13:10:02.737+0000] {logging_mixin.py:137} INFO - [2023-01-15T13:10:02.737+0000] {dag.py:2676} INFO - Sync 1 DAGs
[2023-01-15T13:10:03.159+0000] {logging_mixin.py:137} INFO - [2023-01-15T13:10:03.159+0000] {dag.py:3427} INFO - Setting next_dagrun for example_skip_dag to 2023-01-14T13:10:03.158925+00:00, run_after=2023-01-15T13:10:03.158925+00:00
[2023-01-15T13:10:03.328+0000] {processor.py:175} INFO - Processing /home/airflow/.local/lib/python3.7/site-packages/airflow/example_dags/example_skip_dag.py took 1.759 seconds
[2023-01-15T13:10:37.096+0000] {processor.py:153} INFO - Started process (PID=1188) to work on /home/airflow/.local/lib/python3.7/site-packages/airflow/example_dags/example_skip_dag.py
[2023-01-15T13:10:37.107+0000] {processor.py:743} INFO - Processing file /home/airflow/.local/lib/python3.7/site-packages/airflow/example_dags/example_skip_dag.py for tasks to queue
[2023-01-15T13:10:37.115+0000] {logging_mixin.py:137} INFO - [2023-01-15T13:10:37.114+0000] {dagbag.py:538} INFO - Filling up the DagBag from /home/airflow/.local/lib/python3.7/site-packages/airflow/example_dags/example_skip_dag.py
[2023-01-15T13:10:37.356+0000] {processor.py:753} INFO - DAG(s) dict_keys(['example_skip_dag']) retrieved from /home/airflow/.local/lib/python3.7/site-packages/airflow/example_dags/example_skip_dag.py
[2023-01-15T13:10:37.988+0000] {logging_mixin.py:137} INFO - [2023-01-15T13:10:37.974+0000] {dag.py:2676} INFO - Sync 1 DAGs
[2023-01-15T13:10:38.418+0000] {logging_mixin.py:137} INFO - [2023-01-15T13:10:38.418+0000] {dag.py:3427} INFO - Setting next_dagrun for example_skip_dag to 2023-01-14T13:10:38.410723+00:00, run_after=2023-01-15T13:10:38.410723+00:00
[2023-01-15T13:10:38.684+0000] {processor.py:175} INFO - Processing /home/airflow/.local/lib/python3.7/site-packages/airflow/example_dags/example_skip_dag.py took 1.653 seconds
[2023-01-15T13:11:09.162+0000] {processor.py:153} INFO - Started process (PID=1244) to work on /home/airflow/.local/lib/python3.7/site-packages/airflow/example_dags/example_skip_dag.py
[2023-01-15T13:11:09.168+0000] {processor.py:743} INFO - Processing file /home/airflow/.local/lib/python3.7/site-packages/airflow/example_dags/example_skip_dag.py for tasks to queue
[2023-01-15T13:11:09.170+0000] {logging_mixin.py:137} INFO - [2023-01-15T13:11:09.170+0000] {dagbag.py:538} INFO - Filling up the DagBag from /home/airflow/.local/lib/python3.7/site-packages/airflow/example_dags/example_skip_dag.py
[2023-01-15T13:11:09.245+0000] {processor.py:753} INFO - DAG(s) dict_keys(['example_skip_dag']) retrieved from /home/airflow/.local/lib/python3.7/site-packages/airflow/example_dags/example_skip_dag.py
[2023-01-15T13:11:10.247+0000] {logging_mixin.py:137} INFO - [2023-01-15T13:11:10.247+0000] {dag.py:2676} INFO - Sync 1 DAGs
[2023-01-15T13:11:13.172+0000] {logging_mixin.py:137} INFO - [2023-01-15T13:11:13.171+0000] {dag.py:3427} INFO - Setting next_dagrun for example_skip_dag to 2023-01-14T13:11:13.170486+00:00, run_after=2023-01-15T13:11:13.170486+00:00
[2023-01-15T13:11:15.865+0000] {processor.py:175} INFO - Processing /home/airflow/.local/lib/python3.7/site-packages/airflow/example_dags/example_skip_dag.py took 6.747 seconds
[2023-01-15T13:12:18.361+0000] {processor.py:153} INFO - Started process (PID=1316) to work on /home/airflow/.local/lib/python3.7/site-packages/airflow/example_dags/example_skip_dag.py
[2023-01-15T13:12:18.374+0000] {processor.py:743} INFO - Processing file /home/airflow/.local/lib/python3.7/site-packages/airflow/example_dags/example_skip_dag.py for tasks to queue
[2023-01-15T13:12:18.379+0000] {logging_mixin.py:137} INFO - [2023-01-15T13:12:18.379+0000] {dagbag.py:538} INFO - Filling up the DagBag from /home/airflow/.local/lib/python3.7/site-packages/airflow/example_dags/example_skip_dag.py
[2023-01-15T13:12:18.579+0000] {processor.py:753} INFO - DAG(s) dict_keys(['example_skip_dag']) retrieved from /home/airflow/.local/lib/python3.7/site-packages/airflow/example_dags/example_skip_dag.py
[2023-01-15T13:12:19.270+0000] {logging_mixin.py:137} INFO - [2023-01-15T13:12:19.270+0000] {dag.py:2676} INFO - Sync 1 DAGs
[2023-01-15T13:12:19.894+0000] {logging_mixin.py:137} INFO - [2023-01-15T13:12:19.884+0000] {dag.py:3427} INFO - Setting next_dagrun for example_skip_dag to 2023-01-14T13:12:19.883860+00:00, run_after=2023-01-15T13:12:19.883860+00:00
[2023-01-15T13:12:20.202+0000] {processor.py:175} INFO - Processing /home/airflow/.local/lib/python3.7/site-packages/airflow/example_dags/example_skip_dag.py took 1.906 seconds
[2023-01-15T13:12:50.517+0000] {processor.py:153} INFO - Started process (PID=1372) to work on /home/airflow/.local/lib/python3.7/site-packages/airflow/example_dags/example_skip_dag.py
[2023-01-15T13:12:50.520+0000] {processor.py:743} INFO - Processing file /home/airflow/.local/lib/python3.7/site-packages/airflow/example_dags/example_skip_dag.py for tasks to queue
[2023-01-15T13:12:50.523+0000] {logging_mixin.py:137} INFO - [2023-01-15T13:12:50.523+0000] {dagbag.py:538} INFO - Filling up the DagBag from /home/airflow/.local/lib/python3.7/site-packages/airflow/example_dags/example_skip_dag.py
[2023-01-15T13:12:50.574+0000] {processor.py:753} INFO - DAG(s) dict_keys(['example_skip_dag']) retrieved from /home/airflow/.local/lib/python3.7/site-packages/airflow/example_dags/example_skip_dag.py
[2023-01-15T13:12:50.882+0000] {logging_mixin.py:137} INFO - [2023-01-15T13:12:50.877+0000] {dag.py:2676} INFO - Sync 1 DAGs
[2023-01-15T13:12:51.241+0000] {logging_mixin.py:137} INFO - [2023-01-15T13:12:51.240+0000] {dag.py:3427} INFO - Setting next_dagrun for example_skip_dag to 2023-01-14T13:12:51.234220+00:00, run_after=2023-01-15T13:12:51.234220+00:00
[2023-01-15T13:12:51.363+0000] {processor.py:175} INFO - Processing /home/airflow/.local/lib/python3.7/site-packages/airflow/example_dags/example_skip_dag.py took 0.854 seconds
[2023-01-15T13:13:39.263+0000] {processor.py:153} INFO - Started process (PID=1434) to work on /home/airflow/.local/lib/python3.7/site-packages/airflow/example_dags/example_skip_dag.py
[2023-01-15T13:13:39.282+0000] {processor.py:743} INFO - Processing file /home/airflow/.local/lib/python3.7/site-packages/airflow/example_dags/example_skip_dag.py for tasks to queue
[2023-01-15T13:13:39.292+0000] {logging_mixin.py:137} INFO - [2023-01-15T13:13:39.292+0000] {dagbag.py:538} INFO - Filling up the DagBag from /home/airflow/.local/lib/python3.7/site-packages/airflow/example_dags/example_skip_dag.py
[2023-01-15T13:13:39.503+0000] {processor.py:753} INFO - DAG(s) dict_keys(['example_skip_dag']) retrieved from /home/airflow/.local/lib/python3.7/site-packages/airflow/example_dags/example_skip_dag.py
[2023-01-15T13:13:39.924+0000] {logging_mixin.py:137} INFO - [2023-01-15T13:13:39.924+0000] {dag.py:2676} INFO - Sync 1 DAGs
[2023-01-15T13:13:40.171+0000] {logging_mixin.py:137} INFO - [2023-01-15T13:13:40.171+0000] {dag.py:3427} INFO - Setting next_dagrun for example_skip_dag to 2023-01-14T13:13:40.163119+00:00, run_after=2023-01-15T13:13:40.163119+00:00
[2023-01-15T13:13:40.317+0000] {processor.py:175} INFO - Processing /home/airflow/.local/lib/python3.7/site-packages/airflow/example_dags/example_skip_dag.py took 1.126 seconds
[2023-01-15T13:14:13.296+0000] {processor.py:153} INFO - Started process (PID=1490) to work on /home/airflow/.local/lib/python3.7/site-packages/airflow/example_dags/example_skip_dag.py
[2023-01-15T13:14:13.305+0000] {processor.py:743} INFO - Processing file /home/airflow/.local/lib/python3.7/site-packages/airflow/example_dags/example_skip_dag.py for tasks to queue
[2023-01-15T13:14:13.308+0000] {logging_mixin.py:137} INFO - [2023-01-15T13:14:13.308+0000] {dagbag.py:538} INFO - Filling up the DagBag from /home/airflow/.local/lib/python3.7/site-packages/airflow/example_dags/example_skip_dag.py
[2023-01-15T13:14:13.395+0000] {processor.py:753} INFO - DAG(s) dict_keys(['example_skip_dag']) retrieved from /home/airflow/.local/lib/python3.7/site-packages/airflow/example_dags/example_skip_dag.py
[2023-01-15T13:14:13.636+0000] {logging_mixin.py:137} INFO - [2023-01-15T13:14:13.636+0000] {dag.py:2676} INFO - Sync 1 DAGs
[2023-01-15T13:14:13.782+0000] {logging_mixin.py:137} INFO - [2023-01-15T13:14:13.782+0000] {dag.py:3427} INFO - Setting next_dagrun for example_skip_dag to 2023-01-14T13:14:13.777767+00:00, run_after=2023-01-15T13:14:13.777767+00:00
[2023-01-15T13:14:13.900+0000] {processor.py:175} INFO - Processing /home/airflow/.local/lib/python3.7/site-packages/airflow/example_dags/example_skip_dag.py took 0.626 seconds
[2023-01-15T13:14:45.730+0000] {processor.py:153} INFO - Started process (PID=1546) to work on /home/airflow/.local/lib/python3.7/site-packages/airflow/example_dags/example_skip_dag.py
[2023-01-15T13:14:45.737+0000] {processor.py:743} INFO - Processing file /home/airflow/.local/lib/python3.7/site-packages/airflow/example_dags/example_skip_dag.py for tasks to queue
[2023-01-15T13:14:45.742+0000] {logging_mixin.py:137} INFO - [2023-01-15T13:14:45.742+0000] {dagbag.py:538} INFO - Filling up the DagBag from /home/airflow/.local/lib/python3.7/site-packages/airflow/example_dags/example_skip_dag.py
[2023-01-15T13:14:45.889+0000] {processor.py:753} INFO - DAG(s) dict_keys(['example_skip_dag']) retrieved from /home/airflow/.local/lib/python3.7/site-packages/airflow/example_dags/example_skip_dag.py
[2023-01-15T13:14:46.210+0000] {logging_mixin.py:137} INFO - [2023-01-15T13:14:46.210+0000] {dag.py:2676} INFO - Sync 1 DAGs
[2023-01-15T13:14:46.504+0000] {logging_mixin.py:137} INFO - [2023-01-15T13:14:46.504+0000] {dag.py:3427} INFO - Setting next_dagrun for example_skip_dag to 2023-01-14T13:14:46.503903+00:00, run_after=2023-01-15T13:14:46.503903+00:00
[2023-01-15T13:14:46.679+0000] {processor.py:175} INFO - Processing /home/airflow/.local/lib/python3.7/site-packages/airflow/example_dags/example_skip_dag.py took 0.975 seconds
[2023-01-15T13:15:18.060+0000] {processor.py:153} INFO - Started process (PID=1593) to work on /home/airflow/.local/lib/python3.7/site-packages/airflow/example_dags/example_skip_dag.py
[2023-01-15T13:15:18.069+0000] {processor.py:743} INFO - Processing file /home/airflow/.local/lib/python3.7/site-packages/airflow/example_dags/example_skip_dag.py for tasks to queue
[2023-01-15T13:15:18.072+0000] {logging_mixin.py:137} INFO - [2023-01-15T13:15:18.072+0000] {dagbag.py:538} INFO - Filling up the DagBag from /home/airflow/.local/lib/python3.7/site-packages/airflow/example_dags/example_skip_dag.py
[2023-01-15T13:15:18.209+0000] {processor.py:753} INFO - DAG(s) dict_keys(['example_skip_dag']) retrieved from /home/airflow/.local/lib/python3.7/site-packages/airflow/example_dags/example_skip_dag.py
[2023-01-15T13:15:18.520+0000] {logging_mixin.py:137} INFO - [2023-01-15T13:15:18.520+0000] {dag.py:2676} INFO - Sync 1 DAGs
[2023-01-15T13:15:18.636+0000] {logging_mixin.py:137} INFO - [2023-01-15T13:15:18.636+0000] {dag.py:3427} INFO - Setting next_dagrun for example_skip_dag to 2023-01-14T13:15:18.635910+00:00, run_after=2023-01-15T13:15:18.635910+00:00
[2023-01-15T13:15:18.726+0000] {processor.py:175} INFO - Processing /home/airflow/.local/lib/python3.7/site-packages/airflow/example_dags/example_skip_dag.py took 0.674 seconds
[2023-01-15T13:44:16.072+0000] {processor.py:153} INFO - Started process (PID=107) to work on /home/airflow/.local/lib/python3.7/site-packages/airflow/example_dags/example_skip_dag.py
[2023-01-15T13:44:16.085+0000] {processor.py:743} INFO - Processing file /home/airflow/.local/lib/python3.7/site-packages/airflow/example_dags/example_skip_dag.py for tasks to queue
[2023-01-15T13:44:16.105+0000] {logging_mixin.py:137} INFO - [2023-01-15T13:44:16.097+0000] {dagbag.py:538} INFO - Filling up the DagBag from /home/airflow/.local/lib/python3.7/site-packages/airflow/example_dags/example_skip_dag.py
[2023-01-15T13:44:16.497+0000] {processor.py:753} INFO - DAG(s) dict_keys(['example_skip_dag']) retrieved from /home/airflow/.local/lib/python3.7/site-packages/airflow/example_dags/example_skip_dag.py
[2023-01-15T13:44:21.315+0000] {logging_mixin.py:137} INFO - [2023-01-15T13:44:21.315+0000] {dag.py:2676} INFO - Sync 1 DAGs
[2023-01-15T13:44:22.256+0000] {logging_mixin.py:137} INFO - [2023-01-15T13:44:22.255+0000] {dag.py:3427} INFO - Setting next_dagrun for example_skip_dag to 2023-01-14T13:44:22.255618+00:00, run_after=2023-01-15T13:44:22.255618+00:00
[2023-01-15T13:44:23.143+0000] {processor.py:175} INFO - Processing /home/airflow/.local/lib/python3.7/site-packages/airflow/example_dags/example_skip_dag.py took 7.157 seconds
[2023-01-15T13:45:48.886+0000] {processor.py:153} INFO - Started process (PID=198) to work on /home/airflow/.local/lib/python3.7/site-packages/airflow/example_dags/example_skip_dag.py
[2023-01-15T13:45:48.897+0000] {processor.py:743} INFO - Processing file /home/airflow/.local/lib/python3.7/site-packages/airflow/example_dags/example_skip_dag.py for tasks to queue
[2023-01-15T13:45:48.899+0000] {logging_mixin.py:137} INFO - [2023-01-15T13:45:48.899+0000] {dagbag.py:538} INFO - Filling up the DagBag from /home/airflow/.local/lib/python3.7/site-packages/airflow/example_dags/example_skip_dag.py
[2023-01-15T13:45:49.012+0000] {processor.py:753} INFO - DAG(s) dict_keys(['example_skip_dag']) retrieved from /home/airflow/.local/lib/python3.7/site-packages/airflow/example_dags/example_skip_dag.py
[2023-01-15T13:45:49.261+0000] {logging_mixin.py:137} INFO - [2023-01-15T13:45:49.261+0000] {dag.py:2676} INFO - Sync 1 DAGs
[2023-01-15T13:45:49.434+0000] {logging_mixin.py:137} INFO - [2023-01-15T13:45:49.434+0000] {dag.py:3427} INFO - Setting next_dagrun for example_skip_dag to 2023-01-14T13:45:49.433718+00:00, run_after=2023-01-15T13:45:49.433718+00:00
[2023-01-15T13:45:49.572+0000] {processor.py:175} INFO - Processing /home/airflow/.local/lib/python3.7/site-packages/airflow/example_dags/example_skip_dag.py took 0.712 seconds
[2023-01-15T13:46:23.751+0000] {processor.py:153} INFO - Started process (PID=254) to work on /home/airflow/.local/lib/python3.7/site-packages/airflow/example_dags/example_skip_dag.py
[2023-01-15T13:46:23.787+0000] {processor.py:743} INFO - Processing file /home/airflow/.local/lib/python3.7/site-packages/airflow/example_dags/example_skip_dag.py for tasks to queue
[2023-01-15T13:46:23.797+0000] {logging_mixin.py:137} INFO - [2023-01-15T13:46:23.797+0000] {dagbag.py:538} INFO - Filling up the DagBag from /home/airflow/.local/lib/python3.7/site-packages/airflow/example_dags/example_skip_dag.py
[2023-01-15T13:46:23.989+0000] {processor.py:753} INFO - DAG(s) dict_keys(['example_skip_dag']) retrieved from /home/airflow/.local/lib/python3.7/site-packages/airflow/example_dags/example_skip_dag.py
[2023-01-15T13:46:24.416+0000] {logging_mixin.py:137} INFO - [2023-01-15T13:46:24.416+0000] {dag.py:2676} INFO - Sync 1 DAGs
[2023-01-15T13:46:24.932+0000] {logging_mixin.py:137} INFO - [2023-01-15T13:46:24.931+0000] {dag.py:3427} INFO - Setting next_dagrun for example_skip_dag to 2023-01-14T13:46:24.924314+00:00, run_after=2023-01-15T13:46:24.924314+00:00
[2023-01-15T13:46:25.422+0000] {processor.py:175} INFO - Processing /home/airflow/.local/lib/python3.7/site-packages/airflow/example_dags/example_skip_dag.py took 1.786 seconds
[2023-01-15T13:46:56.191+0000] {processor.py:153} INFO - Started process (PID=307) to work on /home/airflow/.local/lib/python3.7/site-packages/airflow/example_dags/example_skip_dag.py
[2023-01-15T13:46:56.200+0000] {processor.py:743} INFO - Processing file /home/airflow/.local/lib/python3.7/site-packages/airflow/example_dags/example_skip_dag.py for tasks to queue
[2023-01-15T13:46:56.205+0000] {logging_mixin.py:137} INFO - [2023-01-15T13:46:56.205+0000] {dagbag.py:538} INFO - Filling up the DagBag from /home/airflow/.local/lib/python3.7/site-packages/airflow/example_dags/example_skip_dag.py
[2023-01-15T13:46:56.286+0000] {processor.py:753} INFO - DAG(s) dict_keys(['example_skip_dag']) retrieved from /home/airflow/.local/lib/python3.7/site-packages/airflow/example_dags/example_skip_dag.py
[2023-01-15T13:46:56.632+0000] {logging_mixin.py:137} INFO - [2023-01-15T13:46:56.632+0000] {dag.py:2676} INFO - Sync 1 DAGs
[2023-01-15T13:46:56.759+0000] {logging_mixin.py:137} INFO - [2023-01-15T13:46:56.759+0000] {dag.py:3427} INFO - Setting next_dagrun for example_skip_dag to 2023-01-14T13:46:56.759213+00:00, run_after=2023-01-15T13:46:56.759213+00:00
[2023-01-15T13:46:56.854+0000] {processor.py:175} INFO - Processing /home/airflow/.local/lib/python3.7/site-packages/airflow/example_dags/example_skip_dag.py took 0.680 seconds
[2023-01-15T13:47:27.237+0000] {processor.py:153} INFO - Started process (PID=356) to work on /home/airflow/.local/lib/python3.7/site-packages/airflow/example_dags/example_skip_dag.py
[2023-01-15T13:47:27.239+0000] {processor.py:743} INFO - Processing file /home/airflow/.local/lib/python3.7/site-packages/airflow/example_dags/example_skip_dag.py for tasks to queue
[2023-01-15T13:47:27.242+0000] {logging_mixin.py:137} INFO - [2023-01-15T13:47:27.242+0000] {dagbag.py:538} INFO - Filling up the DagBag from /home/airflow/.local/lib/python3.7/site-packages/airflow/example_dags/example_skip_dag.py
[2023-01-15T13:47:27.263+0000] {processor.py:753} INFO - DAG(s) dict_keys(['example_skip_dag']) retrieved from /home/airflow/.local/lib/python3.7/site-packages/airflow/example_dags/example_skip_dag.py
[2023-01-15T13:47:27.310+0000] {logging_mixin.py:137} INFO - [2023-01-15T13:47:27.310+0000] {dag.py:2676} INFO - Sync 1 DAGs
[2023-01-15T13:47:27.339+0000] {logging_mixin.py:137} INFO - [2023-01-15T13:47:27.339+0000] {dag.py:3427} INFO - Setting next_dagrun for example_skip_dag to 2023-01-14T13:47:27.338754+00:00, run_after=2023-01-15T13:47:27.338754+00:00
[2023-01-15T13:47:27.383+0000] {processor.py:175} INFO - Processing /home/airflow/.local/lib/python3.7/site-packages/airflow/example_dags/example_skip_dag.py took 0.151 seconds
[2023-01-15T13:47:58.185+0000] {processor.py:153} INFO - Started process (PID=412) to work on /home/airflow/.local/lib/python3.7/site-packages/airflow/example_dags/example_skip_dag.py
[2023-01-15T13:47:58.191+0000] {processor.py:743} INFO - Processing file /home/airflow/.local/lib/python3.7/site-packages/airflow/example_dags/example_skip_dag.py for tasks to queue
[2023-01-15T13:47:58.197+0000] {logging_mixin.py:137} INFO - [2023-01-15T13:47:58.197+0000] {dagbag.py:538} INFO - Filling up the DagBag from /home/airflow/.local/lib/python3.7/site-packages/airflow/example_dags/example_skip_dag.py
[2023-01-15T13:47:58.327+0000] {processor.py:753} INFO - DAG(s) dict_keys(['example_skip_dag']) retrieved from /home/airflow/.local/lib/python3.7/site-packages/airflow/example_dags/example_skip_dag.py
[2023-01-15T13:47:58.523+0000] {logging_mixin.py:137} INFO - [2023-01-15T13:47:58.523+0000] {dag.py:2676} INFO - Sync 1 DAGs
[2023-01-15T13:47:58.644+0000] {logging_mixin.py:137} INFO - [2023-01-15T13:47:58.644+0000] {dag.py:3427} INFO - Setting next_dagrun for example_skip_dag to 2023-01-14T13:47:58.643733+00:00, run_after=2023-01-15T13:47:58.643733+00:00
[2023-01-15T13:47:58.743+0000] {processor.py:175} INFO - Processing /home/airflow/.local/lib/python3.7/site-packages/airflow/example_dags/example_skip_dag.py took 0.585 seconds
[2023-01-15T13:48:29.330+0000] {processor.py:153} INFO - Started process (PID=466) to work on /home/airflow/.local/lib/python3.7/site-packages/airflow/example_dags/example_skip_dag.py
[2023-01-15T13:48:29.343+0000] {processor.py:743} INFO - Processing file /home/airflow/.local/lib/python3.7/site-packages/airflow/example_dags/example_skip_dag.py for tasks to queue
[2023-01-15T13:48:29.345+0000] {logging_mixin.py:137} INFO - [2023-01-15T13:48:29.345+0000] {dagbag.py:538} INFO - Filling up the DagBag from /home/airflow/.local/lib/python3.7/site-packages/airflow/example_dags/example_skip_dag.py
[2023-01-15T13:48:29.407+0000] {processor.py:753} INFO - DAG(s) dict_keys(['example_skip_dag']) retrieved from /home/airflow/.local/lib/python3.7/site-packages/airflow/example_dags/example_skip_dag.py
[2023-01-15T13:48:29.545+0000] {logging_mixin.py:137} INFO - [2023-01-15T13:48:29.545+0000] {dag.py:2676} INFO - Sync 1 DAGs
[2023-01-15T13:48:29.673+0000] {logging_mixin.py:137} INFO - [2023-01-15T13:48:29.673+0000] {dag.py:3427} INFO - Setting next_dagrun for example_skip_dag to 2023-01-14T13:48:29.673481+00:00, run_after=2023-01-15T13:48:29.673481+00:00
[2023-01-15T13:48:29.742+0000] {processor.py:175} INFO - Processing /home/airflow/.local/lib/python3.7/site-packages/airflow/example_dags/example_skip_dag.py took 0.422 seconds
[2023-01-15T13:49:00.391+0000] {processor.py:153} INFO - Started process (PID=521) to work on /home/airflow/.local/lib/python3.7/site-packages/airflow/example_dags/example_skip_dag.py
[2023-01-15T13:49:00.396+0000] {processor.py:743} INFO - Processing file /home/airflow/.local/lib/python3.7/site-packages/airflow/example_dags/example_skip_dag.py for tasks to queue
[2023-01-15T13:49:00.403+0000] {logging_mixin.py:137} INFO - [2023-01-15T13:49:00.402+0000] {dagbag.py:538} INFO - Filling up the DagBag from /home/airflow/.local/lib/python3.7/site-packages/airflow/example_dags/example_skip_dag.py
[2023-01-15T13:49:00.439+0000] {processor.py:753} INFO - DAG(s) dict_keys(['example_skip_dag']) retrieved from /home/airflow/.local/lib/python3.7/site-packages/airflow/example_dags/example_skip_dag.py
[2023-01-15T13:49:00.544+0000] {logging_mixin.py:137} INFO - [2023-01-15T13:49:00.544+0000] {dag.py:2676} INFO - Sync 1 DAGs
[2023-01-15T13:49:00.602+0000] {logging_mixin.py:137} INFO - [2023-01-15T13:49:00.602+0000] {dag.py:3427} INFO - Setting next_dagrun for example_skip_dag to 2023-01-14T13:49:00.602422+00:00, run_after=2023-01-15T13:49:00.602422+00:00
[2023-01-15T13:49:00.659+0000] {processor.py:175} INFO - Processing /home/airflow/.local/lib/python3.7/site-packages/airflow/example_dags/example_skip_dag.py took 0.275 seconds
[2023-01-15T13:49:31.219+0000] {processor.py:153} INFO - Started process (PID=577) to work on /home/airflow/.local/lib/python3.7/site-packages/airflow/example_dags/example_skip_dag.py
[2023-01-15T13:49:31.243+0000] {processor.py:743} INFO - Processing file /home/airflow/.local/lib/python3.7/site-packages/airflow/example_dags/example_skip_dag.py for tasks to queue
[2023-01-15T13:49:31.259+0000] {logging_mixin.py:137} INFO - [2023-01-15T13:49:31.251+0000] {dagbag.py:538} INFO - Filling up the DagBag from /home/airflow/.local/lib/python3.7/site-packages/airflow/example_dags/example_skip_dag.py
[2023-01-15T13:49:31.527+0000] {processor.py:753} INFO - DAG(s) dict_keys(['example_skip_dag']) retrieved from /home/airflow/.local/lib/python3.7/site-packages/airflow/example_dags/example_skip_dag.py
[2023-01-15T13:49:31.723+0000] {logging_mixin.py:137} INFO - [2023-01-15T13:49:31.723+0000] {dag.py:2676} INFO - Sync 1 DAGs
[2023-01-15T13:49:31.855+0000] {logging_mixin.py:137} INFO - [2023-01-15T13:49:31.854+0000] {dag.py:3427} INFO - Setting next_dagrun for example_skip_dag to 2023-01-14T13:49:31.854514+00:00, run_after=2023-01-15T13:49:31.854514+00:00
[2023-01-15T13:49:31.956+0000] {processor.py:175} INFO - Processing /home/airflow/.local/lib/python3.7/site-packages/airflow/example_dags/example_skip_dag.py took 0.767 seconds
[2023-01-15T13:50:02.635+0000] {processor.py:153} INFO - Started process (PID=633) to work on /home/airflow/.local/lib/python3.7/site-packages/airflow/example_dags/example_skip_dag.py
[2023-01-15T13:50:02.638+0000] {processor.py:743} INFO - Processing file /home/airflow/.local/lib/python3.7/site-packages/airflow/example_dags/example_skip_dag.py for tasks to queue
[2023-01-15T13:50:02.668+0000] {logging_mixin.py:137} INFO - [2023-01-15T13:50:02.668+0000] {dagbag.py:538} INFO - Filling up the DagBag from /home/airflow/.local/lib/python3.7/site-packages/airflow/example_dags/example_skip_dag.py
[2023-01-15T13:50:02.861+0000] {processor.py:753} INFO - DAG(s) dict_keys(['example_skip_dag']) retrieved from /home/airflow/.local/lib/python3.7/site-packages/airflow/example_dags/example_skip_dag.py
[2023-01-15T13:50:03.075+0000] {logging_mixin.py:137} INFO - [2023-01-15T13:50:03.075+0000] {dag.py:2676} INFO - Sync 1 DAGs
[2023-01-15T13:50:03.193+0000] {logging_mixin.py:137} INFO - [2023-01-15T13:50:03.193+0000] {dag.py:3427} INFO - Setting next_dagrun for example_skip_dag to 2023-01-14T13:50:03.193231+00:00, run_after=2023-01-15T13:50:03.193231+00:00
[2023-01-15T13:50:03.318+0000] {processor.py:175} INFO - Processing /home/airflow/.local/lib/python3.7/site-packages/airflow/example_dags/example_skip_dag.py took 0.710 seconds
[2023-01-15T13:50:33.823+0000] {processor.py:153} INFO - Started process (PID=689) to work on /home/airflow/.local/lib/python3.7/site-packages/airflow/example_dags/example_skip_dag.py
[2023-01-15T13:50:33.826+0000] {processor.py:743} INFO - Processing file /home/airflow/.local/lib/python3.7/site-packages/airflow/example_dags/example_skip_dag.py for tasks to queue
[2023-01-15T13:50:33.833+0000] {logging_mixin.py:137} INFO - [2023-01-15T13:50:33.833+0000] {dagbag.py:538} INFO - Filling up the DagBag from /home/airflow/.local/lib/python3.7/site-packages/airflow/example_dags/example_skip_dag.py
[2023-01-15T13:50:33.870+0000] {processor.py:753} INFO - DAG(s) dict_keys(['example_skip_dag']) retrieved from /home/airflow/.local/lib/python3.7/site-packages/airflow/example_dags/example_skip_dag.py
[2023-01-15T13:50:34.039+0000] {logging_mixin.py:137} INFO - [2023-01-15T13:50:34.039+0000] {dag.py:2676} INFO - Sync 1 DAGs
[2023-01-15T13:50:34.138+0000] {logging_mixin.py:137} INFO - [2023-01-15T13:50:34.138+0000] {dag.py:3427} INFO - Setting next_dagrun for example_skip_dag to 2023-01-14T13:50:34.138161+00:00, run_after=2023-01-15T13:50:34.138161+00:00
[2023-01-15T13:50:34.195+0000] {processor.py:175} INFO - Processing /home/airflow/.local/lib/python3.7/site-packages/airflow/example_dags/example_skip_dag.py took 0.380 seconds
[2023-01-15T13:51:04.584+0000] {processor.py:153} INFO - Started process (PID=745) to work on /home/airflow/.local/lib/python3.7/site-packages/airflow/example_dags/example_skip_dag.py
[2023-01-15T13:51:04.592+0000] {processor.py:743} INFO - Processing file /home/airflow/.local/lib/python3.7/site-packages/airflow/example_dags/example_skip_dag.py for tasks to queue
[2023-01-15T13:51:04.596+0000] {logging_mixin.py:137} INFO - [2023-01-15T13:51:04.596+0000] {dagbag.py:538} INFO - Filling up the DagBag from /home/airflow/.local/lib/python3.7/site-packages/airflow/example_dags/example_skip_dag.py
[2023-01-15T13:51:04.701+0000] {processor.py:753} INFO - DAG(s) dict_keys(['example_skip_dag']) retrieved from /home/airflow/.local/lib/python3.7/site-packages/airflow/example_dags/example_skip_dag.py
[2023-01-15T13:51:04.867+0000] {logging_mixin.py:137} INFO - [2023-01-15T13:51:04.867+0000] {dag.py:2676} INFO - Sync 1 DAGs
[2023-01-15T13:51:04.946+0000] {logging_mixin.py:137} INFO - [2023-01-15T13:51:04.946+0000] {dag.py:3427} INFO - Setting next_dagrun for example_skip_dag to 2023-01-14T13:51:04.946255+00:00, run_after=2023-01-15T13:51:04.946255+00:00
[2023-01-15T13:51:04.999+0000] {processor.py:175} INFO - Processing /home/airflow/.local/lib/python3.7/site-packages/airflow/example_dags/example_skip_dag.py took 0.436 seconds
[2023-01-15T13:51:37.528+0000] {processor.py:153} INFO - Started process (PID=801) to work on /home/airflow/.local/lib/python3.7/site-packages/airflow/example_dags/example_skip_dag.py
[2023-01-15T13:51:37.530+0000] {processor.py:743} INFO - Processing file /home/airflow/.local/lib/python3.7/site-packages/airflow/example_dags/example_skip_dag.py for tasks to queue
[2023-01-15T13:51:37.533+0000] {logging_mixin.py:137} INFO - [2023-01-15T13:51:37.533+0000] {dagbag.py:538} INFO - Filling up the DagBag from /home/airflow/.local/lib/python3.7/site-packages/airflow/example_dags/example_skip_dag.py
[2023-01-15T13:51:37.608+0000] {processor.py:753} INFO - DAG(s) dict_keys(['example_skip_dag']) retrieved from /home/airflow/.local/lib/python3.7/site-packages/airflow/example_dags/example_skip_dag.py
[2023-01-15T13:51:37.788+0000] {logging_mixin.py:137} INFO - [2023-01-15T13:51:37.787+0000] {dag.py:2676} INFO - Sync 1 DAGs
[2023-01-15T13:51:37.909+0000] {logging_mixin.py:137} INFO - [2023-01-15T13:51:37.909+0000] {dag.py:3427} INFO - Setting next_dagrun for example_skip_dag to 2023-01-14T13:51:37.908694+00:00, run_after=2023-01-15T13:51:37.908694+00:00
[2023-01-15T13:51:37.995+0000] {processor.py:175} INFO - Processing /home/airflow/.local/lib/python3.7/site-packages/airflow/example_dags/example_skip_dag.py took 0.487 seconds
[2023-01-15T13:52:11.690+0000] {processor.py:153} INFO - Started process (PID=855) to work on /home/airflow/.local/lib/python3.7/site-packages/airflow/example_dags/example_skip_dag.py
[2023-01-15T13:52:11.713+0000] {processor.py:743} INFO - Processing file /home/airflow/.local/lib/python3.7/site-packages/airflow/example_dags/example_skip_dag.py for tasks to queue
[2023-01-15T13:52:11.721+0000] {logging_mixin.py:137} INFO - [2023-01-15T13:52:11.721+0000] {dagbag.py:538} INFO - Filling up the DagBag from /home/airflow/.local/lib/python3.7/site-packages/airflow/example_dags/example_skip_dag.py
[2023-01-15T13:52:12.035+0000] {processor.py:753} INFO - DAG(s) dict_keys(['example_skip_dag']) retrieved from /home/airflow/.local/lib/python3.7/site-packages/airflow/example_dags/example_skip_dag.py
[2023-01-15T13:52:12.503+0000] {logging_mixin.py:137} INFO - [2023-01-15T13:52:12.503+0000] {dag.py:2676} INFO - Sync 1 DAGs
[2023-01-15T13:52:12.830+0000] {logging_mixin.py:137} INFO - [2023-01-15T13:52:12.823+0000] {dag.py:3427} INFO - Setting next_dagrun for example_skip_dag to 2023-01-14T13:52:12.823190+00:00, run_after=2023-01-15T13:52:12.823190+00:00
[2023-01-15T13:52:13.170+0000] {processor.py:175} INFO - Processing /home/airflow/.local/lib/python3.7/site-packages/airflow/example_dags/example_skip_dag.py took 1.565 seconds
[2023-01-15T13:52:44.469+0000] {processor.py:153} INFO - Started process (PID=904) to work on /home/airflow/.local/lib/python3.7/site-packages/airflow/example_dags/example_skip_dag.py
[2023-01-15T13:52:44.489+0000] {processor.py:743} INFO - Processing file /home/airflow/.local/lib/python3.7/site-packages/airflow/example_dags/example_skip_dag.py for tasks to queue
[2023-01-15T13:52:44.496+0000] {logging_mixin.py:137} INFO - [2023-01-15T13:52:44.496+0000] {dagbag.py:538} INFO - Filling up the DagBag from /home/airflow/.local/lib/python3.7/site-packages/airflow/example_dags/example_skip_dag.py
[2023-01-15T13:52:44.683+0000] {processor.py:753} INFO - DAG(s) dict_keys(['example_skip_dag']) retrieved from /home/airflow/.local/lib/python3.7/site-packages/airflow/example_dags/example_skip_dag.py
[2023-01-15T13:52:44.987+0000] {logging_mixin.py:137} INFO - [2023-01-15T13:52:44.987+0000] {dag.py:2676} INFO - Sync 1 DAGs
[2023-01-15T13:52:45.202+0000] {logging_mixin.py:137} INFO - [2023-01-15T13:52:45.202+0000] {dag.py:3427} INFO - Setting next_dagrun for example_skip_dag to 2023-01-14T13:52:45.202370+00:00, run_after=2023-01-15T13:52:45.202370+00:00
[2023-01-15T13:52:45.347+0000] {processor.py:175} INFO - Processing /home/airflow/.local/lib/python3.7/site-packages/airflow/example_dags/example_skip_dag.py took 0.918 seconds
