[2023-01-15T12:59:37.600+0000] {processor.py:153} INFO - Started process (PID=83) to work on /home/airflow/.local/lib/python3.7/site-packages/airflow/example_dags/example_xcomargs.py
[2023-01-15T12:59:37.608+0000] {processor.py:743} INFO - Processing file /home/airflow/.local/lib/python3.7/site-packages/airflow/example_dags/example_xcomargs.py for tasks to queue
[2023-01-15T12:59:37.610+0000] {logging_mixin.py:137} INFO - [2023-01-15T12:59:37.610+0000] {dagbag.py:538} INFO - Filling up the DagBag from /home/airflow/.local/lib/python3.7/site-packages/airflow/example_dags/example_xcomargs.py
[2023-01-15T12:59:37.846+0000] {processor.py:753} INFO - DAG(s) dict_keys(['example_xcom_args_with_operators', 'example_xcom_args']) retrieved from /home/airflow/.local/lib/python3.7/site-packages/airflow/example_dags/example_xcomargs.py
[2023-01-15T12:59:38.719+0000] {logging_mixin.py:137} INFO - [2023-01-15T12:59:38.719+0000] {manager.py:504} INFO - Created Permission View: can read on DAG:example_xcom_args_with_operators
[2023-01-15T12:59:38.770+0000] {logging_mixin.py:137} INFO - [2023-01-15T12:59:38.769+0000] {manager.py:504} INFO - Created Permission View: can edit on DAG:example_xcom_args_with_operators
[2023-01-15T12:59:38.816+0000] {logging_mixin.py:137} INFO - [2023-01-15T12:59:38.816+0000] {manager.py:504} INFO - Created Permission View: can delete on DAG:example_xcom_args_with_operators
[2023-01-15T12:59:38.900+0000] {logging_mixin.py:137} INFO - [2023-01-15T12:59:38.900+0000] {manager.py:504} INFO - Created Permission View: can read on DAG:example_xcom_args
[2023-01-15T12:59:38.937+0000] {logging_mixin.py:137} INFO - [2023-01-15T12:59:38.937+0000] {manager.py:504} INFO - Created Permission View: can edit on DAG:example_xcom_args
[2023-01-15T12:59:38.974+0000] {logging_mixin.py:137} INFO - [2023-01-15T12:59:38.973+0000] {manager.py:504} INFO - Created Permission View: can delete on DAG:example_xcom_args
[2023-01-15T12:59:38.976+0000] {logging_mixin.py:137} INFO - [2023-01-15T12:59:38.976+0000] {dag.py:2676} INFO - Sync 2 DAGs
[2023-01-15T12:59:39.018+0000] {logging_mixin.py:137} INFO - [2023-01-15T12:59:39.017+0000] {dag.py:2697} INFO - Creating ORM DAG for example_xcom_args
[2023-01-15T12:59:39.023+0000] {logging_mixin.py:137} INFO - [2023-01-15T12:59:39.023+0000] {dag.py:2697} INFO - Creating ORM DAG for example_xcom_args_with_operators
[2023-01-15T12:59:39.059+0000] {logging_mixin.py:137} INFO - [2023-01-15T12:59:39.059+0000] {dag.py:3427} INFO - Setting next_dagrun for example_xcom_args to None, run_after=None
[2023-01-15T12:59:39.064+0000] {logging_mixin.py:137} INFO - [2023-01-15T12:59:39.064+0000] {dag.py:3427} INFO - Setting next_dagrun for example_xcom_args_with_operators to None, run_after=None
[2023-01-15T12:59:39.204+0000] {processor.py:175} INFO - Processing /home/airflow/.local/lib/python3.7/site-packages/airflow/example_dags/example_xcomargs.py took 1.632 seconds
[2023-01-15T13:00:09.315+0000] {processor.py:153} INFO - Started process (PID=139) to work on /home/airflow/.local/lib/python3.7/site-packages/airflow/example_dags/example_xcomargs.py
[2023-01-15T13:00:09.343+0000] {processor.py:743} INFO - Processing file /home/airflow/.local/lib/python3.7/site-packages/airflow/example_dags/example_xcomargs.py for tasks to queue
[2023-01-15T13:00:09.410+0000] {logging_mixin.py:137} INFO - [2023-01-15T13:00:09.410+0000] {dagbag.py:538} INFO - Filling up the DagBag from /home/airflow/.local/lib/python3.7/site-packages/airflow/example_dags/example_xcomargs.py
[2023-01-15T13:00:09.493+0000] {processor.py:753} INFO - DAG(s) dict_keys(['example_xcom_args', 'example_xcom_args_with_operators']) retrieved from /home/airflow/.local/lib/python3.7/site-packages/airflow/example_dags/example_xcomargs.py
[2023-01-15T13:00:09.620+0000] {logging_mixin.py:137} INFO - [2023-01-15T13:00:09.619+0000] {dag.py:2676} INFO - Sync 2 DAGs
[2023-01-15T13:00:09.685+0000] {logging_mixin.py:137} INFO - [2023-01-15T13:00:09.685+0000] {dag.py:3427} INFO - Setting next_dagrun for example_xcom_args to None, run_after=None
[2023-01-15T13:00:09.691+0000] {logging_mixin.py:137} INFO - [2023-01-15T13:00:09.691+0000] {dag.py:3427} INFO - Setting next_dagrun for example_xcom_args_with_operators to None, run_after=None
[2023-01-15T13:00:09.776+0000] {processor.py:175} INFO - Processing /home/airflow/.local/lib/python3.7/site-packages/airflow/example_dags/example_xcomargs.py took 0.472 seconds
[2023-01-15T13:00:40.481+0000] {processor.py:153} INFO - Started process (PID=195) to work on /home/airflow/.local/lib/python3.7/site-packages/airflow/example_dags/example_xcomargs.py
[2023-01-15T13:00:40.489+0000] {processor.py:743} INFO - Processing file /home/airflow/.local/lib/python3.7/site-packages/airflow/example_dags/example_xcomargs.py for tasks to queue
[2023-01-15T13:00:40.491+0000] {logging_mixin.py:137} INFO - [2023-01-15T13:00:40.491+0000] {dagbag.py:538} INFO - Filling up the DagBag from /home/airflow/.local/lib/python3.7/site-packages/airflow/example_dags/example_xcomargs.py
[2023-01-15T13:00:40.622+0000] {processor.py:753} INFO - DAG(s) dict_keys(['example_xcom_args_with_operators', 'example_xcom_args']) retrieved from /home/airflow/.local/lib/python3.7/site-packages/airflow/example_dags/example_xcomargs.py
[2023-01-15T13:00:40.846+0000] {logging_mixin.py:137} INFO - [2023-01-15T13:00:40.845+0000] {dag.py:2676} INFO - Sync 2 DAGs
[2023-01-15T13:00:40.976+0000] {logging_mixin.py:137} INFO - [2023-01-15T13:00:40.976+0000] {dag.py:3427} INFO - Setting next_dagrun for example_xcom_args to None, run_after=None
[2023-01-15T13:00:41.000+0000] {logging_mixin.py:137} INFO - [2023-01-15T13:00:41.000+0000] {dag.py:3427} INFO - Setting next_dagrun for example_xcom_args_with_operators to None, run_after=None
[2023-01-15T13:00:41.182+0000] {processor.py:175} INFO - Processing /home/airflow/.local/lib/python3.7/site-packages/airflow/example_dags/example_xcomargs.py took 0.719 seconds
[2023-01-15T13:01:11.832+0000] {processor.py:153} INFO - Started process (PID=251) to work on /home/airflow/.local/lib/python3.7/site-packages/airflow/example_dags/example_xcomargs.py
[2023-01-15T13:01:11.841+0000] {processor.py:743} INFO - Processing file /home/airflow/.local/lib/python3.7/site-packages/airflow/example_dags/example_xcomargs.py for tasks to queue
[2023-01-15T13:01:11.849+0000] {logging_mixin.py:137} INFO - [2023-01-15T13:01:11.849+0000] {dagbag.py:538} INFO - Filling up the DagBag from /home/airflow/.local/lib/python3.7/site-packages/airflow/example_dags/example_xcomargs.py
[2023-01-15T13:01:11.990+0000] {processor.py:753} INFO - DAG(s) dict_keys(['example_xcom_args_with_operators', 'example_xcom_args']) retrieved from /home/airflow/.local/lib/python3.7/site-packages/airflow/example_dags/example_xcomargs.py
[2023-01-15T13:01:12.220+0000] {logging_mixin.py:137} INFO - [2023-01-15T13:01:12.220+0000] {dag.py:2676} INFO - Sync 2 DAGs
[2023-01-15T13:01:12.362+0000] {logging_mixin.py:137} INFO - [2023-01-15T13:01:12.362+0000] {dag.py:3427} INFO - Setting next_dagrun for example_xcom_args to None, run_after=None
[2023-01-15T13:01:12.382+0000] {logging_mixin.py:137} INFO - [2023-01-15T13:01:12.382+0000] {dag.py:3427} INFO - Setting next_dagrun for example_xcom_args_with_operators to None, run_after=None
[2023-01-15T13:01:12.463+0000] {processor.py:175} INFO - Processing /home/airflow/.local/lib/python3.7/site-packages/airflow/example_dags/example_xcomargs.py took 0.648 seconds
[2023-01-15T13:01:43.508+0000] {processor.py:153} INFO - Started process (PID=314) to work on /home/airflow/.local/lib/python3.7/site-packages/airflow/example_dags/example_xcomargs.py
[2023-01-15T13:01:43.515+0000] {processor.py:743} INFO - Processing file /home/airflow/.local/lib/python3.7/site-packages/airflow/example_dags/example_xcomargs.py for tasks to queue
[2023-01-15T13:01:43.519+0000] {logging_mixin.py:137} INFO - [2023-01-15T13:01:43.519+0000] {dagbag.py:538} INFO - Filling up the DagBag from /home/airflow/.local/lib/python3.7/site-packages/airflow/example_dags/example_xcomargs.py
[2023-01-15T13:01:43.604+0000] {processor.py:753} INFO - DAG(s) dict_keys(['example_xcom_args_with_operators', 'example_xcom_args']) retrieved from /home/airflow/.local/lib/python3.7/site-packages/airflow/example_dags/example_xcomargs.py
[2023-01-15T13:01:43.791+0000] {logging_mixin.py:137} INFO - [2023-01-15T13:01:43.791+0000] {dag.py:2676} INFO - Sync 2 DAGs
[2023-01-15T13:01:44.012+0000] {logging_mixin.py:137} INFO - [2023-01-15T13:01:44.012+0000] {dag.py:3427} INFO - Setting next_dagrun for example_xcom_args to None, run_after=None
[2023-01-15T13:01:44.038+0000] {logging_mixin.py:137} INFO - [2023-01-15T13:01:44.038+0000] {dag.py:3427} INFO - Setting next_dagrun for example_xcom_args_with_operators to None, run_after=None
[2023-01-15T13:01:44.150+0000] {processor.py:175} INFO - Processing /home/airflow/.local/lib/python3.7/site-packages/airflow/example_dags/example_xcomargs.py took 0.649 seconds
[2023-01-15T13:02:15.205+0000] {processor.py:153} INFO - Started process (PID=367) to work on /home/airflow/.local/lib/python3.7/site-packages/airflow/example_dags/example_xcomargs.py
[2023-01-15T13:02:15.207+0000] {processor.py:743} INFO - Processing file /home/airflow/.local/lib/python3.7/site-packages/airflow/example_dags/example_xcomargs.py for tasks to queue
[2023-01-15T13:02:15.216+0000] {logging_mixin.py:137} INFO - [2023-01-15T13:02:15.216+0000] {dagbag.py:538} INFO - Filling up the DagBag from /home/airflow/.local/lib/python3.7/site-packages/airflow/example_dags/example_xcomargs.py
[2023-01-15T13:02:15.306+0000] {processor.py:753} INFO - DAG(s) dict_keys(['example_xcom_args_with_operators', 'example_xcom_args']) retrieved from /home/airflow/.local/lib/python3.7/site-packages/airflow/example_dags/example_xcomargs.py
[2023-01-15T13:02:15.450+0000] {logging_mixin.py:137} INFO - [2023-01-15T13:02:15.450+0000] {dag.py:2676} INFO - Sync 2 DAGs
[2023-01-15T13:02:15.539+0000] {logging_mixin.py:137} INFO - [2023-01-15T13:02:15.539+0000] {dag.py:3427} INFO - Setting next_dagrun for example_xcom_args to None, run_after=None
[2023-01-15T13:02:15.551+0000] {logging_mixin.py:137} INFO - [2023-01-15T13:02:15.551+0000] {dag.py:3427} INFO - Setting next_dagrun for example_xcom_args_with_operators to None, run_after=None
[2023-01-15T13:02:15.640+0000] {processor.py:175} INFO - Processing /home/airflow/.local/lib/python3.7/site-packages/airflow/example_dags/example_xcomargs.py took 0.455 seconds
[2023-01-15T13:02:45.838+0000] {processor.py:153} INFO - Started process (PID=415) to work on /home/airflow/.local/lib/python3.7/site-packages/airflow/example_dags/example_xcomargs.py
[2023-01-15T13:02:45.851+0000] {processor.py:743} INFO - Processing file /home/airflow/.local/lib/python3.7/site-packages/airflow/example_dags/example_xcomargs.py for tasks to queue
[2023-01-15T13:02:45.859+0000] {logging_mixin.py:137} INFO - [2023-01-15T13:02:45.859+0000] {dagbag.py:538} INFO - Filling up the DagBag from /home/airflow/.local/lib/python3.7/site-packages/airflow/example_dags/example_xcomargs.py
[2023-01-15T13:02:46.025+0000] {processor.py:753} INFO - DAG(s) dict_keys(['example_xcom_args', 'example_xcom_args_with_operators']) retrieved from /home/airflow/.local/lib/python3.7/site-packages/airflow/example_dags/example_xcomargs.py
[2023-01-15T13:02:46.190+0000] {logging_mixin.py:137} INFO - [2023-01-15T13:02:46.190+0000] {dag.py:2676} INFO - Sync 2 DAGs
[2023-01-15T13:02:46.247+0000] {logging_mixin.py:137} INFO - [2023-01-15T13:02:46.247+0000] {dag.py:3427} INFO - Setting next_dagrun for example_xcom_args to None, run_after=None
[2023-01-15T13:02:46.252+0000] {logging_mixin.py:137} INFO - [2023-01-15T13:02:46.252+0000] {dag.py:3427} INFO - Setting next_dagrun for example_xcom_args_with_operators to None, run_after=None
[2023-01-15T13:02:46.307+0000] {processor.py:175} INFO - Processing /home/airflow/.local/lib/python3.7/site-packages/airflow/example_dags/example_xcomargs.py took 0.488 seconds
[2023-01-15T13:03:16.390+0000] {processor.py:153} INFO - Started process (PID=471) to work on /home/airflow/.local/lib/python3.7/site-packages/airflow/example_dags/example_xcomargs.py
[2023-01-15T13:03:16.397+0000] {processor.py:743} INFO - Processing file /home/airflow/.local/lib/python3.7/site-packages/airflow/example_dags/example_xcomargs.py for tasks to queue
[2023-01-15T13:03:16.401+0000] {logging_mixin.py:137} INFO - [2023-01-15T13:03:16.401+0000] {dagbag.py:538} INFO - Filling up the DagBag from /home/airflow/.local/lib/python3.7/site-packages/airflow/example_dags/example_xcomargs.py
[2023-01-15T13:03:16.465+0000] {processor.py:753} INFO - DAG(s) dict_keys(['example_xcom_args', 'example_xcom_args_with_operators']) retrieved from /home/airflow/.local/lib/python3.7/site-packages/airflow/example_dags/example_xcomargs.py
[2023-01-15T13:03:16.671+0000] {logging_mixin.py:137} INFO - [2023-01-15T13:03:16.671+0000] {dag.py:2676} INFO - Sync 2 DAGs
[2023-01-15T13:03:16.800+0000] {logging_mixin.py:137} INFO - [2023-01-15T13:03:16.800+0000] {dag.py:3427} INFO - Setting next_dagrun for example_xcom_args to None, run_after=None
[2023-01-15T13:03:16.838+0000] {logging_mixin.py:137} INFO - [2023-01-15T13:03:16.838+0000] {dag.py:3427} INFO - Setting next_dagrun for example_xcom_args_with_operators to None, run_after=None
[2023-01-15T13:03:16.959+0000] {processor.py:175} INFO - Processing /home/airflow/.local/lib/python3.7/site-packages/airflow/example_dags/example_xcomargs.py took 0.581 seconds
[2023-01-15T13:03:47.831+0000] {processor.py:153} INFO - Started process (PID=527) to work on /home/airflow/.local/lib/python3.7/site-packages/airflow/example_dags/example_xcomargs.py
[2023-01-15T13:03:47.838+0000] {processor.py:743} INFO - Processing file /home/airflow/.local/lib/python3.7/site-packages/airflow/example_dags/example_xcomargs.py for tasks to queue
[2023-01-15T13:03:47.843+0000] {logging_mixin.py:137} INFO - [2023-01-15T13:03:47.843+0000] {dagbag.py:538} INFO - Filling up the DagBag from /home/airflow/.local/lib/python3.7/site-packages/airflow/example_dags/example_xcomargs.py
[2023-01-15T13:03:48.067+0000] {processor.py:753} INFO - DAG(s) dict_keys(['example_xcom_args', 'example_xcom_args_with_operators']) retrieved from /home/airflow/.local/lib/python3.7/site-packages/airflow/example_dags/example_xcomargs.py
[2023-01-15T13:03:48.292+0000] {logging_mixin.py:137} INFO - [2023-01-15T13:03:48.292+0000] {dag.py:2676} INFO - Sync 2 DAGs
[2023-01-15T13:03:48.403+0000] {logging_mixin.py:137} INFO - [2023-01-15T13:03:48.403+0000] {dag.py:3427} INFO - Setting next_dagrun for example_xcom_args to None, run_after=None
[2023-01-15T13:03:48.421+0000] {logging_mixin.py:137} INFO - [2023-01-15T13:03:48.421+0000] {dag.py:3427} INFO - Setting next_dagrun for example_xcom_args_with_operators to None, run_after=None
[2023-01-15T13:03:48.511+0000] {processor.py:175} INFO - Processing /home/airflow/.local/lib/python3.7/site-packages/airflow/example_dags/example_xcomargs.py took 0.684 seconds
[2023-01-15T13:04:18.843+0000] {processor.py:153} INFO - Started process (PID=591) to work on /home/airflow/.local/lib/python3.7/site-packages/airflow/example_dags/example_xcomargs.py
[2023-01-15T13:04:18.845+0000] {processor.py:743} INFO - Processing file /home/airflow/.local/lib/python3.7/site-packages/airflow/example_dags/example_xcomargs.py for tasks to queue
[2023-01-15T13:04:18.849+0000] {logging_mixin.py:137} INFO - [2023-01-15T13:04:18.849+0000] {dagbag.py:538} INFO - Filling up the DagBag from /home/airflow/.local/lib/python3.7/site-packages/airflow/example_dags/example_xcomargs.py
[2023-01-15T13:04:18.958+0000] {processor.py:753} INFO - DAG(s) dict_keys(['example_xcom_args_with_operators', 'example_xcom_args']) retrieved from /home/airflow/.local/lib/python3.7/site-packages/airflow/example_dags/example_xcomargs.py
[2023-01-15T13:04:19.152+0000] {logging_mixin.py:137} INFO - [2023-01-15T13:04:19.151+0000] {dag.py:2676} INFO - Sync 2 DAGs
[2023-01-15T13:04:19.236+0000] {logging_mixin.py:137} INFO - [2023-01-15T13:04:19.236+0000] {dag.py:3427} INFO - Setting next_dagrun for example_xcom_args to None, run_after=None
[2023-01-15T13:04:19.249+0000] {logging_mixin.py:137} INFO - [2023-01-15T13:04:19.249+0000] {dag.py:3427} INFO - Setting next_dagrun for example_xcom_args_with_operators to None, run_after=None
[2023-01-15T13:04:19.315+0000] {processor.py:175} INFO - Processing /home/airflow/.local/lib/python3.7/site-packages/airflow/example_dags/example_xcomargs.py took 0.488 seconds
[2023-01-15T13:04:50.000+0000] {processor.py:153} INFO - Started process (PID=647) to work on /home/airflow/.local/lib/python3.7/site-packages/airflow/example_dags/example_xcomargs.py
[2023-01-15T13:04:50.002+0000] {processor.py:743} INFO - Processing file /home/airflow/.local/lib/python3.7/site-packages/airflow/example_dags/example_xcomargs.py for tasks to queue
[2023-01-15T13:04:50.009+0000] {logging_mixin.py:137} INFO - [2023-01-15T13:04:50.009+0000] {dagbag.py:538} INFO - Filling up the DagBag from /home/airflow/.local/lib/python3.7/site-packages/airflow/example_dags/example_xcomargs.py
[2023-01-15T13:04:50.131+0000] {processor.py:753} INFO - DAG(s) dict_keys(['example_xcom_args', 'example_xcom_args_with_operators']) retrieved from /home/airflow/.local/lib/python3.7/site-packages/airflow/example_dags/example_xcomargs.py
[2023-01-15T13:04:50.330+0000] {logging_mixin.py:137} INFO - [2023-01-15T13:04:50.330+0000] {dag.py:2676} INFO - Sync 2 DAGs
[2023-01-15T13:04:50.468+0000] {logging_mixin.py:137} INFO - [2023-01-15T13:04:50.467+0000] {dag.py:3427} INFO - Setting next_dagrun for example_xcom_args to None, run_after=None
[2023-01-15T13:04:50.490+0000] {logging_mixin.py:137} INFO - [2023-01-15T13:04:50.490+0000] {dag.py:3427} INFO - Setting next_dagrun for example_xcom_args_with_operators to None, run_after=None
[2023-01-15T13:04:50.591+0000] {processor.py:175} INFO - Processing /home/airflow/.local/lib/python3.7/site-packages/airflow/example_dags/example_xcomargs.py took 0.621 seconds
[2023-01-15T13:05:21.030+0000] {processor.py:153} INFO - Started process (PID=702) to work on /home/airflow/.local/lib/python3.7/site-packages/airflow/example_dags/example_xcomargs.py
[2023-01-15T13:05:21.044+0000] {processor.py:743} INFO - Processing file /home/airflow/.local/lib/python3.7/site-packages/airflow/example_dags/example_xcomargs.py for tasks to queue
[2023-01-15T13:05:21.046+0000] {logging_mixin.py:137} INFO - [2023-01-15T13:05:21.046+0000] {dagbag.py:538} INFO - Filling up the DagBag from /home/airflow/.local/lib/python3.7/site-packages/airflow/example_dags/example_xcomargs.py
[2023-01-15T13:05:21.164+0000] {processor.py:753} INFO - DAG(s) dict_keys(['example_xcom_args_with_operators', 'example_xcom_args']) retrieved from /home/airflow/.local/lib/python3.7/site-packages/airflow/example_dags/example_xcomargs.py
[2023-01-15T13:05:21.405+0000] {logging_mixin.py:137} INFO - [2023-01-15T13:05:21.405+0000] {dag.py:2676} INFO - Sync 2 DAGs
[2023-01-15T13:05:21.532+0000] {logging_mixin.py:137} INFO - [2023-01-15T13:05:21.532+0000] {dag.py:3427} INFO - Setting next_dagrun for example_xcom_args to None, run_after=None
[2023-01-15T13:05:21.548+0000] {logging_mixin.py:137} INFO - [2023-01-15T13:05:21.548+0000] {dag.py:3427} INFO - Setting next_dagrun for example_xcom_args_with_operators to None, run_after=None
[2023-01-15T13:05:21.624+0000] {processor.py:175} INFO - Processing /home/airflow/.local/lib/python3.7/site-packages/airflow/example_dags/example_xcomargs.py took 0.609 seconds
[2023-01-15T13:05:51.999+0000] {processor.py:153} INFO - Started process (PID=756) to work on /home/airflow/.local/lib/python3.7/site-packages/airflow/example_dags/example_xcomargs.py
[2023-01-15T13:05:52.004+0000] {processor.py:743} INFO - Processing file /home/airflow/.local/lib/python3.7/site-packages/airflow/example_dags/example_xcomargs.py for tasks to queue
[2023-01-15T13:05:52.008+0000] {logging_mixin.py:137} INFO - [2023-01-15T13:05:52.007+0000] {dagbag.py:538} INFO - Filling up the DagBag from /home/airflow/.local/lib/python3.7/site-packages/airflow/example_dags/example_xcomargs.py
[2023-01-15T13:05:52.103+0000] {processor.py:753} INFO - DAG(s) dict_keys(['example_xcom_args_with_operators', 'example_xcom_args']) retrieved from /home/airflow/.local/lib/python3.7/site-packages/airflow/example_dags/example_xcomargs.py
[2023-01-15T13:05:52.258+0000] {logging_mixin.py:137} INFO - [2023-01-15T13:05:52.258+0000] {dag.py:2676} INFO - Sync 2 DAGs
[2023-01-15T13:05:52.343+0000] {logging_mixin.py:137} INFO - [2023-01-15T13:05:52.342+0000] {dag.py:3427} INFO - Setting next_dagrun for example_xcom_args to None, run_after=None
[2023-01-15T13:05:52.354+0000] {logging_mixin.py:137} INFO - [2023-01-15T13:05:52.354+0000] {dag.py:3427} INFO - Setting next_dagrun for example_xcom_args_with_operators to None, run_after=None
[2023-01-15T13:05:52.418+0000] {processor.py:175} INFO - Processing /home/airflow/.local/lib/python3.7/site-packages/airflow/example_dags/example_xcomargs.py took 0.435 seconds
[2023-01-15T13:06:23.118+0000] {processor.py:153} INFO - Started process (PID=818) to work on /home/airflow/.local/lib/python3.7/site-packages/airflow/example_dags/example_xcomargs.py
[2023-01-15T13:06:23.122+0000] {processor.py:743} INFO - Processing file /home/airflow/.local/lib/python3.7/site-packages/airflow/example_dags/example_xcomargs.py for tasks to queue
[2023-01-15T13:06:23.124+0000] {logging_mixin.py:137} INFO - [2023-01-15T13:06:23.124+0000] {dagbag.py:538} INFO - Filling up the DagBag from /home/airflow/.local/lib/python3.7/site-packages/airflow/example_dags/example_xcomargs.py
[2023-01-15T13:06:23.188+0000] {processor.py:753} INFO - DAG(s) dict_keys(['example_xcom_args', 'example_xcom_args_with_operators']) retrieved from /home/airflow/.local/lib/python3.7/site-packages/airflow/example_dags/example_xcomargs.py
[2023-01-15T13:06:23.288+0000] {logging_mixin.py:137} INFO - [2023-01-15T13:06:23.288+0000] {dag.py:2676} INFO - Sync 2 DAGs
[2023-01-15T13:06:23.344+0000] {logging_mixin.py:137} INFO - [2023-01-15T13:06:23.344+0000] {dag.py:3427} INFO - Setting next_dagrun for example_xcom_args to None, run_after=None
[2023-01-15T13:06:23.352+0000] {logging_mixin.py:137} INFO - [2023-01-15T13:06:23.352+0000] {dag.py:3427} INFO - Setting next_dagrun for example_xcom_args_with_operators to None, run_after=None
[2023-01-15T13:06:23.405+0000] {processor.py:175} INFO - Processing /home/airflow/.local/lib/python3.7/site-packages/airflow/example_dags/example_xcomargs.py took 0.296 seconds
[2023-01-15T13:06:53.938+0000] {processor.py:153} INFO - Started process (PID=875) to work on /home/airflow/.local/lib/python3.7/site-packages/airflow/example_dags/example_xcomargs.py
[2023-01-15T13:06:53.946+0000] {processor.py:743} INFO - Processing file /home/airflow/.local/lib/python3.7/site-packages/airflow/example_dags/example_xcomargs.py for tasks to queue
[2023-01-15T13:06:53.955+0000] {logging_mixin.py:137} INFO - [2023-01-15T13:06:53.955+0000] {dagbag.py:538} INFO - Filling up the DagBag from /home/airflow/.local/lib/python3.7/site-packages/airflow/example_dags/example_xcomargs.py
[2023-01-15T13:06:56.000+0000] {processor.py:753} INFO - DAG(s) dict_keys(['example_xcom_args', 'example_xcom_args_with_operators']) retrieved from /home/airflow/.local/lib/python3.7/site-packages/airflow/example_dags/example_xcomargs.py
[2023-01-15T13:06:56.968+0000] {logging_mixin.py:137} INFO - [2023-01-15T13:06:56.967+0000] {dag.py:2676} INFO - Sync 2 DAGs
[2023-01-15T13:06:57.476+0000] {logging_mixin.py:137} INFO - [2023-01-15T13:06:57.476+0000] {dag.py:3427} INFO - Setting next_dagrun for example_xcom_args to None, run_after=None
[2023-01-15T13:06:57.505+0000] {logging_mixin.py:137} INFO - [2023-01-15T13:06:57.505+0000] {dag.py:3427} INFO - Setting next_dagrun for example_xcom_args_with_operators to None, run_after=None
[2023-01-15T13:06:57.663+0000] {processor.py:175} INFO - Processing /home/airflow/.local/lib/python3.7/site-packages/airflow/example_dags/example_xcomargs.py took 3.833 seconds
[2023-01-15T13:07:49.760+0000] {processor.py:153} INFO - Started process (PID=940) to work on /home/airflow/.local/lib/python3.7/site-packages/airflow/example_dags/example_xcomargs.py
[2023-01-15T13:07:49.766+0000] {processor.py:743} INFO - Processing file /home/airflow/.local/lib/python3.7/site-packages/airflow/example_dags/example_xcomargs.py for tasks to queue
[2023-01-15T13:07:49.774+0000] {logging_mixin.py:137} INFO - [2023-01-15T13:07:49.768+0000] {dagbag.py:538} INFO - Filling up the DagBag from /home/airflow/.local/lib/python3.7/site-packages/airflow/example_dags/example_xcomargs.py
[2023-01-15T13:07:49.943+0000] {processor.py:753} INFO - DAG(s) dict_keys(['example_xcom_args_with_operators', 'example_xcom_args']) retrieved from /home/airflow/.local/lib/python3.7/site-packages/airflow/example_dags/example_xcomargs.py
[2023-01-15T13:07:50.185+0000] {logging_mixin.py:137} INFO - [2023-01-15T13:07:50.185+0000] {dag.py:2676} INFO - Sync 2 DAGs
[2023-01-15T13:07:50.350+0000] {logging_mixin.py:137} INFO - [2023-01-15T13:07:50.350+0000] {dag.py:3427} INFO - Setting next_dagrun for example_xcom_args to None, run_after=None
[2023-01-15T13:07:50.375+0000] {logging_mixin.py:137} INFO - [2023-01-15T13:07:50.375+0000] {dag.py:3427} INFO - Setting next_dagrun for example_xcom_args_with_operators to None, run_after=None
[2023-01-15T13:07:50.496+0000] {processor.py:175} INFO - Processing /home/airflow/.local/lib/python3.7/site-packages/airflow/example_dags/example_xcomargs.py took 0.765 seconds
[2023-01-15T13:08:27.600+0000] {processor.py:153} INFO - Started process (PID=997) to work on /home/airflow/.local/lib/python3.7/site-packages/airflow/example_dags/example_xcomargs.py
[2023-01-15T13:08:27.609+0000] {processor.py:743} INFO - Processing file /home/airflow/.local/lib/python3.7/site-packages/airflow/example_dags/example_xcomargs.py for tasks to queue
[2023-01-15T13:08:27.616+0000] {logging_mixin.py:137} INFO - [2023-01-15T13:08:27.616+0000] {dagbag.py:538} INFO - Filling up the DagBag from /home/airflow/.local/lib/python3.7/site-packages/airflow/example_dags/example_xcomargs.py
[2023-01-15T13:08:27.784+0000] {processor.py:753} INFO - DAG(s) dict_keys(['example_xcom_args', 'example_xcom_args_with_operators']) retrieved from /home/airflow/.local/lib/python3.7/site-packages/airflow/example_dags/example_xcomargs.py
[2023-01-15T13:08:28.062+0000] {logging_mixin.py:137} INFO - [2023-01-15T13:08:28.061+0000] {dag.py:2676} INFO - Sync 2 DAGs
[2023-01-15T13:08:28.221+0000] {logging_mixin.py:137} INFO - [2023-01-15T13:08:28.221+0000] {dag.py:3427} INFO - Setting next_dagrun for example_xcom_args to None, run_after=None
[2023-01-15T13:08:28.252+0000] {logging_mixin.py:137} INFO - [2023-01-15T13:08:28.251+0000] {dag.py:3427} INFO - Setting next_dagrun for example_xcom_args_with_operators to None, run_after=None
[2023-01-15T13:08:28.346+0000] {processor.py:175} INFO - Processing /home/airflow/.local/lib/python3.7/site-packages/airflow/example_dags/example_xcomargs.py took 0.763 seconds
[2023-01-15T13:09:10.492+0000] {processor.py:153} INFO - Started process (PID=1055) to work on /home/airflow/.local/lib/python3.7/site-packages/airflow/example_dags/example_xcomargs.py
[2023-01-15T13:09:10.498+0000] {processor.py:743} INFO - Processing file /home/airflow/.local/lib/python3.7/site-packages/airflow/example_dags/example_xcomargs.py for tasks to queue
[2023-01-15T13:09:10.501+0000] {logging_mixin.py:137} INFO - [2023-01-15T13:09:10.500+0000] {dagbag.py:538} INFO - Filling up the DagBag from /home/airflow/.local/lib/python3.7/site-packages/airflow/example_dags/example_xcomargs.py
[2023-01-15T13:09:10.621+0000] {processor.py:753} INFO - DAG(s) dict_keys(['example_xcom_args', 'example_xcom_args_with_operators']) retrieved from /home/airflow/.local/lib/python3.7/site-packages/airflow/example_dags/example_xcomargs.py
[2023-01-15T13:09:10.875+0000] {logging_mixin.py:137} INFO - [2023-01-15T13:09:10.875+0000] {dag.py:2676} INFO - Sync 2 DAGs
[2023-01-15T13:09:11.183+0000] {logging_mixin.py:137} INFO - [2023-01-15T13:09:11.182+0000] {dag.py:3427} INFO - Setting next_dagrun for example_xcom_args to None, run_after=None
[2023-01-15T13:09:11.201+0000] {logging_mixin.py:137} INFO - [2023-01-15T13:09:11.201+0000] {dag.py:3427} INFO - Setting next_dagrun for example_xcom_args_with_operators to None, run_after=None
[2023-01-15T13:09:11.285+0000] {processor.py:175} INFO - Processing /home/airflow/.local/lib/python3.7/site-packages/airflow/example_dags/example_xcomargs.py took 0.846 seconds
[2023-01-15T13:09:44.921+0000] {processor.py:153} INFO - Started process (PID=1111) to work on /home/airflow/.local/lib/python3.7/site-packages/airflow/example_dags/example_xcomargs.py
[2023-01-15T13:09:44.935+0000] {processor.py:743} INFO - Processing file /home/airflow/.local/lib/python3.7/site-packages/airflow/example_dags/example_xcomargs.py for tasks to queue
[2023-01-15T13:09:44.938+0000] {logging_mixin.py:137} INFO - [2023-01-15T13:09:44.937+0000] {dagbag.py:538} INFO - Filling up the DagBag from /home/airflow/.local/lib/python3.7/site-packages/airflow/example_dags/example_xcomargs.py
[2023-01-15T13:09:45.214+0000] {processor.py:753} INFO - DAG(s) dict_keys(['example_xcom_args', 'example_xcom_args_with_operators']) retrieved from /home/airflow/.local/lib/python3.7/site-packages/airflow/example_dags/example_xcomargs.py
[2023-01-15T13:09:45.576+0000] {logging_mixin.py:137} INFO - [2023-01-15T13:09:45.576+0000] {dag.py:2676} INFO - Sync 2 DAGs
[2023-01-15T13:09:45.741+0000] {logging_mixin.py:137} INFO - [2023-01-15T13:09:45.741+0000] {dag.py:3427} INFO - Setting next_dagrun for example_xcom_args to None, run_after=None
[2023-01-15T13:09:45.756+0000] {logging_mixin.py:137} INFO - [2023-01-15T13:09:45.756+0000] {dag.py:3427} INFO - Setting next_dagrun for example_xcom_args_with_operators to None, run_after=None
[2023-01-15T13:09:45.847+0000] {processor.py:175} INFO - Processing /home/airflow/.local/lib/python3.7/site-packages/airflow/example_dags/example_xcomargs.py took 0.951 seconds
[2023-01-15T13:10:16.113+0000] {processor.py:153} INFO - Started process (PID=1158) to work on /home/airflow/.local/lib/python3.7/site-packages/airflow/example_dags/example_xcomargs.py
[2023-01-15T13:10:16.123+0000] {processor.py:743} INFO - Processing file /home/airflow/.local/lib/python3.7/site-packages/airflow/example_dags/example_xcomargs.py for tasks to queue
[2023-01-15T13:10:16.134+0000] {logging_mixin.py:137} INFO - [2023-01-15T13:10:16.133+0000] {dagbag.py:538} INFO - Filling up the DagBag from /home/airflow/.local/lib/python3.7/site-packages/airflow/example_dags/example_xcomargs.py
[2023-01-15T13:10:16.391+0000] {processor.py:753} INFO - DAG(s) dict_keys(['example_xcom_args_with_operators', 'example_xcom_args']) retrieved from /home/airflow/.local/lib/python3.7/site-packages/airflow/example_dags/example_xcomargs.py
[2023-01-15T13:10:16.695+0000] {logging_mixin.py:137} INFO - [2023-01-15T13:10:16.694+0000] {dag.py:2676} INFO - Sync 2 DAGs
[2023-01-15T13:10:16.800+0000] {logging_mixin.py:137} INFO - [2023-01-15T13:10:16.797+0000] {dag.py:3427} INFO - Setting next_dagrun for example_xcom_args to None, run_after=None
[2023-01-15T13:10:16.813+0000] {logging_mixin.py:137} INFO - [2023-01-15T13:10:16.813+0000] {dag.py:3427} INFO - Setting next_dagrun for example_xcom_args_with_operators to None, run_after=None
[2023-01-15T13:10:16.896+0000] {processor.py:175} INFO - Processing /home/airflow/.local/lib/python3.7/site-packages/airflow/example_dags/example_xcomargs.py took 0.813 seconds
[2023-01-15T13:10:48.532+0000] {processor.py:153} INFO - Started process (PID=1214) to work on /home/airflow/.local/lib/python3.7/site-packages/airflow/example_dags/example_xcomargs.py
[2023-01-15T13:10:48.541+0000] {processor.py:743} INFO - Processing file /home/airflow/.local/lib/python3.7/site-packages/airflow/example_dags/example_xcomargs.py for tasks to queue
[2023-01-15T13:10:48.543+0000] {logging_mixin.py:137} INFO - [2023-01-15T13:10:48.543+0000] {dagbag.py:538} INFO - Filling up the DagBag from /home/airflow/.local/lib/python3.7/site-packages/airflow/example_dags/example_xcomargs.py
[2023-01-15T13:10:48.792+0000] {processor.py:753} INFO - DAG(s) dict_keys(['example_xcom_args_with_operators', 'example_xcom_args']) retrieved from /home/airflow/.local/lib/python3.7/site-packages/airflow/example_dags/example_xcomargs.py
[2023-01-15T13:10:48.998+0000] {logging_mixin.py:137} INFO - [2023-01-15T13:10:48.998+0000] {dag.py:2676} INFO - Sync 2 DAGs
[2023-01-15T13:10:49.124+0000] {logging_mixin.py:137} INFO - [2023-01-15T13:10:49.119+0000] {dag.py:3427} INFO - Setting next_dagrun for example_xcom_args to None, run_after=None
[2023-01-15T13:10:49.146+0000] {logging_mixin.py:137} INFO - [2023-01-15T13:10:49.146+0000] {dag.py:3427} INFO - Setting next_dagrun for example_xcom_args_with_operators to None, run_after=None
[2023-01-15T13:10:49.205+0000] {processor.py:175} INFO - Processing /home/airflow/.local/lib/python3.7/site-packages/airflow/example_dags/example_xcomargs.py took 0.684 seconds
[2023-01-15T13:11:34.416+0000] {processor.py:153} INFO - Started process (PID=1271) to work on /home/airflow/.local/lib/python3.7/site-packages/airflow/example_dags/example_xcomargs.py
[2023-01-15T13:11:34.427+0000] {processor.py:743} INFO - Processing file /home/airflow/.local/lib/python3.7/site-packages/airflow/example_dags/example_xcomargs.py for tasks to queue
[2023-01-15T13:11:34.436+0000] {logging_mixin.py:137} INFO - [2023-01-15T13:11:34.435+0000] {dagbag.py:538} INFO - Filling up the DagBag from /home/airflow/.local/lib/python3.7/site-packages/airflow/example_dags/example_xcomargs.py
[2023-01-15T13:11:34.819+0000] {processor.py:753} INFO - DAG(s) dict_keys(['example_xcom_args', 'example_xcom_args_with_operators']) retrieved from /home/airflow/.local/lib/python3.7/site-packages/airflow/example_dags/example_xcomargs.py
[2023-01-15T13:11:35.608+0000] {logging_mixin.py:137} INFO - [2023-01-15T13:11:35.606+0000] {dag.py:2676} INFO - Sync 2 DAGs
[2023-01-15T13:11:36.044+0000] {logging_mixin.py:137} INFO - [2023-01-15T13:11:36.043+0000] {dag.py:3427} INFO - Setting next_dagrun for example_xcom_args to None, run_after=None
[2023-01-15T13:11:36.105+0000] {logging_mixin.py:137} INFO - [2023-01-15T13:11:36.104+0000] {dag.py:3427} INFO - Setting next_dagrun for example_xcom_args_with_operators to None, run_after=None
[2023-01-15T13:11:36.342+0000] {processor.py:175} INFO - Processing /home/airflow/.local/lib/python3.7/site-packages/airflow/example_dags/example_xcomargs.py took 1.980 seconds
[2023-01-15T13:12:31.400+0000] {processor.py:153} INFO - Started process (PID=1340) to work on /home/airflow/.local/lib/python3.7/site-packages/airflow/example_dags/example_xcomargs.py
[2023-01-15T13:12:31.411+0000] {processor.py:743} INFO - Processing file /home/airflow/.local/lib/python3.7/site-packages/airflow/example_dags/example_xcomargs.py for tasks to queue
[2023-01-15T13:12:31.413+0000] {logging_mixin.py:137} INFO - [2023-01-15T13:12:31.413+0000] {dagbag.py:538} INFO - Filling up the DagBag from /home/airflow/.local/lib/python3.7/site-packages/airflow/example_dags/example_xcomargs.py
[2023-01-15T13:12:31.818+0000] {processor.py:753} INFO - DAG(s) dict_keys(['example_xcom_args_with_operators', 'example_xcom_args']) retrieved from /home/airflow/.local/lib/python3.7/site-packages/airflow/example_dags/example_xcomargs.py
[2023-01-15T13:12:32.376+0000] {logging_mixin.py:137} INFO - [2023-01-15T13:12:32.376+0000] {dag.py:2676} INFO - Sync 2 DAGs
[2023-01-15T13:12:32.673+0000] {logging_mixin.py:137} INFO - [2023-01-15T13:12:32.673+0000] {dag.py:3427} INFO - Setting next_dagrun for example_xcom_args to None, run_after=None
[2023-01-15T13:12:32.722+0000] {logging_mixin.py:137} INFO - [2023-01-15T13:12:32.722+0000] {dag.py:3427} INFO - Setting next_dagrun for example_xcom_args_with_operators to None, run_after=None
[2023-01-15T13:12:32.923+0000] {processor.py:175} INFO - Processing /home/airflow/.local/lib/python3.7/site-packages/airflow/example_dags/example_xcomargs.py took 1.569 seconds
[2023-01-15T13:13:03.375+0000] {processor.py:153} INFO - Started process (PID=1395) to work on /home/airflow/.local/lib/python3.7/site-packages/airflow/example_dags/example_xcomargs.py
[2023-01-15T13:13:03.381+0000] {processor.py:743} INFO - Processing file /home/airflow/.local/lib/python3.7/site-packages/airflow/example_dags/example_xcomargs.py for tasks to queue
[2023-01-15T13:13:03.383+0000] {logging_mixin.py:137} INFO - [2023-01-15T13:13:03.383+0000] {dagbag.py:538} INFO - Filling up the DagBag from /home/airflow/.local/lib/python3.7/site-packages/airflow/example_dags/example_xcomargs.py
[2023-01-15T13:13:03.560+0000] {processor.py:753} INFO - DAG(s) dict_keys(['example_xcom_args', 'example_xcom_args_with_operators']) retrieved from /home/airflow/.local/lib/python3.7/site-packages/airflow/example_dags/example_xcomargs.py
[2023-01-15T13:13:03.825+0000] {logging_mixin.py:137} INFO - [2023-01-15T13:13:03.825+0000] {dag.py:2676} INFO - Sync 2 DAGs
[2023-01-15T13:13:04.003+0000] {logging_mixin.py:137} INFO - [2023-01-15T13:13:03.997+0000] {dag.py:3427} INFO - Setting next_dagrun for example_xcom_args to None, run_after=None
[2023-01-15T13:13:04.027+0000] {logging_mixin.py:137} INFO - [2023-01-15T13:13:04.027+0000] {dag.py:3427} INFO - Setting next_dagrun for example_xcom_args_with_operators to None, run_after=None
[2023-01-15T13:13:04.197+0000] {processor.py:175} INFO - Processing /home/airflow/.local/lib/python3.7/site-packages/airflow/example_dags/example_xcomargs.py took 0.839 seconds
[2023-01-15T13:13:45.376+0000] {processor.py:153} INFO - Started process (PID=1451) to work on /home/airflow/.local/lib/python3.7/site-packages/airflow/example_dags/example_xcomargs.py
[2023-01-15T13:13:45.380+0000] {processor.py:743} INFO - Processing file /home/airflow/.local/lib/python3.7/site-packages/airflow/example_dags/example_xcomargs.py for tasks to queue
[2023-01-15T13:13:45.383+0000] {logging_mixin.py:137} INFO - [2023-01-15T13:13:45.383+0000] {dagbag.py:538} INFO - Filling up the DagBag from /home/airflow/.local/lib/python3.7/site-packages/airflow/example_dags/example_xcomargs.py
[2023-01-15T13:13:45.599+0000] {processor.py:753} INFO - DAG(s) dict_keys(['example_xcom_args_with_operators', 'example_xcom_args']) retrieved from /home/airflow/.local/lib/python3.7/site-packages/airflow/example_dags/example_xcomargs.py
[2023-01-15T13:13:46.126+0000] {logging_mixin.py:137} INFO - [2023-01-15T13:13:46.126+0000] {dag.py:2676} INFO - Sync 2 DAGs
[2023-01-15T13:13:46.588+0000] {logging_mixin.py:137} INFO - [2023-01-15T13:13:46.588+0000] {dag.py:3427} INFO - Setting next_dagrun for example_xcom_args to None, run_after=None
[2023-01-15T13:13:46.652+0000] {logging_mixin.py:137} INFO - [2023-01-15T13:13:46.651+0000] {dag.py:3427} INFO - Setting next_dagrun for example_xcom_args_with_operators to None, run_after=None
[2023-01-15T13:13:46.856+0000] {processor.py:175} INFO - Processing /home/airflow/.local/lib/python3.7/site-packages/airflow/example_dags/example_xcomargs.py took 1.503 seconds
[2023-01-15T13:14:17.187+0000] {processor.py:153} INFO - Started process (PID=1498) to work on /home/airflow/.local/lib/python3.7/site-packages/airflow/example_dags/example_xcomargs.py
[2023-01-15T13:14:17.191+0000] {processor.py:743} INFO - Processing file /home/airflow/.local/lib/python3.7/site-packages/airflow/example_dags/example_xcomargs.py for tasks to queue
[2023-01-15T13:14:17.193+0000] {logging_mixin.py:137} INFO - [2023-01-15T13:14:17.193+0000] {dagbag.py:538} INFO - Filling up the DagBag from /home/airflow/.local/lib/python3.7/site-packages/airflow/example_dags/example_xcomargs.py
[2023-01-15T13:14:17.395+0000] {processor.py:753} INFO - DAG(s) dict_keys(['example_xcom_args', 'example_xcom_args_with_operators']) retrieved from /home/airflow/.local/lib/python3.7/site-packages/airflow/example_dags/example_xcomargs.py
[2023-01-15T13:14:17.587+0000] {logging_mixin.py:137} INFO - [2023-01-15T13:14:17.586+0000] {dag.py:2676} INFO - Sync 2 DAGs
[2023-01-15T13:14:17.680+0000] {logging_mixin.py:137} INFO - [2023-01-15T13:14:17.680+0000] {dag.py:3427} INFO - Setting next_dagrun for example_xcom_args to None, run_after=None
[2023-01-15T13:14:17.690+0000] {logging_mixin.py:137} INFO - [2023-01-15T13:14:17.690+0000] {dag.py:3427} INFO - Setting next_dagrun for example_xcom_args_with_operators to None, run_after=None
[2023-01-15T13:14:17.758+0000] {processor.py:175} INFO - Processing /home/airflow/.local/lib/python3.7/site-packages/airflow/example_dags/example_xcomargs.py took 0.592 seconds
[2023-01-15T13:14:50.863+0000] {processor.py:153} INFO - Started process (PID=1554) to work on /home/airflow/.local/lib/python3.7/site-packages/airflow/example_dags/example_xcomargs.py
[2023-01-15T13:14:50.874+0000] {processor.py:743} INFO - Processing file /home/airflow/.local/lib/python3.7/site-packages/airflow/example_dags/example_xcomargs.py for tasks to queue
[2023-01-15T13:14:50.878+0000] {logging_mixin.py:137} INFO - [2023-01-15T13:14:50.878+0000] {dagbag.py:538} INFO - Filling up the DagBag from /home/airflow/.local/lib/python3.7/site-packages/airflow/example_dags/example_xcomargs.py
[2023-01-15T13:14:51.047+0000] {processor.py:753} INFO - DAG(s) dict_keys(['example_xcom_args', 'example_xcom_args_with_operators']) retrieved from /home/airflow/.local/lib/python3.7/site-packages/airflow/example_dags/example_xcomargs.py
[2023-01-15T13:14:51.211+0000] {logging_mixin.py:137} INFO - [2023-01-15T13:14:51.210+0000] {dag.py:2676} INFO - Sync 2 DAGs
[2023-01-15T13:14:51.308+0000] {logging_mixin.py:137} INFO - [2023-01-15T13:14:51.305+0000] {dag.py:3427} INFO - Setting next_dagrun for example_xcom_args to None, run_after=None
[2023-01-15T13:14:51.332+0000] {logging_mixin.py:137} INFO - [2023-01-15T13:14:51.331+0000] {dag.py:3427} INFO - Setting next_dagrun for example_xcom_args_with_operators to None, run_after=None
[2023-01-15T13:14:51.481+0000] {processor.py:175} INFO - Processing /home/airflow/.local/lib/python3.7/site-packages/airflow/example_dags/example_xcomargs.py took 0.633 seconds
[2023-01-15T13:15:22.828+0000] {processor.py:153} INFO - Started process (PID=1608) to work on /home/airflow/.local/lib/python3.7/site-packages/airflow/example_dags/example_xcomargs.py
[2023-01-15T13:15:22.830+0000] {processor.py:743} INFO - Processing file /home/airflow/.local/lib/python3.7/site-packages/airflow/example_dags/example_xcomargs.py for tasks to queue
[2023-01-15T13:15:22.839+0000] {logging_mixin.py:137} INFO - [2023-01-15T13:15:22.839+0000] {dagbag.py:538} INFO - Filling up the DagBag from /home/airflow/.local/lib/python3.7/site-packages/airflow/example_dags/example_xcomargs.py
[2023-01-15T13:15:23.341+0000] {processor.py:753} INFO - DAG(s) dict_keys(['example_xcom_args_with_operators', 'example_xcom_args']) retrieved from /home/airflow/.local/lib/python3.7/site-packages/airflow/example_dags/example_xcomargs.py
[2023-01-15T13:15:24.347+0000] {logging_mixin.py:137} INFO - [2023-01-15T13:15:24.347+0000] {dag.py:2676} INFO - Sync 2 DAGs
[2023-01-15T13:15:24.757+0000] {logging_mixin.py:137} INFO - [2023-01-15T13:15:24.757+0000] {dag.py:3427} INFO - Setting next_dagrun for example_xcom_args to None, run_after=None
[2023-01-15T13:15:24.823+0000] {logging_mixin.py:137} INFO - [2023-01-15T13:15:24.818+0000] {dag.py:3427} INFO - Setting next_dagrun for example_xcom_args_with_operators to None, run_after=None
[2023-01-15T13:15:25.004+0000] {processor.py:175} INFO - Processing /home/airflow/.local/lib/python3.7/site-packages/airflow/example_dags/example_xcomargs.py took 2.213 seconds
[2023-01-15T13:43:51.096+0000] {processor.py:153} INFO - Started process (PID=83) to work on /home/airflow/.local/lib/python3.7/site-packages/airflow/example_dags/example_xcomargs.py
[2023-01-15T13:43:51.122+0000] {processor.py:743} INFO - Processing file /home/airflow/.local/lib/python3.7/site-packages/airflow/example_dags/example_xcomargs.py for tasks to queue
[2023-01-15T13:43:51.132+0000] {logging_mixin.py:137} INFO - [2023-01-15T13:43:51.132+0000] {dagbag.py:538} INFO - Filling up the DagBag from /home/airflow/.local/lib/python3.7/site-packages/airflow/example_dags/example_xcomargs.py
[2023-01-15T13:43:51.514+0000] {processor.py:753} INFO - DAG(s) dict_keys(['example_xcom_args_with_operators', 'example_xcom_args']) retrieved from /home/airflow/.local/lib/python3.7/site-packages/airflow/example_dags/example_xcomargs.py
[2023-01-15T13:43:52.050+0000] {logging_mixin.py:137} INFO - [2023-01-15T13:43:52.050+0000] {dag.py:2676} INFO - Sync 2 DAGs
[2023-01-15T13:43:52.333+0000] {logging_mixin.py:137} INFO - [2023-01-15T13:43:52.332+0000] {dag.py:3427} INFO - Setting next_dagrun for example_xcom_args to None, run_after=None
[2023-01-15T13:43:52.410+0000] {logging_mixin.py:137} INFO - [2023-01-15T13:43:52.409+0000] {dag.py:3427} INFO - Setting next_dagrun for example_xcom_args_with_operators to None, run_after=None
[2023-01-15T13:43:52.723+0000] {processor.py:175} INFO - Processing /home/airflow/.local/lib/python3.7/site-packages/airflow/example_dags/example_xcomargs.py took 1.672 seconds
[2023-01-15T13:45:21.598+0000] {processor.py:153} INFO - Started process (PID=164) to work on /home/airflow/.local/lib/python3.7/site-packages/airflow/example_dags/example_xcomargs.py
[2023-01-15T13:45:21.631+0000] {processor.py:743} INFO - Processing file /home/airflow/.local/lib/python3.7/site-packages/airflow/example_dags/example_xcomargs.py for tasks to queue
[2023-01-15T13:45:21.718+0000] {logging_mixin.py:137} INFO - [2023-01-15T13:45:21.674+0000] {dagbag.py:538} INFO - Filling up the DagBag from /home/airflow/.local/lib/python3.7/site-packages/airflow/example_dags/example_xcomargs.py
[2023-01-15T13:45:23.247+0000] {processor.py:753} INFO - DAG(s) dict_keys(['example_xcom_args', 'example_xcom_args_with_operators']) retrieved from /home/airflow/.local/lib/python3.7/site-packages/airflow/example_dags/example_xcomargs.py
[2023-01-15T13:45:24.531+0000] {logging_mixin.py:137} INFO - [2023-01-15T13:45:24.531+0000] {dag.py:2676} INFO - Sync 2 DAGs
[2023-01-15T13:45:25.305+0000] {logging_mixin.py:137} INFO - [2023-01-15T13:45:25.305+0000] {dag.py:3427} INFO - Setting next_dagrun for example_xcom_args to None, run_after=None
[2023-01-15T13:45:25.411+0000] {logging_mixin.py:137} INFO - [2023-01-15T13:45:25.411+0000] {dag.py:3427} INFO - Setting next_dagrun for example_xcom_args_with_operators to None, run_after=None
[2023-01-15T13:45:25.929+0000] {processor.py:175} INFO - Processing /home/airflow/.local/lib/python3.7/site-packages/airflow/example_dags/example_xcomargs.py took 4.623 seconds
[2023-01-15T13:45:56.389+0000] {processor.py:153} INFO - Started process (PID=213) to work on /home/airflow/.local/lib/python3.7/site-packages/airflow/example_dags/example_xcomargs.py
[2023-01-15T13:45:56.397+0000] {processor.py:743} INFO - Processing file /home/airflow/.local/lib/python3.7/site-packages/airflow/example_dags/example_xcomargs.py for tasks to queue
[2023-01-15T13:45:56.402+0000] {logging_mixin.py:137} INFO - [2023-01-15T13:45:56.402+0000] {dagbag.py:538} INFO - Filling up the DagBag from /home/airflow/.local/lib/python3.7/site-packages/airflow/example_dags/example_xcomargs.py
[2023-01-15T13:45:56.568+0000] {processor.py:753} INFO - DAG(s) dict_keys(['example_xcom_args', 'example_xcom_args_with_operators']) retrieved from /home/airflow/.local/lib/python3.7/site-packages/airflow/example_dags/example_xcomargs.py
[2023-01-15T13:45:56.841+0000] {logging_mixin.py:137} INFO - [2023-01-15T13:45:56.841+0000] {dag.py:2676} INFO - Sync 2 DAGs
[2023-01-15T13:45:56.996+0000] {logging_mixin.py:137} INFO - [2023-01-15T13:45:56.996+0000] {dag.py:3427} INFO - Setting next_dagrun for example_xcom_args to None, run_after=None
[2023-01-15T13:45:57.010+0000] {logging_mixin.py:137} INFO - [2023-01-15T13:45:57.009+0000] {dag.py:3427} INFO - Setting next_dagrun for example_xcom_args_with_operators to None, run_after=None
[2023-01-15T13:45:57.109+0000] {processor.py:175} INFO - Processing /home/airflow/.local/lib/python3.7/site-packages/airflow/example_dags/example_xcomargs.py took 0.735 seconds
[2023-01-15T13:46:31.594+0000] {processor.py:153} INFO - Started process (PID=269) to work on /home/airflow/.local/lib/python3.7/site-packages/airflow/example_dags/example_xcomargs.py
[2023-01-15T13:46:31.599+0000] {processor.py:743} INFO - Processing file /home/airflow/.local/lib/python3.7/site-packages/airflow/example_dags/example_xcomargs.py for tasks to queue
[2023-01-15T13:46:31.601+0000] {logging_mixin.py:137} INFO - [2023-01-15T13:46:31.601+0000] {dagbag.py:538} INFO - Filling up the DagBag from /home/airflow/.local/lib/python3.7/site-packages/airflow/example_dags/example_xcomargs.py
[2023-01-15T13:46:31.692+0000] {processor.py:753} INFO - DAG(s) dict_keys(['example_xcom_args_with_operators', 'example_xcom_args']) retrieved from /home/airflow/.local/lib/python3.7/site-packages/airflow/example_dags/example_xcomargs.py
[2023-01-15T13:46:31.835+0000] {logging_mixin.py:137} INFO - [2023-01-15T13:46:31.834+0000] {dag.py:2676} INFO - Sync 2 DAGs
[2023-01-15T13:46:31.942+0000] {logging_mixin.py:137} INFO - [2023-01-15T13:46:31.942+0000] {dag.py:3427} INFO - Setting next_dagrun for example_xcom_args to None, run_after=None
[2023-01-15T13:46:31.951+0000] {logging_mixin.py:137} INFO - [2023-01-15T13:46:31.951+0000] {dag.py:3427} INFO - Setting next_dagrun for example_xcom_args_with_operators to None, run_after=None
[2023-01-15T13:46:31.990+0000] {processor.py:175} INFO - Processing /home/airflow/.local/lib/python3.7/site-packages/airflow/example_dags/example_xcomargs.py took 0.419 seconds
[2023-01-15T13:47:04.450+0000] {processor.py:153} INFO - Started process (PID=324) to work on /home/airflow/.local/lib/python3.7/site-packages/airflow/example_dags/example_xcomargs.py
[2023-01-15T13:47:04.456+0000] {processor.py:743} INFO - Processing file /home/airflow/.local/lib/python3.7/site-packages/airflow/example_dags/example_xcomargs.py for tasks to queue
[2023-01-15T13:47:04.460+0000] {logging_mixin.py:137} INFO - [2023-01-15T13:47:04.460+0000] {dagbag.py:538} INFO - Filling up the DagBag from /home/airflow/.local/lib/python3.7/site-packages/airflow/example_dags/example_xcomargs.py
[2023-01-15T13:47:04.572+0000] {processor.py:753} INFO - DAG(s) dict_keys(['example_xcom_args_with_operators', 'example_xcom_args']) retrieved from /home/airflow/.local/lib/python3.7/site-packages/airflow/example_dags/example_xcomargs.py
[2023-01-15T13:47:04.729+0000] {logging_mixin.py:137} INFO - [2023-01-15T13:47:04.729+0000] {dag.py:2676} INFO - Sync 2 DAGs
[2023-01-15T13:47:04.802+0000] {logging_mixin.py:137} INFO - [2023-01-15T13:47:04.802+0000] {dag.py:3427} INFO - Setting next_dagrun for example_xcom_args to None, run_after=None
[2023-01-15T13:47:04.813+0000] {logging_mixin.py:137} INFO - [2023-01-15T13:47:04.812+0000] {dag.py:3427} INFO - Setting next_dagrun for example_xcom_args_with_operators to None, run_after=None
[2023-01-15T13:47:04.852+0000] {processor.py:175} INFO - Processing /home/airflow/.local/lib/python3.7/site-packages/airflow/example_dags/example_xcomargs.py took 0.415 seconds
[2023-01-15T13:47:36.326+0000] {processor.py:153} INFO - Started process (PID=380) to work on /home/airflow/.local/lib/python3.7/site-packages/airflow/example_dags/example_xcomargs.py
[2023-01-15T13:47:36.336+0000] {processor.py:743} INFO - Processing file /home/airflow/.local/lib/python3.7/site-packages/airflow/example_dags/example_xcomargs.py for tasks to queue
[2023-01-15T13:47:36.348+0000] {logging_mixin.py:137} INFO - [2023-01-15T13:47:36.347+0000] {dagbag.py:538} INFO - Filling up the DagBag from /home/airflow/.local/lib/python3.7/site-packages/airflow/example_dags/example_xcomargs.py
[2023-01-15T13:47:36.537+0000] {processor.py:753} INFO - DAG(s) dict_keys(['example_xcom_args', 'example_xcom_args_with_operators']) retrieved from /home/airflow/.local/lib/python3.7/site-packages/airflow/example_dags/example_xcomargs.py
[2023-01-15T13:47:36.862+0000] {logging_mixin.py:137} INFO - [2023-01-15T13:47:36.861+0000] {dag.py:2676} INFO - Sync 2 DAGs
[2023-01-15T13:47:37.094+0000] {logging_mixin.py:137} INFO - [2023-01-15T13:47:37.091+0000] {dag.py:3427} INFO - Setting next_dagrun for example_xcom_args to None, run_after=None
[2023-01-15T13:47:37.120+0000] {logging_mixin.py:137} INFO - [2023-01-15T13:47:37.120+0000] {dag.py:3427} INFO - Setting next_dagrun for example_xcom_args_with_operators to None, run_after=None
[2023-01-15T13:47:37.383+0000] {processor.py:175} INFO - Processing /home/airflow/.local/lib/python3.7/site-packages/airflow/example_dags/example_xcomargs.py took 1.087 seconds
[2023-01-15T13:48:07.616+0000] {processor.py:153} INFO - Started process (PID=427) to work on /home/airflow/.local/lib/python3.7/site-packages/airflow/example_dags/example_xcomargs.py
[2023-01-15T13:48:07.619+0000] {processor.py:743} INFO - Processing file /home/airflow/.local/lib/python3.7/site-packages/airflow/example_dags/example_xcomargs.py for tasks to queue
[2023-01-15T13:48:07.621+0000] {logging_mixin.py:137} INFO - [2023-01-15T13:48:07.620+0000] {dagbag.py:538} INFO - Filling up the DagBag from /home/airflow/.local/lib/python3.7/site-packages/airflow/example_dags/example_xcomargs.py
[2023-01-15T13:48:07.688+0000] {processor.py:753} INFO - DAG(s) dict_keys(['example_xcom_args', 'example_xcom_args_with_operators']) retrieved from /home/airflow/.local/lib/python3.7/site-packages/airflow/example_dags/example_xcomargs.py
[2023-01-15T13:48:07.909+0000] {logging_mixin.py:137} INFO - [2023-01-15T13:48:07.909+0000] {dag.py:2676} INFO - Sync 2 DAGs
[2023-01-15T13:48:08.040+0000] {logging_mixin.py:137} INFO - [2023-01-15T13:48:08.040+0000] {dag.py:3427} INFO - Setting next_dagrun for example_xcom_args to None, run_after=None
[2023-01-15T13:48:08.045+0000] {logging_mixin.py:137} INFO - [2023-01-15T13:48:08.045+0000] {dag.py:3427} INFO - Setting next_dagrun for example_xcom_args_with_operators to None, run_after=None
[2023-01-15T13:48:08.082+0000] {processor.py:175} INFO - Processing /home/airflow/.local/lib/python3.7/site-packages/airflow/example_dags/example_xcomargs.py took 0.480 seconds
[2023-01-15T13:48:38.575+0000] {processor.py:153} INFO - Started process (PID=481) to work on /home/airflow/.local/lib/python3.7/site-packages/airflow/example_dags/example_xcomargs.py
[2023-01-15T13:48:38.578+0000] {processor.py:743} INFO - Processing file /home/airflow/.local/lib/python3.7/site-packages/airflow/example_dags/example_xcomargs.py for tasks to queue
[2023-01-15T13:48:38.580+0000] {logging_mixin.py:137} INFO - [2023-01-15T13:48:38.580+0000] {dagbag.py:538} INFO - Filling up the DagBag from /home/airflow/.local/lib/python3.7/site-packages/airflow/example_dags/example_xcomargs.py
[2023-01-15T13:48:38.653+0000] {processor.py:753} INFO - DAG(s) dict_keys(['example_xcom_args_with_operators', 'example_xcom_args']) retrieved from /home/airflow/.local/lib/python3.7/site-packages/airflow/example_dags/example_xcomargs.py
[2023-01-15T13:48:38.775+0000] {logging_mixin.py:137} INFO - [2023-01-15T13:48:38.775+0000] {dag.py:2676} INFO - Sync 2 DAGs
[2023-01-15T13:48:38.910+0000] {logging_mixin.py:137} INFO - [2023-01-15T13:48:38.909+0000] {dag.py:3427} INFO - Setting next_dagrun for example_xcom_args to None, run_after=None
[2023-01-15T13:48:38.931+0000] {logging_mixin.py:137} INFO - [2023-01-15T13:48:38.930+0000] {dag.py:3427} INFO - Setting next_dagrun for example_xcom_args_with_operators to None, run_after=None
[2023-01-15T13:48:38.989+0000] {processor.py:175} INFO - Processing /home/airflow/.local/lib/python3.7/site-packages/airflow/example_dags/example_xcomargs.py took 0.421 seconds
[2023-01-15T13:49:10.009+0000] {processor.py:153} INFO - Started process (PID=545) to work on /home/airflow/.local/lib/python3.7/site-packages/airflow/example_dags/example_xcomargs.py
[2023-01-15T13:49:10.033+0000] {processor.py:743} INFO - Processing file /home/airflow/.local/lib/python3.7/site-packages/airflow/example_dags/example_xcomargs.py for tasks to queue
[2023-01-15T13:49:10.040+0000] {logging_mixin.py:137} INFO - [2023-01-15T13:49:10.040+0000] {dagbag.py:538} INFO - Filling up the DagBag from /home/airflow/.local/lib/python3.7/site-packages/airflow/example_dags/example_xcomargs.py
[2023-01-15T13:49:10.331+0000] {processor.py:753} INFO - DAG(s) dict_keys(['example_xcom_args_with_operators', 'example_xcom_args']) retrieved from /home/airflow/.local/lib/python3.7/site-packages/airflow/example_dags/example_xcomargs.py
[2023-01-15T13:49:10.542+0000] {logging_mixin.py:137} INFO - [2023-01-15T13:49:10.542+0000] {dag.py:2676} INFO - Sync 2 DAGs
[2023-01-15T13:49:10.645+0000] {logging_mixin.py:137} INFO - [2023-01-15T13:49:10.645+0000] {dag.py:3427} INFO - Setting next_dagrun for example_xcom_args to None, run_after=None
[2023-01-15T13:49:10.661+0000] {logging_mixin.py:137} INFO - [2023-01-15T13:49:10.661+0000] {dag.py:3427} INFO - Setting next_dagrun for example_xcom_args_with_operators to None, run_after=None
[2023-01-15T13:49:10.731+0000] {processor.py:175} INFO - Processing /home/airflow/.local/lib/python3.7/site-packages/airflow/example_dags/example_xcomargs.py took 0.800 seconds
[2023-01-15T13:49:41.798+0000] {processor.py:153} INFO - Started process (PID=601) to work on /home/airflow/.local/lib/python3.7/site-packages/airflow/example_dags/example_xcomargs.py
[2023-01-15T13:49:41.804+0000] {processor.py:743} INFO - Processing file /home/airflow/.local/lib/python3.7/site-packages/airflow/example_dags/example_xcomargs.py for tasks to queue
[2023-01-15T13:49:41.806+0000] {logging_mixin.py:137} INFO - [2023-01-15T13:49:41.806+0000] {dagbag.py:538} INFO - Filling up the DagBag from /home/airflow/.local/lib/python3.7/site-packages/airflow/example_dags/example_xcomargs.py
[2023-01-15T13:49:41.971+0000] {processor.py:753} INFO - DAG(s) dict_keys(['example_xcom_args', 'example_xcom_args_with_operators']) retrieved from /home/airflow/.local/lib/python3.7/site-packages/airflow/example_dags/example_xcomargs.py
[2023-01-15T13:49:42.257+0000] {logging_mixin.py:137} INFO - [2023-01-15T13:49:42.257+0000] {dag.py:2676} INFO - Sync 2 DAGs
[2023-01-15T13:49:42.359+0000] {logging_mixin.py:137} INFO - [2023-01-15T13:49:42.359+0000] {dag.py:3427} INFO - Setting next_dagrun for example_xcom_args to None, run_after=None
[2023-01-15T13:49:42.378+0000] {logging_mixin.py:137} INFO - [2023-01-15T13:49:42.378+0000] {dag.py:3427} INFO - Setting next_dagrun for example_xcom_args_with_operators to None, run_after=None
[2023-01-15T13:49:42.460+0000] {processor.py:175} INFO - Processing /home/airflow/.local/lib/python3.7/site-packages/airflow/example_dags/example_xcomargs.py took 0.677 seconds
[2023-01-15T13:50:12.921+0000] {processor.py:153} INFO - Started process (PID=655) to work on /home/airflow/.local/lib/python3.7/site-packages/airflow/example_dags/example_xcomargs.py
[2023-01-15T13:50:12.927+0000] {processor.py:743} INFO - Processing file /home/airflow/.local/lib/python3.7/site-packages/airflow/example_dags/example_xcomargs.py for tasks to queue
[2023-01-15T13:50:12.930+0000] {logging_mixin.py:137} INFO - [2023-01-15T13:50:12.930+0000] {dagbag.py:538} INFO - Filling up the DagBag from /home/airflow/.local/lib/python3.7/site-packages/airflow/example_dags/example_xcomargs.py
[2023-01-15T13:50:13.145+0000] {processor.py:753} INFO - DAG(s) dict_keys(['example_xcom_args', 'example_xcom_args_with_operators']) retrieved from /home/airflow/.local/lib/python3.7/site-packages/airflow/example_dags/example_xcomargs.py
[2023-01-15T13:50:13.492+0000] {logging_mixin.py:137} INFO - [2023-01-15T13:50:13.492+0000] {dag.py:2676} INFO - Sync 2 DAGs
[2023-01-15T13:50:13.575+0000] {logging_mixin.py:137} INFO - [2023-01-15T13:50:13.575+0000] {dag.py:3427} INFO - Setting next_dagrun for example_xcom_args to None, run_after=None
[2023-01-15T13:50:13.589+0000] {logging_mixin.py:137} INFO - [2023-01-15T13:50:13.589+0000] {dag.py:3427} INFO - Setting next_dagrun for example_xcom_args_with_operators to None, run_after=None
[2023-01-15T13:50:13.666+0000] {processor.py:175} INFO - Processing /home/airflow/.local/lib/python3.7/site-packages/airflow/example_dags/example_xcomargs.py took 0.756 seconds
[2023-01-15T13:50:44.075+0000] {processor.py:153} INFO - Started process (PID=713) to work on /home/airflow/.local/lib/python3.7/site-packages/airflow/example_dags/example_xcomargs.py
[2023-01-15T13:50:44.081+0000] {processor.py:743} INFO - Processing file /home/airflow/.local/lib/python3.7/site-packages/airflow/example_dags/example_xcomargs.py for tasks to queue
[2023-01-15T13:50:44.089+0000] {logging_mixin.py:137} INFO - [2023-01-15T13:50:44.089+0000] {dagbag.py:538} INFO - Filling up the DagBag from /home/airflow/.local/lib/python3.7/site-packages/airflow/example_dags/example_xcomargs.py
[2023-01-15T13:50:44.174+0000] {processor.py:753} INFO - DAG(s) dict_keys(['example_xcom_args_with_operators', 'example_xcom_args']) retrieved from /home/airflow/.local/lib/python3.7/site-packages/airflow/example_dags/example_xcomargs.py
[2023-01-15T13:50:44.369+0000] {logging_mixin.py:137} INFO - [2023-01-15T13:50:44.369+0000] {dag.py:2676} INFO - Sync 2 DAGs
[2023-01-15T13:50:44.552+0000] {logging_mixin.py:137} INFO - [2023-01-15T13:50:44.552+0000] {dag.py:3427} INFO - Setting next_dagrun for example_xcom_args to None, run_after=None
[2023-01-15T13:50:44.566+0000] {logging_mixin.py:137} INFO - [2023-01-15T13:50:44.566+0000] {dag.py:3427} INFO - Setting next_dagrun for example_xcom_args_with_operators to None, run_after=None
[2023-01-15T13:50:44.632+0000] {processor.py:175} INFO - Processing /home/airflow/.local/lib/python3.7/site-packages/airflow/example_dags/example_xcomargs.py took 0.568 seconds
[2023-01-15T13:51:15.853+0000] {processor.py:153} INFO - Started process (PID=767) to work on /home/airflow/.local/lib/python3.7/site-packages/airflow/example_dags/example_xcomargs.py
[2023-01-15T13:51:15.865+0000] {processor.py:743} INFO - Processing file /home/airflow/.local/lib/python3.7/site-packages/airflow/example_dags/example_xcomargs.py for tasks to queue
[2023-01-15T13:51:15.868+0000] {logging_mixin.py:137} INFO - [2023-01-15T13:51:15.868+0000] {dagbag.py:538} INFO - Filling up the DagBag from /home/airflow/.local/lib/python3.7/site-packages/airflow/example_dags/example_xcomargs.py
[2023-01-15T13:51:16.054+0000] {processor.py:753} INFO - DAG(s) dict_keys(['example_xcom_args_with_operators', 'example_xcom_args']) retrieved from /home/airflow/.local/lib/python3.7/site-packages/airflow/example_dags/example_xcomargs.py
[2023-01-15T13:51:16.368+0000] {logging_mixin.py:137} INFO - [2023-01-15T13:51:16.368+0000] {dag.py:2676} INFO - Sync 2 DAGs
[2023-01-15T13:51:16.606+0000] {logging_mixin.py:137} INFO - [2023-01-15T13:51:16.606+0000] {dag.py:3427} INFO - Setting next_dagrun for example_xcom_args to None, run_after=None
[2023-01-15T13:51:16.645+0000] {logging_mixin.py:137} INFO - [2023-01-15T13:51:16.645+0000] {dag.py:3427} INFO - Setting next_dagrun for example_xcom_args_with_operators to None, run_after=None
[2023-01-15T13:51:16.823+0000] {processor.py:175} INFO - Processing /home/airflow/.local/lib/python3.7/site-packages/airflow/example_dags/example_xcomargs.py took 0.998 seconds
[2023-01-15T13:51:47.399+0000] {processor.py:153} INFO - Started process (PID=816) to work on /home/airflow/.local/lib/python3.7/site-packages/airflow/example_dags/example_xcomargs.py
[2023-01-15T13:51:47.409+0000] {processor.py:743} INFO - Processing file /home/airflow/.local/lib/python3.7/site-packages/airflow/example_dags/example_xcomargs.py for tasks to queue
[2023-01-15T13:51:47.413+0000] {logging_mixin.py:137} INFO - [2023-01-15T13:51:47.412+0000] {dagbag.py:538} INFO - Filling up the DagBag from /home/airflow/.local/lib/python3.7/site-packages/airflow/example_dags/example_xcomargs.py
[2023-01-15T13:51:47.804+0000] {processor.py:753} INFO - DAG(s) dict_keys(['example_xcom_args', 'example_xcom_args_with_operators']) retrieved from /home/airflow/.local/lib/python3.7/site-packages/airflow/example_dags/example_xcomargs.py
[2023-01-15T13:51:48.212+0000] {logging_mixin.py:137} INFO - [2023-01-15T13:51:48.212+0000] {dag.py:2676} INFO - Sync 2 DAGs
[2023-01-15T13:51:48.404+0000] {logging_mixin.py:137} INFO - [2023-01-15T13:51:48.403+0000] {dag.py:3427} INFO - Setting next_dagrun for example_xcom_args to None, run_after=None
[2023-01-15T13:51:48.426+0000] {logging_mixin.py:137} INFO - [2023-01-15T13:51:48.426+0000] {dag.py:3427} INFO - Setting next_dagrun for example_xcom_args_with_operators to None, run_after=None
[2023-01-15T13:51:48.540+0000] {processor.py:175} INFO - Processing /home/airflow/.local/lib/python3.7/site-packages/airflow/example_dags/example_xcomargs.py took 1.177 seconds
[2023-01-15T13:52:19.589+0000] {processor.py:153} INFO - Started process (PID=872) to work on /home/airflow/.local/lib/python3.7/site-packages/airflow/example_dags/example_xcomargs.py
[2023-01-15T13:52:19.598+0000] {processor.py:743} INFO - Processing file /home/airflow/.local/lib/python3.7/site-packages/airflow/example_dags/example_xcomargs.py for tasks to queue
[2023-01-15T13:52:19.601+0000] {logging_mixin.py:137} INFO - [2023-01-15T13:52:19.601+0000] {dagbag.py:538} INFO - Filling up the DagBag from /home/airflow/.local/lib/python3.7/site-packages/airflow/example_dags/example_xcomargs.py
[2023-01-15T13:52:19.723+0000] {processor.py:753} INFO - DAG(s) dict_keys(['example_xcom_args_with_operators', 'example_xcom_args']) retrieved from /home/airflow/.local/lib/python3.7/site-packages/airflow/example_dags/example_xcomargs.py
[2023-01-15T13:52:19.907+0000] {logging_mixin.py:137} INFO - [2023-01-15T13:52:19.907+0000] {dag.py:2676} INFO - Sync 2 DAGs
[2023-01-15T13:52:20.017+0000] {logging_mixin.py:137} INFO - [2023-01-15T13:52:20.015+0000] {dag.py:3427} INFO - Setting next_dagrun for example_xcom_args to None, run_after=None
[2023-01-15T13:52:20.030+0000] {logging_mixin.py:137} INFO - [2023-01-15T13:52:20.030+0000] {dag.py:3427} INFO - Setting next_dagrun for example_xcom_args_with_operators to None, run_after=None
[2023-01-15T13:52:20.086+0000] {processor.py:175} INFO - Processing /home/airflow/.local/lib/python3.7/site-packages/airflow/example_dags/example_xcomargs.py took 0.509 seconds
[2023-01-15T13:52:52.818+0000] {processor.py:153} INFO - Started process (PID=927) to work on /home/airflow/.local/lib/python3.7/site-packages/airflow/example_dags/example_xcomargs.py
[2023-01-15T13:52:52.825+0000] {processor.py:743} INFO - Processing file /home/airflow/.local/lib/python3.7/site-packages/airflow/example_dags/example_xcomargs.py for tasks to queue
[2023-01-15T13:52:52.828+0000] {logging_mixin.py:137} INFO - [2023-01-15T13:52:52.827+0000] {dagbag.py:538} INFO - Filling up the DagBag from /home/airflow/.local/lib/python3.7/site-packages/airflow/example_dags/example_xcomargs.py
[2023-01-15T13:52:52.933+0000] {processor.py:753} INFO - DAG(s) dict_keys(['example_xcom_args_with_operators', 'example_xcom_args']) retrieved from /home/airflow/.local/lib/python3.7/site-packages/airflow/example_dags/example_xcomargs.py
[2023-01-15T13:52:53.192+0000] {logging_mixin.py:137} INFO - [2023-01-15T13:52:53.192+0000] {dag.py:2676} INFO - Sync 2 DAGs
[2023-01-15T13:52:53.379+0000] {logging_mixin.py:137} INFO - [2023-01-15T13:52:53.379+0000] {dag.py:3427} INFO - Setting next_dagrun for example_xcom_args to None, run_after=None
[2023-01-15T13:52:53.401+0000] {logging_mixin.py:137} INFO - [2023-01-15T13:52:53.401+0000] {dag.py:3427} INFO - Setting next_dagrun for example_xcom_args_with_operators to None, run_after=None
[2023-01-15T13:52:53.489+0000] {processor.py:175} INFO - Processing /home/airflow/.local/lib/python3.7/site-packages/airflow/example_dags/example_xcomargs.py took 0.680 seconds
