[2023-01-15T12:59:47.340+0000] {processor.py:153} INFO - Started process (PID=99) to work on /home/airflow/.local/lib/python3.7/site-packages/airflow/example_dags/example_branch_labels.py
[2023-01-15T12:59:47.350+0000] {processor.py:743} INFO - Processing file /home/airflow/.local/lib/python3.7/site-packages/airflow/example_dags/example_branch_labels.py for tasks to queue
[2023-01-15T12:59:47.368+0000] {logging_mixin.py:137} INFO - [2023-01-15T12:59:47.368+0000] {dagbag.py:538} INFO - Filling up the DagBag from /home/airflow/.local/lib/python3.7/site-packages/airflow/example_dags/example_branch_labels.py
[2023-01-15T12:59:47.555+0000] {processor.py:753} INFO - DAG(s) dict_keys(['example_branch_labels']) retrieved from /home/airflow/.local/lib/python3.7/site-packages/airflow/example_dags/example_branch_labels.py
[2023-01-15T12:59:48.259+0000] {logging_mixin.py:137} INFO - [2023-01-15T12:59:48.259+0000] {manager.py:504} INFO - Created Permission View: can read on DAG:example_branch_labels
[2023-01-15T12:59:48.290+0000] {logging_mixin.py:137} INFO - [2023-01-15T12:59:48.290+0000] {manager.py:504} INFO - Created Permission View: can edit on DAG:example_branch_labels
[2023-01-15T12:59:48.338+0000] {logging_mixin.py:137} INFO - [2023-01-15T12:59:48.338+0000] {manager.py:504} INFO - Created Permission View: can delete on DAG:example_branch_labels
[2023-01-15T12:59:48.341+0000] {logging_mixin.py:137} INFO - [2023-01-15T12:59:48.339+0000] {dag.py:2676} INFO - Sync 1 DAGs
[2023-01-15T12:59:48.384+0000] {logging_mixin.py:137} INFO - [2023-01-15T12:59:48.384+0000] {dag.py:2697} INFO - Creating ORM DAG for example_branch_labels
[2023-01-15T12:59:48.433+0000] {logging_mixin.py:137} INFO - [2023-01-15T12:59:48.433+0000] {dag.py:3427} INFO - Setting next_dagrun for example_branch_labels to 2023-01-14T00:00:00+00:00, run_after=2023-01-15T00:00:00+00:00
[2023-01-15T12:59:48.499+0000] {processor.py:175} INFO - Processing /home/airflow/.local/lib/python3.7/site-packages/airflow/example_dags/example_branch_labels.py took 1.180 seconds
[2023-01-15T13:00:18.925+0000] {processor.py:153} INFO - Started process (PID=146) to work on /home/airflow/.local/lib/python3.7/site-packages/airflow/example_dags/example_branch_labels.py
[2023-01-15T13:00:18.929+0000] {processor.py:743} INFO - Processing file /home/airflow/.local/lib/python3.7/site-packages/airflow/example_dags/example_branch_labels.py for tasks to queue
[2023-01-15T13:00:18.930+0000] {logging_mixin.py:137} INFO - [2023-01-15T13:00:18.930+0000] {dagbag.py:538} INFO - Filling up the DagBag from /home/airflow/.local/lib/python3.7/site-packages/airflow/example_dags/example_branch_labels.py
[2023-01-15T13:00:18.970+0000] {processor.py:753} INFO - DAG(s) dict_keys(['example_branch_labels']) retrieved from /home/airflow/.local/lib/python3.7/site-packages/airflow/example_dags/example_branch_labels.py
[2023-01-15T13:00:19.068+0000] {logging_mixin.py:137} INFO - [2023-01-15T13:00:19.067+0000] {dag.py:2676} INFO - Sync 1 DAGs
[2023-01-15T13:00:19.134+0000] {logging_mixin.py:137} INFO - [2023-01-15T13:00:19.133+0000] {dag.py:3427} INFO - Setting next_dagrun for example_branch_labels to 2023-01-14T00:00:00+00:00, run_after=2023-01-15T00:00:00+00:00
[2023-01-15T13:00:19.189+0000] {processor.py:175} INFO - Processing /home/airflow/.local/lib/python3.7/site-packages/airflow/example_dags/example_branch_labels.py took 0.272 seconds
[2023-01-15T13:00:49.267+0000] {processor.py:153} INFO - Started process (PID=210) to work on /home/airflow/.local/lib/python3.7/site-packages/airflow/example_dags/example_branch_labels.py
[2023-01-15T13:00:49.271+0000] {processor.py:743} INFO - Processing file /home/airflow/.local/lib/python3.7/site-packages/airflow/example_dags/example_branch_labels.py for tasks to queue
[2023-01-15T13:00:49.272+0000] {logging_mixin.py:137} INFO - [2023-01-15T13:00:49.272+0000] {dagbag.py:538} INFO - Filling up the DagBag from /home/airflow/.local/lib/python3.7/site-packages/airflow/example_dags/example_branch_labels.py
[2023-01-15T13:00:49.310+0000] {processor.py:753} INFO - DAG(s) dict_keys(['example_branch_labels']) retrieved from /home/airflow/.local/lib/python3.7/site-packages/airflow/example_dags/example_branch_labels.py
[2023-01-15T13:00:49.398+0000] {logging_mixin.py:137} INFO - [2023-01-15T13:00:49.398+0000] {dag.py:2676} INFO - Sync 1 DAGs
[2023-01-15T13:00:49.471+0000] {logging_mixin.py:137} INFO - [2023-01-15T13:00:49.466+0000] {dag.py:3427} INFO - Setting next_dagrun for example_branch_labels to 2023-01-14T00:00:00+00:00, run_after=2023-01-15T00:00:00+00:00
[2023-01-15T13:00:49.559+0000] {processor.py:175} INFO - Processing /home/airflow/.local/lib/python3.7/site-packages/airflow/example_dags/example_branch_labels.py took 0.300 seconds
[2023-01-15T13:01:19.939+0000] {processor.py:153} INFO - Started process (PID=265) to work on /home/airflow/.local/lib/python3.7/site-packages/airflow/example_dags/example_branch_labels.py
[2023-01-15T13:01:19.943+0000] {processor.py:743} INFO - Processing file /home/airflow/.local/lib/python3.7/site-packages/airflow/example_dags/example_branch_labels.py for tasks to queue
[2023-01-15T13:01:19.945+0000] {logging_mixin.py:137} INFO - [2023-01-15T13:01:19.945+0000] {dagbag.py:538} INFO - Filling up the DagBag from /home/airflow/.local/lib/python3.7/site-packages/airflow/example_dags/example_branch_labels.py
[2023-01-15T13:01:19.985+0000] {processor.py:753} INFO - DAG(s) dict_keys(['example_branch_labels']) retrieved from /home/airflow/.local/lib/python3.7/site-packages/airflow/example_dags/example_branch_labels.py
[2023-01-15T13:01:20.074+0000] {logging_mixin.py:137} INFO - [2023-01-15T13:01:20.074+0000] {dag.py:2676} INFO - Sync 1 DAGs
[2023-01-15T13:01:20.136+0000] {logging_mixin.py:137} INFO - [2023-01-15T13:01:20.136+0000] {dag.py:3427} INFO - Setting next_dagrun for example_branch_labels to 2023-01-14T00:00:00+00:00, run_after=2023-01-15T00:00:00+00:00
[2023-01-15T13:01:20.194+0000] {processor.py:175} INFO - Processing /home/airflow/.local/lib/python3.7/site-packages/airflow/example_dags/example_branch_labels.py took 0.263 seconds
[2023-01-15T13:01:50.366+0000] {processor.py:153} INFO - Started process (PID=320) to work on /home/airflow/.local/lib/python3.7/site-packages/airflow/example_dags/example_branch_labels.py
[2023-01-15T13:01:50.368+0000] {processor.py:743} INFO - Processing file /home/airflow/.local/lib/python3.7/site-packages/airflow/example_dags/example_branch_labels.py for tasks to queue
[2023-01-15T13:01:50.370+0000] {logging_mixin.py:137} INFO - [2023-01-15T13:01:50.370+0000] {dagbag.py:538} INFO - Filling up the DagBag from /home/airflow/.local/lib/python3.7/site-packages/airflow/example_dags/example_branch_labels.py
[2023-01-15T13:01:50.406+0000] {processor.py:753} INFO - DAG(s) dict_keys(['example_branch_labels']) retrieved from /home/airflow/.local/lib/python3.7/site-packages/airflow/example_dags/example_branch_labels.py
[2023-01-15T13:01:50.494+0000] {logging_mixin.py:137} INFO - [2023-01-15T13:01:50.493+0000] {dag.py:2676} INFO - Sync 1 DAGs
[2023-01-15T13:01:50.560+0000] {logging_mixin.py:137} INFO - [2023-01-15T13:01:50.560+0000] {dag.py:3427} INFO - Setting next_dagrun for example_branch_labels to 2023-01-14T00:00:00+00:00, run_after=2023-01-15T00:00:00+00:00
[2023-01-15T13:01:50.658+0000] {processor.py:175} INFO - Processing /home/airflow/.local/lib/python3.7/site-packages/airflow/example_dags/example_branch_labels.py took 0.300 seconds
[2023-01-15T13:02:21.272+0000] {processor.py:153} INFO - Started process (PID=375) to work on /home/airflow/.local/lib/python3.7/site-packages/airflow/example_dags/example_branch_labels.py
[2023-01-15T13:02:21.275+0000] {processor.py:743} INFO - Processing file /home/airflow/.local/lib/python3.7/site-packages/airflow/example_dags/example_branch_labels.py for tasks to queue
[2023-01-15T13:02:21.277+0000] {logging_mixin.py:137} INFO - [2023-01-15T13:02:21.277+0000] {dagbag.py:538} INFO - Filling up the DagBag from /home/airflow/.local/lib/python3.7/site-packages/airflow/example_dags/example_branch_labels.py
[2023-01-15T13:02:21.317+0000] {processor.py:753} INFO - DAG(s) dict_keys(['example_branch_labels']) retrieved from /home/airflow/.local/lib/python3.7/site-packages/airflow/example_dags/example_branch_labels.py
[2023-01-15T13:02:21.413+0000] {logging_mixin.py:137} INFO - [2023-01-15T13:02:21.412+0000] {dag.py:2676} INFO - Sync 1 DAGs
[2023-01-15T13:02:21.473+0000] {logging_mixin.py:137} INFO - [2023-01-15T13:02:21.472+0000] {dag.py:3427} INFO - Setting next_dagrun for example_branch_labels to 2023-01-14T00:00:00+00:00, run_after=2023-01-15T00:00:00+00:00
[2023-01-15T13:02:21.525+0000] {processor.py:175} INFO - Processing /home/airflow/.local/lib/python3.7/site-packages/airflow/example_dags/example_branch_labels.py took 0.260 seconds
[2023-01-15T13:02:51.715+0000] {processor.py:153} INFO - Started process (PID=430) to work on /home/airflow/.local/lib/python3.7/site-packages/airflow/example_dags/example_branch_labels.py
[2023-01-15T13:02:51.725+0000] {processor.py:743} INFO - Processing file /home/airflow/.local/lib/python3.7/site-packages/airflow/example_dags/example_branch_labels.py for tasks to queue
[2023-01-15T13:02:51.728+0000] {logging_mixin.py:137} INFO - [2023-01-15T13:02:51.728+0000] {dagbag.py:538} INFO - Filling up the DagBag from /home/airflow/.local/lib/python3.7/site-packages/airflow/example_dags/example_branch_labels.py
[2023-01-15T13:02:51.849+0000] {processor.py:753} INFO - DAG(s) dict_keys(['example_branch_labels']) retrieved from /home/airflow/.local/lib/python3.7/site-packages/airflow/example_dags/example_branch_labels.py
[2023-01-15T13:02:52.196+0000] {logging_mixin.py:137} INFO - [2023-01-15T13:02:52.195+0000] {dag.py:2676} INFO - Sync 1 DAGs
[2023-01-15T13:02:52.392+0000] {logging_mixin.py:137} INFO - [2023-01-15T13:02:52.392+0000] {dag.py:3427} INFO - Setting next_dagrun for example_branch_labels to 2023-01-14T00:00:00+00:00, run_after=2023-01-15T00:00:00+00:00
[2023-01-15T13:02:52.506+0000] {processor.py:175} INFO - Processing /home/airflow/.local/lib/python3.7/site-packages/airflow/example_dags/example_branch_labels.py took 0.815 seconds
[2023-01-15T13:03:23.286+0000] {processor.py:153} INFO - Started process (PID=477) to work on /home/airflow/.local/lib/python3.7/site-packages/airflow/example_dags/example_branch_labels.py
[2023-01-15T13:03:23.297+0000] {processor.py:743} INFO - Processing file /home/airflow/.local/lib/python3.7/site-packages/airflow/example_dags/example_branch_labels.py for tasks to queue
[2023-01-15T13:03:23.300+0000] {logging_mixin.py:137} INFO - [2023-01-15T13:03:23.300+0000] {dagbag.py:538} INFO - Filling up the DagBag from /home/airflow/.local/lib/python3.7/site-packages/airflow/example_dags/example_branch_labels.py
[2023-01-15T13:03:23.343+0000] {processor.py:753} INFO - DAG(s) dict_keys(['example_branch_labels']) retrieved from /home/airflow/.local/lib/python3.7/site-packages/airflow/example_dags/example_branch_labels.py
[2023-01-15T13:03:23.429+0000] {logging_mixin.py:137} INFO - [2023-01-15T13:03:23.429+0000] {dag.py:2676} INFO - Sync 1 DAGs
[2023-01-15T13:03:23.491+0000] {logging_mixin.py:137} INFO - [2023-01-15T13:03:23.491+0000] {dag.py:3427} INFO - Setting next_dagrun for example_branch_labels to 2023-01-14T00:00:00+00:00, run_after=2023-01-15T00:00:00+00:00
[2023-01-15T13:03:23.537+0000] {processor.py:175} INFO - Processing /home/airflow/.local/lib/python3.7/site-packages/airflow/example_dags/example_branch_labels.py took 0.257 seconds
[2023-01-15T13:03:53.727+0000] {processor.py:153} INFO - Started process (PID=542) to work on /home/airflow/.local/lib/python3.7/site-packages/airflow/example_dags/example_branch_labels.py
[2023-01-15T13:03:53.733+0000] {processor.py:743} INFO - Processing file /home/airflow/.local/lib/python3.7/site-packages/airflow/example_dags/example_branch_labels.py for tasks to queue
[2023-01-15T13:03:53.735+0000] {logging_mixin.py:137} INFO - [2023-01-15T13:03:53.735+0000] {dagbag.py:538} INFO - Filling up the DagBag from /home/airflow/.local/lib/python3.7/site-packages/airflow/example_dags/example_branch_labels.py
[2023-01-15T13:03:53.776+0000] {processor.py:753} INFO - DAG(s) dict_keys(['example_branch_labels']) retrieved from /home/airflow/.local/lib/python3.7/site-packages/airflow/example_dags/example_branch_labels.py
[2023-01-15T13:03:53.869+0000] {logging_mixin.py:137} INFO - [2023-01-15T13:03:53.869+0000] {dag.py:2676} INFO - Sync 1 DAGs
[2023-01-15T13:03:53.931+0000] {logging_mixin.py:137} INFO - [2023-01-15T13:03:53.931+0000] {dag.py:3427} INFO - Setting next_dagrun for example_branch_labels to 2023-01-14T00:00:00+00:00, run_after=2023-01-15T00:00:00+00:00
[2023-01-15T13:03:53.993+0000] {processor.py:175} INFO - Processing /home/airflow/.local/lib/python3.7/site-packages/airflow/example_dags/example_branch_labels.py took 0.274 seconds
[2023-01-15T13:04:24.141+0000] {processor.py:153} INFO - Started process (PID=597) to work on /home/airflow/.local/lib/python3.7/site-packages/airflow/example_dags/example_branch_labels.py
[2023-01-15T13:04:24.144+0000] {processor.py:743} INFO - Processing file /home/airflow/.local/lib/python3.7/site-packages/airflow/example_dags/example_branch_labels.py for tasks to queue
[2023-01-15T13:04:24.150+0000] {logging_mixin.py:137} INFO - [2023-01-15T13:04:24.149+0000] {dagbag.py:538} INFO - Filling up the DagBag from /home/airflow/.local/lib/python3.7/site-packages/airflow/example_dags/example_branch_labels.py
[2023-01-15T13:04:24.209+0000] {processor.py:753} INFO - DAG(s) dict_keys(['example_branch_labels']) retrieved from /home/airflow/.local/lib/python3.7/site-packages/airflow/example_dags/example_branch_labels.py
[2023-01-15T13:04:24.320+0000] {logging_mixin.py:137} INFO - [2023-01-15T13:04:24.319+0000] {dag.py:2676} INFO - Sync 1 DAGs
[2023-01-15T13:04:24.377+0000] {logging_mixin.py:137} INFO - [2023-01-15T13:04:24.377+0000] {dag.py:3427} INFO - Setting next_dagrun for example_branch_labels to 2023-01-14T00:00:00+00:00, run_after=2023-01-15T00:00:00+00:00
[2023-01-15T13:04:24.426+0000] {processor.py:175} INFO - Processing /home/airflow/.local/lib/python3.7/site-packages/airflow/example_dags/example_branch_labels.py took 0.295 seconds
[2023-01-15T13:04:54.486+0000] {processor.py:153} INFO - Started process (PID=653) to work on /home/airflow/.local/lib/python3.7/site-packages/airflow/example_dags/example_branch_labels.py
[2023-01-15T13:04:54.488+0000] {processor.py:743} INFO - Processing file /home/airflow/.local/lib/python3.7/site-packages/airflow/example_dags/example_branch_labels.py for tasks to queue
[2023-01-15T13:04:54.491+0000] {logging_mixin.py:137} INFO - [2023-01-15T13:04:54.491+0000] {dagbag.py:538} INFO - Filling up the DagBag from /home/airflow/.local/lib/python3.7/site-packages/airflow/example_dags/example_branch_labels.py
[2023-01-15T13:04:54.529+0000] {processor.py:753} INFO - DAG(s) dict_keys(['example_branch_labels']) retrieved from /home/airflow/.local/lib/python3.7/site-packages/airflow/example_dags/example_branch_labels.py
[2023-01-15T13:04:54.665+0000] {logging_mixin.py:137} INFO - [2023-01-15T13:04:54.665+0000] {dag.py:2676} INFO - Sync 1 DAGs
[2023-01-15T13:04:54.729+0000] {logging_mixin.py:137} INFO - [2023-01-15T13:04:54.729+0000] {dag.py:3427} INFO - Setting next_dagrun for example_branch_labels to 2023-01-14T00:00:00+00:00, run_after=2023-01-15T00:00:00+00:00
[2023-01-15T13:04:54.776+0000] {processor.py:175} INFO - Processing /home/airflow/.local/lib/python3.7/site-packages/airflow/example_dags/example_branch_labels.py took 0.298 seconds
[2023-01-15T13:05:25.107+0000] {processor.py:153} INFO - Started process (PID=708) to work on /home/airflow/.local/lib/python3.7/site-packages/airflow/example_dags/example_branch_labels.py
[2023-01-15T13:05:25.110+0000] {processor.py:743} INFO - Processing file /home/airflow/.local/lib/python3.7/site-packages/airflow/example_dags/example_branch_labels.py for tasks to queue
[2023-01-15T13:05:25.112+0000] {logging_mixin.py:137} INFO - [2023-01-15T13:05:25.112+0000] {dagbag.py:538} INFO - Filling up the DagBag from /home/airflow/.local/lib/python3.7/site-packages/airflow/example_dags/example_branch_labels.py
[2023-01-15T13:05:25.149+0000] {processor.py:753} INFO - DAG(s) dict_keys(['example_branch_labels']) retrieved from /home/airflow/.local/lib/python3.7/site-packages/airflow/example_dags/example_branch_labels.py
[2023-01-15T13:05:25.264+0000] {logging_mixin.py:137} INFO - [2023-01-15T13:05:25.264+0000] {dag.py:2676} INFO - Sync 1 DAGs
[2023-01-15T13:05:25.326+0000] {logging_mixin.py:137} INFO - [2023-01-15T13:05:25.326+0000] {dag.py:3427} INFO - Setting next_dagrun for example_branch_labels to 2023-01-14T00:00:00+00:00, run_after=2023-01-15T00:00:00+00:00
[2023-01-15T13:05:25.387+0000] {processor.py:175} INFO - Processing /home/airflow/.local/lib/python3.7/site-packages/airflow/example_dags/example_branch_labels.py took 0.291 seconds
[2023-01-15T13:05:55.741+0000] {processor.py:153} INFO - Started process (PID=770) to work on /home/airflow/.local/lib/python3.7/site-packages/airflow/example_dags/example_branch_labels.py
[2023-01-15T13:05:55.748+0000] {processor.py:743} INFO - Processing file /home/airflow/.local/lib/python3.7/site-packages/airflow/example_dags/example_branch_labels.py for tasks to queue
[2023-01-15T13:05:55.750+0000] {logging_mixin.py:137} INFO - [2023-01-15T13:05:55.750+0000] {dagbag.py:538} INFO - Filling up the DagBag from /home/airflow/.local/lib/python3.7/site-packages/airflow/example_dags/example_branch_labels.py
[2023-01-15T13:05:55.798+0000] {processor.py:753} INFO - DAG(s) dict_keys(['example_branch_labels']) retrieved from /home/airflow/.local/lib/python3.7/site-packages/airflow/example_dags/example_branch_labels.py
[2023-01-15T13:05:55.904+0000] {logging_mixin.py:137} INFO - [2023-01-15T13:05:55.903+0000] {dag.py:2676} INFO - Sync 1 DAGs
[2023-01-15T13:05:55.964+0000] {logging_mixin.py:137} INFO - [2023-01-15T13:05:55.964+0000] {dag.py:3427} INFO - Setting next_dagrun for example_branch_labels to 2023-01-14T00:00:00+00:00, run_after=2023-01-15T00:00:00+00:00
[2023-01-15T13:05:56.028+0000] {processor.py:175} INFO - Processing /home/airflow/.local/lib/python3.7/site-packages/airflow/example_dags/example_branch_labels.py took 0.295 seconds
[2023-01-15T13:06:26.837+0000] {processor.py:153} INFO - Started process (PID=824) to work on /home/airflow/.local/lib/python3.7/site-packages/airflow/example_dags/example_branch_labels.py
[2023-01-15T13:06:26.844+0000] {processor.py:743} INFO - Processing file /home/airflow/.local/lib/python3.7/site-packages/airflow/example_dags/example_branch_labels.py for tasks to queue
[2023-01-15T13:06:26.848+0000] {logging_mixin.py:137} INFO - [2023-01-15T13:06:26.848+0000] {dagbag.py:538} INFO - Filling up the DagBag from /home/airflow/.local/lib/python3.7/site-packages/airflow/example_dags/example_branch_labels.py
[2023-01-15T13:06:26.962+0000] {processor.py:753} INFO - DAG(s) dict_keys(['example_branch_labels']) retrieved from /home/airflow/.local/lib/python3.7/site-packages/airflow/example_dags/example_branch_labels.py
[2023-01-15T13:06:27.237+0000] {logging_mixin.py:137} INFO - [2023-01-15T13:06:27.237+0000] {dag.py:2676} INFO - Sync 1 DAGs
[2023-01-15T13:06:27.415+0000] {logging_mixin.py:137} INFO - [2023-01-15T13:06:27.415+0000] {dag.py:3427} INFO - Setting next_dagrun for example_branch_labels to 2023-01-14T00:00:00+00:00, run_after=2023-01-15T00:00:00+00:00
[2023-01-15T13:06:27.544+0000] {processor.py:175} INFO - Processing /home/airflow/.local/lib/python3.7/site-packages/airflow/example_dags/example_branch_labels.py took 0.742 seconds
[2023-01-15T13:07:04.306+0000] {processor.py:153} INFO - Started process (PID=888) to work on /home/airflow/.local/lib/python3.7/site-packages/airflow/example_dags/example_branch_labels.py
[2023-01-15T13:07:04.314+0000] {processor.py:743} INFO - Processing file /home/airflow/.local/lib/python3.7/site-packages/airflow/example_dags/example_branch_labels.py for tasks to queue
[2023-01-15T13:07:04.318+0000] {logging_mixin.py:137} INFO - [2023-01-15T13:07:04.318+0000] {dagbag.py:538} INFO - Filling up the DagBag from /home/airflow/.local/lib/python3.7/site-packages/airflow/example_dags/example_branch_labels.py
[2023-01-15T13:07:04.714+0000] {processor.py:753} INFO - DAG(s) dict_keys(['example_branch_labels']) retrieved from /home/airflow/.local/lib/python3.7/site-packages/airflow/example_dags/example_branch_labels.py
[2023-01-15T13:07:05.262+0000] {logging_mixin.py:137} INFO - [2023-01-15T13:07:05.262+0000] {dag.py:2676} INFO - Sync 1 DAGs
[2023-01-15T13:07:05.659+0000] {logging_mixin.py:137} INFO - [2023-01-15T13:07:05.659+0000] {dag.py:3427} INFO - Setting next_dagrun for example_branch_labels to 2023-01-14T00:00:00+00:00, run_after=2023-01-15T00:00:00+00:00
[2023-01-15T13:07:06.025+0000] {processor.py:175} INFO - Processing /home/airflow/.local/lib/python3.7/site-packages/airflow/example_dags/example_branch_labels.py took 1.776 seconds
[2023-01-15T13:08:04.420+0000] {processor.py:153} INFO - Started process (PID=958) to work on /home/airflow/.local/lib/python3.7/site-packages/airflow/example_dags/example_branch_labels.py
[2023-01-15T13:08:04.453+0000] {processor.py:743} INFO - Processing file /home/airflow/.local/lib/python3.7/site-packages/airflow/example_dags/example_branch_labels.py for tasks to queue
[2023-01-15T13:08:04.488+0000] {logging_mixin.py:137} INFO - [2023-01-15T13:08:04.488+0000] {dagbag.py:538} INFO - Filling up the DagBag from /home/airflow/.local/lib/python3.7/site-packages/airflow/example_dags/example_branch_labels.py
[2023-01-15T13:08:05.210+0000] {processor.py:753} INFO - DAG(s) dict_keys(['example_branch_labels']) retrieved from /home/airflow/.local/lib/python3.7/site-packages/airflow/example_dags/example_branch_labels.py
[2023-01-15T13:08:07.071+0000] {logging_mixin.py:137} INFO - [2023-01-15T13:08:07.071+0000] {dag.py:2676} INFO - Sync 1 DAGs
[2023-01-15T13:08:07.763+0000] {logging_mixin.py:137} INFO - [2023-01-15T13:08:07.752+0000] {dag.py:3427} INFO - Setting next_dagrun for example_branch_labels to 2023-01-14T00:00:00+00:00, run_after=2023-01-15T00:00:00+00:00
[2023-01-15T13:08:08.026+0000] {processor.py:175} INFO - Processing /home/airflow/.local/lib/python3.7/site-packages/airflow/example_dags/example_branch_labels.py took 3.689 seconds
[2023-01-15T13:08:38.492+0000] {processor.py:153} INFO - Started process (PID=1007) to work on /home/airflow/.local/lib/python3.7/site-packages/airflow/example_dags/example_branch_labels.py
[2023-01-15T13:08:38.499+0000] {processor.py:743} INFO - Processing file /home/airflow/.local/lib/python3.7/site-packages/airflow/example_dags/example_branch_labels.py for tasks to queue
[2023-01-15T13:08:38.515+0000] {logging_mixin.py:137} INFO - [2023-01-15T13:08:38.515+0000] {dagbag.py:538} INFO - Filling up the DagBag from /home/airflow/.local/lib/python3.7/site-packages/airflow/example_dags/example_branch_labels.py
[2023-01-15T13:08:38.642+0000] {processor.py:753} INFO - DAG(s) dict_keys(['example_branch_labels']) retrieved from /home/airflow/.local/lib/python3.7/site-packages/airflow/example_dags/example_branch_labels.py
[2023-01-15T13:08:38.820+0000] {logging_mixin.py:137} INFO - [2023-01-15T13:08:38.820+0000] {dag.py:2676} INFO - Sync 1 DAGs
[2023-01-15T13:08:38.961+0000] {logging_mixin.py:137} INFO - [2023-01-15T13:08:38.959+0000] {dag.py:3427} INFO - Setting next_dagrun for example_branch_labels to 2023-01-14T00:00:00+00:00, run_after=2023-01-15T00:00:00+00:00
[2023-01-15T13:08:39.037+0000] {processor.py:175} INFO - Processing /home/airflow/.local/lib/python3.7/site-packages/airflow/example_dags/example_branch_labels.py took 0.589 seconds
[2023-01-15T13:09:15.108+0000] {processor.py:153} INFO - Started process (PID=1063) to work on /home/airflow/.local/lib/python3.7/site-packages/airflow/example_dags/example_branch_labels.py
[2023-01-15T13:09:15.123+0000] {processor.py:743} INFO - Processing file /home/airflow/.local/lib/python3.7/site-packages/airflow/example_dags/example_branch_labels.py for tasks to queue
[2023-01-15T13:09:15.132+0000] {logging_mixin.py:137} INFO - [2023-01-15T13:09:15.132+0000] {dagbag.py:538} INFO - Filling up the DagBag from /home/airflow/.local/lib/python3.7/site-packages/airflow/example_dags/example_branch_labels.py
[2023-01-15T13:09:15.469+0000] {processor.py:753} INFO - DAG(s) dict_keys(['example_branch_labels']) retrieved from /home/airflow/.local/lib/python3.7/site-packages/airflow/example_dags/example_branch_labels.py
[2023-01-15T13:09:16.291+0000] {logging_mixin.py:137} INFO - [2023-01-15T13:09:16.291+0000] {dag.py:2676} INFO - Sync 1 DAGs
[2023-01-15T13:09:16.776+0000] {logging_mixin.py:137} INFO - [2023-01-15T13:09:16.758+0000] {dag.py:3427} INFO - Setting next_dagrun for example_branch_labels to 2023-01-14T00:00:00+00:00, run_after=2023-01-15T00:00:00+00:00
[2023-01-15T13:09:17.243+0000] {processor.py:175} INFO - Processing /home/airflow/.local/lib/python3.7/site-packages/airflow/example_dags/example_branch_labels.py took 2.178 seconds
[2023-01-15T13:09:48.012+0000] {processor.py:153} INFO - Started process (PID=1119) to work on /home/airflow/.local/lib/python3.7/site-packages/airflow/example_dags/example_branch_labels.py
[2023-01-15T13:09:48.014+0000] {processor.py:743} INFO - Processing file /home/airflow/.local/lib/python3.7/site-packages/airflow/example_dags/example_branch_labels.py for tasks to queue
[2023-01-15T13:09:48.016+0000] {logging_mixin.py:137} INFO - [2023-01-15T13:09:48.016+0000] {dagbag.py:538} INFO - Filling up the DagBag from /home/airflow/.local/lib/python3.7/site-packages/airflow/example_dags/example_branch_labels.py
[2023-01-15T13:09:48.104+0000] {processor.py:753} INFO - DAG(s) dict_keys(['example_branch_labels']) retrieved from /home/airflow/.local/lib/python3.7/site-packages/airflow/example_dags/example_branch_labels.py
[2023-01-15T13:09:48.210+0000] {logging_mixin.py:137} INFO - [2023-01-15T13:09:48.210+0000] {dag.py:2676} INFO - Sync 1 DAGs
[2023-01-15T13:09:48.279+0000] {logging_mixin.py:137} INFO - [2023-01-15T13:09:48.279+0000] {dag.py:3427} INFO - Setting next_dagrun for example_branch_labels to 2023-01-14T00:00:00+00:00, run_after=2023-01-15T00:00:00+00:00
[2023-01-15T13:09:48.337+0000] {processor.py:175} INFO - Processing /home/airflow/.local/lib/python3.7/site-packages/airflow/example_dags/example_branch_labels.py took 0.339 seconds
[2023-01-15T13:10:23.824+0000] {processor.py:153} INFO - Started process (PID=1175) to work on /home/airflow/.local/lib/python3.7/site-packages/airflow/example_dags/example_branch_labels.py
[2023-01-15T13:10:23.828+0000] {processor.py:743} INFO - Processing file /home/airflow/.local/lib/python3.7/site-packages/airflow/example_dags/example_branch_labels.py for tasks to queue
[2023-01-15T13:10:23.840+0000] {logging_mixin.py:137} INFO - [2023-01-15T13:10:23.835+0000] {dagbag.py:538} INFO - Filling up the DagBag from /home/airflow/.local/lib/python3.7/site-packages/airflow/example_dags/example_branch_labels.py
[2023-01-15T13:10:23.918+0000] {processor.py:753} INFO - DAG(s) dict_keys(['example_branch_labels']) retrieved from /home/airflow/.local/lib/python3.7/site-packages/airflow/example_dags/example_branch_labels.py
[2023-01-15T13:10:24.354+0000] {logging_mixin.py:137} INFO - [2023-01-15T13:10:24.353+0000] {dag.py:2676} INFO - Sync 1 DAGs
[2023-01-15T13:10:24.709+0000] {logging_mixin.py:137} INFO - [2023-01-15T13:10:24.708+0000] {dag.py:3427} INFO - Setting next_dagrun for example_branch_labels to 2023-01-14T00:00:00+00:00, run_after=2023-01-15T00:00:00+00:00
[2023-01-15T13:10:24.896+0000] {processor.py:175} INFO - Processing /home/airflow/.local/lib/python3.7/site-packages/airflow/example_dags/example_branch_labels.py took 1.113 seconds
[2023-01-15T13:10:55.158+0000] {processor.py:153} INFO - Started process (PID=1221) to work on /home/airflow/.local/lib/python3.7/site-packages/airflow/example_dags/example_branch_labels.py
[2023-01-15T13:10:55.160+0000] {processor.py:743} INFO - Processing file /home/airflow/.local/lib/python3.7/site-packages/airflow/example_dags/example_branch_labels.py for tasks to queue
[2023-01-15T13:10:55.162+0000] {logging_mixin.py:137} INFO - [2023-01-15T13:10:55.162+0000] {dagbag.py:538} INFO - Filling up the DagBag from /home/airflow/.local/lib/python3.7/site-packages/airflow/example_dags/example_branch_labels.py
[2023-01-15T13:10:55.224+0000] {processor.py:753} INFO - DAG(s) dict_keys(['example_branch_labels']) retrieved from /home/airflow/.local/lib/python3.7/site-packages/airflow/example_dags/example_branch_labels.py
[2023-01-15T13:10:55.384+0000] {logging_mixin.py:137} INFO - [2023-01-15T13:10:55.384+0000] {dag.py:2676} INFO - Sync 1 DAGs
[2023-01-15T13:10:55.506+0000] {logging_mixin.py:137} INFO - [2023-01-15T13:10:55.506+0000] {dag.py:3427} INFO - Setting next_dagrun for example_branch_labels to 2023-01-14T00:00:00+00:00, run_after=2023-01-15T00:00:00+00:00
[2023-01-15T13:10:55.566+0000] {processor.py:175} INFO - Processing /home/airflow/.local/lib/python3.7/site-packages/airflow/example_dags/example_branch_labels.py took 0.425 seconds
[2023-01-15T13:11:41.406+0000] {processor.py:153} INFO - Started process (PID=1284) to work on /home/airflow/.local/lib/python3.7/site-packages/airflow/example_dags/example_branch_labels.py
[2023-01-15T13:11:41.424+0000] {processor.py:743} INFO - Processing file /home/airflow/.local/lib/python3.7/site-packages/airflow/example_dags/example_branch_labels.py for tasks to queue
[2023-01-15T13:11:41.443+0000] {logging_mixin.py:137} INFO - [2023-01-15T13:11:41.443+0000] {dagbag.py:538} INFO - Filling up the DagBag from /home/airflow/.local/lib/python3.7/site-packages/airflow/example_dags/example_branch_labels.py
[2023-01-15T13:11:41.737+0000] {processor.py:753} INFO - DAG(s) dict_keys(['example_branch_labels']) retrieved from /home/airflow/.local/lib/python3.7/site-packages/airflow/example_dags/example_branch_labels.py
[2023-01-15T13:11:42.386+0000] {logging_mixin.py:137} INFO - [2023-01-15T13:11:42.380+0000] {dag.py:2676} INFO - Sync 1 DAGs
[2023-01-15T13:11:42.998+0000] {logging_mixin.py:137} INFO - [2023-01-15T13:11:42.997+0000] {dag.py:3427} INFO - Setting next_dagrun for example_branch_labels to 2023-01-14T00:00:00+00:00, run_after=2023-01-15T00:00:00+00:00
[2023-01-15T13:11:43.288+0000] {processor.py:175} INFO - Processing /home/airflow/.local/lib/python3.7/site-packages/airflow/example_dags/example_branch_labels.py took 1.971 seconds
[2023-01-15T13:12:37.540+0000] {processor.py:153} INFO - Started process (PID=1347) to work on /home/airflow/.local/lib/python3.7/site-packages/airflow/example_dags/example_branch_labels.py
[2023-01-15T13:12:37.561+0000] {processor.py:743} INFO - Processing file /home/airflow/.local/lib/python3.7/site-packages/airflow/example_dags/example_branch_labels.py for tasks to queue
[2023-01-15T13:12:37.567+0000] {logging_mixin.py:137} INFO - [2023-01-15T13:12:37.567+0000] {dagbag.py:538} INFO - Filling up the DagBag from /home/airflow/.local/lib/python3.7/site-packages/airflow/example_dags/example_branch_labels.py
[2023-01-15T13:12:37.782+0000] {processor.py:753} INFO - DAG(s) dict_keys(['example_branch_labels']) retrieved from /home/airflow/.local/lib/python3.7/site-packages/airflow/example_dags/example_branch_labels.py
[2023-01-15T13:12:38.345+0000] {logging_mixin.py:137} INFO - [2023-01-15T13:12:38.345+0000] {dag.py:2676} INFO - Sync 1 DAGs
[2023-01-15T13:12:38.714+0000] {logging_mixin.py:137} INFO - [2023-01-15T13:12:38.713+0000] {dag.py:3427} INFO - Setting next_dagrun for example_branch_labels to 2023-01-14T00:00:00+00:00, run_after=2023-01-15T00:00:00+00:00
[2023-01-15T13:12:39.175+0000] {processor.py:175} INFO - Processing /home/airflow/.local/lib/python3.7/site-packages/airflow/example_dags/example_branch_labels.py took 1.677 seconds
[2023-01-15T13:13:13.410+0000] {processor.py:153} INFO - Started process (PID=1402) to work on /home/airflow/.local/lib/python3.7/site-packages/airflow/example_dags/example_branch_labels.py
[2023-01-15T13:13:13.427+0000] {processor.py:743} INFO - Processing file /home/airflow/.local/lib/python3.7/site-packages/airflow/example_dags/example_branch_labels.py for tasks to queue
[2023-01-15T13:13:13.435+0000] {logging_mixin.py:137} INFO - [2023-01-15T13:13:13.434+0000] {dagbag.py:538} INFO - Filling up the DagBag from /home/airflow/.local/lib/python3.7/site-packages/airflow/example_dags/example_branch_labels.py
[2023-01-15T13:13:15.316+0000] {processor.py:753} INFO - DAG(s) dict_keys(['example_branch_labels']) retrieved from /home/airflow/.local/lib/python3.7/site-packages/airflow/example_dags/example_branch_labels.py
[2023-01-15T13:13:16.675+0000] {logging_mixin.py:137} INFO - [2023-01-15T13:13:16.674+0000] {dag.py:2676} INFO - Sync 1 DAGs
[2023-01-15T13:13:17.750+0000] {logging_mixin.py:137} INFO - [2023-01-15T13:13:17.750+0000] {dag.py:3427} INFO - Setting next_dagrun for example_branch_labels to 2023-01-14T00:00:00+00:00, run_after=2023-01-15T00:00:00+00:00
[2023-01-15T13:13:18.137+0000] {processor.py:175} INFO - Processing /home/airflow/.local/lib/python3.7/site-packages/airflow/example_dags/example_branch_labels.py took 4.768 seconds
[2023-01-15T13:13:51.999+0000] {processor.py:153} INFO - Started process (PID=1458) to work on /home/airflow/.local/lib/python3.7/site-packages/airflow/example_dags/example_branch_labels.py
[2023-01-15T13:13:52.012+0000] {processor.py:743} INFO - Processing file /home/airflow/.local/lib/python3.7/site-packages/airflow/example_dags/example_branch_labels.py for tasks to queue
[2023-01-15T13:13:52.016+0000] {logging_mixin.py:137} INFO - [2023-01-15T13:13:52.016+0000] {dagbag.py:538} INFO - Filling up the DagBag from /home/airflow/.local/lib/python3.7/site-packages/airflow/example_dags/example_branch_labels.py
[2023-01-15T13:13:52.213+0000] {processor.py:753} INFO - DAG(s) dict_keys(['example_branch_labels']) retrieved from /home/airflow/.local/lib/python3.7/site-packages/airflow/example_dags/example_branch_labels.py
[2023-01-15T13:13:52.656+0000] {logging_mixin.py:137} INFO - [2023-01-15T13:13:52.656+0000] {dag.py:2676} INFO - Sync 1 DAGs
[2023-01-15T13:13:52.979+0000] {logging_mixin.py:137} INFO - [2023-01-15T13:13:52.979+0000] {dag.py:3427} INFO - Setting next_dagrun for example_branch_labels to 2023-01-14T00:00:00+00:00, run_after=2023-01-15T00:00:00+00:00
[2023-01-15T13:13:53.197+0000] {processor.py:175} INFO - Processing /home/airflow/.local/lib/python3.7/site-packages/airflow/example_dags/example_branch_labels.py took 1.263 seconds
[2023-01-15T13:14:24.120+0000] {processor.py:153} INFO - Started process (PID=1514) to work on /home/airflow/.local/lib/python3.7/site-packages/airflow/example_dags/example_branch_labels.py
[2023-01-15T13:14:24.126+0000] {processor.py:743} INFO - Processing file /home/airflow/.local/lib/python3.7/site-packages/airflow/example_dags/example_branch_labels.py for tasks to queue
[2023-01-15T13:14:24.131+0000] {logging_mixin.py:137} INFO - [2023-01-15T13:14:24.131+0000] {dagbag.py:538} INFO - Filling up the DagBag from /home/airflow/.local/lib/python3.7/site-packages/airflow/example_dags/example_branch_labels.py
[2023-01-15T13:14:24.269+0000] {processor.py:753} INFO - DAG(s) dict_keys(['example_branch_labels']) retrieved from /home/airflow/.local/lib/python3.7/site-packages/airflow/example_dags/example_branch_labels.py
[2023-01-15T13:14:24.626+0000] {logging_mixin.py:137} INFO - [2023-01-15T13:14:24.626+0000] {dag.py:2676} INFO - Sync 1 DAGs
[2023-01-15T13:14:24.893+0000] {logging_mixin.py:137} INFO - [2023-01-15T13:14:24.893+0000] {dag.py:3427} INFO - Setting next_dagrun for example_branch_labels to 2023-01-14T00:00:00+00:00, run_after=2023-01-15T00:00:00+00:00
[2023-01-15T13:14:25.244+0000] {processor.py:175} INFO - Processing /home/airflow/.local/lib/python3.7/site-packages/airflow/example_dags/example_branch_labels.py took 1.150 seconds
[2023-01-15T13:14:56.189+0000] {processor.py:153} INFO - Started process (PID=1562) to work on /home/airflow/.local/lib/python3.7/site-packages/airflow/example_dags/example_branch_labels.py
[2023-01-15T13:14:56.192+0000] {processor.py:743} INFO - Processing file /home/airflow/.local/lib/python3.7/site-packages/airflow/example_dags/example_branch_labels.py for tasks to queue
[2023-01-15T13:14:56.196+0000] {logging_mixin.py:137} INFO - [2023-01-15T13:14:56.196+0000] {dagbag.py:538} INFO - Filling up the DagBag from /home/airflow/.local/lib/python3.7/site-packages/airflow/example_dags/example_branch_labels.py
[2023-01-15T13:14:56.301+0000] {processor.py:753} INFO - DAG(s) dict_keys(['example_branch_labels']) retrieved from /home/airflow/.local/lib/python3.7/site-packages/airflow/example_dags/example_branch_labels.py
[2023-01-15T13:14:56.621+0000] {logging_mixin.py:137} INFO - [2023-01-15T13:14:56.621+0000] {dag.py:2676} INFO - Sync 1 DAGs
[2023-01-15T13:14:56.780+0000] {logging_mixin.py:137} INFO - [2023-01-15T13:14:56.779+0000] {dag.py:3427} INFO - Setting next_dagrun for example_branch_labels to 2023-01-14T00:00:00+00:00, run_after=2023-01-15T00:00:00+00:00
[2023-01-15T13:14:56.875+0000] {processor.py:175} INFO - Processing /home/airflow/.local/lib/python3.7/site-packages/airflow/example_dags/example_branch_labels.py took 0.707 seconds
[2023-01-15T13:15:28.509+0000] {processor.py:153} INFO - Started process (PID=1618) to work on /home/airflow/.local/lib/python3.7/site-packages/airflow/example_dags/example_branch_labels.py
[2023-01-15T13:15:28.518+0000] {processor.py:743} INFO - Processing file /home/airflow/.local/lib/python3.7/site-packages/airflow/example_dags/example_branch_labels.py for tasks to queue
[2023-01-15T13:15:28.527+0000] {logging_mixin.py:137} INFO - [2023-01-15T13:15:28.527+0000] {dagbag.py:538} INFO - Filling up the DagBag from /home/airflow/.local/lib/python3.7/site-packages/airflow/example_dags/example_branch_labels.py
[2023-01-15T13:15:28.685+0000] {processor.py:753} INFO - DAG(s) dict_keys(['example_branch_labels']) retrieved from /home/airflow/.local/lib/python3.7/site-packages/airflow/example_dags/example_branch_labels.py
[2023-01-15T13:15:29.268+0000] {logging_mixin.py:137} INFO - [2023-01-15T13:15:29.268+0000] {dag.py:2676} INFO - Sync 1 DAGs
[2023-01-15T13:15:29.732+0000] {logging_mixin.py:137} INFO - [2023-01-15T13:15:29.732+0000] {dag.py:3427} INFO - Setting next_dagrun for example_branch_labels to 2023-01-14T00:00:00+00:00, run_after=2023-01-15T00:00:00+00:00
[2023-01-15T13:15:29.886+0000] {processor.py:175} INFO - Processing /home/airflow/.local/lib/python3.7/site-packages/airflow/example_dags/example_branch_labels.py took 1.418 seconds
[2023-01-15T13:43:54.853+0000] {processor.py:153} INFO - Started process (PID=90) to work on /home/airflow/.local/lib/python3.7/site-packages/airflow/example_dags/example_branch_labels.py
[2023-01-15T13:43:54.859+0000] {processor.py:743} INFO - Processing file /home/airflow/.local/lib/python3.7/site-packages/airflow/example_dags/example_branch_labels.py for tasks to queue
[2023-01-15T13:43:54.863+0000] {logging_mixin.py:137} INFO - [2023-01-15T13:43:54.863+0000] {dagbag.py:538} INFO - Filling up the DagBag from /home/airflow/.local/lib/python3.7/site-packages/airflow/example_dags/example_branch_labels.py
[2023-01-15T13:43:54.925+0000] {processor.py:753} INFO - DAG(s) dict_keys(['example_branch_labels']) retrieved from /home/airflow/.local/lib/python3.7/site-packages/airflow/example_dags/example_branch_labels.py
[2023-01-15T13:43:55.073+0000] {logging_mixin.py:137} INFO - [2023-01-15T13:43:55.073+0000] {dag.py:2676} INFO - Sync 1 DAGs
[2023-01-15T13:43:55.230+0000] {logging_mixin.py:137} INFO - [2023-01-15T13:43:55.230+0000] {dag.py:3427} INFO - Setting next_dagrun for example_branch_labels to 2023-01-14T00:00:00+00:00, run_after=2023-01-15T00:00:00+00:00
[2023-01-15T13:43:55.355+0000] {processor.py:175} INFO - Processing /home/airflow/.local/lib/python3.7/site-packages/airflow/example_dags/example_branch_labels.py took 0.512 seconds
[2023-01-15T13:45:32.334+0000] {processor.py:153} INFO - Started process (PID=173) to work on /home/airflow/.local/lib/python3.7/site-packages/airflow/example_dags/example_branch_labels.py
[2023-01-15T13:45:32.343+0000] {processor.py:743} INFO - Processing file /home/airflow/.local/lib/python3.7/site-packages/airflow/example_dags/example_branch_labels.py for tasks to queue
[2023-01-15T13:45:32.351+0000] {logging_mixin.py:137} INFO - [2023-01-15T13:45:32.351+0000] {dagbag.py:538} INFO - Filling up the DagBag from /home/airflow/.local/lib/python3.7/site-packages/airflow/example_dags/example_branch_labels.py
[2023-01-15T13:45:32.568+0000] {processor.py:753} INFO - DAG(s) dict_keys(['example_branch_labels']) retrieved from /home/airflow/.local/lib/python3.7/site-packages/airflow/example_dags/example_branch_labels.py
[2023-01-15T13:45:33.000+0000] {logging_mixin.py:137} INFO - [2023-01-15T13:45:33.000+0000] {dag.py:2676} INFO - Sync 1 DAGs
[2023-01-15T13:45:33.260+0000] {logging_mixin.py:137} INFO - [2023-01-15T13:45:33.260+0000] {dag.py:3427} INFO - Setting next_dagrun for example_branch_labels to 2023-01-14T00:00:00+00:00, run_after=2023-01-15T00:00:00+00:00
[2023-01-15T13:45:33.389+0000] {processor.py:175} INFO - Processing /home/airflow/.local/lib/python3.7/site-packages/airflow/example_dags/example_branch_labels.py took 1.168 seconds
[2023-01-15T13:46:13.358+0000] {processor.py:153} INFO - Started process (PID=234) to work on /home/airflow/.local/lib/python3.7/site-packages/airflow/example_dags/example_branch_labels.py
[2023-01-15T13:46:13.364+0000] {processor.py:743} INFO - Processing file /home/airflow/.local/lib/python3.7/site-packages/airflow/example_dags/example_branch_labels.py for tasks to queue
[2023-01-15T13:46:13.366+0000] {logging_mixin.py:137} INFO - [2023-01-15T13:46:13.366+0000] {dagbag.py:538} INFO - Filling up the DagBag from /home/airflow/.local/lib/python3.7/site-packages/airflow/example_dags/example_branch_labels.py
[2023-01-15T13:46:13.428+0000] {processor.py:753} INFO - DAG(s) dict_keys(['example_branch_labels']) retrieved from /home/airflow/.local/lib/python3.7/site-packages/airflow/example_dags/example_branch_labels.py
[2023-01-15T13:46:13.567+0000] {logging_mixin.py:137} INFO - [2023-01-15T13:46:13.567+0000] {dag.py:2676} INFO - Sync 1 DAGs
[2023-01-15T13:46:13.668+0000] {logging_mixin.py:137} INFO - [2023-01-15T13:46:13.668+0000] {dag.py:3427} INFO - Setting next_dagrun for example_branch_labels to 2023-01-14T00:00:00+00:00, run_after=2023-01-15T00:00:00+00:00
[2023-01-15T13:46:13.739+0000] {processor.py:175} INFO - Processing /home/airflow/.local/lib/python3.7/site-packages/airflow/example_dags/example_branch_labels.py took 0.395 seconds
[2023-01-15T13:46:44.541+0000] {processor.py:153} INFO - Started process (PID=290) to work on /home/airflow/.local/lib/python3.7/site-packages/airflow/example_dags/example_branch_labels.py
[2023-01-15T13:46:44.553+0000] {processor.py:743} INFO - Processing file /home/airflow/.local/lib/python3.7/site-packages/airflow/example_dags/example_branch_labels.py for tasks to queue
[2023-01-15T13:46:44.556+0000] {logging_mixin.py:137} INFO - [2023-01-15T13:46:44.556+0000] {dagbag.py:538} INFO - Filling up the DagBag from /home/airflow/.local/lib/python3.7/site-packages/airflow/example_dags/example_branch_labels.py
[2023-01-15T13:46:44.651+0000] {processor.py:753} INFO - DAG(s) dict_keys(['example_branch_labels']) retrieved from /home/airflow/.local/lib/python3.7/site-packages/airflow/example_dags/example_branch_labels.py
[2023-01-15T13:46:44.818+0000] {logging_mixin.py:137} INFO - [2023-01-15T13:46:44.818+0000] {dag.py:2676} INFO - Sync 1 DAGs
[2023-01-15T13:46:44.929+0000] {logging_mixin.py:137} INFO - [2023-01-15T13:46:44.928+0000] {dag.py:3427} INFO - Setting next_dagrun for example_branch_labels to 2023-01-14T00:00:00+00:00, run_after=2023-01-15T00:00:00+00:00
[2023-01-15T13:46:44.999+0000] {processor.py:175} INFO - Processing /home/airflow/.local/lib/python3.7/site-packages/airflow/example_dags/example_branch_labels.py took 0.478 seconds
[2023-01-15T13:47:16.309+0000] {processor.py:153} INFO - Started process (PID=343) to work on /home/airflow/.local/lib/python3.7/site-packages/airflow/example_dags/example_branch_labels.py
[2023-01-15T13:47:16.323+0000] {processor.py:743} INFO - Processing file /home/airflow/.local/lib/python3.7/site-packages/airflow/example_dags/example_branch_labels.py for tasks to queue
[2023-01-15T13:47:16.331+0000] {logging_mixin.py:137} INFO - [2023-01-15T13:47:16.330+0000] {dagbag.py:538} INFO - Filling up the DagBag from /home/airflow/.local/lib/python3.7/site-packages/airflow/example_dags/example_branch_labels.py
[2023-01-15T13:47:16.490+0000] {processor.py:753} INFO - DAG(s) dict_keys(['example_branch_labels']) retrieved from /home/airflow/.local/lib/python3.7/site-packages/airflow/example_dags/example_branch_labels.py
[2023-01-15T13:47:16.967+0000] {logging_mixin.py:137} INFO - [2023-01-15T13:47:16.967+0000] {dag.py:2676} INFO - Sync 1 DAGs
[2023-01-15T13:47:17.230+0000] {logging_mixin.py:137} INFO - [2023-01-15T13:47:17.229+0000] {dag.py:3427} INFO - Setting next_dagrun for example_branch_labels to 2023-01-14T00:00:00+00:00, run_after=2023-01-15T00:00:00+00:00
[2023-01-15T13:47:17.354+0000] {processor.py:175} INFO - Processing /home/airflow/.local/lib/python3.7/site-packages/airflow/example_dags/example_branch_labels.py took 1.079 seconds
[2023-01-15T13:47:48.241+0000] {processor.py:153} INFO - Started process (PID=392) to work on /home/airflow/.local/lib/python3.7/site-packages/airflow/example_dags/example_branch_labels.py
[2023-01-15T13:47:48.247+0000] {processor.py:743} INFO - Processing file /home/airflow/.local/lib/python3.7/site-packages/airflow/example_dags/example_branch_labels.py for tasks to queue
[2023-01-15T13:47:48.254+0000] {logging_mixin.py:137} INFO - [2023-01-15T13:47:48.253+0000] {dagbag.py:538} INFO - Filling up the DagBag from /home/airflow/.local/lib/python3.7/site-packages/airflow/example_dags/example_branch_labels.py
[2023-01-15T13:47:48.297+0000] {processor.py:753} INFO - DAG(s) dict_keys(['example_branch_labels']) retrieved from /home/airflow/.local/lib/python3.7/site-packages/airflow/example_dags/example_branch_labels.py
[2023-01-15T13:47:48.406+0000] {logging_mixin.py:137} INFO - [2023-01-15T13:47:48.406+0000] {dag.py:2676} INFO - Sync 1 DAGs
[2023-01-15T13:47:48.468+0000] {logging_mixin.py:137} INFO - [2023-01-15T13:47:48.468+0000] {dag.py:3427} INFO - Setting next_dagrun for example_branch_labels to 2023-01-14T00:00:00+00:00, run_after=2023-01-15T00:00:00+00:00
[2023-01-15T13:47:48.522+0000] {processor.py:175} INFO - Processing /home/airflow/.local/lib/python3.7/site-packages/airflow/example_dags/example_branch_labels.py took 0.288 seconds
[2023-01-15T13:48:18.899+0000] {processor.py:153} INFO - Started process (PID=447) to work on /home/airflow/.local/lib/python3.7/site-packages/airflow/example_dags/example_branch_labels.py
[2023-01-15T13:48:18.908+0000] {processor.py:743} INFO - Processing file /home/airflow/.local/lib/python3.7/site-packages/airflow/example_dags/example_branch_labels.py for tasks to queue
[2023-01-15T13:48:18.912+0000] {logging_mixin.py:137} INFO - [2023-01-15T13:48:18.912+0000] {dagbag.py:538} INFO - Filling up the DagBag from /home/airflow/.local/lib/python3.7/site-packages/airflow/example_dags/example_branch_labels.py
[2023-01-15T13:48:18.957+0000] {processor.py:753} INFO - DAG(s) dict_keys(['example_branch_labels']) retrieved from /home/airflow/.local/lib/python3.7/site-packages/airflow/example_dags/example_branch_labels.py
[2023-01-15T13:48:19.061+0000] {logging_mixin.py:137} INFO - [2023-01-15T13:48:19.061+0000] {dag.py:2676} INFO - Sync 1 DAGs
[2023-01-15T13:48:19.123+0000] {logging_mixin.py:137} INFO - [2023-01-15T13:48:19.123+0000] {dag.py:3427} INFO - Setting next_dagrun for example_branch_labels to 2023-01-14T00:00:00+00:00, run_after=2023-01-15T00:00:00+00:00
[2023-01-15T13:48:19.180+0000] {processor.py:175} INFO - Processing /home/airflow/.local/lib/python3.7/site-packages/airflow/example_dags/example_branch_labels.py took 0.288 seconds
[2023-01-15T13:48:49.253+0000] {processor.py:153} INFO - Started process (PID=501) to work on /home/airflow/.local/lib/python3.7/site-packages/airflow/example_dags/example_branch_labels.py
[2023-01-15T13:48:49.255+0000] {processor.py:743} INFO - Processing file /home/airflow/.local/lib/python3.7/site-packages/airflow/example_dags/example_branch_labels.py for tasks to queue
[2023-01-15T13:48:49.257+0000] {logging_mixin.py:137} INFO - [2023-01-15T13:48:49.257+0000] {dagbag.py:538} INFO - Filling up the DagBag from /home/airflow/.local/lib/python3.7/site-packages/airflow/example_dags/example_branch_labels.py
[2023-01-15T13:48:49.346+0000] {processor.py:753} INFO - DAG(s) dict_keys(['example_branch_labels']) retrieved from /home/airflow/.local/lib/python3.7/site-packages/airflow/example_dags/example_branch_labels.py
[2023-01-15T13:48:49.516+0000] {logging_mixin.py:137} INFO - [2023-01-15T13:48:49.516+0000] {dag.py:2676} INFO - Sync 1 DAGs
[2023-01-15T13:48:49.576+0000] {logging_mixin.py:137} INFO - [2023-01-15T13:48:49.575+0000] {dag.py:3427} INFO - Setting next_dagrun for example_branch_labels to 2023-01-14T00:00:00+00:00, run_after=2023-01-15T00:00:00+00:00
[2023-01-15T13:48:49.627+0000] {processor.py:175} INFO - Processing /home/airflow/.local/lib/python3.7/site-packages/airflow/example_dags/example_branch_labels.py took 0.382 seconds
[2023-01-15T13:49:20.853+0000] {processor.py:153} INFO - Started process (PID=557) to work on /home/airflow/.local/lib/python3.7/site-packages/airflow/example_dags/example_branch_labels.py
[2023-01-15T13:49:20.860+0000] {processor.py:743} INFO - Processing file /home/airflow/.local/lib/python3.7/site-packages/airflow/example_dags/example_branch_labels.py for tasks to queue
[2023-01-15T13:49:20.869+0000] {logging_mixin.py:137} INFO - [2023-01-15T13:49:20.869+0000] {dagbag.py:538} INFO - Filling up the DagBag from /home/airflow/.local/lib/python3.7/site-packages/airflow/example_dags/example_branch_labels.py
[2023-01-15T13:49:20.965+0000] {processor.py:753} INFO - DAG(s) dict_keys(['example_branch_labels']) retrieved from /home/airflow/.local/lib/python3.7/site-packages/airflow/example_dags/example_branch_labels.py
[2023-01-15T13:49:21.147+0000] {logging_mixin.py:137} INFO - [2023-01-15T13:49:21.147+0000] {dag.py:2676} INFO - Sync 1 DAGs
[2023-01-15T13:49:21.286+0000] {logging_mixin.py:137} INFO - [2023-01-15T13:49:21.286+0000] {dag.py:3427} INFO - Setting next_dagrun for example_branch_labels to 2023-01-14T00:00:00+00:00, run_after=2023-01-15T00:00:00+00:00
[2023-01-15T13:49:21.368+0000] {processor.py:175} INFO - Processing /home/airflow/.local/lib/python3.7/site-packages/airflow/example_dags/example_branch_labels.py took 0.536 seconds
[2023-01-15T13:49:52.415+0000] {processor.py:153} INFO - Started process (PID=613) to work on /home/airflow/.local/lib/python3.7/site-packages/airflow/example_dags/example_branch_labels.py
[2023-01-15T13:49:52.443+0000] {processor.py:743} INFO - Processing file /home/airflow/.local/lib/python3.7/site-packages/airflow/example_dags/example_branch_labels.py for tasks to queue
[2023-01-15T13:49:52.449+0000] {logging_mixin.py:137} INFO - [2023-01-15T13:49:52.449+0000] {dagbag.py:538} INFO - Filling up the DagBag from /home/airflow/.local/lib/python3.7/site-packages/airflow/example_dags/example_branch_labels.py
[2023-01-15T13:49:52.566+0000] {processor.py:753} INFO - DAG(s) dict_keys(['example_branch_labels']) retrieved from /home/airflow/.local/lib/python3.7/site-packages/airflow/example_dags/example_branch_labels.py
[2023-01-15T13:49:52.798+0000] {logging_mixin.py:137} INFO - [2023-01-15T13:49:52.798+0000] {dag.py:2676} INFO - Sync 1 DAGs
[2023-01-15T13:49:53.166+0000] {logging_mixin.py:137} INFO - [2023-01-15T13:49:53.166+0000] {dag.py:3427} INFO - Setting next_dagrun for example_branch_labels to 2023-01-14T00:00:00+00:00, run_after=2023-01-15T00:00:00+00:00
[2023-01-15T13:49:53.364+0000] {processor.py:175} INFO - Processing /home/airflow/.local/lib/python3.7/site-packages/airflow/example_dags/example_branch_labels.py took 0.995 seconds
[2023-01-15T13:50:23.978+0000] {processor.py:153} INFO - Started process (PID=669) to work on /home/airflow/.local/lib/python3.7/site-packages/airflow/example_dags/example_branch_labels.py
[2023-01-15T13:50:23.996+0000] {processor.py:743} INFO - Processing file /home/airflow/.local/lib/python3.7/site-packages/airflow/example_dags/example_branch_labels.py for tasks to queue
[2023-01-15T13:50:24.001+0000] {logging_mixin.py:137} INFO - [2023-01-15T13:50:24.001+0000] {dagbag.py:538} INFO - Filling up the DagBag from /home/airflow/.local/lib/python3.7/site-packages/airflow/example_dags/example_branch_labels.py
[2023-01-15T13:50:24.178+0000] {processor.py:753} INFO - DAG(s) dict_keys(['example_branch_labels']) retrieved from /home/airflow/.local/lib/python3.7/site-packages/airflow/example_dags/example_branch_labels.py
[2023-01-15T13:50:24.366+0000] {logging_mixin.py:137} INFO - [2023-01-15T13:50:24.366+0000] {dag.py:2676} INFO - Sync 1 DAGs
[2023-01-15T13:50:24.474+0000] {logging_mixin.py:137} INFO - [2023-01-15T13:50:24.474+0000] {dag.py:3427} INFO - Setting next_dagrun for example_branch_labels to 2023-01-14T00:00:00+00:00, run_after=2023-01-15T00:00:00+00:00
[2023-01-15T13:50:24.526+0000] {processor.py:175} INFO - Processing /home/airflow/.local/lib/python3.7/site-packages/airflow/example_dags/example_branch_labels.py took 0.599 seconds
[2023-01-15T13:50:55.289+0000] {processor.py:153} INFO - Started process (PID=725) to work on /home/airflow/.local/lib/python3.7/site-packages/airflow/example_dags/example_branch_labels.py
[2023-01-15T13:50:55.304+0000] {processor.py:743} INFO - Processing file /home/airflow/.local/lib/python3.7/site-packages/airflow/example_dags/example_branch_labels.py for tasks to queue
[2023-01-15T13:50:55.307+0000] {logging_mixin.py:137} INFO - [2023-01-15T13:50:55.307+0000] {dagbag.py:538} INFO - Filling up the DagBag from /home/airflow/.local/lib/python3.7/site-packages/airflow/example_dags/example_branch_labels.py
[2023-01-15T13:50:55.437+0000] {processor.py:753} INFO - DAG(s) dict_keys(['example_branch_labels']) retrieved from /home/airflow/.local/lib/python3.7/site-packages/airflow/example_dags/example_branch_labels.py
[2023-01-15T13:50:55.735+0000] {logging_mixin.py:137} INFO - [2023-01-15T13:50:55.735+0000] {dag.py:2676} INFO - Sync 1 DAGs
[2023-01-15T13:50:55.980+0000] {logging_mixin.py:137} INFO - [2023-01-15T13:50:55.980+0000] {dag.py:3427} INFO - Setting next_dagrun for example_branch_labels to 2023-01-14T00:00:00+00:00, run_after=2023-01-15T00:00:00+00:00
[2023-01-15T13:50:56.129+0000] {processor.py:175} INFO - Processing /home/airflow/.local/lib/python3.7/site-packages/airflow/example_dags/example_branch_labels.py took 0.870 seconds
[2023-01-15T13:51:27.916+0000] {processor.py:153} INFO - Started process (PID=781) to work on /home/airflow/.local/lib/python3.7/site-packages/airflow/example_dags/example_branch_labels.py
[2023-01-15T13:51:27.962+0000] {processor.py:743} INFO - Processing file /home/airflow/.local/lib/python3.7/site-packages/airflow/example_dags/example_branch_labels.py for tasks to queue
[2023-01-15T13:51:27.971+0000] {logging_mixin.py:137} INFO - [2023-01-15T13:51:27.971+0000] {dagbag.py:538} INFO - Filling up the DagBag from /home/airflow/.local/lib/python3.7/site-packages/airflow/example_dags/example_branch_labels.py
[2023-01-15T13:51:28.118+0000] {processor.py:753} INFO - DAG(s) dict_keys(['example_branch_labels']) retrieved from /home/airflow/.local/lib/python3.7/site-packages/airflow/example_dags/example_branch_labels.py
[2023-01-15T13:51:28.409+0000] {logging_mixin.py:137} INFO - [2023-01-15T13:51:28.409+0000] {dag.py:2676} INFO - Sync 1 DAGs
[2023-01-15T13:51:28.643+0000] {logging_mixin.py:137} INFO - [2023-01-15T13:51:28.643+0000] {dag.py:3427} INFO - Setting next_dagrun for example_branch_labels to 2023-01-14T00:00:00+00:00, run_after=2023-01-15T00:00:00+00:00
[2023-01-15T13:51:28.774+0000] {processor.py:175} INFO - Processing /home/airflow/.local/lib/python3.7/site-packages/airflow/example_dags/example_branch_labels.py took 0.956 seconds
[2023-01-15T13:51:59.080+0000] {processor.py:153} INFO - Started process (PID=837) to work on /home/airflow/.local/lib/python3.7/site-packages/airflow/example_dags/example_branch_labels.py
[2023-01-15T13:51:59.085+0000] {processor.py:743} INFO - Processing file /home/airflow/.local/lib/python3.7/site-packages/airflow/example_dags/example_branch_labels.py for tasks to queue
[2023-01-15T13:51:59.086+0000] {logging_mixin.py:137} INFO - [2023-01-15T13:51:59.086+0000] {dagbag.py:538} INFO - Filling up the DagBag from /home/airflow/.local/lib/python3.7/site-packages/airflow/example_dags/example_branch_labels.py
[2023-01-15T13:51:59.122+0000] {processor.py:753} INFO - DAG(s) dict_keys(['example_branch_labels']) retrieved from /home/airflow/.local/lib/python3.7/site-packages/airflow/example_dags/example_branch_labels.py
[2023-01-15T13:51:59.296+0000] {logging_mixin.py:137} INFO - [2023-01-15T13:51:59.296+0000] {dag.py:2676} INFO - Sync 1 DAGs
[2023-01-15T13:51:59.416+0000] {logging_mixin.py:137} INFO - [2023-01-15T13:51:59.416+0000] {dag.py:3427} INFO - Setting next_dagrun for example_branch_labels to 2023-01-14T00:00:00+00:00, run_after=2023-01-15T00:00:00+00:00
[2023-01-15T13:51:59.480+0000] {processor.py:175} INFO - Processing /home/airflow/.local/lib/python3.7/site-packages/airflow/example_dags/example_branch_labels.py took 0.409 seconds
[2023-01-15T13:52:32.400+0000] {processor.py:153} INFO - Started process (PID=891) to work on /home/airflow/.local/lib/python3.7/site-packages/airflow/example_dags/example_branch_labels.py
[2023-01-15T13:52:32.419+0000] {processor.py:743} INFO - Processing file /home/airflow/.local/lib/python3.7/site-packages/airflow/example_dags/example_branch_labels.py for tasks to queue
[2023-01-15T13:52:32.431+0000] {logging_mixin.py:137} INFO - [2023-01-15T13:52:32.431+0000] {dagbag.py:538} INFO - Filling up the DagBag from /home/airflow/.local/lib/python3.7/site-packages/airflow/example_dags/example_branch_labels.py
[2023-01-15T13:52:32.631+0000] {processor.py:753} INFO - DAG(s) dict_keys(['example_branch_labels']) retrieved from /home/airflow/.local/lib/python3.7/site-packages/airflow/example_dags/example_branch_labels.py
[2023-01-15T13:52:33.114+0000] {logging_mixin.py:137} INFO - [2023-01-15T13:52:33.114+0000] {dag.py:2676} INFO - Sync 1 DAGs
[2023-01-15T13:52:33.475+0000] {logging_mixin.py:137} INFO - [2023-01-15T13:52:33.474+0000] {dag.py:3427} INFO - Setting next_dagrun for example_branch_labels to 2023-01-14T00:00:00+00:00, run_after=2023-01-15T00:00:00+00:00
[2023-01-15T13:52:33.697+0000] {processor.py:175} INFO - Processing /home/airflow/.local/lib/python3.7/site-packages/airflow/example_dags/example_branch_labels.py took 1.347 seconds
