[2023-01-15T12:59:33.432+0000] {processor.py:153} INFO - Started process (PID=78) to work on /home/airflow/.local/lib/python3.7/site-packages/airflow/example_dags/example_sensors.py
[2023-01-15T12:59:33.448+0000] {processor.py:743} INFO - Processing file /home/airflow/.local/lib/python3.7/site-packages/airflow/example_dags/example_sensors.py for tasks to queue
[2023-01-15T12:59:33.451+0000] {logging_mixin.py:137} INFO - [2023-01-15T12:59:33.451+0000] {dagbag.py:538} INFO - Filling up the DagBag from /home/airflow/.local/lib/python3.7/site-packages/airflow/example_dags/example_sensors.py
[2023-01-15T12:59:33.643+0000] {processor.py:753} INFO - DAG(s) dict_keys(['example_sensors']) retrieved from /home/airflow/.local/lib/python3.7/site-packages/airflow/example_dags/example_sensors.py
[2023-01-15T12:59:34.686+0000] {logging_mixin.py:137} INFO - [2023-01-15T12:59:34.686+0000] {manager.py:504} INFO - Created Permission View: can read on DAG:example_sensors
[2023-01-15T12:59:34.761+0000] {logging_mixin.py:137} INFO - [2023-01-15T12:59:34.761+0000] {manager.py:504} INFO - Created Permission View: can edit on DAG:example_sensors
[2023-01-15T12:59:34.815+0000] {logging_mixin.py:137} INFO - [2023-01-15T12:59:34.815+0000] {manager.py:504} INFO - Created Permission View: can delete on DAG:example_sensors
[2023-01-15T12:59:34.817+0000] {logging_mixin.py:137} INFO - [2023-01-15T12:59:34.816+0000] {dag.py:2676} INFO - Sync 1 DAGs
[2023-01-15T12:59:34.925+0000] {logging_mixin.py:137} INFO - [2023-01-15T12:59:34.925+0000] {dag.py:2697} INFO - Creating ORM DAG for example_sensors
[2023-01-15T12:59:35.011+0000] {logging_mixin.py:137} INFO - [2023-01-15T12:59:35.011+0000] {dag.py:3427} INFO - Setting next_dagrun for example_sensors to None, run_after=None
[2023-01-15T12:59:35.152+0000] {processor.py:175} INFO - Processing /home/airflow/.local/lib/python3.7/site-packages/airflow/example_dags/example_sensors.py took 1.754 seconds
[2023-01-15T13:00:05.598+0000] {processor.py:153} INFO - Started process (PID=134) to work on /home/airflow/.local/lib/python3.7/site-packages/airflow/example_dags/example_sensors.py
[2023-01-15T13:00:05.612+0000] {processor.py:743} INFO - Processing file /home/airflow/.local/lib/python3.7/site-packages/airflow/example_dags/example_sensors.py for tasks to queue
[2023-01-15T13:00:05.614+0000] {logging_mixin.py:137} INFO - [2023-01-15T13:00:05.614+0000] {dagbag.py:538} INFO - Filling up the DagBag from /home/airflow/.local/lib/python3.7/site-packages/airflow/example_dags/example_sensors.py
[2023-01-15T13:00:05.699+0000] {processor.py:753} INFO - DAG(s) dict_keys(['example_sensors']) retrieved from /home/airflow/.local/lib/python3.7/site-packages/airflow/example_dags/example_sensors.py
[2023-01-15T13:00:06.036+0000] {logging_mixin.py:137} INFO - [2023-01-15T13:00:06.035+0000] {dag.py:2676} INFO - Sync 1 DAGs
[2023-01-15T13:00:06.148+0000] {logging_mixin.py:137} INFO - [2023-01-15T13:00:06.148+0000] {dag.py:3427} INFO - Setting next_dagrun for example_sensors to None, run_after=None
[2023-01-15T13:00:06.252+0000] {processor.py:175} INFO - Processing /home/airflow/.local/lib/python3.7/site-packages/airflow/example_dags/example_sensors.py took 0.665 seconds
[2023-01-15T13:00:36.610+0000] {processor.py:153} INFO - Started process (PID=190) to work on /home/airflow/.local/lib/python3.7/site-packages/airflow/example_dags/example_sensors.py
[2023-01-15T13:00:36.618+0000] {processor.py:743} INFO - Processing file /home/airflow/.local/lib/python3.7/site-packages/airflow/example_dags/example_sensors.py for tasks to queue
[2023-01-15T13:00:36.626+0000] {logging_mixin.py:137} INFO - [2023-01-15T13:00:36.623+0000] {dagbag.py:538} INFO - Filling up the DagBag from /home/airflow/.local/lib/python3.7/site-packages/airflow/example_dags/example_sensors.py
[2023-01-15T13:00:36.704+0000] {processor.py:753} INFO - DAG(s) dict_keys(['example_sensors']) retrieved from /home/airflow/.local/lib/python3.7/site-packages/airflow/example_dags/example_sensors.py
[2023-01-15T13:00:36.858+0000] {logging_mixin.py:137} INFO - [2023-01-15T13:00:36.858+0000] {dag.py:2676} INFO - Sync 1 DAGs
[2023-01-15T13:00:36.952+0000] {logging_mixin.py:137} INFO - [2023-01-15T13:00:36.952+0000] {dag.py:3427} INFO - Setting next_dagrun for example_sensors to None, run_after=None
[2023-01-15T13:00:37.031+0000] {processor.py:175} INFO - Processing /home/airflow/.local/lib/python3.7/site-packages/airflow/example_dags/example_sensors.py took 0.428 seconds
[2023-01-15T13:01:07.646+0000] {processor.py:153} INFO - Started process (PID=246) to work on /home/airflow/.local/lib/python3.7/site-packages/airflow/example_dags/example_sensors.py
[2023-01-15T13:01:07.652+0000] {processor.py:743} INFO - Processing file /home/airflow/.local/lib/python3.7/site-packages/airflow/example_dags/example_sensors.py for tasks to queue
[2023-01-15T13:01:07.656+0000] {logging_mixin.py:137} INFO - [2023-01-15T13:01:07.656+0000] {dagbag.py:538} INFO - Filling up the DagBag from /home/airflow/.local/lib/python3.7/site-packages/airflow/example_dags/example_sensors.py
[2023-01-15T13:01:07.769+0000] {processor.py:753} INFO - DAG(s) dict_keys(['example_sensors']) retrieved from /home/airflow/.local/lib/python3.7/site-packages/airflow/example_dags/example_sensors.py
[2023-01-15T13:01:07.965+0000] {logging_mixin.py:137} INFO - [2023-01-15T13:01:07.965+0000] {dag.py:2676} INFO - Sync 1 DAGs
[2023-01-15T13:01:08.082+0000] {logging_mixin.py:137} INFO - [2023-01-15T13:01:08.082+0000] {dag.py:3427} INFO - Setting next_dagrun for example_sensors to None, run_after=None
[2023-01-15T13:01:08.175+0000] {processor.py:175} INFO - Processing /home/airflow/.local/lib/python3.7/site-packages/airflow/example_dags/example_sensors.py took 0.544 seconds
[2023-01-15T13:01:38.401+0000] {processor.py:153} INFO - Started process (PID=300) to work on /home/airflow/.local/lib/python3.7/site-packages/airflow/example_dags/example_sensors.py
[2023-01-15T13:01:38.415+0000] {processor.py:743} INFO - Processing file /home/airflow/.local/lib/python3.7/site-packages/airflow/example_dags/example_sensors.py for tasks to queue
[2023-01-15T13:01:38.425+0000] {logging_mixin.py:137} INFO - [2023-01-15T13:01:38.425+0000] {dagbag.py:538} INFO - Filling up the DagBag from /home/airflow/.local/lib/python3.7/site-packages/airflow/example_dags/example_sensors.py
[2023-01-15T13:01:38.535+0000] {processor.py:753} INFO - DAG(s) dict_keys(['example_sensors']) retrieved from /home/airflow/.local/lib/python3.7/site-packages/airflow/example_dags/example_sensors.py
[2023-01-15T13:01:38.805+0000] {logging_mixin.py:137} INFO - [2023-01-15T13:01:38.805+0000] {dag.py:2676} INFO - Sync 1 DAGs
[2023-01-15T13:01:38.952+0000] {logging_mixin.py:137} INFO - [2023-01-15T13:01:38.952+0000] {dag.py:3427} INFO - Setting next_dagrun for example_sensors to None, run_after=None
[2023-01-15T13:01:39.032+0000] {processor.py:175} INFO - Processing /home/airflow/.local/lib/python3.7/site-packages/airflow/example_dags/example_sensors.py took 0.645 seconds
[2023-01-15T13:02:09.340+0000] {processor.py:153} INFO - Started process (PID=356) to work on /home/airflow/.local/lib/python3.7/site-packages/airflow/example_dags/example_sensors.py
[2023-01-15T13:02:09.349+0000] {processor.py:743} INFO - Processing file /home/airflow/.local/lib/python3.7/site-packages/airflow/example_dags/example_sensors.py for tasks to queue
[2023-01-15T13:02:09.351+0000] {logging_mixin.py:137} INFO - [2023-01-15T13:02:09.351+0000] {dagbag.py:538} INFO - Filling up the DagBag from /home/airflow/.local/lib/python3.7/site-packages/airflow/example_dags/example_sensors.py
[2023-01-15T13:02:09.406+0000] {processor.py:753} INFO - DAG(s) dict_keys(['example_sensors']) retrieved from /home/airflow/.local/lib/python3.7/site-packages/airflow/example_dags/example_sensors.py
[2023-01-15T13:02:09.507+0000] {logging_mixin.py:137} INFO - [2023-01-15T13:02:09.507+0000] {dag.py:2676} INFO - Sync 1 DAGs
[2023-01-15T13:02:09.614+0000] {logging_mixin.py:137} INFO - [2023-01-15T13:02:09.614+0000] {dag.py:3427} INFO - Setting next_dagrun for example_sensors to None, run_after=None
[2023-01-15T13:02:09.695+0000] {processor.py:175} INFO - Processing /home/airflow/.local/lib/python3.7/site-packages/airflow/example_dags/example_sensors.py took 0.364 seconds
[2023-01-15T13:02:40.338+0000] {processor.py:153} INFO - Started process (PID=410) to work on /home/airflow/.local/lib/python3.7/site-packages/airflow/example_dags/example_sensors.py
[2023-01-15T13:02:40.347+0000] {processor.py:743} INFO - Processing file /home/airflow/.local/lib/python3.7/site-packages/airflow/example_dags/example_sensors.py for tasks to queue
[2023-01-15T13:02:40.357+0000] {logging_mixin.py:137} INFO - [2023-01-15T13:02:40.357+0000] {dagbag.py:538} INFO - Filling up the DagBag from /home/airflow/.local/lib/python3.7/site-packages/airflow/example_dags/example_sensors.py
[2023-01-15T13:02:40.498+0000] {processor.py:753} INFO - DAG(s) dict_keys(['example_sensors']) retrieved from /home/airflow/.local/lib/python3.7/site-packages/airflow/example_dags/example_sensors.py
[2023-01-15T13:02:40.860+0000] {logging_mixin.py:137} INFO - [2023-01-15T13:02:40.860+0000] {dag.py:2676} INFO - Sync 1 DAGs
[2023-01-15T13:02:41.015+0000] {logging_mixin.py:137} INFO - [2023-01-15T13:02:41.015+0000] {dag.py:3427} INFO - Setting next_dagrun for example_sensors to None, run_after=None
[2023-01-15T13:02:41.121+0000] {processor.py:175} INFO - Processing /home/airflow/.local/lib/python3.7/site-packages/airflow/example_dags/example_sensors.py took 0.802 seconds
[2023-01-15T13:03:12.184+0000] {processor.py:153} INFO - Started process (PID=466) to work on /home/airflow/.local/lib/python3.7/site-packages/airflow/example_dags/example_sensors.py
[2023-01-15T13:03:12.192+0000] {processor.py:743} INFO - Processing file /home/airflow/.local/lib/python3.7/site-packages/airflow/example_dags/example_sensors.py for tasks to queue
[2023-01-15T13:03:12.199+0000] {logging_mixin.py:137} INFO - [2023-01-15T13:03:12.199+0000] {dagbag.py:538} INFO - Filling up the DagBag from /home/airflow/.local/lib/python3.7/site-packages/airflow/example_dags/example_sensors.py
[2023-01-15T13:03:12.303+0000] {processor.py:753} INFO - DAG(s) dict_keys(['example_sensors']) retrieved from /home/airflow/.local/lib/python3.7/site-packages/airflow/example_dags/example_sensors.py
[2023-01-15T13:03:12.519+0000] {logging_mixin.py:137} INFO - [2023-01-15T13:03:12.519+0000] {dag.py:2676} INFO - Sync 1 DAGs
[2023-01-15T13:03:12.640+0000] {logging_mixin.py:137} INFO - [2023-01-15T13:03:12.640+0000] {dag.py:3427} INFO - Setting next_dagrun for example_sensors to None, run_after=None
[2023-01-15T13:03:12.709+0000] {processor.py:175} INFO - Processing /home/airflow/.local/lib/python3.7/site-packages/airflow/example_dags/example_sensors.py took 0.539 seconds
[2023-01-15T13:03:43.114+0000] {processor.py:153} INFO - Started process (PID=522) to work on /home/airflow/.local/lib/python3.7/site-packages/airflow/example_dags/example_sensors.py
[2023-01-15T13:03:43.117+0000] {processor.py:743} INFO - Processing file /home/airflow/.local/lib/python3.7/site-packages/airflow/example_dags/example_sensors.py for tasks to queue
[2023-01-15T13:03:43.123+0000] {logging_mixin.py:137} INFO - [2023-01-15T13:03:43.123+0000] {dagbag.py:538} INFO - Filling up the DagBag from /home/airflow/.local/lib/python3.7/site-packages/airflow/example_dags/example_sensors.py
[2023-01-15T13:03:43.176+0000] {processor.py:753} INFO - DAG(s) dict_keys(['example_sensors']) retrieved from /home/airflow/.local/lib/python3.7/site-packages/airflow/example_dags/example_sensors.py
[2023-01-15T13:03:43.274+0000] {logging_mixin.py:137} INFO - [2023-01-15T13:03:43.274+0000] {dag.py:2676} INFO - Sync 1 DAGs
[2023-01-15T13:03:43.334+0000] {logging_mixin.py:137} INFO - [2023-01-15T13:03:43.334+0000] {dag.py:3427} INFO - Setting next_dagrun for example_sensors to None, run_after=None
[2023-01-15T13:03:43.378+0000] {processor.py:175} INFO - Processing /home/airflow/.local/lib/python3.7/site-packages/airflow/example_dags/example_sensors.py took 0.276 seconds
[2023-01-15T13:04:13.953+0000] {processor.py:153} INFO - Started process (PID=578) to work on /home/airflow/.local/lib/python3.7/site-packages/airflow/example_dags/example_sensors.py
[2023-01-15T13:04:13.962+0000] {processor.py:743} INFO - Processing file /home/airflow/.local/lib/python3.7/site-packages/airflow/example_dags/example_sensors.py for tasks to queue
[2023-01-15T13:04:13.964+0000] {logging_mixin.py:137} INFO - [2023-01-15T13:04:13.964+0000] {dagbag.py:538} INFO - Filling up the DagBag from /home/airflow/.local/lib/python3.7/site-packages/airflow/example_dags/example_sensors.py
[2023-01-15T13:04:14.015+0000] {processor.py:753} INFO - DAG(s) dict_keys(['example_sensors']) retrieved from /home/airflow/.local/lib/python3.7/site-packages/airflow/example_dags/example_sensors.py
[2023-01-15T13:04:14.143+0000] {logging_mixin.py:137} INFO - [2023-01-15T13:04:14.143+0000] {dag.py:2676} INFO - Sync 1 DAGs
[2023-01-15T13:04:14.202+0000] {logging_mixin.py:137} INFO - [2023-01-15T13:04:14.202+0000] {dag.py:3427} INFO - Setting next_dagrun for example_sensors to None, run_after=None
[2023-01-15T13:04:14.248+0000] {processor.py:175} INFO - Processing /home/airflow/.local/lib/python3.7/site-packages/airflow/example_dags/example_sensors.py took 0.303 seconds
[2023-01-15T13:04:45.153+0000] {processor.py:153} INFO - Started process (PID=633) to work on /home/airflow/.local/lib/python3.7/site-packages/airflow/example_dags/example_sensors.py
[2023-01-15T13:04:45.160+0000] {processor.py:743} INFO - Processing file /home/airflow/.local/lib/python3.7/site-packages/airflow/example_dags/example_sensors.py for tasks to queue
[2023-01-15T13:04:45.162+0000] {logging_mixin.py:137} INFO - [2023-01-15T13:04:45.162+0000] {dagbag.py:538} INFO - Filling up the DagBag from /home/airflow/.local/lib/python3.7/site-packages/airflow/example_dags/example_sensors.py
[2023-01-15T13:04:45.214+0000] {processor.py:753} INFO - DAG(s) dict_keys(['example_sensors']) retrieved from /home/airflow/.local/lib/python3.7/site-packages/airflow/example_dags/example_sensors.py
[2023-01-15T13:04:45.340+0000] {logging_mixin.py:137} INFO - [2023-01-15T13:04:45.340+0000] {dag.py:2676} INFO - Sync 1 DAGs
[2023-01-15T13:04:45.400+0000] {logging_mixin.py:137} INFO - [2023-01-15T13:04:45.400+0000] {dag.py:3427} INFO - Setting next_dagrun for example_sensors to None, run_after=None
[2023-01-15T13:04:45.449+0000] {processor.py:175} INFO - Processing /home/airflow/.local/lib/python3.7/site-packages/airflow/example_dags/example_sensors.py took 0.311 seconds
[2023-01-15T13:05:16.190+0000] {processor.py:153} INFO - Started process (PID=697) to work on /home/airflow/.local/lib/python3.7/site-packages/airflow/example_dags/example_sensors.py
[2023-01-15T13:05:16.198+0000] {processor.py:743} INFO - Processing file /home/airflow/.local/lib/python3.7/site-packages/airflow/example_dags/example_sensors.py for tasks to queue
[2023-01-15T13:05:16.201+0000] {logging_mixin.py:137} INFO - [2023-01-15T13:05:16.201+0000] {dagbag.py:538} INFO - Filling up the DagBag from /home/airflow/.local/lib/python3.7/site-packages/airflow/example_dags/example_sensors.py
[2023-01-15T13:05:16.258+0000] {processor.py:753} INFO - DAG(s) dict_keys(['example_sensors']) retrieved from /home/airflow/.local/lib/python3.7/site-packages/airflow/example_dags/example_sensors.py
[2023-01-15T13:05:16.374+0000] {logging_mixin.py:137} INFO - [2023-01-15T13:05:16.374+0000] {dag.py:2676} INFO - Sync 1 DAGs
[2023-01-15T13:05:16.435+0000] {logging_mixin.py:137} INFO - [2023-01-15T13:05:16.435+0000] {dag.py:3427} INFO - Setting next_dagrun for example_sensors to None, run_after=None
[2023-01-15T13:05:16.480+0000] {processor.py:175} INFO - Processing /home/airflow/.local/lib/python3.7/site-packages/airflow/example_dags/example_sensors.py took 0.299 seconds
[2023-01-15T13:05:47.088+0000] {processor.py:153} INFO - Started process (PID=751) to work on /home/airflow/.local/lib/python3.7/site-packages/airflow/example_dags/example_sensors.py
[2023-01-15T13:05:47.096+0000] {processor.py:743} INFO - Processing file /home/airflow/.local/lib/python3.7/site-packages/airflow/example_dags/example_sensors.py for tasks to queue
[2023-01-15T13:05:47.100+0000] {logging_mixin.py:137} INFO - [2023-01-15T13:05:47.099+0000] {dagbag.py:538} INFO - Filling up the DagBag from /home/airflow/.local/lib/python3.7/site-packages/airflow/example_dags/example_sensors.py
[2023-01-15T13:05:47.155+0000] {processor.py:753} INFO - DAG(s) dict_keys(['example_sensors']) retrieved from /home/airflow/.local/lib/python3.7/site-packages/airflow/example_dags/example_sensors.py
[2023-01-15T13:05:47.250+0000] {logging_mixin.py:137} INFO - [2023-01-15T13:05:47.250+0000] {dag.py:2676} INFO - Sync 1 DAGs
[2023-01-15T13:05:47.312+0000] {logging_mixin.py:137} INFO - [2023-01-15T13:05:47.311+0000] {dag.py:3427} INFO - Setting next_dagrun for example_sensors to None, run_after=None
[2023-01-15T13:05:47.355+0000] {processor.py:175} INFO - Processing /home/airflow/.local/lib/python3.7/site-packages/airflow/example_dags/example_sensors.py took 0.273 seconds
[2023-01-15T13:06:18.346+0000] {processor.py:153} INFO - Started process (PID=805) to work on /home/airflow/.local/lib/python3.7/site-packages/airflow/example_dags/example_sensors.py
[2023-01-15T13:06:18.352+0000] {processor.py:743} INFO - Processing file /home/airflow/.local/lib/python3.7/site-packages/airflow/example_dags/example_sensors.py for tasks to queue
[2023-01-15T13:06:18.354+0000] {logging_mixin.py:137} INFO - [2023-01-15T13:06:18.354+0000] {dagbag.py:538} INFO - Filling up the DagBag from /home/airflow/.local/lib/python3.7/site-packages/airflow/example_dags/example_sensors.py
[2023-01-15T13:06:18.408+0000] {processor.py:753} INFO - DAG(s) dict_keys(['example_sensors']) retrieved from /home/airflow/.local/lib/python3.7/site-packages/airflow/example_dags/example_sensors.py
[2023-01-15T13:06:18.506+0000] {logging_mixin.py:137} INFO - [2023-01-15T13:06:18.506+0000] {dag.py:2676} INFO - Sync 1 DAGs
[2023-01-15T13:06:18.563+0000] {logging_mixin.py:137} INFO - [2023-01-15T13:06:18.563+0000] {dag.py:3427} INFO - Setting next_dagrun for example_sensors to None, run_after=None
[2023-01-15T13:06:18.618+0000] {processor.py:175} INFO - Processing /home/airflow/.local/lib/python3.7/site-packages/airflow/example_dags/example_sensors.py took 0.287 seconds
[2023-01-15T13:06:49.499+0000] {processor.py:153} INFO - Started process (PID=870) to work on /home/airflow/.local/lib/python3.7/site-packages/airflow/example_dags/example_sensors.py
[2023-01-15T13:06:49.510+0000] {processor.py:743} INFO - Processing file /home/airflow/.local/lib/python3.7/site-packages/airflow/example_dags/example_sensors.py for tasks to queue
[2023-01-15T13:06:49.514+0000] {logging_mixin.py:137} INFO - [2023-01-15T13:06:49.514+0000] {dagbag.py:538} INFO - Filling up the DagBag from /home/airflow/.local/lib/python3.7/site-packages/airflow/example_dags/example_sensors.py
[2023-01-15T13:06:49.613+0000] {processor.py:753} INFO - DAG(s) dict_keys(['example_sensors']) retrieved from /home/airflow/.local/lib/python3.7/site-packages/airflow/example_dags/example_sensors.py
[2023-01-15T13:06:49.827+0000] {logging_mixin.py:137} INFO - [2023-01-15T13:06:49.827+0000] {dag.py:2676} INFO - Sync 1 DAGs
[2023-01-15T13:06:49.913+0000] {logging_mixin.py:137} INFO - [2023-01-15T13:06:49.913+0000] {dag.py:3427} INFO - Setting next_dagrun for example_sensors to None, run_after=None
[2023-01-15T13:06:49.987+0000] {processor.py:175} INFO - Processing /home/airflow/.local/lib/python3.7/site-packages/airflow/example_dags/example_sensors.py took 0.509 seconds
[2023-01-15T13:07:47.271+0000] {processor.py:153} INFO - Started process (PID=935) to work on /home/airflow/.local/lib/python3.7/site-packages/airflow/example_dags/example_sensors.py
[2023-01-15T13:07:47.284+0000] {processor.py:743} INFO - Processing file /home/airflow/.local/lib/python3.7/site-packages/airflow/example_dags/example_sensors.py for tasks to queue
[2023-01-15T13:07:47.286+0000] {logging_mixin.py:137} INFO - [2023-01-15T13:07:47.286+0000] {dagbag.py:538} INFO - Filling up the DagBag from /home/airflow/.local/lib/python3.7/site-packages/airflow/example_dags/example_sensors.py
[2023-01-15T13:07:47.476+0000] {processor.py:753} INFO - DAG(s) dict_keys(['example_sensors']) retrieved from /home/airflow/.local/lib/python3.7/site-packages/airflow/example_dags/example_sensors.py
[2023-01-15T13:07:47.800+0000] {logging_mixin.py:137} INFO - [2023-01-15T13:07:47.800+0000] {dag.py:2676} INFO - Sync 1 DAGs
[2023-01-15T13:07:47.982+0000] {logging_mixin.py:137} INFO - [2023-01-15T13:07:47.981+0000] {dag.py:3427} INFO - Setting next_dagrun for example_sensors to None, run_after=None
[2023-01-15T13:07:48.166+0000] {processor.py:175} INFO - Processing /home/airflow/.local/lib/python3.7/site-packages/airflow/example_dags/example_sensors.py took 0.916 seconds
[2023-01-15T13:08:24.635+0000] {processor.py:153} INFO - Started process (PID=989) to work on /home/airflow/.local/lib/python3.7/site-packages/airflow/example_dags/example_sensors.py
[2023-01-15T13:08:24.646+0000] {processor.py:743} INFO - Processing file /home/airflow/.local/lib/python3.7/site-packages/airflow/example_dags/example_sensors.py for tasks to queue
[2023-01-15T13:08:24.655+0000] {logging_mixin.py:137} INFO - [2023-01-15T13:08:24.655+0000] {dagbag.py:538} INFO - Filling up the DagBag from /home/airflow/.local/lib/python3.7/site-packages/airflow/example_dags/example_sensors.py
[2023-01-15T13:08:24.870+0000] {processor.py:753} INFO - DAG(s) dict_keys(['example_sensors']) retrieved from /home/airflow/.local/lib/python3.7/site-packages/airflow/example_dags/example_sensors.py
[2023-01-15T13:08:25.125+0000] {logging_mixin.py:137} INFO - [2023-01-15T13:08:25.125+0000] {dag.py:2676} INFO - Sync 1 DAGs
[2023-01-15T13:08:25.365+0000] {logging_mixin.py:137} INFO - [2023-01-15T13:08:25.365+0000] {dag.py:3427} INFO - Setting next_dagrun for example_sensors to None, run_after=None
[2023-01-15T13:08:25.480+0000] {processor.py:175} INFO - Processing /home/airflow/.local/lib/python3.7/site-packages/airflow/example_dags/example_sensors.py took 0.892 seconds
[2023-01-15T13:09:01.478+0000] {processor.py:153} INFO - Started process (PID=1045) to work on /home/airflow/.local/lib/python3.7/site-packages/airflow/example_dags/example_sensors.py
[2023-01-15T13:09:01.489+0000] {processor.py:743} INFO - Processing file /home/airflow/.local/lib/python3.7/site-packages/airflow/example_dags/example_sensors.py for tasks to queue
[2023-01-15T13:09:01.501+0000] {logging_mixin.py:137} INFO - [2023-01-15T13:09:01.495+0000] {dagbag.py:538} INFO - Filling up the DagBag from /home/airflow/.local/lib/python3.7/site-packages/airflow/example_dags/example_sensors.py
[2023-01-15T13:09:02.034+0000] {processor.py:753} INFO - DAG(s) dict_keys(['example_sensors']) retrieved from /home/airflow/.local/lib/python3.7/site-packages/airflow/example_dags/example_sensors.py
[2023-01-15T13:09:02.695+0000] {logging_mixin.py:137} INFO - [2023-01-15T13:09:02.695+0000] {dag.py:2676} INFO - Sync 1 DAGs
[2023-01-15T13:09:03.298+0000] {logging_mixin.py:137} INFO - [2023-01-15T13:09:03.294+0000] {dag.py:3427} INFO - Setting next_dagrun for example_sensors to None, run_after=None
[2023-01-15T13:09:03.756+0000] {processor.py:175} INFO - Processing /home/airflow/.local/lib/python3.7/site-packages/airflow/example_dags/example_sensors.py took 2.328 seconds
[2023-01-15T13:09:34.336+0000] {processor.py:153} INFO - Started process (PID=1094) to work on /home/airflow/.local/lib/python3.7/site-packages/airflow/example_dags/example_sensors.py
[2023-01-15T13:09:34.347+0000] {processor.py:743} INFO - Processing file /home/airflow/.local/lib/python3.7/site-packages/airflow/example_dags/example_sensors.py for tasks to queue
[2023-01-15T13:09:34.365+0000] {logging_mixin.py:137} INFO - [2023-01-15T13:09:34.356+0000] {dagbag.py:538} INFO - Filling up the DagBag from /home/airflow/.local/lib/python3.7/site-packages/airflow/example_dags/example_sensors.py
[2023-01-15T13:09:34.782+0000] {processor.py:753} INFO - DAG(s) dict_keys(['example_sensors']) retrieved from /home/airflow/.local/lib/python3.7/site-packages/airflow/example_dags/example_sensors.py
[2023-01-15T13:09:35.213+0000] {logging_mixin.py:137} INFO - [2023-01-15T13:09:35.213+0000] {dag.py:2676} INFO - Sync 1 DAGs
[2023-01-15T13:09:35.789+0000] {logging_mixin.py:137} INFO - [2023-01-15T13:09:35.789+0000] {dag.py:3427} INFO - Setting next_dagrun for example_sensors to None, run_after=None
[2023-01-15T13:09:36.288+0000] {processor.py:175} INFO - Processing /home/airflow/.local/lib/python3.7/site-packages/airflow/example_dags/example_sensors.py took 2.059 seconds
[2023-01-15T13:10:06.637+0000] {processor.py:153} INFO - Started process (PID=1150) to work on /home/airflow/.local/lib/python3.7/site-packages/airflow/example_dags/example_sensors.py
[2023-01-15T13:10:06.644+0000] {processor.py:743} INFO - Processing file /home/airflow/.local/lib/python3.7/site-packages/airflow/example_dags/example_sensors.py for tasks to queue
[2023-01-15T13:10:06.648+0000] {logging_mixin.py:137} INFO - [2023-01-15T13:10:06.648+0000] {dagbag.py:538} INFO - Filling up the DagBag from /home/airflow/.local/lib/python3.7/site-packages/airflow/example_dags/example_sensors.py
[2023-01-15T13:10:06.712+0000] {processor.py:753} INFO - DAG(s) dict_keys(['example_sensors']) retrieved from /home/airflow/.local/lib/python3.7/site-packages/airflow/example_dags/example_sensors.py
[2023-01-15T13:10:06.839+0000] {logging_mixin.py:137} INFO - [2023-01-15T13:10:06.839+0000] {dag.py:2676} INFO - Sync 1 DAGs
[2023-01-15T13:10:06.937+0000] {logging_mixin.py:137} INFO - [2023-01-15T13:10:06.936+0000] {dag.py:3427} INFO - Setting next_dagrun for example_sensors to None, run_after=None
[2023-01-15T13:10:07.238+0000] {processor.py:175} INFO - Processing /home/airflow/.local/lib/python3.7/site-packages/airflow/example_dags/example_sensors.py took 0.611 seconds
[2023-01-15T13:10:46.464+0000] {processor.py:153} INFO - Started process (PID=1208) to work on /home/airflow/.local/lib/python3.7/site-packages/airflow/example_dags/example_sensors.py
[2023-01-15T13:10:46.479+0000] {processor.py:743} INFO - Processing file /home/airflow/.local/lib/python3.7/site-packages/airflow/example_dags/example_sensors.py for tasks to queue
[2023-01-15T13:10:46.484+0000] {logging_mixin.py:137} INFO - [2023-01-15T13:10:46.484+0000] {dagbag.py:538} INFO - Filling up the DagBag from /home/airflow/.local/lib/python3.7/site-packages/airflow/example_dags/example_sensors.py
[2023-01-15T13:10:46.666+0000] {processor.py:753} INFO - DAG(s) dict_keys(['example_sensors']) retrieved from /home/airflow/.local/lib/python3.7/site-packages/airflow/example_dags/example_sensors.py
[2023-01-15T13:10:46.918+0000] {logging_mixin.py:137} INFO - [2023-01-15T13:10:46.918+0000] {dag.py:2676} INFO - Sync 1 DAGs
[2023-01-15T13:10:47.049+0000] {logging_mixin.py:137} INFO - [2023-01-15T13:10:47.047+0000] {dag.py:3427} INFO - Setting next_dagrun for example_sensors to None, run_after=None
[2023-01-15T13:10:47.126+0000] {processor.py:175} INFO - Processing /home/airflow/.local/lib/python3.7/site-packages/airflow/example_dags/example_sensors.py took 0.702 seconds
[2023-01-15T13:11:24.286+0000] {processor.py:153} INFO - Started process (PID=1257) to work on /home/airflow/.local/lib/python3.7/site-packages/airflow/example_dags/example_sensors.py
[2023-01-15T13:11:24.299+0000] {processor.py:743} INFO - Processing file /home/airflow/.local/lib/python3.7/site-packages/airflow/example_dags/example_sensors.py for tasks to queue
[2023-01-15T13:11:24.328+0000] {logging_mixin.py:137} INFO - [2023-01-15T13:11:24.328+0000] {dagbag.py:538} INFO - Filling up the DagBag from /home/airflow/.local/lib/python3.7/site-packages/airflow/example_dags/example_sensors.py
[2023-01-15T13:11:24.918+0000] {processor.py:753} INFO - DAG(s) dict_keys(['example_sensors']) retrieved from /home/airflow/.local/lib/python3.7/site-packages/airflow/example_dags/example_sensors.py
[2023-01-15T13:11:25.675+0000] {logging_mixin.py:137} INFO - [2023-01-15T13:11:25.674+0000] {dag.py:2676} INFO - Sync 1 DAGs
[2023-01-15T13:11:26.235+0000] {logging_mixin.py:137} INFO - [2023-01-15T13:11:26.235+0000] {dag.py:3427} INFO - Setting next_dagrun for example_sensors to None, run_after=None
[2023-01-15T13:11:26.852+0000] {processor.py:175} INFO - Processing /home/airflow/.local/lib/python3.7/site-packages/airflow/example_dags/example_sensors.py took 2.634 seconds
[2023-01-15T13:12:14.067+0000] {processor.py:153} INFO - Started process (PID=1315) to work on /home/airflow/.local/lib/python3.7/site-packages/airflow/example_dags/example_sensors.py
[2023-01-15T13:12:14.087+0000] {processor.py:743} INFO - Processing file /home/airflow/.local/lib/python3.7/site-packages/airflow/example_dags/example_sensors.py for tasks to queue
[2023-01-15T13:12:14.101+0000] {logging_mixin.py:137} INFO - [2023-01-15T13:12:14.098+0000] {dagbag.py:538} INFO - Filling up the DagBag from /home/airflow/.local/lib/python3.7/site-packages/airflow/example_dags/example_sensors.py
[2023-01-15T13:12:14.825+0000] {processor.py:753} INFO - DAG(s) dict_keys(['example_sensors']) retrieved from /home/airflow/.local/lib/python3.7/site-packages/airflow/example_dags/example_sensors.py
[2023-01-15T13:12:16.786+0000] {logging_mixin.py:137} INFO - [2023-01-15T13:12:16.783+0000] {dag.py:2676} INFO - Sync 1 DAGs
[2023-01-15T13:12:17.591+0000] {logging_mixin.py:137} INFO - [2023-01-15T13:12:17.579+0000] {dag.py:3427} INFO - Setting next_dagrun for example_sensors to None, run_after=None
[2023-01-15T13:12:17.939+0000] {processor.py:175} INFO - Processing /home/airflow/.local/lib/python3.7/site-packages/airflow/example_dags/example_sensors.py took 3.942 seconds
[2023-01-15T13:12:49.338+0000] {processor.py:153} INFO - Started process (PID=1371) to work on /home/airflow/.local/lib/python3.7/site-packages/airflow/example_dags/example_sensors.py
[2023-01-15T13:12:49.355+0000] {processor.py:743} INFO - Processing file /home/airflow/.local/lib/python3.7/site-packages/airflow/example_dags/example_sensors.py for tasks to queue
[2023-01-15T13:12:49.372+0000] {logging_mixin.py:137} INFO - [2023-01-15T13:12:49.372+0000] {dagbag.py:538} INFO - Filling up the DagBag from /home/airflow/.local/lib/python3.7/site-packages/airflow/example_dags/example_sensors.py
[2023-01-15T13:12:49.579+0000] {processor.py:753} INFO - DAG(s) dict_keys(['example_sensors']) retrieved from /home/airflow/.local/lib/python3.7/site-packages/airflow/example_dags/example_sensors.py
[2023-01-15T13:12:50.176+0000] {logging_mixin.py:137} INFO - [2023-01-15T13:12:50.176+0000] {dag.py:2676} INFO - Sync 1 DAGs
[2023-01-15T13:12:50.315+0000] {logging_mixin.py:137} INFO - [2023-01-15T13:12:50.315+0000] {dag.py:3427} INFO - Setting next_dagrun for example_sensors to None, run_after=None
[2023-01-15T13:12:50.421+0000] {processor.py:175} INFO - Processing /home/airflow/.local/lib/python3.7/site-packages/airflow/example_dags/example_sensors.py took 1.102 seconds
[2023-01-15T13:13:37.719+0000] {processor.py:153} INFO - Started process (PID=1430) to work on /home/airflow/.local/lib/python3.7/site-packages/airflow/example_dags/example_sensors.py
[2023-01-15T13:13:37.725+0000] {processor.py:743} INFO - Processing file /home/airflow/.local/lib/python3.7/site-packages/airflow/example_dags/example_sensors.py for tasks to queue
[2023-01-15T13:13:37.727+0000] {logging_mixin.py:137} INFO - [2023-01-15T13:13:37.727+0000] {dagbag.py:538} INFO - Filling up the DagBag from /home/airflow/.local/lib/python3.7/site-packages/airflow/example_dags/example_sensors.py
[2023-01-15T13:13:37.822+0000] {processor.py:753} INFO - DAG(s) dict_keys(['example_sensors']) retrieved from /home/airflow/.local/lib/python3.7/site-packages/airflow/example_dags/example_sensors.py
[2023-01-15T13:13:37.989+0000] {logging_mixin.py:137} INFO - [2023-01-15T13:13:37.989+0000] {dag.py:2676} INFO - Sync 1 DAGs
[2023-01-15T13:13:38.119+0000] {logging_mixin.py:137} INFO - [2023-01-15T13:13:38.119+0000] {dag.py:3427} INFO - Setting next_dagrun for example_sensors to None, run_after=None
[2023-01-15T13:13:38.188+0000] {processor.py:175} INFO - Processing /home/airflow/.local/lib/python3.7/site-packages/airflow/example_dags/example_sensors.py took 0.480 seconds
[2023-01-15T13:14:11.032+0000] {processor.py:153} INFO - Started process (PID=1486) to work on /home/airflow/.local/lib/python3.7/site-packages/airflow/example_dags/example_sensors.py
[2023-01-15T13:14:11.035+0000] {processor.py:743} INFO - Processing file /home/airflow/.local/lib/python3.7/site-packages/airflow/example_dags/example_sensors.py for tasks to queue
[2023-01-15T13:14:11.038+0000] {logging_mixin.py:137} INFO - [2023-01-15T13:14:11.037+0000] {dagbag.py:538} INFO - Filling up the DagBag from /home/airflow/.local/lib/python3.7/site-packages/airflow/example_dags/example_sensors.py
[2023-01-15T13:14:11.131+0000] {processor.py:753} INFO - DAG(s) dict_keys(['example_sensors']) retrieved from /home/airflow/.local/lib/python3.7/site-packages/airflow/example_dags/example_sensors.py
[2023-01-15T13:14:11.484+0000] {logging_mixin.py:137} INFO - [2023-01-15T13:14:11.484+0000] {dag.py:2676} INFO - Sync 1 DAGs
[2023-01-15T13:14:11.871+0000] {logging_mixin.py:137} INFO - [2023-01-15T13:14:11.861+0000] {dag.py:3427} INFO - Setting next_dagrun for example_sensors to None, run_after=None
[2023-01-15T13:14:12.067+0000] {processor.py:175} INFO - Processing /home/airflow/.local/lib/python3.7/site-packages/airflow/example_dags/example_sensors.py took 1.061 seconds
[2023-01-15T13:14:42.363+0000] {processor.py:153} INFO - Started process (PID=1540) to work on /home/airflow/.local/lib/python3.7/site-packages/airflow/example_dags/example_sensors.py
[2023-01-15T13:14:42.375+0000] {processor.py:743} INFO - Processing file /home/airflow/.local/lib/python3.7/site-packages/airflow/example_dags/example_sensors.py for tasks to queue
[2023-01-15T13:14:42.377+0000] {logging_mixin.py:137} INFO - [2023-01-15T13:14:42.377+0000] {dagbag.py:538} INFO - Filling up the DagBag from /home/airflow/.local/lib/python3.7/site-packages/airflow/example_dags/example_sensors.py
[2023-01-15T13:14:42.710+0000] {processor.py:753} INFO - DAG(s) dict_keys(['example_sensors']) retrieved from /home/airflow/.local/lib/python3.7/site-packages/airflow/example_dags/example_sensors.py
[2023-01-15T13:14:43.139+0000] {logging_mixin.py:137} INFO - [2023-01-15T13:14:43.139+0000] {dag.py:2676} INFO - Sync 1 DAGs
[2023-01-15T13:14:43.356+0000] {logging_mixin.py:137} INFO - [2023-01-15T13:14:43.356+0000] {dag.py:3427} INFO - Setting next_dagrun for example_sensors to None, run_after=None
[2023-01-15T13:14:43.504+0000] {processor.py:175} INFO - Processing /home/airflow/.local/lib/python3.7/site-packages/airflow/example_dags/example_sensors.py took 1.172 seconds
[2023-01-15T13:15:15.604+0000] {processor.py:153} INFO - Started process (PID=1589) to work on /home/airflow/.local/lib/python3.7/site-packages/airflow/example_dags/example_sensors.py
[2023-01-15T13:15:15.653+0000] {processor.py:743} INFO - Processing file /home/airflow/.local/lib/python3.7/site-packages/airflow/example_dags/example_sensors.py for tasks to queue
[2023-01-15T13:15:15.656+0000] {logging_mixin.py:137} INFO - [2023-01-15T13:15:15.655+0000] {dagbag.py:538} INFO - Filling up the DagBag from /home/airflow/.local/lib/python3.7/site-packages/airflow/example_dags/example_sensors.py
[2023-01-15T13:15:15.879+0000] {processor.py:753} INFO - DAG(s) dict_keys(['example_sensors']) retrieved from /home/airflow/.local/lib/python3.7/site-packages/airflow/example_dags/example_sensors.py
[2023-01-15T13:15:16.245+0000] {logging_mixin.py:137} INFO - [2023-01-15T13:15:16.245+0000] {dag.py:2676} INFO - Sync 1 DAGs
[2023-01-15T13:15:16.494+0000] {logging_mixin.py:137} INFO - [2023-01-15T13:15:16.494+0000] {dag.py:3427} INFO - Setting next_dagrun for example_sensors to None, run_after=None
[2023-01-15T13:15:16.848+0000] {processor.py:175} INFO - Processing /home/airflow/.local/lib/python3.7/site-packages/airflow/example_dags/example_sensors.py took 1.287 seconds
[2023-01-15T13:43:42.773+0000] {processor.py:153} INFO - Started process (PID=78) to work on /home/airflow/.local/lib/python3.7/site-packages/airflow/example_dags/example_sensors.py
[2023-01-15T13:43:42.858+0000] {processor.py:743} INFO - Processing file /home/airflow/.local/lib/python3.7/site-packages/airflow/example_dags/example_sensors.py for tasks to queue
[2023-01-15T13:43:42.889+0000] {logging_mixin.py:137} INFO - [2023-01-15T13:43:42.862+0000] {dagbag.py:538} INFO - Filling up the DagBag from /home/airflow/.local/lib/python3.7/site-packages/airflow/example_dags/example_sensors.py
[2023-01-15T13:43:44.003+0000] {processor.py:753} INFO - DAG(s) dict_keys(['example_sensors']) retrieved from /home/airflow/.local/lib/python3.7/site-packages/airflow/example_dags/example_sensors.py
[2023-01-15T13:43:44.837+0000] {logging_mixin.py:137} INFO - [2023-01-15T13:43:44.836+0000] {dag.py:2676} INFO - Sync 1 DAGs
[2023-01-15T13:43:45.498+0000] {logging_mixin.py:137} INFO - [2023-01-15T13:43:45.498+0000] {dag.py:3427} INFO - Setting next_dagrun for example_sensors to None, run_after=None
[2023-01-15T13:43:45.903+0000] {processor.py:175} INFO - Processing /home/airflow/.local/lib/python3.7/site-packages/airflow/example_dags/example_sensors.py took 3.296 seconds
[2023-01-15T13:45:11.264+0000] {processor.py:153} INFO - Started process (PID=152) to work on /home/airflow/.local/lib/python3.7/site-packages/airflow/example_dags/example_sensors.py
[2023-01-15T13:45:11.303+0000] {processor.py:743} INFO - Processing file /home/airflow/.local/lib/python3.7/site-packages/airflow/example_dags/example_sensors.py for tasks to queue
[2023-01-15T13:45:11.316+0000] {logging_mixin.py:137} INFO - [2023-01-15T13:45:11.316+0000] {dagbag.py:538} INFO - Filling up the DagBag from /home/airflow/.local/lib/python3.7/site-packages/airflow/example_dags/example_sensors.py
[2023-01-15T13:45:12.032+0000] {processor.py:753} INFO - DAG(s) dict_keys(['example_sensors']) retrieved from /home/airflow/.local/lib/python3.7/site-packages/airflow/example_dags/example_sensors.py
[2023-01-15T13:45:13.506+0000] {logging_mixin.py:137} INFO - [2023-01-15T13:45:13.506+0000] {dag.py:2676} INFO - Sync 1 DAGs
[2023-01-15T13:45:14.283+0000] {logging_mixin.py:137} INFO - [2023-01-15T13:45:14.283+0000] {dag.py:3427} INFO - Setting next_dagrun for example_sensors to None, run_after=None
[2023-01-15T13:45:14.933+0000] {processor.py:175} INFO - Processing /home/airflow/.local/lib/python3.7/site-packages/airflow/example_dags/example_sensors.py took 3.854 seconds
[2023-01-15T13:45:52.819+0000] {processor.py:153} INFO - Started process (PID=208) to work on /home/airflow/.local/lib/python3.7/site-packages/airflow/example_dags/example_sensors.py
[2023-01-15T13:45:52.825+0000] {processor.py:743} INFO - Processing file /home/airflow/.local/lib/python3.7/site-packages/airflow/example_dags/example_sensors.py for tasks to queue
[2023-01-15T13:45:52.829+0000] {logging_mixin.py:137} INFO - [2023-01-15T13:45:52.829+0000] {dagbag.py:538} INFO - Filling up the DagBag from /home/airflow/.local/lib/python3.7/site-packages/airflow/example_dags/example_sensors.py
[2023-01-15T13:45:52.980+0000] {processor.py:753} INFO - DAG(s) dict_keys(['example_sensors']) retrieved from /home/airflow/.local/lib/python3.7/site-packages/airflow/example_dags/example_sensors.py
[2023-01-15T13:45:53.265+0000] {logging_mixin.py:137} INFO - [2023-01-15T13:45:53.265+0000] {dag.py:2676} INFO - Sync 1 DAGs
[2023-01-15T13:45:53.361+0000] {logging_mixin.py:137} INFO - [2023-01-15T13:45:53.360+0000] {dag.py:3427} INFO - Setting next_dagrun for example_sensors to None, run_after=None
[2023-01-15T13:45:53.431+0000] {processor.py:175} INFO - Processing /home/airflow/.local/lib/python3.7/site-packages/airflow/example_dags/example_sensors.py took 0.636 seconds
[2023-01-15T13:46:29.922+0000] {processor.py:153} INFO - Started process (PID=264) to work on /home/airflow/.local/lib/python3.7/site-packages/airflow/example_dags/example_sensors.py
[2023-01-15T13:46:29.927+0000] {processor.py:743} INFO - Processing file /home/airflow/.local/lib/python3.7/site-packages/airflow/example_dags/example_sensors.py for tasks to queue
[2023-01-15T13:46:29.929+0000] {logging_mixin.py:137} INFO - [2023-01-15T13:46:29.928+0000] {dagbag.py:538} INFO - Filling up the DagBag from /home/airflow/.local/lib/python3.7/site-packages/airflow/example_dags/example_sensors.py
[2023-01-15T13:46:30.018+0000] {processor.py:753} INFO - DAG(s) dict_keys(['example_sensors']) retrieved from /home/airflow/.local/lib/python3.7/site-packages/airflow/example_dags/example_sensors.py
[2023-01-15T13:46:30.297+0000] {logging_mixin.py:137} INFO - [2023-01-15T13:46:30.297+0000] {dag.py:2676} INFO - Sync 1 DAGs
[2023-01-15T13:46:30.508+0000] {logging_mixin.py:137} INFO - [2023-01-15T13:46:30.508+0000] {dag.py:3427} INFO - Setting next_dagrun for example_sensors to None, run_after=None
[2023-01-15T13:46:30.586+0000] {processor.py:175} INFO - Processing /home/airflow/.local/lib/python3.7/site-packages/airflow/example_dags/example_sensors.py took 0.681 seconds
[2023-01-15T13:47:01.911+0000] {processor.py:153} INFO - Started process (PID=319) to work on /home/airflow/.local/lib/python3.7/site-packages/airflow/example_dags/example_sensors.py
[2023-01-15T13:47:01.918+0000] {processor.py:743} INFO - Processing file /home/airflow/.local/lib/python3.7/site-packages/airflow/example_dags/example_sensors.py for tasks to queue
[2023-01-15T13:47:01.924+0000] {logging_mixin.py:137} INFO - [2023-01-15T13:47:01.924+0000] {dagbag.py:538} INFO - Filling up the DagBag from /home/airflow/.local/lib/python3.7/site-packages/airflow/example_dags/example_sensors.py
[2023-01-15T13:47:02.112+0000] {processor.py:753} INFO - DAG(s) dict_keys(['example_sensors']) retrieved from /home/airflow/.local/lib/python3.7/site-packages/airflow/example_dags/example_sensors.py
[2023-01-15T13:47:02.548+0000] {logging_mixin.py:137} INFO - [2023-01-15T13:47:02.548+0000] {dag.py:2676} INFO - Sync 1 DAGs
[2023-01-15T13:47:02.744+0000] {logging_mixin.py:137} INFO - [2023-01-15T13:47:02.744+0000] {dag.py:3427} INFO - Setting next_dagrun for example_sensors to None, run_after=None
[2023-01-15T13:47:02.920+0000] {processor.py:175} INFO - Processing /home/airflow/.local/lib/python3.7/site-packages/airflow/example_dags/example_sensors.py took 1.040 seconds
[2023-01-15T13:47:33.445+0000] {processor.py:153} INFO - Started process (PID=375) to work on /home/airflow/.local/lib/python3.7/site-packages/airflow/example_dags/example_sensors.py
[2023-01-15T13:47:33.459+0000] {processor.py:743} INFO - Processing file /home/airflow/.local/lib/python3.7/site-packages/airflow/example_dags/example_sensors.py for tasks to queue
[2023-01-15T13:47:33.468+0000] {logging_mixin.py:137} INFO - [2023-01-15T13:47:33.468+0000] {dagbag.py:538} INFO - Filling up the DagBag from /home/airflow/.local/lib/python3.7/site-packages/airflow/example_dags/example_sensors.py
[2023-01-15T13:47:33.676+0000] {processor.py:753} INFO - DAG(s) dict_keys(['example_sensors']) retrieved from /home/airflow/.local/lib/python3.7/site-packages/airflow/example_dags/example_sensors.py
[2023-01-15T13:47:33.849+0000] {logging_mixin.py:137} INFO - [2023-01-15T13:47:33.849+0000] {dag.py:2676} INFO - Sync 1 DAGs
[2023-01-15T13:47:33.936+0000] {logging_mixin.py:137} INFO - [2023-01-15T13:47:33.936+0000] {dag.py:3427} INFO - Setting next_dagrun for example_sensors to None, run_after=None
[2023-01-15T13:47:34.004+0000] {processor.py:175} INFO - Processing /home/airflow/.local/lib/python3.7/site-packages/airflow/example_dags/example_sensors.py took 0.574 seconds
[2023-01-15T13:48:04.073+0000] {processor.py:153} INFO - Started process (PID=422) to work on /home/airflow/.local/lib/python3.7/site-packages/airflow/example_dags/example_sensors.py
[2023-01-15T13:48:04.075+0000] {processor.py:743} INFO - Processing file /home/airflow/.local/lib/python3.7/site-packages/airflow/example_dags/example_sensors.py for tasks to queue
[2023-01-15T13:48:04.076+0000] {logging_mixin.py:137} INFO - [2023-01-15T13:48:04.076+0000] {dagbag.py:538} INFO - Filling up the DagBag from /home/airflow/.local/lib/python3.7/site-packages/airflow/example_dags/example_sensors.py
[2023-01-15T13:48:04.142+0000] {processor.py:753} INFO - DAG(s) dict_keys(['example_sensors']) retrieved from /home/airflow/.local/lib/python3.7/site-packages/airflow/example_dags/example_sensors.py
[2023-01-15T13:48:04.247+0000] {logging_mixin.py:137} INFO - [2023-01-15T13:48:04.247+0000] {dag.py:2676} INFO - Sync 1 DAGs
[2023-01-15T13:48:04.312+0000] {logging_mixin.py:137} INFO - [2023-01-15T13:48:04.312+0000] {dag.py:3427} INFO - Setting next_dagrun for example_sensors to None, run_after=None
[2023-01-15T13:48:04.366+0000] {processor.py:175} INFO - Processing /home/airflow/.local/lib/python3.7/site-packages/airflow/example_dags/example_sensors.py took 0.298 seconds
[2023-01-15T13:48:35.228+0000] {processor.py:153} INFO - Started process (PID=476) to work on /home/airflow/.local/lib/python3.7/site-packages/airflow/example_dags/example_sensors.py
[2023-01-15T13:48:35.238+0000] {processor.py:743} INFO - Processing file /home/airflow/.local/lib/python3.7/site-packages/airflow/example_dags/example_sensors.py for tasks to queue
[2023-01-15T13:48:35.242+0000] {logging_mixin.py:137} INFO - [2023-01-15T13:48:35.242+0000] {dagbag.py:538} INFO - Filling up the DagBag from /home/airflow/.local/lib/python3.7/site-packages/airflow/example_dags/example_sensors.py
[2023-01-15T13:48:35.358+0000] {processor.py:753} INFO - DAG(s) dict_keys(['example_sensors']) retrieved from /home/airflow/.local/lib/python3.7/site-packages/airflow/example_dags/example_sensors.py
[2023-01-15T13:48:35.571+0000] {logging_mixin.py:137} INFO - [2023-01-15T13:48:35.571+0000] {dag.py:2676} INFO - Sync 1 DAGs
[2023-01-15T13:48:35.700+0000] {logging_mixin.py:137} INFO - [2023-01-15T13:48:35.700+0000] {dag.py:3427} INFO - Setting next_dagrun for example_sensors to None, run_after=None
[2023-01-15T13:48:35.784+0000] {processor.py:175} INFO - Processing /home/airflow/.local/lib/python3.7/site-packages/airflow/example_dags/example_sensors.py took 0.588 seconds
[2023-01-15T13:49:06.614+0000] {processor.py:153} INFO - Started process (PID=531) to work on /home/airflow/.local/lib/python3.7/site-packages/airflow/example_dags/example_sensors.py
[2023-01-15T13:49:06.628+0000] {processor.py:743} INFO - Processing file /home/airflow/.local/lib/python3.7/site-packages/airflow/example_dags/example_sensors.py for tasks to queue
[2023-01-15T13:49:06.646+0000] {logging_mixin.py:137} INFO - [2023-01-15T13:49:06.646+0000] {dagbag.py:538} INFO - Filling up the DagBag from /home/airflow/.local/lib/python3.7/site-packages/airflow/example_dags/example_sensors.py
[2023-01-15T13:49:06.864+0000] {processor.py:753} INFO - DAG(s) dict_keys(['example_sensors']) retrieved from /home/airflow/.local/lib/python3.7/site-packages/airflow/example_dags/example_sensors.py
[2023-01-15T13:49:07.155+0000] {logging_mixin.py:137} INFO - [2023-01-15T13:49:07.154+0000] {dag.py:2676} INFO - Sync 1 DAGs
[2023-01-15T13:49:07.305+0000] {logging_mixin.py:137} INFO - [2023-01-15T13:49:07.305+0000] {dag.py:3427} INFO - Setting next_dagrun for example_sensors to None, run_after=None
[2023-01-15T13:49:07.390+0000] {processor.py:175} INFO - Processing /home/airflow/.local/lib/python3.7/site-packages/airflow/example_dags/example_sensors.py took 0.831 seconds
[2023-01-15T13:49:39.130+0000] {processor.py:153} INFO - Started process (PID=594) to work on /home/airflow/.local/lib/python3.7/site-packages/airflow/example_dags/example_sensors.py
[2023-01-15T13:49:39.151+0000] {processor.py:743} INFO - Processing file /home/airflow/.local/lib/python3.7/site-packages/airflow/example_dags/example_sensors.py for tasks to queue
[2023-01-15T13:49:39.158+0000] {logging_mixin.py:137} INFO - [2023-01-15T13:49:39.158+0000] {dagbag.py:538} INFO - Filling up the DagBag from /home/airflow/.local/lib/python3.7/site-packages/airflow/example_dags/example_sensors.py
[2023-01-15T13:49:39.503+0000] {processor.py:753} INFO - DAG(s) dict_keys(['example_sensors']) retrieved from /home/airflow/.local/lib/python3.7/site-packages/airflow/example_dags/example_sensors.py
[2023-01-15T13:49:39.994+0000] {logging_mixin.py:137} INFO - [2023-01-15T13:49:39.994+0000] {dag.py:2676} INFO - Sync 1 DAGs
[2023-01-15T13:49:40.277+0000] {logging_mixin.py:137} INFO - [2023-01-15T13:49:40.277+0000] {dag.py:3427} INFO - Setting next_dagrun for example_sensors to None, run_after=None
[2023-01-15T13:49:40.441+0000] {processor.py:175} INFO - Processing /home/airflow/.local/lib/python3.7/site-packages/airflow/example_dags/example_sensors.py took 1.366 seconds
[2023-01-15T13:50:10.702+0000] {processor.py:153} INFO - Started process (PID=643) to work on /home/airflow/.local/lib/python3.7/site-packages/airflow/example_dags/example_sensors.py
[2023-01-15T13:50:10.706+0000] {processor.py:743} INFO - Processing file /home/airflow/.local/lib/python3.7/site-packages/airflow/example_dags/example_sensors.py for tasks to queue
[2023-01-15T13:50:10.708+0000] {logging_mixin.py:137} INFO - [2023-01-15T13:50:10.708+0000] {dagbag.py:538} INFO - Filling up the DagBag from /home/airflow/.local/lib/python3.7/site-packages/airflow/example_dags/example_sensors.py
[2023-01-15T13:50:10.736+0000] {processor.py:753} INFO - DAG(s) dict_keys(['example_sensors']) retrieved from /home/airflow/.local/lib/python3.7/site-packages/airflow/example_dags/example_sensors.py
[2023-01-15T13:50:10.791+0000] {logging_mixin.py:137} INFO - [2023-01-15T13:50:10.791+0000] {dag.py:2676} INFO - Sync 1 DAGs
[2023-01-15T13:50:10.844+0000] {logging_mixin.py:137} INFO - [2023-01-15T13:50:10.844+0000] {dag.py:3427} INFO - Setting next_dagrun for example_sensors to None, run_after=None
[2023-01-15T13:50:10.886+0000] {processor.py:175} INFO - Processing /home/airflow/.local/lib/python3.7/site-packages/airflow/example_dags/example_sensors.py took 0.196 seconds
[2023-01-15T13:50:41.627+0000] {processor.py:153} INFO - Started process (PID=699) to work on /home/airflow/.local/lib/python3.7/site-packages/airflow/example_dags/example_sensors.py
[2023-01-15T13:50:41.629+0000] {processor.py:743} INFO - Processing file /home/airflow/.local/lib/python3.7/site-packages/airflow/example_dags/example_sensors.py for tasks to queue
[2023-01-15T13:50:41.631+0000] {logging_mixin.py:137} INFO - [2023-01-15T13:50:41.631+0000] {dagbag.py:538} INFO - Filling up the DagBag from /home/airflow/.local/lib/python3.7/site-packages/airflow/example_dags/example_sensors.py
[2023-01-15T13:50:41.658+0000] {processor.py:753} INFO - DAG(s) dict_keys(['example_sensors']) retrieved from /home/airflow/.local/lib/python3.7/site-packages/airflow/example_dags/example_sensors.py
[2023-01-15T13:50:41.709+0000] {logging_mixin.py:137} INFO - [2023-01-15T13:50:41.709+0000] {dag.py:2676} INFO - Sync 1 DAGs
[2023-01-15T13:50:41.738+0000] {logging_mixin.py:137} INFO - [2023-01-15T13:50:41.738+0000] {dag.py:3427} INFO - Setting next_dagrun for example_sensors to None, run_after=None
[2023-01-15T13:50:41.773+0000] {processor.py:175} INFO - Processing /home/airflow/.local/lib/python3.7/site-packages/airflow/example_dags/example_sensors.py took 0.150 seconds
[2023-01-15T13:51:12.787+0000] {processor.py:153} INFO - Started process (PID=755) to work on /home/airflow/.local/lib/python3.7/site-packages/airflow/example_dags/example_sensors.py
[2023-01-15T13:51:12.808+0000] {processor.py:743} INFO - Processing file /home/airflow/.local/lib/python3.7/site-packages/airflow/example_dags/example_sensors.py for tasks to queue
[2023-01-15T13:51:12.810+0000] {logging_mixin.py:137} INFO - [2023-01-15T13:51:12.810+0000] {dagbag.py:538} INFO - Filling up the DagBag from /home/airflow/.local/lib/python3.7/site-packages/airflow/example_dags/example_sensors.py
[2023-01-15T13:51:12.927+0000] {processor.py:753} INFO - DAG(s) dict_keys(['example_sensors']) retrieved from /home/airflow/.local/lib/python3.7/site-packages/airflow/example_dags/example_sensors.py
[2023-01-15T13:51:13.105+0000] {logging_mixin.py:137} INFO - [2023-01-15T13:51:13.105+0000] {dag.py:2676} INFO - Sync 1 DAGs
[2023-01-15T13:51:13.194+0000] {logging_mixin.py:137} INFO - [2023-01-15T13:51:13.194+0000] {dag.py:3427} INFO - Setting next_dagrun for example_sensors to None, run_after=None
[2023-01-15T13:51:13.262+0000] {processor.py:175} INFO - Processing /home/airflow/.local/lib/python3.7/site-packages/airflow/example_dags/example_sensors.py took 0.495 seconds
[2023-01-15T13:51:43.812+0000] {processor.py:153} INFO - Started process (PID=811) to work on /home/airflow/.local/lib/python3.7/site-packages/airflow/example_dags/example_sensors.py
[2023-01-15T13:51:43.814+0000] {processor.py:743} INFO - Processing file /home/airflow/.local/lib/python3.7/site-packages/airflow/example_dags/example_sensors.py for tasks to queue
[2023-01-15T13:51:43.816+0000] {logging_mixin.py:137} INFO - [2023-01-15T13:51:43.816+0000] {dagbag.py:538} INFO - Filling up the DagBag from /home/airflow/.local/lib/python3.7/site-packages/airflow/example_dags/example_sensors.py
[2023-01-15T13:51:43.842+0000] {processor.py:753} INFO - DAG(s) dict_keys(['example_sensors']) retrieved from /home/airflow/.local/lib/python3.7/site-packages/airflow/example_dags/example_sensors.py
[2023-01-15T13:51:43.896+0000] {logging_mixin.py:137} INFO - [2023-01-15T13:51:43.896+0000] {dag.py:2676} INFO - Sync 1 DAGs
[2023-01-15T13:51:43.927+0000] {logging_mixin.py:137} INFO - [2023-01-15T13:51:43.927+0000] {dag.py:3427} INFO - Setting next_dagrun for example_sensors to None, run_after=None
[2023-01-15T13:51:43.964+0000] {processor.py:175} INFO - Processing /home/airflow/.local/lib/python3.7/site-packages/airflow/example_dags/example_sensors.py took 0.159 seconds
[2023-01-15T13:52:16.956+0000] {processor.py:153} INFO - Started process (PID=865) to work on /home/airflow/.local/lib/python3.7/site-packages/airflow/example_dags/example_sensors.py
[2023-01-15T13:52:16.966+0000] {processor.py:743} INFO - Processing file /home/airflow/.local/lib/python3.7/site-packages/airflow/example_dags/example_sensors.py for tasks to queue
[2023-01-15T13:52:16.968+0000] {logging_mixin.py:137} INFO - [2023-01-15T13:52:16.968+0000] {dagbag.py:538} INFO - Filling up the DagBag from /home/airflow/.local/lib/python3.7/site-packages/airflow/example_dags/example_sensors.py
[2023-01-15T13:52:17.057+0000] {processor.py:753} INFO - DAG(s) dict_keys(['example_sensors']) retrieved from /home/airflow/.local/lib/python3.7/site-packages/airflow/example_dags/example_sensors.py
[2023-01-15T13:52:17.208+0000] {logging_mixin.py:137} INFO - [2023-01-15T13:52:17.206+0000] {dag.py:2676} INFO - Sync 1 DAGs
[2023-01-15T13:52:17.310+0000] {logging_mixin.py:137} INFO - [2023-01-15T13:52:17.309+0000] {dag.py:3427} INFO - Setting next_dagrun for example_sensors to None, run_after=None
[2023-01-15T13:52:17.398+0000] {processor.py:175} INFO - Processing /home/airflow/.local/lib/python3.7/site-packages/airflow/example_dags/example_sensors.py took 0.450 seconds
[2023-01-15T13:52:49.502+0000] {processor.py:153} INFO - Started process (PID=919) to work on /home/airflow/.local/lib/python3.7/site-packages/airflow/example_dags/example_sensors.py
[2023-01-15T13:52:49.510+0000] {processor.py:743} INFO - Processing file /home/airflow/.local/lib/python3.7/site-packages/airflow/example_dags/example_sensors.py for tasks to queue
[2023-01-15T13:52:49.516+0000] {logging_mixin.py:137} INFO - [2023-01-15T13:52:49.516+0000] {dagbag.py:538} INFO - Filling up the DagBag from /home/airflow/.local/lib/python3.7/site-packages/airflow/example_dags/example_sensors.py
[2023-01-15T13:52:49.859+0000] {processor.py:753} INFO - DAG(s) dict_keys(['example_sensors']) retrieved from /home/airflow/.local/lib/python3.7/site-packages/airflow/example_dags/example_sensors.py
[2023-01-15T13:52:50.172+0000] {logging_mixin.py:137} INFO - [2023-01-15T13:52:50.172+0000] {dag.py:2676} INFO - Sync 1 DAGs
[2023-01-15T13:52:50.368+0000] {logging_mixin.py:137} INFO - [2023-01-15T13:52:50.368+0000] {dag.py:3427} INFO - Setting next_dagrun for example_sensors to None, run_after=None
[2023-01-15T13:52:50.524+0000] {processor.py:175} INFO - Processing /home/airflow/.local/lib/python3.7/site-packages/airflow/example_dags/example_sensors.py took 1.099 seconds
