[2023-01-15T12:59:33.530+0000] {processor.py:153} INFO - Started process (PID=79) to work on /home/airflow/.local/lib/python3.7/site-packages/airflow/example_dags/example_branch_python_dop_operator_3.py
[2023-01-15T12:59:33.543+0000] {processor.py:743} INFO - Processing file /home/airflow/.local/lib/python3.7/site-packages/airflow/example_dags/example_branch_python_dop_operator_3.py for tasks to queue
[2023-01-15T12:59:33.545+0000] {logging_mixin.py:137} INFO - [2023-01-15T12:59:33.545+0000] {dagbag.py:538} INFO - Filling up the DagBag from /home/airflow/.local/lib/python3.7/site-packages/airflow/example_dags/example_branch_python_dop_operator_3.py
[2023-01-15T12:59:33.738+0000] {processor.py:753} INFO - DAG(s) dict_keys(['example_branch_dop_operator_v3']) retrieved from /home/airflow/.local/lib/python3.7/site-packages/airflow/example_dags/example_branch_python_dop_operator_3.py
[2023-01-15T12:59:34.801+0000] {logging_mixin.py:137} INFO - [2023-01-15T12:59:34.801+0000] {manager.py:504} INFO - Created Permission View: can read on DAG:example_branch_dop_operator_v3
[2023-01-15T12:59:34.866+0000] {logging_mixin.py:137} INFO - [2023-01-15T12:59:34.866+0000] {manager.py:504} INFO - Created Permission View: can edit on DAG:example_branch_dop_operator_v3
[2023-01-15T12:59:34.948+0000] {logging_mixin.py:137} INFO - [2023-01-15T12:59:34.948+0000] {manager.py:504} INFO - Created Permission View: can delete on DAG:example_branch_dop_operator_v3
[2023-01-15T12:59:34.950+0000] {logging_mixin.py:137} INFO - [2023-01-15T12:59:34.949+0000] {dag.py:2676} INFO - Sync 1 DAGs
[2023-01-15T12:59:35.045+0000] {logging_mixin.py:137} INFO - [2023-01-15T12:59:35.045+0000] {dag.py:2697} INFO - Creating ORM DAG for example_branch_dop_operator_v3
[2023-01-15T12:59:35.144+0000] {logging_mixin.py:137} INFO - [2023-01-15T12:59:35.144+0000] {dag.py:3427} INFO - Setting next_dagrun for example_branch_dop_operator_v3 to 2023-01-15T12:58:00+00:00, run_after=2023-01-15T12:59:00+00:00
[2023-01-15T12:59:35.264+0000] {processor.py:175} INFO - Processing /home/airflow/.local/lib/python3.7/site-packages/airflow/example_dags/example_branch_python_dop_operator_3.py took 1.758 seconds
[2023-01-15T13:00:05.632+0000] {processor.py:153} INFO - Started process (PID=135) to work on /home/airflow/.local/lib/python3.7/site-packages/airflow/example_dags/example_branch_python_dop_operator_3.py
[2023-01-15T13:00:05.636+0000] {processor.py:743} INFO - Processing file /home/airflow/.local/lib/python3.7/site-packages/airflow/example_dags/example_branch_python_dop_operator_3.py for tasks to queue
[2023-01-15T13:00:05.641+0000] {logging_mixin.py:137} INFO - [2023-01-15T13:00:05.641+0000] {dagbag.py:538} INFO - Filling up the DagBag from /home/airflow/.local/lib/python3.7/site-packages/airflow/example_dags/example_branch_python_dop_operator_3.py
[2023-01-15T13:00:05.737+0000] {processor.py:753} INFO - DAG(s) dict_keys(['example_branch_dop_operator_v3']) retrieved from /home/airflow/.local/lib/python3.7/site-packages/airflow/example_dags/example_branch_python_dop_operator_3.py
[2023-01-15T13:00:06.144+0000] {logging_mixin.py:137} INFO - [2023-01-15T13:00:06.143+0000] {dag.py:2676} INFO - Sync 1 DAGs
[2023-01-15T13:00:06.226+0000] {logging_mixin.py:137} INFO - [2023-01-15T13:00:06.226+0000] {dag.py:3427} INFO - Setting next_dagrun for example_branch_dop_operator_v3 to 2023-01-15T12:59:00+00:00, run_after=2023-01-15T13:00:00+00:00
[2023-01-15T13:00:06.325+0000] {processor.py:175} INFO - Processing /home/airflow/.local/lib/python3.7/site-packages/airflow/example_dags/example_branch_python_dop_operator_3.py took 0.709 seconds
[2023-01-15T13:00:36.640+0000] {processor.py:153} INFO - Started process (PID=191) to work on /home/airflow/.local/lib/python3.7/site-packages/airflow/example_dags/example_branch_python_dop_operator_3.py
[2023-01-15T13:00:36.642+0000] {processor.py:743} INFO - Processing file /home/airflow/.local/lib/python3.7/site-packages/airflow/example_dags/example_branch_python_dop_operator_3.py for tasks to queue
[2023-01-15T13:00:36.646+0000] {logging_mixin.py:137} INFO - [2023-01-15T13:00:36.646+0000] {dagbag.py:538} INFO - Filling up the DagBag from /home/airflow/.local/lib/python3.7/site-packages/airflow/example_dags/example_branch_python_dop_operator_3.py
[2023-01-15T13:00:36.738+0000] {processor.py:753} INFO - DAG(s) dict_keys(['example_branch_dop_operator_v3']) retrieved from /home/airflow/.local/lib/python3.7/site-packages/airflow/example_dags/example_branch_python_dop_operator_3.py
[2023-01-15T13:00:36.885+0000] {logging_mixin.py:137} INFO - [2023-01-15T13:00:36.884+0000] {dag.py:2676} INFO - Sync 1 DAGs
[2023-01-15T13:00:36.989+0000] {logging_mixin.py:137} INFO - [2023-01-15T13:00:36.988+0000] {dag.py:3427} INFO - Setting next_dagrun for example_branch_dop_operator_v3 to 2023-01-15T12:59:00+00:00, run_after=2023-01-15T13:00:00+00:00
[2023-01-15T13:00:37.066+0000] {processor.py:175} INFO - Processing /home/airflow/.local/lib/python3.7/site-packages/airflow/example_dags/example_branch_python_dop_operator_3.py took 0.437 seconds
[2023-01-15T13:01:07.675+0000] {processor.py:153} INFO - Started process (PID=247) to work on /home/airflow/.local/lib/python3.7/site-packages/airflow/example_dags/example_branch_python_dop_operator_3.py
[2023-01-15T13:01:07.682+0000] {processor.py:743} INFO - Processing file /home/airflow/.local/lib/python3.7/site-packages/airflow/example_dags/example_branch_python_dop_operator_3.py for tasks to queue
[2023-01-15T13:01:07.686+0000] {logging_mixin.py:137} INFO - [2023-01-15T13:01:07.686+0000] {dagbag.py:538} INFO - Filling up the DagBag from /home/airflow/.local/lib/python3.7/site-packages/airflow/example_dags/example_branch_python_dop_operator_3.py
[2023-01-15T13:01:07.810+0000] {processor.py:753} INFO - DAG(s) dict_keys(['example_branch_dop_operator_v3']) retrieved from /home/airflow/.local/lib/python3.7/site-packages/airflow/example_dags/example_branch_python_dop_operator_3.py
[2023-01-15T13:01:07.988+0000] {logging_mixin.py:137} INFO - [2023-01-15T13:01:07.988+0000] {dag.py:2676} INFO - Sync 1 DAGs
[2023-01-15T13:01:08.124+0000] {logging_mixin.py:137} INFO - [2023-01-15T13:01:08.124+0000] {dag.py:3427} INFO - Setting next_dagrun for example_branch_dop_operator_v3 to 2023-01-15T13:00:00+00:00, run_after=2023-01-15T13:01:00+00:00
[2023-01-15T13:01:08.234+0000] {processor.py:175} INFO - Processing /home/airflow/.local/lib/python3.7/site-packages/airflow/example_dags/example_branch_python_dop_operator_3.py took 0.574 seconds
[2023-01-15T13:01:38.442+0000] {processor.py:153} INFO - Started process (PID=301) to work on /home/airflow/.local/lib/python3.7/site-packages/airflow/example_dags/example_branch_python_dop_operator_3.py
[2023-01-15T13:01:38.449+0000] {processor.py:743} INFO - Processing file /home/airflow/.local/lib/python3.7/site-packages/airflow/example_dags/example_branch_python_dop_operator_3.py for tasks to queue
[2023-01-15T13:01:38.451+0000] {logging_mixin.py:137} INFO - [2023-01-15T13:01:38.451+0000] {dagbag.py:538} INFO - Filling up the DagBag from /home/airflow/.local/lib/python3.7/site-packages/airflow/example_dags/example_branch_python_dop_operator_3.py
[2023-01-15T13:01:38.568+0000] {processor.py:753} INFO - DAG(s) dict_keys(['example_branch_dop_operator_v3']) retrieved from /home/airflow/.local/lib/python3.7/site-packages/airflow/example_dags/example_branch_python_dop_operator_3.py
[2023-01-15T13:01:38.840+0000] {logging_mixin.py:137} INFO - [2023-01-15T13:01:38.835+0000] {dag.py:2676} INFO - Sync 1 DAGs
[2023-01-15T13:01:38.995+0000] {logging_mixin.py:137} INFO - [2023-01-15T13:01:38.995+0000] {dag.py:3427} INFO - Setting next_dagrun for example_branch_dop_operator_v3 to 2023-01-15T13:00:00+00:00, run_after=2023-01-15T13:01:00+00:00
[2023-01-15T13:01:39.092+0000] {processor.py:175} INFO - Processing /home/airflow/.local/lib/python3.7/site-packages/airflow/example_dags/example_branch_python_dop_operator_3.py took 0.673 seconds
[2023-01-15T13:02:09.360+0000] {processor.py:153} INFO - Started process (PID=357) to work on /home/airflow/.local/lib/python3.7/site-packages/airflow/example_dags/example_branch_python_dop_operator_3.py
[2023-01-15T13:02:09.362+0000] {processor.py:743} INFO - Processing file /home/airflow/.local/lib/python3.7/site-packages/airflow/example_dags/example_branch_python_dop_operator_3.py for tasks to queue
[2023-01-15T13:02:09.364+0000] {logging_mixin.py:137} INFO - [2023-01-15T13:02:09.364+0000] {dagbag.py:538} INFO - Filling up the DagBag from /home/airflow/.local/lib/python3.7/site-packages/airflow/example_dags/example_branch_python_dop_operator_3.py
[2023-01-15T13:02:09.422+0000] {processor.py:753} INFO - DAG(s) dict_keys(['example_branch_dop_operator_v3']) retrieved from /home/airflow/.local/lib/python3.7/site-packages/airflow/example_dags/example_branch_python_dop_operator_3.py
[2023-01-15T13:02:09.522+0000] {logging_mixin.py:137} INFO - [2023-01-15T13:02:09.522+0000] {dag.py:2676} INFO - Sync 1 DAGs
[2023-01-15T13:02:09.654+0000] {logging_mixin.py:137} INFO - [2023-01-15T13:02:09.654+0000] {dag.py:3427} INFO - Setting next_dagrun for example_branch_dop_operator_v3 to 2023-01-15T13:01:00+00:00, run_after=2023-01-15T13:02:00+00:00
[2023-01-15T13:02:09.725+0000] {processor.py:175} INFO - Processing /home/airflow/.local/lib/python3.7/site-packages/airflow/example_dags/example_branch_python_dop_operator_3.py took 0.379 seconds
[2023-01-15T13:02:40.378+0000] {processor.py:153} INFO - Started process (PID=411) to work on /home/airflow/.local/lib/python3.7/site-packages/airflow/example_dags/example_branch_python_dop_operator_3.py
[2023-01-15T13:02:40.383+0000] {processor.py:743} INFO - Processing file /home/airflow/.local/lib/python3.7/site-packages/airflow/example_dags/example_branch_python_dop_operator_3.py for tasks to queue
[2023-01-15T13:02:40.386+0000] {logging_mixin.py:137} INFO - [2023-01-15T13:02:40.386+0000] {dagbag.py:538} INFO - Filling up the DagBag from /home/airflow/.local/lib/python3.7/site-packages/airflow/example_dags/example_branch_python_dop_operator_3.py
[2023-01-15T13:02:40.550+0000] {processor.py:753} INFO - DAG(s) dict_keys(['example_branch_dop_operator_v3']) retrieved from /home/airflow/.local/lib/python3.7/site-packages/airflow/example_dags/example_branch_python_dop_operator_3.py
[2023-01-15T13:02:40.963+0000] {logging_mixin.py:137} INFO - [2023-01-15T13:02:40.962+0000] {dag.py:2676} INFO - Sync 1 DAGs
[2023-01-15T13:02:41.123+0000] {logging_mixin.py:137} INFO - [2023-01-15T13:02:41.122+0000] {dag.py:3427} INFO - Setting next_dagrun for example_branch_dop_operator_v3 to 2023-01-15T13:01:00+00:00, run_after=2023-01-15T13:02:00+00:00
[2023-01-15T13:02:41.246+0000] {processor.py:175} INFO - Processing /home/airflow/.local/lib/python3.7/site-packages/airflow/example_dags/example_branch_python_dop_operator_3.py took 0.893 seconds
[2023-01-15T13:03:12.212+0000] {processor.py:153} INFO - Started process (PID=467) to work on /home/airflow/.local/lib/python3.7/site-packages/airflow/example_dags/example_branch_python_dop_operator_3.py
[2023-01-15T13:03:12.215+0000] {processor.py:743} INFO - Processing file /home/airflow/.local/lib/python3.7/site-packages/airflow/example_dags/example_branch_python_dop_operator_3.py for tasks to queue
[2023-01-15T13:03:12.218+0000] {logging_mixin.py:137} INFO - [2023-01-15T13:03:12.218+0000] {dagbag.py:538} INFO - Filling up the DagBag from /home/airflow/.local/lib/python3.7/site-packages/airflow/example_dags/example_branch_python_dop_operator_3.py
[2023-01-15T13:03:12.339+0000] {processor.py:753} INFO - DAG(s) dict_keys(['example_branch_dop_operator_v3']) retrieved from /home/airflow/.local/lib/python3.7/site-packages/airflow/example_dags/example_branch_python_dop_operator_3.py
[2023-01-15T13:03:12.584+0000] {logging_mixin.py:137} INFO - [2023-01-15T13:03:12.584+0000] {dag.py:2676} INFO - Sync 1 DAGs
[2023-01-15T13:03:12.688+0000] {logging_mixin.py:137} INFO - [2023-01-15T13:03:12.688+0000] {dag.py:3427} INFO - Setting next_dagrun for example_branch_dop_operator_v3 to 2023-01-15T13:02:00+00:00, run_after=2023-01-15T13:03:00+00:00
[2023-01-15T13:03:12.769+0000] {processor.py:175} INFO - Processing /home/airflow/.local/lib/python3.7/site-packages/airflow/example_dags/example_branch_python_dop_operator_3.py took 0.570 seconds
[2023-01-15T13:03:43.133+0000] {processor.py:153} INFO - Started process (PID=523) to work on /home/airflow/.local/lib/python3.7/site-packages/airflow/example_dags/example_branch_python_dop_operator_3.py
[2023-01-15T13:03:43.135+0000] {processor.py:743} INFO - Processing file /home/airflow/.local/lib/python3.7/site-packages/airflow/example_dags/example_branch_python_dop_operator_3.py for tasks to queue
[2023-01-15T13:03:43.138+0000] {logging_mixin.py:137} INFO - [2023-01-15T13:03:43.138+0000] {dagbag.py:538} INFO - Filling up the DagBag from /home/airflow/.local/lib/python3.7/site-packages/airflow/example_dags/example_branch_python_dop_operator_3.py
[2023-01-15T13:03:43.195+0000] {processor.py:753} INFO - DAG(s) dict_keys(['example_branch_dop_operator_v3']) retrieved from /home/airflow/.local/lib/python3.7/site-packages/airflow/example_dags/example_branch_python_dop_operator_3.py
[2023-01-15T13:03:43.284+0000] {logging_mixin.py:137} INFO - [2023-01-15T13:03:43.284+0000] {dag.py:2676} INFO - Sync 1 DAGs
[2023-01-15T13:03:43.355+0000] {logging_mixin.py:137} INFO - [2023-01-15T13:03:43.355+0000] {dag.py:3427} INFO - Setting next_dagrun for example_branch_dop_operator_v3 to 2023-01-15T13:02:00+00:00, run_after=2023-01-15T13:03:00+00:00
[2023-01-15T13:03:43.400+0000] {processor.py:175} INFO - Processing /home/airflow/.local/lib/python3.7/site-packages/airflow/example_dags/example_branch_python_dop_operator_3.py took 0.279 seconds
[2023-01-15T13:04:13.969+0000] {processor.py:153} INFO - Started process (PID=579) to work on /home/airflow/.local/lib/python3.7/site-packages/airflow/example_dags/example_branch_python_dop_operator_3.py
[2023-01-15T13:04:13.972+0000] {processor.py:743} INFO - Processing file /home/airflow/.local/lib/python3.7/site-packages/airflow/example_dags/example_branch_python_dop_operator_3.py for tasks to queue
[2023-01-15T13:04:13.974+0000] {logging_mixin.py:137} INFO - [2023-01-15T13:04:13.974+0000] {dagbag.py:538} INFO - Filling up the DagBag from /home/airflow/.local/lib/python3.7/site-packages/airflow/example_dags/example_branch_python_dop_operator_3.py
[2023-01-15T13:04:14.047+0000] {processor.py:753} INFO - DAG(s) dict_keys(['example_branch_dop_operator_v3']) retrieved from /home/airflow/.local/lib/python3.7/site-packages/airflow/example_dags/example_branch_python_dop_operator_3.py
[2023-01-15T13:04:14.157+0000] {logging_mixin.py:137} INFO - [2023-01-15T13:04:14.156+0000] {dag.py:2676} INFO - Sync 1 DAGs
[2023-01-15T13:04:14.226+0000] {logging_mixin.py:137} INFO - [2023-01-15T13:04:14.226+0000] {dag.py:3427} INFO - Setting next_dagrun for example_branch_dop_operator_v3 to 2023-01-15T13:03:00+00:00, run_after=2023-01-15T13:04:00+00:00
[2023-01-15T13:04:14.270+0000] {processor.py:175} INFO - Processing /home/airflow/.local/lib/python3.7/site-packages/airflow/example_dags/example_branch_python_dop_operator_3.py took 0.311 seconds
[2023-01-15T13:04:45.167+0000] {processor.py:153} INFO - Started process (PID=634) to work on /home/airflow/.local/lib/python3.7/site-packages/airflow/example_dags/example_branch_python_dop_operator_3.py
[2023-01-15T13:04:45.168+0000] {processor.py:743} INFO - Processing file /home/airflow/.local/lib/python3.7/site-packages/airflow/example_dags/example_branch_python_dop_operator_3.py for tasks to queue
[2023-01-15T13:04:45.171+0000] {logging_mixin.py:137} INFO - [2023-01-15T13:04:45.171+0000] {dagbag.py:538} INFO - Filling up the DagBag from /home/airflow/.local/lib/python3.7/site-packages/airflow/example_dags/example_branch_python_dop_operator_3.py
[2023-01-15T13:04:45.239+0000] {processor.py:753} INFO - DAG(s) dict_keys(['example_branch_dop_operator_v3']) retrieved from /home/airflow/.local/lib/python3.7/site-packages/airflow/example_dags/example_branch_python_dop_operator_3.py
[2023-01-15T13:04:45.346+0000] {logging_mixin.py:137} INFO - [2023-01-15T13:04:45.346+0000] {dag.py:2676} INFO - Sync 1 DAGs
[2023-01-15T13:04:45.413+0000] {logging_mixin.py:137} INFO - [2023-01-15T13:04:45.413+0000] {dag.py:3427} INFO - Setting next_dagrun for example_branch_dop_operator_v3 to 2023-01-15T13:03:00+00:00, run_after=2023-01-15T13:04:00+00:00
[2023-01-15T13:04:45.467+0000] {processor.py:175} INFO - Processing /home/airflow/.local/lib/python3.7/site-packages/airflow/example_dags/example_branch_python_dop_operator_3.py took 0.313 seconds
[2023-01-15T13:05:16.207+0000] {processor.py:153} INFO - Started process (PID=698) to work on /home/airflow/.local/lib/python3.7/site-packages/airflow/example_dags/example_branch_python_dop_operator_3.py
[2023-01-15T13:05:16.210+0000] {processor.py:743} INFO - Processing file /home/airflow/.local/lib/python3.7/site-packages/airflow/example_dags/example_branch_python_dop_operator_3.py for tasks to queue
[2023-01-15T13:05:16.211+0000] {logging_mixin.py:137} INFO - [2023-01-15T13:05:16.211+0000] {dagbag.py:538} INFO - Filling up the DagBag from /home/airflow/.local/lib/python3.7/site-packages/airflow/example_dags/example_branch_python_dop_operator_3.py
[2023-01-15T13:05:16.272+0000] {processor.py:753} INFO - DAG(s) dict_keys(['example_branch_dop_operator_v3']) retrieved from /home/airflow/.local/lib/python3.7/site-packages/airflow/example_dags/example_branch_python_dop_operator_3.py
[2023-01-15T13:05:16.381+0000] {logging_mixin.py:137} INFO - [2023-01-15T13:05:16.381+0000] {dag.py:2676} INFO - Sync 1 DAGs
[2023-01-15T13:05:16.448+0000] {logging_mixin.py:137} INFO - [2023-01-15T13:05:16.448+0000] {dag.py:3427} INFO - Setting next_dagrun for example_branch_dop_operator_v3 to 2023-01-15T13:04:00+00:00, run_after=2023-01-15T13:05:00+00:00
[2023-01-15T13:05:16.502+0000] {processor.py:175} INFO - Processing /home/airflow/.local/lib/python3.7/site-packages/airflow/example_dags/example_branch_python_dop_operator_3.py took 0.306 seconds
[2023-01-15T13:05:47.112+0000] {processor.py:153} INFO - Started process (PID=752) to work on /home/airflow/.local/lib/python3.7/site-packages/airflow/example_dags/example_branch_python_dop_operator_3.py
[2023-01-15T13:05:47.115+0000] {processor.py:743} INFO - Processing file /home/airflow/.local/lib/python3.7/site-packages/airflow/example_dags/example_branch_python_dop_operator_3.py for tasks to queue
[2023-01-15T13:05:47.118+0000] {logging_mixin.py:137} INFO - [2023-01-15T13:05:47.118+0000] {dagbag.py:538} INFO - Filling up the DagBag from /home/airflow/.local/lib/python3.7/site-packages/airflow/example_dags/example_branch_python_dop_operator_3.py
[2023-01-15T13:05:47.175+0000] {processor.py:753} INFO - DAG(s) dict_keys(['example_branch_dop_operator_v3']) retrieved from /home/airflow/.local/lib/python3.7/site-packages/airflow/example_dags/example_branch_python_dop_operator_3.py
[2023-01-15T13:05:47.264+0000] {logging_mixin.py:137} INFO - [2023-01-15T13:05:47.264+0000] {dag.py:2676} INFO - Sync 1 DAGs
[2023-01-15T13:05:47.334+0000] {logging_mixin.py:137} INFO - [2023-01-15T13:05:47.334+0000] {dag.py:3427} INFO - Setting next_dagrun for example_branch_dop_operator_v3 to 2023-01-15T13:04:00+00:00, run_after=2023-01-15T13:05:00+00:00
[2023-01-15T13:05:47.374+0000] {processor.py:175} INFO - Processing /home/airflow/.local/lib/python3.7/site-packages/airflow/example_dags/example_branch_python_dop_operator_3.py took 0.272 seconds
[2023-01-15T13:06:18.358+0000] {processor.py:153} INFO - Started process (PID=806) to work on /home/airflow/.local/lib/python3.7/site-packages/airflow/example_dags/example_branch_python_dop_operator_3.py
[2023-01-15T13:06:18.363+0000] {processor.py:743} INFO - Processing file /home/airflow/.local/lib/python3.7/site-packages/airflow/example_dags/example_branch_python_dop_operator_3.py for tasks to queue
[2023-01-15T13:06:18.365+0000] {logging_mixin.py:137} INFO - [2023-01-15T13:06:18.365+0000] {dagbag.py:538} INFO - Filling up the DagBag from /home/airflow/.local/lib/python3.7/site-packages/airflow/example_dags/example_branch_python_dop_operator_3.py
[2023-01-15T13:06:18.422+0000] {processor.py:753} INFO - DAG(s) dict_keys(['example_branch_dop_operator_v3']) retrieved from /home/airflow/.local/lib/python3.7/site-packages/airflow/example_dags/example_branch_python_dop_operator_3.py
[2023-01-15T13:06:18.508+0000] {logging_mixin.py:137} INFO - [2023-01-15T13:06:18.508+0000] {dag.py:2676} INFO - Sync 1 DAGs
[2023-01-15T13:06:18.577+0000] {logging_mixin.py:137} INFO - [2023-01-15T13:06:18.576+0000] {dag.py:3427} INFO - Setting next_dagrun for example_branch_dop_operator_v3 to 2023-01-15T13:05:00+00:00, run_after=2023-01-15T13:06:00+00:00
[2023-01-15T13:06:18.633+0000] {processor.py:175} INFO - Processing /home/airflow/.local/lib/python3.7/site-packages/airflow/example_dags/example_branch_python_dop_operator_3.py took 0.286 seconds
[2023-01-15T13:06:49.523+0000] {processor.py:153} INFO - Started process (PID=871) to work on /home/airflow/.local/lib/python3.7/site-packages/airflow/example_dags/example_branch_python_dop_operator_3.py
[2023-01-15T13:06:49.532+0000] {processor.py:743} INFO - Processing file /home/airflow/.local/lib/python3.7/site-packages/airflow/example_dags/example_branch_python_dop_operator_3.py for tasks to queue
[2023-01-15T13:06:49.534+0000] {logging_mixin.py:137} INFO - [2023-01-15T13:06:49.533+0000] {dagbag.py:538} INFO - Filling up the DagBag from /home/airflow/.local/lib/python3.7/site-packages/airflow/example_dags/example_branch_python_dop_operator_3.py
[2023-01-15T13:06:49.663+0000] {processor.py:753} INFO - DAG(s) dict_keys(['example_branch_dop_operator_v3']) retrieved from /home/airflow/.local/lib/python3.7/site-packages/airflow/example_dags/example_branch_python_dop_operator_3.py
[2023-01-15T13:06:49.836+0000] {logging_mixin.py:137} INFO - [2023-01-15T13:06:49.836+0000] {dag.py:2676} INFO - Sync 1 DAGs
[2023-01-15T13:06:49.949+0000] {logging_mixin.py:137} INFO - [2023-01-15T13:06:49.949+0000] {dag.py:3427} INFO - Setting next_dagrun for example_branch_dop_operator_v3 to 2023-01-15T13:05:00+00:00, run_after=2023-01-15T13:06:00+00:00
[2023-01-15T13:06:50.023+0000] {processor.py:175} INFO - Processing /home/airflow/.local/lib/python3.7/site-packages/airflow/example_dags/example_branch_python_dop_operator_3.py took 0.515 seconds
[2023-01-15T13:07:47.367+0000] {processor.py:153} INFO - Started process (PID=936) to work on /home/airflow/.local/lib/python3.7/site-packages/airflow/example_dags/example_branch_python_dop_operator_3.py
[2023-01-15T13:07:47.377+0000] {processor.py:743} INFO - Processing file /home/airflow/.local/lib/python3.7/site-packages/airflow/example_dags/example_branch_python_dop_operator_3.py for tasks to queue
[2023-01-15T13:07:47.381+0000] {logging_mixin.py:137} INFO - [2023-01-15T13:07:47.381+0000] {dagbag.py:538} INFO - Filling up the DagBag from /home/airflow/.local/lib/python3.7/site-packages/airflow/example_dags/example_branch_python_dop_operator_3.py
[2023-01-15T13:07:47.610+0000] {processor.py:753} INFO - DAG(s) dict_keys(['example_branch_dop_operator_v3']) retrieved from /home/airflow/.local/lib/python3.7/site-packages/airflow/example_dags/example_branch_python_dop_operator_3.py
[2023-01-15T13:07:47.893+0000] {logging_mixin.py:137} INFO - [2023-01-15T13:07:47.893+0000] {dag.py:2676} INFO - Sync 1 DAGs
[2023-01-15T13:07:48.183+0000] {logging_mixin.py:137} INFO - [2023-01-15T13:07:48.182+0000] {dag.py:3427} INFO - Setting next_dagrun for example_branch_dop_operator_v3 to 2023-01-15T13:06:00+00:00, run_after=2023-01-15T13:07:00+00:00
[2023-01-15T13:07:48.300+0000] {processor.py:175} INFO - Processing /home/airflow/.local/lib/python3.7/site-packages/airflow/example_dags/example_branch_python_dop_operator_3.py took 0.955 seconds
[2023-01-15T13:08:24.794+0000] {processor.py:153} INFO - Started process (PID=990) to work on /home/airflow/.local/lib/python3.7/site-packages/airflow/example_dags/example_branch_python_dop_operator_3.py
[2023-01-15T13:08:24.819+0000] {processor.py:743} INFO - Processing file /home/airflow/.local/lib/python3.7/site-packages/airflow/example_dags/example_branch_python_dop_operator_3.py for tasks to queue
[2023-01-15T13:08:24.822+0000] {logging_mixin.py:137} INFO - [2023-01-15T13:08:24.822+0000] {dagbag.py:538} INFO - Filling up the DagBag from /home/airflow/.local/lib/python3.7/site-packages/airflow/example_dags/example_branch_python_dop_operator_3.py
[2023-01-15T13:08:24.961+0000] {processor.py:753} INFO - DAG(s) dict_keys(['example_branch_dop_operator_v3']) retrieved from /home/airflow/.local/lib/python3.7/site-packages/airflow/example_dags/example_branch_python_dop_operator_3.py
[2023-01-15T13:08:25.299+0000] {logging_mixin.py:137} INFO - [2023-01-15T13:08:25.298+0000] {dag.py:2676} INFO - Sync 1 DAGs
[2023-01-15T13:08:25.490+0000] {logging_mixin.py:137} INFO - [2023-01-15T13:08:25.490+0000] {dag.py:3427} INFO - Setting next_dagrun for example_branch_dop_operator_v3 to 2023-01-15T13:07:00+00:00, run_after=2023-01-15T13:08:00+00:00
[2023-01-15T13:08:25.645+0000] {processor.py:175} INFO - Processing /home/airflow/.local/lib/python3.7/site-packages/airflow/example_dags/example_branch_python_dop_operator_3.py took 0.891 seconds
[2023-01-15T13:09:01.805+0000] {processor.py:153} INFO - Started process (PID=1046) to work on /home/airflow/.local/lib/python3.7/site-packages/airflow/example_dags/example_branch_python_dop_operator_3.py
[2023-01-15T13:09:01.853+0000] {processor.py:743} INFO - Processing file /home/airflow/.local/lib/python3.7/site-packages/airflow/example_dags/example_branch_python_dop_operator_3.py for tasks to queue
[2023-01-15T13:09:01.855+0000] {logging_mixin.py:137} INFO - [2023-01-15T13:09:01.855+0000] {dagbag.py:538} INFO - Filling up the DagBag from /home/airflow/.local/lib/python3.7/site-packages/airflow/example_dags/example_branch_python_dop_operator_3.py
[2023-01-15T13:09:02.269+0000] {processor.py:753} INFO - DAG(s) dict_keys(['example_branch_dop_operator_v3']) retrieved from /home/airflow/.local/lib/python3.7/site-packages/airflow/example_dags/example_branch_python_dop_operator_3.py
[2023-01-15T13:09:02.989+0000] {logging_mixin.py:137} INFO - [2023-01-15T13:09:02.989+0000] {dag.py:2676} INFO - Sync 1 DAGs
[2023-01-15T13:09:03.945+0000] {logging_mixin.py:137} INFO - [2023-01-15T13:09:03.945+0000] {dag.py:3427} INFO - Setting next_dagrun for example_branch_dop_operator_v3 to 2023-01-15T13:08:00+00:00, run_after=2023-01-15T13:09:00+00:00
[2023-01-15T13:09:04.338+0000] {processor.py:175} INFO - Processing /home/airflow/.local/lib/python3.7/site-packages/airflow/example_dags/example_branch_python_dop_operator_3.py took 2.605 seconds
[2023-01-15T13:09:35.389+0000] {processor.py:153} INFO - Started process (PID=1095) to work on /home/airflow/.local/lib/python3.7/site-packages/airflow/example_dags/example_branch_python_dop_operator_3.py
[2023-01-15T13:09:35.402+0000] {processor.py:743} INFO - Processing file /home/airflow/.local/lib/python3.7/site-packages/airflow/example_dags/example_branch_python_dop_operator_3.py for tasks to queue
[2023-01-15T13:09:35.412+0000] {logging_mixin.py:137} INFO - [2023-01-15T13:09:35.412+0000] {dagbag.py:538} INFO - Filling up the DagBag from /home/airflow/.local/lib/python3.7/site-packages/airflow/example_dags/example_branch_python_dop_operator_3.py
[2023-01-15T13:09:36.010+0000] {processor.py:753} INFO - DAG(s) dict_keys(['example_branch_dop_operator_v3']) retrieved from /home/airflow/.local/lib/python3.7/site-packages/airflow/example_dags/example_branch_python_dop_operator_3.py
[2023-01-15T13:09:36.867+0000] {logging_mixin.py:137} INFO - [2023-01-15T13:09:36.867+0000] {dag.py:2676} INFO - Sync 1 DAGs
[2023-01-15T13:09:37.354+0000] {logging_mixin.py:137} INFO - [2023-01-15T13:09:37.353+0000] {dag.py:3427} INFO - Setting next_dagrun for example_branch_dop_operator_v3 to 2023-01-15T13:08:00+00:00, run_after=2023-01-15T13:09:00+00:00
[2023-01-15T13:09:37.740+0000] {processor.py:175} INFO - Processing /home/airflow/.local/lib/python3.7/site-packages/airflow/example_dags/example_branch_python_dop_operator_3.py took 2.420 seconds
[2023-01-15T13:10:08.302+0000] {processor.py:153} INFO - Started process (PID=1151) to work on /home/airflow/.local/lib/python3.7/site-packages/airflow/example_dags/example_branch_python_dop_operator_3.py
[2023-01-15T13:10:08.305+0000] {processor.py:743} INFO - Processing file /home/airflow/.local/lib/python3.7/site-packages/airflow/example_dags/example_branch_python_dop_operator_3.py for tasks to queue
[2023-01-15T13:10:08.308+0000] {logging_mixin.py:137} INFO - [2023-01-15T13:10:08.307+0000] {dagbag.py:538} INFO - Filling up the DagBag from /home/airflow/.local/lib/python3.7/site-packages/airflow/example_dags/example_branch_python_dop_operator_3.py
[2023-01-15T13:10:08.345+0000] {processor.py:753} INFO - DAG(s) dict_keys(['example_branch_dop_operator_v3']) retrieved from /home/airflow/.local/lib/python3.7/site-packages/airflow/example_dags/example_branch_python_dop_operator_3.py
[2023-01-15T13:10:08.426+0000] {logging_mixin.py:137} INFO - [2023-01-15T13:10:08.426+0000] {dag.py:2676} INFO - Sync 1 DAGs
[2023-01-15T13:10:08.463+0000] {logging_mixin.py:137} INFO - [2023-01-15T13:10:08.463+0000] {dag.py:3427} INFO - Setting next_dagrun for example_branch_dop_operator_v3 to 2023-01-15T13:09:00+00:00, run_after=2023-01-15T13:10:00+00:00
[2023-01-15T13:10:08.504+0000] {processor.py:175} INFO - Processing /home/airflow/.local/lib/python3.7/site-packages/airflow/example_dags/example_branch_python_dop_operator_3.py took 0.206 seconds
[2023-01-15T13:10:46.703+0000] {processor.py:153} INFO - Started process (PID=1209) to work on /home/airflow/.local/lib/python3.7/site-packages/airflow/example_dags/example_branch_python_dop_operator_3.py
[2023-01-15T13:10:46.711+0000] {processor.py:743} INFO - Processing file /home/airflow/.local/lib/python3.7/site-packages/airflow/example_dags/example_branch_python_dop_operator_3.py for tasks to queue
[2023-01-15T13:10:46.715+0000] {logging_mixin.py:137} INFO - [2023-01-15T13:10:46.715+0000] {dagbag.py:538} INFO - Filling up the DagBag from /home/airflow/.local/lib/python3.7/site-packages/airflow/example_dags/example_branch_python_dop_operator_3.py
[2023-01-15T13:10:46.906+0000] {processor.py:753} INFO - DAG(s) dict_keys(['example_branch_dop_operator_v3']) retrieved from /home/airflow/.local/lib/python3.7/site-packages/airflow/example_dags/example_branch_python_dop_operator_3.py
[2023-01-15T13:10:47.084+0000] {logging_mixin.py:137} INFO - [2023-01-15T13:10:47.084+0000] {dag.py:2676} INFO - Sync 1 DAGs
[2023-01-15T13:10:47.215+0000] {logging_mixin.py:137} INFO - [2023-01-15T13:10:47.214+0000] {dag.py:3427} INFO - Setting next_dagrun for example_branch_dop_operator_v3 to 2023-01-15T13:09:00+00:00, run_after=2023-01-15T13:10:00+00:00
[2023-01-15T13:10:47.288+0000] {processor.py:175} INFO - Processing /home/airflow/.local/lib/python3.7/site-packages/airflow/example_dags/example_branch_python_dop_operator_3.py took 0.605 seconds
[2023-01-15T13:11:30.700+0000] {processor.py:153} INFO - Started process (PID=1267) to work on /home/airflow/.local/lib/python3.7/site-packages/airflow/example_dags/example_branch_python_dop_operator_3.py
[2023-01-15T13:11:30.720+0000] {processor.py:743} INFO - Processing file /home/airflow/.local/lib/python3.7/site-packages/airflow/example_dags/example_branch_python_dop_operator_3.py for tasks to queue
[2023-01-15T13:11:30.745+0000] {logging_mixin.py:137} INFO - [2023-01-15T13:11:30.744+0000] {dagbag.py:538} INFO - Filling up the DagBag from /home/airflow/.local/lib/python3.7/site-packages/airflow/example_dags/example_branch_python_dop_operator_3.py
[2023-01-15T13:11:31.050+0000] {processor.py:753} INFO - DAG(s) dict_keys(['example_branch_dop_operator_v3']) retrieved from /home/airflow/.local/lib/python3.7/site-packages/airflow/example_dags/example_branch_python_dop_operator_3.py
[2023-01-15T13:11:31.593+0000] {logging_mixin.py:137} INFO - [2023-01-15T13:11:31.592+0000] {dag.py:2676} INFO - Sync 1 DAGs
[2023-01-15T13:11:32.130+0000] {logging_mixin.py:137} INFO - [2023-01-15T13:11:32.129+0000] {dag.py:3427} INFO - Setting next_dagrun for example_branch_dop_operator_v3 to 2023-01-15T13:10:00+00:00, run_after=2023-01-15T13:11:00+00:00
[2023-01-15T13:11:32.349+0000] {processor.py:175} INFO - Processing /home/airflow/.local/lib/python3.7/site-packages/airflow/example_dags/example_branch_python_dop_operator_3.py took 1.735 seconds
[2023-01-15T13:12:26.838+0000] {processor.py:153} INFO - Started process (PID=1336) to work on /home/airflow/.local/lib/python3.7/site-packages/airflow/example_dags/example_branch_python_dop_operator_3.py
[2023-01-15T13:12:26.856+0000] {processor.py:743} INFO - Processing file /home/airflow/.local/lib/python3.7/site-packages/airflow/example_dags/example_branch_python_dop_operator_3.py for tasks to queue
[2023-01-15T13:12:26.859+0000] {logging_mixin.py:137} INFO - [2023-01-15T13:12:26.858+0000] {dagbag.py:538} INFO - Filling up the DagBag from /home/airflow/.local/lib/python3.7/site-packages/airflow/example_dags/example_branch_python_dop_operator_3.py
[2023-01-15T13:12:27.094+0000] {processor.py:753} INFO - DAG(s) dict_keys(['example_branch_dop_operator_v3']) retrieved from /home/airflow/.local/lib/python3.7/site-packages/airflow/example_dags/example_branch_python_dop_operator_3.py
[2023-01-15T13:12:27.420+0000] {logging_mixin.py:137} INFO - [2023-01-15T13:12:27.419+0000] {dag.py:2676} INFO - Sync 1 DAGs
[2023-01-15T13:12:28.089+0000] {logging_mixin.py:137} INFO - [2023-01-15T13:12:28.089+0000] {dag.py:3427} INFO - Setting next_dagrun for example_branch_dop_operator_v3 to 2023-01-15T13:11:00+00:00, run_after=2023-01-15T13:12:00+00:00
[2023-01-15T13:12:28.761+0000] {processor.py:175} INFO - Processing /home/airflow/.local/lib/python3.7/site-packages/airflow/example_dags/example_branch_python_dop_operator_3.py took 1.948 seconds
[2023-01-15T13:12:59.590+0000] {processor.py:153} INFO - Started process (PID=1383) to work on /home/airflow/.local/lib/python3.7/site-packages/airflow/example_dags/example_branch_python_dop_operator_3.py
[2023-01-15T13:12:59.593+0000] {processor.py:743} INFO - Processing file /home/airflow/.local/lib/python3.7/site-packages/airflow/example_dags/example_branch_python_dop_operator_3.py for tasks to queue
[2023-01-15T13:12:59.596+0000] {logging_mixin.py:137} INFO - [2023-01-15T13:12:59.595+0000] {dagbag.py:538} INFO - Filling up the DagBag from /home/airflow/.local/lib/python3.7/site-packages/airflow/example_dags/example_branch_python_dop_operator_3.py
[2023-01-15T13:12:59.630+0000] {processor.py:753} INFO - DAG(s) dict_keys(['example_branch_dop_operator_v3']) retrieved from /home/airflow/.local/lib/python3.7/site-packages/airflow/example_dags/example_branch_python_dop_operator_3.py
[2023-01-15T13:12:59.708+0000] {logging_mixin.py:137} INFO - [2023-01-15T13:12:59.708+0000] {dag.py:2676} INFO - Sync 1 DAGs
[2023-01-15T13:12:59.786+0000] {logging_mixin.py:137} INFO - [2023-01-15T13:12:59.786+0000] {dag.py:3427} INFO - Setting next_dagrun for example_branch_dop_operator_v3 to 2023-01-15T13:11:00+00:00, run_after=2023-01-15T13:12:00+00:00
[2023-01-15T13:12:59.842+0000] {processor.py:175} INFO - Processing /home/airflow/.local/lib/python3.7/site-packages/airflow/example_dags/example_branch_python_dop_operator_3.py took 0.260 seconds
[2023-01-15T13:13:38.112+0000] {processor.py:153} INFO - Started process (PID=1431) to work on /home/airflow/.local/lib/python3.7/site-packages/airflow/example_dags/example_branch_python_dop_operator_3.py
[2023-01-15T13:13:38.120+0000] {processor.py:743} INFO - Processing file /home/airflow/.local/lib/python3.7/site-packages/airflow/example_dags/example_branch_python_dop_operator_3.py for tasks to queue
[2023-01-15T13:13:38.123+0000] {logging_mixin.py:137} INFO - [2023-01-15T13:13:38.122+0000] {dagbag.py:538} INFO - Filling up the DagBag from /home/airflow/.local/lib/python3.7/site-packages/airflow/example_dags/example_branch_python_dop_operator_3.py
[2023-01-15T13:13:38.237+0000] {processor.py:753} INFO - DAG(s) dict_keys(['example_branch_dop_operator_v3']) retrieved from /home/airflow/.local/lib/python3.7/site-packages/airflow/example_dags/example_branch_python_dop_operator_3.py
[2023-01-15T13:13:38.432+0000] {logging_mixin.py:137} INFO - [2023-01-15T13:13:38.432+0000] {dag.py:2676} INFO - Sync 1 DAGs
[2023-01-15T13:13:38.592+0000] {logging_mixin.py:137} INFO - [2023-01-15T13:13:38.592+0000] {dag.py:3427} INFO - Setting next_dagrun for example_branch_dop_operator_v3 to 2023-01-15T13:12:00+00:00, run_after=2023-01-15T13:13:00+00:00
[2023-01-15T13:13:38.703+0000] {processor.py:175} INFO - Processing /home/airflow/.local/lib/python3.7/site-packages/airflow/example_dags/example_branch_python_dop_operator_3.py took 0.606 seconds
[2023-01-15T13:14:11.704+0000] {processor.py:153} INFO - Started process (PID=1487) to work on /home/airflow/.local/lib/python3.7/site-packages/airflow/example_dags/example_branch_python_dop_operator_3.py
[2023-01-15T13:14:11.719+0000] {processor.py:743} INFO - Processing file /home/airflow/.local/lib/python3.7/site-packages/airflow/example_dags/example_branch_python_dop_operator_3.py for tasks to queue
[2023-01-15T13:14:11.736+0000] {logging_mixin.py:137} INFO - [2023-01-15T13:14:11.736+0000] {dagbag.py:538} INFO - Filling up the DagBag from /home/airflow/.local/lib/python3.7/site-packages/airflow/example_dags/example_branch_python_dop_operator_3.py
[2023-01-15T13:14:12.109+0000] {processor.py:753} INFO - DAG(s) dict_keys(['example_branch_dop_operator_v3']) retrieved from /home/airflow/.local/lib/python3.7/site-packages/airflow/example_dags/example_branch_python_dop_operator_3.py
[2023-01-15T13:14:12.520+0000] {logging_mixin.py:137} INFO - [2023-01-15T13:14:12.520+0000] {dag.py:2676} INFO - Sync 1 DAGs
[2023-01-15T13:14:12.703+0000] {logging_mixin.py:137} INFO - [2023-01-15T13:14:12.703+0000] {dag.py:3427} INFO - Setting next_dagrun for example_branch_dop_operator_v3 to 2023-01-15T13:13:00+00:00, run_after=2023-01-15T13:14:00+00:00
[2023-01-15T13:14:12.918+0000] {processor.py:175} INFO - Processing /home/airflow/.local/lib/python3.7/site-packages/airflow/example_dags/example_branch_python_dop_operator_3.py took 1.266 seconds
[2023-01-15T13:14:43.443+0000] {processor.py:153} INFO - Started process (PID=1541) to work on /home/airflow/.local/lib/python3.7/site-packages/airflow/example_dags/example_branch_python_dop_operator_3.py
[2023-01-15T13:14:43.448+0000] {processor.py:743} INFO - Processing file /home/airflow/.local/lib/python3.7/site-packages/airflow/example_dags/example_branch_python_dop_operator_3.py for tasks to queue
[2023-01-15T13:14:43.454+0000] {logging_mixin.py:137} INFO - [2023-01-15T13:14:43.454+0000] {dagbag.py:538} INFO - Filling up the DagBag from /home/airflow/.local/lib/python3.7/site-packages/airflow/example_dags/example_branch_python_dop_operator_3.py
[2023-01-15T13:14:43.758+0000] {processor.py:753} INFO - DAG(s) dict_keys(['example_branch_dop_operator_v3']) retrieved from /home/airflow/.local/lib/python3.7/site-packages/airflow/example_dags/example_branch_python_dop_operator_3.py
[2023-01-15T13:14:44.207+0000] {logging_mixin.py:137} INFO - [2023-01-15T13:14:44.207+0000] {dag.py:2676} INFO - Sync 1 DAGs
[2023-01-15T13:14:44.781+0000] {logging_mixin.py:137} INFO - [2023-01-15T13:14:44.781+0000] {dag.py:3427} INFO - Setting next_dagrun for example_branch_dop_operator_v3 to 2023-01-15T13:13:00+00:00, run_after=2023-01-15T13:14:00+00:00
[2023-01-15T13:14:45.218+0000] {processor.py:175} INFO - Processing /home/airflow/.local/lib/python3.7/site-packages/airflow/example_dags/example_branch_python_dop_operator_3.py took 1.811 seconds
[2023-01-15T13:15:16.744+0000] {processor.py:153} INFO - Started process (PID=1590) to work on /home/airflow/.local/lib/python3.7/site-packages/airflow/example_dags/example_branch_python_dop_operator_3.py
[2023-01-15T13:15:16.756+0000] {processor.py:743} INFO - Processing file /home/airflow/.local/lib/python3.7/site-packages/airflow/example_dags/example_branch_python_dop_operator_3.py for tasks to queue
[2023-01-15T13:15:16.760+0000] {logging_mixin.py:137} INFO - [2023-01-15T13:15:16.760+0000] {dagbag.py:538} INFO - Filling up the DagBag from /home/airflow/.local/lib/python3.7/site-packages/airflow/example_dags/example_branch_python_dop_operator_3.py
[2023-01-15T13:15:17.079+0000] {processor.py:753} INFO - DAG(s) dict_keys(['example_branch_dop_operator_v3']) retrieved from /home/airflow/.local/lib/python3.7/site-packages/airflow/example_dags/example_branch_python_dop_operator_3.py
[2023-01-15T13:15:17.432+0000] {logging_mixin.py:137} INFO - [2023-01-15T13:15:17.432+0000] {dag.py:2676} INFO - Sync 1 DAGs
[2023-01-15T13:15:17.676+0000] {logging_mixin.py:137} INFO - [2023-01-15T13:15:17.676+0000] {dag.py:3427} INFO - Setting next_dagrun for example_branch_dop_operator_v3 to 2023-01-15T13:14:00+00:00, run_after=2023-01-15T13:15:00+00:00
[2023-01-15T13:15:17.763+0000] {processor.py:175} INFO - Processing /home/airflow/.local/lib/python3.7/site-packages/airflow/example_dags/example_branch_python_dop_operator_3.py took 1.079 seconds
[2023-01-15T13:43:44.280+0000] {processor.py:153} INFO - Started process (PID=79) to work on /home/airflow/.local/lib/python3.7/site-packages/airflow/example_dags/example_branch_python_dop_operator_3.py
[2023-01-15T13:43:44.309+0000] {processor.py:743} INFO - Processing file /home/airflow/.local/lib/python3.7/site-packages/airflow/example_dags/example_branch_python_dop_operator_3.py for tasks to queue
[2023-01-15T13:43:44.319+0000] {logging_mixin.py:137} INFO - [2023-01-15T13:43:44.318+0000] {dagbag.py:538} INFO - Filling up the DagBag from /home/airflow/.local/lib/python3.7/site-packages/airflow/example_dags/example_branch_python_dop_operator_3.py
[2023-01-15T13:43:45.178+0000] {processor.py:753} INFO - DAG(s) dict_keys(['example_branch_dop_operator_v3']) retrieved from /home/airflow/.local/lib/python3.7/site-packages/airflow/example_dags/example_branch_python_dop_operator_3.py
[2023-01-15T13:43:46.100+0000] {logging_mixin.py:137} INFO - [2023-01-15T13:43:46.100+0000] {dag.py:2676} INFO - Sync 1 DAGs
[2023-01-15T13:43:46.594+0000] {logging_mixin.py:137} INFO - [2023-01-15T13:43:46.594+0000] {dag.py:3427} INFO - Setting next_dagrun for example_branch_dop_operator_v3 to 2023-01-15T13:42:00+00:00, run_after=2023-01-15T13:43:00+00:00
[2023-01-15T13:43:46.924+0000] {processor.py:175} INFO - Processing /home/airflow/.local/lib/python3.7/site-packages/airflow/example_dags/example_branch_python_dop_operator_3.py took 2.738 seconds
[2023-01-15T13:45:11.636+0000] {processor.py:153} INFO - Started process (PID=153) to work on /home/airflow/.local/lib/python3.7/site-packages/airflow/example_dags/example_branch_python_dop_operator_3.py
[2023-01-15T13:45:11.669+0000] {processor.py:743} INFO - Processing file /home/airflow/.local/lib/python3.7/site-packages/airflow/example_dags/example_branch_python_dop_operator_3.py for tasks to queue
[2023-01-15T13:45:11.692+0000] {logging_mixin.py:137} INFO - [2023-01-15T13:45:11.681+0000] {dagbag.py:538} INFO - Filling up the DagBag from /home/airflow/.local/lib/python3.7/site-packages/airflow/example_dags/example_branch_python_dop_operator_3.py
[2023-01-15T13:45:12.597+0000] {processor.py:753} INFO - DAG(s) dict_keys(['example_branch_dop_operator_v3']) retrieved from /home/airflow/.local/lib/python3.7/site-packages/airflow/example_dags/example_branch_python_dop_operator_3.py
[2023-01-15T13:45:13.689+0000] {logging_mixin.py:137} INFO - [2023-01-15T13:45:13.688+0000] {dag.py:2676} INFO - Sync 1 DAGs
[2023-01-15T13:45:14.723+0000] {logging_mixin.py:137} INFO - [2023-01-15T13:45:14.723+0000] {dag.py:3427} INFO - Setting next_dagrun for example_branch_dop_operator_v3 to 2023-01-15T13:44:00+00:00, run_after=2023-01-15T13:45:00+00:00
[2023-01-15T13:45:15.136+0000] {processor.py:175} INFO - Processing /home/airflow/.local/lib/python3.7/site-packages/airflow/example_dags/example_branch_python_dop_operator_3.py took 3.593 seconds
[2023-01-15T13:45:52.957+0000] {processor.py:153} INFO - Started process (PID=209) to work on /home/airflow/.local/lib/python3.7/site-packages/airflow/example_dags/example_branch_python_dop_operator_3.py
[2023-01-15T13:45:52.964+0000] {processor.py:743} INFO - Processing file /home/airflow/.local/lib/python3.7/site-packages/airflow/example_dags/example_branch_python_dop_operator_3.py for tasks to queue
[2023-01-15T13:45:52.970+0000] {logging_mixin.py:137} INFO - [2023-01-15T13:45:52.970+0000] {dagbag.py:538} INFO - Filling up the DagBag from /home/airflow/.local/lib/python3.7/site-packages/airflow/example_dags/example_branch_python_dop_operator_3.py
[2023-01-15T13:45:53.208+0000] {processor.py:753} INFO - DAG(s) dict_keys(['example_branch_dop_operator_v3']) retrieved from /home/airflow/.local/lib/python3.7/site-packages/airflow/example_dags/example_branch_python_dop_operator_3.py
[2023-01-15T13:45:53.351+0000] {logging_mixin.py:137} INFO - [2023-01-15T13:45:53.351+0000] {dag.py:2676} INFO - Sync 1 DAGs
[2023-01-15T13:45:53.464+0000] {logging_mixin.py:137} INFO - [2023-01-15T13:45:53.463+0000] {dag.py:3427} INFO - Setting next_dagrun for example_branch_dop_operator_v3 to 2023-01-15T13:44:00+00:00, run_after=2023-01-15T13:45:00+00:00
[2023-01-15T13:45:53.544+0000] {processor.py:175} INFO - Processing /home/airflow/.local/lib/python3.7/site-packages/airflow/example_dags/example_branch_python_dop_operator_3.py took 0.610 seconds
[2023-01-15T13:46:30.079+0000] {processor.py:153} INFO - Started process (PID=265) to work on /home/airflow/.local/lib/python3.7/site-packages/airflow/example_dags/example_branch_python_dop_operator_3.py
[2023-01-15T13:46:30.081+0000] {processor.py:743} INFO - Processing file /home/airflow/.local/lib/python3.7/site-packages/airflow/example_dags/example_branch_python_dop_operator_3.py for tasks to queue
[2023-01-15T13:46:30.086+0000] {logging_mixin.py:137} INFO - [2023-01-15T13:46:30.085+0000] {dagbag.py:538} INFO - Filling up the DagBag from /home/airflow/.local/lib/python3.7/site-packages/airflow/example_dags/example_branch_python_dop_operator_3.py
[2023-01-15T13:46:30.375+0000] {processor.py:753} INFO - DAG(s) dict_keys(['example_branch_dop_operator_v3']) retrieved from /home/airflow/.local/lib/python3.7/site-packages/airflow/example_dags/example_branch_python_dop_operator_3.py
[2023-01-15T13:46:30.574+0000] {logging_mixin.py:137} INFO - [2023-01-15T13:46:30.574+0000] {dag.py:2676} INFO - Sync 1 DAGs
[2023-01-15T13:46:30.718+0000] {logging_mixin.py:137} INFO - [2023-01-15T13:46:30.717+0000] {dag.py:3427} INFO - Setting next_dagrun for example_branch_dop_operator_v3 to 2023-01-15T13:45:00+00:00, run_after=2023-01-15T13:46:00+00:00
[2023-01-15T13:46:30.799+0000] {processor.py:175} INFO - Processing /home/airflow/.local/lib/python3.7/site-packages/airflow/example_dags/example_branch_python_dop_operator_3.py took 0.738 seconds
[2023-01-15T13:47:02.133+0000] {processor.py:153} INFO - Started process (PID=320) to work on /home/airflow/.local/lib/python3.7/site-packages/airflow/example_dags/example_branch_python_dop_operator_3.py
[2023-01-15T13:47:02.140+0000] {processor.py:743} INFO - Processing file /home/airflow/.local/lib/python3.7/site-packages/airflow/example_dags/example_branch_python_dop_operator_3.py for tasks to queue
[2023-01-15T13:47:02.142+0000] {logging_mixin.py:137} INFO - [2023-01-15T13:47:02.142+0000] {dagbag.py:538} INFO - Filling up the DagBag from /home/airflow/.local/lib/python3.7/site-packages/airflow/example_dags/example_branch_python_dop_operator_3.py
[2023-01-15T13:47:02.434+0000] {processor.py:753} INFO - DAG(s) dict_keys(['example_branch_dop_operator_v3']) retrieved from /home/airflow/.local/lib/python3.7/site-packages/airflow/example_dags/example_branch_python_dop_operator_3.py
[2023-01-15T13:47:02.747+0000] {logging_mixin.py:137} INFO - [2023-01-15T13:47:02.747+0000] {dag.py:2676} INFO - Sync 1 DAGs
[2023-01-15T13:47:03.060+0000] {logging_mixin.py:137} INFO - [2023-01-15T13:47:03.060+0000] {dag.py:3427} INFO - Setting next_dagrun for example_branch_dop_operator_v3 to 2023-01-15T13:46:00+00:00, run_after=2023-01-15T13:47:00+00:00
[2023-01-15T13:47:03.193+0000] {processor.py:175} INFO - Processing /home/airflow/.local/lib/python3.7/site-packages/airflow/example_dags/example_branch_python_dop_operator_3.py took 1.091 seconds
[2023-01-15T13:47:33.499+0000] {processor.py:153} INFO - Started process (PID=376) to work on /home/airflow/.local/lib/python3.7/site-packages/airflow/example_dags/example_branch_python_dop_operator_3.py
[2023-01-15T13:47:33.506+0000] {processor.py:743} INFO - Processing file /home/airflow/.local/lib/python3.7/site-packages/airflow/example_dags/example_branch_python_dop_operator_3.py for tasks to queue
[2023-01-15T13:47:33.509+0000] {logging_mixin.py:137} INFO - [2023-01-15T13:47:33.508+0000] {dagbag.py:538} INFO - Filling up the DagBag from /home/airflow/.local/lib/python3.7/site-packages/airflow/example_dags/example_branch_python_dop_operator_3.py
[2023-01-15T13:47:33.703+0000] {processor.py:753} INFO - DAG(s) dict_keys(['example_branch_dop_operator_v3']) retrieved from /home/airflow/.local/lib/python3.7/site-packages/airflow/example_dags/example_branch_python_dop_operator_3.py
[2023-01-15T13:47:33.864+0000] {logging_mixin.py:137} INFO - [2023-01-15T13:47:33.864+0000] {dag.py:2676} INFO - Sync 1 DAGs
[2023-01-15T13:47:33.970+0000] {logging_mixin.py:137} INFO - [2023-01-15T13:47:33.970+0000] {dag.py:3427} INFO - Setting next_dagrun for example_branch_dop_operator_v3 to 2023-01-15T13:46:00+00:00, run_after=2023-01-15T13:47:00+00:00
[2023-01-15T13:47:34.034+0000] {processor.py:175} INFO - Processing /home/airflow/.local/lib/python3.7/site-packages/airflow/example_dags/example_branch_python_dop_operator_3.py took 0.568 seconds
[2023-01-15T13:48:04.139+0000] {processor.py:153} INFO - Started process (PID=423) to work on /home/airflow/.local/lib/python3.7/site-packages/airflow/example_dags/example_branch_python_dop_operator_3.py
[2023-01-15T13:48:04.144+0000] {processor.py:743} INFO - Processing file /home/airflow/.local/lib/python3.7/site-packages/airflow/example_dags/example_branch_python_dop_operator_3.py for tasks to queue
[2023-01-15T13:48:04.148+0000] {logging_mixin.py:137} INFO - [2023-01-15T13:48:04.148+0000] {dagbag.py:538} INFO - Filling up the DagBag from /home/airflow/.local/lib/python3.7/site-packages/airflow/example_dags/example_branch_python_dop_operator_3.py
[2023-01-15T13:48:04.218+0000] {processor.py:753} INFO - DAG(s) dict_keys(['example_branch_dop_operator_v3']) retrieved from /home/airflow/.local/lib/python3.7/site-packages/airflow/example_dags/example_branch_python_dop_operator_3.py
[2023-01-15T13:48:04.310+0000] {logging_mixin.py:137} INFO - [2023-01-15T13:48:04.310+0000] {dag.py:2676} INFO - Sync 1 DAGs
[2023-01-15T13:48:04.392+0000] {logging_mixin.py:137} INFO - [2023-01-15T13:48:04.392+0000] {dag.py:3427} INFO - Setting next_dagrun for example_branch_dop_operator_v3 to 2023-01-15T13:47:00+00:00, run_after=2023-01-15T13:48:00+00:00
[2023-01-15T13:48:04.451+0000] {processor.py:175} INFO - Processing /home/airflow/.local/lib/python3.7/site-packages/airflow/example_dags/example_branch_python_dop_operator_3.py took 0.327 seconds
[2023-01-15T13:48:35.257+0000] {processor.py:153} INFO - Started process (PID=477) to work on /home/airflow/.local/lib/python3.7/site-packages/airflow/example_dags/example_branch_python_dop_operator_3.py
[2023-01-15T13:48:35.265+0000] {processor.py:743} INFO - Processing file /home/airflow/.local/lib/python3.7/site-packages/airflow/example_dags/example_branch_python_dop_operator_3.py for tasks to queue
[2023-01-15T13:48:35.267+0000] {logging_mixin.py:137} INFO - [2023-01-15T13:48:35.267+0000] {dagbag.py:538} INFO - Filling up the DagBag from /home/airflow/.local/lib/python3.7/site-packages/airflow/example_dags/example_branch_python_dop_operator_3.py
[2023-01-15T13:48:35.390+0000] {processor.py:753} INFO - DAG(s) dict_keys(['example_branch_dop_operator_v3']) retrieved from /home/airflow/.local/lib/python3.7/site-packages/airflow/example_dags/example_branch_python_dop_operator_3.py
[2023-01-15T13:48:35.585+0000] {logging_mixin.py:137} INFO - [2023-01-15T13:48:35.585+0000] {dag.py:2676} INFO - Sync 1 DAGs
[2023-01-15T13:48:35.744+0000] {logging_mixin.py:137} INFO - [2023-01-15T13:48:35.738+0000] {dag.py:3427} INFO - Setting next_dagrun for example_branch_dop_operator_v3 to 2023-01-15T13:47:00+00:00, run_after=2023-01-15T13:48:00+00:00
[2023-01-15T13:48:35.828+0000] {processor.py:175} INFO - Processing /home/airflow/.local/lib/python3.7/site-packages/airflow/example_dags/example_branch_python_dop_operator_3.py took 0.594 seconds
[2023-01-15T13:49:06.829+0000] {processor.py:153} INFO - Started process (PID=532) to work on /home/airflow/.local/lib/python3.7/site-packages/airflow/example_dags/example_branch_python_dop_operator_3.py
[2023-01-15T13:49:06.837+0000] {processor.py:743} INFO - Processing file /home/airflow/.local/lib/python3.7/site-packages/airflow/example_dags/example_branch_python_dop_operator_3.py for tasks to queue
[2023-01-15T13:49:06.844+0000] {logging_mixin.py:137} INFO - [2023-01-15T13:49:06.844+0000] {dagbag.py:538} INFO - Filling up the DagBag from /home/airflow/.local/lib/python3.7/site-packages/airflow/example_dags/example_branch_python_dop_operator_3.py
[2023-01-15T13:49:07.055+0000] {processor.py:753} INFO - DAG(s) dict_keys(['example_branch_dop_operator_v3']) retrieved from /home/airflow/.local/lib/python3.7/site-packages/airflow/example_dags/example_branch_python_dop_operator_3.py
[2023-01-15T13:49:07.297+0000] {logging_mixin.py:137} INFO - [2023-01-15T13:49:07.297+0000] {dag.py:2676} INFO - Sync 1 DAGs
[2023-01-15T13:49:07.442+0000] {logging_mixin.py:137} INFO - [2023-01-15T13:49:07.441+0000] {dag.py:3427} INFO - Setting next_dagrun for example_branch_dop_operator_v3 to 2023-01-15T13:48:00+00:00, run_after=2023-01-15T13:49:00+00:00
[2023-01-15T13:49:07.501+0000] {processor.py:175} INFO - Processing /home/airflow/.local/lib/python3.7/site-packages/airflow/example_dags/example_branch_python_dop_operator_3.py took 0.699 seconds
[2023-01-15T13:49:39.646+0000] {processor.py:153} INFO - Started process (PID=595) to work on /home/airflow/.local/lib/python3.7/site-packages/airflow/example_dags/example_branch_python_dop_operator_3.py
[2023-01-15T13:49:39.654+0000] {processor.py:743} INFO - Processing file /home/airflow/.local/lib/python3.7/site-packages/airflow/example_dags/example_branch_python_dop_operator_3.py for tasks to queue
[2023-01-15T13:49:39.658+0000] {logging_mixin.py:137} INFO - [2023-01-15T13:49:39.658+0000] {dagbag.py:538} INFO - Filling up the DagBag from /home/airflow/.local/lib/python3.7/site-packages/airflow/example_dags/example_branch_python_dop_operator_3.py
[2023-01-15T13:49:39.966+0000] {processor.py:753} INFO - DAG(s) dict_keys(['example_branch_dop_operator_v3']) retrieved from /home/airflow/.local/lib/python3.7/site-packages/airflow/example_dags/example_branch_python_dop_operator_3.py
[2023-01-15T13:49:40.355+0000] {logging_mixin.py:137} INFO - [2023-01-15T13:49:40.355+0000] {dag.py:2676} INFO - Sync 1 DAGs
[2023-01-15T13:49:40.761+0000] {logging_mixin.py:137} INFO - [2023-01-15T13:49:40.753+0000] {dag.py:3427} INFO - Setting next_dagrun for example_branch_dop_operator_v3 to 2023-01-15T13:48:00+00:00, run_after=2023-01-15T13:49:00+00:00
[2023-01-15T13:49:40.895+0000] {processor.py:175} INFO - Processing /home/airflow/.local/lib/python3.7/site-packages/airflow/example_dags/example_branch_python_dop_operator_3.py took 1.296 seconds
[2023-01-15T13:50:11.772+0000] {processor.py:153} INFO - Started process (PID=644) to work on /home/airflow/.local/lib/python3.7/site-packages/airflow/example_dags/example_branch_python_dop_operator_3.py
[2023-01-15T13:50:11.775+0000] {processor.py:743} INFO - Processing file /home/airflow/.local/lib/python3.7/site-packages/airflow/example_dags/example_branch_python_dop_operator_3.py for tasks to queue
[2023-01-15T13:50:11.781+0000] {logging_mixin.py:137} INFO - [2023-01-15T13:50:11.781+0000] {dagbag.py:538} INFO - Filling up the DagBag from /home/airflow/.local/lib/python3.7/site-packages/airflow/example_dags/example_branch_python_dop_operator_3.py
[2023-01-15T13:50:11.897+0000] {processor.py:753} INFO - DAG(s) dict_keys(['example_branch_dop_operator_v3']) retrieved from /home/airflow/.local/lib/python3.7/site-packages/airflow/example_dags/example_branch_python_dop_operator_3.py
[2023-01-15T13:50:12.124+0000] {logging_mixin.py:137} INFO - [2023-01-15T13:50:12.123+0000] {dag.py:2676} INFO - Sync 1 DAGs
[2023-01-15T13:50:12.297+0000] {logging_mixin.py:137} INFO - [2023-01-15T13:50:12.296+0000] {dag.py:3427} INFO - Setting next_dagrun for example_branch_dop_operator_v3 to 2023-01-15T13:49:00+00:00, run_after=2023-01-15T13:50:00+00:00
[2023-01-15T13:50:12.366+0000] {processor.py:175} INFO - Processing /home/airflow/.local/lib/python3.7/site-packages/airflow/example_dags/example_branch_python_dop_operator_3.py took 0.610 seconds
[2023-01-15T13:50:42.654+0000] {processor.py:153} INFO - Started process (PID=700) to work on /home/airflow/.local/lib/python3.7/site-packages/airflow/example_dags/example_branch_python_dop_operator_3.py
[2023-01-15T13:50:42.660+0000] {processor.py:743} INFO - Processing file /home/airflow/.local/lib/python3.7/site-packages/airflow/example_dags/example_branch_python_dop_operator_3.py for tasks to queue
[2023-01-15T13:50:42.663+0000] {logging_mixin.py:137} INFO - [2023-01-15T13:50:42.663+0000] {dagbag.py:538} INFO - Filling up the DagBag from /home/airflow/.local/lib/python3.7/site-packages/airflow/example_dags/example_branch_python_dop_operator_3.py
[2023-01-15T13:50:42.736+0000] {processor.py:753} INFO - DAG(s) dict_keys(['example_branch_dop_operator_v3']) retrieved from /home/airflow/.local/lib/python3.7/site-packages/airflow/example_dags/example_branch_python_dop_operator_3.py
[2023-01-15T13:50:42.842+0000] {logging_mixin.py:137} INFO - [2023-01-15T13:50:42.842+0000] {dag.py:2676} INFO - Sync 1 DAGs
[2023-01-15T13:50:42.908+0000] {logging_mixin.py:137} INFO - [2023-01-15T13:50:42.908+0000] {dag.py:3427} INFO - Setting next_dagrun for example_branch_dop_operator_v3 to 2023-01-15T13:49:00+00:00, run_after=2023-01-15T13:50:00+00:00
[2023-01-15T13:50:42.979+0000] {processor.py:175} INFO - Processing /home/airflow/.local/lib/python3.7/site-packages/airflow/example_dags/example_branch_python_dop_operator_3.py took 0.335 seconds
[2023-01-15T13:51:13.383+0000] {processor.py:153} INFO - Started process (PID=756) to work on /home/airflow/.local/lib/python3.7/site-packages/airflow/example_dags/example_branch_python_dop_operator_3.py
[2023-01-15T13:51:13.397+0000] {processor.py:743} INFO - Processing file /home/airflow/.local/lib/python3.7/site-packages/airflow/example_dags/example_branch_python_dop_operator_3.py for tasks to queue
[2023-01-15T13:51:13.404+0000] {logging_mixin.py:137} INFO - [2023-01-15T13:51:13.404+0000] {dagbag.py:538} INFO - Filling up the DagBag from /home/airflow/.local/lib/python3.7/site-packages/airflow/example_dags/example_branch_python_dop_operator_3.py
[2023-01-15T13:51:13.619+0000] {processor.py:753} INFO - DAG(s) dict_keys(['example_branch_dop_operator_v3']) retrieved from /home/airflow/.local/lib/python3.7/site-packages/airflow/example_dags/example_branch_python_dop_operator_3.py
[2023-01-15T13:51:13.942+0000] {logging_mixin.py:137} INFO - [2023-01-15T13:51:13.942+0000] {dag.py:2676} INFO - Sync 1 DAGs
[2023-01-15T13:51:14.258+0000] {logging_mixin.py:137} INFO - [2023-01-15T13:51:14.258+0000] {dag.py:3427} INFO - Setting next_dagrun for example_branch_dop_operator_v3 to 2023-01-15T13:50:00+00:00, run_after=2023-01-15T13:51:00+00:00
[2023-01-15T13:51:14.394+0000] {processor.py:175} INFO - Processing /home/airflow/.local/lib/python3.7/site-packages/airflow/example_dags/example_branch_python_dop_operator_3.py took 1.041 seconds
[2023-01-15T13:51:44.851+0000] {processor.py:153} INFO - Started process (PID=812) to work on /home/airflow/.local/lib/python3.7/site-packages/airflow/example_dags/example_branch_python_dop_operator_3.py
[2023-01-15T13:51:44.858+0000] {processor.py:743} INFO - Processing file /home/airflow/.local/lib/python3.7/site-packages/airflow/example_dags/example_branch_python_dop_operator_3.py for tasks to queue
[2023-01-15T13:51:44.859+0000] {logging_mixin.py:137} INFO - [2023-01-15T13:51:44.859+0000] {dagbag.py:538} INFO - Filling up the DagBag from /home/airflow/.local/lib/python3.7/site-packages/airflow/example_dags/example_branch_python_dop_operator_3.py
[2023-01-15T13:51:44.920+0000] {processor.py:753} INFO - DAG(s) dict_keys(['example_branch_dop_operator_v3']) retrieved from /home/airflow/.local/lib/python3.7/site-packages/airflow/example_dags/example_branch_python_dop_operator_3.py
[2023-01-15T13:51:45.025+0000] {logging_mixin.py:137} INFO - [2023-01-15T13:51:45.021+0000] {dag.py:2676} INFO - Sync 1 DAGs
[2023-01-15T13:51:45.097+0000] {logging_mixin.py:137} INFO - [2023-01-15T13:51:45.097+0000] {dag.py:3427} INFO - Setting next_dagrun for example_branch_dop_operator_v3 to 2023-01-15T13:50:00+00:00, run_after=2023-01-15T13:51:00+00:00
[2023-01-15T13:51:45.154+0000] {processor.py:175} INFO - Processing /home/airflow/.local/lib/python3.7/site-packages/airflow/example_dags/example_branch_python_dop_operator_3.py took 0.315 seconds
[2023-01-15T13:52:17.665+0000] {processor.py:153} INFO - Started process (PID=868) to work on /home/airflow/.local/lib/python3.7/site-packages/airflow/example_dags/example_branch_python_dop_operator_3.py
[2023-01-15T13:52:17.669+0000] {processor.py:743} INFO - Processing file /home/airflow/.local/lib/python3.7/site-packages/airflow/example_dags/example_branch_python_dop_operator_3.py for tasks to queue
[2023-01-15T13:52:17.674+0000] {logging_mixin.py:137} INFO - [2023-01-15T13:52:17.674+0000] {dagbag.py:538} INFO - Filling up the DagBag from /home/airflow/.local/lib/python3.7/site-packages/airflow/example_dags/example_branch_python_dop_operator_3.py
[2023-01-15T13:52:17.809+0000] {processor.py:753} INFO - DAG(s) dict_keys(['example_branch_dop_operator_v3']) retrieved from /home/airflow/.local/lib/python3.7/site-packages/airflow/example_dags/example_branch_python_dop_operator_3.py
[2023-01-15T13:52:18.020+0000] {logging_mixin.py:137} INFO - [2023-01-15T13:52:18.019+0000] {dag.py:2676} INFO - Sync 1 DAGs
[2023-01-15T13:52:18.192+0000] {logging_mixin.py:137} INFO - [2023-01-15T13:52:18.191+0000] {dag.py:3427} INFO - Setting next_dagrun for example_branch_dop_operator_v3 to 2023-01-15T13:51:00+00:00, run_after=2023-01-15T13:52:00+00:00
[2023-01-15T13:52:18.399+0000] {processor.py:175} INFO - Processing /home/airflow/.local/lib/python3.7/site-packages/airflow/example_dags/example_branch_python_dop_operator_3.py took 0.751 seconds
[2023-01-15T13:52:50.771+0000] {processor.py:153} INFO - Started process (PID=921) to work on /home/airflow/.local/lib/python3.7/site-packages/airflow/example_dags/example_branch_python_dop_operator_3.py
[2023-01-15T13:52:50.778+0000] {processor.py:743} INFO - Processing file /home/airflow/.local/lib/python3.7/site-packages/airflow/example_dags/example_branch_python_dop_operator_3.py for tasks to queue
[2023-01-15T13:52:50.783+0000] {logging_mixin.py:137} INFO - [2023-01-15T13:52:50.783+0000] {dagbag.py:538} INFO - Filling up the DagBag from /home/airflow/.local/lib/python3.7/site-packages/airflow/example_dags/example_branch_python_dop_operator_3.py
[2023-01-15T13:52:50.996+0000] {processor.py:753} INFO - DAG(s) dict_keys(['example_branch_dop_operator_v3']) retrieved from /home/airflow/.local/lib/python3.7/site-packages/airflow/example_dags/example_branch_python_dop_operator_3.py
[2023-01-15T13:52:51.298+0000] {logging_mixin.py:137} INFO - [2023-01-15T13:52:51.298+0000] {dag.py:2676} INFO - Sync 1 DAGs
[2023-01-15T13:52:51.607+0000] {logging_mixin.py:137} INFO - [2023-01-15T13:52:51.607+0000] {dag.py:3427} INFO - Setting next_dagrun for example_branch_dop_operator_v3 to 2023-01-15T13:51:00+00:00, run_after=2023-01-15T13:52:00+00:00
[2023-01-15T13:52:51.771+0000] {processor.py:175} INFO - Processing /home/airflow/.local/lib/python3.7/site-packages/airflow/example_dags/example_branch_python_dop_operator_3.py took 1.041 seconds
