[2023-01-15T12:59:53.143+0000] {processor.py:153} INFO - Started process (PID=109) to work on /home/airflow/.local/lib/python3.7/site-packages/airflow/example_dags/example_local_kubernetes_executor.py
[2023-01-15T12:59:53.148+0000] {processor.py:743} INFO - Processing file /home/airflow/.local/lib/python3.7/site-packages/airflow/example_dags/example_local_kubernetes_executor.py for tasks to queue
[2023-01-15T12:59:53.150+0000] {logging_mixin.py:137} INFO - [2023-01-15T12:59:53.150+0000] {dagbag.py:538} INFO - Filling up the DagBag from /home/airflow/.local/lib/python3.7/site-packages/airflow/example_dags/example_local_kubernetes_executor.py
[2023-01-15T12:59:53.253+0000] {processor.py:753} INFO - DAG(s) dict_keys(['example_local_kubernetes_executor']) retrieved from /home/airflow/.local/lib/python3.7/site-packages/airflow/example_dags/example_local_kubernetes_executor.py
[2023-01-15T12:59:53.738+0000] {logging_mixin.py:137} INFO - [2023-01-15T12:59:53.738+0000] {manager.py:504} INFO - Created Permission View: can read on DAG:example_local_kubernetes_executor
[2023-01-15T12:59:53.786+0000] {logging_mixin.py:137} INFO - [2023-01-15T12:59:53.786+0000] {manager.py:504} INFO - Created Permission View: can edit on DAG:example_local_kubernetes_executor
[2023-01-15T12:59:53.824+0000] {logging_mixin.py:137} INFO - [2023-01-15T12:59:53.824+0000] {manager.py:504} INFO - Created Permission View: can delete on DAG:example_local_kubernetes_executor
[2023-01-15T12:59:53.828+0000] {logging_mixin.py:137} INFO - [2023-01-15T12:59:53.828+0000] {dag.py:2676} INFO - Sync 1 DAGs
[2023-01-15T12:59:53.888+0000] {logging_mixin.py:137} INFO - [2023-01-15T12:59:53.888+0000] {dag.py:2697} INFO - Creating ORM DAG for example_local_kubernetes_executor
[2023-01-15T12:59:53.928+0000] {logging_mixin.py:137} INFO - [2023-01-15T12:59:53.928+0000] {dag.py:3427} INFO - Setting next_dagrun for example_local_kubernetes_executor to None, run_after=None
[2023-01-15T12:59:53.998+0000] {processor.py:175} INFO - Processing /home/airflow/.local/lib/python3.7/site-packages/airflow/example_dags/example_local_kubernetes_executor.py took 0.866 seconds
[2023-01-15T13:00:24.368+0000] {processor.py:153} INFO - Started process (PID=165) to work on /home/airflow/.local/lib/python3.7/site-packages/airflow/example_dags/example_local_kubernetes_executor.py
[2023-01-15T13:00:24.379+0000] {processor.py:743} INFO - Processing file /home/airflow/.local/lib/python3.7/site-packages/airflow/example_dags/example_local_kubernetes_executor.py for tasks to queue
[2023-01-15T13:00:24.381+0000] {logging_mixin.py:137} INFO - [2023-01-15T13:00:24.381+0000] {dagbag.py:538} INFO - Filling up the DagBag from /home/airflow/.local/lib/python3.7/site-packages/airflow/example_dags/example_local_kubernetes_executor.py
[2023-01-15T13:00:24.527+0000] {processor.py:753} INFO - DAG(s) dict_keys(['example_local_kubernetes_executor']) retrieved from /home/airflow/.local/lib/python3.7/site-packages/airflow/example_dags/example_local_kubernetes_executor.py
[2023-01-15T13:00:24.806+0000] {logging_mixin.py:137} INFO - [2023-01-15T13:00:24.806+0000] {dag.py:2676} INFO - Sync 1 DAGs
[2023-01-15T13:00:24.937+0000] {logging_mixin.py:137} INFO - [2023-01-15T13:00:24.937+0000] {dag.py:3427} INFO - Setting next_dagrun for example_local_kubernetes_executor to None, run_after=None
[2023-01-15T13:00:25.042+0000] {processor.py:175} INFO - Processing /home/airflow/.local/lib/python3.7/site-packages/airflow/example_dags/example_local_kubernetes_executor.py took 0.683 seconds
[2023-01-15T13:00:55.279+0000] {processor.py:153} INFO - Started process (PID=222) to work on /home/airflow/.local/lib/python3.7/site-packages/airflow/example_dags/example_local_kubernetes_executor.py
[2023-01-15T13:00:55.290+0000] {processor.py:743} INFO - Processing file /home/airflow/.local/lib/python3.7/site-packages/airflow/example_dags/example_local_kubernetes_executor.py for tasks to queue
[2023-01-15T13:00:55.294+0000] {logging_mixin.py:137} INFO - [2023-01-15T13:00:55.294+0000] {dagbag.py:538} INFO - Filling up the DagBag from /home/airflow/.local/lib/python3.7/site-packages/airflow/example_dags/example_local_kubernetes_executor.py
[2023-01-15T13:00:55.521+0000] {processor.py:753} INFO - DAG(s) dict_keys(['example_local_kubernetes_executor']) retrieved from /home/airflow/.local/lib/python3.7/site-packages/airflow/example_dags/example_local_kubernetes_executor.py
[2023-01-15T13:00:55.895+0000] {logging_mixin.py:137} INFO - [2023-01-15T13:00:55.894+0000] {dag.py:2676} INFO - Sync 1 DAGs
[2023-01-15T13:00:56.018+0000] {logging_mixin.py:137} INFO - [2023-01-15T13:00:56.018+0000] {dag.py:3427} INFO - Setting next_dagrun for example_local_kubernetes_executor to None, run_after=None
[2023-01-15T13:00:56.114+0000] {processor.py:175} INFO - Processing /home/airflow/.local/lib/python3.7/site-packages/airflow/example_dags/example_local_kubernetes_executor.py took 0.860 seconds
[2023-01-15T13:01:26.579+0000] {processor.py:153} INFO - Started process (PID=277) to work on /home/airflow/.local/lib/python3.7/site-packages/airflow/example_dags/example_local_kubernetes_executor.py
[2023-01-15T13:01:26.581+0000] {processor.py:743} INFO - Processing file /home/airflow/.local/lib/python3.7/site-packages/airflow/example_dags/example_local_kubernetes_executor.py for tasks to queue
[2023-01-15T13:01:26.583+0000] {logging_mixin.py:137} INFO - [2023-01-15T13:01:26.582+0000] {dagbag.py:538} INFO - Filling up the DagBag from /home/airflow/.local/lib/python3.7/site-packages/airflow/example_dags/example_local_kubernetes_executor.py
[2023-01-15T13:01:26.611+0000] {processor.py:753} INFO - DAG(s) dict_keys(['example_local_kubernetes_executor']) retrieved from /home/airflow/.local/lib/python3.7/site-packages/airflow/example_dags/example_local_kubernetes_executor.py
[2023-01-15T13:01:26.672+0000] {logging_mixin.py:137} INFO - [2023-01-15T13:01:26.672+0000] {dag.py:2676} INFO - Sync 1 DAGs
[2023-01-15T13:01:26.704+0000] {logging_mixin.py:137} INFO - [2023-01-15T13:01:26.704+0000] {dag.py:3427} INFO - Setting next_dagrun for example_local_kubernetes_executor to None, run_after=None
[2023-01-15T13:01:26.744+0000] {processor.py:175} INFO - Processing /home/airflow/.local/lib/python3.7/site-packages/airflow/example_dags/example_local_kubernetes_executor.py took 0.169 seconds
[2023-01-15T13:01:56.885+0000] {processor.py:153} INFO - Started process (PID=341) to work on /home/airflow/.local/lib/python3.7/site-packages/airflow/example_dags/example_local_kubernetes_executor.py
[2023-01-15T13:01:56.890+0000] {processor.py:743} INFO - Processing file /home/airflow/.local/lib/python3.7/site-packages/airflow/example_dags/example_local_kubernetes_executor.py for tasks to queue
[2023-01-15T13:01:56.893+0000] {logging_mixin.py:137} INFO - [2023-01-15T13:01:56.893+0000] {dagbag.py:538} INFO - Filling up the DagBag from /home/airflow/.local/lib/python3.7/site-packages/airflow/example_dags/example_local_kubernetes_executor.py
[2023-01-15T13:01:56.978+0000] {processor.py:753} INFO - DAG(s) dict_keys(['example_local_kubernetes_executor']) retrieved from /home/airflow/.local/lib/python3.7/site-packages/airflow/example_dags/example_local_kubernetes_executor.py
[2023-01-15T13:01:57.150+0000] {logging_mixin.py:137} INFO - [2023-01-15T13:01:57.150+0000] {dag.py:2676} INFO - Sync 1 DAGs
[2023-01-15T13:01:57.237+0000] {logging_mixin.py:137} INFO - [2023-01-15T13:01:57.235+0000] {dag.py:3427} INFO - Setting next_dagrun for example_local_kubernetes_executor to None, run_after=None
[2023-01-15T13:01:57.317+0000] {processor.py:175} INFO - Processing /home/airflow/.local/lib/python3.7/site-packages/airflow/example_dags/example_local_kubernetes_executor.py took 0.445 seconds
[2023-01-15T13:02:28.099+0000] {processor.py:153} INFO - Started process (PID=387) to work on /home/airflow/.local/lib/python3.7/site-packages/airflow/example_dags/example_local_kubernetes_executor.py
[2023-01-15T13:02:28.108+0000] {processor.py:743} INFO - Processing file /home/airflow/.local/lib/python3.7/site-packages/airflow/example_dags/example_local_kubernetes_executor.py for tasks to queue
[2023-01-15T13:02:28.110+0000] {logging_mixin.py:137} INFO - [2023-01-15T13:02:28.109+0000] {dagbag.py:538} INFO - Filling up the DagBag from /home/airflow/.local/lib/python3.7/site-packages/airflow/example_dags/example_local_kubernetes_executor.py
[2023-01-15T13:02:28.280+0000] {processor.py:753} INFO - DAG(s) dict_keys(['example_local_kubernetes_executor']) retrieved from /home/airflow/.local/lib/python3.7/site-packages/airflow/example_dags/example_local_kubernetes_executor.py
[2023-01-15T13:02:28.532+0000] {logging_mixin.py:137} INFO - [2023-01-15T13:02:28.532+0000] {dag.py:2676} INFO - Sync 1 DAGs
[2023-01-15T13:02:28.663+0000] {logging_mixin.py:137} INFO - [2023-01-15T13:02:28.662+0000] {dag.py:3427} INFO - Setting next_dagrun for example_local_kubernetes_executor to None, run_after=None
[2023-01-15T13:02:28.717+0000] {processor.py:175} INFO - Processing /home/airflow/.local/lib/python3.7/site-packages/airflow/example_dags/example_local_kubernetes_executor.py took 0.633 seconds
[2023-01-15T13:02:59.474+0000] {processor.py:153} INFO - Started process (PID=443) to work on /home/airflow/.local/lib/python3.7/site-packages/airflow/example_dags/example_local_kubernetes_executor.py
[2023-01-15T13:02:59.479+0000] {processor.py:743} INFO - Processing file /home/airflow/.local/lib/python3.7/site-packages/airflow/example_dags/example_local_kubernetes_executor.py for tasks to queue
[2023-01-15T13:02:59.481+0000] {logging_mixin.py:137} INFO - [2023-01-15T13:02:59.481+0000] {dagbag.py:538} INFO - Filling up the DagBag from /home/airflow/.local/lib/python3.7/site-packages/airflow/example_dags/example_local_kubernetes_executor.py
[2023-01-15T13:02:59.537+0000] {processor.py:753} INFO - DAG(s) dict_keys(['example_local_kubernetes_executor']) retrieved from /home/airflow/.local/lib/python3.7/site-packages/airflow/example_dags/example_local_kubernetes_executor.py
[2023-01-15T13:02:59.641+0000] {logging_mixin.py:137} INFO - [2023-01-15T13:02:59.637+0000] {dag.py:2676} INFO - Sync 1 DAGs
[2023-01-15T13:02:59.697+0000] {logging_mixin.py:137} INFO - [2023-01-15T13:02:59.697+0000] {dag.py:3427} INFO - Setting next_dagrun for example_local_kubernetes_executor to None, run_after=None
[2023-01-15T13:02:59.774+0000] {processor.py:175} INFO - Processing /home/airflow/.local/lib/python3.7/site-packages/airflow/example_dags/example_local_kubernetes_executor.py took 0.309 seconds
[2023-01-15T13:03:29.940+0000] {processor.py:153} INFO - Started process (PID=499) to work on /home/airflow/.local/lib/python3.7/site-packages/airflow/example_dags/example_local_kubernetes_executor.py
[2023-01-15T13:03:29.944+0000] {processor.py:743} INFO - Processing file /home/airflow/.local/lib/python3.7/site-packages/airflow/example_dags/example_local_kubernetes_executor.py for tasks to queue
[2023-01-15T13:03:29.946+0000] {logging_mixin.py:137} INFO - [2023-01-15T13:03:29.945+0000] {dagbag.py:538} INFO - Filling up the DagBag from /home/airflow/.local/lib/python3.7/site-packages/airflow/example_dags/example_local_kubernetes_executor.py
[2023-01-15T13:03:30.003+0000] {processor.py:753} INFO - DAG(s) dict_keys(['example_local_kubernetes_executor']) retrieved from /home/airflow/.local/lib/python3.7/site-packages/airflow/example_dags/example_local_kubernetes_executor.py
[2023-01-15T13:03:30.100+0000] {logging_mixin.py:137} INFO - [2023-01-15T13:03:30.100+0000] {dag.py:2676} INFO - Sync 1 DAGs
[2023-01-15T13:03:30.160+0000] {logging_mixin.py:137} INFO - [2023-01-15T13:03:30.160+0000] {dag.py:3427} INFO - Setting next_dagrun for example_local_kubernetes_executor to None, run_after=None
[2023-01-15T13:03:30.223+0000] {processor.py:175} INFO - Processing /home/airflow/.local/lib/python3.7/site-packages/airflow/example_dags/example_local_kubernetes_executor.py took 0.291 seconds
[2023-01-15T13:04:00.940+0000] {processor.py:153} INFO - Started process (PID=555) to work on /home/airflow/.local/lib/python3.7/site-packages/airflow/example_dags/example_local_kubernetes_executor.py
[2023-01-15T13:04:00.942+0000] {processor.py:743} INFO - Processing file /home/airflow/.local/lib/python3.7/site-packages/airflow/example_dags/example_local_kubernetes_executor.py for tasks to queue
[2023-01-15T13:04:00.948+0000] {logging_mixin.py:137} INFO - [2023-01-15T13:04:00.948+0000] {dagbag.py:538} INFO - Filling up the DagBag from /home/airflow/.local/lib/python3.7/site-packages/airflow/example_dags/example_local_kubernetes_executor.py
[2023-01-15T13:04:01.004+0000] {processor.py:753} INFO - DAG(s) dict_keys(['example_local_kubernetes_executor']) retrieved from /home/airflow/.local/lib/python3.7/site-packages/airflow/example_dags/example_local_kubernetes_executor.py
[2023-01-15T13:04:01.088+0000] {logging_mixin.py:137} INFO - [2023-01-15T13:04:01.088+0000] {dag.py:2676} INFO - Sync 1 DAGs
[2023-01-15T13:04:01.157+0000] {logging_mixin.py:137} INFO - [2023-01-15T13:04:01.157+0000] {dag.py:3427} INFO - Setting next_dagrun for example_local_kubernetes_executor to None, run_after=None
[2023-01-15T13:04:01.210+0000] {processor.py:175} INFO - Processing /home/airflow/.local/lib/python3.7/site-packages/airflow/example_dags/example_local_kubernetes_executor.py took 0.278 seconds
[2023-01-15T13:04:32.021+0000] {processor.py:153} INFO - Started process (PID=610) to work on /home/airflow/.local/lib/python3.7/site-packages/airflow/example_dags/example_local_kubernetes_executor.py
[2023-01-15T13:04:32.027+0000] {processor.py:743} INFO - Processing file /home/airflow/.local/lib/python3.7/site-packages/airflow/example_dags/example_local_kubernetes_executor.py for tasks to queue
[2023-01-15T13:04:32.029+0000] {logging_mixin.py:137} INFO - [2023-01-15T13:04:32.028+0000] {dagbag.py:538} INFO - Filling up the DagBag from /home/airflow/.local/lib/python3.7/site-packages/airflow/example_dags/example_local_kubernetes_executor.py
[2023-01-15T13:04:32.090+0000] {processor.py:753} INFO - DAG(s) dict_keys(['example_local_kubernetes_executor']) retrieved from /home/airflow/.local/lib/python3.7/site-packages/airflow/example_dags/example_local_kubernetes_executor.py
[2023-01-15T13:04:32.195+0000] {logging_mixin.py:137} INFO - [2023-01-15T13:04:32.195+0000] {dag.py:2676} INFO - Sync 1 DAGs
[2023-01-15T13:04:32.262+0000] {logging_mixin.py:137} INFO - [2023-01-15T13:04:32.262+0000] {dag.py:3427} INFO - Setting next_dagrun for example_local_kubernetes_executor to None, run_after=None
[2023-01-15T13:04:32.321+0000] {processor.py:175} INFO - Processing /home/airflow/.local/lib/python3.7/site-packages/airflow/example_dags/example_local_kubernetes_executor.py took 0.306 seconds
[2023-01-15T13:05:03.027+0000] {processor.py:153} INFO - Started process (PID=674) to work on /home/airflow/.local/lib/python3.7/site-packages/airflow/example_dags/example_local_kubernetes_executor.py
[2023-01-15T13:05:03.033+0000] {processor.py:743} INFO - Processing file /home/airflow/.local/lib/python3.7/site-packages/airflow/example_dags/example_local_kubernetes_executor.py for tasks to queue
[2023-01-15T13:05:03.041+0000] {logging_mixin.py:137} INFO - [2023-01-15T13:05:03.041+0000] {dagbag.py:538} INFO - Filling up the DagBag from /home/airflow/.local/lib/python3.7/site-packages/airflow/example_dags/example_local_kubernetes_executor.py
[2023-01-15T13:05:03.111+0000] {processor.py:753} INFO - DAG(s) dict_keys(['example_local_kubernetes_executor']) retrieved from /home/airflow/.local/lib/python3.7/site-packages/airflow/example_dags/example_local_kubernetes_executor.py
[2023-01-15T13:05:03.198+0000] {logging_mixin.py:137} INFO - [2023-01-15T13:05:03.198+0000] {dag.py:2676} INFO - Sync 1 DAGs
[2023-01-15T13:05:03.227+0000] {logging_mixin.py:137} INFO - [2023-01-15T13:05:03.227+0000] {dag.py:3427} INFO - Setting next_dagrun for example_local_kubernetes_executor to None, run_after=None
[2023-01-15T13:05:03.269+0000] {processor.py:175} INFO - Processing /home/airflow/.local/lib/python3.7/site-packages/airflow/example_dags/example_local_kubernetes_executor.py took 0.252 seconds
[2023-01-15T13:05:34.679+0000] {processor.py:153} INFO - Started process (PID=729) to work on /home/airflow/.local/lib/python3.7/site-packages/airflow/example_dags/example_local_kubernetes_executor.py
[2023-01-15T13:05:34.686+0000] {processor.py:743} INFO - Processing file /home/airflow/.local/lib/python3.7/site-packages/airflow/example_dags/example_local_kubernetes_executor.py for tasks to queue
[2023-01-15T13:05:34.688+0000] {logging_mixin.py:137} INFO - [2023-01-15T13:05:34.688+0000] {dagbag.py:538} INFO - Filling up the DagBag from /home/airflow/.local/lib/python3.7/site-packages/airflow/example_dags/example_local_kubernetes_executor.py
[2023-01-15T13:05:34.825+0000] {processor.py:753} INFO - DAG(s) dict_keys(['example_local_kubernetes_executor']) retrieved from /home/airflow/.local/lib/python3.7/site-packages/airflow/example_dags/example_local_kubernetes_executor.py
[2023-01-15T13:05:35.006+0000] {logging_mixin.py:137} INFO - [2023-01-15T13:05:35.006+0000] {dag.py:2676} INFO - Sync 1 DAGs
[2023-01-15T13:05:35.125+0000] {logging_mixin.py:137} INFO - [2023-01-15T13:05:35.125+0000] {dag.py:3427} INFO - Setting next_dagrun for example_local_kubernetes_executor to None, run_after=None
[2023-01-15T13:05:35.202+0000] {processor.py:175} INFO - Processing /home/airflow/.local/lib/python3.7/site-packages/airflow/example_dags/example_local_kubernetes_executor.py took 0.536 seconds
[2023-01-15T13:06:05.835+0000] {processor.py:153} INFO - Started process (PID=788) to work on /home/airflow/.local/lib/python3.7/site-packages/airflow/example_dags/example_local_kubernetes_executor.py
[2023-01-15T13:06:05.843+0000] {processor.py:743} INFO - Processing file /home/airflow/.local/lib/python3.7/site-packages/airflow/example_dags/example_local_kubernetes_executor.py for tasks to queue
[2023-01-15T13:06:05.845+0000] {logging_mixin.py:137} INFO - [2023-01-15T13:06:05.845+0000] {dagbag.py:538} INFO - Filling up the DagBag from /home/airflow/.local/lib/python3.7/site-packages/airflow/example_dags/example_local_kubernetes_executor.py
[2023-01-15T13:06:05.949+0000] {processor.py:753} INFO - DAG(s) dict_keys(['example_local_kubernetes_executor']) retrieved from /home/airflow/.local/lib/python3.7/site-packages/airflow/example_dags/example_local_kubernetes_executor.py
[2023-01-15T13:06:06.104+0000] {logging_mixin.py:137} INFO - [2023-01-15T13:06:06.104+0000] {dag.py:2676} INFO - Sync 1 DAGs
[2023-01-15T13:06:06.193+0000] {logging_mixin.py:137} INFO - [2023-01-15T13:06:06.192+0000] {dag.py:3427} INFO - Setting next_dagrun for example_local_kubernetes_executor to None, run_after=None
[2023-01-15T13:06:06.259+0000] {processor.py:175} INFO - Processing /home/airflow/.local/lib/python3.7/site-packages/airflow/example_dags/example_local_kubernetes_executor.py took 0.434 seconds
[2023-01-15T13:06:37.126+0000] {processor.py:153} INFO - Started process (PID=845) to work on /home/airflow/.local/lib/python3.7/site-packages/airflow/example_dags/example_local_kubernetes_executor.py
[2023-01-15T13:06:37.133+0000] {processor.py:743} INFO - Processing file /home/airflow/.local/lib/python3.7/site-packages/airflow/example_dags/example_local_kubernetes_executor.py for tasks to queue
[2023-01-15T13:06:37.135+0000] {logging_mixin.py:137} INFO - [2023-01-15T13:06:37.135+0000] {dagbag.py:538} INFO - Filling up the DagBag from /home/airflow/.local/lib/python3.7/site-packages/airflow/example_dags/example_local_kubernetes_executor.py
[2023-01-15T13:06:37.208+0000] {processor.py:753} INFO - DAG(s) dict_keys(['example_local_kubernetes_executor']) retrieved from /home/airflow/.local/lib/python3.7/site-packages/airflow/example_dags/example_local_kubernetes_executor.py
[2023-01-15T13:06:37.307+0000] {logging_mixin.py:137} INFO - [2023-01-15T13:06:37.307+0000] {dag.py:2676} INFO - Sync 1 DAGs
[2023-01-15T13:06:37.361+0000] {logging_mixin.py:137} INFO - [2023-01-15T13:06:37.361+0000] {dag.py:3427} INFO - Setting next_dagrun for example_local_kubernetes_executor to None, run_after=None
[2023-01-15T13:06:37.424+0000] {processor.py:175} INFO - Processing /home/airflow/.local/lib/python3.7/site-packages/airflow/example_dags/example_local_kubernetes_executor.py took 0.304 seconds
[2023-01-15T13:07:30.002+0000] {processor.py:153} INFO - Started process (PID=912) to work on /home/airflow/.local/lib/python3.7/site-packages/airflow/example_dags/example_local_kubernetes_executor.py
[2023-01-15T13:07:30.028+0000] {processor.py:743} INFO - Processing file /home/airflow/.local/lib/python3.7/site-packages/airflow/example_dags/example_local_kubernetes_executor.py for tasks to queue
[2023-01-15T13:07:30.060+0000] {logging_mixin.py:137} INFO - [2023-01-15T13:07:30.045+0000] {dagbag.py:538} INFO - Filling up the DagBag from /home/airflow/.local/lib/python3.7/site-packages/airflow/example_dags/example_local_kubernetes_executor.py
[2023-01-15T13:07:31.249+0000] {processor.py:753} INFO - DAG(s) dict_keys(['example_local_kubernetes_executor']) retrieved from /home/airflow/.local/lib/python3.7/site-packages/airflow/example_dags/example_local_kubernetes_executor.py
[2023-01-15T13:07:32.953+0000] {logging_mixin.py:137} INFO - [2023-01-15T13:07:32.933+0000] {dag.py:2676} INFO - Sync 1 DAGs
[2023-01-15T13:07:33.794+0000] {logging_mixin.py:137} INFO - [2023-01-15T13:07:33.794+0000] {dag.py:3427} INFO - Setting next_dagrun for example_local_kubernetes_executor to None, run_after=None
[2023-01-15T13:07:34.411+0000] {processor.py:175} INFO - Processing /home/airflow/.local/lib/python3.7/site-packages/airflow/example_dags/example_local_kubernetes_executor.py took 4.537 seconds
[2023-01-15T13:08:13.978+0000] {processor.py:153} INFO - Started process (PID=972) to work on /home/airflow/.local/lib/python3.7/site-packages/airflow/example_dags/example_local_kubernetes_executor.py
[2023-01-15T13:08:13.992+0000] {processor.py:743} INFO - Processing file /home/airflow/.local/lib/python3.7/site-packages/airflow/example_dags/example_local_kubernetes_executor.py for tasks to queue
[2023-01-15T13:08:13.994+0000] {logging_mixin.py:137} INFO - [2023-01-15T13:08:13.994+0000] {dagbag.py:538} INFO - Filling up the DagBag from /home/airflow/.local/lib/python3.7/site-packages/airflow/example_dags/example_local_kubernetes_executor.py
[2023-01-15T13:08:14.309+0000] {processor.py:753} INFO - DAG(s) dict_keys(['example_local_kubernetes_executor']) retrieved from /home/airflow/.local/lib/python3.7/site-packages/airflow/example_dags/example_local_kubernetes_executor.py
[2023-01-15T13:08:14.783+0000] {logging_mixin.py:137} INFO - [2023-01-15T13:08:14.783+0000] {dag.py:2676} INFO - Sync 1 DAGs
[2023-01-15T13:08:15.081+0000] {logging_mixin.py:137} INFO - [2023-01-15T13:08:15.080+0000] {dag.py:3427} INFO - Setting next_dagrun for example_local_kubernetes_executor to None, run_after=None
[2023-01-15T13:08:15.370+0000] {processor.py:175} INFO - Processing /home/airflow/.local/lib/python3.7/site-packages/airflow/example_dags/example_local_kubernetes_executor.py took 1.431 seconds
[2023-01-15T13:08:45.998+0000] {processor.py:153} INFO - Started process (PID=1028) to work on /home/airflow/.local/lib/python3.7/site-packages/airflow/example_dags/example_local_kubernetes_executor.py
[2023-01-15T13:08:46.008+0000] {processor.py:743} INFO - Processing file /home/airflow/.local/lib/python3.7/site-packages/airflow/example_dags/example_local_kubernetes_executor.py for tasks to queue
[2023-01-15T13:08:46.010+0000] {logging_mixin.py:137} INFO - [2023-01-15T13:08:46.010+0000] {dagbag.py:538} INFO - Filling up the DagBag from /home/airflow/.local/lib/python3.7/site-packages/airflow/example_dags/example_local_kubernetes_executor.py
[2023-01-15T13:08:46.119+0000] {processor.py:753} INFO - DAG(s) dict_keys(['example_local_kubernetes_executor']) retrieved from /home/airflow/.local/lib/python3.7/site-packages/airflow/example_dags/example_local_kubernetes_executor.py
[2023-01-15T13:08:46.399+0000] {logging_mixin.py:137} INFO - [2023-01-15T13:08:46.398+0000] {dag.py:2676} INFO - Sync 1 DAGs
[2023-01-15T13:08:46.680+0000] {logging_mixin.py:137} INFO - [2023-01-15T13:08:46.680+0000] {dag.py:3427} INFO - Setting next_dagrun for example_local_kubernetes_executor to None, run_after=None
[2023-01-15T13:08:46.786+0000] {processor.py:175} INFO - Processing /home/airflow/.local/lib/python3.7/site-packages/airflow/example_dags/example_local_kubernetes_executor.py took 0.803 seconds
[2023-01-15T13:09:28.636+0000] {processor.py:153} INFO - Started process (PID=1086) to work on /home/airflow/.local/lib/python3.7/site-packages/airflow/example_dags/example_local_kubernetes_executor.py
[2023-01-15T13:09:28.644+0000] {processor.py:743} INFO - Processing file /home/airflow/.local/lib/python3.7/site-packages/airflow/example_dags/example_local_kubernetes_executor.py for tasks to queue
[2023-01-15T13:09:28.648+0000] {logging_mixin.py:137} INFO - [2023-01-15T13:09:28.648+0000] {dagbag.py:538} INFO - Filling up the DagBag from /home/airflow/.local/lib/python3.7/site-packages/airflow/example_dags/example_local_kubernetes_executor.py
[2023-01-15T13:09:29.191+0000] {processor.py:753} INFO - DAG(s) dict_keys(['example_local_kubernetes_executor']) retrieved from /home/airflow/.local/lib/python3.7/site-packages/airflow/example_dags/example_local_kubernetes_executor.py
[2023-01-15T13:09:29.468+0000] {logging_mixin.py:137} INFO - [2023-01-15T13:09:29.468+0000] {dag.py:2676} INFO - Sync 1 DAGs
[2023-01-15T13:09:29.658+0000] {logging_mixin.py:137} INFO - [2023-01-15T13:09:29.658+0000] {dag.py:3427} INFO - Setting next_dagrun for example_local_kubernetes_executor to None, run_after=None
[2023-01-15T13:09:29.750+0000] {processor.py:175} INFO - Processing /home/airflow/.local/lib/python3.7/site-packages/airflow/example_dags/example_local_kubernetes_executor.py took 1.139 seconds
[2023-01-15T13:10:04.107+0000] {processor.py:153} INFO - Started process (PID=1144) to work on /home/airflow/.local/lib/python3.7/site-packages/airflow/example_dags/example_local_kubernetes_executor.py
[2023-01-15T13:10:04.113+0000] {processor.py:743} INFO - Processing file /home/airflow/.local/lib/python3.7/site-packages/airflow/example_dags/example_local_kubernetes_executor.py for tasks to queue
[2023-01-15T13:10:04.119+0000] {logging_mixin.py:137} INFO - [2023-01-15T13:10:04.119+0000] {dagbag.py:538} INFO - Filling up the DagBag from /home/airflow/.local/lib/python3.7/site-packages/airflow/example_dags/example_local_kubernetes_executor.py
[2023-01-15T13:10:04.232+0000] {processor.py:753} INFO - DAG(s) dict_keys(['example_local_kubernetes_executor']) retrieved from /home/airflow/.local/lib/python3.7/site-packages/airflow/example_dags/example_local_kubernetes_executor.py
[2023-01-15T13:10:04.402+0000] {logging_mixin.py:137} INFO - [2023-01-15T13:10:04.400+0000] {dag.py:2676} INFO - Sync 1 DAGs
[2023-01-15T13:10:04.501+0000] {logging_mixin.py:137} INFO - [2023-01-15T13:10:04.501+0000] {dag.py:3427} INFO - Setting next_dagrun for example_local_kubernetes_executor to None, run_after=None
[2023-01-15T13:10:04.574+0000] {processor.py:175} INFO - Processing /home/airflow/.local/lib/python3.7/site-packages/airflow/example_dags/example_local_kubernetes_executor.py took 0.492 seconds
[2023-01-15T13:10:43.390+0000] {processor.py:153} INFO - Started process (PID=1200) to work on /home/airflow/.local/lib/python3.7/site-packages/airflow/example_dags/example_local_kubernetes_executor.py
[2023-01-15T13:10:43.417+0000] {processor.py:743} INFO - Processing file /home/airflow/.local/lib/python3.7/site-packages/airflow/example_dags/example_local_kubernetes_executor.py for tasks to queue
[2023-01-15T13:10:43.421+0000] {logging_mixin.py:137} INFO - [2023-01-15T13:10:43.421+0000] {dagbag.py:538} INFO - Filling up the DagBag from /home/airflow/.local/lib/python3.7/site-packages/airflow/example_dags/example_local_kubernetes_executor.py
[2023-01-15T13:10:43.814+0000] {processor.py:753} INFO - DAG(s) dict_keys(['example_local_kubernetes_executor']) retrieved from /home/airflow/.local/lib/python3.7/site-packages/airflow/example_dags/example_local_kubernetes_executor.py
[2023-01-15T13:10:44.400+0000] {logging_mixin.py:137} INFO - [2023-01-15T13:10:44.385+0000] {dag.py:2676} INFO - Sync 1 DAGs
[2023-01-15T13:10:44.752+0000] {logging_mixin.py:137} INFO - [2023-01-15T13:10:44.752+0000] {dag.py:3427} INFO - Setting next_dagrun for example_local_kubernetes_executor to None, run_after=None
[2023-01-15T13:10:44.863+0000] {processor.py:175} INFO - Processing /home/airflow/.local/lib/python3.7/site-packages/airflow/example_dags/example_local_kubernetes_executor.py took 1.551 seconds
[2023-01-15T13:11:27.212+0000] {processor.py:153} INFO - Started process (PID=1261) to work on /home/airflow/.local/lib/python3.7/site-packages/airflow/example_dags/example_local_kubernetes_executor.py
[2023-01-15T13:11:27.223+0000] {processor.py:743} INFO - Processing file /home/airflow/.local/lib/python3.7/site-packages/airflow/example_dags/example_local_kubernetes_executor.py for tasks to queue
[2023-01-15T13:11:27.229+0000] {logging_mixin.py:137} INFO - [2023-01-15T13:11:27.229+0000] {dagbag.py:538} INFO - Filling up the DagBag from /home/airflow/.local/lib/python3.7/site-packages/airflow/example_dags/example_local_kubernetes_executor.py
[2023-01-15T13:11:27.542+0000] {processor.py:753} INFO - DAG(s) dict_keys(['example_local_kubernetes_executor']) retrieved from /home/airflow/.local/lib/python3.7/site-packages/airflow/example_dags/example_local_kubernetes_executor.py
[2023-01-15T13:11:28.063+0000] {logging_mixin.py:137} INFO - [2023-01-15T13:11:28.062+0000] {dag.py:2676} INFO - Sync 1 DAGs
[2023-01-15T13:11:28.371+0000] {logging_mixin.py:137} INFO - [2023-01-15T13:11:28.370+0000] {dag.py:3427} INFO - Setting next_dagrun for example_local_kubernetes_executor to None, run_after=None
[2023-01-15T13:11:28.461+0000] {processor.py:175} INFO - Processing /home/airflow/.local/lib/python3.7/site-packages/airflow/example_dags/example_local_kubernetes_executor.py took 1.297 seconds
[2023-01-15T13:12:20.498+0000] {processor.py:153} INFO - Started process (PID=1318) to work on /home/airflow/.local/lib/python3.7/site-packages/airflow/example_dags/example_local_kubernetes_executor.py
[2023-01-15T13:12:20.515+0000] {processor.py:743} INFO - Processing file /home/airflow/.local/lib/python3.7/site-packages/airflow/example_dags/example_local_kubernetes_executor.py for tasks to queue
[2023-01-15T13:12:20.520+0000] {logging_mixin.py:137} INFO - [2023-01-15T13:12:20.520+0000] {dagbag.py:538} INFO - Filling up the DagBag from /home/airflow/.local/lib/python3.7/site-packages/airflow/example_dags/example_local_kubernetes_executor.py
[2023-01-15T13:12:20.940+0000] {processor.py:753} INFO - DAG(s) dict_keys(['example_local_kubernetes_executor']) retrieved from /home/airflow/.local/lib/python3.7/site-packages/airflow/example_dags/example_local_kubernetes_executor.py
[2023-01-15T13:12:21.647+0000] {logging_mixin.py:137} INFO - [2023-01-15T13:12:21.646+0000] {dag.py:2676} INFO - Sync 1 DAGs
[2023-01-15T13:12:22.045+0000] {logging_mixin.py:137} INFO - [2023-01-15T13:12:22.045+0000] {dag.py:3427} INFO - Setting next_dagrun for example_local_kubernetes_executor to None, run_after=None
[2023-01-15T13:12:22.323+0000] {processor.py:175} INFO - Processing /home/airflow/.local/lib/python3.7/site-packages/airflow/example_dags/example_local_kubernetes_executor.py took 1.873 seconds
[2023-01-15T13:12:53.292+0000] {processor.py:153} INFO - Started process (PID=1374) to work on /home/airflow/.local/lib/python3.7/site-packages/airflow/example_dags/example_local_kubernetes_executor.py
[2023-01-15T13:12:53.302+0000] {processor.py:743} INFO - Processing file /home/airflow/.local/lib/python3.7/site-packages/airflow/example_dags/example_local_kubernetes_executor.py for tasks to queue
[2023-01-15T13:12:53.305+0000] {logging_mixin.py:137} INFO - [2023-01-15T13:12:53.305+0000] {dagbag.py:538} INFO - Filling up the DagBag from /home/airflow/.local/lib/python3.7/site-packages/airflow/example_dags/example_local_kubernetes_executor.py
[2023-01-15T13:12:53.558+0000] {processor.py:753} INFO - DAG(s) dict_keys(['example_local_kubernetes_executor']) retrieved from /home/airflow/.local/lib/python3.7/site-packages/airflow/example_dags/example_local_kubernetes_executor.py
[2023-01-15T13:12:53.819+0000] {logging_mixin.py:137} INFO - [2023-01-15T13:12:53.819+0000] {dag.py:2676} INFO - Sync 1 DAGs
[2023-01-15T13:12:53.961+0000] {logging_mixin.py:137} INFO - [2023-01-15T13:12:53.961+0000] {dag.py:3427} INFO - Setting next_dagrun for example_local_kubernetes_executor to None, run_after=None
[2023-01-15T13:12:54.051+0000] {processor.py:175} INFO - Processing /home/airflow/.local/lib/python3.7/site-packages/airflow/example_dags/example_local_kubernetes_executor.py took 0.783 seconds
[2023-01-15T13:13:40.708+0000] {processor.py:153} INFO - Started process (PID=1436) to work on /home/airflow/.local/lib/python3.7/site-packages/airflow/example_dags/example_local_kubernetes_executor.py
[2023-01-15T13:13:40.721+0000] {processor.py:743} INFO - Processing file /home/airflow/.local/lib/python3.7/site-packages/airflow/example_dags/example_local_kubernetes_executor.py for tasks to queue
[2023-01-15T13:13:40.735+0000] {logging_mixin.py:137} INFO - [2023-01-15T13:13:40.735+0000] {dagbag.py:538} INFO - Filling up the DagBag from /home/airflow/.local/lib/python3.7/site-packages/airflow/example_dags/example_local_kubernetes_executor.py
[2023-01-15T13:13:41.145+0000] {processor.py:753} INFO - DAG(s) dict_keys(['example_local_kubernetes_executor']) retrieved from /home/airflow/.local/lib/python3.7/site-packages/airflow/example_dags/example_local_kubernetes_executor.py
[2023-01-15T13:13:41.886+0000] {logging_mixin.py:137} INFO - [2023-01-15T13:13:41.886+0000] {dag.py:2676} INFO - Sync 1 DAGs
[2023-01-15T13:13:42.203+0000] {logging_mixin.py:137} INFO - [2023-01-15T13:13:42.202+0000] {dag.py:3427} INFO - Setting next_dagrun for example_local_kubernetes_executor to None, run_after=None
[2023-01-15T13:13:42.439+0000] {processor.py:175} INFO - Processing /home/airflow/.local/lib/python3.7/site-packages/airflow/example_dags/example_local_kubernetes_executor.py took 1.903 seconds
[2023-01-15T13:14:14.335+0000] {processor.py:153} INFO - Started process (PID=1492) to work on /home/airflow/.local/lib/python3.7/site-packages/airflow/example_dags/example_local_kubernetes_executor.py
[2023-01-15T13:14:14.344+0000] {processor.py:743} INFO - Processing file /home/airflow/.local/lib/python3.7/site-packages/airflow/example_dags/example_local_kubernetes_executor.py for tasks to queue
[2023-01-15T13:14:14.356+0000] {logging_mixin.py:137} INFO - [2023-01-15T13:14:14.355+0000] {dagbag.py:538} INFO - Filling up the DagBag from /home/airflow/.local/lib/python3.7/site-packages/airflow/example_dags/example_local_kubernetes_executor.py
[2023-01-15T13:14:14.538+0000] {processor.py:753} INFO - DAG(s) dict_keys(['example_local_kubernetes_executor']) retrieved from /home/airflow/.local/lib/python3.7/site-packages/airflow/example_dags/example_local_kubernetes_executor.py
[2023-01-15T13:14:14.864+0000] {logging_mixin.py:137} INFO - [2023-01-15T13:14:14.864+0000] {dag.py:2676} INFO - Sync 1 DAGs
[2023-01-15T13:14:15.022+0000] {logging_mixin.py:137} INFO - [2023-01-15T13:14:15.022+0000] {dag.py:3427} INFO - Setting next_dagrun for example_local_kubernetes_executor to None, run_after=None
[2023-01-15T13:14:15.126+0000] {processor.py:175} INFO - Processing /home/airflow/.local/lib/python3.7/site-packages/airflow/example_dags/example_local_kubernetes_executor.py took 0.820 seconds
[2023-01-15T13:14:46.954+0000] {processor.py:153} INFO - Started process (PID=1548) to work on /home/airflow/.local/lib/python3.7/site-packages/airflow/example_dags/example_local_kubernetes_executor.py
[2023-01-15T13:14:46.959+0000] {processor.py:743} INFO - Processing file /home/airflow/.local/lib/python3.7/site-packages/airflow/example_dags/example_local_kubernetes_executor.py for tasks to queue
[2023-01-15T13:14:46.966+0000] {logging_mixin.py:137} INFO - [2023-01-15T13:14:46.965+0000] {dagbag.py:538} INFO - Filling up the DagBag from /home/airflow/.local/lib/python3.7/site-packages/airflow/example_dags/example_local_kubernetes_executor.py
[2023-01-15T13:14:47.307+0000] {processor.py:753} INFO - DAG(s) dict_keys(['example_local_kubernetes_executor']) retrieved from /home/airflow/.local/lib/python3.7/site-packages/airflow/example_dags/example_local_kubernetes_executor.py
[2023-01-15T13:14:47.735+0000] {logging_mixin.py:137} INFO - [2023-01-15T13:14:47.735+0000] {dag.py:2676} INFO - Sync 1 DAGs
[2023-01-15T13:14:48.017+0000] {logging_mixin.py:137} INFO - [2023-01-15T13:14:48.017+0000] {dag.py:3427} INFO - Setting next_dagrun for example_local_kubernetes_executor to None, run_after=None
[2023-01-15T13:14:48.173+0000] {processor.py:175} INFO - Processing /home/airflow/.local/lib/python3.7/site-packages/airflow/example_dags/example_local_kubernetes_executor.py took 1.250 seconds
[2023-01-15T13:15:18.902+0000] {processor.py:153} INFO - Started process (PID=1595) to work on /home/airflow/.local/lib/python3.7/site-packages/airflow/example_dags/example_local_kubernetes_executor.py
[2023-01-15T13:15:18.912+0000] {processor.py:743} INFO - Processing file /home/airflow/.local/lib/python3.7/site-packages/airflow/example_dags/example_local_kubernetes_executor.py for tasks to queue
[2023-01-15T13:15:18.921+0000] {logging_mixin.py:137} INFO - [2023-01-15T13:15:18.921+0000] {dagbag.py:538} INFO - Filling up the DagBag from /home/airflow/.local/lib/python3.7/site-packages/airflow/example_dags/example_local_kubernetes_executor.py
[2023-01-15T13:15:19.109+0000] {processor.py:753} INFO - DAG(s) dict_keys(['example_local_kubernetes_executor']) retrieved from /home/airflow/.local/lib/python3.7/site-packages/airflow/example_dags/example_local_kubernetes_executor.py
[2023-01-15T13:15:19.311+0000] {logging_mixin.py:137} INFO - [2023-01-15T13:15:19.310+0000] {dag.py:2676} INFO - Sync 1 DAGs
[2023-01-15T13:15:19.429+0000] {logging_mixin.py:137} INFO - [2023-01-15T13:15:19.422+0000] {dag.py:3427} INFO - Setting next_dagrun for example_local_kubernetes_executor to None, run_after=None
[2023-01-15T13:15:19.518+0000] {processor.py:175} INFO - Processing /home/airflow/.local/lib/python3.7/site-packages/airflow/example_dags/example_local_kubernetes_executor.py took 0.647 seconds
[2023-01-15T13:44:23.903+0000] {processor.py:153} INFO - Started process (PID=116) to work on /home/airflow/.local/lib/python3.7/site-packages/airflow/example_dags/example_local_kubernetes_executor.py
[2023-01-15T13:44:23.937+0000] {processor.py:743} INFO - Processing file /home/airflow/.local/lib/python3.7/site-packages/airflow/example_dags/example_local_kubernetes_executor.py for tasks to queue
[2023-01-15T13:44:23.948+0000] {logging_mixin.py:137} INFO - [2023-01-15T13:44:23.948+0000] {dagbag.py:538} INFO - Filling up the DagBag from /home/airflow/.local/lib/python3.7/site-packages/airflow/example_dags/example_local_kubernetes_executor.py
[2023-01-15T13:44:24.607+0000] {processor.py:753} INFO - DAG(s) dict_keys(['example_local_kubernetes_executor']) retrieved from /home/airflow/.local/lib/python3.7/site-packages/airflow/example_dags/example_local_kubernetes_executor.py
[2023-01-15T13:44:25.814+0000] {logging_mixin.py:137} INFO - [2023-01-15T13:44:25.813+0000] {dag.py:2676} INFO - Sync 1 DAGs
[2023-01-15T13:44:26.760+0000] {logging_mixin.py:137} INFO - [2023-01-15T13:44:26.759+0000] {dag.py:3427} INFO - Setting next_dagrun for example_local_kubernetes_executor to None, run_after=None
[2023-01-15T13:44:27.570+0000] {processor.py:175} INFO - Processing /home/airflow/.local/lib/python3.7/site-packages/airflow/example_dags/example_local_kubernetes_executor.py took 3.753 seconds
[2023-01-15T13:45:49.776+0000] {processor.py:153} INFO - Started process (PID=200) to work on /home/airflow/.local/lib/python3.7/site-packages/airflow/example_dags/example_local_kubernetes_executor.py
[2023-01-15T13:45:49.784+0000] {processor.py:743} INFO - Processing file /home/airflow/.local/lib/python3.7/site-packages/airflow/example_dags/example_local_kubernetes_executor.py for tasks to queue
[2023-01-15T13:45:49.788+0000] {logging_mixin.py:137} INFO - [2023-01-15T13:45:49.788+0000] {dagbag.py:538} INFO - Filling up the DagBag from /home/airflow/.local/lib/python3.7/site-packages/airflow/example_dags/example_local_kubernetes_executor.py
[2023-01-15T13:45:49.973+0000] {processor.py:753} INFO - DAG(s) dict_keys(['example_local_kubernetes_executor']) retrieved from /home/airflow/.local/lib/python3.7/site-packages/airflow/example_dags/example_local_kubernetes_executor.py
[2023-01-15T13:45:50.252+0000] {logging_mixin.py:137} INFO - [2023-01-15T13:45:50.252+0000] {dag.py:2676} INFO - Sync 1 DAGs
[2023-01-15T13:45:50.373+0000] {logging_mixin.py:137} INFO - [2023-01-15T13:45:50.372+0000] {dag.py:3427} INFO - Setting next_dagrun for example_local_kubernetes_executor to None, run_after=None
[2023-01-15T13:45:50.466+0000] {processor.py:175} INFO - Processing /home/airflow/.local/lib/python3.7/site-packages/airflow/example_dags/example_local_kubernetes_executor.py took 0.711 seconds
[2023-01-15T13:46:26.004+0000] {processor.py:153} INFO - Started process (PID=256) to work on /home/airflow/.local/lib/python3.7/site-packages/airflow/example_dags/example_local_kubernetes_executor.py
[2023-01-15T13:46:26.012+0000] {processor.py:743} INFO - Processing file /home/airflow/.local/lib/python3.7/site-packages/airflow/example_dags/example_local_kubernetes_executor.py for tasks to queue
[2023-01-15T13:46:26.018+0000] {logging_mixin.py:137} INFO - [2023-01-15T13:46:26.018+0000] {dagbag.py:538} INFO - Filling up the DagBag from /home/airflow/.local/lib/python3.7/site-packages/airflow/example_dags/example_local_kubernetes_executor.py
[2023-01-15T13:46:26.383+0000] {processor.py:753} INFO - DAG(s) dict_keys(['example_local_kubernetes_executor']) retrieved from /home/airflow/.local/lib/python3.7/site-packages/airflow/example_dags/example_local_kubernetes_executor.py
[2023-01-15T13:46:26.889+0000] {logging_mixin.py:137} INFO - [2023-01-15T13:46:26.889+0000] {dag.py:2676} INFO - Sync 1 DAGs
[2023-01-15T13:46:27.197+0000] {logging_mixin.py:137} INFO - [2023-01-15T13:46:27.197+0000] {dag.py:3427} INFO - Setting next_dagrun for example_local_kubernetes_executor to None, run_after=None
[2023-01-15T13:46:27.430+0000] {processor.py:175} INFO - Processing /home/airflow/.local/lib/python3.7/site-packages/airflow/example_dags/example_local_kubernetes_executor.py took 1.477 seconds
[2023-01-15T13:46:58.090+0000] {processor.py:153} INFO - Started process (PID=311) to work on /home/airflow/.local/lib/python3.7/site-packages/airflow/example_dags/example_local_kubernetes_executor.py
[2023-01-15T13:46:58.098+0000] {processor.py:743} INFO - Processing file /home/airflow/.local/lib/python3.7/site-packages/airflow/example_dags/example_local_kubernetes_executor.py for tasks to queue
[2023-01-15T13:46:58.102+0000] {logging_mixin.py:137} INFO - [2023-01-15T13:46:58.102+0000] {dagbag.py:538} INFO - Filling up the DagBag from /home/airflow/.local/lib/python3.7/site-packages/airflow/example_dags/example_local_kubernetes_executor.py
[2023-01-15T13:46:58.225+0000] {processor.py:753} INFO - DAG(s) dict_keys(['example_local_kubernetes_executor']) retrieved from /home/airflow/.local/lib/python3.7/site-packages/airflow/example_dags/example_local_kubernetes_executor.py
[2023-01-15T13:46:58.339+0000] {logging_mixin.py:137} INFO - [2023-01-15T13:46:58.339+0000] {dag.py:2676} INFO - Sync 1 DAGs
[2023-01-15T13:46:58.423+0000] {logging_mixin.py:137} INFO - [2023-01-15T13:46:58.423+0000] {dag.py:3427} INFO - Setting next_dagrun for example_local_kubernetes_executor to None, run_after=None
[2023-01-15T13:46:58.650+0000] {processor.py:175} INFO - Processing /home/airflow/.local/lib/python3.7/site-packages/airflow/example_dags/example_local_kubernetes_executor.py took 0.583 seconds
[2023-01-15T13:47:29.484+0000] {processor.py:153} INFO - Started process (PID=358) to work on /home/airflow/.local/lib/python3.7/site-packages/airflow/example_dags/example_local_kubernetes_executor.py
[2023-01-15T13:47:29.493+0000] {processor.py:743} INFO - Processing file /home/airflow/.local/lib/python3.7/site-packages/airflow/example_dags/example_local_kubernetes_executor.py for tasks to queue
[2023-01-15T13:47:29.499+0000] {logging_mixin.py:137} INFO - [2023-01-15T13:47:29.499+0000] {dagbag.py:538} INFO - Filling up the DagBag from /home/airflow/.local/lib/python3.7/site-packages/airflow/example_dags/example_local_kubernetes_executor.py
[2023-01-15T13:47:29.718+0000] {processor.py:753} INFO - DAG(s) dict_keys(['example_local_kubernetes_executor']) retrieved from /home/airflow/.local/lib/python3.7/site-packages/airflow/example_dags/example_local_kubernetes_executor.py
[2023-01-15T13:47:29.930+0000] {logging_mixin.py:137} INFO - [2023-01-15T13:47:29.930+0000] {dag.py:2676} INFO - Sync 1 DAGs
[2023-01-15T13:47:30.055+0000] {logging_mixin.py:137} INFO - [2023-01-15T13:47:30.055+0000] {dag.py:3427} INFO - Setting next_dagrun for example_local_kubernetes_executor to None, run_after=None
[2023-01-15T13:47:30.143+0000] {processor.py:175} INFO - Processing /home/airflow/.local/lib/python3.7/site-packages/airflow/example_dags/example_local_kubernetes_executor.py took 0.679 seconds
[2023-01-15T13:48:00.987+0000] {processor.py:153} INFO - Started process (PID=416) to work on /home/airflow/.local/lib/python3.7/site-packages/airflow/example_dags/example_local_kubernetes_executor.py
[2023-01-15T13:48:00.990+0000] {processor.py:743} INFO - Processing file /home/airflow/.local/lib/python3.7/site-packages/airflow/example_dags/example_local_kubernetes_executor.py for tasks to queue
[2023-01-15T13:48:00.997+0000] {logging_mixin.py:137} INFO - [2023-01-15T13:48:00.997+0000] {dagbag.py:538} INFO - Filling up the DagBag from /home/airflow/.local/lib/python3.7/site-packages/airflow/example_dags/example_local_kubernetes_executor.py
[2023-01-15T13:48:01.061+0000] {processor.py:753} INFO - DAG(s) dict_keys(['example_local_kubernetes_executor']) retrieved from /home/airflow/.local/lib/python3.7/site-packages/airflow/example_dags/example_local_kubernetes_executor.py
[2023-01-15T13:48:01.154+0000] {logging_mixin.py:137} INFO - [2023-01-15T13:48:01.154+0000] {dag.py:2676} INFO - Sync 1 DAGs
[2023-01-15T13:48:01.212+0000] {logging_mixin.py:137} INFO - [2023-01-15T13:48:01.212+0000] {dag.py:3427} INFO - Setting next_dagrun for example_local_kubernetes_executor to None, run_after=None
[2023-01-15T13:48:01.271+0000] {processor.py:175} INFO - Processing /home/airflow/.local/lib/python3.7/site-packages/airflow/example_dags/example_local_kubernetes_executor.py took 0.292 seconds
[2023-01-15T13:48:31.989+0000] {processor.py:153} INFO - Started process (PID=470) to work on /home/airflow/.local/lib/python3.7/site-packages/airflow/example_dags/example_local_kubernetes_executor.py
[2023-01-15T13:48:31.998+0000] {processor.py:743} INFO - Processing file /home/airflow/.local/lib/python3.7/site-packages/airflow/example_dags/example_local_kubernetes_executor.py for tasks to queue
[2023-01-15T13:48:32.001+0000] {logging_mixin.py:137} INFO - [2023-01-15T13:48:32.001+0000] {dagbag.py:538} INFO - Filling up the DagBag from /home/airflow/.local/lib/python3.7/site-packages/airflow/example_dags/example_local_kubernetes_executor.py
[2023-01-15T13:48:32.089+0000] {processor.py:753} INFO - DAG(s) dict_keys(['example_local_kubernetes_executor']) retrieved from /home/airflow/.local/lib/python3.7/site-packages/airflow/example_dags/example_local_kubernetes_executor.py
[2023-01-15T13:48:32.208+0000] {logging_mixin.py:137} INFO - [2023-01-15T13:48:32.207+0000] {dag.py:2676} INFO - Sync 1 DAGs
[2023-01-15T13:48:32.274+0000] {logging_mixin.py:137} INFO - [2023-01-15T13:48:32.274+0000] {dag.py:3427} INFO - Setting next_dagrun for example_local_kubernetes_executor to None, run_after=None
[2023-01-15T13:48:32.341+0000] {processor.py:175} INFO - Processing /home/airflow/.local/lib/python3.7/site-packages/airflow/example_dags/example_local_kubernetes_executor.py took 0.362 seconds
[2023-01-15T13:49:02.948+0000] {processor.py:153} INFO - Started process (PID=525) to work on /home/airflow/.local/lib/python3.7/site-packages/airflow/example_dags/example_local_kubernetes_executor.py
[2023-01-15T13:49:02.961+0000] {processor.py:743} INFO - Processing file /home/airflow/.local/lib/python3.7/site-packages/airflow/example_dags/example_local_kubernetes_executor.py for tasks to queue
[2023-01-15T13:49:02.971+0000] {logging_mixin.py:137} INFO - [2023-01-15T13:49:02.971+0000] {dagbag.py:538} INFO - Filling up the DagBag from /home/airflow/.local/lib/python3.7/site-packages/airflow/example_dags/example_local_kubernetes_executor.py
[2023-01-15T13:49:03.145+0000] {processor.py:753} INFO - DAG(s) dict_keys(['example_local_kubernetes_executor']) retrieved from /home/airflow/.local/lib/python3.7/site-packages/airflow/example_dags/example_local_kubernetes_executor.py
[2023-01-15T13:49:03.327+0000] {logging_mixin.py:137} INFO - [2023-01-15T13:49:03.325+0000] {dag.py:2676} INFO - Sync 1 DAGs
[2023-01-15T13:49:03.445+0000] {logging_mixin.py:137} INFO - [2023-01-15T13:49:03.445+0000] {dag.py:3427} INFO - Setting next_dagrun for example_local_kubernetes_executor to None, run_after=None
[2023-01-15T13:49:03.524+0000] {processor.py:175} INFO - Processing /home/airflow/.local/lib/python3.7/site-packages/airflow/example_dags/example_local_kubernetes_executor.py took 0.615 seconds
[2023-01-15T13:49:34.314+0000] {processor.py:153} INFO - Started process (PID=581) to work on /home/airflow/.local/lib/python3.7/site-packages/airflow/example_dags/example_local_kubernetes_executor.py
[2023-01-15T13:49:34.331+0000] {processor.py:743} INFO - Processing file /home/airflow/.local/lib/python3.7/site-packages/airflow/example_dags/example_local_kubernetes_executor.py for tasks to queue
[2023-01-15T13:49:34.338+0000] {logging_mixin.py:137} INFO - [2023-01-15T13:49:34.338+0000] {dagbag.py:538} INFO - Filling up the DagBag from /home/airflow/.local/lib/python3.7/site-packages/airflow/example_dags/example_local_kubernetes_executor.py
[2023-01-15T13:49:34.490+0000] {processor.py:753} INFO - DAG(s) dict_keys(['example_local_kubernetes_executor']) retrieved from /home/airflow/.local/lib/python3.7/site-packages/airflow/example_dags/example_local_kubernetes_executor.py
[2023-01-15T13:49:34.883+0000] {logging_mixin.py:137} INFO - [2023-01-15T13:49:34.883+0000] {dag.py:2676} INFO - Sync 1 DAGs
[2023-01-15T13:49:35.069+0000] {logging_mixin.py:137} INFO - [2023-01-15T13:49:35.069+0000] {dag.py:3427} INFO - Setting next_dagrun for example_local_kubernetes_executor to None, run_after=None
[2023-01-15T13:49:35.210+0000] {processor.py:175} INFO - Processing /home/airflow/.local/lib/python3.7/site-packages/airflow/example_dags/example_local_kubernetes_executor.py took 0.920 seconds
[2023-01-15T13:50:05.752+0000] {processor.py:153} INFO - Started process (PID=637) to work on /home/airflow/.local/lib/python3.7/site-packages/airflow/example_dags/example_local_kubernetes_executor.py
[2023-01-15T13:50:05.755+0000] {processor.py:743} INFO - Processing file /home/airflow/.local/lib/python3.7/site-packages/airflow/example_dags/example_local_kubernetes_executor.py for tasks to queue
[2023-01-15T13:50:05.761+0000] {logging_mixin.py:137} INFO - [2023-01-15T13:50:05.761+0000] {dagbag.py:538} INFO - Filling up the DagBag from /home/airflow/.local/lib/python3.7/site-packages/airflow/example_dags/example_local_kubernetes_executor.py
[2023-01-15T13:50:05.844+0000] {processor.py:753} INFO - DAG(s) dict_keys(['example_local_kubernetes_executor']) retrieved from /home/airflow/.local/lib/python3.7/site-packages/airflow/example_dags/example_local_kubernetes_executor.py
[2023-01-15T13:50:05.972+0000] {logging_mixin.py:137} INFO - [2023-01-15T13:50:05.972+0000] {dag.py:2676} INFO - Sync 1 DAGs
[2023-01-15T13:50:06.038+0000] {logging_mixin.py:137} INFO - [2023-01-15T13:50:06.038+0000] {dag.py:3427} INFO - Setting next_dagrun for example_local_kubernetes_executor to None, run_after=None
[2023-01-15T13:50:06.122+0000] {processor.py:175} INFO - Processing /home/airflow/.local/lib/python3.7/site-packages/airflow/example_dags/example_local_kubernetes_executor.py took 0.382 seconds
[2023-01-15T13:50:36.758+0000] {processor.py:153} INFO - Started process (PID=693) to work on /home/airflow/.local/lib/python3.7/site-packages/airflow/example_dags/example_local_kubernetes_executor.py
[2023-01-15T13:50:36.769+0000] {processor.py:743} INFO - Processing file /home/airflow/.local/lib/python3.7/site-packages/airflow/example_dags/example_local_kubernetes_executor.py for tasks to queue
[2023-01-15T13:50:36.778+0000] {logging_mixin.py:137} INFO - [2023-01-15T13:50:36.778+0000] {dagbag.py:538} INFO - Filling up the DagBag from /home/airflow/.local/lib/python3.7/site-packages/airflow/example_dags/example_local_kubernetes_executor.py
[2023-01-15T13:50:37.003+0000] {processor.py:753} INFO - DAG(s) dict_keys(['example_local_kubernetes_executor']) retrieved from /home/airflow/.local/lib/python3.7/site-packages/airflow/example_dags/example_local_kubernetes_executor.py
[2023-01-15T13:50:37.331+0000] {logging_mixin.py:137} INFO - [2023-01-15T13:50:37.330+0000] {dag.py:2676} INFO - Sync 1 DAGs
[2023-01-15T13:50:37.543+0000] {logging_mixin.py:137} INFO - [2023-01-15T13:50:37.543+0000] {dag.py:3427} INFO - Setting next_dagrun for example_local_kubernetes_executor to None, run_after=None
[2023-01-15T13:50:37.802+0000] {processor.py:175} INFO - Processing /home/airflow/.local/lib/python3.7/site-packages/airflow/example_dags/example_local_kubernetes_executor.py took 1.082 seconds
[2023-01-15T13:51:08.441+0000] {processor.py:153} INFO - Started process (PID=749) to work on /home/airflow/.local/lib/python3.7/site-packages/airflow/example_dags/example_local_kubernetes_executor.py
[2023-01-15T13:51:08.456+0000] {processor.py:743} INFO - Processing file /home/airflow/.local/lib/python3.7/site-packages/airflow/example_dags/example_local_kubernetes_executor.py for tasks to queue
[2023-01-15T13:51:08.465+0000] {logging_mixin.py:137} INFO - [2023-01-15T13:51:08.465+0000] {dagbag.py:538} INFO - Filling up the DagBag from /home/airflow/.local/lib/python3.7/site-packages/airflow/example_dags/example_local_kubernetes_executor.py
[2023-01-15T13:51:08.644+0000] {processor.py:753} INFO - DAG(s) dict_keys(['example_local_kubernetes_executor']) retrieved from /home/airflow/.local/lib/python3.7/site-packages/airflow/example_dags/example_local_kubernetes_executor.py
[2023-01-15T13:51:08.845+0000] {logging_mixin.py:137} INFO - [2023-01-15T13:51:08.844+0000] {dag.py:2676} INFO - Sync 1 DAGs
[2023-01-15T13:51:08.961+0000] {logging_mixin.py:137} INFO - [2023-01-15T13:51:08.961+0000] {dag.py:3427} INFO - Setting next_dagrun for example_local_kubernetes_executor to None, run_after=None
[2023-01-15T13:51:09.049+0000] {processor.py:175} INFO - Processing /home/airflow/.local/lib/python3.7/site-packages/airflow/example_dags/example_local_kubernetes_executor.py took 0.640 seconds
[2023-01-15T13:51:39.619+0000] {processor.py:153} INFO - Started process (PID=805) to work on /home/airflow/.local/lib/python3.7/site-packages/airflow/example_dags/example_local_kubernetes_executor.py
[2023-01-15T13:51:39.630+0000] {processor.py:743} INFO - Processing file /home/airflow/.local/lib/python3.7/site-packages/airflow/example_dags/example_local_kubernetes_executor.py for tasks to queue
[2023-01-15T13:51:39.635+0000] {logging_mixin.py:137} INFO - [2023-01-15T13:51:39.635+0000] {dagbag.py:538} INFO - Filling up the DagBag from /home/airflow/.local/lib/python3.7/site-packages/airflow/example_dags/example_local_kubernetes_executor.py
[2023-01-15T13:51:39.769+0000] {processor.py:753} INFO - DAG(s) dict_keys(['example_local_kubernetes_executor']) retrieved from /home/airflow/.local/lib/python3.7/site-packages/airflow/example_dags/example_local_kubernetes_executor.py
[2023-01-15T13:51:39.901+0000] {logging_mixin.py:137} INFO - [2023-01-15T13:51:39.901+0000] {dag.py:2676} INFO - Sync 1 DAGs
[2023-01-15T13:51:40.018+0000] {logging_mixin.py:137} INFO - [2023-01-15T13:51:40.017+0000] {dag.py:3427} INFO - Setting next_dagrun for example_local_kubernetes_executor to None, run_after=None
[2023-01-15T13:51:40.134+0000] {processor.py:175} INFO - Processing /home/airflow/.local/lib/python3.7/site-packages/airflow/example_dags/example_local_kubernetes_executor.py took 0.552 seconds
[2023-01-15T13:52:17.025+0000] {processor.py:153} INFO - Started process (PID=866) to work on /home/airflow/.local/lib/python3.7/site-packages/airflow/example_dags/example_local_kubernetes_executor.py
[2023-01-15T13:52:17.033+0000] {processor.py:743} INFO - Processing file /home/airflow/.local/lib/python3.7/site-packages/airflow/example_dags/example_local_kubernetes_executor.py for tasks to queue
[2023-01-15T13:52:17.035+0000] {logging_mixin.py:137} INFO - [2023-01-15T13:52:17.035+0000] {dagbag.py:538} INFO - Filling up the DagBag from /home/airflow/.local/lib/python3.7/site-packages/airflow/example_dags/example_local_kubernetes_executor.py
[2023-01-15T13:52:17.130+0000] {processor.py:753} INFO - DAG(s) dict_keys(['example_local_kubernetes_executor']) retrieved from /home/airflow/.local/lib/python3.7/site-packages/airflow/example_dags/example_local_kubernetes_executor.py
[2023-01-15T13:52:17.288+0000] {logging_mixin.py:137} INFO - [2023-01-15T13:52:17.288+0000] {dag.py:2676} INFO - Sync 1 DAGs
[2023-01-15T13:52:17.409+0000] {logging_mixin.py:137} INFO - [2023-01-15T13:52:17.409+0000] {dag.py:3427} INFO - Setting next_dagrun for example_local_kubernetes_executor to None, run_after=None
[2023-01-15T13:52:17.538+0000] {processor.py:175} INFO - Processing /home/airflow/.local/lib/python3.7/site-packages/airflow/example_dags/example_local_kubernetes_executor.py took 0.525 seconds
[2023-01-15T13:52:49.894+0000] {processor.py:153} INFO - Started process (PID=920) to work on /home/airflow/.local/lib/python3.7/site-packages/airflow/example_dags/example_local_kubernetes_executor.py
[2023-01-15T13:52:49.906+0000] {processor.py:743} INFO - Processing file /home/airflow/.local/lib/python3.7/site-packages/airflow/example_dags/example_local_kubernetes_executor.py for tasks to queue
[2023-01-15T13:52:49.909+0000] {logging_mixin.py:137} INFO - [2023-01-15T13:52:49.909+0000] {dagbag.py:538} INFO - Filling up the DagBag from /home/airflow/.local/lib/python3.7/site-packages/airflow/example_dags/example_local_kubernetes_executor.py
[2023-01-15T13:52:50.124+0000] {processor.py:753} INFO - DAG(s) dict_keys(['example_local_kubernetes_executor']) retrieved from /home/airflow/.local/lib/python3.7/site-packages/airflow/example_dags/example_local_kubernetes_executor.py
[2023-01-15T13:52:50.438+0000] {logging_mixin.py:137} INFO - [2023-01-15T13:52:50.438+0000] {dag.py:2676} INFO - Sync 1 DAGs
[2023-01-15T13:52:50.707+0000] {logging_mixin.py:137} INFO - [2023-01-15T13:52:50.700+0000] {dag.py:3427} INFO - Setting next_dagrun for example_local_kubernetes_executor to None, run_after=None
[2023-01-15T13:52:50.861+0000] {processor.py:175} INFO - Processing /home/airflow/.local/lib/python3.7/site-packages/airflow/example_dags/example_local_kubernetes_executor.py took 0.997 seconds
