[2023-01-15T12:59:19.667+0000] {processor.py:153} INFO - Started process (PID=61) to work on /home/airflow/.local/lib/python3.7/site-packages/airflow/example_dags/example_dag_decorator.py
[2023-01-15T12:59:19.680+0000] {processor.py:743} INFO - Processing file /home/airflow/.local/lib/python3.7/site-packages/airflow/example_dags/example_dag_decorator.py for tasks to queue
[2023-01-15T12:59:19.686+0000] {logging_mixin.py:137} INFO - [2023-01-15T12:59:19.686+0000] {dagbag.py:538} INFO - Filling up the DagBag from /home/airflow/.local/lib/python3.7/site-packages/airflow/example_dags/example_dag_decorator.py
[2023-01-15T12:59:20.048+0000] {logging_mixin.py:137} INFO - [2023-01-15T12:59:20.048+0000] {taskmixin.py:205} WARNING - Dependency <Task(_PythonDecoratedOperator): prepare_email>, send_email already registered for DAG: example_dag_decorator
[2023-01-15T12:59:20.058+0000] {logging_mixin.py:137} INFO - [2023-01-15T12:59:20.058+0000] {taskmixin.py:205} WARNING - Dependency <Task(EmailOperator): send_email>, prepare_email already registered for DAG: example_dag_decorator
[2023-01-15T12:59:20.306+0000] {processor.py:753} INFO - DAG(s) dict_keys(['example_dag_decorator']) retrieved from /home/airflow/.local/lib/python3.7/site-packages/airflow/example_dags/example_dag_decorator.py
[2023-01-15T12:59:22.103+0000] {logging_mixin.py:137} INFO - [2023-01-15T12:59:22.096+0000] {manager.py:504} INFO - Created Permission View: can read on DAG:example_dag_decorator
[2023-01-15T12:59:22.241+0000] {logging_mixin.py:137} INFO - [2023-01-15T12:59:22.241+0000] {manager.py:504} INFO - Created Permission View: can edit on DAG:example_dag_decorator
[2023-01-15T12:59:22.321+0000] {logging_mixin.py:137} INFO - [2023-01-15T12:59:22.320+0000] {manager.py:504} INFO - Created Permission View: can delete on DAG:example_dag_decorator
[2023-01-15T12:59:22.325+0000] {logging_mixin.py:137} INFO - [2023-01-15T12:59:22.322+0000] {dag.py:2676} INFO - Sync 1 DAGs
[2023-01-15T12:59:22.575+0000] {logging_mixin.py:137} INFO - [2023-01-15T12:59:22.575+0000] {dag.py:2697} INFO - Creating ORM DAG for example_dag_decorator
[2023-01-15T12:59:22.740+0000] {logging_mixin.py:137} INFO - [2023-01-15T12:59:22.740+0000] {dag.py:3427} INFO - Setting next_dagrun for example_dag_decorator to None, run_after=None
[2023-01-15T12:59:23.003+0000] {processor.py:175} INFO - Processing /home/airflow/.local/lib/python3.7/site-packages/airflow/example_dags/example_dag_decorator.py took 3.402 seconds
[2023-01-15T12:59:55.156+0000] {processor.py:153} INFO - Started process (PID=117) to work on /home/airflow/.local/lib/python3.7/site-packages/airflow/example_dags/example_dag_decorator.py
[2023-01-15T12:59:55.160+0000] {processor.py:743} INFO - Processing file /home/airflow/.local/lib/python3.7/site-packages/airflow/example_dags/example_dag_decorator.py for tasks to queue
[2023-01-15T12:59:55.162+0000] {logging_mixin.py:137} INFO - [2023-01-15T12:59:55.162+0000] {dagbag.py:538} INFO - Filling up the DagBag from /home/airflow/.local/lib/python3.7/site-packages/airflow/example_dags/example_dag_decorator.py
[2023-01-15T12:59:55.213+0000] {logging_mixin.py:137} INFO - [2023-01-15T12:59:55.213+0000] {taskmixin.py:205} WARNING - Dependency <Task(_PythonDecoratedOperator): prepare_email>, send_email already registered for DAG: example_dag_decorator
[2023-01-15T12:59:55.214+0000] {logging_mixin.py:137} INFO - [2023-01-15T12:59:55.214+0000] {taskmixin.py:205} WARNING - Dependency <Task(EmailOperator): send_email>, prepare_email already registered for DAG: example_dag_decorator
[2023-01-15T12:59:55.249+0000] {processor.py:753} INFO - DAG(s) dict_keys(['example_dag_decorator']) retrieved from /home/airflow/.local/lib/python3.7/site-packages/airflow/example_dags/example_dag_decorator.py
[2023-01-15T12:59:55.437+0000] {logging_mixin.py:137} INFO - [2023-01-15T12:59:55.437+0000] {dag.py:2676} INFO - Sync 1 DAGs
[2023-01-15T12:59:55.487+0000] {logging_mixin.py:137} INFO - [2023-01-15T12:59:55.487+0000] {dag.py:3427} INFO - Setting next_dagrun for example_dag_decorator to None, run_after=None
[2023-01-15T12:59:55.552+0000] {processor.py:175} INFO - Processing /home/airflow/.local/lib/python3.7/site-packages/airflow/example_dags/example_dag_decorator.py took 0.404 seconds
[2023-01-15T13:00:26.641+0000] {processor.py:153} INFO - Started process (PID=173) to work on /home/airflow/.local/lib/python3.7/site-packages/airflow/example_dags/example_dag_decorator.py
[2023-01-15T13:00:26.647+0000] {processor.py:743} INFO - Processing file /home/airflow/.local/lib/python3.7/site-packages/airflow/example_dags/example_dag_decorator.py for tasks to queue
[2023-01-15T13:00:26.649+0000] {logging_mixin.py:137} INFO - [2023-01-15T13:00:26.649+0000] {dagbag.py:538} INFO - Filling up the DagBag from /home/airflow/.local/lib/python3.7/site-packages/airflow/example_dags/example_dag_decorator.py
[2023-01-15T13:00:26.740+0000] {logging_mixin.py:137} INFO - [2023-01-15T13:00:26.739+0000] {taskmixin.py:205} WARNING - Dependency <Task(_PythonDecoratedOperator): prepare_email>, send_email already registered for DAG: example_dag_decorator
[2023-01-15T13:00:26.745+0000] {logging_mixin.py:137} INFO - [2023-01-15T13:00:26.745+0000] {taskmixin.py:205} WARNING - Dependency <Task(EmailOperator): send_email>, prepare_email already registered for DAG: example_dag_decorator
[2023-01-15T13:00:26.812+0000] {processor.py:753} INFO - DAG(s) dict_keys(['example_dag_decorator']) retrieved from /home/airflow/.local/lib/python3.7/site-packages/airflow/example_dags/example_dag_decorator.py
[2023-01-15T13:00:27.284+0000] {logging_mixin.py:137} INFO - [2023-01-15T13:00:27.284+0000] {dag.py:2676} INFO - Sync 1 DAGs
[2023-01-15T13:00:27.388+0000] {logging_mixin.py:137} INFO - [2023-01-15T13:00:27.387+0000] {dag.py:3427} INFO - Setting next_dagrun for example_dag_decorator to None, run_after=None
[2023-01-15T13:00:27.493+0000] {processor.py:175} INFO - Processing /home/airflow/.local/lib/python3.7/site-packages/airflow/example_dags/example_dag_decorator.py took 0.870 seconds
[2023-01-15T13:00:57.744+0000] {processor.py:153} INFO - Started process (PID=229) to work on /home/airflow/.local/lib/python3.7/site-packages/airflow/example_dags/example_dag_decorator.py
[2023-01-15T13:00:57.752+0000] {processor.py:743} INFO - Processing file /home/airflow/.local/lib/python3.7/site-packages/airflow/example_dags/example_dag_decorator.py for tasks to queue
[2023-01-15T13:00:57.754+0000] {logging_mixin.py:137} INFO - [2023-01-15T13:00:57.753+0000] {dagbag.py:538} INFO - Filling up the DagBag from /home/airflow/.local/lib/python3.7/site-packages/airflow/example_dags/example_dag_decorator.py
[2023-01-15T13:00:57.844+0000] {logging_mixin.py:137} INFO - [2023-01-15T13:00:57.844+0000] {taskmixin.py:205} WARNING - Dependency <Task(_PythonDecoratedOperator): prepare_email>, send_email already registered for DAG: example_dag_decorator
[2023-01-15T13:00:57.847+0000] {logging_mixin.py:137} INFO - [2023-01-15T13:00:57.847+0000] {taskmixin.py:205} WARNING - Dependency <Task(EmailOperator): send_email>, prepare_email already registered for DAG: example_dag_decorator
[2023-01-15T13:00:57.921+0000] {processor.py:753} INFO - DAG(s) dict_keys(['example_dag_decorator']) retrieved from /home/airflow/.local/lib/python3.7/site-packages/airflow/example_dags/example_dag_decorator.py
[2023-01-15T13:00:58.363+0000] {logging_mixin.py:137} INFO - [2023-01-15T13:00:58.363+0000] {dag.py:2676} INFO - Sync 1 DAGs
[2023-01-15T13:00:58.469+0000] {logging_mixin.py:137} INFO - [2023-01-15T13:00:58.469+0000] {dag.py:3427} INFO - Setting next_dagrun for example_dag_decorator to None, run_after=None
[2023-01-15T13:00:58.553+0000] {processor.py:175} INFO - Processing /home/airflow/.local/lib/python3.7/site-packages/airflow/example_dags/example_dag_decorator.py took 0.824 seconds
[2023-01-15T13:01:29.233+0000] {processor.py:153} INFO - Started process (PID=292) to work on /home/airflow/.local/lib/python3.7/site-packages/airflow/example_dags/example_dag_decorator.py
[2023-01-15T13:01:29.240+0000] {processor.py:743} INFO - Processing file /home/airflow/.local/lib/python3.7/site-packages/airflow/example_dags/example_dag_decorator.py for tasks to queue
[2023-01-15T13:01:29.244+0000] {logging_mixin.py:137} INFO - [2023-01-15T13:01:29.244+0000] {dagbag.py:538} INFO - Filling up the DagBag from /home/airflow/.local/lib/python3.7/site-packages/airflow/example_dags/example_dag_decorator.py
[2023-01-15T13:01:29.319+0000] {logging_mixin.py:137} INFO - [2023-01-15T13:01:29.319+0000] {taskmixin.py:205} WARNING - Dependency <Task(_PythonDecoratedOperator): prepare_email>, send_email already registered for DAG: example_dag_decorator
[2023-01-15T13:01:29.328+0000] {logging_mixin.py:137} INFO - [2023-01-15T13:01:29.328+0000] {taskmixin.py:205} WARNING - Dependency <Task(EmailOperator): send_email>, prepare_email already registered for DAG: example_dag_decorator
[2023-01-15T13:01:29.393+0000] {processor.py:753} INFO - DAG(s) dict_keys(['example_dag_decorator']) retrieved from /home/airflow/.local/lib/python3.7/site-packages/airflow/example_dags/example_dag_decorator.py
[2023-01-15T13:01:29.670+0000] {logging_mixin.py:137} INFO - [2023-01-15T13:01:29.670+0000] {dag.py:2676} INFO - Sync 1 DAGs
[2023-01-15T13:01:29.771+0000] {logging_mixin.py:137} INFO - [2023-01-15T13:01:29.771+0000] {dag.py:3427} INFO - Setting next_dagrun for example_dag_decorator to None, run_after=None
[2023-01-15T13:01:29.855+0000] {processor.py:175} INFO - Processing /home/airflow/.local/lib/python3.7/site-packages/airflow/example_dags/example_dag_decorator.py took 0.630 seconds
[2023-01-15T13:02:00.357+0000] {processor.py:153} INFO - Started process (PID=348) to work on /home/airflow/.local/lib/python3.7/site-packages/airflow/example_dags/example_dag_decorator.py
[2023-01-15T13:02:00.363+0000] {processor.py:743} INFO - Processing file /home/airflow/.local/lib/python3.7/site-packages/airflow/example_dags/example_dag_decorator.py for tasks to queue
[2023-01-15T13:02:00.365+0000] {logging_mixin.py:137} INFO - [2023-01-15T13:02:00.365+0000] {dagbag.py:538} INFO - Filling up the DagBag from /home/airflow/.local/lib/python3.7/site-packages/airflow/example_dags/example_dag_decorator.py
[2023-01-15T13:02:00.510+0000] {logging_mixin.py:137} INFO - [2023-01-15T13:02:00.510+0000] {taskmixin.py:205} WARNING - Dependency <Task(_PythonDecoratedOperator): prepare_email>, send_email already registered for DAG: example_dag_decorator
[2023-01-15T13:02:00.518+0000] {logging_mixin.py:137} INFO - [2023-01-15T13:02:00.517+0000] {taskmixin.py:205} WARNING - Dependency <Task(EmailOperator): send_email>, prepare_email already registered for DAG: example_dag_decorator
[2023-01-15T13:02:00.648+0000] {processor.py:753} INFO - DAG(s) dict_keys(['example_dag_decorator']) retrieved from /home/airflow/.local/lib/python3.7/site-packages/airflow/example_dags/example_dag_decorator.py
[2023-01-15T13:02:01.264+0000] {logging_mixin.py:137} INFO - [2023-01-15T13:02:01.264+0000] {dag.py:2676} INFO - Sync 1 DAGs
[2023-01-15T13:02:01.442+0000] {logging_mixin.py:137} INFO - [2023-01-15T13:02:01.442+0000] {dag.py:3427} INFO - Setting next_dagrun for example_dag_decorator to None, run_after=None
[2023-01-15T13:02:01.616+0000] {processor.py:175} INFO - Processing /home/airflow/.local/lib/python3.7/site-packages/airflow/example_dags/example_dag_decorator.py took 1.291 seconds
[2023-01-15T13:02:31.883+0000] {processor.py:153} INFO - Started process (PID=402) to work on /home/airflow/.local/lib/python3.7/site-packages/airflow/example_dags/example_dag_decorator.py
[2023-01-15T13:02:31.888+0000] {processor.py:743} INFO - Processing file /home/airflow/.local/lib/python3.7/site-packages/airflow/example_dags/example_dag_decorator.py for tasks to queue
[2023-01-15T13:02:31.891+0000] {logging_mixin.py:137} INFO - [2023-01-15T13:02:31.891+0000] {dagbag.py:538} INFO - Filling up the DagBag from /home/airflow/.local/lib/python3.7/site-packages/airflow/example_dags/example_dag_decorator.py
[2023-01-15T13:02:31.951+0000] {logging_mixin.py:137} INFO - [2023-01-15T13:02:31.950+0000] {taskmixin.py:205} WARNING - Dependency <Task(_PythonDecoratedOperator): prepare_email>, send_email already registered for DAG: example_dag_decorator
[2023-01-15T13:02:31.953+0000] {logging_mixin.py:137} INFO - [2023-01-15T13:02:31.953+0000] {taskmixin.py:205} WARNING - Dependency <Task(EmailOperator): send_email>, prepare_email already registered for DAG: example_dag_decorator
[2023-01-15T13:02:32.024+0000] {processor.py:753} INFO - DAG(s) dict_keys(['example_dag_decorator']) retrieved from /home/airflow/.local/lib/python3.7/site-packages/airflow/example_dags/example_dag_decorator.py
[2023-01-15T13:02:32.407+0000] {logging_mixin.py:137} INFO - [2023-01-15T13:02:32.407+0000] {dag.py:2676} INFO - Sync 1 DAGs
[2023-01-15T13:02:32.506+0000] {logging_mixin.py:137} INFO - [2023-01-15T13:02:32.506+0000] {dag.py:3427} INFO - Setting next_dagrun for example_dag_decorator to None, run_after=None
[2023-01-15T13:02:32.596+0000] {processor.py:175} INFO - Processing /home/airflow/.local/lib/python3.7/site-packages/airflow/example_dags/example_dag_decorator.py took 0.718 seconds
[2023-01-15T13:03:03.298+0000] {processor.py:153} INFO - Started process (PID=449) to work on /home/airflow/.local/lib/python3.7/site-packages/airflow/example_dags/example_dag_decorator.py
[2023-01-15T13:03:03.305+0000] {processor.py:743} INFO - Processing file /home/airflow/.local/lib/python3.7/site-packages/airflow/example_dags/example_dag_decorator.py for tasks to queue
[2023-01-15T13:03:03.307+0000] {logging_mixin.py:137} INFO - [2023-01-15T13:03:03.307+0000] {dagbag.py:538} INFO - Filling up the DagBag from /home/airflow/.local/lib/python3.7/site-packages/airflow/example_dags/example_dag_decorator.py
[2023-01-15T13:03:03.350+0000] {logging_mixin.py:137} INFO - [2023-01-15T13:03:03.349+0000] {taskmixin.py:205} WARNING - Dependency <Task(_PythonDecoratedOperator): prepare_email>, send_email already registered for DAG: example_dag_decorator
[2023-01-15T13:03:03.351+0000] {logging_mixin.py:137} INFO - [2023-01-15T13:03:03.351+0000] {taskmixin.py:205} WARNING - Dependency <Task(EmailOperator): send_email>, prepare_email already registered for DAG: example_dag_decorator
[2023-01-15T13:03:03.382+0000] {processor.py:753} INFO - DAG(s) dict_keys(['example_dag_decorator']) retrieved from /home/airflow/.local/lib/python3.7/site-packages/airflow/example_dags/example_dag_decorator.py
[2023-01-15T13:03:03.716+0000] {logging_mixin.py:137} INFO - [2023-01-15T13:03:03.715+0000] {dag.py:2676} INFO - Sync 1 DAGs
[2023-01-15T13:03:03.832+0000] {logging_mixin.py:137} INFO - [2023-01-15T13:03:03.832+0000] {dag.py:3427} INFO - Setting next_dagrun for example_dag_decorator to None, run_after=None
[2023-01-15T13:03:03.925+0000] {processor.py:175} INFO - Processing /home/airflow/.local/lib/python3.7/site-packages/airflow/example_dags/example_dag_decorator.py took 0.631 seconds
[2023-01-15T13:03:34.562+0000] {processor.py:153} INFO - Started process (PID=505) to work on /home/airflow/.local/lib/python3.7/site-packages/airflow/example_dags/example_dag_decorator.py
[2023-01-15T13:03:34.565+0000] {processor.py:743} INFO - Processing file /home/airflow/.local/lib/python3.7/site-packages/airflow/example_dags/example_dag_decorator.py for tasks to queue
[2023-01-15T13:03:34.580+0000] {logging_mixin.py:137} INFO - [2023-01-15T13:03:34.579+0000] {dagbag.py:538} INFO - Filling up the DagBag from /home/airflow/.local/lib/python3.7/site-packages/airflow/example_dags/example_dag_decorator.py
[2023-01-15T13:03:34.729+0000] {logging_mixin.py:137} INFO - [2023-01-15T13:03:34.729+0000] {taskmixin.py:205} WARNING - Dependency <Task(_PythonDecoratedOperator): prepare_email>, send_email already registered for DAG: example_dag_decorator
[2023-01-15T13:03:34.734+0000] {logging_mixin.py:137} INFO - [2023-01-15T13:03:34.734+0000] {taskmixin.py:205} WARNING - Dependency <Task(EmailOperator): send_email>, prepare_email already registered for DAG: example_dag_decorator
[2023-01-15T13:03:34.806+0000] {processor.py:753} INFO - DAG(s) dict_keys(['example_dag_decorator']) retrieved from /home/airflow/.local/lib/python3.7/site-packages/airflow/example_dags/example_dag_decorator.py
[2023-01-15T13:03:35.187+0000] {logging_mixin.py:137} INFO - [2023-01-15T13:03:35.187+0000] {dag.py:2676} INFO - Sync 1 DAGs
[2023-01-15T13:03:35.319+0000] {logging_mixin.py:137} INFO - [2023-01-15T13:03:35.318+0000] {dag.py:3427} INFO - Setting next_dagrun for example_dag_decorator to None, run_after=None
[2023-01-15T13:03:35.365+0000] {processor.py:175} INFO - Processing /home/airflow/.local/lib/python3.7/site-packages/airflow/example_dags/example_dag_decorator.py took 0.810 seconds
[2023-01-15T13:04:05.743+0000] {processor.py:153} INFO - Started process (PID=570) to work on /home/airflow/.local/lib/python3.7/site-packages/airflow/example_dags/example_dag_decorator.py
[2023-01-15T13:04:05.753+0000] {processor.py:743} INFO - Processing file /home/airflow/.local/lib/python3.7/site-packages/airflow/example_dags/example_dag_decorator.py for tasks to queue
[2023-01-15T13:04:05.756+0000] {logging_mixin.py:137} INFO - [2023-01-15T13:04:05.756+0000] {dagbag.py:538} INFO - Filling up the DagBag from /home/airflow/.local/lib/python3.7/site-packages/airflow/example_dags/example_dag_decorator.py
[2023-01-15T13:04:05.826+0000] {logging_mixin.py:137} INFO - [2023-01-15T13:04:05.825+0000] {taskmixin.py:205} WARNING - Dependency <Task(_PythonDecoratedOperator): prepare_email>, send_email already registered for DAG: example_dag_decorator
[2023-01-15T13:04:05.833+0000] {logging_mixin.py:137} INFO - [2023-01-15T13:04:05.833+0000] {taskmixin.py:205} WARNING - Dependency <Task(EmailOperator): send_email>, prepare_email already registered for DAG: example_dag_decorator
[2023-01-15T13:04:05.875+0000] {processor.py:753} INFO - DAG(s) dict_keys(['example_dag_decorator']) retrieved from /home/airflow/.local/lib/python3.7/site-packages/airflow/example_dags/example_dag_decorator.py
[2023-01-15T13:04:06.155+0000] {logging_mixin.py:137} INFO - [2023-01-15T13:04:06.155+0000] {dag.py:2676} INFO - Sync 1 DAGs
[2023-01-15T13:04:06.222+0000] {logging_mixin.py:137} INFO - [2023-01-15T13:04:06.222+0000] {dag.py:3427} INFO - Setting next_dagrun for example_dag_decorator to None, run_after=None
[2023-01-15T13:04:06.276+0000] {processor.py:175} INFO - Processing /home/airflow/.local/lib/python3.7/site-packages/airflow/example_dags/example_dag_decorator.py took 0.542 seconds
[2023-01-15T13:04:36.390+0000] {processor.py:153} INFO - Started process (PID=626) to work on /home/airflow/.local/lib/python3.7/site-packages/airflow/example_dags/example_dag_decorator.py
[2023-01-15T13:04:36.395+0000] {processor.py:743} INFO - Processing file /home/airflow/.local/lib/python3.7/site-packages/airflow/example_dags/example_dag_decorator.py for tasks to queue
[2023-01-15T13:04:36.398+0000] {logging_mixin.py:137} INFO - [2023-01-15T13:04:36.398+0000] {dagbag.py:538} INFO - Filling up the DagBag from /home/airflow/.local/lib/python3.7/site-packages/airflow/example_dags/example_dag_decorator.py
[2023-01-15T13:04:36.444+0000] {logging_mixin.py:137} INFO - [2023-01-15T13:04:36.444+0000] {taskmixin.py:205} WARNING - Dependency <Task(_PythonDecoratedOperator): prepare_email>, send_email already registered for DAG: example_dag_decorator
[2023-01-15T13:04:36.454+0000] {logging_mixin.py:137} INFO - [2023-01-15T13:04:36.452+0000] {taskmixin.py:205} WARNING - Dependency <Task(EmailOperator): send_email>, prepare_email already registered for DAG: example_dag_decorator
[2023-01-15T13:04:36.524+0000] {processor.py:753} INFO - DAG(s) dict_keys(['example_dag_decorator']) retrieved from /home/airflow/.local/lib/python3.7/site-packages/airflow/example_dags/example_dag_decorator.py
[2023-01-15T13:04:36.822+0000] {logging_mixin.py:137} INFO - [2023-01-15T13:04:36.821+0000] {dag.py:2676} INFO - Sync 1 DAGs
[2023-01-15T13:04:36.875+0000] {logging_mixin.py:137} INFO - [2023-01-15T13:04:36.875+0000] {dag.py:3427} INFO - Setting next_dagrun for example_dag_decorator to None, run_after=None
[2023-01-15T13:04:36.929+0000] {processor.py:175} INFO - Processing /home/airflow/.local/lib/python3.7/site-packages/airflow/example_dags/example_dag_decorator.py took 0.546 seconds
[2023-01-15T13:05:07.675+0000] {processor.py:153} INFO - Started process (PID=680) to work on /home/airflow/.local/lib/python3.7/site-packages/airflow/example_dags/example_dag_decorator.py
[2023-01-15T13:05:07.690+0000] {processor.py:743} INFO - Processing file /home/airflow/.local/lib/python3.7/site-packages/airflow/example_dags/example_dag_decorator.py for tasks to queue
[2023-01-15T13:05:07.695+0000] {logging_mixin.py:137} INFO - [2023-01-15T13:05:07.695+0000] {dagbag.py:538} INFO - Filling up the DagBag from /home/airflow/.local/lib/python3.7/site-packages/airflow/example_dags/example_dag_decorator.py
[2023-01-15T13:05:07.856+0000] {logging_mixin.py:137} INFO - [2023-01-15T13:05:07.856+0000] {taskmixin.py:205} WARNING - Dependency <Task(_PythonDecoratedOperator): prepare_email>, send_email already registered for DAG: example_dag_decorator
[2023-01-15T13:05:07.861+0000] {logging_mixin.py:137} INFO - [2023-01-15T13:05:07.861+0000] {taskmixin.py:205} WARNING - Dependency <Task(EmailOperator): send_email>, prepare_email already registered for DAG: example_dag_decorator
[2023-01-15T13:05:07.924+0000] {processor.py:753} INFO - DAG(s) dict_keys(['example_dag_decorator']) retrieved from /home/airflow/.local/lib/python3.7/site-packages/airflow/example_dags/example_dag_decorator.py
[2023-01-15T13:05:08.316+0000] {logging_mixin.py:137} INFO - [2023-01-15T13:05:08.316+0000] {dag.py:2676} INFO - Sync 1 DAGs
[2023-01-15T13:05:08.384+0000] {logging_mixin.py:137} INFO - [2023-01-15T13:05:08.384+0000] {dag.py:3427} INFO - Setting next_dagrun for example_dag_decorator to None, run_after=None
[2023-01-15T13:05:08.431+0000] {processor.py:175} INFO - Processing /home/airflow/.local/lib/python3.7/site-packages/airflow/example_dags/example_dag_decorator.py took 0.796 seconds
[2023-01-15T13:05:38.960+0000] {processor.py:153} INFO - Started process (PID=743) to work on /home/airflow/.local/lib/python3.7/site-packages/airflow/example_dags/example_dag_decorator.py
[2023-01-15T13:05:38.967+0000] {processor.py:743} INFO - Processing file /home/airflow/.local/lib/python3.7/site-packages/airflow/example_dags/example_dag_decorator.py for tasks to queue
[2023-01-15T13:05:38.974+0000] {logging_mixin.py:137} INFO - [2023-01-15T13:05:38.974+0000] {dagbag.py:538} INFO - Filling up the DagBag from /home/airflow/.local/lib/python3.7/site-packages/airflow/example_dags/example_dag_decorator.py
[2023-01-15T13:05:39.072+0000] {logging_mixin.py:137} INFO - [2023-01-15T13:05:39.072+0000] {taskmixin.py:205} WARNING - Dependency <Task(_PythonDecoratedOperator): prepare_email>, send_email already registered for DAG: example_dag_decorator
[2023-01-15T13:05:39.078+0000] {logging_mixin.py:137} INFO - [2023-01-15T13:05:39.077+0000] {taskmixin.py:205} WARNING - Dependency <Task(EmailOperator): send_email>, prepare_email already registered for DAG: example_dag_decorator
[2023-01-15T13:05:39.120+0000] {processor.py:753} INFO - DAG(s) dict_keys(['example_dag_decorator']) retrieved from /home/airflow/.local/lib/python3.7/site-packages/airflow/example_dags/example_dag_decorator.py
[2023-01-15T13:05:39.408+0000] {logging_mixin.py:137} INFO - [2023-01-15T13:05:39.408+0000] {dag.py:2676} INFO - Sync 1 DAGs
[2023-01-15T13:05:39.495+0000] {logging_mixin.py:137} INFO - [2023-01-15T13:05:39.495+0000] {dag.py:3427} INFO - Setting next_dagrun for example_dag_decorator to None, run_after=None
[2023-01-15T13:05:39.544+0000] {processor.py:175} INFO - Processing /home/airflow/.local/lib/python3.7/site-packages/airflow/example_dags/example_dag_decorator.py took 0.618 seconds
[2023-01-15T13:06:09.614+0000] {processor.py:153} INFO - Started process (PID=797) to work on /home/airflow/.local/lib/python3.7/site-packages/airflow/example_dags/example_dag_decorator.py
[2023-01-15T13:06:09.637+0000] {processor.py:743} INFO - Processing file /home/airflow/.local/lib/python3.7/site-packages/airflow/example_dags/example_dag_decorator.py for tasks to queue
[2023-01-15T13:06:09.654+0000] {logging_mixin.py:137} INFO - [2023-01-15T13:06:09.654+0000] {dagbag.py:538} INFO - Filling up the DagBag from /home/airflow/.local/lib/python3.7/site-packages/airflow/example_dags/example_dag_decorator.py
[2023-01-15T13:06:09.773+0000] {logging_mixin.py:137} INFO - [2023-01-15T13:06:09.772+0000] {taskmixin.py:205} WARNING - Dependency <Task(_PythonDecoratedOperator): prepare_email>, send_email already registered for DAG: example_dag_decorator
[2023-01-15T13:06:09.775+0000] {logging_mixin.py:137} INFO - [2023-01-15T13:06:09.774+0000] {taskmixin.py:205} WARNING - Dependency <Task(EmailOperator): send_email>, prepare_email already registered for DAG: example_dag_decorator
[2023-01-15T13:06:09.835+0000] {processor.py:753} INFO - DAG(s) dict_keys(['example_dag_decorator']) retrieved from /home/airflow/.local/lib/python3.7/site-packages/airflow/example_dags/example_dag_decorator.py
[2023-01-15T13:06:10.382+0000] {logging_mixin.py:137} INFO - [2023-01-15T13:06:10.382+0000] {dag.py:2676} INFO - Sync 1 DAGs
[2023-01-15T13:06:10.481+0000] {logging_mixin.py:137} INFO - [2023-01-15T13:06:10.473+0000] {dag.py:3427} INFO - Setting next_dagrun for example_dag_decorator to None, run_after=None
[2023-01-15T13:06:10.554+0000] {processor.py:175} INFO - Processing /home/airflow/.local/lib/python3.7/site-packages/airflow/example_dags/example_dag_decorator.py took 0.949 seconds
[2023-01-15T13:06:41.089+0000] {processor.py:153} INFO - Started process (PID=853) to work on /home/airflow/.local/lib/python3.7/site-packages/airflow/example_dags/example_dag_decorator.py
[2023-01-15T13:06:41.097+0000] {processor.py:743} INFO - Processing file /home/airflow/.local/lib/python3.7/site-packages/airflow/example_dags/example_dag_decorator.py for tasks to queue
[2023-01-15T13:06:41.101+0000] {logging_mixin.py:137} INFO - [2023-01-15T13:06:41.101+0000] {dagbag.py:538} INFO - Filling up the DagBag from /home/airflow/.local/lib/python3.7/site-packages/airflow/example_dags/example_dag_decorator.py
[2023-01-15T13:06:41.192+0000] {logging_mixin.py:137} INFO - [2023-01-15T13:06:41.192+0000] {taskmixin.py:205} WARNING - Dependency <Task(_PythonDecoratedOperator): prepare_email>, send_email already registered for DAG: example_dag_decorator
[2023-01-15T13:06:41.198+0000] {logging_mixin.py:137} INFO - [2023-01-15T13:06:41.198+0000] {taskmixin.py:205} WARNING - Dependency <Task(EmailOperator): send_email>, prepare_email already registered for DAG: example_dag_decorator
[2023-01-15T13:06:41.265+0000] {processor.py:753} INFO - DAG(s) dict_keys(['example_dag_decorator']) retrieved from /home/airflow/.local/lib/python3.7/site-packages/airflow/example_dags/example_dag_decorator.py
[2023-01-15T13:06:41.645+0000] {logging_mixin.py:137} INFO - [2023-01-15T13:06:41.645+0000] {dag.py:2676} INFO - Sync 1 DAGs
[2023-01-15T13:06:41.759+0000] {logging_mixin.py:137} INFO - [2023-01-15T13:06:41.758+0000] {dag.py:3427} INFO - Setting next_dagrun for example_dag_decorator to None, run_after=None
[2023-01-15T13:06:41.885+0000] {processor.py:175} INFO - Processing /home/airflow/.local/lib/python3.7/site-packages/airflow/example_dags/example_dag_decorator.py took 0.832 seconds
[2023-01-15T13:07:36.093+0000] {processor.py:153} INFO - Started process (PID=918) to work on /home/airflow/.local/lib/python3.7/site-packages/airflow/example_dags/example_dag_decorator.py
[2023-01-15T13:07:36.106+0000] {processor.py:743} INFO - Processing file /home/airflow/.local/lib/python3.7/site-packages/airflow/example_dags/example_dag_decorator.py for tasks to queue
[2023-01-15T13:07:36.120+0000] {logging_mixin.py:137} INFO - [2023-01-15T13:07:36.119+0000] {dagbag.py:538} INFO - Filling up the DagBag from /home/airflow/.local/lib/python3.7/site-packages/airflow/example_dags/example_dag_decorator.py
[2023-01-15T13:07:36.628+0000] {logging_mixin.py:137} INFO - [2023-01-15T13:07:36.628+0000] {taskmixin.py:205} WARNING - Dependency <Task(_PythonDecoratedOperator): prepare_email>, send_email already registered for DAG: example_dag_decorator
[2023-01-15T13:07:36.643+0000] {logging_mixin.py:137} INFO - [2023-01-15T13:07:36.643+0000] {taskmixin.py:205} WARNING - Dependency <Task(EmailOperator): send_email>, prepare_email already registered for DAG: example_dag_decorator
[2023-01-15T13:07:36.984+0000] {processor.py:753} INFO - DAG(s) dict_keys(['example_dag_decorator']) retrieved from /home/airflow/.local/lib/python3.7/site-packages/airflow/example_dags/example_dag_decorator.py
[2023-01-15T13:07:38.893+0000] {logging_mixin.py:137} INFO - [2023-01-15T13:07:38.893+0000] {dag.py:2676} INFO - Sync 1 DAGs
[2023-01-15T13:07:39.336+0000] {logging_mixin.py:137} INFO - [2023-01-15T13:07:39.336+0000] {dag.py:3427} INFO - Setting next_dagrun for example_dag_decorator to None, run_after=None
[2023-01-15T13:07:39.785+0000] {processor.py:175} INFO - Processing /home/airflow/.local/lib/python3.7/site-packages/airflow/example_dags/example_dag_decorator.py took 3.757 seconds
[2023-01-15T13:08:10.120+0000] {processor.py:153} INFO - Started process (PID=966) to work on /home/airflow/.local/lib/python3.7/site-packages/airflow/example_dags/example_dag_decorator.py
[2023-01-15T13:08:10.127+0000] {processor.py:743} INFO - Processing file /home/airflow/.local/lib/python3.7/site-packages/airflow/example_dags/example_dag_decorator.py for tasks to queue
[2023-01-15T13:08:10.134+0000] {logging_mixin.py:137} INFO - [2023-01-15T13:08:10.133+0000] {dagbag.py:538} INFO - Filling up the DagBag from /home/airflow/.local/lib/python3.7/site-packages/airflow/example_dags/example_dag_decorator.py
[2023-01-15T13:08:10.256+0000] {logging_mixin.py:137} INFO - [2023-01-15T13:08:10.255+0000] {taskmixin.py:205} WARNING - Dependency <Task(_PythonDecoratedOperator): prepare_email>, send_email already registered for DAG: example_dag_decorator
[2023-01-15T13:08:10.262+0000] {logging_mixin.py:137} INFO - [2023-01-15T13:08:10.262+0000] {taskmixin.py:205} WARNING - Dependency <Task(EmailOperator): send_email>, prepare_email already registered for DAG: example_dag_decorator
[2023-01-15T13:08:10.343+0000] {processor.py:753} INFO - DAG(s) dict_keys(['example_dag_decorator']) retrieved from /home/airflow/.local/lib/python3.7/site-packages/airflow/example_dags/example_dag_decorator.py
[2023-01-15T13:08:10.913+0000] {logging_mixin.py:137} INFO - [2023-01-15T13:08:10.913+0000] {dag.py:2676} INFO - Sync 1 DAGs
[2023-01-15T13:08:11.064+0000] {logging_mixin.py:137} INFO - [2023-01-15T13:08:11.063+0000] {dag.py:3427} INFO - Setting next_dagrun for example_dag_decorator to None, run_after=None
[2023-01-15T13:08:11.172+0000] {processor.py:175} INFO - Processing /home/airflow/.local/lib/python3.7/site-packages/airflow/example_dags/example_dag_decorator.py took 1.068 seconds
[2023-01-15T13:08:41.542+0000] {processor.py:153} INFO - Started process (PID=1017) to work on /home/airflow/.local/lib/python3.7/site-packages/airflow/example_dags/example_dag_decorator.py
[2023-01-15T13:08:41.551+0000] {processor.py:743} INFO - Processing file /home/airflow/.local/lib/python3.7/site-packages/airflow/example_dags/example_dag_decorator.py for tasks to queue
[2023-01-15T13:08:41.578+0000] {logging_mixin.py:137} INFO - [2023-01-15T13:08:41.571+0000] {dagbag.py:538} INFO - Filling up the DagBag from /home/airflow/.local/lib/python3.7/site-packages/airflow/example_dags/example_dag_decorator.py
[2023-01-15T13:08:41.951+0000] {logging_mixin.py:137} INFO - [2023-01-15T13:08:41.938+0000] {taskmixin.py:205} WARNING - Dependency <Task(_PythonDecoratedOperator): prepare_email>, send_email already registered for DAG: example_dag_decorator
[2023-01-15T13:08:41.953+0000] {logging_mixin.py:137} INFO - [2023-01-15T13:08:41.952+0000] {taskmixin.py:205} WARNING - Dependency <Task(EmailOperator): send_email>, prepare_email already registered for DAG: example_dag_decorator
[2023-01-15T13:08:42.218+0000] {processor.py:753} INFO - DAG(s) dict_keys(['example_dag_decorator']) retrieved from /home/airflow/.local/lib/python3.7/site-packages/airflow/example_dags/example_dag_decorator.py
[2023-01-15T13:08:43.445+0000] {logging_mixin.py:137} INFO - [2023-01-15T13:08:43.438+0000] {dag.py:2676} INFO - Sync 1 DAGs
[2023-01-15T13:08:43.643+0000] {logging_mixin.py:137} INFO - [2023-01-15T13:08:43.643+0000] {dag.py:3427} INFO - Setting next_dagrun for example_dag_decorator to None, run_after=None
[2023-01-15T13:08:43.872+0000] {processor.py:175} INFO - Processing /home/airflow/.local/lib/python3.7/site-packages/airflow/example_dags/example_dag_decorator.py took 2.393 seconds
[2023-01-15T13:09:20.880+0000] {processor.py:153} INFO - Started process (PID=1074) to work on /home/airflow/.local/lib/python3.7/site-packages/airflow/example_dags/example_dag_decorator.py
[2023-01-15T13:09:20.896+0000] {processor.py:743} INFO - Processing file /home/airflow/.local/lib/python3.7/site-packages/airflow/example_dags/example_dag_decorator.py for tasks to queue
[2023-01-15T13:09:20.914+0000] {logging_mixin.py:137} INFO - [2023-01-15T13:09:20.914+0000] {dagbag.py:538} INFO - Filling up the DagBag from /home/airflow/.local/lib/python3.7/site-packages/airflow/example_dags/example_dag_decorator.py
[2023-01-15T13:09:21.352+0000] {logging_mixin.py:137} INFO - [2023-01-15T13:09:21.352+0000] {taskmixin.py:205} WARNING - Dependency <Task(_PythonDecoratedOperator): prepare_email>, send_email already registered for DAG: example_dag_decorator
[2023-01-15T13:09:21.362+0000] {logging_mixin.py:137} INFO - [2023-01-15T13:09:21.362+0000] {taskmixin.py:205} WARNING - Dependency <Task(EmailOperator): send_email>, prepare_email already registered for DAG: example_dag_decorator
[2023-01-15T13:09:21.758+0000] {processor.py:753} INFO - DAG(s) dict_keys(['example_dag_decorator']) retrieved from /home/airflow/.local/lib/python3.7/site-packages/airflow/example_dags/example_dag_decorator.py
[2023-01-15T13:09:23.787+0000] {logging_mixin.py:137} INFO - [2023-01-15T13:09:23.777+0000] {dag.py:2676} INFO - Sync 1 DAGs
[2023-01-15T13:09:24.104+0000] {logging_mixin.py:137} INFO - [2023-01-15T13:09:24.104+0000] {dag.py:3427} INFO - Setting next_dagrun for example_dag_decorator to None, run_after=None
[2023-01-15T13:09:24.214+0000] {processor.py:175} INFO - Processing /home/airflow/.local/lib/python3.7/site-packages/airflow/example_dags/example_dag_decorator.py took 3.394 seconds
[2023-01-15T13:09:54.490+0000] {processor.py:153} INFO - Started process (PID=1123) to work on /home/airflow/.local/lib/python3.7/site-packages/airflow/example_dags/example_dag_decorator.py
[2023-01-15T13:09:54.496+0000] {processor.py:743} INFO - Processing file /home/airflow/.local/lib/python3.7/site-packages/airflow/example_dags/example_dag_decorator.py for tasks to queue
[2023-01-15T13:09:54.499+0000] {logging_mixin.py:137} INFO - [2023-01-15T13:09:54.499+0000] {dagbag.py:538} INFO - Filling up the DagBag from /home/airflow/.local/lib/python3.7/site-packages/airflow/example_dags/example_dag_decorator.py
[2023-01-15T13:09:54.586+0000] {logging_mixin.py:137} INFO - [2023-01-15T13:09:54.580+0000] {taskmixin.py:205} WARNING - Dependency <Task(_PythonDecoratedOperator): prepare_email>, send_email already registered for DAG: example_dag_decorator
[2023-01-15T13:09:54.587+0000] {logging_mixin.py:137} INFO - [2023-01-15T13:09:54.587+0000] {taskmixin.py:205} WARNING - Dependency <Task(EmailOperator): send_email>, prepare_email already registered for DAG: example_dag_decorator
[2023-01-15T13:09:54.669+0000] {processor.py:753} INFO - DAG(s) dict_keys(['example_dag_decorator']) retrieved from /home/airflow/.local/lib/python3.7/site-packages/airflow/example_dags/example_dag_decorator.py
[2023-01-15T13:09:55.650+0000] {logging_mixin.py:137} INFO - [2023-01-15T13:09:55.645+0000] {dag.py:2676} INFO - Sync 1 DAGs
[2023-01-15T13:09:56.045+0000] {logging_mixin.py:137} INFO - [2023-01-15T13:09:56.042+0000] {dag.py:3427} INFO - Setting next_dagrun for example_dag_decorator to None, run_after=None
[2023-01-15T13:09:56.298+0000] {processor.py:175} INFO - Processing /home/airflow/.local/lib/python3.7/site-packages/airflow/example_dags/example_dag_decorator.py took 1.824 seconds
[2023-01-15T13:10:26.887+0000] {processor.py:153} INFO - Started process (PID=1179) to work on /home/airflow/.local/lib/python3.7/site-packages/airflow/example_dags/example_dag_decorator.py
[2023-01-15T13:10:26.890+0000] {processor.py:743} INFO - Processing file /home/airflow/.local/lib/python3.7/site-packages/airflow/example_dags/example_dag_decorator.py for tasks to queue
[2023-01-15T13:10:26.892+0000] {logging_mixin.py:137} INFO - [2023-01-15T13:10:26.892+0000] {dagbag.py:538} INFO - Filling up the DagBag from /home/airflow/.local/lib/python3.7/site-packages/airflow/example_dags/example_dag_decorator.py
[2023-01-15T13:10:26.954+0000] {logging_mixin.py:137} INFO - [2023-01-15T13:10:26.954+0000] {taskmixin.py:205} WARNING - Dependency <Task(_PythonDecoratedOperator): prepare_email>, send_email already registered for DAG: example_dag_decorator
[2023-01-15T13:10:26.958+0000] {logging_mixin.py:137} INFO - [2023-01-15T13:10:26.958+0000] {taskmixin.py:205} WARNING - Dependency <Task(EmailOperator): send_email>, prepare_email already registered for DAG: example_dag_decorator
[2023-01-15T13:10:27.000+0000] {processor.py:753} INFO - DAG(s) dict_keys(['example_dag_decorator']) retrieved from /home/airflow/.local/lib/python3.7/site-packages/airflow/example_dags/example_dag_decorator.py
[2023-01-15T13:10:27.286+0000] {logging_mixin.py:137} INFO - [2023-01-15T13:10:27.286+0000] {dag.py:2676} INFO - Sync 1 DAGs
[2023-01-15T13:10:27.347+0000] {logging_mixin.py:137} INFO - [2023-01-15T13:10:27.347+0000] {dag.py:3427} INFO - Setting next_dagrun for example_dag_decorator to None, run_after=None
[2023-01-15T13:10:27.452+0000] {processor.py:175} INFO - Processing /home/airflow/.local/lib/python3.7/site-packages/airflow/example_dags/example_dag_decorator.py took 0.574 seconds
[2023-01-15T13:10:58.468+0000] {processor.py:153} INFO - Started process (PID=1226) to work on /home/airflow/.local/lib/python3.7/site-packages/airflow/example_dags/example_dag_decorator.py
[2023-01-15T13:10:58.487+0000] {processor.py:743} INFO - Processing file /home/airflow/.local/lib/python3.7/site-packages/airflow/example_dags/example_dag_decorator.py for tasks to queue
[2023-01-15T13:10:58.496+0000] {logging_mixin.py:137} INFO - [2023-01-15T13:10:58.496+0000] {dagbag.py:538} INFO - Filling up the DagBag from /home/airflow/.local/lib/python3.7/site-packages/airflow/example_dags/example_dag_decorator.py
[2023-01-15T13:10:58.678+0000] {logging_mixin.py:137} INFO - [2023-01-15T13:10:58.677+0000] {taskmixin.py:205} WARNING - Dependency <Task(_PythonDecoratedOperator): prepare_email>, send_email already registered for DAG: example_dag_decorator
[2023-01-15T13:10:58.681+0000] {logging_mixin.py:137} INFO - [2023-01-15T13:10:58.681+0000] {taskmixin.py:205} WARNING - Dependency <Task(EmailOperator): send_email>, prepare_email already registered for DAG: example_dag_decorator
[2023-01-15T13:10:58.797+0000] {processor.py:753} INFO - DAG(s) dict_keys(['example_dag_decorator']) retrieved from /home/airflow/.local/lib/python3.7/site-packages/airflow/example_dags/example_dag_decorator.py
[2023-01-15T13:10:59.517+0000] {logging_mixin.py:137} INFO - [2023-01-15T13:10:59.517+0000] {dag.py:2676} INFO - Sync 1 DAGs
[2023-01-15T13:10:59.989+0000] {logging_mixin.py:137} INFO - [2023-01-15T13:10:59.989+0000] {dag.py:3427} INFO - Setting next_dagrun for example_dag_decorator to None, run_after=None
[2023-01-15T13:11:00.112+0000] {processor.py:175} INFO - Processing /home/airflow/.local/lib/python3.7/site-packages/airflow/example_dags/example_dag_decorator.py took 1.693 seconds
[2023-01-15T13:11:45.633+0000] {processor.py:153} INFO - Started process (PID=1291) to work on /home/airflow/.local/lib/python3.7/site-packages/airflow/example_dags/example_dag_decorator.py
[2023-01-15T13:11:45.637+0000] {processor.py:743} INFO - Processing file /home/airflow/.local/lib/python3.7/site-packages/airflow/example_dags/example_dag_decorator.py for tasks to queue
[2023-01-15T13:11:45.732+0000] {logging_mixin.py:137} INFO - [2023-01-15T13:11:45.732+0000] {dagbag.py:538} INFO - Filling up the DagBag from /home/airflow/.local/lib/python3.7/site-packages/airflow/example_dags/example_dag_decorator.py
[2023-01-15T13:11:45.921+0000] {logging_mixin.py:137} INFO - [2023-01-15T13:11:45.921+0000] {taskmixin.py:205} WARNING - Dependency <Task(_PythonDecoratedOperator): prepare_email>, send_email already registered for DAG: example_dag_decorator
[2023-01-15T13:11:45.950+0000] {logging_mixin.py:137} INFO - [2023-01-15T13:11:45.949+0000] {taskmixin.py:205} WARNING - Dependency <Task(EmailOperator): send_email>, prepare_email already registered for DAG: example_dag_decorator
[2023-01-15T13:11:46.245+0000] {processor.py:753} INFO - DAG(s) dict_keys(['example_dag_decorator']) retrieved from /home/airflow/.local/lib/python3.7/site-packages/airflow/example_dags/example_dag_decorator.py
[2023-01-15T13:11:48.450+0000] {logging_mixin.py:137} INFO - [2023-01-15T13:11:48.449+0000] {dag.py:2676} INFO - Sync 1 DAGs
[2023-01-15T13:11:49.002+0000] {logging_mixin.py:137} INFO - [2023-01-15T13:11:48.993+0000] {dag.py:3427} INFO - Setting next_dagrun for example_dag_decorator to None, run_after=None
[2023-01-15T13:11:49.460+0000] {processor.py:175} INFO - Processing /home/airflow/.local/lib/python3.7/site-packages/airflow/example_dags/example_dag_decorator.py took 3.864 seconds
[2023-01-15T13:12:24.075+0000] {processor.py:153} INFO - Started process (PID=1330) to work on /home/airflow/.local/lib/python3.7/site-packages/airflow/example_dags/example_dag_decorator.py
[2023-01-15T13:12:24.084+0000] {processor.py:743} INFO - Processing file /home/airflow/.local/lib/python3.7/site-packages/airflow/example_dags/example_dag_decorator.py for tasks to queue
[2023-01-15T13:12:24.087+0000] {logging_mixin.py:137} INFO - [2023-01-15T13:12:24.087+0000] {dagbag.py:538} INFO - Filling up the DagBag from /home/airflow/.local/lib/python3.7/site-packages/airflow/example_dags/example_dag_decorator.py
[2023-01-15T13:12:24.259+0000] {logging_mixin.py:137} INFO - [2023-01-15T13:12:24.255+0000] {taskmixin.py:205} WARNING - Dependency <Task(_PythonDecoratedOperator): prepare_email>, send_email already registered for DAG: example_dag_decorator
[2023-01-15T13:12:24.263+0000] {logging_mixin.py:137} INFO - [2023-01-15T13:12:24.260+0000] {taskmixin.py:205} WARNING - Dependency <Task(EmailOperator): send_email>, prepare_email already registered for DAG: example_dag_decorator
[2023-01-15T13:12:24.388+0000] {processor.py:753} INFO - DAG(s) dict_keys(['example_dag_decorator']) retrieved from /home/airflow/.local/lib/python3.7/site-packages/airflow/example_dags/example_dag_decorator.py
[2023-01-15T13:12:25.098+0000] {logging_mixin.py:137} INFO - [2023-01-15T13:12:25.098+0000] {dag.py:2676} INFO - Sync 1 DAGs
[2023-01-15T13:12:25.279+0000] {logging_mixin.py:137} INFO - [2023-01-15T13:12:25.278+0000] {dag.py:3427} INFO - Setting next_dagrun for example_dag_decorator to None, run_after=None
[2023-01-15T13:12:25.449+0000] {processor.py:175} INFO - Processing /home/airflow/.local/lib/python3.7/site-packages/airflow/example_dags/example_dag_decorator.py took 1.401 seconds
[2023-01-15T13:12:55.723+0000] {processor.py:153} INFO - Started process (PID=1379) to work on /home/airflow/.local/lib/python3.7/site-packages/airflow/example_dags/example_dag_decorator.py
[2023-01-15T13:12:55.747+0000] {processor.py:743} INFO - Processing file /home/airflow/.local/lib/python3.7/site-packages/airflow/example_dags/example_dag_decorator.py for tasks to queue
[2023-01-15T13:12:55.754+0000] {logging_mixin.py:137} INFO - [2023-01-15T13:12:55.751+0000] {dagbag.py:538} INFO - Filling up the DagBag from /home/airflow/.local/lib/python3.7/site-packages/airflow/example_dags/example_dag_decorator.py
[2023-01-15T13:12:55.926+0000] {logging_mixin.py:137} INFO - [2023-01-15T13:12:55.919+0000] {taskmixin.py:205} WARNING - Dependency <Task(_PythonDecoratedOperator): prepare_email>, send_email already registered for DAG: example_dag_decorator
[2023-01-15T13:12:55.929+0000] {logging_mixin.py:137} INFO - [2023-01-15T13:12:55.927+0000] {taskmixin.py:205} WARNING - Dependency <Task(EmailOperator): send_email>, prepare_email already registered for DAG: example_dag_decorator
[2023-01-15T13:12:56.046+0000] {processor.py:753} INFO - DAG(s) dict_keys(['example_dag_decorator']) retrieved from /home/airflow/.local/lib/python3.7/site-packages/airflow/example_dags/example_dag_decorator.py
[2023-01-15T13:12:56.879+0000] {logging_mixin.py:137} INFO - [2023-01-15T13:12:56.878+0000] {dag.py:2676} INFO - Sync 1 DAGs
[2023-01-15T13:12:57.083+0000] {logging_mixin.py:137} INFO - [2023-01-15T13:12:57.083+0000] {dag.py:3427} INFO - Setting next_dagrun for example_dag_decorator to None, run_after=None
[2023-01-15T13:12:57.264+0000] {processor.py:175} INFO - Processing /home/airflow/.local/lib/python3.7/site-packages/airflow/example_dags/example_dag_decorator.py took 1.568 seconds
[2023-01-15T13:13:34.273+0000] {processor.py:153} INFO - Started process (PID=1423) to work on /home/airflow/.local/lib/python3.7/site-packages/airflow/example_dags/example_dag_decorator.py
[2023-01-15T13:13:34.282+0000] {processor.py:743} INFO - Processing file /home/airflow/.local/lib/python3.7/site-packages/airflow/example_dags/example_dag_decorator.py for tasks to queue
[2023-01-15T13:13:34.285+0000] {logging_mixin.py:137} INFO - [2023-01-15T13:13:34.285+0000] {dagbag.py:538} INFO - Filling up the DagBag from /home/airflow/.local/lib/python3.7/site-packages/airflow/example_dags/example_dag_decorator.py
[2023-01-15T13:13:34.517+0000] {logging_mixin.py:137} INFO - [2023-01-15T13:13:34.516+0000] {taskmixin.py:205} WARNING - Dependency <Task(_PythonDecoratedOperator): prepare_email>, send_email already registered for DAG: example_dag_decorator
[2023-01-15T13:13:34.534+0000] {logging_mixin.py:137} INFO - [2023-01-15T13:13:34.533+0000] {taskmixin.py:205} WARNING - Dependency <Task(EmailOperator): send_email>, prepare_email already registered for DAG: example_dag_decorator
[2023-01-15T13:13:34.734+0000] {processor.py:753} INFO - DAG(s) dict_keys(['example_dag_decorator']) retrieved from /home/airflow/.local/lib/python3.7/site-packages/airflow/example_dags/example_dag_decorator.py
[2023-01-15T13:13:35.882+0000] {logging_mixin.py:137} INFO - [2023-01-15T13:13:35.882+0000] {dag.py:2676} INFO - Sync 1 DAGs
[2023-01-15T13:13:36.021+0000] {logging_mixin.py:137} INFO - [2023-01-15T13:13:36.021+0000] {dag.py:3427} INFO - Setting next_dagrun for example_dag_decorator to None, run_after=None
[2023-01-15T13:13:36.167+0000] {processor.py:175} INFO - Processing /home/airflow/.local/lib/python3.7/site-packages/airflow/example_dags/example_dag_decorator.py took 1.941 seconds
[2023-01-15T13:14:06.494+0000] {processor.py:153} INFO - Started process (PID=1479) to work on /home/airflow/.local/lib/python3.7/site-packages/airflow/example_dags/example_dag_decorator.py
[2023-01-15T13:14:06.516+0000] {processor.py:743} INFO - Processing file /home/airflow/.local/lib/python3.7/site-packages/airflow/example_dags/example_dag_decorator.py for tasks to queue
[2023-01-15T13:14:06.522+0000] {logging_mixin.py:137} INFO - [2023-01-15T13:14:06.522+0000] {dagbag.py:538} INFO - Filling up the DagBag from /home/airflow/.local/lib/python3.7/site-packages/airflow/example_dags/example_dag_decorator.py
[2023-01-15T13:14:06.726+0000] {logging_mixin.py:137} INFO - [2023-01-15T13:14:06.726+0000] {taskmixin.py:205} WARNING - Dependency <Task(_PythonDecoratedOperator): prepare_email>, send_email already registered for DAG: example_dag_decorator
[2023-01-15T13:14:06.736+0000] {logging_mixin.py:137} INFO - [2023-01-15T13:14:06.736+0000] {taskmixin.py:205} WARNING - Dependency <Task(EmailOperator): send_email>, prepare_email already registered for DAG: example_dag_decorator
[2023-01-15T13:14:06.901+0000] {processor.py:753} INFO - DAG(s) dict_keys(['example_dag_decorator']) retrieved from /home/airflow/.local/lib/python3.7/site-packages/airflow/example_dags/example_dag_decorator.py
[2023-01-15T13:14:07.986+0000] {logging_mixin.py:137} INFO - [2023-01-15T13:14:07.986+0000] {dag.py:2676} INFO - Sync 1 DAGs
[2023-01-15T13:14:08.216+0000] {logging_mixin.py:137} INFO - [2023-01-15T13:14:08.216+0000] {dag.py:3427} INFO - Setting next_dagrun for example_dag_decorator to None, run_after=None
[2023-01-15T13:14:08.408+0000] {processor.py:175} INFO - Processing /home/airflow/.local/lib/python3.7/site-packages/airflow/example_dags/example_dag_decorator.py took 1.936 seconds
[2023-01-15T13:14:38.725+0000] {processor.py:153} INFO - Started process (PID=1526) to work on /home/airflow/.local/lib/python3.7/site-packages/airflow/example_dags/example_dag_decorator.py
[2023-01-15T13:14:38.734+0000] {processor.py:743} INFO - Processing file /home/airflow/.local/lib/python3.7/site-packages/airflow/example_dags/example_dag_decorator.py for tasks to queue
[2023-01-15T13:14:38.743+0000] {logging_mixin.py:137} INFO - [2023-01-15T13:14:38.742+0000] {dagbag.py:538} INFO - Filling up the DagBag from /home/airflow/.local/lib/python3.7/site-packages/airflow/example_dags/example_dag_decorator.py
[2023-01-15T13:14:38.866+0000] {logging_mixin.py:137} INFO - [2023-01-15T13:14:38.866+0000] {taskmixin.py:205} WARNING - Dependency <Task(_PythonDecoratedOperator): prepare_email>, send_email already registered for DAG: example_dag_decorator
[2023-01-15T13:14:38.873+0000] {logging_mixin.py:137} INFO - [2023-01-15T13:14:38.873+0000] {taskmixin.py:205} WARNING - Dependency <Task(EmailOperator): send_email>, prepare_email already registered for DAG: example_dag_decorator
[2023-01-15T13:14:38.952+0000] {processor.py:753} INFO - DAG(s) dict_keys(['example_dag_decorator']) retrieved from /home/airflow/.local/lib/python3.7/site-packages/airflow/example_dags/example_dag_decorator.py
[2023-01-15T13:14:39.651+0000] {logging_mixin.py:137} INFO - [2023-01-15T13:14:39.637+0000] {dag.py:2676} INFO - Sync 1 DAGs
[2023-01-15T13:14:39.850+0000] {logging_mixin.py:137} INFO - [2023-01-15T13:14:39.850+0000] {dag.py:3427} INFO - Setting next_dagrun for example_dag_decorator to None, run_after=None
[2023-01-15T13:14:39.970+0000] {processor.py:175} INFO - Processing /home/airflow/.local/lib/python3.7/site-packages/airflow/example_dags/example_dag_decorator.py took 1.271 seconds
[2023-01-15T13:15:10.533+0000] {processor.py:153} INFO - Started process (PID=1582) to work on /home/airflow/.local/lib/python3.7/site-packages/airflow/example_dags/example_dag_decorator.py
[2023-01-15T13:15:10.545+0000] {processor.py:743} INFO - Processing file /home/airflow/.local/lib/python3.7/site-packages/airflow/example_dags/example_dag_decorator.py for tasks to queue
[2023-01-15T13:15:10.549+0000] {logging_mixin.py:137} INFO - [2023-01-15T13:15:10.548+0000] {dagbag.py:538} INFO - Filling up the DagBag from /home/airflow/.local/lib/python3.7/site-packages/airflow/example_dags/example_dag_decorator.py
[2023-01-15T13:15:10.875+0000] {logging_mixin.py:137} INFO - [2023-01-15T13:15:10.875+0000] {taskmixin.py:205} WARNING - Dependency <Task(_PythonDecoratedOperator): prepare_email>, send_email already registered for DAG: example_dag_decorator
[2023-01-15T13:15:10.884+0000] {logging_mixin.py:137} INFO - [2023-01-15T13:15:10.884+0000] {taskmixin.py:205} WARNING - Dependency <Task(EmailOperator): send_email>, prepare_email already registered for DAG: example_dag_decorator
[2023-01-15T13:15:10.980+0000] {processor.py:753} INFO - DAG(s) dict_keys(['example_dag_decorator']) retrieved from /home/airflow/.local/lib/python3.7/site-packages/airflow/example_dags/example_dag_decorator.py
[2023-01-15T13:15:11.845+0000] {logging_mixin.py:137} INFO - [2023-01-15T13:15:11.845+0000] {dag.py:2676} INFO - Sync 1 DAGs
[2023-01-15T13:15:12.158+0000] {logging_mixin.py:137} INFO - [2023-01-15T13:15:12.158+0000] {dag.py:3427} INFO - Setting next_dagrun for example_dag_decorator to None, run_after=None
[2023-01-15T13:15:12.331+0000] {processor.py:175} INFO - Processing /home/airflow/.local/lib/python3.7/site-packages/airflow/example_dags/example_dag_decorator.py took 1.849 seconds
[2023-01-15T13:43:33.948+0000] {processor.py:153} INFO - Started process (PID=61) to work on /home/airflow/.local/lib/python3.7/site-packages/airflow/example_dags/example_dag_decorator.py
[2023-01-15T13:43:33.984+0000] {processor.py:743} INFO - Processing file /home/airflow/.local/lib/python3.7/site-packages/airflow/example_dags/example_dag_decorator.py for tasks to queue
[2023-01-15T13:43:33.992+0000] {logging_mixin.py:137} INFO - [2023-01-15T13:43:33.987+0000] {dagbag.py:538} INFO - Filling up the DagBag from /home/airflow/.local/lib/python3.7/site-packages/airflow/example_dags/example_dag_decorator.py
[2023-01-15T13:43:34.188+0000] {logging_mixin.py:137} INFO - [2023-01-15T13:43:34.188+0000] {taskmixin.py:205} WARNING - Dependency <Task(_PythonDecoratedOperator): prepare_email>, send_email already registered for DAG: example_dag_decorator
[2023-01-15T13:43:34.197+0000] {logging_mixin.py:137} INFO - [2023-01-15T13:43:34.195+0000] {taskmixin.py:205} WARNING - Dependency <Task(EmailOperator): send_email>, prepare_email already registered for DAG: example_dag_decorator
[2023-01-15T13:43:34.346+0000] {processor.py:753} INFO - DAG(s) dict_keys(['example_dag_decorator']) retrieved from /home/airflow/.local/lib/python3.7/site-packages/airflow/example_dags/example_dag_decorator.py
[2023-01-15T13:43:35.051+0000] {logging_mixin.py:137} INFO - [2023-01-15T13:43:35.050+0000] {dag.py:2676} INFO - Sync 1 DAGs
[2023-01-15T13:43:35.232+0000] {logging_mixin.py:137} INFO - [2023-01-15T13:43:35.232+0000] {dag.py:3427} INFO - Setting next_dagrun for example_dag_decorator to None, run_after=None
[2023-01-15T13:43:35.376+0000] {processor.py:175} INFO - Processing /home/airflow/.local/lib/python3.7/site-packages/airflow/example_dags/example_dag_decorator.py took 1.464 seconds
[2023-01-15T13:44:35.005+0000] {processor.py:153} INFO - Started process (PID=126) to work on /home/airflow/.local/lib/python3.7/site-packages/airflow/example_dags/example_dag_decorator.py
[2023-01-15T13:44:35.011+0000] {processor.py:743} INFO - Processing file /home/airflow/.local/lib/python3.7/site-packages/airflow/example_dags/example_dag_decorator.py for tasks to queue
[2023-01-15T13:44:35.019+0000] {logging_mixin.py:137} INFO - [2023-01-15T13:44:35.018+0000] {dagbag.py:538} INFO - Filling up the DagBag from /home/airflow/.local/lib/python3.7/site-packages/airflow/example_dags/example_dag_decorator.py
[2023-01-15T13:44:35.216+0000] {logging_mixin.py:137} INFO - [2023-01-15T13:44:35.215+0000] {taskmixin.py:205} WARNING - Dependency <Task(_PythonDecoratedOperator): prepare_email>, send_email already registered for DAG: example_dag_decorator
[2023-01-15T13:44:35.220+0000] {logging_mixin.py:137} INFO - [2023-01-15T13:44:35.220+0000] {taskmixin.py:205} WARNING - Dependency <Task(EmailOperator): send_email>, prepare_email already registered for DAG: example_dag_decorator
[2023-01-15T13:44:35.508+0000] {processor.py:753} INFO - DAG(s) dict_keys(['example_dag_decorator']) retrieved from /home/airflow/.local/lib/python3.7/site-packages/airflow/example_dags/example_dag_decorator.py
[2023-01-15T13:44:36.918+0000] {logging_mixin.py:137} INFO - [2023-01-15T13:44:36.918+0000] {dag.py:2676} INFO - Sync 1 DAGs
[2023-01-15T13:44:38.593+0000] {logging_mixin.py:137} INFO - [2023-01-15T13:44:38.593+0000] {dag.py:3427} INFO - Setting next_dagrun for example_dag_decorator to None, run_after=None
[2023-01-15T13:44:46.063+0000] {processor.py:175} INFO - Processing /home/airflow/.local/lib/python3.7/site-packages/airflow/example_dags/example_dag_decorator.py took 11.107 seconds
[2023-01-15T13:45:36.376+0000] {processor.py:153} INFO - Started process (PID=180) to work on /home/airflow/.local/lib/python3.7/site-packages/airflow/example_dags/example_dag_decorator.py
[2023-01-15T13:45:36.392+0000] {processor.py:743} INFO - Processing file /home/airflow/.local/lib/python3.7/site-packages/airflow/example_dags/example_dag_decorator.py for tasks to queue
[2023-01-15T13:45:36.397+0000] {logging_mixin.py:137} INFO - [2023-01-15T13:45:36.397+0000] {dagbag.py:538} INFO - Filling up the DagBag from /home/airflow/.local/lib/python3.7/site-packages/airflow/example_dags/example_dag_decorator.py
[2023-01-15T13:45:36.614+0000] {logging_mixin.py:137} INFO - [2023-01-15T13:45:36.603+0000] {taskmixin.py:205} WARNING - Dependency <Task(_PythonDecoratedOperator): prepare_email>, send_email already registered for DAG: example_dag_decorator
[2023-01-15T13:45:36.615+0000] {logging_mixin.py:137} INFO - [2023-01-15T13:45:36.615+0000] {taskmixin.py:205} WARNING - Dependency <Task(EmailOperator): send_email>, prepare_email already registered for DAG: example_dag_decorator
[2023-01-15T13:45:36.750+0000] {processor.py:753} INFO - DAG(s) dict_keys(['example_dag_decorator']) retrieved from /home/airflow/.local/lib/python3.7/site-packages/airflow/example_dags/example_dag_decorator.py
[2023-01-15T13:45:37.369+0000] {logging_mixin.py:137} INFO - [2023-01-15T13:45:37.369+0000] {dag.py:2676} INFO - Sync 1 DAGs
[2023-01-15T13:45:37.840+0000] {logging_mixin.py:137} INFO - [2023-01-15T13:45:37.840+0000] {dag.py:3427} INFO - Setting next_dagrun for example_dag_decorator to None, run_after=None
[2023-01-15T13:45:38.208+0000] {processor.py:175} INFO - Processing /home/airflow/.local/lib/python3.7/site-packages/airflow/example_dags/example_dag_decorator.py took 1.864 seconds
[2023-01-15T13:46:14.376+0000] {processor.py:153} INFO - Started process (PID=237) to work on /home/airflow/.local/lib/python3.7/site-packages/airflow/example_dags/example_dag_decorator.py
[2023-01-15T13:46:14.385+0000] {processor.py:743} INFO - Processing file /home/airflow/.local/lib/python3.7/site-packages/airflow/example_dags/example_dag_decorator.py for tasks to queue
[2023-01-15T13:46:14.387+0000] {logging_mixin.py:137} INFO - [2023-01-15T13:46:14.387+0000] {dagbag.py:538} INFO - Filling up the DagBag from /home/airflow/.local/lib/python3.7/site-packages/airflow/example_dags/example_dag_decorator.py
[2023-01-15T13:46:14.435+0000] {logging_mixin.py:137} INFO - [2023-01-15T13:46:14.434+0000] {taskmixin.py:205} WARNING - Dependency <Task(_PythonDecoratedOperator): prepare_email>, send_email already registered for DAG: example_dag_decorator
[2023-01-15T13:46:14.440+0000] {logging_mixin.py:137} INFO - [2023-01-15T13:46:14.440+0000] {taskmixin.py:205} WARNING - Dependency <Task(EmailOperator): send_email>, prepare_email already registered for DAG: example_dag_decorator
[2023-01-15T13:46:14.469+0000] {processor.py:753} INFO - DAG(s) dict_keys(['example_dag_decorator']) retrieved from /home/airflow/.local/lib/python3.7/site-packages/airflow/example_dags/example_dag_decorator.py
[2023-01-15T13:46:14.737+0000] {logging_mixin.py:137} INFO - [2023-01-15T13:46:14.737+0000] {dag.py:2676} INFO - Sync 1 DAGs
[2023-01-15T13:46:14.880+0000] {logging_mixin.py:137} INFO - [2023-01-15T13:46:14.880+0000] {dag.py:3427} INFO - Setting next_dagrun for example_dag_decorator to None, run_after=None
[2023-01-15T13:46:15.116+0000] {processor.py:175} INFO - Processing /home/airflow/.local/lib/python3.7/site-packages/airflow/example_dags/example_dag_decorator.py took 0.748 seconds
[2023-01-15T13:46:45.446+0000] {processor.py:153} INFO - Started process (PID=293) to work on /home/airflow/.local/lib/python3.7/site-packages/airflow/example_dags/example_dag_decorator.py
[2023-01-15T13:46:45.455+0000] {processor.py:743} INFO - Processing file /home/airflow/.local/lib/python3.7/site-packages/airflow/example_dags/example_dag_decorator.py for tasks to queue
[2023-01-15T13:46:45.459+0000] {logging_mixin.py:137} INFO - [2023-01-15T13:46:45.459+0000] {dagbag.py:538} INFO - Filling up the DagBag from /home/airflow/.local/lib/python3.7/site-packages/airflow/example_dags/example_dag_decorator.py
[2023-01-15T13:46:45.545+0000] {logging_mixin.py:137} INFO - [2023-01-15T13:46:45.540+0000] {taskmixin.py:205} WARNING - Dependency <Task(_PythonDecoratedOperator): prepare_email>, send_email already registered for DAG: example_dag_decorator
[2023-01-15T13:46:45.549+0000] {logging_mixin.py:137} INFO - [2023-01-15T13:46:45.549+0000] {taskmixin.py:205} WARNING - Dependency <Task(EmailOperator): send_email>, prepare_email already registered for DAG: example_dag_decorator
[2023-01-15T13:46:45.581+0000] {processor.py:753} INFO - DAG(s) dict_keys(['example_dag_decorator']) retrieved from /home/airflow/.local/lib/python3.7/site-packages/airflow/example_dags/example_dag_decorator.py
[2023-01-15T13:46:45.686+0000] {logging_mixin.py:137} INFO - [2023-01-15T13:46:45.686+0000] {dag.py:2676} INFO - Sync 1 DAGs
[2023-01-15T13:46:45.728+0000] {logging_mixin.py:137} INFO - [2023-01-15T13:46:45.728+0000] {dag.py:3427} INFO - Setting next_dagrun for example_dag_decorator to None, run_after=None
[2023-01-15T13:46:45.786+0000] {processor.py:175} INFO - Processing /home/airflow/.local/lib/python3.7/site-packages/airflow/example_dags/example_dag_decorator.py took 0.351 seconds
[2023-01-15T13:47:17.546+0000] {processor.py:153} INFO - Started process (PID=345) to work on /home/airflow/.local/lib/python3.7/site-packages/airflow/example_dags/example_dag_decorator.py
[2023-01-15T13:47:17.563+0000] {processor.py:743} INFO - Processing file /home/airflow/.local/lib/python3.7/site-packages/airflow/example_dags/example_dag_decorator.py for tasks to queue
[2023-01-15T13:47:17.567+0000] {logging_mixin.py:137} INFO - [2023-01-15T13:47:17.567+0000] {dagbag.py:538} INFO - Filling up the DagBag from /home/airflow/.local/lib/python3.7/site-packages/airflow/example_dags/example_dag_decorator.py
[2023-01-15T13:47:17.742+0000] {logging_mixin.py:137} INFO - [2023-01-15T13:47:17.735+0000] {taskmixin.py:205} WARNING - Dependency <Task(_PythonDecoratedOperator): prepare_email>, send_email already registered for DAG: example_dag_decorator
[2023-01-15T13:47:17.743+0000] {logging_mixin.py:137} INFO - [2023-01-15T13:47:17.743+0000] {taskmixin.py:205} WARNING - Dependency <Task(EmailOperator): send_email>, prepare_email already registered for DAG: example_dag_decorator
[2023-01-15T13:47:17.894+0000] {processor.py:753} INFO - DAG(s) dict_keys(['example_dag_decorator']) retrieved from /home/airflow/.local/lib/python3.7/site-packages/airflow/example_dags/example_dag_decorator.py
[2023-01-15T13:47:18.728+0000] {logging_mixin.py:137} INFO - [2023-01-15T13:47:18.728+0000] {dag.py:2676} INFO - Sync 1 DAGs
[2023-01-15T13:47:18.815+0000] {logging_mixin.py:137} INFO - [2023-01-15T13:47:18.815+0000] {dag.py:3427} INFO - Setting next_dagrun for example_dag_decorator to None, run_after=None
[2023-01-15T13:47:18.887+0000] {processor.py:175} INFO - Processing /home/airflow/.local/lib/python3.7/site-packages/airflow/example_dags/example_dag_decorator.py took 1.373 seconds
[2023-01-15T13:47:49.615+0000] {processor.py:153} INFO - Started process (PID=394) to work on /home/airflow/.local/lib/python3.7/site-packages/airflow/example_dags/example_dag_decorator.py
[2023-01-15T13:47:49.619+0000] {processor.py:743} INFO - Processing file /home/airflow/.local/lib/python3.7/site-packages/airflow/example_dags/example_dag_decorator.py for tasks to queue
[2023-01-15T13:47:49.633+0000] {logging_mixin.py:137} INFO - [2023-01-15T13:47:49.632+0000] {dagbag.py:538} INFO - Filling up the DagBag from /home/airflow/.local/lib/python3.7/site-packages/airflow/example_dags/example_dag_decorator.py
[2023-01-15T13:47:49.737+0000] {logging_mixin.py:137} INFO - [2023-01-15T13:47:49.737+0000] {taskmixin.py:205} WARNING - Dependency <Task(_PythonDecoratedOperator): prepare_email>, send_email already registered for DAG: example_dag_decorator
[2023-01-15T13:47:49.738+0000] {logging_mixin.py:137} INFO - [2023-01-15T13:47:49.738+0000] {taskmixin.py:205} WARNING - Dependency <Task(EmailOperator): send_email>, prepare_email already registered for DAG: example_dag_decorator
[2023-01-15T13:47:49.800+0000] {processor.py:753} INFO - DAG(s) dict_keys(['example_dag_decorator']) retrieved from /home/airflow/.local/lib/python3.7/site-packages/airflow/example_dags/example_dag_decorator.py
[2023-01-15T13:47:50.136+0000] {logging_mixin.py:137} INFO - [2023-01-15T13:47:50.136+0000] {dag.py:2676} INFO - Sync 1 DAGs
[2023-01-15T13:47:50.225+0000] {logging_mixin.py:137} INFO - [2023-01-15T13:47:50.225+0000] {dag.py:3427} INFO - Setting next_dagrun for example_dag_decorator to None, run_after=None
[2023-01-15T13:47:50.290+0000] {processor.py:175} INFO - Processing /home/airflow/.local/lib/python3.7/site-packages/airflow/example_dags/example_dag_decorator.py took 0.682 seconds
[2023-01-15T13:48:20.454+0000] {processor.py:153} INFO - Started process (PID=450) to work on /home/airflow/.local/lib/python3.7/site-packages/airflow/example_dags/example_dag_decorator.py
[2023-01-15T13:48:20.456+0000] {processor.py:743} INFO - Processing file /home/airflow/.local/lib/python3.7/site-packages/airflow/example_dags/example_dag_decorator.py for tasks to queue
[2023-01-15T13:48:20.458+0000] {logging_mixin.py:137} INFO - [2023-01-15T13:48:20.458+0000] {dagbag.py:538} INFO - Filling up the DagBag from /home/airflow/.local/lib/python3.7/site-packages/airflow/example_dags/example_dag_decorator.py
[2023-01-15T13:48:20.481+0000] {logging_mixin.py:137} INFO - [2023-01-15T13:48:20.481+0000] {taskmixin.py:205} WARNING - Dependency <Task(_PythonDecoratedOperator): prepare_email>, send_email already registered for DAG: example_dag_decorator
[2023-01-15T13:48:20.482+0000] {logging_mixin.py:137} INFO - [2023-01-15T13:48:20.482+0000] {taskmixin.py:205} WARNING - Dependency <Task(EmailOperator): send_email>, prepare_email already registered for DAG: example_dag_decorator
[2023-01-15T13:48:20.498+0000] {processor.py:753} INFO - DAG(s) dict_keys(['example_dag_decorator']) retrieved from /home/airflow/.local/lib/python3.7/site-packages/airflow/example_dags/example_dag_decorator.py
[2023-01-15T13:48:20.591+0000] {logging_mixin.py:137} INFO - [2023-01-15T13:48:20.590+0000] {dag.py:2676} INFO - Sync 1 DAGs
[2023-01-15T13:48:20.623+0000] {logging_mixin.py:137} INFO - [2023-01-15T13:48:20.622+0000] {dag.py:3427} INFO - Setting next_dagrun for example_dag_decorator to None, run_after=None
[2023-01-15T13:48:20.662+0000] {processor.py:175} INFO - Processing /home/airflow/.local/lib/python3.7/site-packages/airflow/example_dags/example_dag_decorator.py took 0.212 seconds
[2023-01-15T13:48:51.089+0000] {processor.py:153} INFO - Started process (PID=504) to work on /home/airflow/.local/lib/python3.7/site-packages/airflow/example_dags/example_dag_decorator.py
[2023-01-15T13:48:51.093+0000] {processor.py:743} INFO - Processing file /home/airflow/.local/lib/python3.7/site-packages/airflow/example_dags/example_dag_decorator.py for tasks to queue
[2023-01-15T13:48:51.099+0000] {logging_mixin.py:137} INFO - [2023-01-15T13:48:51.099+0000] {dagbag.py:538} INFO - Filling up the DagBag from /home/airflow/.local/lib/python3.7/site-packages/airflow/example_dags/example_dag_decorator.py
[2023-01-15T13:48:51.149+0000] {logging_mixin.py:137} INFO - [2023-01-15T13:48:51.148+0000] {taskmixin.py:205} WARNING - Dependency <Task(_PythonDecoratedOperator): prepare_email>, send_email already registered for DAG: example_dag_decorator
[2023-01-15T13:48:51.150+0000] {logging_mixin.py:137} INFO - [2023-01-15T13:48:51.150+0000] {taskmixin.py:205} WARNING - Dependency <Task(EmailOperator): send_email>, prepare_email already registered for DAG: example_dag_decorator
[2023-01-15T13:48:51.181+0000] {processor.py:753} INFO - DAG(s) dict_keys(['example_dag_decorator']) retrieved from /home/airflow/.local/lib/python3.7/site-packages/airflow/example_dags/example_dag_decorator.py
[2023-01-15T13:48:51.404+0000] {logging_mixin.py:137} INFO - [2023-01-15T13:48:51.403+0000] {dag.py:2676} INFO - Sync 1 DAGs
[2023-01-15T13:48:51.526+0000] {logging_mixin.py:137} INFO - [2023-01-15T13:48:51.526+0000] {dag.py:3427} INFO - Setting next_dagrun for example_dag_decorator to None, run_after=None
[2023-01-15T13:48:51.638+0000] {processor.py:175} INFO - Processing /home/airflow/.local/lib/python3.7/site-packages/airflow/example_dags/example_dag_decorator.py took 0.558 seconds
[2023-01-15T13:49:21.889+0000] {processor.py:153} INFO - Started process (PID=560) to work on /home/airflow/.local/lib/python3.7/site-packages/airflow/example_dags/example_dag_decorator.py
[2023-01-15T13:49:21.900+0000] {processor.py:743} INFO - Processing file /home/airflow/.local/lib/python3.7/site-packages/airflow/example_dags/example_dag_decorator.py for tasks to queue
[2023-01-15T13:49:21.910+0000] {logging_mixin.py:137} INFO - [2023-01-15T13:49:21.910+0000] {dagbag.py:538} INFO - Filling up the DagBag from /home/airflow/.local/lib/python3.7/site-packages/airflow/example_dags/example_dag_decorator.py
[2023-01-15T13:49:22.022+0000] {logging_mixin.py:137} INFO - [2023-01-15T13:49:22.017+0000] {taskmixin.py:205} WARNING - Dependency <Task(_PythonDecoratedOperator): prepare_email>, send_email already registered for DAG: example_dag_decorator
[2023-01-15T13:49:22.023+0000] {logging_mixin.py:137} INFO - [2023-01-15T13:49:22.023+0000] {taskmixin.py:205} WARNING - Dependency <Task(EmailOperator): send_email>, prepare_email already registered for DAG: example_dag_decorator
[2023-01-15T13:49:22.090+0000] {processor.py:753} INFO - DAG(s) dict_keys(['example_dag_decorator']) retrieved from /home/airflow/.local/lib/python3.7/site-packages/airflow/example_dags/example_dag_decorator.py
[2023-01-15T13:49:22.342+0000] {logging_mixin.py:137} INFO - [2023-01-15T13:49:22.342+0000] {dag.py:2676} INFO - Sync 1 DAGs
[2023-01-15T13:49:22.395+0000] {logging_mixin.py:137} INFO - [2023-01-15T13:49:22.395+0000] {dag.py:3427} INFO - Setting next_dagrun for example_dag_decorator to None, run_after=None
[2023-01-15T13:49:22.445+0000] {processor.py:175} INFO - Processing /home/airflow/.local/lib/python3.7/site-packages/airflow/example_dags/example_dag_decorator.py took 0.586 seconds
[2023-01-15T13:49:52.548+0000] {processor.py:153} INFO - Started process (PID=614) to work on /home/airflow/.local/lib/python3.7/site-packages/airflow/example_dags/example_dag_decorator.py
[2023-01-15T13:49:52.558+0000] {processor.py:743} INFO - Processing file /home/airflow/.local/lib/python3.7/site-packages/airflow/example_dags/example_dag_decorator.py for tasks to queue
[2023-01-15T13:49:52.561+0000] {logging_mixin.py:137} INFO - [2023-01-15T13:49:52.560+0000] {dagbag.py:538} INFO - Filling up the DagBag from /home/airflow/.local/lib/python3.7/site-packages/airflow/example_dags/example_dag_decorator.py
[2023-01-15T13:49:52.714+0000] {logging_mixin.py:137} INFO - [2023-01-15T13:49:52.712+0000] {taskmixin.py:205} WARNING - Dependency <Task(_PythonDecoratedOperator): prepare_email>, send_email already registered for DAG: example_dag_decorator
[2023-01-15T13:49:52.718+0000] {logging_mixin.py:137} INFO - [2023-01-15T13:49:52.715+0000] {taskmixin.py:205} WARNING - Dependency <Task(EmailOperator): send_email>, prepare_email already registered for DAG: example_dag_decorator
[2023-01-15T13:49:52.782+0000] {processor.py:753} INFO - DAG(s) dict_keys(['example_dag_decorator']) retrieved from /home/airflow/.local/lib/python3.7/site-packages/airflow/example_dags/example_dag_decorator.py
[2023-01-15T13:49:53.789+0000] {logging_mixin.py:137} INFO - [2023-01-15T13:49:53.788+0000] {dag.py:2676} INFO - Sync 1 DAGs
[2023-01-15T13:49:53.997+0000] {logging_mixin.py:137} INFO - [2023-01-15T13:49:53.997+0000] {dag.py:3427} INFO - Setting next_dagrun for example_dag_decorator to None, run_after=None
[2023-01-15T13:49:54.403+0000] {processor.py:175} INFO - Processing /home/airflow/.local/lib/python3.7/site-packages/airflow/example_dags/example_dag_decorator.py took 1.875 seconds
[2023-01-15T13:50:24.599+0000] {processor.py:153} INFO - Started process (PID=670) to work on /home/airflow/.local/lib/python3.7/site-packages/airflow/example_dags/example_dag_decorator.py
[2023-01-15T13:50:24.601+0000] {processor.py:743} INFO - Processing file /home/airflow/.local/lib/python3.7/site-packages/airflow/example_dags/example_dag_decorator.py for tasks to queue
[2023-01-15T13:50:24.607+0000] {logging_mixin.py:137} INFO - [2023-01-15T13:50:24.606+0000] {dagbag.py:538} INFO - Filling up the DagBag from /home/airflow/.local/lib/python3.7/site-packages/airflow/example_dags/example_dag_decorator.py
[2023-01-15T13:50:24.662+0000] {logging_mixin.py:137} INFO - [2023-01-15T13:50:24.662+0000] {taskmixin.py:205} WARNING - Dependency <Task(_PythonDecoratedOperator): prepare_email>, send_email already registered for DAG: example_dag_decorator
[2023-01-15T13:50:24.664+0000] {logging_mixin.py:137} INFO - [2023-01-15T13:50:24.663+0000] {taskmixin.py:205} WARNING - Dependency <Task(EmailOperator): send_email>, prepare_email already registered for DAG: example_dag_decorator
[2023-01-15T13:50:24.705+0000] {processor.py:753} INFO - DAG(s) dict_keys(['example_dag_decorator']) retrieved from /home/airflow/.local/lib/python3.7/site-packages/airflow/example_dags/example_dag_decorator.py
[2023-01-15T13:50:25.056+0000] {logging_mixin.py:137} INFO - [2023-01-15T13:50:25.056+0000] {dag.py:2676} INFO - Sync 1 DAGs
[2023-01-15T13:50:25.110+0000] {logging_mixin.py:137} INFO - [2023-01-15T13:50:25.109+0000] {dag.py:3427} INFO - Setting next_dagrun for example_dag_decorator to None, run_after=None
[2023-01-15T13:50:25.163+0000] {processor.py:175} INFO - Processing /home/airflow/.local/lib/python3.7/site-packages/airflow/example_dags/example_dag_decorator.py took 0.568 seconds
[2023-01-15T13:50:55.984+0000] {processor.py:153} INFO - Started process (PID=726) to work on /home/airflow/.local/lib/python3.7/site-packages/airflow/example_dags/example_dag_decorator.py
[2023-01-15T13:50:55.995+0000] {processor.py:743} INFO - Processing file /home/airflow/.local/lib/python3.7/site-packages/airflow/example_dags/example_dag_decorator.py for tasks to queue
[2023-01-15T13:50:55.996+0000] {logging_mixin.py:137} INFO - [2023-01-15T13:50:55.996+0000] {dagbag.py:538} INFO - Filling up the DagBag from /home/airflow/.local/lib/python3.7/site-packages/airflow/example_dags/example_dag_decorator.py
[2023-01-15T13:50:56.142+0000] {logging_mixin.py:137} INFO - [2023-01-15T13:50:56.141+0000] {taskmixin.py:205} WARNING - Dependency <Task(_PythonDecoratedOperator): prepare_email>, send_email already registered for DAG: example_dag_decorator
[2023-01-15T13:50:56.154+0000] {logging_mixin.py:137} INFO - [2023-01-15T13:50:56.153+0000] {taskmixin.py:205} WARNING - Dependency <Task(EmailOperator): send_email>, prepare_email already registered for DAG: example_dag_decorator
[2023-01-15T13:50:56.267+0000] {processor.py:753} INFO - DAG(s) dict_keys(['example_dag_decorator']) retrieved from /home/airflow/.local/lib/python3.7/site-packages/airflow/example_dags/example_dag_decorator.py
[2023-01-15T13:50:57.183+0000] {logging_mixin.py:137} INFO - [2023-01-15T13:50:57.177+0000] {dag.py:2676} INFO - Sync 1 DAGs
[2023-01-15T13:50:57.530+0000] {logging_mixin.py:137} INFO - [2023-01-15T13:50:57.530+0000] {dag.py:3427} INFO - Setting next_dagrun for example_dag_decorator to None, run_after=None
[2023-01-15T13:50:57.845+0000] {processor.py:175} INFO - Processing /home/airflow/.local/lib/python3.7/site-packages/airflow/example_dags/example_dag_decorator.py took 1.890 seconds
[2023-01-15T13:51:28.547+0000] {processor.py:153} INFO - Started process (PID=782) to work on /home/airflow/.local/lib/python3.7/site-packages/airflow/example_dags/example_dag_decorator.py
[2023-01-15T13:51:28.555+0000] {processor.py:743} INFO - Processing file /home/airflow/.local/lib/python3.7/site-packages/airflow/example_dags/example_dag_decorator.py for tasks to queue
[2023-01-15T13:51:28.561+0000] {logging_mixin.py:137} INFO - [2023-01-15T13:51:28.561+0000] {dagbag.py:538} INFO - Filling up the DagBag from /home/airflow/.local/lib/python3.7/site-packages/airflow/example_dags/example_dag_decorator.py
[2023-01-15T13:51:28.713+0000] {logging_mixin.py:137} INFO - [2023-01-15T13:51:28.713+0000] {taskmixin.py:205} WARNING - Dependency <Task(_PythonDecoratedOperator): prepare_email>, send_email already registered for DAG: example_dag_decorator
[2023-01-15T13:51:28.718+0000] {logging_mixin.py:137} INFO - [2023-01-15T13:51:28.718+0000] {taskmixin.py:205} WARNING - Dependency <Task(EmailOperator): send_email>, prepare_email already registered for DAG: example_dag_decorator
[2023-01-15T13:51:28.835+0000] {processor.py:753} INFO - DAG(s) dict_keys(['example_dag_decorator']) retrieved from /home/airflow/.local/lib/python3.7/site-packages/airflow/example_dags/example_dag_decorator.py
[2023-01-15T13:51:29.690+0000] {logging_mixin.py:137} INFO - [2023-01-15T13:51:29.678+0000] {dag.py:2676} INFO - Sync 1 DAGs
[2023-01-15T13:51:30.050+0000] {logging_mixin.py:137} INFO - [2023-01-15T13:51:30.050+0000] {dag.py:3427} INFO - Setting next_dagrun for example_dag_decorator to None, run_after=None
[2023-01-15T13:51:30.399+0000] {processor.py:175} INFO - Processing /home/airflow/.local/lib/python3.7/site-packages/airflow/example_dags/example_dag_decorator.py took 1.882 seconds
[2023-01-15T13:52:01.572+0000] {processor.py:153} INFO - Started process (PID=838) to work on /home/airflow/.local/lib/python3.7/site-packages/airflow/example_dags/example_dag_decorator.py
[2023-01-15T13:52:01.580+0000] {processor.py:743} INFO - Processing file /home/airflow/.local/lib/python3.7/site-packages/airflow/example_dags/example_dag_decorator.py for tasks to queue
[2023-01-15T13:52:01.585+0000] {logging_mixin.py:137} INFO - [2023-01-15T13:52:01.583+0000] {dagbag.py:538} INFO - Filling up the DagBag from /home/airflow/.local/lib/python3.7/site-packages/airflow/example_dags/example_dag_decorator.py
[2023-01-15T13:52:01.636+0000] {logging_mixin.py:137} INFO - [2023-01-15T13:52:01.635+0000] {taskmixin.py:205} WARNING - Dependency <Task(_PythonDecoratedOperator): prepare_email>, send_email already registered for DAG: example_dag_decorator
[2023-01-15T13:52:01.636+0000] {logging_mixin.py:137} INFO - [2023-01-15T13:52:01.636+0000] {taskmixin.py:205} WARNING - Dependency <Task(EmailOperator): send_email>, prepare_email already registered for DAG: example_dag_decorator
[2023-01-15T13:52:01.683+0000] {processor.py:753} INFO - DAG(s) dict_keys(['example_dag_decorator']) retrieved from /home/airflow/.local/lib/python3.7/site-packages/airflow/example_dags/example_dag_decorator.py
[2023-01-15T13:52:01.899+0000] {logging_mixin.py:137} INFO - [2023-01-15T13:52:01.899+0000] {dag.py:2676} INFO - Sync 1 DAGs
[2023-01-15T13:52:01.960+0000] {logging_mixin.py:137} INFO - [2023-01-15T13:52:01.959+0000] {dag.py:3427} INFO - Setting next_dagrun for example_dag_decorator to None, run_after=None
[2023-01-15T13:52:01.997+0000] {processor.py:175} INFO - Processing /home/airflow/.local/lib/python3.7/site-packages/airflow/example_dags/example_dag_decorator.py took 0.432 seconds
[2023-01-15T13:52:33.870+0000] {processor.py:153} INFO - Started process (PID=892) to work on /home/airflow/.local/lib/python3.7/site-packages/airflow/example_dags/example_dag_decorator.py
[2023-01-15T13:52:33.876+0000] {processor.py:743} INFO - Processing file /home/airflow/.local/lib/python3.7/site-packages/airflow/example_dags/example_dag_decorator.py for tasks to queue
[2023-01-15T13:52:33.880+0000] {logging_mixin.py:137} INFO - [2023-01-15T13:52:33.879+0000] {dagbag.py:538} INFO - Filling up the DagBag from /home/airflow/.local/lib/python3.7/site-packages/airflow/example_dags/example_dag_decorator.py
[2023-01-15T13:52:34.069+0000] {logging_mixin.py:137} INFO - [2023-01-15T13:52:34.057+0000] {taskmixin.py:205} WARNING - Dependency <Task(_PythonDecoratedOperator): prepare_email>, send_email already registered for DAG: example_dag_decorator
[2023-01-15T13:52:34.082+0000] {logging_mixin.py:137} INFO - [2023-01-15T13:52:34.070+0000] {taskmixin.py:205} WARNING - Dependency <Task(EmailOperator): send_email>, prepare_email already registered for DAG: example_dag_decorator
[2023-01-15T13:52:34.298+0000] {processor.py:753} INFO - DAG(s) dict_keys(['example_dag_decorator']) retrieved from /home/airflow/.local/lib/python3.7/site-packages/airflow/example_dags/example_dag_decorator.py
[2023-01-15T13:52:35.059+0000] {logging_mixin.py:137} INFO - [2023-01-15T13:52:35.059+0000] {dag.py:2676} INFO - Sync 1 DAGs
[2023-01-15T13:52:35.291+0000] {logging_mixin.py:137} INFO - [2023-01-15T13:52:35.291+0000] {dag.py:3427} INFO - Setting next_dagrun for example_dag_decorator to None, run_after=None
[2023-01-15T13:52:35.420+0000] {processor.py:175} INFO - Processing /home/airflow/.local/lib/python3.7/site-packages/airflow/example_dags/example_dag_decorator.py took 1.580 seconds
