[2023-01-15T12:59:12.297+0000] {processor.py:153} INFO - Started process (PID=58) to work on /home/airflow/.local/lib/python3.7/site-packages/airflow/example_dags/example_kubernetes_executor.py
[2023-01-15T12:59:12.343+0000] {processor.py:743} INFO - Processing file /home/airflow/.local/lib/python3.7/site-packages/airflow/example_dags/example_kubernetes_executor.py for tasks to queue
[2023-01-15T12:59:12.357+0000] {logging_mixin.py:137} INFO - [2023-01-15T12:59:12.357+0000] {dagbag.py:538} INFO - Filling up the DagBag from /home/airflow/.local/lib/python3.7/site-packages/airflow/example_dags/example_kubernetes_executor.py
[2023-01-15T12:59:13.243+0000] {processor.py:753} INFO - DAG(s) dict_keys(['example_kubernetes_executor']) retrieved from /home/airflow/.local/lib/python3.7/site-packages/airflow/example_dags/example_kubernetes_executor.py
[2023-01-15T12:59:15.740+0000] {logging_mixin.py:137} INFO - [2023-01-15T12:59:15.740+0000] {manager.py:504} INFO - Created Permission View: can read on DAG:example_kubernetes_executor
[2023-01-15T12:59:15.838+0000] {logging_mixin.py:137} INFO - [2023-01-15T12:59:15.838+0000] {manager.py:504} INFO - Created Permission View: can edit on DAG:example_kubernetes_executor
[2023-01-15T12:59:15.913+0000] {logging_mixin.py:137} INFO - [2023-01-15T12:59:15.913+0000] {manager.py:504} INFO - Created Permission View: can delete on DAG:example_kubernetes_executor
[2023-01-15T12:59:15.916+0000] {logging_mixin.py:137} INFO - [2023-01-15T12:59:15.914+0000] {dag.py:2676} INFO - Sync 1 DAGs
[2023-01-15T12:59:16.078+0000] {logging_mixin.py:137} INFO - [2023-01-15T12:59:16.075+0000] {dag.py:2697} INFO - Creating ORM DAG for example_kubernetes_executor
[2023-01-15T12:59:16.221+0000] {logging_mixin.py:137} INFO - [2023-01-15T12:59:16.221+0000] {dag.py:3427} INFO - Setting next_dagrun for example_kubernetes_executor to None, run_after=None
[2023-01-15T12:59:16.523+0000] {processor.py:175} INFO - Processing /home/airflow/.local/lib/python3.7/site-packages/airflow/example_dags/example_kubernetes_executor.py took 4.275 seconds
[2023-01-15T12:59:54.683+0000] {processor.py:153} INFO - Started process (PID=114) to work on /home/airflow/.local/lib/python3.7/site-packages/airflow/example_dags/example_kubernetes_executor.py
[2023-01-15T12:59:54.686+0000] {processor.py:743} INFO - Processing file /home/airflow/.local/lib/python3.7/site-packages/airflow/example_dags/example_kubernetes_executor.py for tasks to queue
[2023-01-15T12:59:54.692+0000] {logging_mixin.py:137} INFO - [2023-01-15T12:59:54.692+0000] {dagbag.py:538} INFO - Filling up the DagBag from /home/airflow/.local/lib/python3.7/site-packages/airflow/example_dags/example_kubernetes_executor.py
[2023-01-15T12:59:54.836+0000] {processor.py:753} INFO - DAG(s) dict_keys(['example_kubernetes_executor']) retrieved from /home/airflow/.local/lib/python3.7/site-packages/airflow/example_dags/example_kubernetes_executor.py
[2023-01-15T12:59:54.972+0000] {logging_mixin.py:137} INFO - [2023-01-15T12:59:54.972+0000] {dag.py:2676} INFO - Sync 1 DAGs
[2023-01-15T12:59:55.020+0000] {logging_mixin.py:137} INFO - [2023-01-15T12:59:55.020+0000] {dag.py:3427} INFO - Setting next_dagrun for example_kubernetes_executor to None, run_after=None
[2023-01-15T12:59:55.077+0000] {processor.py:175} INFO - Processing /home/airflow/.local/lib/python3.7/site-packages/airflow/example_dags/example_kubernetes_executor.py took 0.402 seconds
[2023-01-15T13:00:25.709+0000] {processor.py:153} INFO - Started process (PID=170) to work on /home/airflow/.local/lib/python3.7/site-packages/airflow/example_dags/example_kubernetes_executor.py
[2023-01-15T13:00:25.715+0000] {processor.py:743} INFO - Processing file /home/airflow/.local/lib/python3.7/site-packages/airflow/example_dags/example_kubernetes_executor.py for tasks to queue
[2023-01-15T13:00:25.726+0000] {logging_mixin.py:137} INFO - [2023-01-15T13:00:25.726+0000] {dagbag.py:538} INFO - Filling up the DagBag from /home/airflow/.local/lib/python3.7/site-packages/airflow/example_dags/example_kubernetes_executor.py
[2023-01-15T13:00:25.990+0000] {processor.py:753} INFO - DAG(s) dict_keys(['example_kubernetes_executor']) retrieved from /home/airflow/.local/lib/python3.7/site-packages/airflow/example_dags/example_kubernetes_executor.py
[2023-01-15T13:00:26.224+0000] {logging_mixin.py:137} INFO - [2023-01-15T13:00:26.224+0000] {dag.py:2676} INFO - Sync 1 DAGs
[2023-01-15T13:00:26.361+0000] {logging_mixin.py:137} INFO - [2023-01-15T13:00:26.360+0000] {dag.py:3427} INFO - Setting next_dagrun for example_kubernetes_executor to None, run_after=None
[2023-01-15T13:00:26.447+0000] {processor.py:175} INFO - Processing /home/airflow/.local/lib/python3.7/site-packages/airflow/example_dags/example_kubernetes_executor.py took 0.761 seconds
[2023-01-15T13:00:56.911+0000] {processor.py:153} INFO - Started process (PID=226) to work on /home/airflow/.local/lib/python3.7/site-packages/airflow/example_dags/example_kubernetes_executor.py
[2023-01-15T13:00:56.922+0000] {processor.py:743} INFO - Processing file /home/airflow/.local/lib/python3.7/site-packages/airflow/example_dags/example_kubernetes_executor.py for tasks to queue
[2023-01-15T13:00:56.931+0000] {logging_mixin.py:137} INFO - [2023-01-15T13:00:56.931+0000] {dagbag.py:538} INFO - Filling up the DagBag from /home/airflow/.local/lib/python3.7/site-packages/airflow/example_dags/example_kubernetes_executor.py
[2023-01-15T13:00:57.170+0000] {processor.py:753} INFO - DAG(s) dict_keys(['example_kubernetes_executor']) retrieved from /home/airflow/.local/lib/python3.7/site-packages/airflow/example_dags/example_kubernetes_executor.py
[2023-01-15T13:00:57.379+0000] {logging_mixin.py:137} INFO - [2023-01-15T13:00:57.379+0000] {dag.py:2676} INFO - Sync 1 DAGs
[2023-01-15T13:00:57.502+0000] {logging_mixin.py:137} INFO - [2023-01-15T13:00:57.502+0000] {dag.py:3427} INFO - Setting next_dagrun for example_kubernetes_executor to None, run_after=None
[2023-01-15T13:00:57.610+0000] {processor.py:175} INFO - Processing /home/airflow/.local/lib/python3.7/site-packages/airflow/example_dags/example_kubernetes_executor.py took 0.729 seconds
[2023-01-15T13:01:27.718+0000] {processor.py:153} INFO - Started process (PID=289) to work on /home/airflow/.local/lib/python3.7/site-packages/airflow/example_dags/example_kubernetes_executor.py
[2023-01-15T13:01:27.726+0000] {processor.py:743} INFO - Processing file /home/airflow/.local/lib/python3.7/site-packages/airflow/example_dags/example_kubernetes_executor.py for tasks to queue
[2023-01-15T13:01:27.731+0000] {logging_mixin.py:137} INFO - [2023-01-15T13:01:27.729+0000] {dagbag.py:538} INFO - Filling up the DagBag from /home/airflow/.local/lib/python3.7/site-packages/airflow/example_dags/example_kubernetes_executor.py
[2023-01-15T13:01:27.842+0000] {processor.py:753} INFO - DAG(s) dict_keys(['example_kubernetes_executor']) retrieved from /home/airflow/.local/lib/python3.7/site-packages/airflow/example_dags/example_kubernetes_executor.py
[2023-01-15T13:01:28.011+0000] {logging_mixin.py:137} INFO - [2023-01-15T13:01:28.011+0000] {dag.py:2676} INFO - Sync 1 DAGs
[2023-01-15T13:01:28.090+0000] {logging_mixin.py:137} INFO - [2023-01-15T13:01:28.090+0000] {dag.py:3427} INFO - Setting next_dagrun for example_kubernetes_executor to None, run_after=None
[2023-01-15T13:01:28.168+0000] {processor.py:175} INFO - Processing /home/airflow/.local/lib/python3.7/site-packages/airflow/example_dags/example_kubernetes_executor.py took 0.459 seconds
[2023-01-15T13:01:58.821+0000] {processor.py:153} INFO - Started process (PID=345) to work on /home/airflow/.local/lib/python3.7/site-packages/airflow/example_dags/example_kubernetes_executor.py
[2023-01-15T13:01:58.833+0000] {processor.py:743} INFO - Processing file /home/airflow/.local/lib/python3.7/site-packages/airflow/example_dags/example_kubernetes_executor.py for tasks to queue
[2023-01-15T13:01:58.841+0000] {logging_mixin.py:137} INFO - [2023-01-15T13:01:58.841+0000] {dagbag.py:538} INFO - Filling up the DagBag from /home/airflow/.local/lib/python3.7/site-packages/airflow/example_dags/example_kubernetes_executor.py
[2023-01-15T13:01:59.066+0000] {processor.py:753} INFO - DAG(s) dict_keys(['example_kubernetes_executor']) retrieved from /home/airflow/.local/lib/python3.7/site-packages/airflow/example_dags/example_kubernetes_executor.py
[2023-01-15T13:01:59.484+0000] {logging_mixin.py:137} INFO - [2023-01-15T13:01:59.484+0000] {dag.py:2676} INFO - Sync 1 DAGs
[2023-01-15T13:01:59.698+0000] {logging_mixin.py:137} INFO - [2023-01-15T13:01:59.698+0000] {dag.py:3427} INFO - Setting next_dagrun for example_kubernetes_executor to None, run_after=None
[2023-01-15T13:01:59.825+0000] {processor.py:175} INFO - Processing /home/airflow/.local/lib/python3.7/site-packages/airflow/example_dags/example_kubernetes_executor.py took 1.066 seconds
[2023-01-15T13:02:30.000+0000] {processor.py:153} INFO - Started process (PID=391) to work on /home/airflow/.local/lib/python3.7/site-packages/airflow/example_dags/example_kubernetes_executor.py
[2023-01-15T13:02:30.009+0000] {processor.py:743} INFO - Processing file /home/airflow/.local/lib/python3.7/site-packages/airflow/example_dags/example_kubernetes_executor.py for tasks to queue
[2023-01-15T13:02:30.011+0000] {logging_mixin.py:137} INFO - [2023-01-15T13:02:30.011+0000] {dagbag.py:538} INFO - Filling up the DagBag from /home/airflow/.local/lib/python3.7/site-packages/airflow/example_dags/example_kubernetes_executor.py
[2023-01-15T13:02:30.106+0000] {processor.py:753} INFO - DAG(s) dict_keys(['example_kubernetes_executor']) retrieved from /home/airflow/.local/lib/python3.7/site-packages/airflow/example_dags/example_kubernetes_executor.py
[2023-01-15T13:02:30.310+0000] {logging_mixin.py:137} INFO - [2023-01-15T13:02:30.309+0000] {dag.py:2676} INFO - Sync 1 DAGs
[2023-01-15T13:02:30.386+0000] {logging_mixin.py:137} INFO - [2023-01-15T13:02:30.385+0000] {dag.py:3427} INFO - Setting next_dagrun for example_kubernetes_executor to None, run_after=None
[2023-01-15T13:02:30.430+0000] {processor.py:175} INFO - Processing /home/airflow/.local/lib/python3.7/site-packages/airflow/example_dags/example_kubernetes_executor.py took 0.442 seconds
[2023-01-15T13:03:00.863+0000] {processor.py:153} INFO - Started process (PID=445) to work on /home/airflow/.local/lib/python3.7/site-packages/airflow/example_dags/example_kubernetes_executor.py
[2023-01-15T13:03:00.866+0000] {processor.py:743} INFO - Processing file /home/airflow/.local/lib/python3.7/site-packages/airflow/example_dags/example_kubernetes_executor.py for tasks to queue
[2023-01-15T13:03:00.877+0000] {logging_mixin.py:137} INFO - [2023-01-15T13:03:00.872+0000] {dagbag.py:538} INFO - Filling up the DagBag from /home/airflow/.local/lib/python3.7/site-packages/airflow/example_dags/example_kubernetes_executor.py
[2023-01-15T13:03:00.951+0000] {processor.py:753} INFO - DAG(s) dict_keys(['example_kubernetes_executor']) retrieved from /home/airflow/.local/lib/python3.7/site-packages/airflow/example_dags/example_kubernetes_executor.py
[2023-01-15T13:03:01.079+0000] {logging_mixin.py:137} INFO - [2023-01-15T13:03:01.078+0000] {dag.py:2676} INFO - Sync 1 DAGs
[2023-01-15T13:03:01.139+0000] {logging_mixin.py:137} INFO - [2023-01-15T13:03:01.138+0000] {dag.py:3427} INFO - Setting next_dagrun for example_kubernetes_executor to None, run_after=None
[2023-01-15T13:03:01.207+0000] {processor.py:175} INFO - Processing /home/airflow/.local/lib/python3.7/site-packages/airflow/example_dags/example_kubernetes_executor.py took 0.351 seconds
[2023-01-15T13:03:31.382+0000] {processor.py:153} INFO - Started process (PID=501) to work on /home/airflow/.local/lib/python3.7/site-packages/airflow/example_dags/example_kubernetes_executor.py
[2023-01-15T13:03:31.395+0000] {processor.py:743} INFO - Processing file /home/airflow/.local/lib/python3.7/site-packages/airflow/example_dags/example_kubernetes_executor.py for tasks to queue
[2023-01-15T13:03:31.399+0000] {logging_mixin.py:137} INFO - [2023-01-15T13:03:31.399+0000] {dagbag.py:538} INFO - Filling up the DagBag from /home/airflow/.local/lib/python3.7/site-packages/airflow/example_dags/example_kubernetes_executor.py
[2023-01-15T13:03:31.575+0000] {processor.py:753} INFO - DAG(s) dict_keys(['example_kubernetes_executor']) retrieved from /home/airflow/.local/lib/python3.7/site-packages/airflow/example_dags/example_kubernetes_executor.py
[2023-01-15T13:03:31.848+0000] {logging_mixin.py:137} INFO - [2023-01-15T13:03:31.848+0000] {dag.py:2676} INFO - Sync 1 DAGs
[2023-01-15T13:03:31.966+0000] {logging_mixin.py:137} INFO - [2023-01-15T13:03:31.965+0000] {dag.py:3427} INFO - Setting next_dagrun for example_kubernetes_executor to None, run_after=None
[2023-01-15T13:03:32.066+0000] {processor.py:175} INFO - Processing /home/airflow/.local/lib/python3.7/site-packages/airflow/example_dags/example_kubernetes_executor.py took 0.716 seconds
[2023-01-15T13:04:02.330+0000] {processor.py:153} INFO - Started process (PID=557) to work on /home/airflow/.local/lib/python3.7/site-packages/airflow/example_dags/example_kubernetes_executor.py
[2023-01-15T13:04:02.343+0000] {processor.py:743} INFO - Processing file /home/airflow/.local/lib/python3.7/site-packages/airflow/example_dags/example_kubernetes_executor.py for tasks to queue
[2023-01-15T13:04:02.352+0000] {logging_mixin.py:137} INFO - [2023-01-15T13:04:02.352+0000] {dagbag.py:538} INFO - Filling up the DagBag from /home/airflow/.local/lib/python3.7/site-packages/airflow/example_dags/example_kubernetes_executor.py
[2023-01-15T13:04:02.569+0000] {processor.py:753} INFO - DAG(s) dict_keys(['example_kubernetes_executor']) retrieved from /home/airflow/.local/lib/python3.7/site-packages/airflow/example_dags/example_kubernetes_executor.py
[2023-01-15T13:04:02.771+0000] {logging_mixin.py:137} INFO - [2023-01-15T13:04:02.771+0000] {dag.py:2676} INFO - Sync 1 DAGs
[2023-01-15T13:04:02.882+0000] {logging_mixin.py:137} INFO - [2023-01-15T13:04:02.882+0000] {dag.py:3427} INFO - Setting next_dagrun for example_kubernetes_executor to None, run_after=None
[2023-01-15T13:04:02.965+0000] {processor.py:175} INFO - Processing /home/airflow/.local/lib/python3.7/site-packages/airflow/example_dags/example_kubernetes_executor.py took 0.673 seconds
[2023-01-15T13:04:33.336+0000] {processor.py:153} INFO - Started process (PID=621) to work on /home/airflow/.local/lib/python3.7/site-packages/airflow/example_dags/example_kubernetes_executor.py
[2023-01-15T13:04:33.342+0000] {processor.py:743} INFO - Processing file /home/airflow/.local/lib/python3.7/site-packages/airflow/example_dags/example_kubernetes_executor.py for tasks to queue
[2023-01-15T13:04:33.346+0000] {logging_mixin.py:137} INFO - [2023-01-15T13:04:33.346+0000] {dagbag.py:538} INFO - Filling up the DagBag from /home/airflow/.local/lib/python3.7/site-packages/airflow/example_dags/example_kubernetes_executor.py
[2023-01-15T13:04:33.465+0000] {processor.py:753} INFO - DAG(s) dict_keys(['example_kubernetes_executor']) retrieved from /home/airflow/.local/lib/python3.7/site-packages/airflow/example_dags/example_kubernetes_executor.py
[2023-01-15T13:04:33.640+0000] {logging_mixin.py:137} INFO - [2023-01-15T13:04:33.639+0000] {dag.py:2676} INFO - Sync 1 DAGs
[2023-01-15T13:04:33.727+0000] {logging_mixin.py:137} INFO - [2023-01-15T13:04:33.727+0000] {dag.py:3427} INFO - Setting next_dagrun for example_kubernetes_executor to None, run_after=None
[2023-01-15T13:04:33.804+0000] {processor.py:175} INFO - Processing /home/airflow/.local/lib/python3.7/site-packages/airflow/example_dags/example_kubernetes_executor.py took 0.480 seconds
[2023-01-15T13:05:04.233+0000] {processor.py:153} INFO - Started process (PID=676) to work on /home/airflow/.local/lib/python3.7/site-packages/airflow/example_dags/example_kubernetes_executor.py
[2023-01-15T13:05:04.239+0000] {processor.py:743} INFO - Processing file /home/airflow/.local/lib/python3.7/site-packages/airflow/example_dags/example_kubernetes_executor.py for tasks to queue
[2023-01-15T13:05:04.247+0000] {logging_mixin.py:137} INFO - [2023-01-15T13:05:04.247+0000] {dagbag.py:538} INFO - Filling up the DagBag from /home/airflow/.local/lib/python3.7/site-packages/airflow/example_dags/example_kubernetes_executor.py
[2023-01-15T13:05:04.412+0000] {processor.py:753} INFO - DAG(s) dict_keys(['example_kubernetes_executor']) retrieved from /home/airflow/.local/lib/python3.7/site-packages/airflow/example_dags/example_kubernetes_executor.py
[2023-01-15T13:05:04.611+0000] {logging_mixin.py:137} INFO - [2023-01-15T13:05:04.611+0000] {dag.py:2676} INFO - Sync 1 DAGs
[2023-01-15T13:05:04.723+0000] {logging_mixin.py:137} INFO - [2023-01-15T13:05:04.723+0000] {dag.py:3427} INFO - Setting next_dagrun for example_kubernetes_executor to None, run_after=None
[2023-01-15T13:05:04.807+0000] {processor.py:175} INFO - Processing /home/airflow/.local/lib/python3.7/site-packages/airflow/example_dags/example_kubernetes_executor.py took 0.593 seconds
[2023-01-15T13:05:35.402+0000] {processor.py:153} INFO - Started process (PID=731) to work on /home/airflow/.local/lib/python3.7/site-packages/airflow/example_dags/example_kubernetes_executor.py
[2023-01-15T13:05:35.417+0000] {processor.py:743} INFO - Processing file /home/airflow/.local/lib/python3.7/site-packages/airflow/example_dags/example_kubernetes_executor.py for tasks to queue
[2023-01-15T13:05:35.426+0000] {logging_mixin.py:137} INFO - [2023-01-15T13:05:35.425+0000] {dagbag.py:538} INFO - Filling up the DagBag from /home/airflow/.local/lib/python3.7/site-packages/airflow/example_dags/example_kubernetes_executor.py
[2023-01-15T13:05:35.600+0000] {processor.py:753} INFO - DAG(s) dict_keys(['example_kubernetes_executor']) retrieved from /home/airflow/.local/lib/python3.7/site-packages/airflow/example_dags/example_kubernetes_executor.py
[2023-01-15T13:05:35.849+0000] {logging_mixin.py:137} INFO - [2023-01-15T13:05:35.849+0000] {dag.py:2676} INFO - Sync 1 DAGs
[2023-01-15T13:05:35.958+0000] {logging_mixin.py:137} INFO - [2023-01-15T13:05:35.957+0000] {dag.py:3427} INFO - Setting next_dagrun for example_kubernetes_executor to None, run_after=None
[2023-01-15T13:05:36.048+0000] {processor.py:175} INFO - Processing /home/airflow/.local/lib/python3.7/site-packages/airflow/example_dags/example_kubernetes_executor.py took 0.656 seconds
[2023-01-15T13:06:06.387+0000] {processor.py:153} INFO - Started process (PID=790) to work on /home/airflow/.local/lib/python3.7/site-packages/airflow/example_dags/example_kubernetes_executor.py
[2023-01-15T13:06:06.390+0000] {processor.py:743} INFO - Processing file /home/airflow/.local/lib/python3.7/site-packages/airflow/example_dags/example_kubernetes_executor.py for tasks to queue
[2023-01-15T13:06:06.392+0000] {logging_mixin.py:137} INFO - [2023-01-15T13:06:06.392+0000] {dagbag.py:538} INFO - Filling up the DagBag from /home/airflow/.local/lib/python3.7/site-packages/airflow/example_dags/example_kubernetes_executor.py
[2023-01-15T13:06:06.544+0000] {processor.py:753} INFO - DAG(s) dict_keys(['example_kubernetes_executor']) retrieved from /home/airflow/.local/lib/python3.7/site-packages/airflow/example_dags/example_kubernetes_executor.py
[2023-01-15T13:06:06.714+0000] {logging_mixin.py:137} INFO - [2023-01-15T13:06:06.714+0000] {dag.py:2676} INFO - Sync 1 DAGs
[2023-01-15T13:06:06.798+0000] {logging_mixin.py:137} INFO - [2023-01-15T13:06:06.798+0000] {dag.py:3427} INFO - Setting next_dagrun for example_kubernetes_executor to None, run_after=None
[2023-01-15T13:06:06.857+0000] {processor.py:175} INFO - Processing /home/airflow/.local/lib/python3.7/site-packages/airflow/example_dags/example_kubernetes_executor.py took 0.488 seconds
[2023-01-15T13:06:37.246+0000] {processor.py:153} INFO - Started process (PID=847) to work on /home/airflow/.local/lib/python3.7/site-packages/airflow/example_dags/example_kubernetes_executor.py
[2023-01-15T13:06:37.251+0000] {processor.py:743} INFO - Processing file /home/airflow/.local/lib/python3.7/site-packages/airflow/example_dags/example_kubernetes_executor.py for tasks to queue
[2023-01-15T13:06:37.253+0000] {logging_mixin.py:137} INFO - [2023-01-15T13:06:37.253+0000] {dagbag.py:538} INFO - Filling up the DagBag from /home/airflow/.local/lib/python3.7/site-packages/airflow/example_dags/example_kubernetes_executor.py
[2023-01-15T13:06:37.327+0000] {processor.py:753} INFO - DAG(s) dict_keys(['example_kubernetes_executor']) retrieved from /home/airflow/.local/lib/python3.7/site-packages/airflow/example_dags/example_kubernetes_executor.py
[2023-01-15T13:06:37.440+0000] {logging_mixin.py:137} INFO - [2023-01-15T13:06:37.440+0000] {dag.py:2676} INFO - Sync 1 DAGs
[2023-01-15T13:06:37.523+0000] {logging_mixin.py:137} INFO - [2023-01-15T13:06:37.522+0000] {dag.py:3427} INFO - Setting next_dagrun for example_kubernetes_executor to None, run_after=None
[2023-01-15T13:06:37.573+0000] {processor.py:175} INFO - Processing /home/airflow/.local/lib/python3.7/site-packages/airflow/example_dags/example_kubernetes_executor.py took 0.334 seconds
[2023-01-15T13:07:11.151+0000] {processor.py:153} INFO - Started process (PID=898) to work on /home/airflow/.local/lib/python3.7/site-packages/airflow/example_dags/example_kubernetes_executor.py
[2023-01-15T13:07:11.155+0000] {processor.py:743} INFO - Processing file /home/airflow/.local/lib/python3.7/site-packages/airflow/example_dags/example_kubernetes_executor.py for tasks to queue
[2023-01-15T13:07:11.160+0000] {logging_mixin.py:137} INFO - [2023-01-15T13:07:11.159+0000] {dagbag.py:538} INFO - Filling up the DagBag from /home/airflow/.local/lib/python3.7/site-packages/airflow/example_dags/example_kubernetes_executor.py
[2023-01-15T13:07:11.318+0000] {processor.py:753} INFO - DAG(s) dict_keys(['example_kubernetes_executor']) retrieved from /home/airflow/.local/lib/python3.7/site-packages/airflow/example_dags/example_kubernetes_executor.py
[2023-01-15T13:07:11.770+0000] {logging_mixin.py:137} INFO - [2023-01-15T13:07:11.770+0000] {dag.py:2676} INFO - Sync 1 DAGs
[2023-01-15T13:07:12.960+0000] {logging_mixin.py:137} INFO - [2023-01-15T13:07:12.959+0000] {dag.py:3427} INFO - Setting next_dagrun for example_kubernetes_executor to None, run_after=None
[2023-01-15T13:07:14.107+0000] {processor.py:175} INFO - Processing /home/airflow/.local/lib/python3.7/site-packages/airflow/example_dags/example_kubernetes_executor.py took 2.998 seconds
[2023-01-15T13:07:55.446+0000] {processor.py:153} INFO - Started process (PID=947) to work on /home/airflow/.local/lib/python3.7/site-packages/airflow/example_dags/example_kubernetes_executor.py
[2023-01-15T13:07:55.472+0000] {processor.py:743} INFO - Processing file /home/airflow/.local/lib/python3.7/site-packages/airflow/example_dags/example_kubernetes_executor.py for tasks to queue
[2023-01-15T13:07:55.479+0000] {logging_mixin.py:137} INFO - [2023-01-15T13:07:55.479+0000] {dagbag.py:538} INFO - Filling up the DagBag from /home/airflow/.local/lib/python3.7/site-packages/airflow/example_dags/example_kubernetes_executor.py
[2023-01-15T13:07:56.156+0000] {processor.py:753} INFO - DAG(s) dict_keys(['example_kubernetes_executor']) retrieved from /home/airflow/.local/lib/python3.7/site-packages/airflow/example_dags/example_kubernetes_executor.py
[2023-01-15T13:07:57.091+0000] {logging_mixin.py:137} INFO - [2023-01-15T13:07:57.078+0000] {dag.py:2676} INFO - Sync 1 DAGs
[2023-01-15T13:07:57.649+0000] {logging_mixin.py:137} INFO - [2023-01-15T13:07:57.649+0000] {dag.py:3427} INFO - Setting next_dagrun for example_kubernetes_executor to None, run_after=None
[2023-01-15T13:07:58.110+0000] {processor.py:175} INFO - Processing /home/airflow/.local/lib/python3.7/site-packages/airflow/example_dags/example_kubernetes_executor.py took 2.716 seconds
[2023-01-15T13:08:30.881+0000] {processor.py:153} INFO - Started process (PID=1003) to work on /home/airflow/.local/lib/python3.7/site-packages/airflow/example_dags/example_kubernetes_executor.py
[2023-01-15T13:08:30.889+0000] {processor.py:743} INFO - Processing file /home/airflow/.local/lib/python3.7/site-packages/airflow/example_dags/example_kubernetes_executor.py for tasks to queue
[2023-01-15T13:08:30.891+0000] {logging_mixin.py:137} INFO - [2023-01-15T13:08:30.891+0000] {dagbag.py:538} INFO - Filling up the DagBag from /home/airflow/.local/lib/python3.7/site-packages/airflow/example_dags/example_kubernetes_executor.py
[2023-01-15T13:08:31.068+0000] {processor.py:753} INFO - DAG(s) dict_keys(['example_kubernetes_executor']) retrieved from /home/airflow/.local/lib/python3.7/site-packages/airflow/example_dags/example_kubernetes_executor.py
[2023-01-15T13:08:31.318+0000] {logging_mixin.py:137} INFO - [2023-01-15T13:08:31.318+0000] {dag.py:2676} INFO - Sync 1 DAGs
[2023-01-15T13:08:31.427+0000] {logging_mixin.py:137} INFO - [2023-01-15T13:08:31.426+0000] {dag.py:3427} INFO - Setting next_dagrun for example_kubernetes_executor to None, run_after=None
[2023-01-15T13:08:31.529+0000] {processor.py:175} INFO - Processing /home/airflow/.local/lib/python3.7/site-packages/airflow/example_dags/example_kubernetes_executor.py took 0.659 seconds
[2023-01-15T13:09:07.402+0000] {processor.py:153} INFO - Started process (PID=1052) to work on /home/airflow/.local/lib/python3.7/site-packages/airflow/example_dags/example_kubernetes_executor.py
[2023-01-15T13:09:07.421+0000] {processor.py:743} INFO - Processing file /home/airflow/.local/lib/python3.7/site-packages/airflow/example_dags/example_kubernetes_executor.py for tasks to queue
[2023-01-15T13:09:07.446+0000] {logging_mixin.py:137} INFO - [2023-01-15T13:09:07.432+0000] {dagbag.py:538} INFO - Filling up the DagBag from /home/airflow/.local/lib/python3.7/site-packages/airflow/example_dags/example_kubernetes_executor.py
[2023-01-15T13:09:07.992+0000] {processor.py:753} INFO - DAG(s) dict_keys(['example_kubernetes_executor']) retrieved from /home/airflow/.local/lib/python3.7/site-packages/airflow/example_dags/example_kubernetes_executor.py
[2023-01-15T13:09:08.832+0000] {logging_mixin.py:137} INFO - [2023-01-15T13:09:08.823+0000] {dag.py:2676} INFO - Sync 1 DAGs
[2023-01-15T13:09:09.379+0000] {logging_mixin.py:137} INFO - [2023-01-15T13:09:09.379+0000] {dag.py:3427} INFO - Setting next_dagrun for example_kubernetes_executor to None, run_after=None
[2023-01-15T13:09:09.726+0000] {processor.py:175} INFO - Processing /home/airflow/.local/lib/python3.7/site-packages/airflow/example_dags/example_kubernetes_executor.py took 2.430 seconds
[2023-01-15T13:09:40.628+0000] {processor.py:153} INFO - Started process (PID=1106) to work on /home/airflow/.local/lib/python3.7/site-packages/airflow/example_dags/example_kubernetes_executor.py
[2023-01-15T13:09:40.674+0000] {processor.py:743} INFO - Processing file /home/airflow/.local/lib/python3.7/site-packages/airflow/example_dags/example_kubernetes_executor.py for tasks to queue
[2023-01-15T13:09:40.683+0000] {logging_mixin.py:137} INFO - [2023-01-15T13:09:40.683+0000] {dagbag.py:538} INFO - Filling up the DagBag from /home/airflow/.local/lib/python3.7/site-packages/airflow/example_dags/example_kubernetes_executor.py
[2023-01-15T13:09:41.522+0000] {processor.py:753} INFO - DAG(s) dict_keys(['example_kubernetes_executor']) retrieved from /home/airflow/.local/lib/python3.7/site-packages/airflow/example_dags/example_kubernetes_executor.py
[2023-01-15T13:09:42.557+0000] {logging_mixin.py:137} INFO - [2023-01-15T13:09:42.557+0000] {dag.py:2676} INFO - Sync 1 DAGs
[2023-01-15T13:09:43.141+0000] {logging_mixin.py:137} INFO - [2023-01-15T13:09:43.141+0000] {dag.py:3427} INFO - Setting next_dagrun for example_kubernetes_executor to None, run_after=None
[2023-01-15T13:09:43.540+0000] {processor.py:175} INFO - Processing /home/airflow/.local/lib/python3.7/site-packages/airflow/example_dags/example_kubernetes_executor.py took 2.987 seconds
[2023-01-15T13:10:13.925+0000] {processor.py:153} INFO - Started process (PID=1155) to work on /home/airflow/.local/lib/python3.7/site-packages/airflow/example_dags/example_kubernetes_executor.py
[2023-01-15T13:10:13.936+0000] {processor.py:743} INFO - Processing file /home/airflow/.local/lib/python3.7/site-packages/airflow/example_dags/example_kubernetes_executor.py for tasks to queue
[2023-01-15T13:10:13.944+0000] {logging_mixin.py:137} INFO - [2023-01-15T13:10:13.943+0000] {dagbag.py:538} INFO - Filling up the DagBag from /home/airflow/.local/lib/python3.7/site-packages/airflow/example_dags/example_kubernetes_executor.py
[2023-01-15T13:10:14.305+0000] {processor.py:753} INFO - DAG(s) dict_keys(['example_kubernetes_executor']) retrieved from /home/airflow/.local/lib/python3.7/site-packages/airflow/example_dags/example_kubernetes_executor.py
[2023-01-15T13:10:14.710+0000] {logging_mixin.py:137} INFO - [2023-01-15T13:10:14.710+0000] {dag.py:2676} INFO - Sync 1 DAGs
[2023-01-15T13:10:14.817+0000] {logging_mixin.py:137} INFO - [2023-01-15T13:10:14.817+0000] {dag.py:3427} INFO - Setting next_dagrun for example_kubernetes_executor to None, run_after=None
[2023-01-15T13:10:14.887+0000] {processor.py:175} INFO - Processing /home/airflow/.local/lib/python3.7/site-packages/airflow/example_dags/example_kubernetes_executor.py took 0.992 seconds
[2023-01-15T13:10:45.729+0000] {processor.py:153} INFO - Started process (PID=1207) to work on /home/airflow/.local/lib/python3.7/site-packages/airflow/example_dags/example_kubernetes_executor.py
[2023-01-15T13:10:45.736+0000] {processor.py:743} INFO - Processing file /home/airflow/.local/lib/python3.7/site-packages/airflow/example_dags/example_kubernetes_executor.py for tasks to queue
[2023-01-15T13:10:45.738+0000] {logging_mixin.py:137} INFO - [2023-01-15T13:10:45.737+0000] {dagbag.py:538} INFO - Filling up the DagBag from /home/airflow/.local/lib/python3.7/site-packages/airflow/example_dags/example_kubernetes_executor.py
[2023-01-15T13:10:45.930+0000] {processor.py:753} INFO - DAG(s) dict_keys(['example_kubernetes_executor']) retrieved from /home/airflow/.local/lib/python3.7/site-packages/airflow/example_dags/example_kubernetes_executor.py
[2023-01-15T13:10:46.189+0000] {logging_mixin.py:137} INFO - [2023-01-15T13:10:46.189+0000] {dag.py:2676} INFO - Sync 1 DAGs
[2023-01-15T13:10:46.364+0000] {logging_mixin.py:137} INFO - [2023-01-15T13:10:46.364+0000] {dag.py:3427} INFO - Setting next_dagrun for example_kubernetes_executor to None, run_after=None
[2023-01-15T13:10:46.539+0000] {processor.py:175} INFO - Processing /home/airflow/.local/lib/python3.7/site-packages/airflow/example_dags/example_kubernetes_executor.py took 0.819 seconds
[2023-01-15T13:11:21.496+0000] {processor.py:153} INFO - Started process (PID=1248) to work on /home/airflow/.local/lib/python3.7/site-packages/airflow/example_dags/example_kubernetes_executor.py
[2023-01-15T13:11:21.515+0000] {processor.py:743} INFO - Processing file /home/airflow/.local/lib/python3.7/site-packages/airflow/example_dags/example_kubernetes_executor.py for tasks to queue
[2023-01-15T13:11:21.528+0000] {logging_mixin.py:137} INFO - [2023-01-15T13:11:21.527+0000] {dagbag.py:538} INFO - Filling up the DagBag from /home/airflow/.local/lib/python3.7/site-packages/airflow/example_dags/example_kubernetes_executor.py
[2023-01-15T13:11:22.248+0000] {processor.py:753} INFO - DAG(s) dict_keys(['example_kubernetes_executor']) retrieved from /home/airflow/.local/lib/python3.7/site-packages/airflow/example_dags/example_kubernetes_executor.py
[2023-01-15T13:11:22.935+0000] {logging_mixin.py:137} INFO - [2023-01-15T13:11:22.925+0000] {dag.py:2676} INFO - Sync 1 DAGs
[2023-01-15T13:11:23.396+0000] {logging_mixin.py:137} INFO - [2023-01-15T13:11:23.395+0000] {dag.py:3427} INFO - Setting next_dagrun for example_kubernetes_executor to None, run_after=None
[2023-01-15T13:11:23.784+0000] {processor.py:175} INFO - Processing /home/airflow/.local/lib/python3.7/site-packages/airflow/example_dags/example_kubernetes_executor.py took 3.291 seconds
[2023-01-15T13:12:04.076+0000] {processor.py:153} INFO - Started process (PID=1308) to work on /home/airflow/.local/lib/python3.7/site-packages/airflow/example_dags/example_kubernetes_executor.py
[2023-01-15T13:12:04.087+0000] {processor.py:743} INFO - Processing file /home/airflow/.local/lib/python3.7/site-packages/airflow/example_dags/example_kubernetes_executor.py for tasks to queue
[2023-01-15T13:12:04.105+0000] {logging_mixin.py:137} INFO - [2023-01-15T13:12:04.098+0000] {dagbag.py:538} INFO - Filling up the DagBag from /home/airflow/.local/lib/python3.7/site-packages/airflow/example_dags/example_kubernetes_executor.py
[2023-01-15T13:12:04.813+0000] {processor.py:753} INFO - DAG(s) dict_keys(['example_kubernetes_executor']) retrieved from /home/airflow/.local/lib/python3.7/site-packages/airflow/example_dags/example_kubernetes_executor.py
[2023-01-15T13:12:07.132+0000] {logging_mixin.py:137} INFO - [2023-01-15T13:12:07.127+0000] {dag.py:2676} INFO - Sync 1 DAGs
[2023-01-15T13:12:08.669+0000] {logging_mixin.py:137} INFO - [2023-01-15T13:12:08.669+0000] {dag.py:3427} INFO - Setting next_dagrun for example_kubernetes_executor to None, run_after=None
[2023-01-15T13:12:09.278+0000] {processor.py:175} INFO - Processing /home/airflow/.local/lib/python3.7/site-packages/airflow/example_dags/example_kubernetes_executor.py took 5.261 seconds
[2023-01-15T13:12:42.105+0000] {processor.py:153} INFO - Started process (PID=1359) to work on /home/airflow/.local/lib/python3.7/site-packages/airflow/example_dags/example_kubernetes_executor.py
[2023-01-15T13:12:42.110+0000] {processor.py:743} INFO - Processing file /home/airflow/.local/lib/python3.7/site-packages/airflow/example_dags/example_kubernetes_executor.py for tasks to queue
[2023-01-15T13:12:42.116+0000] {logging_mixin.py:137} INFO - [2023-01-15T13:12:42.115+0000] {dagbag.py:538} INFO - Filling up the DagBag from /home/airflow/.local/lib/python3.7/site-packages/airflow/example_dags/example_kubernetes_executor.py
[2023-01-15T13:12:42.315+0000] {processor.py:753} INFO - DAG(s) dict_keys(['example_kubernetes_executor']) retrieved from /home/airflow/.local/lib/python3.7/site-packages/airflow/example_dags/example_kubernetes_executor.py
[2023-01-15T13:12:42.578+0000] {logging_mixin.py:137} INFO - [2023-01-15T13:12:42.578+0000] {dag.py:2676} INFO - Sync 1 DAGs
[2023-01-15T13:12:42.739+0000] {logging_mixin.py:137} INFO - [2023-01-15T13:12:42.739+0000] {dag.py:3427} INFO - Setting next_dagrun for example_kubernetes_executor to None, run_after=None
[2023-01-15T13:12:42.834+0000] {processor.py:175} INFO - Processing /home/airflow/.local/lib/python3.7/site-packages/airflow/example_dags/example_kubernetes_executor.py took 0.759 seconds
[2023-01-15T13:13:18.512+0000] {processor.py:153} INFO - Started process (PID=1404) to work on /home/airflow/.local/lib/python3.7/site-packages/airflow/example_dags/example_kubernetes_executor.py
[2023-01-15T13:13:18.521+0000] {processor.py:743} INFO - Processing file /home/airflow/.local/lib/python3.7/site-packages/airflow/example_dags/example_kubernetes_executor.py for tasks to queue
[2023-01-15T13:13:18.530+0000] {logging_mixin.py:137} INFO - [2023-01-15T13:13:18.530+0000] {dagbag.py:538} INFO - Filling up the DagBag from /home/airflow/.local/lib/python3.7/site-packages/airflow/example_dags/example_kubernetes_executor.py
[2023-01-15T13:13:19.213+0000] {processor.py:753} INFO - DAG(s) dict_keys(['example_kubernetes_executor']) retrieved from /home/airflow/.local/lib/python3.7/site-packages/airflow/example_dags/example_kubernetes_executor.py
[2023-01-15T13:13:19.944+0000] {logging_mixin.py:137} INFO - [2023-01-15T13:13:19.935+0000] {dag.py:2676} INFO - Sync 1 DAGs
[2023-01-15T13:13:20.748+0000] {logging_mixin.py:137} INFO - [2023-01-15T13:13:20.748+0000] {dag.py:3427} INFO - Setting next_dagrun for example_kubernetes_executor to None, run_after=None
[2023-01-15T13:13:21.115+0000] {processor.py:175} INFO - Processing /home/airflow/.local/lib/python3.7/site-packages/airflow/example_dags/example_kubernetes_executor.py took 2.654 seconds
[2023-01-15T13:13:53.514+0000] {processor.py:153} INFO - Started process (PID=1460) to work on /home/airflow/.local/lib/python3.7/site-packages/airflow/example_dags/example_kubernetes_executor.py
[2023-01-15T13:13:53.524+0000] {processor.py:743} INFO - Processing file /home/airflow/.local/lib/python3.7/site-packages/airflow/example_dags/example_kubernetes_executor.py for tasks to queue
[2023-01-15T13:13:53.533+0000] {logging_mixin.py:137} INFO - [2023-01-15T13:13:53.533+0000] {dagbag.py:538} INFO - Filling up the DagBag from /home/airflow/.local/lib/python3.7/site-packages/airflow/example_dags/example_kubernetes_executor.py
[2023-01-15T13:13:53.741+0000] {processor.py:753} INFO - DAG(s) dict_keys(['example_kubernetes_executor']) retrieved from /home/airflow/.local/lib/python3.7/site-packages/airflow/example_dags/example_kubernetes_executor.py
[2023-01-15T13:13:53.926+0000] {logging_mixin.py:137} INFO - [2023-01-15T13:13:53.926+0000] {dag.py:2676} INFO - Sync 1 DAGs
[2023-01-15T13:13:54.026+0000] {logging_mixin.py:137} INFO - [2023-01-15T13:13:54.026+0000] {dag.py:3427} INFO - Setting next_dagrun for example_kubernetes_executor to None, run_after=None
[2023-01-15T13:13:54.073+0000] {processor.py:175} INFO - Processing /home/airflow/.local/lib/python3.7/site-packages/airflow/example_dags/example_kubernetes_executor.py took 0.602 seconds
[2023-01-15T13:14:25.464+0000] {processor.py:153} INFO - Started process (PID=1516) to work on /home/airflow/.local/lib/python3.7/site-packages/airflow/example_dags/example_kubernetes_executor.py
[2023-01-15T13:14:25.468+0000] {processor.py:743} INFO - Processing file /home/airflow/.local/lib/python3.7/site-packages/airflow/example_dags/example_kubernetes_executor.py for tasks to queue
[2023-01-15T13:14:25.478+0000] {logging_mixin.py:137} INFO - [2023-01-15T13:14:25.475+0000] {dagbag.py:538} INFO - Filling up the DagBag from /home/airflow/.local/lib/python3.7/site-packages/airflow/example_dags/example_kubernetes_executor.py
[2023-01-15T13:14:25.782+0000] {processor.py:753} INFO - DAG(s) dict_keys(['example_kubernetes_executor']) retrieved from /home/airflow/.local/lib/python3.7/site-packages/airflow/example_dags/example_kubernetes_executor.py
[2023-01-15T13:14:26.135+0000] {logging_mixin.py:137} INFO - [2023-01-15T13:14:26.135+0000] {dag.py:2676} INFO - Sync 1 DAGs
[2023-01-15T13:14:26.314+0000] {logging_mixin.py:137} INFO - [2023-01-15T13:14:26.314+0000] {dag.py:3427} INFO - Setting next_dagrun for example_kubernetes_executor to None, run_after=None
[2023-01-15T13:14:26.578+0000] {processor.py:175} INFO - Processing /home/airflow/.local/lib/python3.7/site-packages/airflow/example_dags/example_kubernetes_executor.py took 1.146 seconds
[2023-01-15T13:14:57.051+0000] {processor.py:153} INFO - Started process (PID=1563) to work on /home/airflow/.local/lib/python3.7/site-packages/airflow/example_dags/example_kubernetes_executor.py
[2023-01-15T13:14:57.070+0000] {processor.py:743} INFO - Processing file /home/airflow/.local/lib/python3.7/site-packages/airflow/example_dags/example_kubernetes_executor.py for tasks to queue
[2023-01-15T13:14:57.073+0000] {logging_mixin.py:137} INFO - [2023-01-15T13:14:57.073+0000] {dagbag.py:538} INFO - Filling up the DagBag from /home/airflow/.local/lib/python3.7/site-packages/airflow/example_dags/example_kubernetes_executor.py
[2023-01-15T13:14:57.168+0000] {processor.py:753} INFO - DAG(s) dict_keys(['example_kubernetes_executor']) retrieved from /home/airflow/.local/lib/python3.7/site-packages/airflow/example_dags/example_kubernetes_executor.py
[2023-01-15T13:14:57.283+0000] {logging_mixin.py:137} INFO - [2023-01-15T13:14:57.283+0000] {dag.py:2676} INFO - Sync 1 DAGs
[2023-01-15T13:14:57.353+0000] {logging_mixin.py:137} INFO - [2023-01-15T13:14:57.353+0000] {dag.py:3427} INFO - Setting next_dagrun for example_kubernetes_executor to None, run_after=None
[2023-01-15T13:14:57.411+0000] {processor.py:175} INFO - Processing /home/airflow/.local/lib/python3.7/site-packages/airflow/example_dags/example_kubernetes_executor.py took 0.387 seconds
[2023-01-15T13:15:28.770+0000] {processor.py:153} INFO - Started process (PID=1619) to work on /home/airflow/.local/lib/python3.7/site-packages/airflow/example_dags/example_kubernetes_executor.py
[2023-01-15T13:15:28.778+0000] {processor.py:743} INFO - Processing file /home/airflow/.local/lib/python3.7/site-packages/airflow/example_dags/example_kubernetes_executor.py for tasks to queue
[2023-01-15T13:15:28.785+0000] {logging_mixin.py:137} INFO - [2023-01-15T13:15:28.784+0000] {dagbag.py:538} INFO - Filling up the DagBag from /home/airflow/.local/lib/python3.7/site-packages/airflow/example_dags/example_kubernetes_executor.py
[2023-01-15T13:15:29.380+0000] {processor.py:753} INFO - DAG(s) dict_keys(['example_kubernetes_executor']) retrieved from /home/airflow/.local/lib/python3.7/site-packages/airflow/example_dags/example_kubernetes_executor.py
[2023-01-15T13:15:29.873+0000] {logging_mixin.py:137} INFO - [2023-01-15T13:15:29.873+0000] {dag.py:2676} INFO - Sync 1 DAGs
[2023-01-15T13:15:30.056+0000] {logging_mixin.py:137} INFO - [2023-01-15T13:15:30.056+0000] {dag.py:3427} INFO - Setting next_dagrun for example_kubernetes_executor to None, run_after=None
[2023-01-15T13:15:30.160+0000] {processor.py:175} INFO - Processing /home/airflow/.local/lib/python3.7/site-packages/airflow/example_dags/example_kubernetes_executor.py took 1.424 seconds
[2023-01-15T13:43:30.343+0000] {processor.py:153} INFO - Started process (PID=58) to work on /home/airflow/.local/lib/python3.7/site-packages/airflow/example_dags/example_kubernetes_executor.py
[2023-01-15T13:43:30.373+0000] {processor.py:743} INFO - Processing file /home/airflow/.local/lib/python3.7/site-packages/airflow/example_dags/example_kubernetes_executor.py for tasks to queue
[2023-01-15T13:43:30.396+0000] {logging_mixin.py:137} INFO - [2023-01-15T13:43:30.396+0000] {dagbag.py:538} INFO - Filling up the DagBag from /home/airflow/.local/lib/python3.7/site-packages/airflow/example_dags/example_kubernetes_executor.py
[2023-01-15T13:43:31.379+0000] {processor.py:753} INFO - DAG(s) dict_keys(['example_kubernetes_executor']) retrieved from /home/airflow/.local/lib/python3.7/site-packages/airflow/example_dags/example_kubernetes_executor.py
[2023-01-15T13:43:31.768+0000] {logging_mixin.py:137} INFO - [2023-01-15T13:43:31.768+0000] {dag.py:2676} INFO - Sync 1 DAGs
[2023-01-15T13:43:32.054+0000] {logging_mixin.py:137} INFO - [2023-01-15T13:43:32.054+0000] {dag.py:3427} INFO - Setting next_dagrun for example_kubernetes_executor to None, run_after=None
[2023-01-15T13:43:32.244+0000] {processor.py:175} INFO - Processing /home/airflow/.local/lib/python3.7/site-packages/airflow/example_dags/example_kubernetes_executor.py took 1.995 seconds
[2023-01-15T13:44:29.907+0000] {processor.py:153} INFO - Started process (PID=123) to work on /home/airflow/.local/lib/python3.7/site-packages/airflow/example_dags/example_kubernetes_executor.py
[2023-01-15T13:44:29.931+0000] {processor.py:743} INFO - Processing file /home/airflow/.local/lib/python3.7/site-packages/airflow/example_dags/example_kubernetes_executor.py for tasks to queue
[2023-01-15T13:44:29.962+0000] {logging_mixin.py:137} INFO - [2023-01-15T13:44:29.961+0000] {dagbag.py:538} INFO - Filling up the DagBag from /home/airflow/.local/lib/python3.7/site-packages/airflow/example_dags/example_kubernetes_executor.py
[2023-01-15T13:44:31.327+0000] {processor.py:753} INFO - DAG(s) dict_keys(['example_kubernetes_executor']) retrieved from /home/airflow/.local/lib/python3.7/site-packages/airflow/example_dags/example_kubernetes_executor.py
[2023-01-15T13:44:32.284+0000] {logging_mixin.py:137} INFO - [2023-01-15T13:44:32.284+0000] {dag.py:2676} INFO - Sync 1 DAGs
[2023-01-15T13:44:32.850+0000] {logging_mixin.py:137} INFO - [2023-01-15T13:44:32.842+0000] {dag.py:3427} INFO - Setting next_dagrun for example_kubernetes_executor to None, run_after=None
[2023-01-15T13:44:33.159+0000] {processor.py:175} INFO - Processing /home/airflow/.local/lib/python3.7/site-packages/airflow/example_dags/example_kubernetes_executor.py took 3.362 seconds
[2023-01-15T13:45:34.744+0000] {processor.py:153} INFO - Started process (PID=177) to work on /home/airflow/.local/lib/python3.7/site-packages/airflow/example_dags/example_kubernetes_executor.py
[2023-01-15T13:45:34.753+0000] {processor.py:743} INFO - Processing file /home/airflow/.local/lib/python3.7/site-packages/airflow/example_dags/example_kubernetes_executor.py for tasks to queue
[2023-01-15T13:45:34.766+0000] {logging_mixin.py:137} INFO - [2023-01-15T13:45:34.765+0000] {dagbag.py:538} INFO - Filling up the DagBag from /home/airflow/.local/lib/python3.7/site-packages/airflow/example_dags/example_kubernetes_executor.py
[2023-01-15T13:45:35.032+0000] {processor.py:753} INFO - DAG(s) dict_keys(['example_kubernetes_executor']) retrieved from /home/airflow/.local/lib/python3.7/site-packages/airflow/example_dags/example_kubernetes_executor.py
[2023-01-15T13:45:35.369+0000] {logging_mixin.py:137} INFO - [2023-01-15T13:45:35.369+0000] {dag.py:2676} INFO - Sync 1 DAGs
[2023-01-15T13:45:35.550+0000] {logging_mixin.py:137} INFO - [2023-01-15T13:45:35.549+0000] {dag.py:3427} INFO - Setting next_dagrun for example_kubernetes_executor to None, run_after=None
[2023-01-15T13:45:35.667+0000] {processor.py:175} INFO - Processing /home/airflow/.local/lib/python3.7/site-packages/airflow/example_dags/example_kubernetes_executor.py took 0.956 seconds
[2023-01-15T13:46:10.193+0000] {processor.py:153} INFO - Started process (PID=228) to work on /home/airflow/.local/lib/python3.7/site-packages/airflow/example_dags/example_kubernetes_executor.py
[2023-01-15T13:46:10.205+0000] {processor.py:743} INFO - Processing file /home/airflow/.local/lib/python3.7/site-packages/airflow/example_dags/example_kubernetes_executor.py for tasks to queue
[2023-01-15T13:46:10.211+0000] {logging_mixin.py:137} INFO - [2023-01-15T13:46:10.211+0000] {dagbag.py:538} INFO - Filling up the DagBag from /home/airflow/.local/lib/python3.7/site-packages/airflow/example_dags/example_kubernetes_executor.py
[2023-01-15T13:46:10.513+0000] {processor.py:753} INFO - DAG(s) dict_keys(['example_kubernetes_executor']) retrieved from /home/airflow/.local/lib/python3.7/site-packages/airflow/example_dags/example_kubernetes_executor.py
[2023-01-15T13:46:10.851+0000] {logging_mixin.py:137} INFO - [2023-01-15T13:46:10.851+0000] {dag.py:2676} INFO - Sync 1 DAGs
[2023-01-15T13:46:11.072+0000] {logging_mixin.py:137} INFO - [2023-01-15T13:46:11.072+0000] {dag.py:3427} INFO - Setting next_dagrun for example_kubernetes_executor to None, run_after=None
[2023-01-15T13:46:11.194+0000] {processor.py:175} INFO - Processing /home/airflow/.local/lib/python3.7/site-packages/airflow/example_dags/example_kubernetes_executor.py took 1.023 seconds
[2023-01-15T13:46:42.211+0000] {processor.py:153} INFO - Started process (PID=284) to work on /home/airflow/.local/lib/python3.7/site-packages/airflow/example_dags/example_kubernetes_executor.py
[2023-01-15T13:46:42.230+0000] {processor.py:743} INFO - Processing file /home/airflow/.local/lib/python3.7/site-packages/airflow/example_dags/example_kubernetes_executor.py for tasks to queue
[2023-01-15T13:46:42.232+0000] {logging_mixin.py:137} INFO - [2023-01-15T13:46:42.232+0000] {dagbag.py:538} INFO - Filling up the DagBag from /home/airflow/.local/lib/python3.7/site-packages/airflow/example_dags/example_kubernetes_executor.py
[2023-01-15T13:46:42.508+0000] {processor.py:753} INFO - DAG(s) dict_keys(['example_kubernetes_executor']) retrieved from /home/airflow/.local/lib/python3.7/site-packages/airflow/example_dags/example_kubernetes_executor.py
[2023-01-15T13:46:42.847+0000] {logging_mixin.py:137} INFO - [2023-01-15T13:46:42.847+0000] {dag.py:2676} INFO - Sync 1 DAGs
[2023-01-15T13:46:43.026+0000] {logging_mixin.py:137} INFO - [2023-01-15T13:46:43.026+0000] {dag.py:3427} INFO - Setting next_dagrun for example_kubernetes_executor to None, run_after=None
[2023-01-15T13:46:43.174+0000] {processor.py:175} INFO - Processing /home/airflow/.local/lib/python3.7/site-packages/airflow/example_dags/example_kubernetes_executor.py took 1.000 seconds
[2023-01-15T13:47:13.383+0000] {processor.py:153} INFO - Started process (PID=330) to work on /home/airflow/.local/lib/python3.7/site-packages/airflow/example_dags/example_kubernetes_executor.py
[2023-01-15T13:47:13.385+0000] {processor.py:743} INFO - Processing file /home/airflow/.local/lib/python3.7/site-packages/airflow/example_dags/example_kubernetes_executor.py for tasks to queue
[2023-01-15T13:47:13.386+0000] {logging_mixin.py:137} INFO - [2023-01-15T13:47:13.386+0000] {dagbag.py:538} INFO - Filling up the DagBag from /home/airflow/.local/lib/python3.7/site-packages/airflow/example_dags/example_kubernetes_executor.py
[2023-01-15T13:47:13.462+0000] {processor.py:753} INFO - DAG(s) dict_keys(['example_kubernetes_executor']) retrieved from /home/airflow/.local/lib/python3.7/site-packages/airflow/example_dags/example_kubernetes_executor.py
[2023-01-15T13:47:13.593+0000] {logging_mixin.py:137} INFO - [2023-01-15T13:47:13.593+0000] {dag.py:2676} INFO - Sync 1 DAGs
[2023-01-15T13:47:13.645+0000] {logging_mixin.py:137} INFO - [2023-01-15T13:47:13.644+0000] {dag.py:3427} INFO - Setting next_dagrun for example_kubernetes_executor to None, run_after=None
[2023-01-15T13:47:13.695+0000] {processor.py:175} INFO - Processing /home/airflow/.local/lib/python3.7/site-packages/airflow/example_dags/example_kubernetes_executor.py took 0.326 seconds
[2023-01-15T13:47:43.773+0000] {processor.py:153} INFO - Started process (PID=386) to work on /home/airflow/.local/lib/python3.7/site-packages/airflow/example_dags/example_kubernetes_executor.py
[2023-01-15T13:47:43.792+0000] {processor.py:743} INFO - Processing file /home/airflow/.local/lib/python3.7/site-packages/airflow/example_dags/example_kubernetes_executor.py for tasks to queue
[2023-01-15T13:47:43.795+0000] {logging_mixin.py:137} INFO - [2023-01-15T13:47:43.795+0000] {dagbag.py:538} INFO - Filling up the DagBag from /home/airflow/.local/lib/python3.7/site-packages/airflow/example_dags/example_kubernetes_executor.py
[2023-01-15T13:47:43.994+0000] {processor.py:753} INFO - DAG(s) dict_keys(['example_kubernetes_executor']) retrieved from /home/airflow/.local/lib/python3.7/site-packages/airflow/example_dags/example_kubernetes_executor.py
[2023-01-15T13:47:44.350+0000] {logging_mixin.py:137} INFO - [2023-01-15T13:47:44.350+0000] {dag.py:2676} INFO - Sync 1 DAGs
[2023-01-15T13:47:44.476+0000] {logging_mixin.py:137} INFO - [2023-01-15T13:47:44.475+0000] {dag.py:3427} INFO - Setting next_dagrun for example_kubernetes_executor to None, run_after=None
[2023-01-15T13:47:44.519+0000] {processor.py:175} INFO - Processing /home/airflow/.local/lib/python3.7/site-packages/airflow/example_dags/example_kubernetes_executor.py took 0.772 seconds
[2023-01-15T13:48:15.025+0000] {processor.py:153} INFO - Started process (PID=441) to work on /home/airflow/.local/lib/python3.7/site-packages/airflow/example_dags/example_kubernetes_executor.py
[2023-01-15T13:48:15.035+0000] {processor.py:743} INFO - Processing file /home/airflow/.local/lib/python3.7/site-packages/airflow/example_dags/example_kubernetes_executor.py for tasks to queue
[2023-01-15T13:48:15.042+0000] {logging_mixin.py:137} INFO - [2023-01-15T13:48:15.042+0000] {dagbag.py:538} INFO - Filling up the DagBag from /home/airflow/.local/lib/python3.7/site-packages/airflow/example_dags/example_kubernetes_executor.py
[2023-01-15T13:48:15.286+0000] {processor.py:753} INFO - DAG(s) dict_keys(['example_kubernetes_executor']) retrieved from /home/airflow/.local/lib/python3.7/site-packages/airflow/example_dags/example_kubernetes_executor.py
[2023-01-15T13:48:15.438+0000] {logging_mixin.py:137} INFO - [2023-01-15T13:48:15.438+0000] {dag.py:2676} INFO - Sync 1 DAGs
[2023-01-15T13:48:15.547+0000] {logging_mixin.py:137} INFO - [2023-01-15T13:48:15.547+0000] {dag.py:3427} INFO - Setting next_dagrun for example_kubernetes_executor to None, run_after=None
[2023-01-15T13:48:15.720+0000] {processor.py:175} INFO - Processing /home/airflow/.local/lib/python3.7/site-packages/airflow/example_dags/example_kubernetes_executor.py took 0.720 seconds
[2023-01-15T13:48:45.901+0000] {processor.py:153} INFO - Started process (PID=495) to work on /home/airflow/.local/lib/python3.7/site-packages/airflow/example_dags/example_kubernetes_executor.py
[2023-01-15T13:48:45.903+0000] {processor.py:743} INFO - Processing file /home/airflow/.local/lib/python3.7/site-packages/airflow/example_dags/example_kubernetes_executor.py for tasks to queue
[2023-01-15T13:48:45.905+0000] {logging_mixin.py:137} INFO - [2023-01-15T13:48:45.905+0000] {dagbag.py:538} INFO - Filling up the DagBag from /home/airflow/.local/lib/python3.7/site-packages/airflow/example_dags/example_kubernetes_executor.py
[2023-01-15T13:48:45.938+0000] {processor.py:753} INFO - DAG(s) dict_keys(['example_kubernetes_executor']) retrieved from /home/airflow/.local/lib/python3.7/site-packages/airflow/example_dags/example_kubernetes_executor.py
[2023-01-15T13:48:45.990+0000] {logging_mixin.py:137} INFO - [2023-01-15T13:48:45.990+0000] {dag.py:2676} INFO - Sync 1 DAGs
[2023-01-15T13:48:46.020+0000] {logging_mixin.py:137} INFO - [2023-01-15T13:48:46.020+0000] {dag.py:3427} INFO - Setting next_dagrun for example_kubernetes_executor to None, run_after=None
[2023-01-15T13:48:46.056+0000] {processor.py:175} INFO - Processing /home/airflow/.local/lib/python3.7/site-packages/airflow/example_dags/example_kubernetes_executor.py took 0.160 seconds
[2023-01-15T13:49:16.718+0000] {processor.py:153} INFO - Started process (PID=551) to work on /home/airflow/.local/lib/python3.7/site-packages/airflow/example_dags/example_kubernetes_executor.py
[2023-01-15T13:49:16.721+0000] {processor.py:743} INFO - Processing file /home/airflow/.local/lib/python3.7/site-packages/airflow/example_dags/example_kubernetes_executor.py for tasks to queue
[2023-01-15T13:49:16.727+0000] {logging_mixin.py:137} INFO - [2023-01-15T13:49:16.727+0000] {dagbag.py:538} INFO - Filling up the DagBag from /home/airflow/.local/lib/python3.7/site-packages/airflow/example_dags/example_kubernetes_executor.py
[2023-01-15T13:49:16.800+0000] {processor.py:753} INFO - DAG(s) dict_keys(['example_kubernetes_executor']) retrieved from /home/airflow/.local/lib/python3.7/site-packages/airflow/example_dags/example_kubernetes_executor.py
[2023-01-15T13:49:16.907+0000] {logging_mixin.py:137} INFO - [2023-01-15T13:49:16.907+0000] {dag.py:2676} INFO - Sync 1 DAGs
[2023-01-15T13:49:16.961+0000] {logging_mixin.py:137} INFO - [2023-01-15T13:49:16.961+0000] {dag.py:3427} INFO - Setting next_dagrun for example_kubernetes_executor to None, run_after=None
[2023-01-15T13:49:17.005+0000] {processor.py:175} INFO - Processing /home/airflow/.local/lib/python3.7/site-packages/airflow/example_dags/example_kubernetes_executor.py took 0.295 seconds
[2023-01-15T13:49:47.644+0000] {processor.py:153} INFO - Started process (PID=607) to work on /home/airflow/.local/lib/python3.7/site-packages/airflow/example_dags/example_kubernetes_executor.py
[2023-01-15T13:49:47.651+0000] {processor.py:743} INFO - Processing file /home/airflow/.local/lib/python3.7/site-packages/airflow/example_dags/example_kubernetes_executor.py for tasks to queue
[2023-01-15T13:49:47.667+0000] {logging_mixin.py:137} INFO - [2023-01-15T13:49:47.666+0000] {dagbag.py:538} INFO - Filling up the DagBag from /home/airflow/.local/lib/python3.7/site-packages/airflow/example_dags/example_kubernetes_executor.py
[2023-01-15T13:49:47.889+0000] {processor.py:753} INFO - DAG(s) dict_keys(['example_kubernetes_executor']) retrieved from /home/airflow/.local/lib/python3.7/site-packages/airflow/example_dags/example_kubernetes_executor.py
[2023-01-15T13:49:48.577+0000] {logging_mixin.py:137} INFO - [2023-01-15T13:49:48.577+0000] {dag.py:2676} INFO - Sync 1 DAGs
[2023-01-15T13:49:48.729+0000] {logging_mixin.py:137} INFO - [2023-01-15T13:49:48.729+0000] {dag.py:3427} INFO - Setting next_dagrun for example_kubernetes_executor to None, run_after=None
[2023-01-15T13:49:48.807+0000] {processor.py:175} INFO - Processing /home/airflow/.local/lib/python3.7/site-packages/airflow/example_dags/example_kubernetes_executor.py took 1.177 seconds
[2023-01-15T13:50:20.242+0000] {processor.py:153} INFO - Started process (PID=663) to work on /home/airflow/.local/lib/python3.7/site-packages/airflow/example_dags/example_kubernetes_executor.py
[2023-01-15T13:50:20.250+0000] {processor.py:743} INFO - Processing file /home/airflow/.local/lib/python3.7/site-packages/airflow/example_dags/example_kubernetes_executor.py for tasks to queue
[2023-01-15T13:50:20.271+0000] {logging_mixin.py:137} INFO - [2023-01-15T13:50:20.271+0000] {dagbag.py:538} INFO - Filling up the DagBag from /home/airflow/.local/lib/python3.7/site-packages/airflow/example_dags/example_kubernetes_executor.py
[2023-01-15T13:50:20.605+0000] {processor.py:753} INFO - DAG(s) dict_keys(['example_kubernetes_executor']) retrieved from /home/airflow/.local/lib/python3.7/site-packages/airflow/example_dags/example_kubernetes_executor.py
[2023-01-15T13:50:20.993+0000] {logging_mixin.py:137} INFO - [2023-01-15T13:50:20.992+0000] {dag.py:2676} INFO - Sync 1 DAGs
[2023-01-15T13:50:21.168+0000] {logging_mixin.py:137} INFO - [2023-01-15T13:50:21.168+0000] {dag.py:3427} INFO - Setting next_dagrun for example_kubernetes_executor to None, run_after=None
[2023-01-15T13:50:21.312+0000] {processor.py:175} INFO - Processing /home/airflow/.local/lib/python3.7/site-packages/airflow/example_dags/example_kubernetes_executor.py took 1.113 seconds
[2023-01-15T13:50:51.494+0000] {processor.py:153} INFO - Started process (PID=719) to work on /home/airflow/.local/lib/python3.7/site-packages/airflow/example_dags/example_kubernetes_executor.py
[2023-01-15T13:50:51.504+0000] {processor.py:743} INFO - Processing file /home/airflow/.local/lib/python3.7/site-packages/airflow/example_dags/example_kubernetes_executor.py for tasks to queue
[2023-01-15T13:50:51.509+0000] {logging_mixin.py:137} INFO - [2023-01-15T13:50:51.509+0000] {dagbag.py:538} INFO - Filling up the DagBag from /home/airflow/.local/lib/python3.7/site-packages/airflow/example_dags/example_kubernetes_executor.py
[2023-01-15T13:50:51.636+0000] {processor.py:753} INFO - DAG(s) dict_keys(['example_kubernetes_executor']) retrieved from /home/airflow/.local/lib/python3.7/site-packages/airflow/example_dags/example_kubernetes_executor.py
[2023-01-15T13:50:51.817+0000] {logging_mixin.py:137} INFO - [2023-01-15T13:50:51.815+0000] {dag.py:2676} INFO - Sync 1 DAGs
[2023-01-15T13:50:52.014+0000] {logging_mixin.py:137} INFO - [2023-01-15T13:50:52.013+0000] {dag.py:3427} INFO - Setting next_dagrun for example_kubernetes_executor to None, run_after=None
[2023-01-15T13:50:52.165+0000] {processor.py:175} INFO - Processing /home/airflow/.local/lib/python3.7/site-packages/airflow/example_dags/example_kubernetes_executor.py took 0.686 seconds
[2023-01-15T13:51:22.699+0000] {processor.py:153} INFO - Started process (PID=774) to work on /home/airflow/.local/lib/python3.7/site-packages/airflow/example_dags/example_kubernetes_executor.py
[2023-01-15T13:51:22.727+0000] {processor.py:743} INFO - Processing file /home/airflow/.local/lib/python3.7/site-packages/airflow/example_dags/example_kubernetes_executor.py for tasks to queue
[2023-01-15T13:51:22.747+0000] {logging_mixin.py:137} INFO - [2023-01-15T13:51:22.747+0000] {dagbag.py:538} INFO - Filling up the DagBag from /home/airflow/.local/lib/python3.7/site-packages/airflow/example_dags/example_kubernetes_executor.py
[2023-01-15T13:51:22.959+0000] {processor.py:753} INFO - DAG(s) dict_keys(['example_kubernetes_executor']) retrieved from /home/airflow/.local/lib/python3.7/site-packages/airflow/example_dags/example_kubernetes_executor.py
[2023-01-15T13:51:23.305+0000] {logging_mixin.py:137} INFO - [2023-01-15T13:51:23.304+0000] {dag.py:2676} INFO - Sync 1 DAGs
[2023-01-15T13:51:23.555+0000] {logging_mixin.py:137} INFO - [2023-01-15T13:51:23.555+0000] {dag.py:3427} INFO - Setting next_dagrun for example_kubernetes_executor to None, run_after=None
[2023-01-15T13:51:23.745+0000] {processor.py:175} INFO - Processing /home/airflow/.local/lib/python3.7/site-packages/airflow/example_dags/example_kubernetes_executor.py took 1.056 seconds
[2023-01-15T13:51:55.130+0000] {processor.py:153} INFO - Started process (PID=830) to work on /home/airflow/.local/lib/python3.7/site-packages/airflow/example_dags/example_kubernetes_executor.py
[2023-01-15T13:51:55.136+0000] {processor.py:743} INFO - Processing file /home/airflow/.local/lib/python3.7/site-packages/airflow/example_dags/example_kubernetes_executor.py for tasks to queue
[2023-01-15T13:51:55.147+0000] {logging_mixin.py:137} INFO - [2023-01-15T13:51:55.146+0000] {dagbag.py:538} INFO - Filling up the DagBag from /home/airflow/.local/lib/python3.7/site-packages/airflow/example_dags/example_kubernetes_executor.py
[2023-01-15T13:51:55.359+0000] {processor.py:753} INFO - DAG(s) dict_keys(['example_kubernetes_executor']) retrieved from /home/airflow/.local/lib/python3.7/site-packages/airflow/example_dags/example_kubernetes_executor.py
[2023-01-15T13:51:55.554+0000] {logging_mixin.py:137} INFO - [2023-01-15T13:51:55.551+0000] {dag.py:2676} INFO - Sync 1 DAGs
[2023-01-15T13:51:55.649+0000] {logging_mixin.py:137} INFO - [2023-01-15T13:51:55.649+0000] {dag.py:3427} INFO - Setting next_dagrun for example_kubernetes_executor to None, run_after=None
[2023-01-15T13:51:55.726+0000] {processor.py:175} INFO - Processing /home/airflow/.local/lib/python3.7/site-packages/airflow/example_dags/example_kubernetes_executor.py took 0.630 seconds
[2023-01-15T13:52:28.131+0000] {processor.py:153} INFO - Started process (PID=877) to work on /home/airflow/.local/lib/python3.7/site-packages/airflow/example_dags/example_kubernetes_executor.py
[2023-01-15T13:52:28.152+0000] {processor.py:743} INFO - Processing file /home/airflow/.local/lib/python3.7/site-packages/airflow/example_dags/example_kubernetes_executor.py for tasks to queue
[2023-01-15T13:52:28.174+0000] {logging_mixin.py:137} INFO - [2023-01-15T13:52:28.173+0000] {dagbag.py:538} INFO - Filling up the DagBag from /home/airflow/.local/lib/python3.7/site-packages/airflow/example_dags/example_kubernetes_executor.py
[2023-01-15T13:52:28.439+0000] {processor.py:753} INFO - DAG(s) dict_keys(['example_kubernetes_executor']) retrieved from /home/airflow/.local/lib/python3.7/site-packages/airflow/example_dags/example_kubernetes_executor.py
[2023-01-15T13:52:28.805+0000] {logging_mixin.py:137} INFO - [2023-01-15T13:52:28.805+0000] {dag.py:2676} INFO - Sync 1 DAGs
[2023-01-15T13:52:29.056+0000] {logging_mixin.py:137} INFO - [2023-01-15T13:52:29.056+0000] {dag.py:3427} INFO - Setting next_dagrun for example_kubernetes_executor to None, run_after=None
[2023-01-15T13:52:29.215+0000] {processor.py:175} INFO - Processing /home/airflow/.local/lib/python3.7/site-packages/airflow/example_dags/example_kubernetes_executor.py took 1.127 seconds
[2023-01-15T13:52:59.461+0000] {processor.py:153} INFO - Started process (PID=933) to work on /home/airflow/.local/lib/python3.7/site-packages/airflow/example_dags/example_kubernetes_executor.py
[2023-01-15T13:52:59.470+0000] {processor.py:743} INFO - Processing file /home/airflow/.local/lib/python3.7/site-packages/airflow/example_dags/example_kubernetes_executor.py for tasks to queue
[2023-01-15T13:52:59.473+0000] {logging_mixin.py:137} INFO - [2023-01-15T13:52:59.473+0000] {dagbag.py:538} INFO - Filling up the DagBag from /home/airflow/.local/lib/python3.7/site-packages/airflow/example_dags/example_kubernetes_executor.py
[2023-01-15T13:52:59.552+0000] {processor.py:753} INFO - DAG(s) dict_keys(['example_kubernetes_executor']) retrieved from /home/airflow/.local/lib/python3.7/site-packages/airflow/example_dags/example_kubernetes_executor.py
[2023-01-15T13:52:59.700+0000] {logging_mixin.py:137} INFO - [2023-01-15T13:52:59.700+0000] {dag.py:2676} INFO - Sync 1 DAGs
[2023-01-15T13:52:59.797+0000] {logging_mixin.py:137} INFO - [2023-01-15T13:52:59.794+0000] {dag.py:3427} INFO - Setting next_dagrun for example_kubernetes_executor to None, run_after=None
[2023-01-15T13:52:59.903+0000] {processor.py:175} INFO - Processing /home/airflow/.local/lib/python3.7/site-packages/airflow/example_dags/example_kubernetes_executor.py took 0.453 seconds
