[2023-01-15T12:59:45.397+0000] {processor.py:153} INFO - Started process (PID=96) to work on /home/airflow/.local/lib/python3.7/site-packages/airflow/example_dags/example_branch_datetime_operator.py
[2023-01-15T12:59:45.413+0000] {processor.py:743} INFO - Processing file /home/airflow/.local/lib/python3.7/site-packages/airflow/example_dags/example_branch_datetime_operator.py for tasks to queue
[2023-01-15T12:59:45.423+0000] {logging_mixin.py:137} INFO - [2023-01-15T12:59:45.423+0000] {dagbag.py:538} INFO - Filling up the DagBag from /home/airflow/.local/lib/python3.7/site-packages/airflow/example_dags/example_branch_datetime_operator.py
[2023-01-15T12:59:45.936+0000] {processor.py:753} INFO - DAG(s) dict_keys(['example_branch_datetime_operator', 'example_branch_datetime_operator_3', 'example_branch_datetime_operator_2']) retrieved from /home/airflow/.local/lib/python3.7/site-packages/airflow/example_dags/example_branch_datetime_operator.py
[2023-01-15T12:59:47.428+0000] {logging_mixin.py:137} INFO - [2023-01-15T12:59:47.428+0000] {manager.py:504} INFO - Created Permission View: can read on DAG:example_branch_datetime_operator
[2023-01-15T12:59:47.489+0000] {logging_mixin.py:137} INFO - [2023-01-15T12:59:47.489+0000] {manager.py:504} INFO - Created Permission View: can edit on DAG:example_branch_datetime_operator
[2023-01-15T12:59:47.597+0000] {logging_mixin.py:137} INFO - [2023-01-15T12:59:47.597+0000] {manager.py:504} INFO - Created Permission View: can delete on DAG:example_branch_datetime_operator
[2023-01-15T12:59:47.700+0000] {logging_mixin.py:137} INFO - [2023-01-15T12:59:47.700+0000] {manager.py:504} INFO - Created Permission View: can read on DAG:example_branch_datetime_operator_3
[2023-01-15T12:59:47.748+0000] {logging_mixin.py:137} INFO - [2023-01-15T12:59:47.748+0000] {manager.py:504} INFO - Created Permission View: can edit on DAG:example_branch_datetime_operator_3
[2023-01-15T12:59:47.839+0000] {logging_mixin.py:137} INFO - [2023-01-15T12:59:47.838+0000] {manager.py:504} INFO - Created Permission View: can delete on DAG:example_branch_datetime_operator_3
[2023-01-15T12:59:47.939+0000] {logging_mixin.py:137} INFO - [2023-01-15T12:59:47.938+0000] {manager.py:504} INFO - Created Permission View: can read on DAG:example_branch_datetime_operator_2
[2023-01-15T12:59:48.010+0000] {logging_mixin.py:137} INFO - [2023-01-15T12:59:48.010+0000] {manager.py:504} INFO - Created Permission View: can edit on DAG:example_branch_datetime_operator_2
[2023-01-15T12:59:48.089+0000] {logging_mixin.py:137} INFO - [2023-01-15T12:59:48.089+0000] {manager.py:504} INFO - Created Permission View: can delete on DAG:example_branch_datetime_operator_2
[2023-01-15T12:59:48.091+0000] {logging_mixin.py:137} INFO - [2023-01-15T12:59:48.091+0000] {dag.py:2676} INFO - Sync 3 DAGs
[2023-01-15T12:59:48.200+0000] {logging_mixin.py:137} INFO - [2023-01-15T12:59:48.200+0000] {dag.py:2697} INFO - Creating ORM DAG for example_branch_datetime_operator_3
[2023-01-15T12:59:48.205+0000] {logging_mixin.py:137} INFO - [2023-01-15T12:59:48.205+0000] {dag.py:2697} INFO - Creating ORM DAG for example_branch_datetime_operator_2
[2023-01-15T12:59:48.208+0000] {logging_mixin.py:137} INFO - [2023-01-15T12:59:48.208+0000] {dag.py:2697} INFO - Creating ORM DAG for example_branch_datetime_operator
[2023-01-15T12:59:48.240+0000] {logging_mixin.py:137} INFO - [2023-01-15T12:59:48.240+0000] {dag.py:3427} INFO - Setting next_dagrun for example_branch_datetime_operator to 2023-01-14T00:00:00+00:00, run_after=2023-01-15T00:00:00+00:00
[2023-01-15T12:59:48.247+0000] {logging_mixin.py:137} INFO - [2023-01-15T12:59:48.245+0000] {dag.py:3427} INFO - Setting next_dagrun for example_branch_datetime_operator_2 to 2023-01-14T00:00:00+00:00, run_after=2023-01-15T00:00:00+00:00
[2023-01-15T12:59:48.249+0000] {logging_mixin.py:137} INFO - [2023-01-15T12:59:48.249+0000] {dag.py:3427} INFO - Setting next_dagrun for example_branch_datetime_operator_3 to 2023-01-14T00:00:00+00:00, run_after=2023-01-15T00:00:00+00:00
[2023-01-15T12:59:48.329+0000] {processor.py:175} INFO - Processing /home/airflow/.local/lib/python3.7/site-packages/airflow/example_dags/example_branch_datetime_operator.py took 2.988 seconds
[2023-01-15T13:00:18.906+0000] {processor.py:153} INFO - Started process (PID=145) to work on /home/airflow/.local/lib/python3.7/site-packages/airflow/example_dags/example_branch_datetime_operator.py
[2023-01-15T13:00:18.914+0000] {processor.py:743} INFO - Processing file /home/airflow/.local/lib/python3.7/site-packages/airflow/example_dags/example_branch_datetime_operator.py for tasks to queue
[2023-01-15T13:00:18.920+0000] {logging_mixin.py:137} INFO - [2023-01-15T13:00:18.920+0000] {dagbag.py:538} INFO - Filling up the DagBag from /home/airflow/.local/lib/python3.7/site-packages/airflow/example_dags/example_branch_datetime_operator.py
[2023-01-15T13:00:18.965+0000] {processor.py:753} INFO - DAG(s) dict_keys(['example_branch_datetime_operator_2', 'example_branch_datetime_operator', 'example_branch_datetime_operator_3']) retrieved from /home/airflow/.local/lib/python3.7/site-packages/airflow/example_dags/example_branch_datetime_operator.py
[2023-01-15T13:00:19.084+0000] {logging_mixin.py:137} INFO - [2023-01-15T13:00:19.084+0000] {dag.py:2676} INFO - Sync 3 DAGs
[2023-01-15T13:00:19.149+0000] {logging_mixin.py:137} INFO - [2023-01-15T13:00:19.148+0000] {dag.py:3427} INFO - Setting next_dagrun for example_branch_datetime_operator to 2023-01-14T00:00:00+00:00, run_after=2023-01-15T00:00:00+00:00
[2023-01-15T13:00:19.159+0000] {logging_mixin.py:137} INFO - [2023-01-15T13:00:19.158+0000] {dag.py:3427} INFO - Setting next_dagrun for example_branch_datetime_operator_2 to 2023-01-14T00:00:00+00:00, run_after=2023-01-15T00:00:00+00:00
[2023-01-15T13:00:19.163+0000] {logging_mixin.py:137} INFO - [2023-01-15T13:00:19.163+0000] {dag.py:3427} INFO - Setting next_dagrun for example_branch_datetime_operator_3 to 2023-01-14T00:00:00+00:00, run_after=2023-01-15T00:00:00+00:00
[2023-01-15T13:00:19.211+0000] {processor.py:175} INFO - Processing /home/airflow/.local/lib/python3.7/site-packages/airflow/example_dags/example_branch_datetime_operator.py took 0.312 seconds
[2023-01-15T13:00:49.623+0000] {processor.py:153} INFO - Started process (PID=211) to work on /home/airflow/.local/lib/python3.7/site-packages/airflow/example_dags/example_branch_datetime_operator.py
[2023-01-15T13:00:49.628+0000] {processor.py:743} INFO - Processing file /home/airflow/.local/lib/python3.7/site-packages/airflow/example_dags/example_branch_datetime_operator.py for tasks to queue
[2023-01-15T13:00:49.630+0000] {logging_mixin.py:137} INFO - [2023-01-15T13:00:49.629+0000] {dagbag.py:538} INFO - Filling up the DagBag from /home/airflow/.local/lib/python3.7/site-packages/airflow/example_dags/example_branch_datetime_operator.py
[2023-01-15T13:00:49.674+0000] {processor.py:753} INFO - DAG(s) dict_keys(['example_branch_datetime_operator_3', 'example_branch_datetime_operator', 'example_branch_datetime_operator_2']) retrieved from /home/airflow/.local/lib/python3.7/site-packages/airflow/example_dags/example_branch_datetime_operator.py
[2023-01-15T13:00:49.772+0000] {logging_mixin.py:137} INFO - [2023-01-15T13:00:49.772+0000] {dag.py:2676} INFO - Sync 3 DAGs
[2023-01-15T13:00:49.833+0000] {logging_mixin.py:137} INFO - [2023-01-15T13:00:49.832+0000] {dag.py:3427} INFO - Setting next_dagrun for example_branch_datetime_operator to 2023-01-14T00:00:00+00:00, run_after=2023-01-15T00:00:00+00:00
[2023-01-15T13:00:49.843+0000] {logging_mixin.py:137} INFO - [2023-01-15T13:00:49.843+0000] {dag.py:3427} INFO - Setting next_dagrun for example_branch_datetime_operator_2 to 2023-01-14T00:00:00+00:00, run_after=2023-01-15T00:00:00+00:00
[2023-01-15T13:00:49.852+0000] {logging_mixin.py:137} INFO - [2023-01-15T13:00:49.851+0000] {dag.py:3427} INFO - Setting next_dagrun for example_branch_datetime_operator_3 to 2023-01-14T00:00:00+00:00, run_after=2023-01-15T00:00:00+00:00
[2023-01-15T13:00:49.923+0000] {processor.py:175} INFO - Processing /home/airflow/.local/lib/python3.7/site-packages/airflow/example_dags/example_branch_datetime_operator.py took 0.310 seconds
[2023-01-15T13:01:20.262+0000] {processor.py:153} INFO - Started process (PID=266) to work on /home/airflow/.local/lib/python3.7/site-packages/airflow/example_dags/example_branch_datetime_operator.py
[2023-01-15T13:01:20.265+0000] {processor.py:743} INFO - Processing file /home/airflow/.local/lib/python3.7/site-packages/airflow/example_dags/example_branch_datetime_operator.py for tasks to queue
[2023-01-15T13:01:20.267+0000] {logging_mixin.py:137} INFO - [2023-01-15T13:01:20.266+0000] {dagbag.py:538} INFO - Filling up the DagBag from /home/airflow/.local/lib/python3.7/site-packages/airflow/example_dags/example_branch_datetime_operator.py
[2023-01-15T13:01:20.312+0000] {processor.py:753} INFO - DAG(s) dict_keys(['example_branch_datetime_operator_2', 'example_branch_datetime_operator', 'example_branch_datetime_operator_3']) retrieved from /home/airflow/.local/lib/python3.7/site-packages/airflow/example_dags/example_branch_datetime_operator.py
[2023-01-15T13:01:20.412+0000] {logging_mixin.py:137} INFO - [2023-01-15T13:01:20.412+0000] {dag.py:2676} INFO - Sync 3 DAGs
[2023-01-15T13:01:20.487+0000] {logging_mixin.py:137} INFO - [2023-01-15T13:01:20.487+0000] {dag.py:3427} INFO - Setting next_dagrun for example_branch_datetime_operator to 2023-01-14T00:00:00+00:00, run_after=2023-01-15T00:00:00+00:00
[2023-01-15T13:01:20.497+0000] {logging_mixin.py:137} INFO - [2023-01-15T13:01:20.496+0000] {dag.py:3427} INFO - Setting next_dagrun for example_branch_datetime_operator_2 to 2023-01-14T00:00:00+00:00, run_after=2023-01-15T00:00:00+00:00
[2023-01-15T13:01:20.502+0000] {logging_mixin.py:137} INFO - [2023-01-15T13:01:20.502+0000] {dag.py:3427} INFO - Setting next_dagrun for example_branch_datetime_operator_3 to 2023-01-14T00:00:00+00:00, run_after=2023-01-15T00:00:00+00:00
[2023-01-15T13:01:20.586+0000] {processor.py:175} INFO - Processing /home/airflow/.local/lib/python3.7/site-packages/airflow/example_dags/example_branch_datetime_operator.py took 0.332 seconds
[2023-01-15T13:01:51.546+0000] {processor.py:153} INFO - Started process (PID=321) to work on /home/airflow/.local/lib/python3.7/site-packages/airflow/example_dags/example_branch_datetime_operator.py
[2023-01-15T13:01:51.550+0000] {processor.py:743} INFO - Processing file /home/airflow/.local/lib/python3.7/site-packages/airflow/example_dags/example_branch_datetime_operator.py for tasks to queue
[2023-01-15T13:01:51.552+0000] {logging_mixin.py:137} INFO - [2023-01-15T13:01:51.552+0000] {dagbag.py:538} INFO - Filling up the DagBag from /home/airflow/.local/lib/python3.7/site-packages/airflow/example_dags/example_branch_datetime_operator.py
[2023-01-15T13:01:51.597+0000] {processor.py:753} INFO - DAG(s) dict_keys(['example_branch_datetime_operator_3', 'example_branch_datetime_operator_2', 'example_branch_datetime_operator']) retrieved from /home/airflow/.local/lib/python3.7/site-packages/airflow/example_dags/example_branch_datetime_operator.py
[2023-01-15T13:01:51.702+0000] {logging_mixin.py:137} INFO - [2023-01-15T13:01:51.702+0000] {dag.py:2676} INFO - Sync 3 DAGs
[2023-01-15T13:01:51.833+0000] {logging_mixin.py:137} INFO - [2023-01-15T13:01:51.832+0000] {dag.py:3427} INFO - Setting next_dagrun for example_branch_datetime_operator to 2023-01-14T00:00:00+00:00, run_after=2023-01-15T00:00:00+00:00
[2023-01-15T13:01:51.858+0000] {logging_mixin.py:137} INFO - [2023-01-15T13:01:51.858+0000] {dag.py:3427} INFO - Setting next_dagrun for example_branch_datetime_operator_2 to 2023-01-14T00:00:00+00:00, run_after=2023-01-15T00:00:00+00:00
[2023-01-15T13:01:51.871+0000] {logging_mixin.py:137} INFO - [2023-01-15T13:01:51.871+0000] {dag.py:3427} INFO - Setting next_dagrun for example_branch_datetime_operator_3 to 2023-01-14T00:00:00+00:00, run_after=2023-01-15T00:00:00+00:00
[2023-01-15T13:01:51.988+0000] {processor.py:175} INFO - Processing /home/airflow/.local/lib/python3.7/site-packages/airflow/example_dags/example_branch_datetime_operator.py took 0.451 seconds
[2023-01-15T13:02:22.506+0000] {processor.py:153} INFO - Started process (PID=376) to work on /home/airflow/.local/lib/python3.7/site-packages/airflow/example_dags/example_branch_datetime_operator.py
[2023-01-15T13:02:22.514+0000] {processor.py:743} INFO - Processing file /home/airflow/.local/lib/python3.7/site-packages/airflow/example_dags/example_branch_datetime_operator.py for tasks to queue
[2023-01-15T13:02:22.515+0000] {logging_mixin.py:137} INFO - [2023-01-15T13:02:22.515+0000] {dagbag.py:538} INFO - Filling up the DagBag from /home/airflow/.local/lib/python3.7/site-packages/airflow/example_dags/example_branch_datetime_operator.py
[2023-01-15T13:02:22.569+0000] {processor.py:753} INFO - DAG(s) dict_keys(['example_branch_datetime_operator_2', 'example_branch_datetime_operator', 'example_branch_datetime_operator_3']) retrieved from /home/airflow/.local/lib/python3.7/site-packages/airflow/example_dags/example_branch_datetime_operator.py
[2023-01-15T13:02:22.675+0000] {logging_mixin.py:137} INFO - [2023-01-15T13:02:22.675+0000] {dag.py:2676} INFO - Sync 3 DAGs
[2023-01-15T13:02:22.736+0000] {logging_mixin.py:137} INFO - [2023-01-15T13:02:22.736+0000] {dag.py:3427} INFO - Setting next_dagrun for example_branch_datetime_operator to 2023-01-14T00:00:00+00:00, run_after=2023-01-15T00:00:00+00:00
[2023-01-15T13:02:22.753+0000] {logging_mixin.py:137} INFO - [2023-01-15T13:02:22.753+0000] {dag.py:3427} INFO - Setting next_dagrun for example_branch_datetime_operator_2 to 2023-01-14T00:00:00+00:00, run_after=2023-01-15T00:00:00+00:00
[2023-01-15T13:02:22.760+0000] {logging_mixin.py:137} INFO - [2023-01-15T13:02:22.759+0000] {dag.py:3427} INFO - Setting next_dagrun for example_branch_datetime_operator_3 to 2023-01-14T00:00:00+00:00, run_after=2023-01-15T00:00:00+00:00
[2023-01-15T13:02:22.827+0000] {processor.py:175} INFO - Processing /home/airflow/.local/lib/python3.7/site-packages/airflow/example_dags/example_branch_datetime_operator.py took 0.329 seconds
[2023-01-15T13:02:53.465+0000] {processor.py:153} INFO - Started process (PID=431) to work on /home/airflow/.local/lib/python3.7/site-packages/airflow/example_dags/example_branch_datetime_operator.py
[2023-01-15T13:02:53.473+0000] {processor.py:743} INFO - Processing file /home/airflow/.local/lib/python3.7/site-packages/airflow/example_dags/example_branch_datetime_operator.py for tasks to queue
[2023-01-15T13:02:53.482+0000] {logging_mixin.py:137} INFO - [2023-01-15T13:02:53.478+0000] {dagbag.py:538} INFO - Filling up the DagBag from /home/airflow/.local/lib/python3.7/site-packages/airflow/example_dags/example_branch_datetime_operator.py
[2023-01-15T13:02:53.636+0000] {processor.py:753} INFO - DAG(s) dict_keys(['example_branch_datetime_operator_2', 'example_branch_datetime_operator_3', 'example_branch_datetime_operator']) retrieved from /home/airflow/.local/lib/python3.7/site-packages/airflow/example_dags/example_branch_datetime_operator.py
[2023-01-15T13:02:54.027+0000] {logging_mixin.py:137} INFO - [2023-01-15T13:02:54.022+0000] {dag.py:2676} INFO - Sync 3 DAGs
[2023-01-15T13:02:54.227+0000] {logging_mixin.py:137} INFO - [2023-01-15T13:02:54.227+0000] {dag.py:3427} INFO - Setting next_dagrun for example_branch_datetime_operator to 2023-01-14T00:00:00+00:00, run_after=2023-01-15T00:00:00+00:00
[2023-01-15T13:02:54.263+0000] {logging_mixin.py:137} INFO - [2023-01-15T13:02:54.263+0000] {dag.py:3427} INFO - Setting next_dagrun for example_branch_datetime_operator_2 to 2023-01-14T00:00:00+00:00, run_after=2023-01-15T00:00:00+00:00
[2023-01-15T13:02:54.277+0000] {logging_mixin.py:137} INFO - [2023-01-15T13:02:54.277+0000] {dag.py:3427} INFO - Setting next_dagrun for example_branch_datetime_operator_3 to 2023-01-14T00:00:00+00:00, run_after=2023-01-15T00:00:00+00:00
[2023-01-15T13:02:54.421+0000] {processor.py:175} INFO - Processing /home/airflow/.local/lib/python3.7/site-packages/airflow/example_dags/example_branch_datetime_operator.py took 0.982 seconds
[2023-01-15T13:03:24.622+0000] {processor.py:153} INFO - Started process (PID=487) to work on /home/airflow/.local/lib/python3.7/site-packages/airflow/example_dags/example_branch_datetime_operator.py
[2023-01-15T13:03:24.626+0000] {processor.py:743} INFO - Processing file /home/airflow/.local/lib/python3.7/site-packages/airflow/example_dags/example_branch_datetime_operator.py for tasks to queue
[2023-01-15T13:03:24.632+0000] {logging_mixin.py:137} INFO - [2023-01-15T13:03:24.632+0000] {dagbag.py:538} INFO - Filling up the DagBag from /home/airflow/.local/lib/python3.7/site-packages/airflow/example_dags/example_branch_datetime_operator.py
[2023-01-15T13:03:24.700+0000] {processor.py:753} INFO - DAG(s) dict_keys(['example_branch_datetime_operator_2', 'example_branch_datetime_operator_3', 'example_branch_datetime_operator']) retrieved from /home/airflow/.local/lib/python3.7/site-packages/airflow/example_dags/example_branch_datetime_operator.py
[2023-01-15T13:03:24.859+0000] {logging_mixin.py:137} INFO - [2023-01-15T13:03:24.859+0000] {dag.py:2676} INFO - Sync 3 DAGs
[2023-01-15T13:03:24.969+0000] {logging_mixin.py:137} INFO - [2023-01-15T13:03:24.969+0000] {dag.py:3427} INFO - Setting next_dagrun for example_branch_datetime_operator to 2023-01-14T00:00:00+00:00, run_after=2023-01-15T00:00:00+00:00
[2023-01-15T13:03:24.988+0000] {logging_mixin.py:137} INFO - [2023-01-15T13:03:24.987+0000] {dag.py:3427} INFO - Setting next_dagrun for example_branch_datetime_operator_2 to 2023-01-14T00:00:00+00:00, run_after=2023-01-15T00:00:00+00:00
[2023-01-15T13:03:25.001+0000] {logging_mixin.py:137} INFO - [2023-01-15T13:03:24.996+0000] {dag.py:3427} INFO - Setting next_dagrun for example_branch_datetime_operator_3 to 2023-01-14T00:00:00+00:00, run_after=2023-01-15T00:00:00+00:00
[2023-01-15T13:03:25.065+0000] {processor.py:175} INFO - Processing /home/airflow/.local/lib/python3.7/site-packages/airflow/example_dags/example_branch_datetime_operator.py took 0.458 seconds
[2023-01-15T13:03:55.293+0000] {processor.py:153} INFO - Started process (PID=544) to work on /home/airflow/.local/lib/python3.7/site-packages/airflow/example_dags/example_branch_datetime_operator.py
[2023-01-15T13:03:55.295+0000] {processor.py:743} INFO - Processing file /home/airflow/.local/lib/python3.7/site-packages/airflow/example_dags/example_branch_datetime_operator.py for tasks to queue
[2023-01-15T13:03:55.297+0000] {logging_mixin.py:137} INFO - [2023-01-15T13:03:55.296+0000] {dagbag.py:538} INFO - Filling up the DagBag from /home/airflow/.local/lib/python3.7/site-packages/airflow/example_dags/example_branch_datetime_operator.py
[2023-01-15T13:03:55.319+0000] {processor.py:753} INFO - DAG(s) dict_keys(['example_branch_datetime_operator', 'example_branch_datetime_operator_2', 'example_branch_datetime_operator_3']) retrieved from /home/airflow/.local/lib/python3.7/site-packages/airflow/example_dags/example_branch_datetime_operator.py
[2023-01-15T13:03:55.375+0000] {logging_mixin.py:137} INFO - [2023-01-15T13:03:55.375+0000] {dag.py:2676} INFO - Sync 3 DAGs
[2023-01-15T13:03:55.424+0000] {logging_mixin.py:137} INFO - [2023-01-15T13:03:55.424+0000] {dag.py:3427} INFO - Setting next_dagrun for example_branch_datetime_operator to 2023-01-14T00:00:00+00:00, run_after=2023-01-15T00:00:00+00:00
[2023-01-15T13:03:55.432+0000] {logging_mixin.py:137} INFO - [2023-01-15T13:03:55.432+0000] {dag.py:3427} INFO - Setting next_dagrun for example_branch_datetime_operator_2 to 2023-01-14T00:00:00+00:00, run_after=2023-01-15T00:00:00+00:00
[2023-01-15T13:03:55.436+0000] {logging_mixin.py:137} INFO - [2023-01-15T13:03:55.435+0000] {dag.py:3427} INFO - Setting next_dagrun for example_branch_datetime_operator_3 to 2023-01-14T00:00:00+00:00, run_after=2023-01-15T00:00:00+00:00
[2023-01-15T13:03:55.468+0000] {processor.py:175} INFO - Processing /home/airflow/.local/lib/python3.7/site-packages/airflow/example_dags/example_branch_datetime_operator.py took 0.179 seconds
[2023-01-15T13:04:25.678+0000] {processor.py:153} INFO - Started process (PID=599) to work on /home/airflow/.local/lib/python3.7/site-packages/airflow/example_dags/example_branch_datetime_operator.py
[2023-01-15T13:04:25.680+0000] {processor.py:743} INFO - Processing file /home/airflow/.local/lib/python3.7/site-packages/airflow/example_dags/example_branch_datetime_operator.py for tasks to queue
[2023-01-15T13:04:25.683+0000] {logging_mixin.py:137} INFO - [2023-01-15T13:04:25.683+0000] {dagbag.py:538} INFO - Filling up the DagBag from /home/airflow/.local/lib/python3.7/site-packages/airflow/example_dags/example_branch_datetime_operator.py
[2023-01-15T13:04:25.794+0000] {processor.py:753} INFO - DAG(s) dict_keys(['example_branch_datetime_operator', 'example_branch_datetime_operator_2', 'example_branch_datetime_operator_3']) retrieved from /home/airflow/.local/lib/python3.7/site-packages/airflow/example_dags/example_branch_datetime_operator.py
[2023-01-15T13:04:25.956+0000] {logging_mixin.py:137} INFO - [2023-01-15T13:04:25.956+0000] {dag.py:2676} INFO - Sync 3 DAGs
[2023-01-15T13:04:26.019+0000] {logging_mixin.py:137} INFO - [2023-01-15T13:04:26.019+0000] {dag.py:3427} INFO - Setting next_dagrun for example_branch_datetime_operator to 2023-01-14T00:00:00+00:00, run_after=2023-01-15T00:00:00+00:00
[2023-01-15T13:04:26.030+0000] {logging_mixin.py:137} INFO - [2023-01-15T13:04:26.030+0000] {dag.py:3427} INFO - Setting next_dagrun for example_branch_datetime_operator_2 to 2023-01-14T00:00:00+00:00, run_after=2023-01-15T00:00:00+00:00
[2023-01-15T13:04:26.038+0000] {logging_mixin.py:137} INFO - [2023-01-15T13:04:26.038+0000] {dag.py:3427} INFO - Setting next_dagrun for example_branch_datetime_operator_3 to 2023-01-14T00:00:00+00:00, run_after=2023-01-15T00:00:00+00:00
[2023-01-15T13:04:26.077+0000] {processor.py:175} INFO - Processing /home/airflow/.local/lib/python3.7/site-packages/airflow/example_dags/example_branch_datetime_operator.py took 0.408 seconds
[2023-01-15T13:04:56.221+0000] {processor.py:153} INFO - Started process (PID=655) to work on /home/airflow/.local/lib/python3.7/site-packages/airflow/example_dags/example_branch_datetime_operator.py
[2023-01-15T13:04:56.225+0000] {processor.py:743} INFO - Processing file /home/airflow/.local/lib/python3.7/site-packages/airflow/example_dags/example_branch_datetime_operator.py for tasks to queue
[2023-01-15T13:04:56.228+0000] {logging_mixin.py:137} INFO - [2023-01-15T13:04:56.228+0000] {dagbag.py:538} INFO - Filling up the DagBag from /home/airflow/.local/lib/python3.7/site-packages/airflow/example_dags/example_branch_datetime_operator.py
[2023-01-15T13:04:56.271+0000] {processor.py:753} INFO - DAG(s) dict_keys(['example_branch_datetime_operator_3', 'example_branch_datetime_operator_2', 'example_branch_datetime_operator']) retrieved from /home/airflow/.local/lib/python3.7/site-packages/airflow/example_dags/example_branch_datetime_operator.py
[2023-01-15T13:04:56.378+0000] {logging_mixin.py:137} INFO - [2023-01-15T13:04:56.378+0000] {dag.py:2676} INFO - Sync 3 DAGs
[2023-01-15T13:04:56.439+0000] {logging_mixin.py:137} INFO - [2023-01-15T13:04:56.439+0000] {dag.py:3427} INFO - Setting next_dagrun for example_branch_datetime_operator to 2023-01-14T00:00:00+00:00, run_after=2023-01-15T00:00:00+00:00
[2023-01-15T13:04:56.457+0000] {logging_mixin.py:137} INFO - [2023-01-15T13:04:56.457+0000] {dag.py:3427} INFO - Setting next_dagrun for example_branch_datetime_operator_2 to 2023-01-14T00:00:00+00:00, run_after=2023-01-15T00:00:00+00:00
[2023-01-15T13:04:56.464+0000] {logging_mixin.py:137} INFO - [2023-01-15T13:04:56.464+0000] {dag.py:3427} INFO - Setting next_dagrun for example_branch_datetime_operator_3 to 2023-01-14T00:00:00+00:00, run_after=2023-01-15T00:00:00+00:00
[2023-01-15T13:04:56.540+0000] {processor.py:175} INFO - Processing /home/airflow/.local/lib/python3.7/site-packages/airflow/example_dags/example_branch_datetime_operator.py took 0.326 seconds
[2023-01-15T13:05:26.772+0000] {processor.py:153} INFO - Started process (PID=718) to work on /home/airflow/.local/lib/python3.7/site-packages/airflow/example_dags/example_branch_datetime_operator.py
[2023-01-15T13:05:26.774+0000] {processor.py:743} INFO - Processing file /home/airflow/.local/lib/python3.7/site-packages/airflow/example_dags/example_branch_datetime_operator.py for tasks to queue
[2023-01-15T13:05:26.777+0000] {logging_mixin.py:137} INFO - [2023-01-15T13:05:26.777+0000] {dagbag.py:538} INFO - Filling up the DagBag from /home/airflow/.local/lib/python3.7/site-packages/airflow/example_dags/example_branch_datetime_operator.py
[2023-01-15T13:05:26.822+0000] {processor.py:753} INFO - DAG(s) dict_keys(['example_branch_datetime_operator_3', 'example_branch_datetime_operator', 'example_branch_datetime_operator_2']) retrieved from /home/airflow/.local/lib/python3.7/site-packages/airflow/example_dags/example_branch_datetime_operator.py
[2023-01-15T13:05:26.924+0000] {logging_mixin.py:137} INFO - [2023-01-15T13:05:26.924+0000] {dag.py:2676} INFO - Sync 3 DAGs
[2023-01-15T13:05:26.980+0000] {logging_mixin.py:137} INFO - [2023-01-15T13:05:26.980+0000] {dag.py:3427} INFO - Setting next_dagrun for example_branch_datetime_operator to 2023-01-14T00:00:00+00:00, run_after=2023-01-15T00:00:00+00:00
[2023-01-15T13:05:26.994+0000] {logging_mixin.py:137} INFO - [2023-01-15T13:05:26.994+0000] {dag.py:3427} INFO - Setting next_dagrun for example_branch_datetime_operator_2 to 2023-01-14T00:00:00+00:00, run_after=2023-01-15T00:00:00+00:00
[2023-01-15T13:05:27.001+0000] {logging_mixin.py:137} INFO - [2023-01-15T13:05:27.001+0000] {dag.py:3427} INFO - Setting next_dagrun for example_branch_datetime_operator_3 to 2023-01-14T00:00:00+00:00, run_after=2023-01-15T00:00:00+00:00
[2023-01-15T13:05:27.046+0000] {processor.py:175} INFO - Processing /home/airflow/.local/lib/python3.7/site-packages/airflow/example_dags/example_branch_datetime_operator.py took 0.281 seconds
[2023-01-15T13:05:57.163+0000] {processor.py:153} INFO - Started process (PID=772) to work on /home/airflow/.local/lib/python3.7/site-packages/airflow/example_dags/example_branch_datetime_operator.py
[2023-01-15T13:05:57.167+0000] {processor.py:743} INFO - Processing file /home/airflow/.local/lib/python3.7/site-packages/airflow/example_dags/example_branch_datetime_operator.py for tasks to queue
[2023-01-15T13:05:57.171+0000] {logging_mixin.py:137} INFO - [2023-01-15T13:05:57.171+0000] {dagbag.py:538} INFO - Filling up the DagBag from /home/airflow/.local/lib/python3.7/site-packages/airflow/example_dags/example_branch_datetime_operator.py
[2023-01-15T13:05:57.282+0000] {processor.py:753} INFO - DAG(s) dict_keys(['example_branch_datetime_operator_3', 'example_branch_datetime_operator', 'example_branch_datetime_operator_2']) retrieved from /home/airflow/.local/lib/python3.7/site-packages/airflow/example_dags/example_branch_datetime_operator.py
[2023-01-15T13:05:57.601+0000] {logging_mixin.py:137} INFO - [2023-01-15T13:05:57.601+0000] {dag.py:2676} INFO - Sync 3 DAGs
[2023-01-15T13:05:57.749+0000] {logging_mixin.py:137} INFO - [2023-01-15T13:05:57.749+0000] {dag.py:3427} INFO - Setting next_dagrun for example_branch_datetime_operator to 2023-01-14T00:00:00+00:00, run_after=2023-01-15T00:00:00+00:00
[2023-01-15T13:05:57.759+0000] {logging_mixin.py:137} INFO - [2023-01-15T13:05:57.759+0000] {dag.py:3427} INFO - Setting next_dagrun for example_branch_datetime_operator_2 to 2023-01-14T00:00:00+00:00, run_after=2023-01-15T00:00:00+00:00
[2023-01-15T13:05:57.765+0000] {logging_mixin.py:137} INFO - [2023-01-15T13:05:57.765+0000] {dag.py:3427} INFO - Setting next_dagrun for example_branch_datetime_operator_3 to 2023-01-14T00:00:00+00:00, run_after=2023-01-15T00:00:00+00:00
[2023-01-15T13:05:57.813+0000] {processor.py:175} INFO - Processing /home/airflow/.local/lib/python3.7/site-packages/airflow/example_dags/example_branch_datetime_operator.py took 0.669 seconds
[2023-01-15T13:06:28.662+0000] {processor.py:153} INFO - Started process (PID=825) to work on /home/airflow/.local/lib/python3.7/site-packages/airflow/example_dags/example_branch_datetime_operator.py
[2023-01-15T13:06:28.679+0000] {processor.py:743} INFO - Processing file /home/airflow/.local/lib/python3.7/site-packages/airflow/example_dags/example_branch_datetime_operator.py for tasks to queue
[2023-01-15T13:06:28.684+0000] {logging_mixin.py:137} INFO - [2023-01-15T13:06:28.684+0000] {dagbag.py:538} INFO - Filling up the DagBag from /home/airflow/.local/lib/python3.7/site-packages/airflow/example_dags/example_branch_datetime_operator.py
[2023-01-15T13:06:28.787+0000] {processor.py:753} INFO - DAG(s) dict_keys(['example_branch_datetime_operator', 'example_branch_datetime_operator_3', 'example_branch_datetime_operator_2']) retrieved from /home/airflow/.local/lib/python3.7/site-packages/airflow/example_dags/example_branch_datetime_operator.py
[2023-01-15T13:06:28.999+0000] {logging_mixin.py:137} INFO - [2023-01-15T13:06:28.999+0000] {dag.py:2676} INFO - Sync 3 DAGs
[2023-01-15T13:06:29.130+0000] {logging_mixin.py:137} INFO - [2023-01-15T13:06:29.130+0000] {dag.py:3427} INFO - Setting next_dagrun for example_branch_datetime_operator to 2023-01-14T00:00:00+00:00, run_after=2023-01-15T00:00:00+00:00
[2023-01-15T13:06:29.140+0000] {logging_mixin.py:137} INFO - [2023-01-15T13:06:29.140+0000] {dag.py:3427} INFO - Setting next_dagrun for example_branch_datetime_operator_2 to 2023-01-14T00:00:00+00:00, run_after=2023-01-15T00:00:00+00:00
[2023-01-15T13:06:29.157+0000] {logging_mixin.py:137} INFO - [2023-01-15T13:06:29.157+0000] {dag.py:3427} INFO - Setting next_dagrun for example_branch_datetime_operator_3 to 2023-01-14T00:00:00+00:00, run_after=2023-01-15T00:00:00+00:00
[2023-01-15T13:06:29.255+0000] {processor.py:175} INFO - Processing /home/airflow/.local/lib/python3.7/site-packages/airflow/example_dags/example_branch_datetime_operator.py took 0.610 seconds
[2023-01-15T13:07:05.016+0000] {processor.py:153} INFO - Started process (PID=889) to work on /home/airflow/.local/lib/python3.7/site-packages/airflow/example_dags/example_branch_datetime_operator.py
[2023-01-15T13:07:05.031+0000] {processor.py:743} INFO - Processing file /home/airflow/.local/lib/python3.7/site-packages/airflow/example_dags/example_branch_datetime_operator.py for tasks to queue
[2023-01-15T13:07:05.050+0000] {logging_mixin.py:137} INFO - [2023-01-15T13:07:05.050+0000] {dagbag.py:538} INFO - Filling up the DagBag from /home/airflow/.local/lib/python3.7/site-packages/airflow/example_dags/example_branch_datetime_operator.py
[2023-01-15T13:07:05.304+0000] {processor.py:753} INFO - DAG(s) dict_keys(['example_branch_datetime_operator', 'example_branch_datetime_operator_3', 'example_branch_datetime_operator_2']) retrieved from /home/airflow/.local/lib/python3.7/site-packages/airflow/example_dags/example_branch_datetime_operator.py
[2023-01-15T13:07:06.091+0000] {logging_mixin.py:137} INFO - [2023-01-15T13:07:06.091+0000] {dag.py:2676} INFO - Sync 3 DAGs
[2023-01-15T13:07:06.715+0000] {logging_mixin.py:137} INFO - [2023-01-15T13:07:06.707+0000] {dag.py:3427} INFO - Setting next_dagrun for example_branch_datetime_operator to 2023-01-14T00:00:00+00:00, run_after=2023-01-15T00:00:00+00:00
[2023-01-15T13:07:06.821+0000] {logging_mixin.py:137} INFO - [2023-01-15T13:07:06.820+0000] {dag.py:3427} INFO - Setting next_dagrun for example_branch_datetime_operator_2 to 2023-01-14T00:00:00+00:00, run_after=2023-01-15T00:00:00+00:00
[2023-01-15T13:07:06.883+0000] {logging_mixin.py:137} INFO - [2023-01-15T13:07:06.877+0000] {dag.py:3427} INFO - Setting next_dagrun for example_branch_datetime_operator_3 to 2023-01-14T00:00:00+00:00, run_after=2023-01-15T00:00:00+00:00
[2023-01-15T13:07:07.089+0000] {processor.py:175} INFO - Processing /home/airflow/.local/lib/python3.7/site-packages/airflow/example_dags/example_branch_datetime_operator.py took 2.109 seconds
[2023-01-15T13:07:59.236+0000] {processor.py:153} INFO - Started process (PID=950) to work on /home/airflow/.local/lib/python3.7/site-packages/airflow/example_dags/example_branch_datetime_operator.py
[2023-01-15T13:07:59.250+0000] {processor.py:743} INFO - Processing file /home/airflow/.local/lib/python3.7/site-packages/airflow/example_dags/example_branch_datetime_operator.py for tasks to queue
[2023-01-15T13:07:59.282+0000] {logging_mixin.py:137} INFO - [2023-01-15T13:07:59.263+0000] {dagbag.py:538} INFO - Filling up the DagBag from /home/airflow/.local/lib/python3.7/site-packages/airflow/example_dags/example_branch_datetime_operator.py
[2023-01-15T13:08:00.961+0000] {processor.py:753} INFO - DAG(s) dict_keys(['example_branch_datetime_operator_3', 'example_branch_datetime_operator_2', 'example_branch_datetime_operator']) retrieved from /home/airflow/.local/lib/python3.7/site-packages/airflow/example_dags/example_branch_datetime_operator.py
[2023-01-15T13:08:02.738+0000] {logging_mixin.py:137} INFO - [2023-01-15T13:08:02.738+0000] {dag.py:2676} INFO - Sync 3 DAGs
[2023-01-15T13:08:03.802+0000] {logging_mixin.py:137} INFO - [2023-01-15T13:08:03.784+0000] {dag.py:3427} INFO - Setting next_dagrun for example_branch_datetime_operator to 2023-01-14T00:00:00+00:00, run_after=2023-01-15T00:00:00+00:00
[2023-01-15T13:08:04.091+0000] {logging_mixin.py:137} INFO - [2023-01-15T13:08:04.091+0000] {dag.py:3427} INFO - Setting next_dagrun for example_branch_datetime_operator_2 to 2023-01-14T00:00:00+00:00, run_after=2023-01-15T00:00:00+00:00
[2023-01-15T13:08:04.279+0000] {logging_mixin.py:137} INFO - [2023-01-15T13:08:04.279+0000] {dag.py:3427} INFO - Setting next_dagrun for example_branch_datetime_operator_3 to 2023-01-14T00:00:00+00:00, run_after=2023-01-15T00:00:00+00:00
[2023-01-15T13:08:04.821+0000] {processor.py:175} INFO - Processing /home/airflow/.local/lib/python3.7/site-packages/airflow/example_dags/example_branch_datetime_operator.py took 5.728 seconds
[2023-01-15T13:08:35.341+0000] {processor.py:153} INFO - Started process (PID=1006) to work on /home/airflow/.local/lib/python3.7/site-packages/airflow/example_dags/example_branch_datetime_operator.py
[2023-01-15T13:08:35.345+0000] {processor.py:743} INFO - Processing file /home/airflow/.local/lib/python3.7/site-packages/airflow/example_dags/example_branch_datetime_operator.py for tasks to queue
[2023-01-15T13:08:35.349+0000] {logging_mixin.py:137} INFO - [2023-01-15T13:08:35.349+0000] {dagbag.py:538} INFO - Filling up the DagBag from /home/airflow/.local/lib/python3.7/site-packages/airflow/example_dags/example_branch_datetime_operator.py
[2023-01-15T13:08:35.453+0000] {processor.py:753} INFO - DAG(s) dict_keys(['example_branch_datetime_operator', 'example_branch_datetime_operator_3', 'example_branch_datetime_operator_2']) retrieved from /home/airflow/.local/lib/python3.7/site-packages/airflow/example_dags/example_branch_datetime_operator.py
[2023-01-15T13:08:35.882+0000] {logging_mixin.py:137} INFO - [2023-01-15T13:08:35.881+0000] {dag.py:2676} INFO - Sync 3 DAGs
[2023-01-15T13:08:36.209+0000] {logging_mixin.py:137} INFO - [2023-01-15T13:08:36.204+0000] {dag.py:3427} INFO - Setting next_dagrun for example_branch_datetime_operator to 2023-01-14T00:00:00+00:00, run_after=2023-01-15T00:00:00+00:00
[2023-01-15T13:08:36.249+0000] {logging_mixin.py:137} INFO - [2023-01-15T13:08:36.248+0000] {dag.py:3427} INFO - Setting next_dagrun for example_branch_datetime_operator_2 to 2023-01-14T00:00:00+00:00, run_after=2023-01-15T00:00:00+00:00
[2023-01-15T13:08:36.269+0000] {logging_mixin.py:137} INFO - [2023-01-15T13:08:36.269+0000] {dag.py:3427} INFO - Setting next_dagrun for example_branch_datetime_operator_3 to 2023-01-14T00:00:00+00:00, run_after=2023-01-15T00:00:00+00:00
[2023-01-15T13:08:36.406+0000] {processor.py:175} INFO - Processing /home/airflow/.local/lib/python3.7/site-packages/airflow/example_dags/example_branch_datetime_operator.py took 1.080 seconds
[2023-01-15T13:09:14.660+0000] {processor.py:153} INFO - Started process (PID=1062) to work on /home/airflow/.local/lib/python3.7/site-packages/airflow/example_dags/example_branch_datetime_operator.py
[2023-01-15T13:09:14.687+0000] {processor.py:743} INFO - Processing file /home/airflow/.local/lib/python3.7/site-packages/airflow/example_dags/example_branch_datetime_operator.py for tasks to queue
[2023-01-15T13:09:14.694+0000] {logging_mixin.py:137} INFO - [2023-01-15T13:09:14.694+0000] {dagbag.py:538} INFO - Filling up the DagBag from /home/airflow/.local/lib/python3.7/site-packages/airflow/example_dags/example_branch_datetime_operator.py
[2023-01-15T13:09:15.000+0000] {processor.py:753} INFO - DAG(s) dict_keys(['example_branch_datetime_operator', 'example_branch_datetime_operator_3', 'example_branch_datetime_operator_2']) retrieved from /home/airflow/.local/lib/python3.7/site-packages/airflow/example_dags/example_branch_datetime_operator.py
[2023-01-15T13:09:16.014+0000] {logging_mixin.py:137} INFO - [2023-01-15T13:09:16.014+0000] {dag.py:2676} INFO - Sync 3 DAGs
[2023-01-15T13:09:16.439+0000] {logging_mixin.py:137} INFO - [2023-01-15T13:09:16.434+0000] {dag.py:3427} INFO - Setting next_dagrun for example_branch_datetime_operator to 2023-01-14T00:00:00+00:00, run_after=2023-01-15T00:00:00+00:00
[2023-01-15T13:09:16.516+0000] {logging_mixin.py:137} INFO - [2023-01-15T13:09:16.516+0000] {dag.py:3427} INFO - Setting next_dagrun for example_branch_datetime_operator_2 to 2023-01-14T00:00:00+00:00, run_after=2023-01-15T00:00:00+00:00
[2023-01-15T13:09:16.579+0000] {logging_mixin.py:137} INFO - [2023-01-15T13:09:16.579+0000] {dag.py:3427} INFO - Setting next_dagrun for example_branch_datetime_operator_3 to 2023-01-14T00:00:00+00:00, run_after=2023-01-15T00:00:00+00:00
[2023-01-15T13:09:16.828+0000] {processor.py:175} INFO - Processing /home/airflow/.local/lib/python3.7/site-packages/airflow/example_dags/example_branch_datetime_operator.py took 2.275 seconds
[2023-01-15T13:09:47.455+0000] {processor.py:153} INFO - Started process (PID=1118) to work on /home/airflow/.local/lib/python3.7/site-packages/airflow/example_dags/example_branch_datetime_operator.py
[2023-01-15T13:09:47.459+0000] {processor.py:743} INFO - Processing file /home/airflow/.local/lib/python3.7/site-packages/airflow/example_dags/example_branch_datetime_operator.py for tasks to queue
[2023-01-15T13:09:47.462+0000] {logging_mixin.py:137} INFO - [2023-01-15T13:09:47.462+0000] {dagbag.py:538} INFO - Filling up the DagBag from /home/airflow/.local/lib/python3.7/site-packages/airflow/example_dags/example_branch_datetime_operator.py
[2023-01-15T13:09:47.579+0000] {processor.py:753} INFO - DAG(s) dict_keys(['example_branch_datetime_operator_2', 'example_branch_datetime_operator_3', 'example_branch_datetime_operator']) retrieved from /home/airflow/.local/lib/python3.7/site-packages/airflow/example_dags/example_branch_datetime_operator.py
[2023-01-15T13:09:47.808+0000] {logging_mixin.py:137} INFO - [2023-01-15T13:09:47.808+0000] {dag.py:2676} INFO - Sync 3 DAGs
[2023-01-15T13:09:47.934+0000] {logging_mixin.py:137} INFO - [2023-01-15T13:09:47.933+0000] {dag.py:3427} INFO - Setting next_dagrun for example_branch_datetime_operator to 2023-01-14T00:00:00+00:00, run_after=2023-01-15T00:00:00+00:00
[2023-01-15T13:09:47.959+0000] {logging_mixin.py:137} INFO - [2023-01-15T13:09:47.959+0000] {dag.py:3427} INFO - Setting next_dagrun for example_branch_datetime_operator_2 to 2023-01-14T00:00:00+00:00, run_after=2023-01-15T00:00:00+00:00
[2023-01-15T13:09:47.969+0000] {logging_mixin.py:137} INFO - [2023-01-15T13:09:47.966+0000] {dag.py:3427} INFO - Setting next_dagrun for example_branch_datetime_operator_3 to 2023-01-14T00:00:00+00:00, run_after=2023-01-15T00:00:00+00:00
[2023-01-15T13:09:48.052+0000] {processor.py:175} INFO - Processing /home/airflow/.local/lib/python3.7/site-packages/airflow/example_dags/example_branch_datetime_operator.py took 0.612 seconds
[2023-01-15T13:10:23.726+0000] {processor.py:153} INFO - Started process (PID=1174) to work on /home/airflow/.local/lib/python3.7/site-packages/airflow/example_dags/example_branch_datetime_operator.py
[2023-01-15T13:10:23.739+0000] {processor.py:743} INFO - Processing file /home/airflow/.local/lib/python3.7/site-packages/airflow/example_dags/example_branch_datetime_operator.py for tasks to queue
[2023-01-15T13:10:23.764+0000] {logging_mixin.py:137} INFO - [2023-01-15T13:10:23.763+0000] {dagbag.py:538} INFO - Filling up the DagBag from /home/airflow/.local/lib/python3.7/site-packages/airflow/example_dags/example_branch_datetime_operator.py
[2023-01-15T13:10:23.939+0000] {processor.py:753} INFO - DAG(s) dict_keys(['example_branch_datetime_operator', 'example_branch_datetime_operator_2', 'example_branch_datetime_operator_3']) retrieved from /home/airflow/.local/lib/python3.7/site-packages/airflow/example_dags/example_branch_datetime_operator.py
[2023-01-15T13:10:24.481+0000] {logging_mixin.py:137} INFO - [2023-01-15T13:10:24.481+0000] {dag.py:2676} INFO - Sync 3 DAGs
[2023-01-15T13:10:24.842+0000] {logging_mixin.py:137} INFO - [2023-01-15T13:10:24.841+0000] {dag.py:3427} INFO - Setting next_dagrun for example_branch_datetime_operator to 2023-01-14T00:00:00+00:00, run_after=2023-01-15T00:00:00+00:00
[2023-01-15T13:10:24.878+0000] {logging_mixin.py:137} INFO - [2023-01-15T13:10:24.876+0000] {dag.py:3427} INFO - Setting next_dagrun for example_branch_datetime_operator_2 to 2023-01-14T00:00:00+00:00, run_after=2023-01-15T00:00:00+00:00
[2023-01-15T13:10:24.894+0000] {logging_mixin.py:137} INFO - [2023-01-15T13:10:24.894+0000] {dag.py:3427} INFO - Setting next_dagrun for example_branch_datetime_operator_3 to 2023-01-14T00:00:00+00:00, run_after=2023-01-15T00:00:00+00:00
[2023-01-15T13:10:24.979+0000] {processor.py:175} INFO - Processing /home/airflow/.local/lib/python3.7/site-packages/airflow/example_dags/example_branch_datetime_operator.py took 1.293 seconds
[2023-01-15T13:10:55.827+0000] {processor.py:153} INFO - Started process (PID=1222) to work on /home/airflow/.local/lib/python3.7/site-packages/airflow/example_dags/example_branch_datetime_operator.py
[2023-01-15T13:10:55.839+0000] {processor.py:743} INFO - Processing file /home/airflow/.local/lib/python3.7/site-packages/airflow/example_dags/example_branch_datetime_operator.py for tasks to queue
[2023-01-15T13:10:55.849+0000] {logging_mixin.py:137} INFO - [2023-01-15T13:10:55.849+0000] {dagbag.py:538} INFO - Filling up the DagBag from /home/airflow/.local/lib/python3.7/site-packages/airflow/example_dags/example_branch_datetime_operator.py
[2023-01-15T13:10:56.010+0000] {processor.py:753} INFO - DAG(s) dict_keys(['example_branch_datetime_operator', 'example_branch_datetime_operator_2', 'example_branch_datetime_operator_3']) retrieved from /home/airflow/.local/lib/python3.7/site-packages/airflow/example_dags/example_branch_datetime_operator.py
[2023-01-15T13:10:56.226+0000] {logging_mixin.py:137} INFO - [2023-01-15T13:10:56.226+0000] {dag.py:2676} INFO - Sync 3 DAGs
[2023-01-15T13:10:56.341+0000] {logging_mixin.py:137} INFO - [2023-01-15T13:10:56.338+0000] {dag.py:3427} INFO - Setting next_dagrun for example_branch_datetime_operator to 2023-01-14T00:00:00+00:00, run_after=2023-01-15T00:00:00+00:00
[2023-01-15T13:10:56.358+0000] {logging_mixin.py:137} INFO - [2023-01-15T13:10:56.358+0000] {dag.py:3427} INFO - Setting next_dagrun for example_branch_datetime_operator_2 to 2023-01-14T00:00:00+00:00, run_after=2023-01-15T00:00:00+00:00
[2023-01-15T13:10:56.370+0000] {logging_mixin.py:137} INFO - [2023-01-15T13:10:56.370+0000] {dag.py:3427} INFO - Setting next_dagrun for example_branch_datetime_operator_3 to 2023-01-14T00:00:00+00:00, run_after=2023-01-15T00:00:00+00:00
[2023-01-15T13:10:56.433+0000] {processor.py:175} INFO - Processing /home/airflow/.local/lib/python3.7/site-packages/airflow/example_dags/example_branch_datetime_operator.py took 0.645 seconds
[2023-01-15T13:11:40.104+0000] {processor.py:153} INFO - Started process (PID=1277) to work on /home/airflow/.local/lib/python3.7/site-packages/airflow/example_dags/example_branch_datetime_operator.py
[2023-01-15T13:11:40.116+0000] {processor.py:743} INFO - Processing file /home/airflow/.local/lib/python3.7/site-packages/airflow/example_dags/example_branch_datetime_operator.py for tasks to queue
[2023-01-15T13:11:40.131+0000] {logging_mixin.py:137} INFO - [2023-01-15T13:11:40.126+0000] {dagbag.py:538} INFO - Filling up the DagBag from /home/airflow/.local/lib/python3.7/site-packages/airflow/example_dags/example_branch_datetime_operator.py
[2023-01-15T13:11:40.374+0000] {processor.py:753} INFO - DAG(s) dict_keys(['example_branch_datetime_operator_3', 'example_branch_datetime_operator', 'example_branch_datetime_operator_2']) retrieved from /home/airflow/.local/lib/python3.7/site-packages/airflow/example_dags/example_branch_datetime_operator.py
[2023-01-15T13:11:41.375+0000] {logging_mixin.py:137} INFO - [2023-01-15T13:11:41.374+0000] {dag.py:2676} INFO - Sync 3 DAGs
[2023-01-15T13:11:41.860+0000] {logging_mixin.py:137} INFO - [2023-01-15T13:11:41.859+0000] {dag.py:3427} INFO - Setting next_dagrun for example_branch_datetime_operator to 2023-01-14T00:00:00+00:00, run_after=2023-01-15T00:00:00+00:00
[2023-01-15T13:11:41.933+0000] {logging_mixin.py:137} INFO - [2023-01-15T13:11:41.926+0000] {dag.py:3427} INFO - Setting next_dagrun for example_branch_datetime_operator_2 to 2023-01-14T00:00:00+00:00, run_after=2023-01-15T00:00:00+00:00
[2023-01-15T13:11:41.967+0000] {logging_mixin.py:137} INFO - [2023-01-15T13:11:41.967+0000] {dag.py:3427} INFO - Setting next_dagrun for example_branch_datetime_operator_3 to 2023-01-14T00:00:00+00:00, run_after=2023-01-15T00:00:00+00:00
[2023-01-15T13:11:42.325+0000] {processor.py:175} INFO - Processing /home/airflow/.local/lib/python3.7/site-packages/airflow/example_dags/example_branch_datetime_operator.py took 2.301 seconds
[2023-01-15T13:12:37.386+0000] {processor.py:153} INFO - Started process (PID=1346) to work on /home/airflow/.local/lib/python3.7/site-packages/airflow/example_dags/example_branch_datetime_operator.py
[2023-01-15T13:12:37.388+0000] {processor.py:743} INFO - Processing file /home/airflow/.local/lib/python3.7/site-packages/airflow/example_dags/example_branch_datetime_operator.py for tasks to queue
[2023-01-15T13:12:37.403+0000] {logging_mixin.py:137} INFO - [2023-01-15T13:12:37.403+0000] {dagbag.py:538} INFO - Filling up the DagBag from /home/airflow/.local/lib/python3.7/site-packages/airflow/example_dags/example_branch_datetime_operator.py
[2023-01-15T13:12:37.675+0000] {processor.py:753} INFO - DAG(s) dict_keys(['example_branch_datetime_operator_2', 'example_branch_datetime_operator_3', 'example_branch_datetime_operator']) retrieved from /home/airflow/.local/lib/python3.7/site-packages/airflow/example_dags/example_branch_datetime_operator.py
[2023-01-15T13:12:38.304+0000] {logging_mixin.py:137} INFO - [2023-01-15T13:12:38.304+0000] {dag.py:2676} INFO - Sync 3 DAGs
[2023-01-15T13:12:38.701+0000] {logging_mixin.py:137} INFO - [2023-01-15T13:12:38.696+0000] {dag.py:3427} INFO - Setting next_dagrun for example_branch_datetime_operator to 2023-01-14T00:00:00+00:00, run_after=2023-01-15T00:00:00+00:00
[2023-01-15T13:12:38.829+0000] {logging_mixin.py:137} INFO - [2023-01-15T13:12:38.829+0000] {dag.py:3427} INFO - Setting next_dagrun for example_branch_datetime_operator_2 to 2023-01-14T00:00:00+00:00, run_after=2023-01-15T00:00:00+00:00
[2023-01-15T13:12:38.921+0000] {logging_mixin.py:137} INFO - [2023-01-15T13:12:38.921+0000] {dag.py:3427} INFO - Setting next_dagrun for example_branch_datetime_operator_3 to 2023-01-14T00:00:00+00:00, run_after=2023-01-15T00:00:00+00:00
[2023-01-15T13:12:39.249+0000] {processor.py:175} INFO - Processing /home/airflow/.local/lib/python3.7/site-packages/airflow/example_dags/example_branch_datetime_operator.py took 1.903 seconds
[2023-01-15T13:13:12.956+0000] {processor.py:153} INFO - Started process (PID=1401) to work on /home/airflow/.local/lib/python3.7/site-packages/airflow/example_dags/example_branch_datetime_operator.py
[2023-01-15T13:13:12.965+0000] {processor.py:743} INFO - Processing file /home/airflow/.local/lib/python3.7/site-packages/airflow/example_dags/example_branch_datetime_operator.py for tasks to queue
[2023-01-15T13:13:12.976+0000] {logging_mixin.py:137} INFO - [2023-01-15T13:13:12.976+0000] {dagbag.py:538} INFO - Filling up the DagBag from /home/airflow/.local/lib/python3.7/site-packages/airflow/example_dags/example_branch_datetime_operator.py
[2023-01-15T13:13:13.250+0000] {processor.py:753} INFO - DAG(s) dict_keys(['example_branch_datetime_operator', 'example_branch_datetime_operator_2', 'example_branch_datetime_operator_3']) retrieved from /home/airflow/.local/lib/python3.7/site-packages/airflow/example_dags/example_branch_datetime_operator.py
[2023-01-15T13:13:15.944+0000] {logging_mixin.py:137} INFO - [2023-01-15T13:13:15.943+0000] {dag.py:2676} INFO - Sync 3 DAGs
[2023-01-15T13:13:16.707+0000] {logging_mixin.py:137} INFO - [2023-01-15T13:13:16.704+0000] {dag.py:3427} INFO - Setting next_dagrun for example_branch_datetime_operator to 2023-01-14T00:00:00+00:00, run_after=2023-01-15T00:00:00+00:00
[2023-01-15T13:13:17.314+0000] {logging_mixin.py:137} INFO - [2023-01-15T13:13:17.286+0000] {dag.py:3427} INFO - Setting next_dagrun for example_branch_datetime_operator_2 to 2023-01-14T00:00:00+00:00, run_after=2023-01-15T00:00:00+00:00
[2023-01-15T13:13:17.390+0000] {logging_mixin.py:137} INFO - [2023-01-15T13:13:17.390+0000] {dag.py:3427} INFO - Setting next_dagrun for example_branch_datetime_operator_3 to 2023-01-14T00:00:00+00:00, run_after=2023-01-15T00:00:00+00:00
[2023-01-15T13:13:17.816+0000] {processor.py:175} INFO - Processing /home/airflow/.local/lib/python3.7/site-packages/airflow/example_dags/example_branch_datetime_operator.py took 5.167 seconds
[2023-01-15T13:13:51.129+0000] {processor.py:153} INFO - Started process (PID=1457) to work on /home/airflow/.local/lib/python3.7/site-packages/airflow/example_dags/example_branch_datetime_operator.py
[2023-01-15T13:13:51.160+0000] {processor.py:743} INFO - Processing file /home/airflow/.local/lib/python3.7/site-packages/airflow/example_dags/example_branch_datetime_operator.py for tasks to queue
[2023-01-15T13:13:51.174+0000] {logging_mixin.py:137} INFO - [2023-01-15T13:13:51.174+0000] {dagbag.py:538} INFO - Filling up the DagBag from /home/airflow/.local/lib/python3.7/site-packages/airflow/example_dags/example_branch_datetime_operator.py
[2023-01-15T13:13:51.745+0000] {processor.py:753} INFO - DAG(s) dict_keys(['example_branch_datetime_operator_2', 'example_branch_datetime_operator_3', 'example_branch_datetime_operator']) retrieved from /home/airflow/.local/lib/python3.7/site-packages/airflow/example_dags/example_branch_datetime_operator.py
[2023-01-15T13:13:52.344+0000] {logging_mixin.py:137} INFO - [2023-01-15T13:13:52.344+0000] {dag.py:2676} INFO - Sync 3 DAGs
[2023-01-15T13:13:52.616+0000] {logging_mixin.py:137} INFO - [2023-01-15T13:13:52.615+0000] {dag.py:3427} INFO - Setting next_dagrun for example_branch_datetime_operator to 2023-01-14T00:00:00+00:00, run_after=2023-01-15T00:00:00+00:00
[2023-01-15T13:13:52.678+0000] {logging_mixin.py:137} INFO - [2023-01-15T13:13:52.678+0000] {dag.py:3427} INFO - Setting next_dagrun for example_branch_datetime_operator_2 to 2023-01-14T00:00:00+00:00, run_after=2023-01-15T00:00:00+00:00
[2023-01-15T13:13:52.704+0000] {logging_mixin.py:137} INFO - [2023-01-15T13:13:52.704+0000] {dag.py:3427} INFO - Setting next_dagrun for example_branch_datetime_operator_3 to 2023-01-14T00:00:00+00:00, run_after=2023-01-15T00:00:00+00:00
[2023-01-15T13:13:52.883+0000] {processor.py:175} INFO - Processing /home/airflow/.local/lib/python3.7/site-packages/airflow/example_dags/example_branch_datetime_operator.py took 1.798 seconds
[2023-01-15T13:14:23.288+0000] {processor.py:153} INFO - Started process (PID=1513) to work on /home/airflow/.local/lib/python3.7/site-packages/airflow/example_dags/example_branch_datetime_operator.py
[2023-01-15T13:14:23.300+0000] {processor.py:743} INFO - Processing file /home/airflow/.local/lib/python3.7/site-packages/airflow/example_dags/example_branch_datetime_operator.py for tasks to queue
[2023-01-15T13:14:23.302+0000] {logging_mixin.py:137} INFO - [2023-01-15T13:14:23.302+0000] {dagbag.py:538} INFO - Filling up the DagBag from /home/airflow/.local/lib/python3.7/site-packages/airflow/example_dags/example_branch_datetime_operator.py
[2023-01-15T13:14:23.540+0000] {processor.py:753} INFO - DAG(s) dict_keys(['example_branch_datetime_operator_3', 'example_branch_datetime_operator_2', 'example_branch_datetime_operator']) retrieved from /home/airflow/.local/lib/python3.7/site-packages/airflow/example_dags/example_branch_datetime_operator.py
[2023-01-15T13:14:24.109+0000] {logging_mixin.py:137} INFO - [2023-01-15T13:14:24.109+0000] {dag.py:2676} INFO - Sync 3 DAGs
[2023-01-15T13:14:24.343+0000] {logging_mixin.py:137} INFO - [2023-01-15T13:14:24.343+0000] {dag.py:3427} INFO - Setting next_dagrun for example_branch_datetime_operator to 2023-01-14T00:00:00+00:00, run_after=2023-01-15T00:00:00+00:00
[2023-01-15T13:14:24.392+0000] {logging_mixin.py:137} INFO - [2023-01-15T13:14:24.383+0000] {dag.py:3427} INFO - Setting next_dagrun for example_branch_datetime_operator_2 to 2023-01-14T00:00:00+00:00, run_after=2023-01-15T00:00:00+00:00
[2023-01-15T13:14:24.415+0000] {logging_mixin.py:137} INFO - [2023-01-15T13:14:24.415+0000] {dag.py:3427} INFO - Setting next_dagrun for example_branch_datetime_operator_3 to 2023-01-14T00:00:00+00:00, run_after=2023-01-15T00:00:00+00:00
[2023-01-15T13:14:24.552+0000] {processor.py:175} INFO - Processing /home/airflow/.local/lib/python3.7/site-packages/airflow/example_dags/example_branch_datetime_operator.py took 1.283 seconds
[2023-01-15T13:14:55.104+0000] {processor.py:153} INFO - Started process (PID=1560) to work on /home/airflow/.local/lib/python3.7/site-packages/airflow/example_dags/example_branch_datetime_operator.py
[2023-01-15T13:14:55.106+0000] {processor.py:743} INFO - Processing file /home/airflow/.local/lib/python3.7/site-packages/airflow/example_dags/example_branch_datetime_operator.py for tasks to queue
[2023-01-15T13:14:55.108+0000] {logging_mixin.py:137} INFO - [2023-01-15T13:14:55.108+0000] {dagbag.py:538} INFO - Filling up the DagBag from /home/airflow/.local/lib/python3.7/site-packages/airflow/example_dags/example_branch_datetime_operator.py
[2023-01-15T13:14:55.133+0000] {processor.py:753} INFO - DAG(s) dict_keys(['example_branch_datetime_operator_3', 'example_branch_datetime_operator_2', 'example_branch_datetime_operator']) retrieved from /home/airflow/.local/lib/python3.7/site-packages/airflow/example_dags/example_branch_datetime_operator.py
[2023-01-15T13:14:55.211+0000] {logging_mixin.py:137} INFO - [2023-01-15T13:14:55.211+0000] {dag.py:2676} INFO - Sync 3 DAGs
[2023-01-15T13:14:55.266+0000] {logging_mixin.py:137} INFO - [2023-01-15T13:14:55.266+0000] {dag.py:3427} INFO - Setting next_dagrun for example_branch_datetime_operator to 2023-01-14T00:00:00+00:00, run_after=2023-01-15T00:00:00+00:00
[2023-01-15T13:14:55.273+0000] {logging_mixin.py:137} INFO - [2023-01-15T13:14:55.273+0000] {dag.py:3427} INFO - Setting next_dagrun for example_branch_datetime_operator_2 to 2023-01-14T00:00:00+00:00, run_after=2023-01-15T00:00:00+00:00
[2023-01-15T13:14:55.277+0000] {logging_mixin.py:137} INFO - [2023-01-15T13:14:55.277+0000] {dag.py:3427} INFO - Setting next_dagrun for example_branch_datetime_operator_3 to 2023-01-14T00:00:00+00:00, run_after=2023-01-15T00:00:00+00:00
[2023-01-15T13:14:55.314+0000] {processor.py:175} INFO - Processing /home/airflow/.local/lib/python3.7/site-packages/airflow/example_dags/example_branch_datetime_operator.py took 0.214 seconds
[2023-01-15T13:15:27.475+0000] {processor.py:153} INFO - Started process (PID=1617) to work on /home/airflow/.local/lib/python3.7/site-packages/airflow/example_dags/example_branch_datetime_operator.py
[2023-01-15T13:15:27.480+0000] {processor.py:743} INFO - Processing file /home/airflow/.local/lib/python3.7/site-packages/airflow/example_dags/example_branch_datetime_operator.py for tasks to queue
[2023-01-15T13:15:27.482+0000] {logging_mixin.py:137} INFO - [2023-01-15T13:15:27.482+0000] {dagbag.py:538} INFO - Filling up the DagBag from /home/airflow/.local/lib/python3.7/site-packages/airflow/example_dags/example_branch_datetime_operator.py
[2023-01-15T13:15:27.564+0000] {processor.py:753} INFO - DAG(s) dict_keys(['example_branch_datetime_operator_3', 'example_branch_datetime_operator', 'example_branch_datetime_operator_2']) retrieved from /home/airflow/.local/lib/python3.7/site-packages/airflow/example_dags/example_branch_datetime_operator.py
[2023-01-15T13:15:27.964+0000] {logging_mixin.py:137} INFO - [2023-01-15T13:15:27.958+0000] {dag.py:2676} INFO - Sync 3 DAGs
[2023-01-15T13:15:28.311+0000] {logging_mixin.py:137} INFO - [2023-01-15T13:15:28.310+0000] {dag.py:3427} INFO - Setting next_dagrun for example_branch_datetime_operator to 2023-01-14T00:00:00+00:00, run_after=2023-01-15T00:00:00+00:00
[2023-01-15T13:15:28.358+0000] {logging_mixin.py:137} INFO - [2023-01-15T13:15:28.352+0000] {dag.py:3427} INFO - Setting next_dagrun for example_branch_datetime_operator_2 to 2023-01-14T00:00:00+00:00, run_after=2023-01-15T00:00:00+00:00
[2023-01-15T13:15:28.382+0000] {logging_mixin.py:137} INFO - [2023-01-15T13:15:28.382+0000] {dag.py:3427} INFO - Setting next_dagrun for example_branch_datetime_operator_3 to 2023-01-14T00:00:00+00:00, run_after=2023-01-15T00:00:00+00:00
[2023-01-15T13:15:28.563+0000] {processor.py:175} INFO - Processing /home/airflow/.local/lib/python3.7/site-packages/airflow/example_dags/example_branch_datetime_operator.py took 1.103 seconds
[2023-01-15T13:43:54.520+0000] {processor.py:153} INFO - Started process (PID=89) to work on /home/airflow/.local/lib/python3.7/site-packages/airflow/example_dags/example_branch_datetime_operator.py
[2023-01-15T13:43:54.540+0000] {processor.py:743} INFO - Processing file /home/airflow/.local/lib/python3.7/site-packages/airflow/example_dags/example_branch_datetime_operator.py for tasks to queue
[2023-01-15T13:43:54.545+0000] {logging_mixin.py:137} INFO - [2023-01-15T13:43:54.545+0000] {dagbag.py:538} INFO - Filling up the DagBag from /home/airflow/.local/lib/python3.7/site-packages/airflow/example_dags/example_branch_datetime_operator.py
[2023-01-15T13:43:54.695+0000] {processor.py:753} INFO - DAG(s) dict_keys(['example_branch_datetime_operator_2', 'example_branch_datetime_operator', 'example_branch_datetime_operator_3']) retrieved from /home/airflow/.local/lib/python3.7/site-packages/airflow/example_dags/example_branch_datetime_operator.py
[2023-01-15T13:43:54.902+0000] {logging_mixin.py:137} INFO - [2023-01-15T13:43:54.902+0000] {dag.py:2676} INFO - Sync 3 DAGs
[2023-01-15T13:43:55.013+0000] {logging_mixin.py:137} INFO - [2023-01-15T13:43:55.013+0000] {dag.py:3427} INFO - Setting next_dagrun for example_branch_datetime_operator to 2023-01-14T00:00:00+00:00, run_after=2023-01-15T00:00:00+00:00
[2023-01-15T13:43:55.031+0000] {logging_mixin.py:137} INFO - [2023-01-15T13:43:55.031+0000] {dag.py:3427} INFO - Setting next_dagrun for example_branch_datetime_operator_2 to 2023-01-14T00:00:00+00:00, run_after=2023-01-15T00:00:00+00:00
[2023-01-15T13:43:55.047+0000] {logging_mixin.py:137} INFO - [2023-01-15T13:43:55.047+0000] {dag.py:3427} INFO - Setting next_dagrun for example_branch_datetime_operator_3 to 2023-01-14T00:00:00+00:00, run_after=2023-01-15T00:00:00+00:00
[2023-01-15T13:43:55.112+0000] {processor.py:175} INFO - Processing /home/airflow/.local/lib/python3.7/site-packages/airflow/example_dags/example_branch_datetime_operator.py took 0.613 seconds
[2023-01-15T13:45:31.328+0000] {processor.py:153} INFO - Started process (PID=172) to work on /home/airflow/.local/lib/python3.7/site-packages/airflow/example_dags/example_branch_datetime_operator.py
[2023-01-15T13:45:31.343+0000] {processor.py:743} INFO - Processing file /home/airflow/.local/lib/python3.7/site-packages/airflow/example_dags/example_branch_datetime_operator.py for tasks to queue
[2023-01-15T13:45:31.349+0000] {logging_mixin.py:137} INFO - [2023-01-15T13:45:31.348+0000] {dagbag.py:538} INFO - Filling up the DagBag from /home/airflow/.local/lib/python3.7/site-packages/airflow/example_dags/example_branch_datetime_operator.py
[2023-01-15T13:45:31.537+0000] {processor.py:753} INFO - DAG(s) dict_keys(['example_branch_datetime_operator', 'example_branch_datetime_operator_2', 'example_branch_datetime_operator_3']) retrieved from /home/airflow/.local/lib/python3.7/site-packages/airflow/example_dags/example_branch_datetime_operator.py
[2023-01-15T13:45:32.023+0000] {logging_mixin.py:137} INFO - [2023-01-15T13:45:32.023+0000] {dag.py:2676} INFO - Sync 3 DAGs
[2023-01-15T13:45:32.423+0000] {logging_mixin.py:137} INFO - [2023-01-15T13:45:32.423+0000] {dag.py:3427} INFO - Setting next_dagrun for example_branch_datetime_operator to 2023-01-14T00:00:00+00:00, run_after=2023-01-15T00:00:00+00:00
[2023-01-15T13:45:32.502+0000] {logging_mixin.py:137} INFO - [2023-01-15T13:45:32.502+0000] {dag.py:3427} INFO - Setting next_dagrun for example_branch_datetime_operator_2 to 2023-01-14T00:00:00+00:00, run_after=2023-01-15T00:00:00+00:00
[2023-01-15T13:45:32.525+0000] {logging_mixin.py:137} INFO - [2023-01-15T13:45:32.524+0000] {dag.py:3427} INFO - Setting next_dagrun for example_branch_datetime_operator_3 to 2023-01-14T00:00:00+00:00, run_after=2023-01-15T00:00:00+00:00
[2023-01-15T13:45:32.678+0000] {processor.py:175} INFO - Processing /home/airflow/.local/lib/python3.7/site-packages/airflow/example_dags/example_branch_datetime_operator.py took 1.378 seconds
[2023-01-15T13:46:13.144+0000] {processor.py:153} INFO - Started process (PID=233) to work on /home/airflow/.local/lib/python3.7/site-packages/airflow/example_dags/example_branch_datetime_operator.py
[2023-01-15T13:46:13.152+0000] {processor.py:743} INFO - Processing file /home/airflow/.local/lib/python3.7/site-packages/airflow/example_dags/example_branch_datetime_operator.py for tasks to queue
[2023-01-15T13:46:13.154+0000] {logging_mixin.py:137} INFO - [2023-01-15T13:46:13.154+0000] {dagbag.py:538} INFO - Filling up the DagBag from /home/airflow/.local/lib/python3.7/site-packages/airflow/example_dags/example_branch_datetime_operator.py
[2023-01-15T13:46:13.239+0000] {processor.py:753} INFO - DAG(s) dict_keys(['example_branch_datetime_operator_3', 'example_branch_datetime_operator_2', 'example_branch_datetime_operator']) retrieved from /home/airflow/.local/lib/python3.7/site-packages/airflow/example_dags/example_branch_datetime_operator.py
[2023-01-15T13:46:13.421+0000] {logging_mixin.py:137} INFO - [2023-01-15T13:46:13.420+0000] {dag.py:2676} INFO - Sync 3 DAGs
[2023-01-15T13:46:13.515+0000] {logging_mixin.py:137} INFO - [2023-01-15T13:46:13.515+0000] {dag.py:3427} INFO - Setting next_dagrun for example_branch_datetime_operator to 2023-01-14T00:00:00+00:00, run_after=2023-01-15T00:00:00+00:00
[2023-01-15T13:46:13.537+0000] {logging_mixin.py:137} INFO - [2023-01-15T13:46:13.537+0000] {dag.py:3427} INFO - Setting next_dagrun for example_branch_datetime_operator_2 to 2023-01-14T00:00:00+00:00, run_after=2023-01-15T00:00:00+00:00
[2023-01-15T13:46:13.544+0000] {logging_mixin.py:137} INFO - [2023-01-15T13:46:13.544+0000] {dag.py:3427} INFO - Setting next_dagrun for example_branch_datetime_operator_3 to 2023-01-14T00:00:00+00:00, run_after=2023-01-15T00:00:00+00:00
[2023-01-15T13:46:13.603+0000] {processor.py:175} INFO - Processing /home/airflow/.local/lib/python3.7/site-packages/airflow/example_dags/example_branch_datetime_operator.py took 0.471 seconds
[2023-01-15T13:46:44.171+0000] {processor.py:153} INFO - Started process (PID=289) to work on /home/airflow/.local/lib/python3.7/site-packages/airflow/example_dags/example_branch_datetime_operator.py
[2023-01-15T13:46:44.173+0000] {processor.py:743} INFO - Processing file /home/airflow/.local/lib/python3.7/site-packages/airflow/example_dags/example_branch_datetime_operator.py for tasks to queue
[2023-01-15T13:46:44.177+0000] {logging_mixin.py:137} INFO - [2023-01-15T13:46:44.177+0000] {dagbag.py:538} INFO - Filling up the DagBag from /home/airflow/.local/lib/python3.7/site-packages/airflow/example_dags/example_branch_datetime_operator.py
[2023-01-15T13:46:44.249+0000] {processor.py:753} INFO - DAG(s) dict_keys(['example_branch_datetime_operator_2', 'example_branch_datetime_operator_3', 'example_branch_datetime_operator']) retrieved from /home/airflow/.local/lib/python3.7/site-packages/airflow/example_dags/example_branch_datetime_operator.py
[2023-01-15T13:46:44.408+0000] {logging_mixin.py:137} INFO - [2023-01-15T13:46:44.408+0000] {dag.py:2676} INFO - Sync 3 DAGs
[2023-01-15T13:46:44.548+0000] {logging_mixin.py:137} INFO - [2023-01-15T13:46:44.548+0000] {dag.py:3427} INFO - Setting next_dagrun for example_branch_datetime_operator to 2023-01-14T00:00:00+00:00, run_after=2023-01-15T00:00:00+00:00
[2023-01-15T13:46:44.567+0000] {logging_mixin.py:137} INFO - [2023-01-15T13:46:44.567+0000] {dag.py:3427} INFO - Setting next_dagrun for example_branch_datetime_operator_2 to 2023-01-14T00:00:00+00:00, run_after=2023-01-15T00:00:00+00:00
[2023-01-15T13:46:44.586+0000] {logging_mixin.py:137} INFO - [2023-01-15T13:46:44.586+0000] {dag.py:3427} INFO - Setting next_dagrun for example_branch_datetime_operator_3 to 2023-01-14T00:00:00+00:00, run_after=2023-01-15T00:00:00+00:00
[2023-01-15T13:46:44.670+0000] {processor.py:175} INFO - Processing /home/airflow/.local/lib/python3.7/site-packages/airflow/example_dags/example_branch_datetime_operator.py took 0.515 seconds
[2023-01-15T13:47:15.487+0000] {processor.py:153} INFO - Started process (PID=335) to work on /home/airflow/.local/lib/python3.7/site-packages/airflow/example_dags/example_branch_datetime_operator.py
[2023-01-15T13:47:15.490+0000] {processor.py:743} INFO - Processing file /home/airflow/.local/lib/python3.7/site-packages/airflow/example_dags/example_branch_datetime_operator.py for tasks to queue
[2023-01-15T13:47:15.495+0000] {logging_mixin.py:137} INFO - [2023-01-15T13:47:15.495+0000] {dagbag.py:538} INFO - Filling up the DagBag from /home/airflow/.local/lib/python3.7/site-packages/airflow/example_dags/example_branch_datetime_operator.py
[2023-01-15T13:47:15.600+0000] {processor.py:753} INFO - DAG(s) dict_keys(['example_branch_datetime_operator', 'example_branch_datetime_operator_3', 'example_branch_datetime_operator_2']) retrieved from /home/airflow/.local/lib/python3.7/site-packages/airflow/example_dags/example_branch_datetime_operator.py
[2023-01-15T13:47:15.964+0000] {logging_mixin.py:137} INFO - [2023-01-15T13:47:15.963+0000] {dag.py:2676} INFO - Sync 3 DAGs
[2023-01-15T13:47:16.158+0000] {logging_mixin.py:137} INFO - [2023-01-15T13:47:16.158+0000] {dag.py:3427} INFO - Setting next_dagrun for example_branch_datetime_operator to 2023-01-14T00:00:00+00:00, run_after=2023-01-15T00:00:00+00:00
[2023-01-15T13:47:16.204+0000] {logging_mixin.py:137} INFO - [2023-01-15T13:47:16.204+0000] {dag.py:3427} INFO - Setting next_dagrun for example_branch_datetime_operator_2 to 2023-01-14T00:00:00+00:00, run_after=2023-01-15T00:00:00+00:00
[2023-01-15T13:47:16.241+0000] {logging_mixin.py:137} INFO - [2023-01-15T13:47:16.240+0000] {dag.py:3427} INFO - Setting next_dagrun for example_branch_datetime_operator_3 to 2023-01-14T00:00:00+00:00, run_after=2023-01-15T00:00:00+00:00
[2023-01-15T13:47:16.413+0000] {processor.py:175} INFO - Processing /home/airflow/.local/lib/python3.7/site-packages/airflow/example_dags/example_branch_datetime_operator.py took 0.941 seconds
[2023-01-15T13:47:46.903+0000] {processor.py:153} INFO - Started process (PID=391) to work on /home/airflow/.local/lib/python3.7/site-packages/airflow/example_dags/example_branch_datetime_operator.py
[2023-01-15T13:47:46.906+0000] {processor.py:743} INFO - Processing file /home/airflow/.local/lib/python3.7/site-packages/airflow/example_dags/example_branch_datetime_operator.py for tasks to queue
[2023-01-15T13:47:46.908+0000] {logging_mixin.py:137} INFO - [2023-01-15T13:47:46.908+0000] {dagbag.py:538} INFO - Filling up the DagBag from /home/airflow/.local/lib/python3.7/site-packages/airflow/example_dags/example_branch_datetime_operator.py
[2023-01-15T13:47:46.951+0000] {processor.py:753} INFO - DAG(s) dict_keys(['example_branch_datetime_operator_2', 'example_branch_datetime_operator', 'example_branch_datetime_operator_3']) retrieved from /home/airflow/.local/lib/python3.7/site-packages/airflow/example_dags/example_branch_datetime_operator.py
[2023-01-15T13:47:47.065+0000] {logging_mixin.py:137} INFO - [2023-01-15T13:47:47.065+0000] {dag.py:2676} INFO - Sync 3 DAGs
[2023-01-15T13:47:47.135+0000] {logging_mixin.py:137} INFO - [2023-01-15T13:47:47.135+0000] {dag.py:3427} INFO - Setting next_dagrun for example_branch_datetime_operator to 2023-01-14T00:00:00+00:00, run_after=2023-01-15T00:00:00+00:00
[2023-01-15T13:47:47.155+0000] {logging_mixin.py:137} INFO - [2023-01-15T13:47:47.155+0000] {dag.py:3427} INFO - Setting next_dagrun for example_branch_datetime_operator_2 to 2023-01-14T00:00:00+00:00, run_after=2023-01-15T00:00:00+00:00
[2023-01-15T13:47:47.166+0000] {logging_mixin.py:137} INFO - [2023-01-15T13:47:47.166+0000] {dag.py:3427} INFO - Setting next_dagrun for example_branch_datetime_operator_3 to 2023-01-14T00:00:00+00:00, run_after=2023-01-15T00:00:00+00:00
[2023-01-15T13:47:47.222+0000] {processor.py:175} INFO - Processing /home/airflow/.local/lib/python3.7/site-packages/airflow/example_dags/example_branch_datetime_operator.py took 0.330 seconds
[2023-01-15T13:48:17.568+0000] {processor.py:153} INFO - Started process (PID=446) to work on /home/airflow/.local/lib/python3.7/site-packages/airflow/example_dags/example_branch_datetime_operator.py
[2023-01-15T13:48:17.571+0000] {processor.py:743} INFO - Processing file /home/airflow/.local/lib/python3.7/site-packages/airflow/example_dags/example_branch_datetime_operator.py for tasks to queue
[2023-01-15T13:48:17.573+0000] {logging_mixin.py:137} INFO - [2023-01-15T13:48:17.573+0000] {dagbag.py:538} INFO - Filling up the DagBag from /home/airflow/.local/lib/python3.7/site-packages/airflow/example_dags/example_branch_datetime_operator.py
[2023-01-15T13:48:17.626+0000] {processor.py:753} INFO - DAG(s) dict_keys(['example_branch_datetime_operator', 'example_branch_datetime_operator_2', 'example_branch_datetime_operator_3']) retrieved from /home/airflow/.local/lib/python3.7/site-packages/airflow/example_dags/example_branch_datetime_operator.py
[2023-01-15T13:48:17.750+0000] {logging_mixin.py:137} INFO - [2023-01-15T13:48:17.749+0000] {dag.py:2676} INFO - Sync 3 DAGs
[2023-01-15T13:48:17.804+0000] {logging_mixin.py:137} INFO - [2023-01-15T13:48:17.804+0000] {dag.py:3427} INFO - Setting next_dagrun for example_branch_datetime_operator to 2023-01-14T00:00:00+00:00, run_after=2023-01-15T00:00:00+00:00
[2023-01-15T13:48:17.814+0000] {logging_mixin.py:137} INFO - [2023-01-15T13:48:17.814+0000] {dag.py:3427} INFO - Setting next_dagrun for example_branch_datetime_operator_2 to 2023-01-14T00:00:00+00:00, run_after=2023-01-15T00:00:00+00:00
[2023-01-15T13:48:17.820+0000] {logging_mixin.py:137} INFO - [2023-01-15T13:48:17.820+0000] {dag.py:3427} INFO - Setting next_dagrun for example_branch_datetime_operator_3 to 2023-01-14T00:00:00+00:00, run_after=2023-01-15T00:00:00+00:00
[2023-01-15T13:48:17.874+0000] {processor.py:175} INFO - Processing /home/airflow/.local/lib/python3.7/site-packages/airflow/example_dags/example_branch_datetime_operator.py took 0.317 seconds
[2023-01-15T13:48:48.586+0000] {processor.py:153} INFO - Started process (PID=500) to work on /home/airflow/.local/lib/python3.7/site-packages/airflow/example_dags/example_branch_datetime_operator.py
[2023-01-15T13:48:48.593+0000] {processor.py:743} INFO - Processing file /home/airflow/.local/lib/python3.7/site-packages/airflow/example_dags/example_branch_datetime_operator.py for tasks to queue
[2023-01-15T13:48:48.595+0000] {logging_mixin.py:137} INFO - [2023-01-15T13:48:48.595+0000] {dagbag.py:538} INFO - Filling up the DagBag from /home/airflow/.local/lib/python3.7/site-packages/airflow/example_dags/example_branch_datetime_operator.py
[2023-01-15T13:48:48.754+0000] {processor.py:753} INFO - DAG(s) dict_keys(['example_branch_datetime_operator_3', 'example_branch_datetime_operator_2', 'example_branch_datetime_operator']) retrieved from /home/airflow/.local/lib/python3.7/site-packages/airflow/example_dags/example_branch_datetime_operator.py
[2023-01-15T13:48:48.969+0000] {logging_mixin.py:137} INFO - [2023-01-15T13:48:48.968+0000] {dag.py:2676} INFO - Sync 3 DAGs
[2023-01-15T13:48:49.077+0000] {logging_mixin.py:137} INFO - [2023-01-15T13:48:49.077+0000] {dag.py:3427} INFO - Setting next_dagrun for example_branch_datetime_operator to 2023-01-14T00:00:00+00:00, run_after=2023-01-15T00:00:00+00:00
[2023-01-15T13:48:49.105+0000] {logging_mixin.py:137} INFO - [2023-01-15T13:48:49.105+0000] {dag.py:3427} INFO - Setting next_dagrun for example_branch_datetime_operator_2 to 2023-01-14T00:00:00+00:00, run_after=2023-01-15T00:00:00+00:00
[2023-01-15T13:48:49.129+0000] {logging_mixin.py:137} INFO - [2023-01-15T13:48:49.129+0000] {dag.py:3427} INFO - Setting next_dagrun for example_branch_datetime_operator_3 to 2023-01-14T00:00:00+00:00, run_after=2023-01-15T00:00:00+00:00
[2023-01-15T13:48:49.187+0000] {processor.py:175} INFO - Processing /home/airflow/.local/lib/python3.7/site-packages/airflow/example_dags/example_branch_datetime_operator.py took 0.628 seconds
[2023-01-15T13:49:19.922+0000] {processor.py:153} INFO - Started process (PID=556) to work on /home/airflow/.local/lib/python3.7/site-packages/airflow/example_dags/example_branch_datetime_operator.py
[2023-01-15T13:49:19.931+0000] {processor.py:743} INFO - Processing file /home/airflow/.local/lib/python3.7/site-packages/airflow/example_dags/example_branch_datetime_operator.py for tasks to queue
[2023-01-15T13:49:19.932+0000] {logging_mixin.py:137} INFO - [2023-01-15T13:49:19.932+0000] {dagbag.py:538} INFO - Filling up the DagBag from /home/airflow/.local/lib/python3.7/site-packages/airflow/example_dags/example_branch_datetime_operator.py
[2023-01-15T13:49:20.043+0000] {processor.py:753} INFO - DAG(s) dict_keys(['example_branch_datetime_operator_2', 'example_branch_datetime_operator_3', 'example_branch_datetime_operator']) retrieved from /home/airflow/.local/lib/python3.7/site-packages/airflow/example_dags/example_branch_datetime_operator.py
[2023-01-15T13:49:20.284+0000] {logging_mixin.py:137} INFO - [2023-01-15T13:49:20.284+0000] {dag.py:2676} INFO - Sync 3 DAGs
[2023-01-15T13:49:20.558+0000] {logging_mixin.py:137} INFO - [2023-01-15T13:49:20.541+0000] {dag.py:3427} INFO - Setting next_dagrun for example_branch_datetime_operator to 2023-01-14T00:00:00+00:00, run_after=2023-01-15T00:00:00+00:00
[2023-01-15T13:49:20.635+0000] {logging_mixin.py:137} INFO - [2023-01-15T13:49:20.635+0000] {dag.py:3427} INFO - Setting next_dagrun for example_branch_datetime_operator_2 to 2023-01-14T00:00:00+00:00, run_after=2023-01-15T00:00:00+00:00
[2023-01-15T13:49:20.666+0000] {logging_mixin.py:137} INFO - [2023-01-15T13:49:20.666+0000] {dag.py:3427} INFO - Setting next_dagrun for example_branch_datetime_operator_3 to 2023-01-14T00:00:00+00:00, run_after=2023-01-15T00:00:00+00:00
[2023-01-15T13:49:20.858+0000] {processor.py:175} INFO - Processing /home/airflow/.local/lib/python3.7/site-packages/airflow/example_dags/example_branch_datetime_operator.py took 0.962 seconds
[2023-01-15T13:49:51.437+0000] {processor.py:153} INFO - Started process (PID=612) to work on /home/airflow/.local/lib/python3.7/site-packages/airflow/example_dags/example_branch_datetime_operator.py
[2023-01-15T13:49:51.447+0000] {processor.py:743} INFO - Processing file /home/airflow/.local/lib/python3.7/site-packages/airflow/example_dags/example_branch_datetime_operator.py for tasks to queue
[2023-01-15T13:49:51.460+0000] {logging_mixin.py:137} INFO - [2023-01-15T13:49:51.460+0000] {dagbag.py:538} INFO - Filling up the DagBag from /home/airflow/.local/lib/python3.7/site-packages/airflow/example_dags/example_branch_datetime_operator.py
[2023-01-15T13:49:51.639+0000] {processor.py:753} INFO - DAG(s) dict_keys(['example_branch_datetime_operator_2', 'example_branch_datetime_operator_3', 'example_branch_datetime_operator']) retrieved from /home/airflow/.local/lib/python3.7/site-packages/airflow/example_dags/example_branch_datetime_operator.py
[2023-01-15T13:49:51.946+0000] {logging_mixin.py:137} INFO - [2023-01-15T13:49:51.945+0000] {dag.py:2676} INFO - Sync 3 DAGs
[2023-01-15T13:49:52.086+0000] {logging_mixin.py:137} INFO - [2023-01-15T13:49:52.086+0000] {dag.py:3427} INFO - Setting next_dagrun for example_branch_datetime_operator to 2023-01-14T00:00:00+00:00, run_after=2023-01-15T00:00:00+00:00
[2023-01-15T13:49:52.127+0000] {logging_mixin.py:137} INFO - [2023-01-15T13:49:52.127+0000] {dag.py:3427} INFO - Setting next_dagrun for example_branch_datetime_operator_2 to 2023-01-14T00:00:00+00:00, run_after=2023-01-15T00:00:00+00:00
[2023-01-15T13:49:52.159+0000] {logging_mixin.py:137} INFO - [2023-01-15T13:49:52.156+0000] {dag.py:3427} INFO - Setting next_dagrun for example_branch_datetime_operator_3 to 2023-01-14T00:00:00+00:00, run_after=2023-01-15T00:00:00+00:00
[2023-01-15T13:49:52.313+0000] {processor.py:175} INFO - Processing /home/airflow/.local/lib/python3.7/site-packages/airflow/example_dags/example_branch_datetime_operator.py took 0.912 seconds
[2023-01-15T13:50:23.269+0000] {processor.py:153} INFO - Started process (PID=668) to work on /home/airflow/.local/lib/python3.7/site-packages/airflow/example_dags/example_branch_datetime_operator.py
[2023-01-15T13:50:23.280+0000] {processor.py:743} INFO - Processing file /home/airflow/.local/lib/python3.7/site-packages/airflow/example_dags/example_branch_datetime_operator.py for tasks to queue
[2023-01-15T13:50:23.282+0000] {logging_mixin.py:137} INFO - [2023-01-15T13:50:23.282+0000] {dagbag.py:538} INFO - Filling up the DagBag from /home/airflow/.local/lib/python3.7/site-packages/airflow/example_dags/example_branch_datetime_operator.py
[2023-01-15T13:50:23.426+0000] {processor.py:753} INFO - DAG(s) dict_keys(['example_branch_datetime_operator_2', 'example_branch_datetime_operator_3', 'example_branch_datetime_operator']) retrieved from /home/airflow/.local/lib/python3.7/site-packages/airflow/example_dags/example_branch_datetime_operator.py
[2023-01-15T13:50:24.005+0000] {logging_mixin.py:137} INFO - [2023-01-15T13:50:24.005+0000] {dag.py:2676} INFO - Sync 3 DAGs
[2023-01-15T13:50:24.246+0000] {logging_mixin.py:137} INFO - [2023-01-15T13:50:24.246+0000] {dag.py:3427} INFO - Setting next_dagrun for example_branch_datetime_operator to 2023-01-14T00:00:00+00:00, run_after=2023-01-15T00:00:00+00:00
[2023-01-15T13:50:24.271+0000] {logging_mixin.py:137} INFO - [2023-01-15T13:50:24.271+0000] {dag.py:3427} INFO - Setting next_dagrun for example_branch_datetime_operator_2 to 2023-01-14T00:00:00+00:00, run_after=2023-01-15T00:00:00+00:00
[2023-01-15T13:50:24.293+0000] {logging_mixin.py:137} INFO - [2023-01-15T13:50:24.292+0000] {dag.py:3427} INFO - Setting next_dagrun for example_branch_datetime_operator_3 to 2023-01-14T00:00:00+00:00, run_after=2023-01-15T00:00:00+00:00
[2023-01-15T13:50:24.380+0000] {processor.py:175} INFO - Processing /home/airflow/.local/lib/python3.7/site-packages/airflow/example_dags/example_branch_datetime_operator.py took 1.146 seconds
[2023-01-15T13:50:54.897+0000] {processor.py:153} INFO - Started process (PID=724) to work on /home/airflow/.local/lib/python3.7/site-packages/airflow/example_dags/example_branch_datetime_operator.py
[2023-01-15T13:50:54.913+0000] {processor.py:743} INFO - Processing file /home/airflow/.local/lib/python3.7/site-packages/airflow/example_dags/example_branch_datetime_operator.py for tasks to queue
[2023-01-15T13:50:54.916+0000] {logging_mixin.py:137} INFO - [2023-01-15T13:50:54.916+0000] {dagbag.py:538} INFO - Filling up the DagBag from /home/airflow/.local/lib/python3.7/site-packages/airflow/example_dags/example_branch_datetime_operator.py
[2023-01-15T13:50:55.023+0000] {processor.py:753} INFO - DAG(s) dict_keys(['example_branch_datetime_operator_3', 'example_branch_datetime_operator_2', 'example_branch_datetime_operator']) retrieved from /home/airflow/.local/lib/python3.7/site-packages/airflow/example_dags/example_branch_datetime_operator.py
[2023-01-15T13:50:55.384+0000] {logging_mixin.py:137} INFO - [2023-01-15T13:50:55.384+0000] {dag.py:2676} INFO - Sync 3 DAGs
[2023-01-15T13:50:55.583+0000] {logging_mixin.py:137} INFO - [2023-01-15T13:50:55.583+0000] {dag.py:3427} INFO - Setting next_dagrun for example_branch_datetime_operator to 2023-01-14T00:00:00+00:00, run_after=2023-01-15T00:00:00+00:00
[2023-01-15T13:50:55.630+0000] {logging_mixin.py:137} INFO - [2023-01-15T13:50:55.630+0000] {dag.py:3427} INFO - Setting next_dagrun for example_branch_datetime_operator_2 to 2023-01-14T00:00:00+00:00, run_after=2023-01-15T00:00:00+00:00
[2023-01-15T13:50:55.662+0000] {logging_mixin.py:137} INFO - [2023-01-15T13:50:55.662+0000] {dag.py:3427} INFO - Setting next_dagrun for example_branch_datetime_operator_3 to 2023-01-14T00:00:00+00:00, run_after=2023-01-15T00:00:00+00:00
[2023-01-15T13:50:55.793+0000] {processor.py:175} INFO - Processing /home/airflow/.local/lib/python3.7/site-packages/airflow/example_dags/example_branch_datetime_operator.py took 0.921 seconds
[2023-01-15T13:51:26.729+0000] {processor.py:153} INFO - Started process (PID=780) to work on /home/airflow/.local/lib/python3.7/site-packages/airflow/example_dags/example_branch_datetime_operator.py
[2023-01-15T13:51:26.812+0000] {processor.py:743} INFO - Processing file /home/airflow/.local/lib/python3.7/site-packages/airflow/example_dags/example_branch_datetime_operator.py for tasks to queue
[2023-01-15T13:51:26.825+0000] {logging_mixin.py:137} INFO - [2023-01-15T13:51:26.824+0000] {dagbag.py:538} INFO - Filling up the DagBag from /home/airflow/.local/lib/python3.7/site-packages/airflow/example_dags/example_branch_datetime_operator.py
[2023-01-15T13:51:27.141+0000] {processor.py:753} INFO - DAG(s) dict_keys(['example_branch_datetime_operator_2', 'example_branch_datetime_operator_3', 'example_branch_datetime_operator']) retrieved from /home/airflow/.local/lib/python3.7/site-packages/airflow/example_dags/example_branch_datetime_operator.py
[2023-01-15T13:51:27.912+0000] {logging_mixin.py:137} INFO - [2023-01-15T13:51:27.912+0000] {dag.py:2676} INFO - Sync 3 DAGs
[2023-01-15T13:51:28.181+0000] {logging_mixin.py:137} INFO - [2023-01-15T13:51:28.181+0000] {dag.py:3427} INFO - Setting next_dagrun for example_branch_datetime_operator to 2023-01-14T00:00:00+00:00, run_after=2023-01-15T00:00:00+00:00
[2023-01-15T13:51:28.223+0000] {logging_mixin.py:137} INFO - [2023-01-15T13:51:28.222+0000] {dag.py:3427} INFO - Setting next_dagrun for example_branch_datetime_operator_2 to 2023-01-14T00:00:00+00:00, run_after=2023-01-15T00:00:00+00:00
[2023-01-15T13:51:28.247+0000] {logging_mixin.py:137} INFO - [2023-01-15T13:51:28.247+0000] {dag.py:3427} INFO - Setting next_dagrun for example_branch_datetime_operator_3 to 2023-01-14T00:00:00+00:00, run_after=2023-01-15T00:00:00+00:00
[2023-01-15T13:51:28.364+0000] {processor.py:175} INFO - Processing /home/airflow/.local/lib/python3.7/site-packages/airflow/example_dags/example_branch_datetime_operator.py took 1.700 seconds
[2023-01-15T13:51:59.065+0000] {processor.py:153} INFO - Started process (PID=836) to work on /home/airflow/.local/lib/python3.7/site-packages/airflow/example_dags/example_branch_datetime_operator.py
[2023-01-15T13:51:59.068+0000] {processor.py:743} INFO - Processing file /home/airflow/.local/lib/python3.7/site-packages/airflow/example_dags/example_branch_datetime_operator.py for tasks to queue
[2023-01-15T13:51:59.074+0000] {logging_mixin.py:137} INFO - [2023-01-15T13:51:59.074+0000] {dagbag.py:538} INFO - Filling up the DagBag from /home/airflow/.local/lib/python3.7/site-packages/airflow/example_dags/example_branch_datetime_operator.py
[2023-01-15T13:51:59.118+0000] {processor.py:753} INFO - DAG(s) dict_keys(['example_branch_datetime_operator_3', 'example_branch_datetime_operator_2', 'example_branch_datetime_operator']) retrieved from /home/airflow/.local/lib/python3.7/site-packages/airflow/example_dags/example_branch_datetime_operator.py
[2023-01-15T13:51:59.333+0000] {logging_mixin.py:137} INFO - [2023-01-15T13:51:59.333+0000] {dag.py:2676} INFO - Sync 3 DAGs
[2023-01-15T13:51:59.435+0000] {logging_mixin.py:137} INFO - [2023-01-15T13:51:59.434+0000] {dag.py:3427} INFO - Setting next_dagrun for example_branch_datetime_operator to 2023-01-14T00:00:00+00:00, run_after=2023-01-15T00:00:00+00:00
[2023-01-15T13:51:59.445+0000] {logging_mixin.py:137} INFO - [2023-01-15T13:51:59.445+0000] {dag.py:3427} INFO - Setting next_dagrun for example_branch_datetime_operator_2 to 2023-01-14T00:00:00+00:00, run_after=2023-01-15T00:00:00+00:00
[2023-01-15T13:51:59.449+0000] {logging_mixin.py:137} INFO - [2023-01-15T13:51:59.449+0000] {dag.py:3427} INFO - Setting next_dagrun for example_branch_datetime_operator_3 to 2023-01-14T00:00:00+00:00, run_after=2023-01-15T00:00:00+00:00
[2023-01-15T13:51:59.498+0000] {processor.py:175} INFO - Processing /home/airflow/.local/lib/python3.7/site-packages/airflow/example_dags/example_branch_datetime_operator.py took 0.443 seconds
[2023-01-15T13:52:32.179+0000] {processor.py:153} INFO - Started process (PID=890) to work on /home/airflow/.local/lib/python3.7/site-packages/airflow/example_dags/example_branch_datetime_operator.py
[2023-01-15T13:52:32.198+0000] {processor.py:743} INFO - Processing file /home/airflow/.local/lib/python3.7/site-packages/airflow/example_dags/example_branch_datetime_operator.py for tasks to queue
[2023-01-15T13:52:32.221+0000] {logging_mixin.py:137} INFO - [2023-01-15T13:52:32.209+0000] {dagbag.py:538} INFO - Filling up the DagBag from /home/airflow/.local/lib/python3.7/site-packages/airflow/example_dags/example_branch_datetime_operator.py
[2023-01-15T13:52:32.516+0000] {processor.py:753} INFO - DAG(s) dict_keys(['example_branch_datetime_operator_3', 'example_branch_datetime_operator_2', 'example_branch_datetime_operator']) retrieved from /home/airflow/.local/lib/python3.7/site-packages/airflow/example_dags/example_branch_datetime_operator.py
[2023-01-15T13:52:33.089+0000] {logging_mixin.py:137} INFO - [2023-01-15T13:52:33.088+0000] {dag.py:2676} INFO - Sync 3 DAGs
[2023-01-15T13:52:33.430+0000] {logging_mixin.py:137} INFO - [2023-01-15T13:52:33.430+0000] {dag.py:3427} INFO - Setting next_dagrun for example_branch_datetime_operator to 2023-01-14T00:00:00+00:00, run_after=2023-01-15T00:00:00+00:00
[2023-01-15T13:52:33.506+0000] {logging_mixin.py:137} INFO - [2023-01-15T13:52:33.506+0000] {dag.py:3427} INFO - Setting next_dagrun for example_branch_datetime_operator_2 to 2023-01-14T00:00:00+00:00, run_after=2023-01-15T00:00:00+00:00
[2023-01-15T13:52:33.549+0000] {logging_mixin.py:137} INFO - [2023-01-15T13:52:33.549+0000] {dag.py:3427} INFO - Setting next_dagrun for example_branch_datetime_operator_3 to 2023-01-14T00:00:00+00:00, run_after=2023-01-15T00:00:00+00:00
[2023-01-15T13:52:33.742+0000] {processor.py:175} INFO - Processing /home/airflow/.local/lib/python3.7/site-packages/airflow/example_dags/example_branch_datetime_operator.py took 1.647 seconds
