[2023-01-15T12:59:41.633+0000] {processor.py:153} INFO - Started process (PID=87) to work on /home/airflow/.local/lib/python3.7/site-packages/airflow/example_dags/example_xcom.py
[2023-01-15T12:59:41.648+0000] {processor.py:743} INFO - Processing file /home/airflow/.local/lib/python3.7/site-packages/airflow/example_dags/example_xcom.py for tasks to queue
[2023-01-15T12:59:41.660+0000] {logging_mixin.py:137} INFO - [2023-01-15T12:59:41.660+0000] {dagbag.py:538} INFO - Filling up the DagBag from /home/airflow/.local/lib/python3.7/site-packages/airflow/example_dags/example_xcom.py
[2023-01-15T12:59:42.012+0000] {processor.py:753} INFO - DAG(s) dict_keys(['example_xcom']) retrieved from /home/airflow/.local/lib/python3.7/site-packages/airflow/example_dags/example_xcom.py
[2023-01-15T12:59:44.094+0000] {logging_mixin.py:137} INFO - [2023-01-15T12:59:44.094+0000] {manager.py:504} INFO - Created Permission View: can read on DAG:example_xcom
[2023-01-15T12:59:44.215+0000] {logging_mixin.py:137} INFO - [2023-01-15T12:59:44.215+0000] {manager.py:504} INFO - Created Permission View: can edit on DAG:example_xcom
[2023-01-15T12:59:44.329+0000] {logging_mixin.py:137} INFO - [2023-01-15T12:59:44.329+0000] {manager.py:504} INFO - Created Permission View: can delete on DAG:example_xcom
[2023-01-15T12:59:44.331+0000] {logging_mixin.py:137} INFO - [2023-01-15T12:59:44.331+0000] {dag.py:2676} INFO - Sync 1 DAGs
[2023-01-15T12:59:44.583+0000] {logging_mixin.py:137} INFO - [2023-01-15T12:59:44.582+0000] {dag.py:2697} INFO - Creating ORM DAG for example_xcom
[2023-01-15T12:59:44.777+0000] {logging_mixin.py:137} INFO - [2023-01-15T12:59:44.777+0000] {dag.py:3427} INFO - Setting next_dagrun for example_xcom to 2021-01-01T00:00:00+00:00, run_after=2021-01-01T00:00:00+00:00
[2023-01-15T12:59:45.075+0000] {processor.py:175} INFO - Processing /home/airflow/.local/lib/python3.7/site-packages/airflow/example_dags/example_xcom.py took 3.498 seconds
[2023-01-15T13:00:15.390+0000] {processor.py:153} INFO - Started process (PID=143) to work on /home/airflow/.local/lib/python3.7/site-packages/airflow/example_dags/example_xcom.py
[2023-01-15T13:00:15.398+0000] {processor.py:743} INFO - Processing file /home/airflow/.local/lib/python3.7/site-packages/airflow/example_dags/example_xcom.py for tasks to queue
[2023-01-15T13:00:15.400+0000] {logging_mixin.py:137} INFO - [2023-01-15T13:00:15.400+0000] {dagbag.py:538} INFO - Filling up the DagBag from /home/airflow/.local/lib/python3.7/site-packages/airflow/example_dags/example_xcom.py
[2023-01-15T13:00:15.551+0000] {processor.py:753} INFO - DAG(s) dict_keys(['example_xcom']) retrieved from /home/airflow/.local/lib/python3.7/site-packages/airflow/example_dags/example_xcom.py
[2023-01-15T13:00:15.709+0000] {logging_mixin.py:137} INFO - [2023-01-15T13:00:15.709+0000] {dag.py:2676} INFO - Sync 1 DAGs
[2023-01-15T13:00:15.775+0000] {logging_mixin.py:137} INFO - [2023-01-15T13:00:15.775+0000] {dag.py:3427} INFO - Setting next_dagrun for example_xcom to 2021-01-01T00:00:00+00:00, run_after=2021-01-01T00:00:00+00:00
[2023-01-15T13:00:15.820+0000] {processor.py:175} INFO - Processing /home/airflow/.local/lib/python3.7/site-packages/airflow/example_dags/example_xcom.py took 0.440 seconds
[2023-01-15T13:00:46.032+0000] {processor.py:153} INFO - Started process (PID=199) to work on /home/airflow/.local/lib/python3.7/site-packages/airflow/example_dags/example_xcom.py
[2023-01-15T13:00:46.034+0000] {processor.py:743} INFO - Processing file /home/airflow/.local/lib/python3.7/site-packages/airflow/example_dags/example_xcom.py for tasks to queue
[2023-01-15T13:00:46.035+0000] {logging_mixin.py:137} INFO - [2023-01-15T13:00:46.035+0000] {dagbag.py:538} INFO - Filling up the DagBag from /home/airflow/.local/lib/python3.7/site-packages/airflow/example_dags/example_xcom.py
[2023-01-15T13:00:46.064+0000] {processor.py:753} INFO - DAG(s) dict_keys(['example_xcom']) retrieved from /home/airflow/.local/lib/python3.7/site-packages/airflow/example_dags/example_xcom.py
[2023-01-15T13:00:46.109+0000] {logging_mixin.py:137} INFO - [2023-01-15T13:00:46.109+0000] {dag.py:2676} INFO - Sync 1 DAGs
[2023-01-15T13:00:46.139+0000] {logging_mixin.py:137} INFO - [2023-01-15T13:00:46.139+0000] {dag.py:3427} INFO - Setting next_dagrun for example_xcom to 2021-01-01T00:00:00+00:00, run_after=2021-01-01T00:00:00+00:00
[2023-01-15T13:00:46.187+0000] {processor.py:175} INFO - Processing /home/airflow/.local/lib/python3.7/site-packages/airflow/example_dags/example_xcom.py took 0.160 seconds
[2023-01-15T13:01:16.500+0000] {processor.py:153} INFO - Started process (PID=263) to work on /home/airflow/.local/lib/python3.7/site-packages/airflow/example_dags/example_xcom.py
[2023-01-15T13:01:16.514+0000] {processor.py:743} INFO - Processing file /home/airflow/.local/lib/python3.7/site-packages/airflow/example_dags/example_xcom.py for tasks to queue
[2023-01-15T13:01:16.517+0000] {logging_mixin.py:137} INFO - [2023-01-15T13:01:16.516+0000] {dagbag.py:538} INFO - Filling up the DagBag from /home/airflow/.local/lib/python3.7/site-packages/airflow/example_dags/example_xcom.py
[2023-01-15T13:01:16.589+0000] {processor.py:753} INFO - DAG(s) dict_keys(['example_xcom']) retrieved from /home/airflow/.local/lib/python3.7/site-packages/airflow/example_dags/example_xcom.py
[2023-01-15T13:01:16.708+0000] {logging_mixin.py:137} INFO - [2023-01-15T13:01:16.708+0000] {dag.py:2676} INFO - Sync 1 DAGs
[2023-01-15T13:01:16.764+0000] {logging_mixin.py:137} INFO - [2023-01-15T13:01:16.764+0000] {dag.py:3427} INFO - Setting next_dagrun for example_xcom to 2021-01-01T00:00:00+00:00, run_after=2021-01-01T00:00:00+00:00
[2023-01-15T13:01:16.839+0000] {processor.py:175} INFO - Processing /home/airflow/.local/lib/python3.7/site-packages/airflow/example_dags/example_xcom.py took 0.347 seconds
[2023-01-15T13:01:46.970+0000] {processor.py:153} INFO - Started process (PID=318) to work on /home/airflow/.local/lib/python3.7/site-packages/airflow/example_dags/example_xcom.py
[2023-01-15T13:01:46.976+0000] {processor.py:743} INFO - Processing file /home/airflow/.local/lib/python3.7/site-packages/airflow/example_dags/example_xcom.py for tasks to queue
[2023-01-15T13:01:46.978+0000] {logging_mixin.py:137} INFO - [2023-01-15T13:01:46.978+0000] {dagbag.py:538} INFO - Filling up the DagBag from /home/airflow/.local/lib/python3.7/site-packages/airflow/example_dags/example_xcom.py
[2023-01-15T13:01:47.042+0000] {processor.py:753} INFO - DAG(s) dict_keys(['example_xcom']) retrieved from /home/airflow/.local/lib/python3.7/site-packages/airflow/example_dags/example_xcom.py
[2023-01-15T13:01:47.150+0000] {logging_mixin.py:137} INFO - [2023-01-15T13:01:47.150+0000] {dag.py:2676} INFO - Sync 1 DAGs
[2023-01-15T13:01:47.215+0000] {logging_mixin.py:137} INFO - [2023-01-15T13:01:47.215+0000] {dag.py:3427} INFO - Setting next_dagrun for example_xcom to 2021-01-01T00:00:00+00:00, run_after=2021-01-01T00:00:00+00:00
[2023-01-15T13:01:47.268+0000] {processor.py:175} INFO - Processing /home/airflow/.local/lib/python3.7/site-packages/airflow/example_dags/example_xcom.py took 0.305 seconds
[2023-01-15T13:02:17.545+0000] {processor.py:153} INFO - Started process (PID=373) to work on /home/airflow/.local/lib/python3.7/site-packages/airflow/example_dags/example_xcom.py
[2023-01-15T13:02:17.555+0000] {processor.py:743} INFO - Processing file /home/airflow/.local/lib/python3.7/site-packages/airflow/example_dags/example_xcom.py for tasks to queue
[2023-01-15T13:02:17.565+0000] {logging_mixin.py:137} INFO - [2023-01-15T13:02:17.564+0000] {dagbag.py:538} INFO - Filling up the DagBag from /home/airflow/.local/lib/python3.7/site-packages/airflow/example_dags/example_xcom.py
[2023-01-15T13:02:17.788+0000] {processor.py:753} INFO - DAG(s) dict_keys(['example_xcom']) retrieved from /home/airflow/.local/lib/python3.7/site-packages/airflow/example_dags/example_xcom.py
[2023-01-15T13:02:17.962+0000] {logging_mixin.py:137} INFO - [2023-01-15T13:02:17.961+0000] {dag.py:2676} INFO - Sync 1 DAGs
[2023-01-15T13:02:18.078+0000] {logging_mixin.py:137} INFO - [2023-01-15T13:02:18.078+0000] {dag.py:3427} INFO - Setting next_dagrun for example_xcom to 2021-01-01T00:00:00+00:00, run_after=2021-01-01T00:00:00+00:00
[2023-01-15T13:02:18.162+0000] {processor.py:175} INFO - Processing /home/airflow/.local/lib/python3.7/site-packages/airflow/example_dags/example_xcom.py took 0.658 seconds
[2023-01-15T13:02:48.630+0000] {processor.py:153} INFO - Started process (PID=426) to work on /home/airflow/.local/lib/python3.7/site-packages/airflow/example_dags/example_xcom.py
[2023-01-15T13:02:48.635+0000] {processor.py:743} INFO - Processing file /home/airflow/.local/lib/python3.7/site-packages/airflow/example_dags/example_xcom.py for tasks to queue
[2023-01-15T13:02:48.637+0000] {logging_mixin.py:137} INFO - [2023-01-15T13:02:48.637+0000] {dagbag.py:538} INFO - Filling up the DagBag from /home/airflow/.local/lib/python3.7/site-packages/airflow/example_dags/example_xcom.py
[2023-01-15T13:02:48.763+0000] {processor.py:753} INFO - DAG(s) dict_keys(['example_xcom']) retrieved from /home/airflow/.local/lib/python3.7/site-packages/airflow/example_dags/example_xcom.py
[2023-01-15T13:02:49.047+0000] {logging_mixin.py:137} INFO - [2023-01-15T13:02:49.047+0000] {dag.py:2676} INFO - Sync 1 DAGs
[2023-01-15T13:02:49.171+0000] {logging_mixin.py:137} INFO - [2023-01-15T13:02:49.171+0000] {dag.py:3427} INFO - Setting next_dagrun for example_xcom to 2021-01-01T00:00:00+00:00, run_after=2021-01-01T00:00:00+00:00
[2023-01-15T13:02:49.259+0000] {processor.py:175} INFO - Processing /home/airflow/.local/lib/python3.7/site-packages/airflow/example_dags/example_xcom.py took 0.667 seconds
[2023-01-15T13:03:19.916+0000] {processor.py:153} INFO - Started process (PID=475) to work on /home/airflow/.local/lib/python3.7/site-packages/airflow/example_dags/example_xcom.py
[2023-01-15T13:03:19.922+0000] {processor.py:743} INFO - Processing file /home/airflow/.local/lib/python3.7/site-packages/airflow/example_dags/example_xcom.py for tasks to queue
[2023-01-15T13:03:19.924+0000] {logging_mixin.py:137} INFO - [2023-01-15T13:03:19.924+0000] {dagbag.py:538} INFO - Filling up the DagBag from /home/airflow/.local/lib/python3.7/site-packages/airflow/example_dags/example_xcom.py
[2023-01-15T13:03:19.988+0000] {processor.py:753} INFO - DAG(s) dict_keys(['example_xcom']) retrieved from /home/airflow/.local/lib/python3.7/site-packages/airflow/example_dags/example_xcom.py
[2023-01-15T13:03:20.083+0000] {logging_mixin.py:137} INFO - [2023-01-15T13:03:20.083+0000] {dag.py:2676} INFO - Sync 1 DAGs
[2023-01-15T13:03:20.145+0000] {logging_mixin.py:137} INFO - [2023-01-15T13:03:20.145+0000] {dag.py:3427} INFO - Setting next_dagrun for example_xcom to 2021-01-01T00:00:00+00:00, run_after=2021-01-01T00:00:00+00:00
[2023-01-15T13:03:20.202+0000] {processor.py:175} INFO - Processing /home/airflow/.local/lib/python3.7/site-packages/airflow/example_dags/example_xcom.py took 0.294 seconds
[2023-01-15T13:03:50.404+0000] {processor.py:153} INFO - Started process (PID=531) to work on /home/airflow/.local/lib/python3.7/site-packages/airflow/example_dags/example_xcom.py
[2023-01-15T13:03:50.406+0000] {processor.py:743} INFO - Processing file /home/airflow/.local/lib/python3.7/site-packages/airflow/example_dags/example_xcom.py for tasks to queue
[2023-01-15T13:03:50.408+0000] {logging_mixin.py:137} INFO - [2023-01-15T13:03:50.408+0000] {dagbag.py:538} INFO - Filling up the DagBag from /home/airflow/.local/lib/python3.7/site-packages/airflow/example_dags/example_xcom.py
[2023-01-15T13:03:50.466+0000] {processor.py:753} INFO - DAG(s) dict_keys(['example_xcom']) retrieved from /home/airflow/.local/lib/python3.7/site-packages/airflow/example_dags/example_xcom.py
[2023-01-15T13:03:50.553+0000] {logging_mixin.py:137} INFO - [2023-01-15T13:03:50.553+0000] {dag.py:2676} INFO - Sync 1 DAGs
[2023-01-15T13:03:50.613+0000] {logging_mixin.py:137} INFO - [2023-01-15T13:03:50.613+0000] {dag.py:3427} INFO - Setting next_dagrun for example_xcom to 2021-01-01T00:00:00+00:00, run_after=2021-01-01T00:00:00+00:00
[2023-01-15T13:03:50.667+0000] {processor.py:175} INFO - Processing /home/airflow/.local/lib/python3.7/site-packages/airflow/example_dags/example_xcom.py took 0.272 seconds
[2023-01-15T13:04:21.074+0000] {processor.py:153} INFO - Started process (PID=595) to work on /home/airflow/.local/lib/python3.7/site-packages/airflow/example_dags/example_xcom.py
[2023-01-15T13:04:21.076+0000] {processor.py:743} INFO - Processing file /home/airflow/.local/lib/python3.7/site-packages/airflow/example_dags/example_xcom.py for tasks to queue
[2023-01-15T13:04:21.078+0000] {logging_mixin.py:137} INFO - [2023-01-15T13:04:21.078+0000] {dagbag.py:538} INFO - Filling up the DagBag from /home/airflow/.local/lib/python3.7/site-packages/airflow/example_dags/example_xcom.py
[2023-01-15T13:04:21.138+0000] {processor.py:753} INFO - DAG(s) dict_keys(['example_xcom']) retrieved from /home/airflow/.local/lib/python3.7/site-packages/airflow/example_dags/example_xcom.py
[2023-01-15T13:04:21.243+0000] {logging_mixin.py:137} INFO - [2023-01-15T13:04:21.243+0000] {dag.py:2676} INFO - Sync 1 DAGs
[2023-01-15T13:04:21.331+0000] {logging_mixin.py:137} INFO - [2023-01-15T13:04:21.330+0000] {dag.py:3427} INFO - Setting next_dagrun for example_xcom to 2021-01-01T00:00:00+00:00, run_after=2021-01-01T00:00:00+00:00
[2023-01-15T13:04:21.416+0000] {processor.py:175} INFO - Processing /home/airflow/.local/lib/python3.7/site-packages/airflow/example_dags/example_xcom.py took 0.351 seconds
[2023-01-15T13:04:51.553+0000] {processor.py:153} INFO - Started process (PID=651) to work on /home/airflow/.local/lib/python3.7/site-packages/airflow/example_dags/example_xcom.py
[2023-01-15T13:04:51.560+0000] {processor.py:743} INFO - Processing file /home/airflow/.local/lib/python3.7/site-packages/airflow/example_dags/example_xcom.py for tasks to queue
[2023-01-15T13:04:51.562+0000] {logging_mixin.py:137} INFO - [2023-01-15T13:04:51.562+0000] {dagbag.py:538} INFO - Filling up the DagBag from /home/airflow/.local/lib/python3.7/site-packages/airflow/example_dags/example_xcom.py
[2023-01-15T13:04:51.695+0000] {processor.py:753} INFO - DAG(s) dict_keys(['example_xcom']) retrieved from /home/airflow/.local/lib/python3.7/site-packages/airflow/example_dags/example_xcom.py
[2023-01-15T13:04:51.911+0000] {logging_mixin.py:137} INFO - [2023-01-15T13:04:51.910+0000] {dag.py:2676} INFO - Sync 1 DAGs
[2023-01-15T13:04:52.050+0000] {logging_mixin.py:137} INFO - [2023-01-15T13:04:52.049+0000] {dag.py:3427} INFO - Setting next_dagrun for example_xcom to 2021-01-01T00:00:00+00:00, run_after=2021-01-01T00:00:00+00:00
[2023-01-15T13:04:52.159+0000] {processor.py:175} INFO - Processing /home/airflow/.local/lib/python3.7/site-packages/airflow/example_dags/example_xcom.py took 0.620 seconds
[2023-01-15T13:05:22.461+0000] {processor.py:153} INFO - Started process (PID=706) to work on /home/airflow/.local/lib/python3.7/site-packages/airflow/example_dags/example_xcom.py
[2023-01-15T13:05:22.466+0000] {processor.py:743} INFO - Processing file /home/airflow/.local/lib/python3.7/site-packages/airflow/example_dags/example_xcom.py for tasks to queue
[2023-01-15T13:05:22.474+0000] {logging_mixin.py:137} INFO - [2023-01-15T13:05:22.474+0000] {dagbag.py:538} INFO - Filling up the DagBag from /home/airflow/.local/lib/python3.7/site-packages/airflow/example_dags/example_xcom.py
[2023-01-15T13:05:22.587+0000] {processor.py:753} INFO - DAG(s) dict_keys(['example_xcom']) retrieved from /home/airflow/.local/lib/python3.7/site-packages/airflow/example_dags/example_xcom.py
[2023-01-15T13:05:22.764+0000] {logging_mixin.py:137} INFO - [2023-01-15T13:05:22.764+0000] {dag.py:2676} INFO - Sync 1 DAGs
[2023-01-15T13:05:22.883+0000] {logging_mixin.py:137} INFO - [2023-01-15T13:05:22.883+0000] {dag.py:3427} INFO - Setting next_dagrun for example_xcom to 2021-01-01T00:00:00+00:00, run_after=2021-01-01T00:00:00+00:00
[2023-01-15T13:05:22.973+0000] {processor.py:175} INFO - Processing /home/airflow/.local/lib/python3.7/site-packages/airflow/example_dags/example_xcom.py took 0.542 seconds
[2023-01-15T13:05:53.179+0000] {processor.py:153} INFO - Started process (PID=768) to work on /home/airflow/.local/lib/python3.7/site-packages/airflow/example_dags/example_xcom.py
[2023-01-15T13:05:53.196+0000] {processor.py:743} INFO - Processing file /home/airflow/.local/lib/python3.7/site-packages/airflow/example_dags/example_xcom.py for tasks to queue
[2023-01-15T13:05:53.199+0000] {logging_mixin.py:137} INFO - [2023-01-15T13:05:53.199+0000] {dagbag.py:538} INFO - Filling up the DagBag from /home/airflow/.local/lib/python3.7/site-packages/airflow/example_dags/example_xcom.py
[2023-01-15T13:05:53.287+0000] {processor.py:753} INFO - DAG(s) dict_keys(['example_xcom']) retrieved from /home/airflow/.local/lib/python3.7/site-packages/airflow/example_dags/example_xcom.py
[2023-01-15T13:05:53.448+0000] {logging_mixin.py:137} INFO - [2023-01-15T13:05:53.448+0000] {dag.py:2676} INFO - Sync 1 DAGs
[2023-01-15T13:05:53.541+0000] {logging_mixin.py:137} INFO - [2023-01-15T13:05:53.541+0000] {dag.py:3427} INFO - Setting next_dagrun for example_xcom to 2021-01-01T00:00:00+00:00, run_after=2021-01-01T00:00:00+00:00
[2023-01-15T13:05:53.615+0000] {processor.py:175} INFO - Processing /home/airflow/.local/lib/python3.7/site-packages/airflow/example_dags/example_xcom.py took 0.447 seconds
[2023-01-15T13:06:24.059+0000] {processor.py:153} INFO - Started process (PID=822) to work on /home/airflow/.local/lib/python3.7/site-packages/airflow/example_dags/example_xcom.py
[2023-01-15T13:06:24.066+0000] {processor.py:743} INFO - Processing file /home/airflow/.local/lib/python3.7/site-packages/airflow/example_dags/example_xcom.py for tasks to queue
[2023-01-15T13:06:24.070+0000] {logging_mixin.py:137} INFO - [2023-01-15T13:06:24.070+0000] {dagbag.py:538} INFO - Filling up the DagBag from /home/airflow/.local/lib/python3.7/site-packages/airflow/example_dags/example_xcom.py
[2023-01-15T13:06:24.221+0000] {processor.py:753} INFO - DAG(s) dict_keys(['example_xcom']) retrieved from /home/airflow/.local/lib/python3.7/site-packages/airflow/example_dags/example_xcom.py
[2023-01-15T13:06:24.420+0000] {logging_mixin.py:137} INFO - [2023-01-15T13:06:24.419+0000] {dag.py:2676} INFO - Sync 1 DAGs
[2023-01-15T13:06:24.533+0000] {logging_mixin.py:137} INFO - [2023-01-15T13:06:24.533+0000] {dag.py:3427} INFO - Setting next_dagrun for example_xcom to 2021-01-01T00:00:00+00:00, run_after=2021-01-01T00:00:00+00:00
[2023-01-15T13:06:24.623+0000] {processor.py:175} INFO - Processing /home/airflow/.local/lib/python3.7/site-packages/airflow/example_dags/example_xcom.py took 0.580 seconds
[2023-01-15T13:07:02.336+0000] {processor.py:153} INFO - Started process (PID=886) to work on /home/airflow/.local/lib/python3.7/site-packages/airflow/example_dags/example_xcom.py
[2023-01-15T13:07:02.352+0000] {processor.py:743} INFO - Processing file /home/airflow/.local/lib/python3.7/site-packages/airflow/example_dags/example_xcom.py for tasks to queue
[2023-01-15T13:07:02.365+0000] {logging_mixin.py:137} INFO - [2023-01-15T13:07:02.365+0000] {dagbag.py:538} INFO - Filling up the DagBag from /home/airflow/.local/lib/python3.7/site-packages/airflow/example_dags/example_xcom.py
[2023-01-15T13:07:02.801+0000] {processor.py:753} INFO - DAG(s) dict_keys(['example_xcom']) retrieved from /home/airflow/.local/lib/python3.7/site-packages/airflow/example_dags/example_xcom.py
[2023-01-15T13:07:03.443+0000] {logging_mixin.py:137} INFO - [2023-01-15T13:07:03.443+0000] {dag.py:2676} INFO - Sync 1 DAGs
[2023-01-15T13:07:03.727+0000] {logging_mixin.py:137} INFO - [2023-01-15T13:07:03.727+0000] {dag.py:3427} INFO - Setting next_dagrun for example_xcom to 2021-01-01T00:00:00+00:00, run_after=2021-01-01T00:00:00+00:00
[2023-01-15T13:07:03.980+0000] {processor.py:175} INFO - Processing /home/airflow/.local/lib/python3.7/site-packages/airflow/example_dags/example_xcom.py took 1.694 seconds
[2023-01-15T13:07:51.606+0000] {processor.py:153} INFO - Started process (PID=944) to work on /home/airflow/.local/lib/python3.7/site-packages/airflow/example_dags/example_xcom.py
[2023-01-15T13:07:51.617+0000] {processor.py:743} INFO - Processing file /home/airflow/.local/lib/python3.7/site-packages/airflow/example_dags/example_xcom.py for tasks to queue
[2023-01-15T13:07:51.623+0000] {logging_mixin.py:137} INFO - [2023-01-15T13:07:51.623+0000] {dagbag.py:538} INFO - Filling up the DagBag from /home/airflow/.local/lib/python3.7/site-packages/airflow/example_dags/example_xcom.py
[2023-01-15T13:07:51.836+0000] {processor.py:753} INFO - DAG(s) dict_keys(['example_xcom']) retrieved from /home/airflow/.local/lib/python3.7/site-packages/airflow/example_dags/example_xcom.py
[2023-01-15T13:07:52.072+0000] {logging_mixin.py:137} INFO - [2023-01-15T13:07:52.072+0000] {dag.py:2676} INFO - Sync 1 DAGs
[2023-01-15T13:07:52.442+0000] {logging_mixin.py:137} INFO - [2023-01-15T13:07:52.441+0000] {dag.py:3427} INFO - Setting next_dagrun for example_xcom to 2021-01-01T00:00:00+00:00, run_after=2021-01-01T00:00:00+00:00
[2023-01-15T13:07:52.550+0000] {processor.py:175} INFO - Processing /home/airflow/.local/lib/python3.7/site-packages/airflow/example_dags/example_xcom.py took 0.975 seconds
[2023-01-15T13:08:29.549+0000] {processor.py:153} INFO - Started process (PID=1001) to work on /home/airflow/.local/lib/python3.7/site-packages/airflow/example_dags/example_xcom.py
[2023-01-15T13:08:29.556+0000] {processor.py:743} INFO - Processing file /home/airflow/.local/lib/python3.7/site-packages/airflow/example_dags/example_xcom.py for tasks to queue
[2023-01-15T13:08:29.563+0000] {logging_mixin.py:137} INFO - [2023-01-15T13:08:29.560+0000] {dagbag.py:538} INFO - Filling up the DagBag from /home/airflow/.local/lib/python3.7/site-packages/airflow/example_dags/example_xcom.py
[2023-01-15T13:08:29.769+0000] {processor.py:753} INFO - DAG(s) dict_keys(['example_xcom']) retrieved from /home/airflow/.local/lib/python3.7/site-packages/airflow/example_dags/example_xcom.py
[2023-01-15T13:08:30.179+0000] {logging_mixin.py:137} INFO - [2023-01-15T13:08:30.179+0000] {dag.py:2676} INFO - Sync 1 DAGs
[2023-01-15T13:08:30.707+0000] {logging_mixin.py:137} INFO - [2023-01-15T13:08:30.707+0000] {dag.py:3427} INFO - Setting next_dagrun for example_xcom to 2021-01-01T00:00:00+00:00, run_after=2021-01-01T00:00:00+00:00
[2023-01-15T13:08:30.812+0000] {processor.py:175} INFO - Processing /home/airflow/.local/lib/python3.7/site-packages/airflow/example_dags/example_xcom.py took 1.296 seconds
[2023-01-15T13:09:12.329+0000] {processor.py:153} INFO - Started process (PID=1059) to work on /home/airflow/.local/lib/python3.7/site-packages/airflow/example_dags/example_xcom.py
[2023-01-15T13:09:12.337+0000] {processor.py:743} INFO - Processing file /home/airflow/.local/lib/python3.7/site-packages/airflow/example_dags/example_xcom.py for tasks to queue
[2023-01-15T13:09:12.341+0000] {logging_mixin.py:137} INFO - [2023-01-15T13:09:12.341+0000] {dagbag.py:538} INFO - Filling up the DagBag from /home/airflow/.local/lib/python3.7/site-packages/airflow/example_dags/example_xcom.py
[2023-01-15T13:09:12.464+0000] {processor.py:753} INFO - DAG(s) dict_keys(['example_xcom']) retrieved from /home/airflow/.local/lib/python3.7/site-packages/airflow/example_dags/example_xcom.py
[2023-01-15T13:09:12.772+0000] {logging_mixin.py:137} INFO - [2023-01-15T13:09:12.769+0000] {dag.py:2676} INFO - Sync 1 DAGs
[2023-01-15T13:09:12.938+0000] {logging_mixin.py:137} INFO - [2023-01-15T13:09:12.938+0000] {dag.py:3427} INFO - Setting next_dagrun for example_xcom to 2021-01-01T00:00:00+00:00, run_after=2021-01-01T00:00:00+00:00
[2023-01-15T13:09:13.141+0000] {processor.py:175} INFO - Processing /home/airflow/.local/lib/python3.7/site-packages/airflow/example_dags/example_xcom.py took 0.835 seconds
[2023-01-15T13:09:46.710+0000] {processor.py:153} INFO - Started process (PID=1115) to work on /home/airflow/.local/lib/python3.7/site-packages/airflow/example_dags/example_xcom.py
[2023-01-15T13:09:46.716+0000] {processor.py:743} INFO - Processing file /home/airflow/.local/lib/python3.7/site-packages/airflow/example_dags/example_xcom.py for tasks to queue
[2023-01-15T13:09:46.720+0000] {logging_mixin.py:137} INFO - [2023-01-15T13:09:46.719+0000] {dagbag.py:538} INFO - Filling up the DagBag from /home/airflow/.local/lib/python3.7/site-packages/airflow/example_dags/example_xcom.py
[2023-01-15T13:09:46.870+0000] {processor.py:753} INFO - DAG(s) dict_keys(['example_xcom']) retrieved from /home/airflow/.local/lib/python3.7/site-packages/airflow/example_dags/example_xcom.py
[2023-01-15T13:09:47.049+0000] {logging_mixin.py:137} INFO - [2023-01-15T13:09:47.049+0000] {dag.py:2676} INFO - Sync 1 DAGs
[2023-01-15T13:09:47.168+0000] {logging_mixin.py:137} INFO - [2023-01-15T13:09:47.168+0000] {dag.py:3427} INFO - Setting next_dagrun for example_xcom to 2021-01-01T00:00:00+00:00, run_after=2021-01-01T00:00:00+00:00
[2023-01-15T13:09:47.261+0000] {processor.py:175} INFO - Processing /home/airflow/.local/lib/python3.7/site-packages/airflow/example_dags/example_xcom.py took 0.589 seconds
[2023-01-15T13:10:19.284+0000] {processor.py:153} INFO - Started process (PID=1169) to work on /home/airflow/.local/lib/python3.7/site-packages/airflow/example_dags/example_xcom.py
[2023-01-15T13:10:19.304+0000] {processor.py:743} INFO - Processing file /home/airflow/.local/lib/python3.7/site-packages/airflow/example_dags/example_xcom.py for tasks to queue
[2023-01-15T13:10:19.323+0000] {logging_mixin.py:137} INFO - [2023-01-15T13:10:19.309+0000] {dagbag.py:538} INFO - Filling up the DagBag from /home/airflow/.local/lib/python3.7/site-packages/airflow/example_dags/example_xcom.py
[2023-01-15T13:10:19.939+0000] {processor.py:753} INFO - DAG(s) dict_keys(['example_xcom']) retrieved from /home/airflow/.local/lib/python3.7/site-packages/airflow/example_dags/example_xcom.py
[2023-01-15T13:10:20.903+0000] {logging_mixin.py:137} INFO - [2023-01-15T13:10:20.902+0000] {dag.py:2676} INFO - Sync 1 DAGs
[2023-01-15T13:10:21.312+0000] {logging_mixin.py:137} INFO - [2023-01-15T13:10:21.311+0000] {dag.py:3427} INFO - Setting next_dagrun for example_xcom to 2021-01-01T00:00:00+00:00, run_after=2021-01-01T00:00:00+00:00
[2023-01-15T13:10:21.615+0000] {processor.py:175} INFO - Processing /home/airflow/.local/lib/python3.7/site-packages/airflow/example_dags/example_xcom.py took 2.401 seconds
[2023-01-15T13:10:51.886+0000] {processor.py:153} INFO - Started process (PID=1218) to work on /home/airflow/.local/lib/python3.7/site-packages/airflow/example_dags/example_xcom.py
[2023-01-15T13:10:51.890+0000] {processor.py:743} INFO - Processing file /home/airflow/.local/lib/python3.7/site-packages/airflow/example_dags/example_xcom.py for tasks to queue
[2023-01-15T13:10:51.892+0000] {logging_mixin.py:137} INFO - [2023-01-15T13:10:51.892+0000] {dagbag.py:538} INFO - Filling up the DagBag from /home/airflow/.local/lib/python3.7/site-packages/airflow/example_dags/example_xcom.py
[2023-01-15T13:10:51.929+0000] {processor.py:753} INFO - DAG(s) dict_keys(['example_xcom']) retrieved from /home/airflow/.local/lib/python3.7/site-packages/airflow/example_dags/example_xcom.py
[2023-01-15T13:10:51.982+0000] {logging_mixin.py:137} INFO - [2023-01-15T13:10:51.981+0000] {dag.py:2676} INFO - Sync 1 DAGs
[2023-01-15T13:10:52.018+0000] {logging_mixin.py:137} INFO - [2023-01-15T13:10:52.018+0000] {dag.py:3427} INFO - Setting next_dagrun for example_xcom to 2021-01-01T00:00:00+00:00, run_after=2021-01-01T00:00:00+00:00
[2023-01-15T13:10:52.054+0000] {processor.py:175} INFO - Processing /home/airflow/.local/lib/python3.7/site-packages/airflow/example_dags/example_xcom.py took 0.173 seconds
[2023-01-15T13:11:38.572+0000] {processor.py:153} INFO - Started process (PID=1275) to work on /home/airflow/.local/lib/python3.7/site-packages/airflow/example_dags/example_xcom.py
[2023-01-15T13:11:38.580+0000] {processor.py:743} INFO - Processing file /home/airflow/.local/lib/python3.7/site-packages/airflow/example_dags/example_xcom.py for tasks to queue
[2023-01-15T13:11:38.586+0000] {logging_mixin.py:137} INFO - [2023-01-15T13:11:38.586+0000] {dagbag.py:538} INFO - Filling up the DagBag from /home/airflow/.local/lib/python3.7/site-packages/airflow/example_dags/example_xcom.py
[2023-01-15T13:11:38.911+0000] {processor.py:753} INFO - DAG(s) dict_keys(['example_xcom']) retrieved from /home/airflow/.local/lib/python3.7/site-packages/airflow/example_dags/example_xcom.py
[2023-01-15T13:11:39.346+0000] {logging_mixin.py:137} INFO - [2023-01-15T13:11:39.346+0000] {dag.py:2676} INFO - Sync 1 DAGs
[2023-01-15T13:11:39.707+0000] {logging_mixin.py:137} INFO - [2023-01-15T13:11:39.707+0000] {dag.py:3427} INFO - Setting next_dagrun for example_xcom to 2021-01-01T00:00:00+00:00, run_after=2021-01-01T00:00:00+00:00
[2023-01-15T13:11:39.806+0000] {processor.py:175} INFO - Processing /home/airflow/.local/lib/python3.7/site-packages/airflow/example_dags/example_xcom.py took 1.271 seconds
[2023-01-15T13:12:35.622+0000] {processor.py:153} INFO - Started process (PID=1344) to work on /home/airflow/.local/lib/python3.7/site-packages/airflow/example_dags/example_xcom.py
[2023-01-15T13:12:35.648+0000] {processor.py:743} INFO - Processing file /home/airflow/.local/lib/python3.7/site-packages/airflow/example_dags/example_xcom.py for tasks to queue
[2023-01-15T13:12:35.671+0000] {logging_mixin.py:137} INFO - [2023-01-15T13:12:35.671+0000] {dagbag.py:538} INFO - Filling up the DagBag from /home/airflow/.local/lib/python3.7/site-packages/airflow/example_dags/example_xcom.py
[2023-01-15T13:12:36.017+0000] {processor.py:753} INFO - DAG(s) dict_keys(['example_xcom']) retrieved from /home/airflow/.local/lib/python3.7/site-packages/airflow/example_dags/example_xcom.py
[2023-01-15T13:12:36.461+0000] {logging_mixin.py:137} INFO - [2023-01-15T13:12:36.461+0000] {dag.py:2676} INFO - Sync 1 DAGs
[2023-01-15T13:12:36.891+0000] {logging_mixin.py:137} INFO - [2023-01-15T13:12:36.891+0000] {dag.py:3427} INFO - Setting next_dagrun for example_xcom to 2021-01-01T00:00:00+00:00, run_after=2021-01-01T00:00:00+00:00
[2023-01-15T13:12:37.131+0000] {processor.py:175} INFO - Processing /home/airflow/.local/lib/python3.7/site-packages/airflow/example_dags/example_xcom.py took 1.575 seconds
[2023-01-15T13:13:09.122+0000] {processor.py:153} INFO - Started process (PID=1399) to work on /home/airflow/.local/lib/python3.7/site-packages/airflow/example_dags/example_xcom.py
[2023-01-15T13:13:09.135+0000] {processor.py:743} INFO - Processing file /home/airflow/.local/lib/python3.7/site-packages/airflow/example_dags/example_xcom.py for tasks to queue
[2023-01-15T13:13:09.143+0000] {logging_mixin.py:137} INFO - [2023-01-15T13:13:09.143+0000] {dagbag.py:538} INFO - Filling up the DagBag from /home/airflow/.local/lib/python3.7/site-packages/airflow/example_dags/example_xcom.py
[2023-01-15T13:13:09.883+0000] {processor.py:753} INFO - DAG(s) dict_keys(['example_xcom']) retrieved from /home/airflow/.local/lib/python3.7/site-packages/airflow/example_dags/example_xcom.py
[2023-01-15T13:13:11.063+0000] {logging_mixin.py:137} INFO - [2023-01-15T13:13:11.058+0000] {dag.py:2676} INFO - Sync 1 DAGs
[2023-01-15T13:13:12.117+0000] {logging_mixin.py:137} INFO - [2023-01-15T13:13:12.117+0000] {dag.py:3427} INFO - Setting next_dagrun for example_xcom to 2021-01-01T00:00:00+00:00, run_after=2021-01-01T00:00:00+00:00
[2023-01-15T13:13:12.441+0000] {processor.py:175} INFO - Processing /home/airflow/.local/lib/python3.7/site-packages/airflow/example_dags/example_xcom.py took 3.670 seconds
[2023-01-15T13:13:49.041+0000] {processor.py:153} INFO - Started process (PID=1455) to work on /home/airflow/.local/lib/python3.7/site-packages/airflow/example_dags/example_xcom.py
[2023-01-15T13:13:49.049+0000] {processor.py:743} INFO - Processing file /home/airflow/.local/lib/python3.7/site-packages/airflow/example_dags/example_xcom.py for tasks to queue
[2023-01-15T13:13:49.058+0000] {logging_mixin.py:137} INFO - [2023-01-15T13:13:49.058+0000] {dagbag.py:538} INFO - Filling up the DagBag from /home/airflow/.local/lib/python3.7/site-packages/airflow/example_dags/example_xcom.py
[2023-01-15T13:13:49.484+0000] {processor.py:753} INFO - DAG(s) dict_keys(['example_xcom']) retrieved from /home/airflow/.local/lib/python3.7/site-packages/airflow/example_dags/example_xcom.py
[2023-01-15T13:13:50.118+0000] {logging_mixin.py:137} INFO - [2023-01-15T13:13:50.106+0000] {dag.py:2676} INFO - Sync 1 DAGs
[2023-01-15T13:13:50.492+0000] {logging_mixin.py:137} INFO - [2023-01-15T13:13:50.491+0000] {dag.py:3427} INFO - Setting next_dagrun for example_xcom to 2021-01-01T00:00:00+00:00, run_after=2021-01-01T00:00:00+00:00
[2023-01-15T13:13:50.867+0000] {processor.py:175} INFO - Processing /home/airflow/.local/lib/python3.7/site-packages/airflow/example_dags/example_xcom.py took 1.872 seconds
[2023-01-15T13:14:21.158+0000] {processor.py:153} INFO - Started process (PID=1502) to work on /home/airflow/.local/lib/python3.7/site-packages/airflow/example_dags/example_xcom.py
[2023-01-15T13:14:21.162+0000] {processor.py:743} INFO - Processing file /home/airflow/.local/lib/python3.7/site-packages/airflow/example_dags/example_xcom.py for tasks to queue
[2023-01-15T13:14:21.164+0000] {logging_mixin.py:137} INFO - [2023-01-15T13:14:21.164+0000] {dagbag.py:538} INFO - Filling up the DagBag from /home/airflow/.local/lib/python3.7/site-packages/airflow/example_dags/example_xcom.py
[2023-01-15T13:14:21.287+0000] {processor.py:753} INFO - DAG(s) dict_keys(['example_xcom']) retrieved from /home/airflow/.local/lib/python3.7/site-packages/airflow/example_dags/example_xcom.py
[2023-01-15T13:14:21.622+0000] {logging_mixin.py:137} INFO - [2023-01-15T13:14:21.622+0000] {dag.py:2676} INFO - Sync 1 DAGs
[2023-01-15T13:14:21.778+0000] {logging_mixin.py:137} INFO - [2023-01-15T13:14:21.776+0000] {dag.py:3427} INFO - Setting next_dagrun for example_xcom to 2021-01-01T00:00:00+00:00, run_after=2021-01-01T00:00:00+00:00
[2023-01-15T13:14:21.869+0000] {processor.py:175} INFO - Processing /home/airflow/.local/lib/python3.7/site-packages/airflow/example_dags/example_xcom.py took 0.727 seconds
[2023-01-15T13:14:52.215+0000] {processor.py:153} INFO - Started process (PID=1558) to work on /home/airflow/.local/lib/python3.7/site-packages/airflow/example_dags/example_xcom.py
[2023-01-15T13:14:52.220+0000] {processor.py:743} INFO - Processing file /home/airflow/.local/lib/python3.7/site-packages/airflow/example_dags/example_xcom.py for tasks to queue
[2023-01-15T13:14:52.223+0000] {logging_mixin.py:137} INFO - [2023-01-15T13:14:52.222+0000] {dagbag.py:538} INFO - Filling up the DagBag from /home/airflow/.local/lib/python3.7/site-packages/airflow/example_dags/example_xcom.py
[2023-01-15T13:14:52.449+0000] {processor.py:753} INFO - DAG(s) dict_keys(['example_xcom']) retrieved from /home/airflow/.local/lib/python3.7/site-packages/airflow/example_dags/example_xcom.py
[2023-01-15T13:14:52.651+0000] {logging_mixin.py:137} INFO - [2023-01-15T13:14:52.650+0000] {dag.py:2676} INFO - Sync 1 DAGs
[2023-01-15T13:14:52.837+0000] {logging_mixin.py:137} INFO - [2023-01-15T13:14:52.827+0000] {dag.py:3427} INFO - Setting next_dagrun for example_xcom to 2021-01-01T00:00:00+00:00, run_after=2021-01-01T00:00:00+00:00
[2023-01-15T13:14:52.956+0000] {processor.py:175} INFO - Processing /home/airflow/.local/lib/python3.7/site-packages/airflow/example_dags/example_xcom.py took 0.793 seconds
[2023-01-15T13:15:26.707+0000] {processor.py:153} INFO - Started process (PID=1614) to work on /home/airflow/.local/lib/python3.7/site-packages/airflow/example_dags/example_xcom.py
[2023-01-15T13:15:26.715+0000] {processor.py:743} INFO - Processing file /home/airflow/.local/lib/python3.7/site-packages/airflow/example_dags/example_xcom.py for tasks to queue
[2023-01-15T13:15:26.723+0000] {logging_mixin.py:137} INFO - [2023-01-15T13:15:26.723+0000] {dagbag.py:538} INFO - Filling up the DagBag from /home/airflow/.local/lib/python3.7/site-packages/airflow/example_dags/example_xcom.py
[2023-01-15T13:15:26.852+0000] {processor.py:753} INFO - DAG(s) dict_keys(['example_xcom']) retrieved from /home/airflow/.local/lib/python3.7/site-packages/airflow/example_dags/example_xcom.py
[2023-01-15T13:15:27.060+0000] {logging_mixin.py:137} INFO - [2023-01-15T13:15:27.060+0000] {dag.py:2676} INFO - Sync 1 DAGs
[2023-01-15T13:15:27.179+0000] {logging_mixin.py:137} INFO - [2023-01-15T13:15:27.179+0000] {dag.py:3427} INFO - Setting next_dagrun for example_xcom to 2021-01-01T00:00:00+00:00, run_after=2021-01-01T00:00:00+00:00
[2023-01-15T13:15:27.261+0000] {processor.py:175} INFO - Processing /home/airflow/.local/lib/python3.7/site-packages/airflow/example_dags/example_xcom.py took 0.569 seconds
[2023-01-15T13:43:53.947+0000] {processor.py:153} INFO - Started process (PID=87) to work on /home/airflow/.local/lib/python3.7/site-packages/airflow/example_dags/example_xcom.py
[2023-01-15T13:43:53.953+0000] {processor.py:743} INFO - Processing file /home/airflow/.local/lib/python3.7/site-packages/airflow/example_dags/example_xcom.py for tasks to queue
[2023-01-15T13:43:53.955+0000] {logging_mixin.py:137} INFO - [2023-01-15T13:43:53.955+0000] {dagbag.py:538} INFO - Filling up the DagBag from /home/airflow/.local/lib/python3.7/site-packages/airflow/example_dags/example_xcom.py
[2023-01-15T13:43:54.053+0000] {processor.py:753} INFO - DAG(s) dict_keys(['example_xcom']) retrieved from /home/airflow/.local/lib/python3.7/site-packages/airflow/example_dags/example_xcom.py
[2023-01-15T13:43:54.207+0000] {logging_mixin.py:137} INFO - [2023-01-15T13:43:54.207+0000] {dag.py:2676} INFO - Sync 1 DAGs
[2023-01-15T13:43:54.309+0000] {logging_mixin.py:137} INFO - [2023-01-15T13:43:54.304+0000] {dag.py:3427} INFO - Setting next_dagrun for example_xcom to 2021-01-01T00:00:00+00:00, run_after=2021-01-01T00:00:00+00:00
[2023-01-15T13:43:54.370+0000] {processor.py:175} INFO - Processing /home/airflow/.local/lib/python3.7/site-packages/airflow/example_dags/example_xcom.py took 0.440 seconds
[2023-01-15T13:45:29.864+0000] {processor.py:153} INFO - Started process (PID=170) to work on /home/airflow/.local/lib/python3.7/site-packages/airflow/example_dags/example_xcom.py
[2023-01-15T13:45:29.881+0000] {processor.py:743} INFO - Processing file /home/airflow/.local/lib/python3.7/site-packages/airflow/example_dags/example_xcom.py for tasks to queue
[2023-01-15T13:45:29.882+0000] {logging_mixin.py:137} INFO - [2023-01-15T13:45:29.882+0000] {dagbag.py:538} INFO - Filling up the DagBag from /home/airflow/.local/lib/python3.7/site-packages/airflow/example_dags/example_xcom.py
[2023-01-15T13:45:30.182+0000] {processor.py:753} INFO - DAG(s) dict_keys(['example_xcom']) retrieved from /home/airflow/.local/lib/python3.7/site-packages/airflow/example_dags/example_xcom.py
[2023-01-15T13:45:30.586+0000] {logging_mixin.py:137} INFO - [2023-01-15T13:45:30.586+0000] {dag.py:2676} INFO - Sync 1 DAGs
[2023-01-15T13:45:30.897+0000] {logging_mixin.py:137} INFO - [2023-01-15T13:45:30.897+0000] {dag.py:3427} INFO - Setting next_dagrun for example_xcom to 2021-01-01T00:00:00+00:00, run_after=2021-01-01T00:00:00+00:00
[2023-01-15T13:45:31.105+0000] {processor.py:175} INFO - Processing /home/airflow/.local/lib/python3.7/site-packages/airflow/example_dags/example_xcom.py took 1.273 seconds
[2023-01-15T13:46:08.124+0000] {processor.py:153} INFO - Started process (PID=226) to work on /home/airflow/.local/lib/python3.7/site-packages/airflow/example_dags/example_xcom.py
[2023-01-15T13:46:08.138+0000] {processor.py:743} INFO - Processing file /home/airflow/.local/lib/python3.7/site-packages/airflow/example_dags/example_xcom.py for tasks to queue
[2023-01-15T13:46:08.167+0000] {logging_mixin.py:137} INFO - [2023-01-15T13:46:08.161+0000] {dagbag.py:538} INFO - Filling up the DagBag from /home/airflow/.local/lib/python3.7/site-packages/airflow/example_dags/example_xcom.py
[2023-01-15T13:46:08.750+0000] {processor.py:753} INFO - DAG(s) dict_keys(['example_xcom']) retrieved from /home/airflow/.local/lib/python3.7/site-packages/airflow/example_dags/example_xcom.py
[2023-01-15T13:46:09.635+0000] {logging_mixin.py:137} INFO - [2023-01-15T13:46:09.635+0000] {dag.py:2676} INFO - Sync 1 DAGs
[2023-01-15T13:46:09.897+0000] {logging_mixin.py:137} INFO - [2023-01-15T13:46:09.896+0000] {dag.py:3427} INFO - Setting next_dagrun for example_xcom to 2021-01-01T00:00:00+00:00, run_after=2021-01-01T00:00:00+00:00
[2023-01-15T13:46:10.008+0000] {processor.py:175} INFO - Processing /home/airflow/.local/lib/python3.7/site-packages/airflow/example_dags/example_xcom.py took 1.982 seconds
[2023-01-15T13:46:40.288+0000] {processor.py:153} INFO - Started process (PID=282) to work on /home/airflow/.local/lib/python3.7/site-packages/airflow/example_dags/example_xcom.py
[2023-01-15T13:46:40.290+0000] {processor.py:743} INFO - Processing file /home/airflow/.local/lib/python3.7/site-packages/airflow/example_dags/example_xcom.py for tasks to queue
[2023-01-15T13:46:40.299+0000] {logging_mixin.py:137} INFO - [2023-01-15T13:46:40.298+0000] {dagbag.py:538} INFO - Filling up the DagBag from /home/airflow/.local/lib/python3.7/site-packages/airflow/example_dags/example_xcom.py
[2023-01-15T13:46:40.485+0000] {processor.py:753} INFO - DAG(s) dict_keys(['example_xcom']) retrieved from /home/airflow/.local/lib/python3.7/site-packages/airflow/example_dags/example_xcom.py
[2023-01-15T13:46:40.836+0000] {logging_mixin.py:137} INFO - [2023-01-15T13:46:40.836+0000] {dag.py:2676} INFO - Sync 1 DAGs
[2023-01-15T13:46:41.056+0000] {logging_mixin.py:137} INFO - [2023-01-15T13:46:41.056+0000] {dag.py:3427} INFO - Setting next_dagrun for example_xcom to 2021-01-01T00:00:00+00:00, run_after=2021-01-01T00:00:00+00:00
[2023-01-15T13:46:41.208+0000] {processor.py:175} INFO - Processing /home/airflow/.local/lib/python3.7/site-packages/airflow/example_dags/example_xcom.py took 0.961 seconds
[2023-01-15T13:47:12.002+0000] {processor.py:153} INFO - Started process (PID=328) to work on /home/airflow/.local/lib/python3.7/site-packages/airflow/example_dags/example_xcom.py
[2023-01-15T13:47:12.008+0000] {processor.py:743} INFO - Processing file /home/airflow/.local/lib/python3.7/site-packages/airflow/example_dags/example_xcom.py for tasks to queue
[2023-01-15T13:47:12.010+0000] {logging_mixin.py:137} INFO - [2023-01-15T13:47:12.010+0000] {dagbag.py:538} INFO - Filling up the DagBag from /home/airflow/.local/lib/python3.7/site-packages/airflow/example_dags/example_xcom.py
[2023-01-15T13:47:12.065+0000] {processor.py:753} INFO - DAG(s) dict_keys(['example_xcom']) retrieved from /home/airflow/.local/lib/python3.7/site-packages/airflow/example_dags/example_xcom.py
[2023-01-15T13:47:12.160+0000] {logging_mixin.py:137} INFO - [2023-01-15T13:47:12.160+0000] {dag.py:2676} INFO - Sync 1 DAGs
[2023-01-15T13:47:12.220+0000] {logging_mixin.py:137} INFO - [2023-01-15T13:47:12.220+0000] {dag.py:3427} INFO - Setting next_dagrun for example_xcom to 2021-01-01T00:00:00+00:00, run_after=2021-01-01T00:00:00+00:00
[2023-01-15T13:47:12.279+0000] {processor.py:175} INFO - Processing /home/airflow/.local/lib/python3.7/site-packages/airflow/example_dags/example_xcom.py took 0.284 seconds
[2023-01-15T13:47:43.418+0000] {processor.py:153} INFO - Started process (PID=385) to work on /home/airflow/.local/lib/python3.7/site-packages/airflow/example_dags/example_xcom.py
[2023-01-15T13:47:43.425+0000] {processor.py:743} INFO - Processing file /home/airflow/.local/lib/python3.7/site-packages/airflow/example_dags/example_xcom.py for tasks to queue
[2023-01-15T13:47:43.428+0000] {logging_mixin.py:137} INFO - [2023-01-15T13:47:43.428+0000] {dagbag.py:538} INFO - Filling up the DagBag from /home/airflow/.local/lib/python3.7/site-packages/airflow/example_dags/example_xcom.py
[2023-01-15T13:47:43.487+0000] {processor.py:753} INFO - DAG(s) dict_keys(['example_xcom']) retrieved from /home/airflow/.local/lib/python3.7/site-packages/airflow/example_dags/example_xcom.py
[2023-01-15T13:47:43.574+0000] {logging_mixin.py:137} INFO - [2023-01-15T13:47:43.572+0000] {dag.py:2676} INFO - Sync 1 DAGs
[2023-01-15T13:47:43.633+0000] {logging_mixin.py:137} INFO - [2023-01-15T13:47:43.633+0000] {dag.py:3427} INFO - Setting next_dagrun for example_xcom to 2021-01-01T00:00:00+00:00, run_after=2021-01-01T00:00:00+00:00
[2023-01-15T13:47:43.684+0000] {processor.py:175} INFO - Processing /home/airflow/.local/lib/python3.7/site-packages/airflow/example_dags/example_xcom.py took 0.290 seconds
[2023-01-15T13:48:14.908+0000] {processor.py:153} INFO - Started process (PID=440) to work on /home/airflow/.local/lib/python3.7/site-packages/airflow/example_dags/example_xcom.py
[2023-01-15T13:48:14.910+0000] {processor.py:743} INFO - Processing file /home/airflow/.local/lib/python3.7/site-packages/airflow/example_dags/example_xcom.py for tasks to queue
[2023-01-15T13:48:14.917+0000] {logging_mixin.py:137} INFO - [2023-01-15T13:48:14.917+0000] {dagbag.py:538} INFO - Filling up the DagBag from /home/airflow/.local/lib/python3.7/site-packages/airflow/example_dags/example_xcom.py
[2023-01-15T13:48:15.145+0000] {processor.py:753} INFO - DAG(s) dict_keys(['example_xcom']) retrieved from /home/airflow/.local/lib/python3.7/site-packages/airflow/example_dags/example_xcom.py
[2023-01-15T13:48:15.339+0000] {logging_mixin.py:137} INFO - [2023-01-15T13:48:15.339+0000] {dag.py:2676} INFO - Sync 1 DAGs
[2023-01-15T13:48:15.435+0000] {logging_mixin.py:137} INFO - [2023-01-15T13:48:15.435+0000] {dag.py:3427} INFO - Setting next_dagrun for example_xcom to 2021-01-01T00:00:00+00:00, run_after=2021-01-01T00:00:00+00:00
[2023-01-15T13:48:15.502+0000] {processor.py:175} INFO - Processing /home/airflow/.local/lib/python3.7/site-packages/airflow/example_dags/example_xcom.py took 0.640 seconds
[2023-01-15T13:48:45.723+0000] {processor.py:153} INFO - Started process (PID=494) to work on /home/airflow/.local/lib/python3.7/site-packages/airflow/example_dags/example_xcom.py
[2023-01-15T13:48:45.725+0000] {processor.py:743} INFO - Processing file /home/airflow/.local/lib/python3.7/site-packages/airflow/example_dags/example_xcom.py for tasks to queue
[2023-01-15T13:48:45.726+0000] {logging_mixin.py:137} INFO - [2023-01-15T13:48:45.726+0000] {dagbag.py:538} INFO - Filling up the DagBag from /home/airflow/.local/lib/python3.7/site-packages/airflow/example_dags/example_xcom.py
[2023-01-15T13:48:45.753+0000] {processor.py:753} INFO - DAG(s) dict_keys(['example_xcom']) retrieved from /home/airflow/.local/lib/python3.7/site-packages/airflow/example_dags/example_xcom.py
[2023-01-15T13:48:45.798+0000] {logging_mixin.py:137} INFO - [2023-01-15T13:48:45.798+0000] {dag.py:2676} INFO - Sync 1 DAGs
[2023-01-15T13:48:45.827+0000] {logging_mixin.py:137} INFO - [2023-01-15T13:48:45.827+0000] {dag.py:3427} INFO - Setting next_dagrun for example_xcom to 2021-01-01T00:00:00+00:00, run_after=2021-01-01T00:00:00+00:00
[2023-01-15T13:48:45.862+0000] {processor.py:175} INFO - Processing /home/airflow/.local/lib/python3.7/site-packages/airflow/example_dags/example_xcom.py took 0.147 seconds
[2023-01-15T13:49:16.502+0000] {processor.py:153} INFO - Started process (PID=550) to work on /home/airflow/.local/lib/python3.7/site-packages/airflow/example_dags/example_xcom.py
[2023-01-15T13:49:16.509+0000] {processor.py:743} INFO - Processing file /home/airflow/.local/lib/python3.7/site-packages/airflow/example_dags/example_xcom.py for tasks to queue
[2023-01-15T13:49:16.513+0000] {logging_mixin.py:137} INFO - [2023-01-15T13:49:16.512+0000] {dagbag.py:538} INFO - Filling up the DagBag from /home/airflow/.local/lib/python3.7/site-packages/airflow/example_dags/example_xcom.py
[2023-01-15T13:49:16.556+0000] {processor.py:753} INFO - DAG(s) dict_keys(['example_xcom']) retrieved from /home/airflow/.local/lib/python3.7/site-packages/airflow/example_dags/example_xcom.py
[2023-01-15T13:49:16.605+0000] {logging_mixin.py:137} INFO - [2023-01-15T13:49:16.605+0000] {dag.py:2676} INFO - Sync 1 DAGs
[2023-01-15T13:49:16.636+0000] {logging_mixin.py:137} INFO - [2023-01-15T13:49:16.635+0000] {dag.py:3427} INFO - Setting next_dagrun for example_xcom to 2021-01-01T00:00:00+00:00, run_after=2021-01-01T00:00:00+00:00
[2023-01-15T13:49:16.670+0000] {processor.py:175} INFO - Processing /home/airflow/.local/lib/python3.7/site-packages/airflow/example_dags/example_xcom.py took 0.175 seconds
[2023-01-15T13:49:47.563+0000] {processor.py:153} INFO - Started process (PID=606) to work on /home/airflow/.local/lib/python3.7/site-packages/airflow/example_dags/example_xcom.py
[2023-01-15T13:49:47.568+0000] {processor.py:743} INFO - Processing file /home/airflow/.local/lib/python3.7/site-packages/airflow/example_dags/example_xcom.py for tasks to queue
[2023-01-15T13:49:47.574+0000] {logging_mixin.py:137} INFO - [2023-01-15T13:49:47.574+0000] {dagbag.py:538} INFO - Filling up the DagBag from /home/airflow/.local/lib/python3.7/site-packages/airflow/example_dags/example_xcom.py
[2023-01-15T13:49:47.775+0000] {processor.py:753} INFO - DAG(s) dict_keys(['example_xcom']) retrieved from /home/airflow/.local/lib/python3.7/site-packages/airflow/example_dags/example_xcom.py
[2023-01-15T13:49:47.952+0000] {logging_mixin.py:137} INFO - [2023-01-15T13:49:47.952+0000] {dag.py:2676} INFO - Sync 1 DAGs
[2023-01-15T13:49:48.295+0000] {logging_mixin.py:137} INFO - [2023-01-15T13:49:48.295+0000] {dag.py:3427} INFO - Setting next_dagrun for example_xcom to 2021-01-01T00:00:00+00:00, run_after=2021-01-01T00:00:00+00:00
[2023-01-15T13:49:48.548+0000] {processor.py:175} INFO - Processing /home/airflow/.local/lib/python3.7/site-packages/airflow/example_dags/example_xcom.py took 1.001 seconds
[2023-01-15T13:50:19.476+0000] {processor.py:153} INFO - Started process (PID=662) to work on /home/airflow/.local/lib/python3.7/site-packages/airflow/example_dags/example_xcom.py
[2023-01-15T13:50:19.489+0000] {processor.py:743} INFO - Processing file /home/airflow/.local/lib/python3.7/site-packages/airflow/example_dags/example_xcom.py for tasks to queue
[2023-01-15T13:50:19.493+0000] {logging_mixin.py:137} INFO - [2023-01-15T13:50:19.492+0000] {dagbag.py:538} INFO - Filling up the DagBag from /home/airflow/.local/lib/python3.7/site-packages/airflow/example_dags/example_xcom.py
[2023-01-15T13:50:19.739+0000] {processor.py:753} INFO - DAG(s) dict_keys(['example_xcom']) retrieved from /home/airflow/.local/lib/python3.7/site-packages/airflow/example_dags/example_xcom.py
[2023-01-15T13:50:20.311+0000] {logging_mixin.py:137} INFO - [2023-01-15T13:50:20.310+0000] {dag.py:2676} INFO - Sync 1 DAGs
[2023-01-15T13:50:20.583+0000] {logging_mixin.py:137} INFO - [2023-01-15T13:50:20.582+0000] {dag.py:3427} INFO - Setting next_dagrun for example_xcom to 2021-01-01T00:00:00+00:00, run_after=2021-01-01T00:00:00+00:00
[2023-01-15T13:50:20.765+0000] {processor.py:175} INFO - Processing /home/airflow/.local/lib/python3.7/site-packages/airflow/example_dags/example_xcom.py took 1.315 seconds
[2023-01-15T13:50:51.046+0000] {processor.py:153} INFO - Started process (PID=718) to work on /home/airflow/.local/lib/python3.7/site-packages/airflow/example_dags/example_xcom.py
[2023-01-15T13:50:51.050+0000] {processor.py:743} INFO - Processing file /home/airflow/.local/lib/python3.7/site-packages/airflow/example_dags/example_xcom.py for tasks to queue
[2023-01-15T13:50:51.053+0000] {logging_mixin.py:137} INFO - [2023-01-15T13:50:51.053+0000] {dagbag.py:538} INFO - Filling up the DagBag from /home/airflow/.local/lib/python3.7/site-packages/airflow/example_dags/example_xcom.py
[2023-01-15T13:50:51.170+0000] {processor.py:753} INFO - DAG(s) dict_keys(['example_xcom']) retrieved from /home/airflow/.local/lib/python3.7/site-packages/airflow/example_dags/example_xcom.py
[2023-01-15T13:50:51.257+0000] {logging_mixin.py:137} INFO - [2023-01-15T13:50:51.257+0000] {dag.py:2676} INFO - Sync 1 DAGs
[2023-01-15T13:50:51.318+0000] {logging_mixin.py:137} INFO - [2023-01-15T13:50:51.318+0000] {dag.py:3427} INFO - Setting next_dagrun for example_xcom to 2021-01-01T00:00:00+00:00, run_after=2021-01-01T00:00:00+00:00
[2023-01-15T13:50:51.387+0000] {processor.py:175} INFO - Processing /home/airflow/.local/lib/python3.7/site-packages/airflow/example_dags/example_xcom.py took 0.364 seconds
[2023-01-15T13:51:22.791+0000] {processor.py:153} INFO - Started process (PID=775) to work on /home/airflow/.local/lib/python3.7/site-packages/airflow/example_dags/example_xcom.py
[2023-01-15T13:51:22.796+0000] {processor.py:743} INFO - Processing file /home/airflow/.local/lib/python3.7/site-packages/airflow/example_dags/example_xcom.py for tasks to queue
[2023-01-15T13:51:22.802+0000] {logging_mixin.py:137} INFO - [2023-01-15T13:51:22.802+0000] {dagbag.py:538} INFO - Filling up the DagBag from /home/airflow/.local/lib/python3.7/site-packages/airflow/example_dags/example_xcom.py
[2023-01-15T13:51:23.032+0000] {processor.py:753} INFO - DAG(s) dict_keys(['example_xcom']) retrieved from /home/airflow/.local/lib/python3.7/site-packages/airflow/example_dags/example_xcom.py
[2023-01-15T13:51:23.321+0000] {logging_mixin.py:137} INFO - [2023-01-15T13:51:23.319+0000] {dag.py:2676} INFO - Sync 1 DAGs
[2023-01-15T13:51:23.623+0000] {logging_mixin.py:137} INFO - [2023-01-15T13:51:23.623+0000] {dag.py:3427} INFO - Setting next_dagrun for example_xcom to 2021-01-01T00:00:00+00:00, run_after=2021-01-01T00:00:00+00:00
[2023-01-15T13:51:23.830+0000] {processor.py:175} INFO - Processing /home/airflow/.local/lib/python3.7/site-packages/airflow/example_dags/example_xcom.py took 1.054 seconds
[2023-01-15T13:51:55.261+0000] {processor.py:153} INFO - Started process (PID=831) to work on /home/airflow/.local/lib/python3.7/site-packages/airflow/example_dags/example_xcom.py
[2023-01-15T13:51:55.270+0000] {processor.py:743} INFO - Processing file /home/airflow/.local/lib/python3.7/site-packages/airflow/example_dags/example_xcom.py for tasks to queue
[2023-01-15T13:51:55.275+0000] {logging_mixin.py:137} INFO - [2023-01-15T13:51:55.274+0000] {dagbag.py:538} INFO - Filling up the DagBag from /home/airflow/.local/lib/python3.7/site-packages/airflow/example_dags/example_xcom.py
[2023-01-15T13:51:55.382+0000] {processor.py:753} INFO - DAG(s) dict_keys(['example_xcom']) retrieved from /home/airflow/.local/lib/python3.7/site-packages/airflow/example_dags/example_xcom.py
[2023-01-15T13:51:55.567+0000] {logging_mixin.py:137} INFO - [2023-01-15T13:51:55.566+0000] {dag.py:2676} INFO - Sync 1 DAGs
[2023-01-15T13:51:55.659+0000] {logging_mixin.py:137} INFO - [2023-01-15T13:51:55.659+0000] {dag.py:3427} INFO - Setting next_dagrun for example_xcom to 2021-01-01T00:00:00+00:00, run_after=2021-01-01T00:00:00+00:00
[2023-01-15T13:51:55.742+0000] {processor.py:175} INFO - Processing /home/airflow/.local/lib/python3.7/site-packages/airflow/example_dags/example_xcom.py took 0.497 seconds
[2023-01-15T13:52:29.347+0000] {processor.py:153} INFO - Started process (PID=879) to work on /home/airflow/.local/lib/python3.7/site-packages/airflow/example_dags/example_xcom.py
[2023-01-15T13:52:29.353+0000] {processor.py:743} INFO - Processing file /home/airflow/.local/lib/python3.7/site-packages/airflow/example_dags/example_xcom.py for tasks to queue
[2023-01-15T13:52:29.355+0000] {logging_mixin.py:137} INFO - [2023-01-15T13:52:29.355+0000] {dagbag.py:538} INFO - Filling up the DagBag from /home/airflow/.local/lib/python3.7/site-packages/airflow/example_dags/example_xcom.py
[2023-01-15T13:52:29.520+0000] {processor.py:753} INFO - DAG(s) dict_keys(['example_xcom']) retrieved from /home/airflow/.local/lib/python3.7/site-packages/airflow/example_dags/example_xcom.py
[2023-01-15T13:52:29.900+0000] {logging_mixin.py:137} INFO - [2023-01-15T13:52:29.900+0000] {dag.py:2676} INFO - Sync 1 DAGs
[2023-01-15T13:52:30.085+0000] {logging_mixin.py:137} INFO - [2023-01-15T13:52:30.085+0000] {dag.py:3427} INFO - Setting next_dagrun for example_xcom to 2021-01-01T00:00:00+00:00, run_after=2021-01-01T00:00:00+00:00
[2023-01-15T13:52:30.223+0000] {processor.py:175} INFO - Processing /home/airflow/.local/lib/python3.7/site-packages/airflow/example_dags/example_xcom.py took 0.895 seconds
[2023-01-15T13:53:00.971+0000] {processor.py:153} INFO - Started process (PID=936) to work on /home/airflow/.local/lib/python3.7/site-packages/airflow/example_dags/example_xcom.py
[2023-01-15T13:53:00.994+0000] {processor.py:743} INFO - Processing file /home/airflow/.local/lib/python3.7/site-packages/airflow/example_dags/example_xcom.py for tasks to queue
[2023-01-15T13:53:00.996+0000] {logging_mixin.py:137} INFO - [2023-01-15T13:53:00.996+0000] {dagbag.py:538} INFO - Filling up the DagBag from /home/airflow/.local/lib/python3.7/site-packages/airflow/example_dags/example_xcom.py
[2023-01-15T13:53:01.147+0000] {processor.py:753} INFO - DAG(s) dict_keys(['example_xcom']) retrieved from /home/airflow/.local/lib/python3.7/site-packages/airflow/example_dags/example_xcom.py
[2023-01-15T13:53:01.351+0000] {logging_mixin.py:137} INFO - [2023-01-15T13:53:01.351+0000] {dag.py:2676} INFO - Sync 1 DAGs
[2023-01-15T13:53:01.459+0000] {logging_mixin.py:137} INFO - [2023-01-15T13:53:01.458+0000] {dag.py:3427} INFO - Setting next_dagrun for example_xcom to 2021-01-01T00:00:00+00:00, run_after=2021-01-01T00:00:00+00:00
[2023-01-15T13:53:01.623+0000] {processor.py:175} INFO - Processing /home/airflow/.local/lib/python3.7/site-packages/airflow/example_dags/example_xcom.py took 0.667 seconds
