[2023-01-15T12:59:28.019+0000] {processor.py:153} INFO - Started process (PID=75) to work on /home/airflow/.local/lib/python3.7/site-packages/airflow/example_dags/example_time_delta_sensor_async.py
[2023-01-15T12:59:28.042+0000] {processor.py:743} INFO - Processing file /home/airflow/.local/lib/python3.7/site-packages/airflow/example_dags/example_time_delta_sensor_async.py for tasks to queue
[2023-01-15T12:59:28.049+0000] {logging_mixin.py:137} INFO - [2023-01-15T12:59:28.049+0000] {dagbag.py:538} INFO - Filling up the DagBag from /home/airflow/.local/lib/python3.7/site-packages/airflow/example_dags/example_time_delta_sensor_async.py
[2023-01-15T12:59:28.274+0000] {processor.py:753} INFO - DAG(s) dict_keys(['example_time_delta_sensor_async']) retrieved from /home/airflow/.local/lib/python3.7/site-packages/airflow/example_dags/example_time_delta_sensor_async.py
[2023-01-15T12:59:30.434+0000] {logging_mixin.py:137} INFO - [2023-01-15T12:59:30.434+0000] {manager.py:504} INFO - Created Permission View: can read on DAG:example_time_delta_sensor_async
[2023-01-15T12:59:30.543+0000] {logging_mixin.py:137} INFO - [2023-01-15T12:59:30.543+0000] {manager.py:504} INFO - Created Permission View: can edit on DAG:example_time_delta_sensor_async
[2023-01-15T12:59:30.615+0000] {logging_mixin.py:137} INFO - [2023-01-15T12:59:30.608+0000] {manager.py:504} INFO - Created Permission View: can delete on DAG:example_time_delta_sensor_async
[2023-01-15T12:59:30.617+0000] {logging_mixin.py:137} INFO - [2023-01-15T12:59:30.617+0000] {dag.py:2676} INFO - Sync 1 DAGs
[2023-01-15T12:59:30.799+0000] {logging_mixin.py:137} INFO - [2023-01-15T12:59:30.799+0000] {dag.py:2697} INFO - Creating ORM DAG for example_time_delta_sensor_async
[2023-01-15T12:59:30.964+0000] {logging_mixin.py:137} INFO - [2023-01-15T12:59:30.964+0000] {dag.py:3427} INFO - Setting next_dagrun for example_time_delta_sensor_async to None, run_after=None
[2023-01-15T12:59:31.124+0000] {processor.py:175} INFO - Processing /home/airflow/.local/lib/python3.7/site-packages/airflow/example_dags/example_time_delta_sensor_async.py took 3.158 seconds
[2023-01-15T13:00:02.238+0000] {processor.py:153} INFO - Started process (PID=122) to work on /home/airflow/.local/lib/python3.7/site-packages/airflow/example_dags/example_time_delta_sensor_async.py
[2023-01-15T13:00:02.245+0000] {processor.py:743} INFO - Processing file /home/airflow/.local/lib/python3.7/site-packages/airflow/example_dags/example_time_delta_sensor_async.py for tasks to queue
[2023-01-15T13:00:02.249+0000] {logging_mixin.py:137} INFO - [2023-01-15T13:00:02.249+0000] {dagbag.py:538} INFO - Filling up the DagBag from /home/airflow/.local/lib/python3.7/site-packages/airflow/example_dags/example_time_delta_sensor_async.py
[2023-01-15T13:00:02.317+0000] {processor.py:753} INFO - DAG(s) dict_keys(['example_time_delta_sensor_async']) retrieved from /home/airflow/.local/lib/python3.7/site-packages/airflow/example_dags/example_time_delta_sensor_async.py
[2023-01-15T13:00:02.513+0000] {logging_mixin.py:137} INFO - [2023-01-15T13:00:02.513+0000] {dag.py:2676} INFO - Sync 1 DAGs
[2023-01-15T13:00:02.903+0000] {logging_mixin.py:137} INFO - [2023-01-15T13:00:02.901+0000] {dag.py:3427} INFO - Setting next_dagrun for example_time_delta_sensor_async to None, run_after=None
[2023-01-15T13:00:03.124+0000] {processor.py:175} INFO - Processing /home/airflow/.local/lib/python3.7/site-packages/airflow/example_dags/example_time_delta_sensor_async.py took 0.931 seconds
[2023-01-15T13:00:33.497+0000] {processor.py:153} INFO - Started process (PID=178) to work on /home/airflow/.local/lib/python3.7/site-packages/airflow/example_dags/example_time_delta_sensor_async.py
[2023-01-15T13:00:33.499+0000] {processor.py:743} INFO - Processing file /home/airflow/.local/lib/python3.7/site-packages/airflow/example_dags/example_time_delta_sensor_async.py for tasks to queue
[2023-01-15T13:00:33.501+0000] {logging_mixin.py:137} INFO - [2023-01-15T13:00:33.501+0000] {dagbag.py:538} INFO - Filling up the DagBag from /home/airflow/.local/lib/python3.7/site-packages/airflow/example_dags/example_time_delta_sensor_async.py
[2023-01-15T13:00:33.530+0000] {processor.py:753} INFO - DAG(s) dict_keys(['example_time_delta_sensor_async']) retrieved from /home/airflow/.local/lib/python3.7/site-packages/airflow/example_dags/example_time_delta_sensor_async.py
[2023-01-15T13:00:33.654+0000] {logging_mixin.py:137} INFO - [2023-01-15T13:00:33.654+0000] {dag.py:2676} INFO - Sync 1 DAGs
[2023-01-15T13:00:33.712+0000] {logging_mixin.py:137} INFO - [2023-01-15T13:00:33.711+0000] {dag.py:3427} INFO - Setting next_dagrun for example_time_delta_sensor_async to None, run_after=None
[2023-01-15T13:00:33.807+0000] {processor.py:175} INFO - Processing /home/airflow/.local/lib/python3.7/site-packages/airflow/example_dags/example_time_delta_sensor_async.py took 0.324 seconds
[2023-01-15T13:01:04.093+0000] {processor.py:153} INFO - Started process (PID=243) to work on /home/airflow/.local/lib/python3.7/site-packages/airflow/example_dags/example_time_delta_sensor_async.py
[2023-01-15T13:01:04.099+0000] {processor.py:743} INFO - Processing file /home/airflow/.local/lib/python3.7/site-packages/airflow/example_dags/example_time_delta_sensor_async.py for tasks to queue
[2023-01-15T13:01:04.101+0000] {logging_mixin.py:137} INFO - [2023-01-15T13:01:04.101+0000] {dagbag.py:538} INFO - Filling up the DagBag from /home/airflow/.local/lib/python3.7/site-packages/airflow/example_dags/example_time_delta_sensor_async.py
[2023-01-15T13:01:04.132+0000] {processor.py:753} INFO - DAG(s) dict_keys(['example_time_delta_sensor_async']) retrieved from /home/airflow/.local/lib/python3.7/site-packages/airflow/example_dags/example_time_delta_sensor_async.py
[2023-01-15T13:01:04.226+0000] {logging_mixin.py:137} INFO - [2023-01-15T13:01:04.226+0000] {dag.py:2676} INFO - Sync 1 DAGs
[2023-01-15T13:01:04.284+0000] {logging_mixin.py:137} INFO - [2023-01-15T13:01:04.284+0000] {dag.py:3427} INFO - Setting next_dagrun for example_time_delta_sensor_async to None, run_after=None
[2023-01-15T13:01:04.346+0000] {processor.py:175} INFO - Processing /home/airflow/.local/lib/python3.7/site-packages/airflow/example_dags/example_time_delta_sensor_async.py took 0.273 seconds
[2023-01-15T13:01:34.696+0000] {processor.py:153} INFO - Started process (PID=297) to work on /home/airflow/.local/lib/python3.7/site-packages/airflow/example_dags/example_time_delta_sensor_async.py
[2023-01-15T13:01:34.701+0000] {processor.py:743} INFO - Processing file /home/airflow/.local/lib/python3.7/site-packages/airflow/example_dags/example_time_delta_sensor_async.py for tasks to queue
[2023-01-15T13:01:34.704+0000] {logging_mixin.py:137} INFO - [2023-01-15T13:01:34.704+0000] {dagbag.py:538} INFO - Filling up the DagBag from /home/airflow/.local/lib/python3.7/site-packages/airflow/example_dags/example_time_delta_sensor_async.py
[2023-01-15T13:01:34.734+0000] {processor.py:753} INFO - DAG(s) dict_keys(['example_time_delta_sensor_async']) retrieved from /home/airflow/.local/lib/python3.7/site-packages/airflow/example_dags/example_time_delta_sensor_async.py
[2023-01-15T13:01:34.826+0000] {logging_mixin.py:137} INFO - [2023-01-15T13:01:34.826+0000] {dag.py:2676} INFO - Sync 1 DAGs
[2023-01-15T13:01:34.898+0000] {logging_mixin.py:137} INFO - [2023-01-15T13:01:34.898+0000] {dag.py:3427} INFO - Setting next_dagrun for example_time_delta_sensor_async to None, run_after=None
[2023-01-15T13:01:34.955+0000] {processor.py:175} INFO - Processing /home/airflow/.local/lib/python3.7/site-packages/airflow/example_dags/example_time_delta_sensor_async.py took 0.269 seconds
[2023-01-15T13:02:05.164+0000] {processor.py:153} INFO - Started process (PID=353) to work on /home/airflow/.local/lib/python3.7/site-packages/airflow/example_dags/example_time_delta_sensor_async.py
[2023-01-15T13:02:05.173+0000] {processor.py:743} INFO - Processing file /home/airflow/.local/lib/python3.7/site-packages/airflow/example_dags/example_time_delta_sensor_async.py for tasks to queue
[2023-01-15T13:02:05.175+0000] {logging_mixin.py:137} INFO - [2023-01-15T13:02:05.175+0000] {dagbag.py:538} INFO - Filling up the DagBag from /home/airflow/.local/lib/python3.7/site-packages/airflow/example_dags/example_time_delta_sensor_async.py
[2023-01-15T13:02:05.239+0000] {processor.py:753} INFO - DAG(s) dict_keys(['example_time_delta_sensor_async']) retrieved from /home/airflow/.local/lib/python3.7/site-packages/airflow/example_dags/example_time_delta_sensor_async.py
[2023-01-15T13:02:05.419+0000] {logging_mixin.py:137} INFO - [2023-01-15T13:02:05.419+0000] {dag.py:2676} INFO - Sync 1 DAGs
[2023-01-15T13:02:05.534+0000] {logging_mixin.py:137} INFO - [2023-01-15T13:02:05.534+0000] {dag.py:3427} INFO - Setting next_dagrun for example_time_delta_sensor_async to None, run_after=None
[2023-01-15T13:02:05.670+0000] {processor.py:175} INFO - Processing /home/airflow/.local/lib/python3.7/site-packages/airflow/example_dags/example_time_delta_sensor_async.py took 0.519 seconds
[2023-01-15T13:02:36.023+0000] {processor.py:153} INFO - Started process (PID=407) to work on /home/airflow/.local/lib/python3.7/site-packages/airflow/example_dags/example_time_delta_sensor_async.py
[2023-01-15T13:02:36.036+0000] {processor.py:743} INFO - Processing file /home/airflow/.local/lib/python3.7/site-packages/airflow/example_dags/example_time_delta_sensor_async.py for tasks to queue
[2023-01-15T13:02:36.044+0000] {logging_mixin.py:137} INFO - [2023-01-15T13:02:36.043+0000] {dagbag.py:538} INFO - Filling up the DagBag from /home/airflow/.local/lib/python3.7/site-packages/airflow/example_dags/example_time_delta_sensor_async.py
[2023-01-15T13:02:36.138+0000] {processor.py:753} INFO - DAG(s) dict_keys(['example_time_delta_sensor_async']) retrieved from /home/airflow/.local/lib/python3.7/site-packages/airflow/example_dags/example_time_delta_sensor_async.py
[2023-01-15T13:02:36.455+0000] {logging_mixin.py:137} INFO - [2023-01-15T13:02:36.455+0000] {dag.py:2676} INFO - Sync 1 DAGs
[2023-01-15T13:02:36.694+0000] {logging_mixin.py:137} INFO - [2023-01-15T13:02:36.694+0000] {dag.py:3427} INFO - Setting next_dagrun for example_time_delta_sensor_async to None, run_after=None
[2023-01-15T13:02:36.805+0000] {processor.py:175} INFO - Processing /home/airflow/.local/lib/python3.7/site-packages/airflow/example_dags/example_time_delta_sensor_async.py took 0.800 seconds
[2023-01-15T13:03:07.341+0000] {processor.py:153} INFO - Started process (PID=454) to work on /home/airflow/.local/lib/python3.7/site-packages/airflow/example_dags/example_time_delta_sensor_async.py
[2023-01-15T13:03:07.354+0000] {processor.py:743} INFO - Processing file /home/airflow/.local/lib/python3.7/site-packages/airflow/example_dags/example_time_delta_sensor_async.py for tasks to queue
[2023-01-15T13:03:07.360+0000] {logging_mixin.py:137} INFO - [2023-01-15T13:03:07.360+0000] {dagbag.py:538} INFO - Filling up the DagBag from /home/airflow/.local/lib/python3.7/site-packages/airflow/example_dags/example_time_delta_sensor_async.py
[2023-01-15T13:03:07.445+0000] {processor.py:753} INFO - DAG(s) dict_keys(['example_time_delta_sensor_async']) retrieved from /home/airflow/.local/lib/python3.7/site-packages/airflow/example_dags/example_time_delta_sensor_async.py
[2023-01-15T13:03:07.763+0000] {logging_mixin.py:137} INFO - [2023-01-15T13:03:07.763+0000] {dag.py:2676} INFO - Sync 1 DAGs
[2023-01-15T13:03:07.931+0000] {logging_mixin.py:137} INFO - [2023-01-15T13:03:07.931+0000] {dag.py:3427} INFO - Setting next_dagrun for example_time_delta_sensor_async to None, run_after=None
[2023-01-15T13:03:08.067+0000] {processor.py:175} INFO - Processing /home/airflow/.local/lib/python3.7/site-packages/airflow/example_dags/example_time_delta_sensor_async.py took 0.753 seconds
[2023-01-15T13:03:39.127+0000] {processor.py:153} INFO - Started process (PID=519) to work on /home/airflow/.local/lib/python3.7/site-packages/airflow/example_dags/example_time_delta_sensor_async.py
[2023-01-15T13:03:39.134+0000] {processor.py:743} INFO - Processing file /home/airflow/.local/lib/python3.7/site-packages/airflow/example_dags/example_time_delta_sensor_async.py for tasks to queue
[2023-01-15T13:03:39.136+0000] {logging_mixin.py:137} INFO - [2023-01-15T13:03:39.135+0000] {dagbag.py:538} INFO - Filling up the DagBag from /home/airflow/.local/lib/python3.7/site-packages/airflow/example_dags/example_time_delta_sensor_async.py
[2023-01-15T13:03:39.182+0000] {processor.py:753} INFO - DAG(s) dict_keys(['example_time_delta_sensor_async']) retrieved from /home/airflow/.local/lib/python3.7/site-packages/airflow/example_dags/example_time_delta_sensor_async.py
[2023-01-15T13:03:39.324+0000] {logging_mixin.py:137} INFO - [2023-01-15T13:03:39.324+0000] {dag.py:2676} INFO - Sync 1 DAGs
[2023-01-15T13:03:39.412+0000] {logging_mixin.py:137} INFO - [2023-01-15T13:03:39.412+0000] {dag.py:3427} INFO - Setting next_dagrun for example_time_delta_sensor_async to None, run_after=None
[2023-01-15T13:03:39.472+0000] {processor.py:175} INFO - Processing /home/airflow/.local/lib/python3.7/site-packages/airflow/example_dags/example_time_delta_sensor_async.py took 0.358 seconds
[2023-01-15T13:04:09.801+0000] {processor.py:153} INFO - Started process (PID=575) to work on /home/airflow/.local/lib/python3.7/site-packages/airflow/example_dags/example_time_delta_sensor_async.py
[2023-01-15T13:04:09.809+0000] {processor.py:743} INFO - Processing file /home/airflow/.local/lib/python3.7/site-packages/airflow/example_dags/example_time_delta_sensor_async.py for tasks to queue
[2023-01-15T13:04:09.810+0000] {logging_mixin.py:137} INFO - [2023-01-15T13:04:09.810+0000] {dagbag.py:538} INFO - Filling up the DagBag from /home/airflow/.local/lib/python3.7/site-packages/airflow/example_dags/example_time_delta_sensor_async.py
[2023-01-15T13:04:09.840+0000] {processor.py:753} INFO - DAG(s) dict_keys(['example_time_delta_sensor_async']) retrieved from /home/airflow/.local/lib/python3.7/site-packages/airflow/example_dags/example_time_delta_sensor_async.py
[2023-01-15T13:04:09.933+0000] {logging_mixin.py:137} INFO - [2023-01-15T13:04:09.933+0000] {dag.py:2676} INFO - Sync 1 DAGs
[2023-01-15T13:04:09.990+0000] {logging_mixin.py:137} INFO - [2023-01-15T13:04:09.989+0000] {dag.py:3427} INFO - Setting next_dagrun for example_time_delta_sensor_async to None, run_after=None
[2023-01-15T13:04:10.039+0000] {processor.py:175} INFO - Processing /home/airflow/.local/lib/python3.7/site-packages/airflow/example_dags/example_time_delta_sensor_async.py took 0.243 seconds
[2023-01-15T13:04:40.787+0000] {processor.py:153} INFO - Started process (PID=630) to work on /home/airflow/.local/lib/python3.7/site-packages/airflow/example_dags/example_time_delta_sensor_async.py
[2023-01-15T13:04:40.790+0000] {processor.py:743} INFO - Processing file /home/airflow/.local/lib/python3.7/site-packages/airflow/example_dags/example_time_delta_sensor_async.py for tasks to queue
[2023-01-15T13:04:40.792+0000] {logging_mixin.py:137} INFO - [2023-01-15T13:04:40.792+0000] {dagbag.py:538} INFO - Filling up the DagBag from /home/airflow/.local/lib/python3.7/site-packages/airflow/example_dags/example_time_delta_sensor_async.py
[2023-01-15T13:04:40.822+0000] {processor.py:753} INFO - DAG(s) dict_keys(['example_time_delta_sensor_async']) retrieved from /home/airflow/.local/lib/python3.7/site-packages/airflow/example_dags/example_time_delta_sensor_async.py
[2023-01-15T13:04:41.116+0000] {logging_mixin.py:137} INFO - [2023-01-15T13:04:41.116+0000] {dag.py:2676} INFO - Sync 1 DAGs
[2023-01-15T13:04:41.263+0000] {logging_mixin.py:137} INFO - [2023-01-15T13:04:41.263+0000] {dag.py:3427} INFO - Setting next_dagrun for example_time_delta_sensor_async to None, run_after=None
[2023-01-15T13:04:41.413+0000] {processor.py:175} INFO - Processing /home/airflow/.local/lib/python3.7/site-packages/airflow/example_dags/example_time_delta_sensor_async.py took 0.659 seconds
[2023-01-15T13:05:12.215+0000] {processor.py:153} INFO - Started process (PID=692) to work on /home/airflow/.local/lib/python3.7/site-packages/airflow/example_dags/example_time_delta_sensor_async.py
[2023-01-15T13:05:12.227+0000] {processor.py:743} INFO - Processing file /home/airflow/.local/lib/python3.7/site-packages/airflow/example_dags/example_time_delta_sensor_async.py for tasks to queue
[2023-01-15T13:05:12.232+0000] {logging_mixin.py:137} INFO - [2023-01-15T13:05:12.232+0000] {dagbag.py:538} INFO - Filling up the DagBag from /home/airflow/.local/lib/python3.7/site-packages/airflow/example_dags/example_time_delta_sensor_async.py
[2023-01-15T13:05:12.282+0000] {processor.py:753} INFO - DAG(s) dict_keys(['example_time_delta_sensor_async']) retrieved from /home/airflow/.local/lib/python3.7/site-packages/airflow/example_dags/example_time_delta_sensor_async.py
[2023-01-15T13:05:12.449+0000] {logging_mixin.py:137} INFO - [2023-01-15T13:05:12.449+0000] {dag.py:2676} INFO - Sync 1 DAGs
[2023-01-15T13:05:12.538+0000] {logging_mixin.py:137} INFO - [2023-01-15T13:05:12.538+0000] {dag.py:3427} INFO - Setting next_dagrun for example_time_delta_sensor_async to None, run_after=None
[2023-01-15T13:05:12.609+0000] {processor.py:175} INFO - Processing /home/airflow/.local/lib/python3.7/site-packages/airflow/example_dags/example_time_delta_sensor_async.py took 0.404 seconds
[2023-01-15T13:05:43.037+0000] {processor.py:153} INFO - Started process (PID=748) to work on /home/airflow/.local/lib/python3.7/site-packages/airflow/example_dags/example_time_delta_sensor_async.py
[2023-01-15T13:05:43.049+0000] {processor.py:743} INFO - Processing file /home/airflow/.local/lib/python3.7/site-packages/airflow/example_dags/example_time_delta_sensor_async.py for tasks to queue
[2023-01-15T13:05:43.051+0000] {logging_mixin.py:137} INFO - [2023-01-15T13:05:43.050+0000] {dagbag.py:538} INFO - Filling up the DagBag from /home/airflow/.local/lib/python3.7/site-packages/airflow/example_dags/example_time_delta_sensor_async.py
[2023-01-15T13:05:43.076+0000] {processor.py:753} INFO - DAG(s) dict_keys(['example_time_delta_sensor_async']) retrieved from /home/airflow/.local/lib/python3.7/site-packages/airflow/example_dags/example_time_delta_sensor_async.py
[2023-01-15T13:05:43.169+0000] {logging_mixin.py:137} INFO - [2023-01-15T13:05:43.169+0000] {dag.py:2676} INFO - Sync 1 DAGs
[2023-01-15T13:05:43.228+0000] {logging_mixin.py:137} INFO - [2023-01-15T13:05:43.227+0000] {dag.py:3427} INFO - Setting next_dagrun for example_time_delta_sensor_async to None, run_after=None
[2023-01-15T13:05:43.273+0000] {processor.py:175} INFO - Processing /home/airflow/.local/lib/python3.7/site-packages/airflow/example_dags/example_time_delta_sensor_async.py took 0.242 seconds
[2023-01-15T13:06:14.188+0000] {processor.py:153} INFO - Started process (PID=802) to work on /home/airflow/.local/lib/python3.7/site-packages/airflow/example_dags/example_time_delta_sensor_async.py
[2023-01-15T13:06:14.191+0000] {processor.py:743} INFO - Processing file /home/airflow/.local/lib/python3.7/site-packages/airflow/example_dags/example_time_delta_sensor_async.py for tasks to queue
[2023-01-15T13:06:14.194+0000] {logging_mixin.py:137} INFO - [2023-01-15T13:06:14.194+0000] {dagbag.py:538} INFO - Filling up the DagBag from /home/airflow/.local/lib/python3.7/site-packages/airflow/example_dags/example_time_delta_sensor_async.py
[2023-01-15T13:06:14.256+0000] {processor.py:753} INFO - DAG(s) dict_keys(['example_time_delta_sensor_async']) retrieved from /home/airflow/.local/lib/python3.7/site-packages/airflow/example_dags/example_time_delta_sensor_async.py
[2023-01-15T13:06:14.442+0000] {logging_mixin.py:137} INFO - [2023-01-15T13:06:14.440+0000] {dag.py:2676} INFO - Sync 1 DAGs
[2023-01-15T13:06:14.568+0000] {logging_mixin.py:137} INFO - [2023-01-15T13:06:14.568+0000] {dag.py:3427} INFO - Setting next_dagrun for example_time_delta_sensor_async to None, run_after=None
[2023-01-15T13:06:14.687+0000] {processor.py:175} INFO - Processing /home/airflow/.local/lib/python3.7/site-packages/airflow/example_dags/example_time_delta_sensor_async.py took 0.522 seconds
[2023-01-15T13:06:45.322+0000] {processor.py:153} INFO - Started process (PID=857) to work on /home/airflow/.local/lib/python3.7/site-packages/airflow/example_dags/example_time_delta_sensor_async.py
[2023-01-15T13:06:45.324+0000] {processor.py:743} INFO - Processing file /home/airflow/.local/lib/python3.7/site-packages/airflow/example_dags/example_time_delta_sensor_async.py for tasks to queue
[2023-01-15T13:06:45.327+0000] {logging_mixin.py:137} INFO - [2023-01-15T13:06:45.326+0000] {dagbag.py:538} INFO - Filling up the DagBag from /home/airflow/.local/lib/python3.7/site-packages/airflow/example_dags/example_time_delta_sensor_async.py
[2023-01-15T13:06:45.356+0000] {processor.py:753} INFO - DAG(s) dict_keys(['example_time_delta_sensor_async']) retrieved from /home/airflow/.local/lib/python3.7/site-packages/airflow/example_dags/example_time_delta_sensor_async.py
[2023-01-15T13:06:45.453+0000] {logging_mixin.py:137} INFO - [2023-01-15T13:06:45.453+0000] {dag.py:2676} INFO - Sync 1 DAGs
[2023-01-15T13:06:45.545+0000] {logging_mixin.py:137} INFO - [2023-01-15T13:06:45.545+0000] {dag.py:3427} INFO - Setting next_dagrun for example_time_delta_sensor_async to None, run_after=None
[2023-01-15T13:06:45.648+0000] {processor.py:175} INFO - Processing /home/airflow/.local/lib/python3.7/site-packages/airflow/example_dags/example_time_delta_sensor_async.py took 0.338 seconds
[2023-01-15T13:07:43.799+0000] {processor.py:153} INFO - Started process (PID=930) to work on /home/airflow/.local/lib/python3.7/site-packages/airflow/example_dags/example_time_delta_sensor_async.py
[2023-01-15T13:07:43.885+0000] {processor.py:743} INFO - Processing file /home/airflow/.local/lib/python3.7/site-packages/airflow/example_dags/example_time_delta_sensor_async.py for tasks to queue
[2023-01-15T13:07:43.915+0000] {logging_mixin.py:137} INFO - [2023-01-15T13:07:43.915+0000] {dagbag.py:538} INFO - Filling up the DagBag from /home/airflow/.local/lib/python3.7/site-packages/airflow/example_dags/example_time_delta_sensor_async.py
[2023-01-15T13:07:44.567+0000] {processor.py:753} INFO - DAG(s) dict_keys(['example_time_delta_sensor_async']) retrieved from /home/airflow/.local/lib/python3.7/site-packages/airflow/example_dags/example_time_delta_sensor_async.py
[2023-01-15T13:07:45.583+0000] {logging_mixin.py:137} INFO - [2023-01-15T13:07:45.576+0000] {dag.py:2676} INFO - Sync 1 DAGs
[2023-01-15T13:07:45.997+0000] {logging_mixin.py:137} INFO - [2023-01-15T13:07:45.996+0000] {dag.py:3427} INFO - Setting next_dagrun for example_time_delta_sensor_async to None, run_after=None
[2023-01-15T13:07:46.121+0000] {processor.py:175} INFO - Processing /home/airflow/.local/lib/python3.7/site-packages/airflow/example_dags/example_time_delta_sensor_async.py took 2.408 seconds
[2023-01-15T13:08:19.363+0000] {processor.py:153} INFO - Started process (PID=979) to work on /home/airflow/.local/lib/python3.7/site-packages/airflow/example_dags/example_time_delta_sensor_async.py
[2023-01-15T13:08:19.420+0000] {processor.py:743} INFO - Processing file /home/airflow/.local/lib/python3.7/site-packages/airflow/example_dags/example_time_delta_sensor_async.py for tasks to queue
[2023-01-15T13:08:19.429+0000] {logging_mixin.py:137} INFO - [2023-01-15T13:08:19.429+0000] {dagbag.py:538} INFO - Filling up the DagBag from /home/airflow/.local/lib/python3.7/site-packages/airflow/example_dags/example_time_delta_sensor_async.py
[2023-01-15T13:08:19.743+0000] {processor.py:753} INFO - DAG(s) dict_keys(['example_time_delta_sensor_async']) retrieved from /home/airflow/.local/lib/python3.7/site-packages/airflow/example_dags/example_time_delta_sensor_async.py
[2023-01-15T13:08:20.507+0000] {logging_mixin.py:137} INFO - [2023-01-15T13:08:20.507+0000] {dag.py:2676} INFO - Sync 1 DAGs
[2023-01-15T13:08:20.989+0000] {logging_mixin.py:137} INFO - [2023-01-15T13:08:20.989+0000] {dag.py:3427} INFO - Setting next_dagrun for example_time_delta_sensor_async to None, run_after=None
[2023-01-15T13:08:22.054+0000] {processor.py:175} INFO - Processing /home/airflow/.local/lib/python3.7/site-packages/airflow/example_dags/example_time_delta_sensor_async.py took 2.696 seconds
[2023-01-15T13:08:52.710+0000] {processor.py:153} INFO - Started process (PID=1035) to work on /home/airflow/.local/lib/python3.7/site-packages/airflow/example_dags/example_time_delta_sensor_async.py
[2023-01-15T13:08:52.718+0000] {processor.py:743} INFO - Processing file /home/airflow/.local/lib/python3.7/site-packages/airflow/example_dags/example_time_delta_sensor_async.py for tasks to queue
[2023-01-15T13:08:52.725+0000] {logging_mixin.py:137} INFO - [2023-01-15T13:08:52.724+0000] {dagbag.py:538} INFO - Filling up the DagBag from /home/airflow/.local/lib/python3.7/site-packages/airflow/example_dags/example_time_delta_sensor_async.py
[2023-01-15T13:08:52.799+0000] {processor.py:753} INFO - DAG(s) dict_keys(['example_time_delta_sensor_async']) retrieved from /home/airflow/.local/lib/python3.7/site-packages/airflow/example_dags/example_time_delta_sensor_async.py
[2023-01-15T13:08:53.494+0000] {logging_mixin.py:137} INFO - [2023-01-15T13:08:53.494+0000] {dag.py:2676} INFO - Sync 1 DAGs
[2023-01-15T13:08:53.652+0000] {logging_mixin.py:137} INFO - [2023-01-15T13:08:53.652+0000] {dag.py:3427} INFO - Setting next_dagrun for example_time_delta_sensor_async to None, run_after=None
[2023-01-15T13:08:53.804+0000] {processor.py:175} INFO - Processing /home/airflow/.local/lib/python3.7/site-packages/airflow/example_dags/example_time_delta_sensor_async.py took 1.110 seconds
[2023-01-15T13:09:30.602+0000] {processor.py:153} INFO - Started process (PID=1091) to work on /home/airflow/.local/lib/python3.7/site-packages/airflow/example_dags/example_time_delta_sensor_async.py
[2023-01-15T13:09:30.607+0000] {processor.py:743} INFO - Processing file /home/airflow/.local/lib/python3.7/site-packages/airflow/example_dags/example_time_delta_sensor_async.py for tasks to queue
[2023-01-15T13:09:30.611+0000] {logging_mixin.py:137} INFO - [2023-01-15T13:09:30.609+0000] {dagbag.py:538} INFO - Filling up the DagBag from /home/airflow/.local/lib/python3.7/site-packages/airflow/example_dags/example_time_delta_sensor_async.py
[2023-01-15T13:09:30.692+0000] {processor.py:753} INFO - DAG(s) dict_keys(['example_time_delta_sensor_async']) retrieved from /home/airflow/.local/lib/python3.7/site-packages/airflow/example_dags/example_time_delta_sensor_async.py
[2023-01-15T13:09:30.895+0000] {logging_mixin.py:137} INFO - [2023-01-15T13:09:30.894+0000] {dag.py:2676} INFO - Sync 1 DAGs
[2023-01-15T13:09:31.022+0000] {logging_mixin.py:137} INFO - [2023-01-15T13:09:31.021+0000] {dag.py:3427} INFO - Setting next_dagrun for example_time_delta_sensor_async to None, run_after=None
[2023-01-15T13:09:31.129+0000] {processor.py:175} INFO - Processing /home/airflow/.local/lib/python3.7/site-packages/airflow/example_dags/example_time_delta_sensor_async.py took 0.548 seconds
[2023-01-15T13:10:03.510+0000] {processor.py:153} INFO - Started process (PID=1142) to work on /home/airflow/.local/lib/python3.7/site-packages/airflow/example_dags/example_time_delta_sensor_async.py
[2023-01-15T13:10:03.517+0000] {processor.py:743} INFO - Processing file /home/airflow/.local/lib/python3.7/site-packages/airflow/example_dags/example_time_delta_sensor_async.py for tasks to queue
[2023-01-15T13:10:03.519+0000] {logging_mixin.py:137} INFO - [2023-01-15T13:10:03.519+0000] {dagbag.py:538} INFO - Filling up the DagBag from /home/airflow/.local/lib/python3.7/site-packages/airflow/example_dags/example_time_delta_sensor_async.py
[2023-01-15T13:10:03.578+0000] {processor.py:753} INFO - DAG(s) dict_keys(['example_time_delta_sensor_async']) retrieved from /home/airflow/.local/lib/python3.7/site-packages/airflow/example_dags/example_time_delta_sensor_async.py
[2023-01-15T13:10:03.757+0000] {logging_mixin.py:137} INFO - [2023-01-15T13:10:03.757+0000] {dag.py:2676} INFO - Sync 1 DAGs
[2023-01-15T13:10:03.871+0000] {logging_mixin.py:137} INFO - [2023-01-15T13:10:03.871+0000] {dag.py:3427} INFO - Setting next_dagrun for example_time_delta_sensor_async to None, run_after=None
[2023-01-15T13:10:03.955+0000] {processor.py:175} INFO - Processing /home/airflow/.local/lib/python3.7/site-packages/airflow/example_dags/example_time_delta_sensor_async.py took 0.457 seconds
[2023-01-15T13:10:38.501+0000] {processor.py:153} INFO - Started process (PID=1189) to work on /home/airflow/.local/lib/python3.7/site-packages/airflow/example_dags/example_time_delta_sensor_async.py
[2023-01-15T13:10:38.517+0000] {processor.py:743} INFO - Processing file /home/airflow/.local/lib/python3.7/site-packages/airflow/example_dags/example_time_delta_sensor_async.py for tasks to queue
[2023-01-15T13:10:38.525+0000] {logging_mixin.py:137} INFO - [2023-01-15T13:10:38.522+0000] {dagbag.py:538} INFO - Filling up the DagBag from /home/airflow/.local/lib/python3.7/site-packages/airflow/example_dags/example_time_delta_sensor_async.py
[2023-01-15T13:10:38.710+0000] {processor.py:753} INFO - DAG(s) dict_keys(['example_time_delta_sensor_async']) retrieved from /home/airflow/.local/lib/python3.7/site-packages/airflow/example_dags/example_time_delta_sensor_async.py
[2023-01-15T13:10:39.305+0000] {logging_mixin.py:137} INFO - [2023-01-15T13:10:39.304+0000] {dag.py:2676} INFO - Sync 1 DAGs
[2023-01-15T13:10:39.775+0000] {logging_mixin.py:137} INFO - [2023-01-15T13:10:39.775+0000] {dag.py:3427} INFO - Setting next_dagrun for example_time_delta_sensor_async to None, run_after=None
[2023-01-15T13:10:40.154+0000] {processor.py:175} INFO - Processing /home/airflow/.local/lib/python3.7/site-packages/airflow/example_dags/example_time_delta_sensor_async.py took 1.721 seconds
[2023-01-15T13:11:14.267+0000] {processor.py:153} INFO - Started process (PID=1245) to work on /home/airflow/.local/lib/python3.7/site-packages/airflow/example_dags/example_time_delta_sensor_async.py
[2023-01-15T13:11:14.316+0000] {processor.py:743} INFO - Processing file /home/airflow/.local/lib/python3.7/site-packages/airflow/example_dags/example_time_delta_sensor_async.py for tasks to queue
[2023-01-15T13:11:14.333+0000] {logging_mixin.py:137} INFO - [2023-01-15T13:11:14.333+0000] {dagbag.py:538} INFO - Filling up the DagBag from /home/airflow/.local/lib/python3.7/site-packages/airflow/example_dags/example_time_delta_sensor_async.py
[2023-01-15T13:11:15.316+0000] {processor.py:753} INFO - DAG(s) dict_keys(['example_time_delta_sensor_async']) retrieved from /home/airflow/.local/lib/python3.7/site-packages/airflow/example_dags/example_time_delta_sensor_async.py
[2023-01-15T13:11:16.970+0000] {logging_mixin.py:137} INFO - [2023-01-15T13:11:16.967+0000] {dag.py:2676} INFO - Sync 1 DAGs
[2023-01-15T13:11:18.001+0000] {logging_mixin.py:137} INFO - [2023-01-15T13:11:18.000+0000] {dag.py:3427} INFO - Setting next_dagrun for example_time_delta_sensor_async to None, run_after=None
[2023-01-15T13:11:18.668+0000] {processor.py:175} INFO - Processing /home/airflow/.local/lib/python3.7/site-packages/airflow/example_dags/example_time_delta_sensor_async.py took 4.667 seconds
[2023-01-15T13:12:09.679+0000] {processor.py:153} INFO - Started process (PID=1312) to work on /home/airflow/.local/lib/python3.7/site-packages/airflow/example_dags/example_time_delta_sensor_async.py
[2023-01-15T13:12:09.711+0000] {processor.py:743} INFO - Processing file /home/airflow/.local/lib/python3.7/site-packages/airflow/example_dags/example_time_delta_sensor_async.py for tasks to queue
[2023-01-15T13:12:09.718+0000] {logging_mixin.py:137} INFO - [2023-01-15T13:12:09.718+0000] {dagbag.py:538} INFO - Filling up the DagBag from /home/airflow/.local/lib/python3.7/site-packages/airflow/example_dags/example_time_delta_sensor_async.py
[2023-01-15T13:12:10.094+0000] {processor.py:753} INFO - DAG(s) dict_keys(['example_time_delta_sensor_async']) retrieved from /home/airflow/.local/lib/python3.7/site-packages/airflow/example_dags/example_time_delta_sensor_async.py
[2023-01-15T13:12:11.059+0000] {logging_mixin.py:137} INFO - [2023-01-15T13:12:11.059+0000] {dag.py:2676} INFO - Sync 1 DAGs
[2023-01-15T13:12:11.568+0000] {logging_mixin.py:137} INFO - [2023-01-15T13:12:11.565+0000] {dag.py:3427} INFO - Setting next_dagrun for example_time_delta_sensor_async to None, run_after=None
[2023-01-15T13:12:12.068+0000] {processor.py:175} INFO - Processing /home/airflow/.local/lib/python3.7/site-packages/airflow/example_dags/example_time_delta_sensor_async.py took 2.451 seconds
[2023-01-15T13:12:46.903+0000] {processor.py:153} INFO - Started process (PID=1368) to work on /home/airflow/.local/lib/python3.7/site-packages/airflow/example_dags/example_time_delta_sensor_async.py
[2023-01-15T13:12:46.914+0000] {processor.py:743} INFO - Processing file /home/airflow/.local/lib/python3.7/site-packages/airflow/example_dags/example_time_delta_sensor_async.py for tasks to queue
[2023-01-15T13:12:46.928+0000] {logging_mixin.py:137} INFO - [2023-01-15T13:12:46.925+0000] {dagbag.py:538} INFO - Filling up the DagBag from /home/airflow/.local/lib/python3.7/site-packages/airflow/example_dags/example_time_delta_sensor_async.py
[2023-01-15T13:12:47.103+0000] {processor.py:753} INFO - DAG(s) dict_keys(['example_time_delta_sensor_async']) retrieved from /home/airflow/.local/lib/python3.7/site-packages/airflow/example_dags/example_time_delta_sensor_async.py
[2023-01-15T13:12:47.633+0000] {logging_mixin.py:137} INFO - [2023-01-15T13:12:47.633+0000] {dag.py:2676} INFO - Sync 1 DAGs
[2023-01-15T13:12:47.940+0000] {logging_mixin.py:137} INFO - [2023-01-15T13:12:47.933+0000] {dag.py:3427} INFO - Setting next_dagrun for example_time_delta_sensor_async to None, run_after=None
[2023-01-15T13:12:48.161+0000] {processor.py:175} INFO - Processing /home/airflow/.local/lib/python3.7/site-packages/airflow/example_dags/example_time_delta_sensor_async.py took 1.305 seconds
[2023-01-15T13:13:36.946+0000] {processor.py:153} INFO - Started process (PID=1427) to work on /home/airflow/.local/lib/python3.7/site-packages/airflow/example_dags/example_time_delta_sensor_async.py
[2023-01-15T13:13:36.954+0000] {processor.py:743} INFO - Processing file /home/airflow/.local/lib/python3.7/site-packages/airflow/example_dags/example_time_delta_sensor_async.py for tasks to queue
[2023-01-15T13:13:36.957+0000] {logging_mixin.py:137} INFO - [2023-01-15T13:13:36.957+0000] {dagbag.py:538} INFO - Filling up the DagBag from /home/airflow/.local/lib/python3.7/site-packages/airflow/example_dags/example_time_delta_sensor_async.py
[2023-01-15T13:13:37.023+0000] {processor.py:753} INFO - DAG(s) dict_keys(['example_time_delta_sensor_async']) retrieved from /home/airflow/.local/lib/python3.7/site-packages/airflow/example_dags/example_time_delta_sensor_async.py
[2023-01-15T13:13:37.189+0000] {logging_mixin.py:137} INFO - [2023-01-15T13:13:37.188+0000] {dag.py:2676} INFO - Sync 1 DAGs
[2023-01-15T13:13:37.353+0000] {logging_mixin.py:137} INFO - [2023-01-15T13:13:37.349+0000] {dag.py:3427} INFO - Setting next_dagrun for example_time_delta_sensor_async to None, run_after=None
[2023-01-15T13:13:37.422+0000] {processor.py:175} INFO - Processing /home/airflow/.local/lib/python3.7/site-packages/airflow/example_dags/example_time_delta_sensor_async.py took 0.494 seconds
[2023-01-15T13:14:09.574+0000] {processor.py:153} INFO - Started process (PID=1483) to work on /home/airflow/.local/lib/python3.7/site-packages/airflow/example_dags/example_time_delta_sensor_async.py
[2023-01-15T13:14:09.584+0000] {processor.py:743} INFO - Processing file /home/airflow/.local/lib/python3.7/site-packages/airflow/example_dags/example_time_delta_sensor_async.py for tasks to queue
[2023-01-15T13:14:09.594+0000] {logging_mixin.py:137} INFO - [2023-01-15T13:14:09.594+0000] {dagbag.py:538} INFO - Filling up the DagBag from /home/airflow/.local/lib/python3.7/site-packages/airflow/example_dags/example_time_delta_sensor_async.py
[2023-01-15T13:14:09.716+0000] {processor.py:753} INFO - DAG(s) dict_keys(['example_time_delta_sensor_async']) retrieved from /home/airflow/.local/lib/python3.7/site-packages/airflow/example_dags/example_time_delta_sensor_async.py
[2023-01-15T13:14:10.102+0000] {logging_mixin.py:137} INFO - [2023-01-15T13:14:10.097+0000] {dag.py:2676} INFO - Sync 1 DAGs
[2023-01-15T13:14:10.397+0000] {logging_mixin.py:137} INFO - [2023-01-15T13:14:10.393+0000] {dag.py:3427} INFO - Setting next_dagrun for example_time_delta_sensor_async to None, run_after=None
[2023-01-15T13:14:10.657+0000] {processor.py:175} INFO - Processing /home/airflow/.local/lib/python3.7/site-packages/airflow/example_dags/example_time_delta_sensor_async.py took 1.116 seconds
[2023-01-15T13:14:40.941+0000] {processor.py:153} INFO - Started process (PID=1530) to work on /home/airflow/.local/lib/python3.7/site-packages/airflow/example_dags/example_time_delta_sensor_async.py
[2023-01-15T13:14:40.944+0000] {processor.py:743} INFO - Processing file /home/airflow/.local/lib/python3.7/site-packages/airflow/example_dags/example_time_delta_sensor_async.py for tasks to queue
[2023-01-15T13:14:40.946+0000] {logging_mixin.py:137} INFO - [2023-01-15T13:14:40.946+0000] {dagbag.py:538} INFO - Filling up the DagBag from /home/airflow/.local/lib/python3.7/site-packages/airflow/example_dags/example_time_delta_sensor_async.py
[2023-01-15T13:14:40.966+0000] {processor.py:753} INFO - DAG(s) dict_keys(['example_time_delta_sensor_async']) retrieved from /home/airflow/.local/lib/python3.7/site-packages/airflow/example_dags/example_time_delta_sensor_async.py
[2023-01-15T13:14:41.075+0000] {logging_mixin.py:137} INFO - [2023-01-15T13:14:41.074+0000] {dag.py:2676} INFO - Sync 1 DAGs
[2023-01-15T13:14:41.147+0000] {logging_mixin.py:137} INFO - [2023-01-15T13:14:41.146+0000] {dag.py:3427} INFO - Setting next_dagrun for example_time_delta_sensor_async to None, run_after=None
[2023-01-15T13:14:41.203+0000] {processor.py:175} INFO - Processing /home/airflow/.local/lib/python3.7/site-packages/airflow/example_dags/example_time_delta_sensor_async.py took 0.294 seconds
[2023-01-15T13:15:14.137+0000] {processor.py:153} INFO - Started process (PID=1586) to work on /home/airflow/.local/lib/python3.7/site-packages/airflow/example_dags/example_time_delta_sensor_async.py
[2023-01-15T13:15:14.149+0000] {processor.py:743} INFO - Processing file /home/airflow/.local/lib/python3.7/site-packages/airflow/example_dags/example_time_delta_sensor_async.py for tasks to queue
[2023-01-15T13:15:14.159+0000] {logging_mixin.py:137} INFO - [2023-01-15T13:15:14.159+0000] {dagbag.py:538} INFO - Filling up the DagBag from /home/airflow/.local/lib/python3.7/site-packages/airflow/example_dags/example_time_delta_sensor_async.py
[2023-01-15T13:15:14.308+0000] {processor.py:753} INFO - DAG(s) dict_keys(['example_time_delta_sensor_async']) retrieved from /home/airflow/.local/lib/python3.7/site-packages/airflow/example_dags/example_time_delta_sensor_async.py
[2023-01-15T13:15:14.665+0000] {logging_mixin.py:137} INFO - [2023-01-15T13:15:14.665+0000] {dag.py:2676} INFO - Sync 1 DAGs
[2023-01-15T13:15:14.896+0000] {logging_mixin.py:137} INFO - [2023-01-15T13:15:14.896+0000] {dag.py:3427} INFO - Setting next_dagrun for example_time_delta_sensor_async to None, run_after=None
[2023-01-15T13:15:15.064+0000] {processor.py:175} INFO - Processing /home/airflow/.local/lib/python3.7/site-packages/airflow/example_dags/example_time_delta_sensor_async.py took 0.987 seconds
[2023-01-15T13:43:37.325+0000] {processor.py:153} INFO - Started process (PID=73) to work on /home/airflow/.local/lib/python3.7/site-packages/airflow/example_dags/example_time_delta_sensor_async.py
[2023-01-15T13:43:37.338+0000] {processor.py:743} INFO - Processing file /home/airflow/.local/lib/python3.7/site-packages/airflow/example_dags/example_time_delta_sensor_async.py for tasks to queue
[2023-01-15T13:43:37.344+0000] {logging_mixin.py:137} INFO - [2023-01-15T13:43:37.344+0000] {dagbag.py:538} INFO - Filling up the DagBag from /home/airflow/.local/lib/python3.7/site-packages/airflow/example_dags/example_time_delta_sensor_async.py
[2023-01-15T13:43:37.533+0000] {processor.py:753} INFO - DAG(s) dict_keys(['example_time_delta_sensor_async']) retrieved from /home/airflow/.local/lib/python3.7/site-packages/airflow/example_dags/example_time_delta_sensor_async.py
[2023-01-15T13:43:38.205+0000] {logging_mixin.py:137} INFO - [2023-01-15T13:43:38.205+0000] {dag.py:2676} INFO - Sync 1 DAGs
[2023-01-15T13:43:38.890+0000] {logging_mixin.py:137} INFO - [2023-01-15T13:43:38.890+0000] {dag.py:3427} INFO - Setting next_dagrun for example_time_delta_sensor_async to None, run_after=None
[2023-01-15T13:43:39.205+0000] {processor.py:175} INFO - Processing /home/airflow/.local/lib/python3.7/site-packages/airflow/example_dags/example_time_delta_sensor_async.py took 1.913 seconds
[2023-01-15T13:45:03.613+0000] {processor.py:153} INFO - Started process (PID=145) to work on /home/airflow/.local/lib/python3.7/site-packages/airflow/example_dags/example_time_delta_sensor_async.py
[2023-01-15T13:45:03.633+0000] {processor.py:743} INFO - Processing file /home/airflow/.local/lib/python3.7/site-packages/airflow/example_dags/example_time_delta_sensor_async.py for tasks to queue
[2023-01-15T13:45:03.652+0000] {logging_mixin.py:137} INFO - [2023-01-15T13:45:03.652+0000] {dagbag.py:538} INFO - Filling up the DagBag from /home/airflow/.local/lib/python3.7/site-packages/airflow/example_dags/example_time_delta_sensor_async.py
[2023-01-15T13:45:04.050+0000] {processor.py:753} INFO - DAG(s) dict_keys(['example_time_delta_sensor_async']) retrieved from /home/airflow/.local/lib/python3.7/site-packages/airflow/example_dags/example_time_delta_sensor_async.py
[2023-01-15T13:45:05.084+0000] {logging_mixin.py:137} INFO - [2023-01-15T13:45:05.084+0000] {dag.py:2676} INFO - Sync 1 DAGs
[2023-01-15T13:45:06.098+0000] {logging_mixin.py:137} INFO - [2023-01-15T13:45:06.098+0000] {dag.py:3427} INFO - Setting next_dagrun for example_time_delta_sensor_async to None, run_after=None
[2023-01-15T13:45:06.632+0000] {processor.py:175} INFO - Processing /home/airflow/.local/lib/python3.7/site-packages/airflow/example_dags/example_time_delta_sensor_async.py took 3.153 seconds
[2023-01-15T13:45:51.428+0000] {processor.py:153} INFO - Started process (PID=205) to work on /home/airflow/.local/lib/python3.7/site-packages/airflow/example_dags/example_time_delta_sensor_async.py
[2023-01-15T13:45:51.439+0000] {processor.py:743} INFO - Processing file /home/airflow/.local/lib/python3.7/site-packages/airflow/example_dags/example_time_delta_sensor_async.py for tasks to queue
[2023-01-15T13:45:51.441+0000] {logging_mixin.py:137} INFO - [2023-01-15T13:45:51.441+0000] {dagbag.py:538} INFO - Filling up the DagBag from /home/airflow/.local/lib/python3.7/site-packages/airflow/example_dags/example_time_delta_sensor_async.py
[2023-01-15T13:45:51.522+0000] {processor.py:753} INFO - DAG(s) dict_keys(['example_time_delta_sensor_async']) retrieved from /home/airflow/.local/lib/python3.7/site-packages/airflow/example_dags/example_time_delta_sensor_async.py
[2023-01-15T13:45:51.744+0000] {logging_mixin.py:137} INFO - [2023-01-15T13:45:51.744+0000] {dag.py:2676} INFO - Sync 1 DAGs
[2023-01-15T13:45:51.893+0000] {logging_mixin.py:137} INFO - [2023-01-15T13:45:51.893+0000] {dag.py:3427} INFO - Setting next_dagrun for example_time_delta_sensor_async to None, run_after=None
[2023-01-15T13:45:51.994+0000] {processor.py:175} INFO - Processing /home/airflow/.local/lib/python3.7/site-packages/airflow/example_dags/example_time_delta_sensor_async.py took 0.598 seconds
[2023-01-15T13:46:28.749+0000] {processor.py:153} INFO - Started process (PID=261) to work on /home/airflow/.local/lib/python3.7/site-packages/airflow/example_dags/example_time_delta_sensor_async.py
[2023-01-15T13:46:28.761+0000] {processor.py:743} INFO - Processing file /home/airflow/.local/lib/python3.7/site-packages/airflow/example_dags/example_time_delta_sensor_async.py for tasks to queue
[2023-01-15T13:46:28.765+0000] {logging_mixin.py:137} INFO - [2023-01-15T13:46:28.765+0000] {dagbag.py:538} INFO - Filling up the DagBag from /home/airflow/.local/lib/python3.7/site-packages/airflow/example_dags/example_time_delta_sensor_async.py
[2023-01-15T13:46:28.968+0000] {processor.py:753} INFO - DAG(s) dict_keys(['example_time_delta_sensor_async']) retrieved from /home/airflow/.local/lib/python3.7/site-packages/airflow/example_dags/example_time_delta_sensor_async.py
[2023-01-15T13:46:29.131+0000] {logging_mixin.py:137} INFO - [2023-01-15T13:46:29.131+0000] {dag.py:2676} INFO - Sync 1 DAGs
[2023-01-15T13:46:29.239+0000] {logging_mixin.py:137} INFO - [2023-01-15T13:46:29.239+0000] {dag.py:3427} INFO - Setting next_dagrun for example_time_delta_sensor_async to None, run_after=None
[2023-01-15T13:46:29.394+0000] {processor.py:175} INFO - Processing /home/airflow/.local/lib/python3.7/site-packages/airflow/example_dags/example_time_delta_sensor_async.py took 0.675 seconds
[2023-01-15T13:46:59.616+0000] {processor.py:153} INFO - Started process (PID=316) to work on /home/airflow/.local/lib/python3.7/site-packages/airflow/example_dags/example_time_delta_sensor_async.py
[2023-01-15T13:46:59.628+0000] {processor.py:743} INFO - Processing file /home/airflow/.local/lib/python3.7/site-packages/airflow/example_dags/example_time_delta_sensor_async.py for tasks to queue
[2023-01-15T13:46:59.632+0000] {logging_mixin.py:137} INFO - [2023-01-15T13:46:59.632+0000] {dagbag.py:538} INFO - Filling up the DagBag from /home/airflow/.local/lib/python3.7/site-packages/airflow/example_dags/example_time_delta_sensor_async.py
[2023-01-15T13:46:59.781+0000] {processor.py:753} INFO - DAG(s) dict_keys(['example_time_delta_sensor_async']) retrieved from /home/airflow/.local/lib/python3.7/site-packages/airflow/example_dags/example_time_delta_sensor_async.py
[2023-01-15T13:47:00.092+0000] {logging_mixin.py:137} INFO - [2023-01-15T13:47:00.092+0000] {dag.py:2676} INFO - Sync 1 DAGs
[2023-01-15T13:47:00.295+0000] {logging_mixin.py:137} INFO - [2023-01-15T13:47:00.295+0000] {dag.py:3427} INFO - Setting next_dagrun for example_time_delta_sensor_async to None, run_after=None
[2023-01-15T13:47:00.497+0000] {processor.py:175} INFO - Processing /home/airflow/.local/lib/python3.7/site-packages/airflow/example_dags/example_time_delta_sensor_async.py took 0.906 seconds
[2023-01-15T13:47:31.310+0000] {processor.py:153} INFO - Started process (PID=363) to work on /home/airflow/.local/lib/python3.7/site-packages/airflow/example_dags/example_time_delta_sensor_async.py
[2023-01-15T13:47:31.315+0000] {processor.py:743} INFO - Processing file /home/airflow/.local/lib/python3.7/site-packages/airflow/example_dags/example_time_delta_sensor_async.py for tasks to queue
[2023-01-15T13:47:31.319+0000] {logging_mixin.py:137} INFO - [2023-01-15T13:47:31.318+0000] {dagbag.py:538} INFO - Filling up the DagBag from /home/airflow/.local/lib/python3.7/site-packages/airflow/example_dags/example_time_delta_sensor_async.py
[2023-01-15T13:47:31.410+0000] {processor.py:753} INFO - DAG(s) dict_keys(['example_time_delta_sensor_async']) retrieved from /home/airflow/.local/lib/python3.7/site-packages/airflow/example_dags/example_time_delta_sensor_async.py
[2023-01-15T13:47:31.655+0000] {logging_mixin.py:137} INFO - [2023-01-15T13:47:31.655+0000] {dag.py:2676} INFO - Sync 1 DAGs
[2023-01-15T13:47:31.803+0000] {logging_mixin.py:137} INFO - [2023-01-15T13:47:31.802+0000] {dag.py:3427} INFO - Setting next_dagrun for example_time_delta_sensor_async to None, run_after=None
[2023-01-15T13:47:31.895+0000] {processor.py:175} INFO - Processing /home/airflow/.local/lib/python3.7/site-packages/airflow/example_dags/example_time_delta_sensor_async.py took 0.616 seconds
[2023-01-15T13:48:02.387+0000] {processor.py:153} INFO - Started process (PID=419) to work on /home/airflow/.local/lib/python3.7/site-packages/airflow/example_dags/example_time_delta_sensor_async.py
[2023-01-15T13:48:02.389+0000] {processor.py:743} INFO - Processing file /home/airflow/.local/lib/python3.7/site-packages/airflow/example_dags/example_time_delta_sensor_async.py for tasks to queue
[2023-01-15T13:48:02.392+0000] {logging_mixin.py:137} INFO - [2023-01-15T13:48:02.392+0000] {dagbag.py:538} INFO - Filling up the DagBag from /home/airflow/.local/lib/python3.7/site-packages/airflow/example_dags/example_time_delta_sensor_async.py
[2023-01-15T13:48:02.420+0000] {processor.py:753} INFO - DAG(s) dict_keys(['example_time_delta_sensor_async']) retrieved from /home/airflow/.local/lib/python3.7/site-packages/airflow/example_dags/example_time_delta_sensor_async.py
[2023-01-15T13:48:02.549+0000] {logging_mixin.py:137} INFO - [2023-01-15T13:48:02.549+0000] {dag.py:2676} INFO - Sync 1 DAGs
[2023-01-15T13:48:02.614+0000] {logging_mixin.py:137} INFO - [2023-01-15T13:48:02.614+0000] {dag.py:3427} INFO - Setting next_dagrun for example_time_delta_sensor_async to None, run_after=None
[2023-01-15T13:48:02.666+0000] {processor.py:175} INFO - Processing /home/airflow/.local/lib/python3.7/site-packages/airflow/example_dags/example_time_delta_sensor_async.py took 0.291 seconds
[2023-01-15T13:48:33.422+0000] {processor.py:153} INFO - Started process (PID=473) to work on /home/airflow/.local/lib/python3.7/site-packages/airflow/example_dags/example_time_delta_sensor_async.py
[2023-01-15T13:48:33.424+0000] {processor.py:743} INFO - Processing file /home/airflow/.local/lib/python3.7/site-packages/airflow/example_dags/example_time_delta_sensor_async.py for tasks to queue
[2023-01-15T13:48:33.427+0000] {logging_mixin.py:137} INFO - [2023-01-15T13:48:33.427+0000] {dagbag.py:538} INFO - Filling up the DagBag from /home/airflow/.local/lib/python3.7/site-packages/airflow/example_dags/example_time_delta_sensor_async.py
[2023-01-15T13:48:33.459+0000] {processor.py:753} INFO - DAG(s) dict_keys(['example_time_delta_sensor_async']) retrieved from /home/airflow/.local/lib/python3.7/site-packages/airflow/example_dags/example_time_delta_sensor_async.py
[2023-01-15T13:48:33.553+0000] {logging_mixin.py:137} INFO - [2023-01-15T13:48:33.553+0000] {dag.py:2676} INFO - Sync 1 DAGs
[2023-01-15T13:48:33.621+0000] {logging_mixin.py:137} INFO - [2023-01-15T13:48:33.620+0000] {dag.py:3427} INFO - Setting next_dagrun for example_time_delta_sensor_async to None, run_after=None
[2023-01-15T13:48:33.672+0000] {processor.py:175} INFO - Processing /home/airflow/.local/lib/python3.7/site-packages/airflow/example_dags/example_time_delta_sensor_async.py took 0.259 seconds
[2023-01-15T13:49:04.711+0000] {processor.py:153} INFO - Started process (PID=528) to work on /home/airflow/.local/lib/python3.7/site-packages/airflow/example_dags/example_time_delta_sensor_async.py
[2023-01-15T13:49:04.723+0000] {processor.py:743} INFO - Processing file /home/airflow/.local/lib/python3.7/site-packages/airflow/example_dags/example_time_delta_sensor_async.py for tasks to queue
[2023-01-15T13:49:04.729+0000] {logging_mixin.py:137} INFO - [2023-01-15T13:49:04.729+0000] {dagbag.py:538} INFO - Filling up the DagBag from /home/airflow/.local/lib/python3.7/site-packages/airflow/example_dags/example_time_delta_sensor_async.py
[2023-01-15T13:49:04.870+0000] {processor.py:753} INFO - DAG(s) dict_keys(['example_time_delta_sensor_async']) retrieved from /home/airflow/.local/lib/python3.7/site-packages/airflow/example_dags/example_time_delta_sensor_async.py
[2023-01-15T13:49:05.095+0000] {logging_mixin.py:137} INFO - [2023-01-15T13:49:05.095+0000] {dag.py:2676} INFO - Sync 1 DAGs
[2023-01-15T13:49:05.221+0000] {logging_mixin.py:137} INFO - [2023-01-15T13:49:05.221+0000] {dag.py:3427} INFO - Setting next_dagrun for example_time_delta_sensor_async to None, run_after=None
[2023-01-15T13:49:05.313+0000] {processor.py:175} INFO - Processing /home/airflow/.local/lib/python3.7/site-packages/airflow/example_dags/example_time_delta_sensor_async.py took 0.633 seconds
[2023-01-15T13:49:37.064+0000] {processor.py:153} INFO - Started process (PID=584) to work on /home/airflow/.local/lib/python3.7/site-packages/airflow/example_dags/example_time_delta_sensor_async.py
[2023-01-15T13:49:37.072+0000] {processor.py:743} INFO - Processing file /home/airflow/.local/lib/python3.7/site-packages/airflow/example_dags/example_time_delta_sensor_async.py for tasks to queue
[2023-01-15T13:49:37.089+0000] {logging_mixin.py:137} INFO - [2023-01-15T13:49:37.089+0000] {dagbag.py:538} INFO - Filling up the DagBag from /home/airflow/.local/lib/python3.7/site-packages/airflow/example_dags/example_time_delta_sensor_async.py
[2023-01-15T13:49:37.183+0000] {processor.py:753} INFO - DAG(s) dict_keys(['example_time_delta_sensor_async']) retrieved from /home/airflow/.local/lib/python3.7/site-packages/airflow/example_dags/example_time_delta_sensor_async.py
[2023-01-15T13:49:37.379+0000] {logging_mixin.py:137} INFO - [2023-01-15T13:49:37.379+0000] {dag.py:2676} INFO - Sync 1 DAGs
[2023-01-15T13:49:37.505+0000] {logging_mixin.py:137} INFO - [2023-01-15T13:49:37.505+0000] {dag.py:3427} INFO - Setting next_dagrun for example_time_delta_sensor_async to None, run_after=None
[2023-01-15T13:49:37.788+0000] {processor.py:175} INFO - Processing /home/airflow/.local/lib/python3.7/site-packages/airflow/example_dags/example_time_delta_sensor_async.py took 0.816 seconds
[2023-01-15T13:50:08.297+0000] {processor.py:153} INFO - Started process (PID=640) to work on /home/airflow/.local/lib/python3.7/site-packages/airflow/example_dags/example_time_delta_sensor_async.py
[2023-01-15T13:50:08.307+0000] {processor.py:743} INFO - Processing file /home/airflow/.local/lib/python3.7/site-packages/airflow/example_dags/example_time_delta_sensor_async.py for tasks to queue
[2023-01-15T13:50:08.309+0000] {logging_mixin.py:137} INFO - [2023-01-15T13:50:08.309+0000] {dagbag.py:538} INFO - Filling up the DagBag from /home/airflow/.local/lib/python3.7/site-packages/airflow/example_dags/example_time_delta_sensor_async.py
[2023-01-15T13:50:08.371+0000] {processor.py:753} INFO - DAG(s) dict_keys(['example_time_delta_sensor_async']) retrieved from /home/airflow/.local/lib/python3.7/site-packages/airflow/example_dags/example_time_delta_sensor_async.py
[2023-01-15T13:50:08.557+0000] {logging_mixin.py:137} INFO - [2023-01-15T13:50:08.557+0000] {dag.py:2676} INFO - Sync 1 DAGs
[2023-01-15T13:50:08.694+0000] {logging_mixin.py:137} INFO - [2023-01-15T13:50:08.694+0000] {dag.py:3427} INFO - Setting next_dagrun for example_time_delta_sensor_async to None, run_after=None
[2023-01-15T13:50:08.814+0000] {processor.py:175} INFO - Processing /home/airflow/.local/lib/python3.7/site-packages/airflow/example_dags/example_time_delta_sensor_async.py took 0.533 seconds
[2023-01-15T13:50:39.246+0000] {processor.py:153} INFO - Started process (PID=696) to work on /home/airflow/.local/lib/python3.7/site-packages/airflow/example_dags/example_time_delta_sensor_async.py
[2023-01-15T13:50:39.270+0000] {processor.py:743} INFO - Processing file /home/airflow/.local/lib/python3.7/site-packages/airflow/example_dags/example_time_delta_sensor_async.py for tasks to queue
[2023-01-15T13:50:39.280+0000] {logging_mixin.py:137} INFO - [2023-01-15T13:50:39.280+0000] {dagbag.py:538} INFO - Filling up the DagBag from /home/airflow/.local/lib/python3.7/site-packages/airflow/example_dags/example_time_delta_sensor_async.py
[2023-01-15T13:50:39.490+0000] {processor.py:753} INFO - DAG(s) dict_keys(['example_time_delta_sensor_async']) retrieved from /home/airflow/.local/lib/python3.7/site-packages/airflow/example_dags/example_time_delta_sensor_async.py
[2023-01-15T13:50:39.797+0000] {logging_mixin.py:137} INFO - [2023-01-15T13:50:39.796+0000] {dag.py:2676} INFO - Sync 1 DAGs
[2023-01-15T13:50:39.901+0000] {logging_mixin.py:137} INFO - [2023-01-15T13:50:39.901+0000] {dag.py:3427} INFO - Setting next_dagrun for example_time_delta_sensor_async to None, run_after=None
[2023-01-15T13:50:40.031+0000] {processor.py:175} INFO - Processing /home/airflow/.local/lib/python3.7/site-packages/airflow/example_dags/example_time_delta_sensor_async.py took 0.867 seconds
[2023-01-15T13:51:10.168+0000] {processor.py:153} INFO - Started process (PID=751) to work on /home/airflow/.local/lib/python3.7/site-packages/airflow/example_dags/example_time_delta_sensor_async.py
[2023-01-15T13:51:10.176+0000] {processor.py:743} INFO - Processing file /home/airflow/.local/lib/python3.7/site-packages/airflow/example_dags/example_time_delta_sensor_async.py for tasks to queue
[2023-01-15T13:51:10.180+0000] {logging_mixin.py:137} INFO - [2023-01-15T13:51:10.179+0000] {dagbag.py:538} INFO - Filling up the DagBag from /home/airflow/.local/lib/python3.7/site-packages/airflow/example_dags/example_time_delta_sensor_async.py
[2023-01-15T13:51:10.384+0000] {processor.py:753} INFO - DAG(s) dict_keys(['example_time_delta_sensor_async']) retrieved from /home/airflow/.local/lib/python3.7/site-packages/airflow/example_dags/example_time_delta_sensor_async.py
[2023-01-15T13:51:10.666+0000] {logging_mixin.py:137} INFO - [2023-01-15T13:51:10.666+0000] {dag.py:2676} INFO - Sync 1 DAGs
[2023-01-15T13:51:10.770+0000] {logging_mixin.py:137} INFO - [2023-01-15T13:51:10.770+0000] {dag.py:3427} INFO - Setting next_dagrun for example_time_delta_sensor_async to None, run_after=None
[2023-01-15T13:51:10.894+0000] {processor.py:175} INFO - Processing /home/airflow/.local/lib/python3.7/site-packages/airflow/example_dags/example_time_delta_sensor_async.py took 0.741 seconds
[2023-01-15T13:51:41.204+0000] {processor.py:153} INFO - Started process (PID=807) to work on /home/airflow/.local/lib/python3.7/site-packages/airflow/example_dags/example_time_delta_sensor_async.py
[2023-01-15T13:51:41.206+0000] {processor.py:743} INFO - Processing file /home/airflow/.local/lib/python3.7/site-packages/airflow/example_dags/example_time_delta_sensor_async.py for tasks to queue
[2023-01-15T13:51:41.208+0000] {logging_mixin.py:137} INFO - [2023-01-15T13:51:41.207+0000] {dagbag.py:538} INFO - Filling up the DagBag from /home/airflow/.local/lib/python3.7/site-packages/airflow/example_dags/example_time_delta_sensor_async.py
[2023-01-15T13:51:41.224+0000] {processor.py:753} INFO - DAG(s) dict_keys(['example_time_delta_sensor_async']) retrieved from /home/airflow/.local/lib/python3.7/site-packages/airflow/example_dags/example_time_delta_sensor_async.py
[2023-01-15T13:51:41.274+0000] {logging_mixin.py:137} INFO - [2023-01-15T13:51:41.273+0000] {dag.py:2676} INFO - Sync 1 DAGs
[2023-01-15T13:51:41.306+0000] {logging_mixin.py:137} INFO - [2023-01-15T13:51:41.306+0000] {dag.py:3427} INFO - Setting next_dagrun for example_time_delta_sensor_async to None, run_after=None
[2023-01-15T13:51:41.348+0000] {processor.py:175} INFO - Processing /home/airflow/.local/lib/python3.7/site-packages/airflow/example_dags/example_time_delta_sensor_async.py took 0.150 seconds
[2023-01-15T13:52:15.258+0000] {processor.py:153} INFO - Started process (PID=862) to work on /home/airflow/.local/lib/python3.7/site-packages/airflow/example_dags/example_time_delta_sensor_async.py
[2023-01-15T13:52:15.269+0000] {processor.py:743} INFO - Processing file /home/airflow/.local/lib/python3.7/site-packages/airflow/example_dags/example_time_delta_sensor_async.py for tasks to queue
[2023-01-15T13:52:15.275+0000] {logging_mixin.py:137} INFO - [2023-01-15T13:52:15.275+0000] {dagbag.py:538} INFO - Filling up the DagBag from /home/airflow/.local/lib/python3.7/site-packages/airflow/example_dags/example_time_delta_sensor_async.py
[2023-01-15T13:52:15.392+0000] {processor.py:753} INFO - DAG(s) dict_keys(['example_time_delta_sensor_async']) retrieved from /home/airflow/.local/lib/python3.7/site-packages/airflow/example_dags/example_time_delta_sensor_async.py
[2023-01-15T13:52:15.848+0000] {logging_mixin.py:137} INFO - [2023-01-15T13:52:15.848+0000] {dag.py:2676} INFO - Sync 1 DAGs
[2023-01-15T13:52:16.108+0000] {logging_mixin.py:137} INFO - [2023-01-15T13:52:16.107+0000] {dag.py:3427} INFO - Setting next_dagrun for example_time_delta_sensor_async to None, run_after=None
[2023-01-15T13:52:16.278+0000] {processor.py:175} INFO - Processing /home/airflow/.local/lib/python3.7/site-packages/airflow/example_dags/example_time_delta_sensor_async.py took 1.049 seconds
[2023-01-15T13:52:46.894+0000] {processor.py:153} INFO - Started process (PID=909) to work on /home/airflow/.local/lib/python3.7/site-packages/airflow/example_dags/example_time_delta_sensor_async.py
[2023-01-15T13:52:46.906+0000] {processor.py:743} INFO - Processing file /home/airflow/.local/lib/python3.7/site-packages/airflow/example_dags/example_time_delta_sensor_async.py for tasks to queue
[2023-01-15T13:52:46.908+0000] {logging_mixin.py:137} INFO - [2023-01-15T13:52:46.908+0000] {dagbag.py:538} INFO - Filling up the DagBag from /home/airflow/.local/lib/python3.7/site-packages/airflow/example_dags/example_time_delta_sensor_async.py
[2023-01-15T13:52:47.031+0000] {processor.py:753} INFO - DAG(s) dict_keys(['example_time_delta_sensor_async']) retrieved from /home/airflow/.local/lib/python3.7/site-packages/airflow/example_dags/example_time_delta_sensor_async.py
[2023-01-15T13:52:47.331+0000] {logging_mixin.py:137} INFO - [2023-01-15T13:52:47.331+0000] {dag.py:2676} INFO - Sync 1 DAGs
[2023-01-15T13:52:47.525+0000] {logging_mixin.py:137} INFO - [2023-01-15T13:52:47.525+0000] {dag.py:3427} INFO - Setting next_dagrun for example_time_delta_sensor_async to None, run_after=None
[2023-01-15T13:52:47.739+0000] {processor.py:175} INFO - Processing /home/airflow/.local/lib/python3.7/site-packages/airflow/example_dags/example_time_delta_sensor_async.py took 0.878 seconds
