[2023-01-15T12:59:51.184+0000] {processor.py:153} INFO - Started process (PID=105) to work on /home/airflow/.local/lib/python3.7/site-packages/airflow/example_dags/tutorial_dag.py
[2023-01-15T12:59:51.193+0000] {processor.py:743} INFO - Processing file /home/airflow/.local/lib/python3.7/site-packages/airflow/example_dags/tutorial_dag.py for tasks to queue
[2023-01-15T12:59:51.195+0000] {logging_mixin.py:137} INFO - [2023-01-15T12:59:51.195+0000] {dagbag.py:538} INFO - Filling up the DagBag from /home/airflow/.local/lib/python3.7/site-packages/airflow/example_dags/tutorial_dag.py
[2023-01-15T12:59:51.253+0000] {processor.py:753} INFO - DAG(s) dict_keys(['tutorial_dag']) retrieved from /home/airflow/.local/lib/python3.7/site-packages/airflow/example_dags/tutorial_dag.py
[2023-01-15T12:59:51.737+0000] {logging_mixin.py:137} INFO - [2023-01-15T12:59:51.736+0000] {manager.py:504} INFO - Created Permission View: can read on DAG:tutorial_dag
[2023-01-15T12:59:51.773+0000] {logging_mixin.py:137} INFO - [2023-01-15T12:59:51.773+0000] {manager.py:504} INFO - Created Permission View: can edit on DAG:tutorial_dag
[2023-01-15T12:59:51.821+0000] {logging_mixin.py:137} INFO - [2023-01-15T12:59:51.820+0000] {manager.py:504} INFO - Created Permission View: can delete on DAG:tutorial_dag
[2023-01-15T12:59:51.822+0000] {logging_mixin.py:137} INFO - [2023-01-15T12:59:51.822+0000] {dag.py:2676} INFO - Sync 1 DAGs
[2023-01-15T12:59:51.860+0000] {logging_mixin.py:137} INFO - [2023-01-15T12:59:51.860+0000] {dag.py:2697} INFO - Creating ORM DAG for tutorial_dag
[2023-01-15T12:59:51.893+0000] {logging_mixin.py:137} INFO - [2023-01-15T12:59:51.893+0000] {dag.py:3427} INFO - Setting next_dagrun for tutorial_dag to None, run_after=None
[2023-01-15T12:59:51.947+0000] {processor.py:175} INFO - Processing /home/airflow/.local/lib/python3.7/site-packages/airflow/example_dags/tutorial_dag.py took 0.775 seconds
[2023-01-15T13:00:22.668+0000] {processor.py:153} INFO - Started process (PID=161) to work on /home/airflow/.local/lib/python3.7/site-packages/airflow/example_dags/tutorial_dag.py
[2023-01-15T13:00:22.681+0000] {processor.py:743} INFO - Processing file /home/airflow/.local/lib/python3.7/site-packages/airflow/example_dags/tutorial_dag.py for tasks to queue
[2023-01-15T13:00:22.683+0000] {logging_mixin.py:137} INFO - [2023-01-15T13:00:22.683+0000] {dagbag.py:538} INFO - Filling up the DagBag from /home/airflow/.local/lib/python3.7/site-packages/airflow/example_dags/tutorial_dag.py
[2023-01-15T13:00:22.740+0000] {processor.py:753} INFO - DAG(s) dict_keys(['tutorial_dag']) retrieved from /home/airflow/.local/lib/python3.7/site-packages/airflow/example_dags/tutorial_dag.py
[2023-01-15T13:00:22.919+0000] {logging_mixin.py:137} INFO - [2023-01-15T13:00:22.919+0000] {dag.py:2676} INFO - Sync 1 DAGs
[2023-01-15T13:00:23.007+0000] {logging_mixin.py:137} INFO - [2023-01-15T13:00:23.006+0000] {dag.py:3427} INFO - Setting next_dagrun for tutorial_dag to None, run_after=None
[2023-01-15T13:00:23.124+0000] {processor.py:175} INFO - Processing /home/airflow/.local/lib/python3.7/site-packages/airflow/example_dags/tutorial_dag.py took 0.466 seconds
[2023-01-15T13:00:53.518+0000] {processor.py:153} INFO - Started process (PID=217) to work on /home/airflow/.local/lib/python3.7/site-packages/airflow/example_dags/tutorial_dag.py
[2023-01-15T13:00:53.526+0000] {processor.py:743} INFO - Processing file /home/airflow/.local/lib/python3.7/site-packages/airflow/example_dags/tutorial_dag.py for tasks to queue
[2023-01-15T13:00:53.529+0000] {logging_mixin.py:137} INFO - [2023-01-15T13:00:53.528+0000] {dagbag.py:538} INFO - Filling up the DagBag from /home/airflow/.local/lib/python3.7/site-packages/airflow/example_dags/tutorial_dag.py
[2023-01-15T13:00:53.605+0000] {processor.py:753} INFO - DAG(s) dict_keys(['tutorial_dag']) retrieved from /home/airflow/.local/lib/python3.7/site-packages/airflow/example_dags/tutorial_dag.py
[2023-01-15T13:00:53.877+0000] {logging_mixin.py:137} INFO - [2023-01-15T13:00:53.877+0000] {dag.py:2676} INFO - Sync 1 DAGs
[2023-01-15T13:00:54.005+0000] {logging_mixin.py:137} INFO - [2023-01-15T13:00:54.005+0000] {dag.py:3427} INFO - Setting next_dagrun for tutorial_dag to None, run_after=None
[2023-01-15T13:00:54.131+0000] {processor.py:175} INFO - Processing /home/airflow/.local/lib/python3.7/site-packages/airflow/example_dags/tutorial_dag.py took 0.630 seconds
[2023-01-15T13:01:24.955+0000] {processor.py:153} INFO - Started process (PID=272) to work on /home/airflow/.local/lib/python3.7/site-packages/airflow/example_dags/tutorial_dag.py
[2023-01-15T13:01:24.958+0000] {processor.py:743} INFO - Processing file /home/airflow/.local/lib/python3.7/site-packages/airflow/example_dags/tutorial_dag.py for tasks to queue
[2023-01-15T13:01:24.965+0000] {logging_mixin.py:137} INFO - [2023-01-15T13:01:24.965+0000] {dagbag.py:538} INFO - Filling up the DagBag from /home/airflow/.local/lib/python3.7/site-packages/airflow/example_dags/tutorial_dag.py
[2023-01-15T13:01:25.036+0000] {processor.py:753} INFO - DAG(s) dict_keys(['tutorial_dag']) retrieved from /home/airflow/.local/lib/python3.7/site-packages/airflow/example_dags/tutorial_dag.py
[2023-01-15T13:01:25.357+0000] {logging_mixin.py:137} INFO - [2023-01-15T13:01:25.357+0000] {dag.py:2676} INFO - Sync 1 DAGs
[2023-01-15T13:01:25.478+0000] {logging_mixin.py:137} INFO - [2023-01-15T13:01:25.478+0000] {dag.py:3427} INFO - Setting next_dagrun for tutorial_dag to None, run_after=None
[2023-01-15T13:01:25.562+0000] {processor.py:175} INFO - Processing /home/airflow/.local/lib/python3.7/site-packages/airflow/example_dags/tutorial_dag.py took 0.627 seconds
[2023-01-15T13:01:55.955+0000] {processor.py:153} INFO - Started process (PID=336) to work on /home/airflow/.local/lib/python3.7/site-packages/airflow/example_dags/tutorial_dag.py
[2023-01-15T13:01:55.969+0000] {processor.py:743} INFO - Processing file /home/airflow/.local/lib/python3.7/site-packages/airflow/example_dags/tutorial_dag.py for tasks to queue
[2023-01-15T13:01:55.971+0000] {logging_mixin.py:137} INFO - [2023-01-15T13:01:55.971+0000] {dagbag.py:538} INFO - Filling up the DagBag from /home/airflow/.local/lib/python3.7/site-packages/airflow/example_dags/tutorial_dag.py
[2023-01-15T13:01:56.027+0000] {processor.py:753} INFO - DAG(s) dict_keys(['tutorial_dag']) retrieved from /home/airflow/.local/lib/python3.7/site-packages/airflow/example_dags/tutorial_dag.py
[2023-01-15T13:01:56.170+0000] {logging_mixin.py:137} INFO - [2023-01-15T13:01:56.170+0000] {dag.py:2676} INFO - Sync 1 DAGs
[2023-01-15T13:01:56.253+0000] {logging_mixin.py:137} INFO - [2023-01-15T13:01:56.253+0000] {dag.py:3427} INFO - Setting next_dagrun for tutorial_dag to None, run_after=None
[2023-01-15T13:01:56.333+0000] {processor.py:175} INFO - Processing /home/airflow/.local/lib/python3.7/site-packages/airflow/example_dags/tutorial_dag.py took 0.390 seconds
[2023-01-15T13:02:26.648+0000] {processor.py:153} INFO - Started process (PID=382) to work on /home/airflow/.local/lib/python3.7/site-packages/airflow/example_dags/tutorial_dag.py
[2023-01-15T13:02:26.655+0000] {processor.py:743} INFO - Processing file /home/airflow/.local/lib/python3.7/site-packages/airflow/example_dags/tutorial_dag.py for tasks to queue
[2023-01-15T13:02:26.664+0000] {logging_mixin.py:137} INFO - [2023-01-15T13:02:26.663+0000] {dagbag.py:538} INFO - Filling up the DagBag from /home/airflow/.local/lib/python3.7/site-packages/airflow/example_dags/tutorial_dag.py
[2023-01-15T13:02:26.755+0000] {processor.py:753} INFO - DAG(s) dict_keys(['tutorial_dag']) retrieved from /home/airflow/.local/lib/python3.7/site-packages/airflow/example_dags/tutorial_dag.py
[2023-01-15T13:02:26.977+0000] {logging_mixin.py:137} INFO - [2023-01-15T13:02:26.977+0000] {dag.py:2676} INFO - Sync 1 DAGs
[2023-01-15T13:02:27.092+0000] {logging_mixin.py:137} INFO - [2023-01-15T13:02:27.092+0000] {dag.py:3427} INFO - Setting next_dagrun for tutorial_dag to None, run_after=None
[2023-01-15T13:02:27.171+0000] {processor.py:175} INFO - Processing /home/airflow/.local/lib/python3.7/site-packages/airflow/example_dags/tutorial_dag.py took 0.542 seconds
[2023-01-15T13:02:57.828+0000] {processor.py:153} INFO - Started process (PID=437) to work on /home/airflow/.local/lib/python3.7/site-packages/airflow/example_dags/tutorial_dag.py
[2023-01-15T13:02:57.838+0000] {processor.py:743} INFO - Processing file /home/airflow/.local/lib/python3.7/site-packages/airflow/example_dags/tutorial_dag.py for tasks to queue
[2023-01-15T13:02:57.840+0000] {logging_mixin.py:137} INFO - [2023-01-15T13:02:57.840+0000] {dagbag.py:538} INFO - Filling up the DagBag from /home/airflow/.local/lib/python3.7/site-packages/airflow/example_dags/tutorial_dag.py
[2023-01-15T13:02:57.874+0000] {processor.py:753} INFO - DAG(s) dict_keys(['tutorial_dag']) retrieved from /home/airflow/.local/lib/python3.7/site-packages/airflow/example_dags/tutorial_dag.py
[2023-01-15T13:02:57.973+0000] {logging_mixin.py:137} INFO - [2023-01-15T13:02:57.972+0000] {dag.py:2676} INFO - Sync 1 DAGs
[2023-01-15T13:02:58.031+0000] {logging_mixin.py:137} INFO - [2023-01-15T13:02:58.030+0000] {dag.py:3427} INFO - Setting next_dagrun for tutorial_dag to None, run_after=None
[2023-01-15T13:02:58.075+0000] {processor.py:175} INFO - Processing /home/airflow/.local/lib/python3.7/site-packages/airflow/example_dags/tutorial_dag.py took 0.253 seconds
[2023-01-15T13:03:28.990+0000] {processor.py:153} INFO - Started process (PID=493) to work on /home/airflow/.local/lib/python3.7/site-packages/airflow/example_dags/tutorial_dag.py
[2023-01-15T13:03:29.001+0000] {processor.py:743} INFO - Processing file /home/airflow/.local/lib/python3.7/site-packages/airflow/example_dags/tutorial_dag.py for tasks to queue
[2023-01-15T13:03:29.006+0000] {logging_mixin.py:137} INFO - [2023-01-15T13:03:29.005+0000] {dagbag.py:538} INFO - Filling up the DagBag from /home/airflow/.local/lib/python3.7/site-packages/airflow/example_dags/tutorial_dag.py
[2023-01-15T13:03:29.069+0000] {processor.py:753} INFO - DAG(s) dict_keys(['tutorial_dag']) retrieved from /home/airflow/.local/lib/python3.7/site-packages/airflow/example_dags/tutorial_dag.py
[2023-01-15T13:03:29.281+0000] {logging_mixin.py:137} INFO - [2023-01-15T13:03:29.281+0000] {dag.py:2676} INFO - Sync 1 DAGs
[2023-01-15T13:03:29.339+0000] {logging_mixin.py:137} INFO - [2023-01-15T13:03:29.339+0000] {dag.py:3427} INFO - Setting next_dagrun for tutorial_dag to None, run_after=None
[2023-01-15T13:03:29.397+0000] {processor.py:175} INFO - Processing /home/airflow/.local/lib/python3.7/site-packages/airflow/example_dags/tutorial_dag.py took 0.418 seconds
[2023-01-15T13:03:59.907+0000] {processor.py:153} INFO - Started process (PID=549) to work on /home/airflow/.local/lib/python3.7/site-packages/airflow/example_dags/tutorial_dag.py
[2023-01-15T13:03:59.914+0000] {processor.py:743} INFO - Processing file /home/airflow/.local/lib/python3.7/site-packages/airflow/example_dags/tutorial_dag.py for tasks to queue
[2023-01-15T13:03:59.922+0000] {logging_mixin.py:137} INFO - [2023-01-15T13:03:59.917+0000] {dagbag.py:538} INFO - Filling up the DagBag from /home/airflow/.local/lib/python3.7/site-packages/airflow/example_dags/tutorial_dag.py
[2023-01-15T13:04:00.017+0000] {processor.py:753} INFO - DAG(s) dict_keys(['tutorial_dag']) retrieved from /home/airflow/.local/lib/python3.7/site-packages/airflow/example_dags/tutorial_dag.py
[2023-01-15T13:04:00.239+0000] {logging_mixin.py:137} INFO - [2023-01-15T13:04:00.239+0000] {dag.py:2676} INFO - Sync 1 DAGs
[2023-01-15T13:04:00.299+0000] {logging_mixin.py:137} INFO - [2023-01-15T13:04:00.299+0000] {dag.py:3427} INFO - Setting next_dagrun for tutorial_dag to None, run_after=None
[2023-01-15T13:04:00.351+0000] {processor.py:175} INFO - Processing /home/airflow/.local/lib/python3.7/site-packages/airflow/example_dags/tutorial_dag.py took 0.460 seconds
[2023-01-15T13:04:31.174+0000] {processor.py:153} INFO - Started process (PID=605) to work on /home/airflow/.local/lib/python3.7/site-packages/airflow/example_dags/tutorial_dag.py
[2023-01-15T13:04:31.181+0000] {processor.py:743} INFO - Processing file /home/airflow/.local/lib/python3.7/site-packages/airflow/example_dags/tutorial_dag.py for tasks to queue
[2023-01-15T13:04:31.183+0000] {logging_mixin.py:137} INFO - [2023-01-15T13:04:31.183+0000] {dagbag.py:538} INFO - Filling up the DagBag from /home/airflow/.local/lib/python3.7/site-packages/airflow/example_dags/tutorial_dag.py
[2023-01-15T13:04:31.216+0000] {processor.py:753} INFO - DAG(s) dict_keys(['tutorial_dag']) retrieved from /home/airflow/.local/lib/python3.7/site-packages/airflow/example_dags/tutorial_dag.py
[2023-01-15T13:04:31.312+0000] {logging_mixin.py:137} INFO - [2023-01-15T13:04:31.311+0000] {dag.py:2676} INFO - Sync 1 DAGs
[2023-01-15T13:04:31.376+0000] {logging_mixin.py:137} INFO - [2023-01-15T13:04:31.376+0000] {dag.py:3427} INFO - Setting next_dagrun for tutorial_dag to None, run_after=None
[2023-01-15T13:04:31.430+0000] {processor.py:175} INFO - Processing /home/airflow/.local/lib/python3.7/site-packages/airflow/example_dags/tutorial_dag.py took 0.262 seconds
[2023-01-15T13:05:02.021+0000] {processor.py:153} INFO - Started process (PID=669) to work on /home/airflow/.local/lib/python3.7/site-packages/airflow/example_dags/tutorial_dag.py
[2023-01-15T13:05:02.024+0000] {processor.py:743} INFO - Processing file /home/airflow/.local/lib/python3.7/site-packages/airflow/example_dags/tutorial_dag.py for tasks to queue
[2023-01-15T13:05:02.028+0000] {logging_mixin.py:137} INFO - [2023-01-15T13:05:02.027+0000] {dagbag.py:538} INFO - Filling up the DagBag from /home/airflow/.local/lib/python3.7/site-packages/airflow/example_dags/tutorial_dag.py
[2023-01-15T13:05:02.060+0000] {processor.py:753} INFO - DAG(s) dict_keys(['tutorial_dag']) retrieved from /home/airflow/.local/lib/python3.7/site-packages/airflow/example_dags/tutorial_dag.py
[2023-01-15T13:05:02.153+0000] {logging_mixin.py:137} INFO - [2023-01-15T13:05:02.153+0000] {dag.py:2676} INFO - Sync 1 DAGs
[2023-01-15T13:05:02.221+0000] {logging_mixin.py:137} INFO - [2023-01-15T13:05:02.220+0000] {dag.py:3427} INFO - Setting next_dagrun for tutorial_dag to None, run_after=None
[2023-01-15T13:05:02.270+0000] {processor.py:175} INFO - Processing /home/airflow/.local/lib/python3.7/site-packages/airflow/example_dags/tutorial_dag.py took 0.261 seconds
[2023-01-15T13:05:33.140+0000] {processor.py:153} INFO - Started process (PID=724) to work on /home/airflow/.local/lib/python3.7/site-packages/airflow/example_dags/tutorial_dag.py
[2023-01-15T13:05:33.149+0000] {processor.py:743} INFO - Processing file /home/airflow/.local/lib/python3.7/site-packages/airflow/example_dags/tutorial_dag.py for tasks to queue
[2023-01-15T13:05:33.151+0000] {logging_mixin.py:137} INFO - [2023-01-15T13:05:33.151+0000] {dagbag.py:538} INFO - Filling up the DagBag from /home/airflow/.local/lib/python3.7/site-packages/airflow/example_dags/tutorial_dag.py
[2023-01-15T13:05:33.228+0000] {processor.py:753} INFO - DAG(s) dict_keys(['tutorial_dag']) retrieved from /home/airflow/.local/lib/python3.7/site-packages/airflow/example_dags/tutorial_dag.py
[2023-01-15T13:05:33.482+0000] {logging_mixin.py:137} INFO - [2023-01-15T13:05:33.482+0000] {dag.py:2676} INFO - Sync 1 DAGs
[2023-01-15T13:05:33.618+0000] {logging_mixin.py:137} INFO - [2023-01-15T13:05:33.618+0000] {dag.py:3427} INFO - Setting next_dagrun for tutorial_dag to None, run_after=None
[2023-01-15T13:05:33.715+0000] {processor.py:175} INFO - Processing /home/airflow/.local/lib/python3.7/site-packages/airflow/example_dags/tutorial_dag.py took 0.596 seconds
[2023-01-15T13:06:04.044+0000] {processor.py:153} INFO - Started process (PID=778) to work on /home/airflow/.local/lib/python3.7/site-packages/airflow/example_dags/tutorial_dag.py
[2023-01-15T13:06:04.047+0000] {processor.py:743} INFO - Processing file /home/airflow/.local/lib/python3.7/site-packages/airflow/example_dags/tutorial_dag.py for tasks to queue
[2023-01-15T13:06:04.053+0000] {logging_mixin.py:137} INFO - [2023-01-15T13:06:04.053+0000] {dagbag.py:538} INFO - Filling up the DagBag from /home/airflow/.local/lib/python3.7/site-packages/airflow/example_dags/tutorial_dag.py
[2023-01-15T13:06:04.083+0000] {processor.py:753} INFO - DAG(s) dict_keys(['tutorial_dag']) retrieved from /home/airflow/.local/lib/python3.7/site-packages/airflow/example_dags/tutorial_dag.py
[2023-01-15T13:06:04.176+0000] {logging_mixin.py:137} INFO - [2023-01-15T13:06:04.176+0000] {dag.py:2676} INFO - Sync 1 DAGs
[2023-01-15T13:06:04.239+0000] {logging_mixin.py:137} INFO - [2023-01-15T13:06:04.238+0000] {dag.py:3427} INFO - Setting next_dagrun for tutorial_dag to None, run_after=None
[2023-01-15T13:06:04.282+0000] {processor.py:175} INFO - Processing /home/airflow/.local/lib/python3.7/site-packages/airflow/example_dags/tutorial_dag.py took 0.252 seconds
[2023-01-15T13:06:35.033+0000] {processor.py:153} INFO - Started process (PID=841) to work on /home/airflow/.local/lib/python3.7/site-packages/airflow/example_dags/tutorial_dag.py
[2023-01-15T13:06:35.035+0000] {processor.py:743} INFO - Processing file /home/airflow/.local/lib/python3.7/site-packages/airflow/example_dags/tutorial_dag.py for tasks to queue
[2023-01-15T13:06:35.040+0000] {logging_mixin.py:137} INFO - [2023-01-15T13:06:35.040+0000] {dagbag.py:538} INFO - Filling up the DagBag from /home/airflow/.local/lib/python3.7/site-packages/airflow/example_dags/tutorial_dag.py
[2023-01-15T13:06:35.091+0000] {processor.py:753} INFO - DAG(s) dict_keys(['tutorial_dag']) retrieved from /home/airflow/.local/lib/python3.7/site-packages/airflow/example_dags/tutorial_dag.py
[2023-01-15T13:06:35.232+0000] {logging_mixin.py:137} INFO - [2023-01-15T13:06:35.231+0000] {dag.py:2676} INFO - Sync 1 DAGs
[2023-01-15T13:06:35.315+0000] {logging_mixin.py:137} INFO - [2023-01-15T13:06:35.315+0000] {dag.py:3427} INFO - Setting next_dagrun for tutorial_dag to None, run_after=None
[2023-01-15T13:06:35.424+0000] {processor.py:175} INFO - Processing /home/airflow/.local/lib/python3.7/site-packages/airflow/example_dags/tutorial_dag.py took 0.406 seconds
[2023-01-15T13:07:18.318+0000] {processor.py:153} INFO - Started process (PID=901) to work on /home/airflow/.local/lib/python3.7/site-packages/airflow/example_dags/tutorial_dag.py
[2023-01-15T13:07:18.333+0000] {processor.py:743} INFO - Processing file /home/airflow/.local/lib/python3.7/site-packages/airflow/example_dags/tutorial_dag.py for tasks to queue
[2023-01-15T13:07:18.339+0000] {logging_mixin.py:137} INFO - [2023-01-15T13:07:18.339+0000] {dagbag.py:538} INFO - Filling up the DagBag from /home/airflow/.local/lib/python3.7/site-packages/airflow/example_dags/tutorial_dag.py
[2023-01-15T13:07:18.939+0000] {processor.py:753} INFO - DAG(s) dict_keys(['tutorial_dag']) retrieved from /home/airflow/.local/lib/python3.7/site-packages/airflow/example_dags/tutorial_dag.py
[2023-01-15T13:07:21.919+0000] {logging_mixin.py:137} INFO - [2023-01-15T13:07:21.901+0000] {dag.py:2676} INFO - Sync 1 DAGs
[2023-01-15T13:07:22.405+0000] {logging_mixin.py:137} INFO - [2023-01-15T13:07:22.405+0000] {dag.py:3427} INFO - Setting next_dagrun for tutorial_dag to None, run_after=None
[2023-01-15T13:07:23.308+0000] {processor.py:175} INFO - Processing /home/airflow/.local/lib/python3.7/site-packages/airflow/example_dags/tutorial_dag.py took 5.048 seconds
[2023-01-15T13:08:11.309+0000] {processor.py:153} INFO - Started process (PID=968) to work on /home/airflow/.local/lib/python3.7/site-packages/airflow/example_dags/tutorial_dag.py
[2023-01-15T13:08:11.313+0000] {processor.py:743} INFO - Processing file /home/airflow/.local/lib/python3.7/site-packages/airflow/example_dags/tutorial_dag.py for tasks to queue
[2023-01-15T13:08:11.316+0000] {logging_mixin.py:137} INFO - [2023-01-15T13:08:11.316+0000] {dagbag.py:538} INFO - Filling up the DagBag from /home/airflow/.local/lib/python3.7/site-packages/airflow/example_dags/tutorial_dag.py
[2023-01-15T13:08:11.403+0000] {processor.py:753} INFO - DAG(s) dict_keys(['tutorial_dag']) retrieved from /home/airflow/.local/lib/python3.7/site-packages/airflow/example_dags/tutorial_dag.py
[2023-01-15T13:08:11.765+0000] {logging_mixin.py:137} INFO - [2023-01-15T13:08:11.764+0000] {dag.py:2676} INFO - Sync 1 DAGs
[2023-01-15T13:08:11.989+0000] {logging_mixin.py:137} INFO - [2023-01-15T13:08:11.988+0000] {dag.py:3427} INFO - Setting next_dagrun for tutorial_dag to None, run_after=None
[2023-01-15T13:08:12.148+0000] {processor.py:175} INFO - Processing /home/airflow/.local/lib/python3.7/site-packages/airflow/example_dags/tutorial_dag.py took 0.860 seconds
[2023-01-15T13:08:44.704+0000] {processor.py:153} INFO - Started process (PID=1024) to work on /home/airflow/.local/lib/python3.7/site-packages/airflow/example_dags/tutorial_dag.py
[2023-01-15T13:08:44.712+0000] {processor.py:743} INFO - Processing file /home/airflow/.local/lib/python3.7/site-packages/airflow/example_dags/tutorial_dag.py for tasks to queue
[2023-01-15T13:08:44.719+0000] {logging_mixin.py:137} INFO - [2023-01-15T13:08:44.719+0000] {dagbag.py:538} INFO - Filling up the DagBag from /home/airflow/.local/lib/python3.7/site-packages/airflow/example_dags/tutorial_dag.py
[2023-01-15T13:08:44.841+0000] {processor.py:753} INFO - DAG(s) dict_keys(['tutorial_dag']) retrieved from /home/airflow/.local/lib/python3.7/site-packages/airflow/example_dags/tutorial_dag.py
[2023-01-15T13:08:45.004+0000] {logging_mixin.py:137} INFO - [2023-01-15T13:08:45.003+0000] {dag.py:2676} INFO - Sync 1 DAGs
[2023-01-15T13:08:45.140+0000] {logging_mixin.py:137} INFO - [2023-01-15T13:08:45.140+0000] {dag.py:3427} INFO - Setting next_dagrun for tutorial_dag to None, run_after=None
[2023-01-15T13:08:45.243+0000] {processor.py:175} INFO - Processing /home/airflow/.local/lib/python3.7/site-packages/airflow/example_dags/tutorial_dag.py took 0.566 seconds
[2023-01-15T13:09:26.548+0000] {processor.py:153} INFO - Started process (PID=1082) to work on /home/airflow/.local/lib/python3.7/site-packages/airflow/example_dags/tutorial_dag.py
[2023-01-15T13:09:26.562+0000] {processor.py:743} INFO - Processing file /home/airflow/.local/lib/python3.7/site-packages/airflow/example_dags/tutorial_dag.py for tasks to queue
[2023-01-15T13:09:26.565+0000] {logging_mixin.py:137} INFO - [2023-01-15T13:09:26.565+0000] {dagbag.py:538} INFO - Filling up the DagBag from /home/airflow/.local/lib/python3.7/site-packages/airflow/example_dags/tutorial_dag.py
[2023-01-15T13:09:26.718+0000] {processor.py:753} INFO - DAG(s) dict_keys(['tutorial_dag']) retrieved from /home/airflow/.local/lib/python3.7/site-packages/airflow/example_dags/tutorial_dag.py
[2023-01-15T13:09:26.992+0000] {logging_mixin.py:137} INFO - [2023-01-15T13:09:26.992+0000] {dag.py:2676} INFO - Sync 1 DAGs
[2023-01-15T13:09:27.259+0000] {logging_mixin.py:137} INFO - [2023-01-15T13:09:27.259+0000] {dag.py:3427} INFO - Setting next_dagrun for tutorial_dag to None, run_after=None
[2023-01-15T13:09:27.371+0000] {processor.py:175} INFO - Processing /home/airflow/.local/lib/python3.7/site-packages/airflow/example_dags/tutorial_dag.py took 0.860 seconds
[2023-01-15T13:09:59.614+0000] {processor.py:153} INFO - Started process (PID=1135) to work on /home/airflow/.local/lib/python3.7/site-packages/airflow/example_dags/tutorial_dag.py
[2023-01-15T13:09:59.631+0000] {processor.py:743} INFO - Processing file /home/airflow/.local/lib/python3.7/site-packages/airflow/example_dags/tutorial_dag.py for tasks to queue
[2023-01-15T13:09:59.642+0000] {logging_mixin.py:137} INFO - [2023-01-15T13:09:59.641+0000] {dagbag.py:538} INFO - Filling up the DagBag from /home/airflow/.local/lib/python3.7/site-packages/airflow/example_dags/tutorial_dag.py
[2023-01-15T13:09:59.952+0000] {processor.py:753} INFO - DAG(s) dict_keys(['tutorial_dag']) retrieved from /home/airflow/.local/lib/python3.7/site-packages/airflow/example_dags/tutorial_dag.py
[2023-01-15T13:10:00.583+0000] {logging_mixin.py:137} INFO - [2023-01-15T13:10:00.583+0000] {dag.py:2676} INFO - Sync 1 DAGs
[2023-01-15T13:10:00.949+0000] {logging_mixin.py:137} INFO - [2023-01-15T13:10:00.949+0000] {dag.py:3427} INFO - Setting next_dagrun for tutorial_dag to None, run_after=None
[2023-01-15T13:10:01.189+0000] {processor.py:175} INFO - Processing /home/airflow/.local/lib/python3.7/site-packages/airflow/example_dags/tutorial_dag.py took 1.641 seconds
[2023-01-15T13:10:32.232+0000] {processor.py:153} INFO - Started process (PID=1185) to work on /home/airflow/.local/lib/python3.7/site-packages/airflow/example_dags/tutorial_dag.py
[2023-01-15T13:10:32.249+0000] {processor.py:743} INFO - Processing file /home/airflow/.local/lib/python3.7/site-packages/airflow/example_dags/tutorial_dag.py for tasks to queue
[2023-01-15T13:10:32.254+0000] {logging_mixin.py:137} INFO - [2023-01-15T13:10:32.253+0000] {dagbag.py:538} INFO - Filling up the DagBag from /home/airflow/.local/lib/python3.7/site-packages/airflow/example_dags/tutorial_dag.py
[2023-01-15T13:10:32.470+0000] {processor.py:753} INFO - DAG(s) dict_keys(['tutorial_dag']) retrieved from /home/airflow/.local/lib/python3.7/site-packages/airflow/example_dags/tutorial_dag.py
[2023-01-15T13:10:33.477+0000] {logging_mixin.py:137} INFO - [2023-01-15T13:10:33.471+0000] {dag.py:2676} INFO - Sync 1 DAGs
[2023-01-15T13:10:34.379+0000] {logging_mixin.py:137} INFO - [2023-01-15T13:10:34.378+0000] {dag.py:3427} INFO - Setting next_dagrun for tutorial_dag to None, run_after=None
[2023-01-15T13:10:34.769+0000] {processor.py:175} INFO - Processing /home/airflow/.local/lib/python3.7/site-packages/airflow/example_dags/tutorial_dag.py took 2.562 seconds
[2023-01-15T13:11:05.236+0000] {processor.py:153} INFO - Started process (PID=1241) to work on /home/airflow/.local/lib/python3.7/site-packages/airflow/example_dags/tutorial_dag.py
[2023-01-15T13:11:05.243+0000] {processor.py:743} INFO - Processing file /home/airflow/.local/lib/python3.7/site-packages/airflow/example_dags/tutorial_dag.py for tasks to queue
[2023-01-15T13:11:05.245+0000] {logging_mixin.py:137} INFO - [2023-01-15T13:11:05.245+0000] {dagbag.py:538} INFO - Filling up the DagBag from /home/airflow/.local/lib/python3.7/site-packages/airflow/example_dags/tutorial_dag.py
[2023-01-15T13:11:05.289+0000] {processor.py:753} INFO - DAG(s) dict_keys(['tutorial_dag']) retrieved from /home/airflow/.local/lib/python3.7/site-packages/airflow/example_dags/tutorial_dag.py
[2023-01-15T13:11:05.455+0000] {logging_mixin.py:137} INFO - [2023-01-15T13:11:05.455+0000] {dag.py:2676} INFO - Sync 1 DAGs
[2023-01-15T13:11:05.608+0000] {logging_mixin.py:137} INFO - [2023-01-15T13:11:05.532+0000] {dag.py:3427} INFO - Setting next_dagrun for tutorial_dag to None, run_after=None
[2023-01-15T13:11:05.696+0000] {processor.py:175} INFO - Processing /home/airflow/.local/lib/python3.7/site-packages/airflow/example_dags/tutorial_dag.py took 0.471 seconds
[2023-01-15T13:11:59.414+0000] {processor.py:153} INFO - Started process (PID=1298) to work on /home/airflow/.local/lib/python3.7/site-packages/airflow/example_dags/tutorial_dag.py
[2023-01-15T13:11:59.424+0000] {processor.py:743} INFO - Processing file /home/airflow/.local/lib/python3.7/site-packages/airflow/example_dags/tutorial_dag.py for tasks to queue
[2023-01-15T13:11:59.434+0000] {logging_mixin.py:137} INFO - [2023-01-15T13:11:59.434+0000] {dagbag.py:538} INFO - Filling up the DagBag from /home/airflow/.local/lib/python3.7/site-packages/airflow/example_dags/tutorial_dag.py
[2023-01-15T13:11:59.770+0000] {processor.py:753} INFO - DAG(s) dict_keys(['tutorial_dag']) retrieved from /home/airflow/.local/lib/python3.7/site-packages/airflow/example_dags/tutorial_dag.py
[2023-01-15T13:12:00.729+0000] {logging_mixin.py:137} INFO - [2023-01-15T13:12:00.729+0000] {dag.py:2676} INFO - Sync 1 DAGs
[2023-01-15T13:12:01.300+0000] {logging_mixin.py:137} INFO - [2023-01-15T13:12:01.300+0000] {dag.py:3427} INFO - Setting next_dagrun for tutorial_dag to None, run_after=None
[2023-01-15T13:12:01.750+0000] {processor.py:175} INFO - Processing /home/airflow/.local/lib/python3.7/site-packages/airflow/example_dags/tutorial_dag.py took 2.389 seconds
[2023-01-15T13:12:44.413+0000] {processor.py:153} INFO - Started process (PID=1366) to work on /home/airflow/.local/lib/python3.7/site-packages/airflow/example_dags/tutorial_dag.py
[2023-01-15T13:12:44.433+0000] {processor.py:743} INFO - Processing file /home/airflow/.local/lib/python3.7/site-packages/airflow/example_dags/tutorial_dag.py for tasks to queue
[2023-01-15T13:12:44.460+0000] {logging_mixin.py:137} INFO - [2023-01-15T13:12:44.460+0000] {dagbag.py:538} INFO - Filling up the DagBag from /home/airflow/.local/lib/python3.7/site-packages/airflow/example_dags/tutorial_dag.py
[2023-01-15T13:12:45.347+0000] {processor.py:753} INFO - DAG(s) dict_keys(['tutorial_dag']) retrieved from /home/airflow/.local/lib/python3.7/site-packages/airflow/example_dags/tutorial_dag.py
[2023-01-15T13:12:46.005+0000] {logging_mixin.py:137} INFO - [2023-01-15T13:12:46.005+0000] {dag.py:2676} INFO - Sync 1 DAGs
[2023-01-15T13:12:46.362+0000] {logging_mixin.py:137} INFO - [2023-01-15T13:12:46.362+0000] {dag.py:3427} INFO - Setting next_dagrun for tutorial_dag to None, run_after=None
[2023-01-15T13:12:46.619+0000] {processor.py:175} INFO - Processing /home/airflow/.local/lib/python3.7/site-packages/airflow/example_dags/tutorial_dag.py took 2.304 seconds
[2023-01-15T13:13:32.576+0000] {processor.py:153} INFO - Started process (PID=1421) to work on /home/airflow/.local/lib/python3.7/site-packages/airflow/example_dags/tutorial_dag.py
[2023-01-15T13:13:32.590+0000] {processor.py:743} INFO - Processing file /home/airflow/.local/lib/python3.7/site-packages/airflow/example_dags/tutorial_dag.py for tasks to queue
[2023-01-15T13:13:32.600+0000] {logging_mixin.py:137} INFO - [2023-01-15T13:13:32.600+0000] {dagbag.py:538} INFO - Filling up the DagBag from /home/airflow/.local/lib/python3.7/site-packages/airflow/example_dags/tutorial_dag.py
[2023-01-15T13:13:32.808+0000] {processor.py:753} INFO - DAG(s) dict_keys(['tutorial_dag']) retrieved from /home/airflow/.local/lib/python3.7/site-packages/airflow/example_dags/tutorial_dag.py
[2023-01-15T13:13:33.315+0000] {logging_mixin.py:137} INFO - [2023-01-15T13:13:33.314+0000] {dag.py:2676} INFO - Sync 1 DAGs
[2023-01-15T13:13:33.677+0000] {logging_mixin.py:137} INFO - [2023-01-15T13:13:33.674+0000] {dag.py:3427} INFO - Setting next_dagrun for tutorial_dag to None, run_after=None
[2023-01-15T13:13:33.941+0000] {processor.py:175} INFO - Processing /home/airflow/.local/lib/python3.7/site-packages/airflow/example_dags/tutorial_dag.py took 1.440 seconds
[2023-01-15T13:14:04.512+0000] {processor.py:153} INFO - Started process (PID=1477) to work on /home/airflow/.local/lib/python3.7/site-packages/airflow/example_dags/tutorial_dag.py
[2023-01-15T13:14:04.525+0000] {processor.py:743} INFO - Processing file /home/airflow/.local/lib/python3.7/site-packages/airflow/example_dags/tutorial_dag.py for tasks to queue
[2023-01-15T13:14:04.529+0000] {logging_mixin.py:137} INFO - [2023-01-15T13:14:04.529+0000] {dagbag.py:538} INFO - Filling up the DagBag from /home/airflow/.local/lib/python3.7/site-packages/airflow/example_dags/tutorial_dag.py
[2023-01-15T13:14:04.638+0000] {processor.py:753} INFO - DAG(s) dict_keys(['tutorial_dag']) retrieved from /home/airflow/.local/lib/python3.7/site-packages/airflow/example_dags/tutorial_dag.py
[2023-01-15T13:14:04.869+0000] {logging_mixin.py:137} INFO - [2023-01-15T13:14:04.866+0000] {dag.py:2676} INFO - Sync 1 DAGs
[2023-01-15T13:14:05.034+0000] {logging_mixin.py:137} INFO - [2023-01-15T13:14:05.034+0000] {dag.py:3427} INFO - Setting next_dagrun for tutorial_dag to None, run_after=None
[2023-01-15T13:14:05.200+0000] {processor.py:175} INFO - Processing /home/airflow/.local/lib/python3.7/site-packages/airflow/example_dags/tutorial_dag.py took 0.715 seconds
[2023-01-15T13:14:36.237+0000] {processor.py:153} INFO - Started process (PID=1525) to work on /home/airflow/.local/lib/python3.7/site-packages/airflow/example_dags/tutorial_dag.py
[2023-01-15T13:14:36.239+0000] {processor.py:743} INFO - Processing file /home/airflow/.local/lib/python3.7/site-packages/airflow/example_dags/tutorial_dag.py for tasks to queue
[2023-01-15T13:14:36.241+0000] {logging_mixin.py:137} INFO - [2023-01-15T13:14:36.241+0000] {dagbag.py:538} INFO - Filling up the DagBag from /home/airflow/.local/lib/python3.7/site-packages/airflow/example_dags/tutorial_dag.py
[2023-01-15T13:14:36.284+0000] {processor.py:753} INFO - DAG(s) dict_keys(['tutorial_dag']) retrieved from /home/airflow/.local/lib/python3.7/site-packages/airflow/example_dags/tutorial_dag.py
[2023-01-15T13:14:36.413+0000] {logging_mixin.py:137} INFO - [2023-01-15T13:14:36.412+0000] {dag.py:2676} INFO - Sync 1 DAGs
[2023-01-15T13:14:36.505+0000] {logging_mixin.py:137} INFO - [2023-01-15T13:14:36.504+0000] {dag.py:3427} INFO - Setting next_dagrun for tutorial_dag to None, run_after=None
[2023-01-15T13:14:36.581+0000] {processor.py:175} INFO - Processing /home/airflow/.local/lib/python3.7/site-packages/airflow/example_dags/tutorial_dag.py took 0.356 seconds
[2023-01-15T13:15:09.593+0000] {processor.py:153} INFO - Started process (PID=1581) to work on /home/airflow/.local/lib/python3.7/site-packages/airflow/example_dags/tutorial_dag.py
[2023-01-15T13:15:09.637+0000] {processor.py:743} INFO - Processing file /home/airflow/.local/lib/python3.7/site-packages/airflow/example_dags/tutorial_dag.py for tasks to queue
[2023-01-15T13:15:09.639+0000] {logging_mixin.py:137} INFO - [2023-01-15T13:15:09.639+0000] {dagbag.py:538} INFO - Filling up the DagBag from /home/airflow/.local/lib/python3.7/site-packages/airflow/example_dags/tutorial_dag.py
[2023-01-15T13:15:09.786+0000] {processor.py:753} INFO - DAG(s) dict_keys(['tutorial_dag']) retrieved from /home/airflow/.local/lib/python3.7/site-packages/airflow/example_dags/tutorial_dag.py
[2023-01-15T13:15:10.219+0000] {logging_mixin.py:137} INFO - [2023-01-15T13:15:10.218+0000] {dag.py:2676} INFO - Sync 1 DAGs
[2023-01-15T13:15:10.429+0000] {logging_mixin.py:137} INFO - [2023-01-15T13:15:10.429+0000] {dag.py:3427} INFO - Setting next_dagrun for tutorial_dag to None, run_after=None
[2023-01-15T13:15:10.593+0000] {processor.py:175} INFO - Processing /home/airflow/.local/lib/python3.7/site-packages/airflow/example_dags/tutorial_dag.py took 1.066 seconds
[2023-01-15T13:15:41.152+0000] {processor.py:153} INFO - Started process (PID=1628) to work on /home/airflow/.local/lib/python3.7/site-packages/airflow/example_dags/tutorial_dag.py
[2023-01-15T13:15:41.165+0000] {processor.py:743} INFO - Processing file /home/airflow/.local/lib/python3.7/site-packages/airflow/example_dags/tutorial_dag.py for tasks to queue
[2023-01-15T13:15:41.174+0000] {logging_mixin.py:137} INFO - [2023-01-15T13:15:41.174+0000] {dagbag.py:538} INFO - Filling up the DagBag from /home/airflow/.local/lib/python3.7/site-packages/airflow/example_dags/tutorial_dag.py
[2023-01-15T13:44:11.129+0000] {processor.py:153} INFO - Started process (PID=103) to work on /home/airflow/.local/lib/python3.7/site-packages/airflow/example_dags/tutorial_dag.py
[2023-01-15T13:44:11.140+0000] {processor.py:743} INFO - Processing file /home/airflow/.local/lib/python3.7/site-packages/airflow/example_dags/tutorial_dag.py for tasks to queue
[2023-01-15T13:44:11.172+0000] {logging_mixin.py:137} INFO - [2023-01-15T13:44:11.172+0000] {dagbag.py:538} INFO - Filling up the DagBag from /home/airflow/.local/lib/python3.7/site-packages/airflow/example_dags/tutorial_dag.py
[2023-01-15T13:44:11.757+0000] {processor.py:753} INFO - DAG(s) dict_keys(['tutorial_dag']) retrieved from /home/airflow/.local/lib/python3.7/site-packages/airflow/example_dags/tutorial_dag.py
[2023-01-15T13:44:12.372+0000] {logging_mixin.py:137} INFO - [2023-01-15T13:44:12.372+0000] {dag.py:2676} INFO - Sync 1 DAGs
[2023-01-15T13:44:12.813+0000] {logging_mixin.py:137} INFO - [2023-01-15T13:44:12.812+0000] {dag.py:3427} INFO - Setting next_dagrun for tutorial_dag to None, run_after=None
[2023-01-15T13:44:14.406+0000] {processor.py:175} INFO - Processing /home/airflow/.local/lib/python3.7/site-packages/airflow/example_dags/tutorial_dag.py took 3.373 seconds
[2023-01-15T13:45:46.743+0000] {processor.py:153} INFO - Started process (PID=196) to work on /home/airflow/.local/lib/python3.7/site-packages/airflow/example_dags/tutorial_dag.py
[2023-01-15T13:45:46.749+0000] {processor.py:743} INFO - Processing file /home/airflow/.local/lib/python3.7/site-packages/airflow/example_dags/tutorial_dag.py for tasks to queue
[2023-01-15T13:45:46.763+0000] {logging_mixin.py:137} INFO - [2023-01-15T13:45:46.762+0000] {dagbag.py:538} INFO - Filling up the DagBag from /home/airflow/.local/lib/python3.7/site-packages/airflow/example_dags/tutorial_dag.py
[2023-01-15T13:45:47.008+0000] {processor.py:753} INFO - DAG(s) dict_keys(['tutorial_dag']) retrieved from /home/airflow/.local/lib/python3.7/site-packages/airflow/example_dags/tutorial_dag.py
[2023-01-15T13:45:47.771+0000] {logging_mixin.py:137} INFO - [2023-01-15T13:45:47.770+0000] {dag.py:2676} INFO - Sync 1 DAGs
[2023-01-15T13:45:48.202+0000] {logging_mixin.py:137} INFO - [2023-01-15T13:45:48.202+0000] {dag.py:3427} INFO - Setting next_dagrun for tutorial_dag to None, run_after=None
[2023-01-15T13:45:48.553+0000] {processor.py:175} INFO - Processing /home/airflow/.local/lib/python3.7/site-packages/airflow/example_dags/tutorial_dag.py took 1.866 seconds
[2023-01-15T13:46:20.868+0000] {processor.py:153} INFO - Started process (PID=250) to work on /home/airflow/.local/lib/python3.7/site-packages/airflow/example_dags/tutorial_dag.py
[2023-01-15T13:46:20.903+0000] {processor.py:743} INFO - Processing file /home/airflow/.local/lib/python3.7/site-packages/airflow/example_dags/tutorial_dag.py for tasks to queue
[2023-01-15T13:46:20.909+0000] {logging_mixin.py:137} INFO - [2023-01-15T13:46:20.909+0000] {dagbag.py:538} INFO - Filling up the DagBag from /home/airflow/.local/lib/python3.7/site-packages/airflow/example_dags/tutorial_dag.py
[2023-01-15T13:46:21.289+0000] {processor.py:753} INFO - DAG(s) dict_keys(['tutorial_dag']) retrieved from /home/airflow/.local/lib/python3.7/site-packages/airflow/example_dags/tutorial_dag.py
[2023-01-15T13:46:22.051+0000] {logging_mixin.py:137} INFO - [2023-01-15T13:46:22.051+0000] {dag.py:2676} INFO - Sync 1 DAGs
[2023-01-15T13:46:22.700+0000] {logging_mixin.py:137} INFO - [2023-01-15T13:46:22.700+0000] {dag.py:3427} INFO - Setting next_dagrun for tutorial_dag to None, run_after=None
[2023-01-15T13:46:23.143+0000] {processor.py:175} INFO - Processing /home/airflow/.local/lib/python3.7/site-packages/airflow/example_dags/tutorial_dag.py took 2.332 seconds
[2023-01-15T13:46:53.805+0000] {processor.py:153} INFO - Started process (PID=299) to work on /home/airflow/.local/lib/python3.7/site-packages/airflow/example_dags/tutorial_dag.py
[2023-01-15T13:46:53.808+0000] {processor.py:743} INFO - Processing file /home/airflow/.local/lib/python3.7/site-packages/airflow/example_dags/tutorial_dag.py for tasks to queue
[2023-01-15T13:46:53.818+0000] {logging_mixin.py:137} INFO - [2023-01-15T13:46:53.817+0000] {dagbag.py:538} INFO - Filling up the DagBag from /home/airflow/.local/lib/python3.7/site-packages/airflow/example_dags/tutorial_dag.py
[2023-01-15T13:46:53.854+0000] {processor.py:753} INFO - DAG(s) dict_keys(['tutorial_dag']) retrieved from /home/airflow/.local/lib/python3.7/site-packages/airflow/example_dags/tutorial_dag.py
[2023-01-15T13:46:53.953+0000] {logging_mixin.py:137} INFO - [2023-01-15T13:46:53.953+0000] {dag.py:2676} INFO - Sync 1 DAGs
[2023-01-15T13:46:54.020+0000] {logging_mixin.py:137} INFO - [2023-01-15T13:46:54.020+0000] {dag.py:3427} INFO - Setting next_dagrun for tutorial_dag to None, run_after=None
[2023-01-15T13:46:54.071+0000] {processor.py:175} INFO - Processing /home/airflow/.local/lib/python3.7/site-packages/airflow/example_dags/tutorial_dag.py took 0.270 seconds
[2023-01-15T13:47:24.480+0000] {processor.py:153} INFO - Started process (PID=354) to work on /home/airflow/.local/lib/python3.7/site-packages/airflow/example_dags/tutorial_dag.py
[2023-01-15T13:47:24.482+0000] {processor.py:743} INFO - Processing file /home/airflow/.local/lib/python3.7/site-packages/airflow/example_dags/tutorial_dag.py for tasks to queue
[2023-01-15T13:47:24.483+0000] {logging_mixin.py:137} INFO - [2023-01-15T13:47:24.483+0000] {dagbag.py:538} INFO - Filling up the DagBag from /home/airflow/.local/lib/python3.7/site-packages/airflow/example_dags/tutorial_dag.py
[2023-01-15T13:47:24.518+0000] {processor.py:753} INFO - DAG(s) dict_keys(['tutorial_dag']) retrieved from /home/airflow/.local/lib/python3.7/site-packages/airflow/example_dags/tutorial_dag.py
[2023-01-15T13:47:24.627+0000] {logging_mixin.py:137} INFO - [2023-01-15T13:47:24.626+0000] {dag.py:2676} INFO - Sync 1 DAGs
[2023-01-15T13:47:24.686+0000] {logging_mixin.py:137} INFO - [2023-01-15T13:47:24.686+0000] {dag.py:3427} INFO - Setting next_dagrun for tutorial_dag to None, run_after=None
[2023-01-15T13:47:24.738+0000] {processor.py:175} INFO - Processing /home/airflow/.local/lib/python3.7/site-packages/airflow/example_dags/tutorial_dag.py took 0.267 seconds
[2023-01-15T13:47:55.213+0000] {processor.py:153} INFO - Started process (PID=410) to work on /home/airflow/.local/lib/python3.7/site-packages/airflow/example_dags/tutorial_dag.py
[2023-01-15T13:47:55.221+0000] {processor.py:743} INFO - Processing file /home/airflow/.local/lib/python3.7/site-packages/airflow/example_dags/tutorial_dag.py for tasks to queue
[2023-01-15T13:47:55.223+0000] {logging_mixin.py:137} INFO - [2023-01-15T13:47:55.223+0000] {dagbag.py:538} INFO - Filling up the DagBag from /home/airflow/.local/lib/python3.7/site-packages/airflow/example_dags/tutorial_dag.py
[2023-01-15T13:47:55.305+0000] {processor.py:753} INFO - DAG(s) dict_keys(['tutorial_dag']) retrieved from /home/airflow/.local/lib/python3.7/site-packages/airflow/example_dags/tutorial_dag.py
[2023-01-15T13:47:55.574+0000] {logging_mixin.py:137} INFO - [2023-01-15T13:47:55.574+0000] {dag.py:2676} INFO - Sync 1 DAGs
[2023-01-15T13:47:55.774+0000] {logging_mixin.py:137} INFO - [2023-01-15T13:47:55.774+0000] {dag.py:3427} INFO - Setting next_dagrun for tutorial_dag to None, run_after=None
[2023-01-15T13:47:55.967+0000] {processor.py:175} INFO - Processing /home/airflow/.local/lib/python3.7/site-packages/airflow/example_dags/tutorial_dag.py took 0.770 seconds
[2023-01-15T13:48:26.241+0000] {processor.py:153} INFO - Started process (PID=456) to work on /home/airflow/.local/lib/python3.7/site-packages/airflow/example_dags/tutorial_dag.py
[2023-01-15T13:48:26.245+0000] {processor.py:743} INFO - Processing file /home/airflow/.local/lib/python3.7/site-packages/airflow/example_dags/tutorial_dag.py for tasks to queue
[2023-01-15T13:48:26.246+0000] {logging_mixin.py:137} INFO - [2023-01-15T13:48:26.246+0000] {dagbag.py:538} INFO - Filling up the DagBag from /home/airflow/.local/lib/python3.7/site-packages/airflow/example_dags/tutorial_dag.py
[2023-01-15T13:48:26.279+0000] {processor.py:753} INFO - DAG(s) dict_keys(['tutorial_dag']) retrieved from /home/airflow/.local/lib/python3.7/site-packages/airflow/example_dags/tutorial_dag.py
[2023-01-15T13:48:26.367+0000] {logging_mixin.py:137} INFO - [2023-01-15T13:48:26.367+0000] {dag.py:2676} INFO - Sync 1 DAGs
[2023-01-15T13:48:26.424+0000] {logging_mixin.py:137} INFO - [2023-01-15T13:48:26.424+0000] {dag.py:3427} INFO - Setting next_dagrun for tutorial_dag to None, run_after=None
[2023-01-15T13:48:26.482+0000] {processor.py:175} INFO - Processing /home/airflow/.local/lib/python3.7/site-packages/airflow/example_dags/tutorial_dag.py took 0.248 seconds
[2023-01-15T13:48:57.218+0000] {processor.py:153} INFO - Started process (PID=519) to work on /home/airflow/.local/lib/python3.7/site-packages/airflow/example_dags/tutorial_dag.py
[2023-01-15T13:48:57.223+0000] {processor.py:743} INFO - Processing file /home/airflow/.local/lib/python3.7/site-packages/airflow/example_dags/tutorial_dag.py for tasks to queue
[2023-01-15T13:48:57.227+0000] {logging_mixin.py:137} INFO - [2023-01-15T13:48:57.227+0000] {dagbag.py:538} INFO - Filling up the DagBag from /home/airflow/.local/lib/python3.7/site-packages/airflow/example_dags/tutorial_dag.py
[2023-01-15T13:48:57.299+0000] {processor.py:753} INFO - DAG(s) dict_keys(['tutorial_dag']) retrieved from /home/airflow/.local/lib/python3.7/site-packages/airflow/example_dags/tutorial_dag.py
[2023-01-15T13:48:57.431+0000] {logging_mixin.py:137} INFO - [2023-01-15T13:48:57.431+0000] {dag.py:2676} INFO - Sync 1 DAGs
[2023-01-15T13:48:57.494+0000] {logging_mixin.py:137} INFO - [2023-01-15T13:48:57.494+0000] {dag.py:3427} INFO - Setting next_dagrun for tutorial_dag to None, run_after=None
[2023-01-15T13:48:57.552+0000] {processor.py:175} INFO - Processing /home/airflow/.local/lib/python3.7/site-packages/airflow/example_dags/tutorial_dag.py took 0.361 seconds
[2023-01-15T13:49:27.951+0000] {processor.py:153} INFO - Started process (PID=575) to work on /home/airflow/.local/lib/python3.7/site-packages/airflow/example_dags/tutorial_dag.py
[2023-01-15T13:49:27.953+0000] {processor.py:743} INFO - Processing file /home/airflow/.local/lib/python3.7/site-packages/airflow/example_dags/tutorial_dag.py for tasks to queue
[2023-01-15T13:49:27.955+0000] {logging_mixin.py:137} INFO - [2023-01-15T13:49:27.954+0000] {dagbag.py:538} INFO - Filling up the DagBag from /home/airflow/.local/lib/python3.7/site-packages/airflow/example_dags/tutorial_dag.py
[2023-01-15T13:49:27.971+0000] {processor.py:753} INFO - DAG(s) dict_keys(['tutorial_dag']) retrieved from /home/airflow/.local/lib/python3.7/site-packages/airflow/example_dags/tutorial_dag.py
[2023-01-15T13:49:28.017+0000] {logging_mixin.py:137} INFO - [2023-01-15T13:49:28.016+0000] {dag.py:2676} INFO - Sync 1 DAGs
[2023-01-15T13:49:28.069+0000] {logging_mixin.py:137} INFO - [2023-01-15T13:49:28.069+0000] {dag.py:3427} INFO - Setting next_dagrun for tutorial_dag to None, run_after=None
[2023-01-15T13:49:28.100+0000] {processor.py:175} INFO - Processing /home/airflow/.local/lib/python3.7/site-packages/airflow/example_dags/tutorial_dag.py took 0.154 seconds
[2023-01-15T13:49:58.225+0000] {processor.py:153} INFO - Started process (PID=631) to work on /home/airflow/.local/lib/python3.7/site-packages/airflow/example_dags/tutorial_dag.py
[2023-01-15T13:49:58.231+0000] {processor.py:743} INFO - Processing file /home/airflow/.local/lib/python3.7/site-packages/airflow/example_dags/tutorial_dag.py for tasks to queue
[2023-01-15T13:49:58.233+0000] {logging_mixin.py:137} INFO - [2023-01-15T13:49:58.233+0000] {dagbag.py:538} INFO - Filling up the DagBag from /home/airflow/.local/lib/python3.7/site-packages/airflow/example_dags/tutorial_dag.py
[2023-01-15T13:49:58.272+0000] {processor.py:753} INFO - DAG(s) dict_keys(['tutorial_dag']) retrieved from /home/airflow/.local/lib/python3.7/site-packages/airflow/example_dags/tutorial_dag.py
[2023-01-15T13:49:58.372+0000] {logging_mixin.py:137} INFO - [2023-01-15T13:49:58.372+0000] {dag.py:2676} INFO - Sync 1 DAGs
[2023-01-15T13:49:58.427+0000] {logging_mixin.py:137} INFO - [2023-01-15T13:49:58.427+0000] {dag.py:3427} INFO - Setting next_dagrun for tutorial_dag to None, run_after=None
[2023-01-15T13:49:58.483+0000] {processor.py:175} INFO - Processing /home/airflow/.local/lib/python3.7/site-packages/airflow/example_dags/tutorial_dag.py took 0.265 seconds
[2023-01-15T13:50:28.802+0000] {processor.py:153} INFO - Started process (PID=678) to work on /home/airflow/.local/lib/python3.7/site-packages/airflow/example_dags/tutorial_dag.py
[2023-01-15T13:50:28.812+0000] {processor.py:743} INFO - Processing file /home/airflow/.local/lib/python3.7/site-packages/airflow/example_dags/tutorial_dag.py for tasks to queue
[2023-01-15T13:50:28.817+0000] {logging_mixin.py:137} INFO - [2023-01-15T13:50:28.816+0000] {dagbag.py:538} INFO - Filling up the DagBag from /home/airflow/.local/lib/python3.7/site-packages/airflow/example_dags/tutorial_dag.py
[2023-01-15T13:50:28.904+0000] {processor.py:753} INFO - DAG(s) dict_keys(['tutorial_dag']) retrieved from /home/airflow/.local/lib/python3.7/site-packages/airflow/example_dags/tutorial_dag.py
[2023-01-15T13:50:29.053+0000] {logging_mixin.py:137} INFO - [2023-01-15T13:50:29.053+0000] {dag.py:2676} INFO - Sync 1 DAGs
[2023-01-15T13:50:29.156+0000] {logging_mixin.py:137} INFO - [2023-01-15T13:50:29.156+0000] {dag.py:3427} INFO - Setting next_dagrun for tutorial_dag to None, run_after=None
[2023-01-15T13:50:29.219+0000] {processor.py:175} INFO - Processing /home/airflow/.local/lib/python3.7/site-packages/airflow/example_dags/tutorial_dag.py took 0.428 seconds
[2023-01-15T13:51:00.776+0000] {processor.py:153} INFO - Started process (PID=743) to work on /home/airflow/.local/lib/python3.7/site-packages/airflow/example_dags/tutorial_dag.py
[2023-01-15T13:51:00.780+0000] {processor.py:743} INFO - Processing file /home/airflow/.local/lib/python3.7/site-packages/airflow/example_dags/tutorial_dag.py for tasks to queue
[2023-01-15T13:51:00.786+0000] {logging_mixin.py:137} INFO - [2023-01-15T13:51:00.786+0000] {dagbag.py:538} INFO - Filling up the DagBag from /home/airflow/.local/lib/python3.7/site-packages/airflow/example_dags/tutorial_dag.py
[2023-01-15T13:51:00.865+0000] {processor.py:753} INFO - DAG(s) dict_keys(['tutorial_dag']) retrieved from /home/airflow/.local/lib/python3.7/site-packages/airflow/example_dags/tutorial_dag.py
[2023-01-15T13:51:01.013+0000] {logging_mixin.py:137} INFO - [2023-01-15T13:51:01.013+0000] {dag.py:2676} INFO - Sync 1 DAGs
[2023-01-15T13:51:01.117+0000] {logging_mixin.py:137} INFO - [2023-01-15T13:51:01.117+0000] {dag.py:3427} INFO - Setting next_dagrun for tutorial_dag to None, run_after=None
[2023-01-15T13:51:01.363+0000] {processor.py:175} INFO - Processing /home/airflow/.local/lib/python3.7/site-packages/airflow/example_dags/tutorial_dag.py took 0.600 seconds
[2023-01-15T13:51:36.576+0000] {processor.py:153} INFO - Started process (PID=799) to work on /home/airflow/.local/lib/python3.7/site-packages/airflow/example_dags/tutorial_dag.py
[2023-01-15T13:51:36.590+0000] {processor.py:743} INFO - Processing file /home/airflow/.local/lib/python3.7/site-packages/airflow/example_dags/tutorial_dag.py for tasks to queue
[2023-01-15T13:51:36.598+0000] {logging_mixin.py:137} INFO - [2023-01-15T13:51:36.597+0000] {dagbag.py:538} INFO - Filling up the DagBag from /home/airflow/.local/lib/python3.7/site-packages/airflow/example_dags/tutorial_dag.py
[2023-01-15T13:51:36.756+0000] {processor.py:753} INFO - DAG(s) dict_keys(['tutorial_dag']) retrieved from /home/airflow/.local/lib/python3.7/site-packages/airflow/example_dags/tutorial_dag.py
[2023-01-15T13:51:37.056+0000] {logging_mixin.py:137} INFO - [2023-01-15T13:51:37.056+0000] {dag.py:2676} INFO - Sync 1 DAGs
[2023-01-15T13:51:37.326+0000] {logging_mixin.py:137} INFO - [2023-01-15T13:51:37.326+0000] {dag.py:3427} INFO - Setting next_dagrun for tutorial_dag to None, run_after=None
[2023-01-15T13:51:37.419+0000] {processor.py:175} INFO - Processing /home/airflow/.local/lib/python3.7/site-packages/airflow/example_dags/tutorial_dag.py took 0.880 seconds
[2023-01-15T13:52:09.201+0000] {processor.py:153} INFO - Started process (PID=852) to work on /home/airflow/.local/lib/python3.7/site-packages/airflow/example_dags/tutorial_dag.py
[2023-01-15T13:52:09.207+0000] {processor.py:743} INFO - Processing file /home/airflow/.local/lib/python3.7/site-packages/airflow/example_dags/tutorial_dag.py for tasks to queue
[2023-01-15T13:52:09.236+0000] {logging_mixin.py:137} INFO - [2023-01-15T13:52:09.235+0000] {dagbag.py:538} INFO - Filling up the DagBag from /home/airflow/.local/lib/python3.7/site-packages/airflow/example_dags/tutorial_dag.py
[2023-01-15T13:52:09.443+0000] {processor.py:753} INFO - DAG(s) dict_keys(['tutorial_dag']) retrieved from /home/airflow/.local/lib/python3.7/site-packages/airflow/example_dags/tutorial_dag.py
[2023-01-15T13:52:10.628+0000] {logging_mixin.py:137} INFO - [2023-01-15T13:52:10.628+0000] {dag.py:2676} INFO - Sync 1 DAGs
[2023-01-15T13:52:11.022+0000] {logging_mixin.py:137} INFO - [2023-01-15T13:52:11.022+0000] {dag.py:3427} INFO - Setting next_dagrun for tutorial_dag to None, run_after=None
[2023-01-15T13:52:11.260+0000] {processor.py:175} INFO - Processing /home/airflow/.local/lib/python3.7/site-packages/airflow/example_dags/tutorial_dag.py took 2.135 seconds
[2023-01-15T13:52:42.021+0000] {processor.py:153} INFO - Started process (PID=902) to work on /home/airflow/.local/lib/python3.7/site-packages/airflow/example_dags/tutorial_dag.py
[2023-01-15T13:52:42.024+0000] {processor.py:743} INFO - Processing file /home/airflow/.local/lib/python3.7/site-packages/airflow/example_dags/tutorial_dag.py for tasks to queue
[2023-01-15T13:52:42.028+0000] {logging_mixin.py:137} INFO - [2023-01-15T13:52:42.028+0000] {dagbag.py:538} INFO - Filling up the DagBag from /home/airflow/.local/lib/python3.7/site-packages/airflow/example_dags/tutorial_dag.py
[2023-01-15T13:52:42.069+0000] {processor.py:753} INFO - DAG(s) dict_keys(['tutorial_dag']) retrieved from /home/airflow/.local/lib/python3.7/site-packages/airflow/example_dags/tutorial_dag.py
[2023-01-15T13:52:42.190+0000] {logging_mixin.py:137} INFO - [2023-01-15T13:52:42.190+0000] {dag.py:2676} INFO - Sync 1 DAGs
[2023-01-15T13:52:42.253+0000] {logging_mixin.py:137} INFO - [2023-01-15T13:52:42.252+0000] {dag.py:3427} INFO - Setting next_dagrun for tutorial_dag to None, run_after=None
[2023-01-15T13:52:42.308+0000] {processor.py:175} INFO - Processing /home/airflow/.local/lib/python3.7/site-packages/airflow/example_dags/tutorial_dag.py took 0.311 seconds
