[2023-01-15T12:59:16.768+0000] {processor.py:153} INFO - Started process (PID=59) to work on /home/airflow/.local/lib/python3.7/site-packages/airflow/example_dags/tutorial.py
[2023-01-15T12:59:16.780+0000] {processor.py:743} INFO - Processing file /home/airflow/.local/lib/python3.7/site-packages/airflow/example_dags/tutorial.py for tasks to queue
[2023-01-15T12:59:16.782+0000] {logging_mixin.py:137} INFO - [2023-01-15T12:59:16.782+0000] {dagbag.py:538} INFO - Filling up the DagBag from /home/airflow/.local/lib/python3.7/site-packages/airflow/example_dags/tutorial.py
[2023-01-15T12:59:16.992+0000] {processor.py:753} INFO - DAG(s) dict_keys(['tutorial']) retrieved from /home/airflow/.local/lib/python3.7/site-packages/airflow/example_dags/tutorial.py
[2023-01-15T12:59:18.631+0000] {logging_mixin.py:137} INFO - [2023-01-15T12:59:18.631+0000] {manager.py:504} INFO - Created Permission View: can read on DAG:tutorial
[2023-01-15T12:59:18.719+0000] {logging_mixin.py:137} INFO - [2023-01-15T12:59:18.718+0000] {manager.py:504} INFO - Created Permission View: can edit on DAG:tutorial
[2023-01-15T12:59:18.790+0000] {logging_mixin.py:137} INFO - [2023-01-15T12:59:18.790+0000] {manager.py:504} INFO - Created Permission View: can delete on DAG:tutorial
[2023-01-15T12:59:18.793+0000] {logging_mixin.py:137} INFO - [2023-01-15T12:59:18.791+0000] {dag.py:2676} INFO - Sync 1 DAGs
[2023-01-15T12:59:18.925+0000] {logging_mixin.py:137} INFO - [2023-01-15T12:59:18.925+0000] {dag.py:2697} INFO - Creating ORM DAG for tutorial
[2023-01-15T12:59:19.041+0000] {logging_mixin.py:137} INFO - [2023-01-15T12:59:19.041+0000] {dag.py:3427} INFO - Setting next_dagrun for tutorial to 2023-01-14T12:59:19.041140+00:00, run_after=2023-01-15T12:59:19.041140+00:00
[2023-01-15T12:59:19.244+0000] {processor.py:175} INFO - Processing /home/airflow/.local/lib/python3.7/site-packages/airflow/example_dags/tutorial.py took 2.515 seconds
[2023-01-15T12:59:54.697+0000] {processor.py:153} INFO - Started process (PID=115) to work on /home/airflow/.local/lib/python3.7/site-packages/airflow/example_dags/tutorial.py
[2023-01-15T12:59:54.707+0000] {processor.py:743} INFO - Processing file /home/airflow/.local/lib/python3.7/site-packages/airflow/example_dags/tutorial.py for tasks to queue
[2023-01-15T12:59:54.710+0000] {logging_mixin.py:137} INFO - [2023-01-15T12:59:54.710+0000] {dagbag.py:538} INFO - Filling up the DagBag from /home/airflow/.local/lib/python3.7/site-packages/airflow/example_dags/tutorial.py
[2023-01-15T12:59:54.804+0000] {processor.py:753} INFO - DAG(s) dict_keys(['tutorial']) retrieved from /home/airflow/.local/lib/python3.7/site-packages/airflow/example_dags/tutorial.py
[2023-01-15T12:59:54.933+0000] {logging_mixin.py:137} INFO - [2023-01-15T12:59:54.933+0000] {dag.py:2676} INFO - Sync 1 DAGs
[2023-01-15T12:59:54.988+0000] {logging_mixin.py:137} INFO - [2023-01-15T12:59:54.988+0000] {dag.py:3427} INFO - Setting next_dagrun for tutorial to 2023-01-14T12:59:54.988471+00:00, run_after=2023-01-15T12:59:54.988471+00:00
[2023-01-15T12:59:55.037+0000] {processor.py:175} INFO - Processing /home/airflow/.local/lib/python3.7/site-packages/airflow/example_dags/tutorial.py took 0.348 seconds
[2023-01-15T13:00:25.882+0000] {processor.py:153} INFO - Started process (PID=171) to work on /home/airflow/.local/lib/python3.7/site-packages/airflow/example_dags/tutorial.py
[2023-01-15T13:00:25.890+0000] {processor.py:743} INFO - Processing file /home/airflow/.local/lib/python3.7/site-packages/airflow/example_dags/tutorial.py for tasks to queue
[2023-01-15T13:00:25.897+0000] {logging_mixin.py:137} INFO - [2023-01-15T13:00:25.897+0000] {dagbag.py:538} INFO - Filling up the DagBag from /home/airflow/.local/lib/python3.7/site-packages/airflow/example_dags/tutorial.py
[2023-01-15T13:00:26.030+0000] {processor.py:753} INFO - DAG(s) dict_keys(['tutorial']) retrieved from /home/airflow/.local/lib/python3.7/site-packages/airflow/example_dags/tutorial.py
[2023-01-15T13:00:26.228+0000] {logging_mixin.py:137} INFO - [2023-01-15T13:00:26.228+0000] {dag.py:2676} INFO - Sync 1 DAGs
[2023-01-15T13:00:26.363+0000] {logging_mixin.py:137} INFO - [2023-01-15T13:00:26.359+0000] {dag.py:3427} INFO - Setting next_dagrun for tutorial to 2023-01-14T13:00:26.358899+00:00, run_after=2023-01-15T13:00:26.358899+00:00
[2023-01-15T13:00:26.488+0000] {processor.py:175} INFO - Processing /home/airflow/.local/lib/python3.7/site-packages/airflow/example_dags/tutorial.py took 0.637 seconds
[2023-01-15T13:00:57.015+0000] {processor.py:153} INFO - Started process (PID=227) to work on /home/airflow/.local/lib/python3.7/site-packages/airflow/example_dags/tutorial.py
[2023-01-15T13:00:57.024+0000] {processor.py:743} INFO - Processing file /home/airflow/.local/lib/python3.7/site-packages/airflow/example_dags/tutorial.py for tasks to queue
[2023-01-15T13:00:57.031+0000] {logging_mixin.py:137} INFO - [2023-01-15T13:00:57.031+0000] {dagbag.py:538} INFO - Filling up the DagBag from /home/airflow/.local/lib/python3.7/site-packages/airflow/example_dags/tutorial.py
[2023-01-15T13:00:57.169+0000] {processor.py:753} INFO - DAG(s) dict_keys(['tutorial']) retrieved from /home/airflow/.local/lib/python3.7/site-packages/airflow/example_dags/tutorial.py
[2023-01-15T13:00:57.353+0000] {logging_mixin.py:137} INFO - [2023-01-15T13:00:57.353+0000] {dag.py:2676} INFO - Sync 1 DAGs
[2023-01-15T13:00:57.472+0000] {logging_mixin.py:137} INFO - [2023-01-15T13:00:57.472+0000] {dag.py:3427} INFO - Setting next_dagrun for tutorial to 2023-01-14T13:00:57.472232+00:00, run_after=2023-01-15T13:00:57.472232+00:00
[2023-01-15T13:00:57.552+0000] {processor.py:175} INFO - Processing /home/airflow/.local/lib/python3.7/site-packages/airflow/example_dags/tutorial.py took 0.557 seconds
[2023-01-15T13:01:27.742+0000] {processor.py:153} INFO - Started process (PID=290) to work on /home/airflow/.local/lib/python3.7/site-packages/airflow/example_dags/tutorial.py
[2023-01-15T13:01:27.753+0000] {processor.py:743} INFO - Processing file /home/airflow/.local/lib/python3.7/site-packages/airflow/example_dags/tutorial.py for tasks to queue
[2023-01-15T13:01:27.755+0000] {logging_mixin.py:137} INFO - [2023-01-15T13:01:27.755+0000] {dagbag.py:538} INFO - Filling up the DagBag from /home/airflow/.local/lib/python3.7/site-packages/airflow/example_dags/tutorial.py
[2023-01-15T13:01:27.809+0000] {processor.py:753} INFO - DAG(s) dict_keys(['tutorial']) retrieved from /home/airflow/.local/lib/python3.7/site-packages/airflow/example_dags/tutorial.py
[2023-01-15T13:01:27.951+0000] {logging_mixin.py:137} INFO - [2023-01-15T13:01:27.951+0000] {dag.py:2676} INFO - Sync 1 DAGs
[2023-01-15T13:01:28.044+0000] {logging_mixin.py:137} INFO - [2023-01-15T13:01:28.044+0000] {dag.py:3427} INFO - Setting next_dagrun for tutorial to 2023-01-14T13:01:28.043852+00:00, run_after=2023-01-15T13:01:28.043852+00:00
[2023-01-15T13:01:28.120+0000] {processor.py:175} INFO - Processing /home/airflow/.local/lib/python3.7/site-packages/airflow/example_dags/tutorial.py took 0.387 seconds
[2023-01-15T13:01:59.363+0000] {processor.py:153} INFO - Started process (PID=346) to work on /home/airflow/.local/lib/python3.7/site-packages/airflow/example_dags/tutorial.py
[2023-01-15T13:01:59.366+0000] {processor.py:743} INFO - Processing file /home/airflow/.local/lib/python3.7/site-packages/airflow/example_dags/tutorial.py for tasks to queue
[2023-01-15T13:01:59.371+0000] {logging_mixin.py:137} INFO - [2023-01-15T13:01:59.371+0000] {dagbag.py:538} INFO - Filling up the DagBag from /home/airflow/.local/lib/python3.7/site-packages/airflow/example_dags/tutorial.py
[2023-01-15T13:01:59.528+0000] {processor.py:753} INFO - DAG(s) dict_keys(['tutorial']) retrieved from /home/airflow/.local/lib/python3.7/site-packages/airflow/example_dags/tutorial.py
[2023-01-15T13:01:59.833+0000] {logging_mixin.py:137} INFO - [2023-01-15T13:01:59.833+0000] {dag.py:2676} INFO - Sync 1 DAGs
[2023-01-15T13:02:00.045+0000] {logging_mixin.py:137} INFO - [2023-01-15T13:02:00.045+0000] {dag.py:3427} INFO - Setting next_dagrun for tutorial to 2023-01-14T13:02:00.045453+00:00, run_after=2023-01-15T13:02:00.045453+00:00
[2023-01-15T13:02:00.165+0000] {processor.py:175} INFO - Processing /home/airflow/.local/lib/python3.7/site-packages/airflow/example_dags/tutorial.py took 0.840 seconds
[2023-01-15T13:02:30.451+0000] {processor.py:153} INFO - Started process (PID=392) to work on /home/airflow/.local/lib/python3.7/site-packages/airflow/example_dags/tutorial.py
[2023-01-15T13:02:30.457+0000] {processor.py:743} INFO - Processing file /home/airflow/.local/lib/python3.7/site-packages/airflow/example_dags/tutorial.py for tasks to queue
[2023-01-15T13:02:30.461+0000] {logging_mixin.py:137} INFO - [2023-01-15T13:02:30.461+0000] {dagbag.py:538} INFO - Filling up the DagBag from /home/airflow/.local/lib/python3.7/site-packages/airflow/example_dags/tutorial.py
[2023-01-15T13:02:30.483+0000] {processor.py:753} INFO - DAG(s) dict_keys(['tutorial']) retrieved from /home/airflow/.local/lib/python3.7/site-packages/airflow/example_dags/tutorial.py
[2023-01-15T13:02:30.527+0000] {logging_mixin.py:137} INFO - [2023-01-15T13:02:30.526+0000] {dag.py:2676} INFO - Sync 1 DAGs
[2023-01-15T13:02:30.556+0000] {logging_mixin.py:137} INFO - [2023-01-15T13:02:30.556+0000] {dag.py:3427} INFO - Setting next_dagrun for tutorial to 2023-01-14T13:02:30.555727+00:00, run_after=2023-01-15T13:02:30.555727+00:00
[2023-01-15T13:02:30.603+0000] {processor.py:175} INFO - Processing /home/airflow/.local/lib/python3.7/site-packages/airflow/example_dags/tutorial.py took 0.161 seconds
[2023-01-15T13:03:00.882+0000] {processor.py:153} INFO - Started process (PID=446) to work on /home/airflow/.local/lib/python3.7/site-packages/airflow/example_dags/tutorial.py
[2023-01-15T13:03:00.885+0000] {processor.py:743} INFO - Processing file /home/airflow/.local/lib/python3.7/site-packages/airflow/example_dags/tutorial.py for tasks to queue
[2023-01-15T13:03:00.890+0000] {logging_mixin.py:137} INFO - [2023-01-15T13:03:00.890+0000] {dagbag.py:538} INFO - Filling up the DagBag from /home/airflow/.local/lib/python3.7/site-packages/airflow/example_dags/tutorial.py
[2023-01-15T13:03:00.922+0000] {processor.py:753} INFO - DAG(s) dict_keys(['tutorial']) retrieved from /home/airflow/.local/lib/python3.7/site-packages/airflow/example_dags/tutorial.py
[2023-01-15T13:03:01.021+0000] {logging_mixin.py:137} INFO - [2023-01-15T13:03:01.021+0000] {dag.py:2676} INFO - Sync 1 DAGs
[2023-01-15T13:03:01.097+0000] {logging_mixin.py:137} INFO - [2023-01-15T13:03:01.097+0000] {dag.py:3427} INFO - Setting next_dagrun for tutorial to 2023-01-14T13:03:01.096986+00:00, run_after=2023-01-15T13:03:01.096986+00:00
[2023-01-15T13:03:01.147+0000] {processor.py:175} INFO - Processing /home/airflow/.local/lib/python3.7/site-packages/airflow/example_dags/tutorial.py took 0.277 seconds
[2023-01-15T13:03:31.442+0000] {processor.py:153} INFO - Started process (PID=502) to work on /home/airflow/.local/lib/python3.7/site-packages/airflow/example_dags/tutorial.py
[2023-01-15T13:03:31.447+0000] {processor.py:743} INFO - Processing file /home/airflow/.local/lib/python3.7/site-packages/airflow/example_dags/tutorial.py for tasks to queue
[2023-01-15T13:03:31.453+0000] {logging_mixin.py:137} INFO - [2023-01-15T13:03:31.453+0000] {dagbag.py:538} INFO - Filling up the DagBag from /home/airflow/.local/lib/python3.7/site-packages/airflow/example_dags/tutorial.py
[2023-01-15T13:03:31.529+0000] {processor.py:753} INFO - DAG(s) dict_keys(['tutorial']) retrieved from /home/airflow/.local/lib/python3.7/site-packages/airflow/example_dags/tutorial.py
[2023-01-15T13:03:31.772+0000] {logging_mixin.py:137} INFO - [2023-01-15T13:03:31.772+0000] {dag.py:2676} INFO - Sync 1 DAGs
[2023-01-15T13:03:31.893+0000] {logging_mixin.py:137} INFO - [2023-01-15T13:03:31.893+0000] {dag.py:3427} INFO - Setting next_dagrun for tutorial to 2023-01-14T13:03:31.893199+00:00, run_after=2023-01-15T13:03:31.893199+00:00
[2023-01-15T13:03:31.988+0000] {processor.py:175} INFO - Processing /home/airflow/.local/lib/python3.7/site-packages/airflow/example_dags/tutorial.py took 0.591 seconds
[2023-01-15T13:04:02.384+0000] {processor.py:153} INFO - Started process (PID=558) to work on /home/airflow/.local/lib/python3.7/site-packages/airflow/example_dags/tutorial.py
[2023-01-15T13:04:02.394+0000] {processor.py:743} INFO - Processing file /home/airflow/.local/lib/python3.7/site-packages/airflow/example_dags/tutorial.py for tasks to queue
[2023-01-15T13:04:02.396+0000] {logging_mixin.py:137} INFO - [2023-01-15T13:04:02.396+0000] {dagbag.py:538} INFO - Filling up the DagBag from /home/airflow/.local/lib/python3.7/site-packages/airflow/example_dags/tutorial.py
[2023-01-15T13:04:02.510+0000] {processor.py:753} INFO - DAG(s) dict_keys(['tutorial']) retrieved from /home/airflow/.local/lib/python3.7/site-packages/airflow/example_dags/tutorial.py
[2023-01-15T13:04:02.690+0000] {logging_mixin.py:137} INFO - [2023-01-15T13:04:02.690+0000] {dag.py:2676} INFO - Sync 1 DAGs
[2023-01-15T13:04:02.809+0000] {logging_mixin.py:137} INFO - [2023-01-15T13:04:02.809+0000] {dag.py:3427} INFO - Setting next_dagrun for tutorial to 2023-01-14T13:04:02.808869+00:00, run_after=2023-01-15T13:04:02.808869+00:00
[2023-01-15T13:04:02.900+0000] {processor.py:175} INFO - Processing /home/airflow/.local/lib/python3.7/site-packages/airflow/example_dags/tutorial.py took 0.550 seconds
[2023-01-15T13:04:33.361+0000] {processor.py:153} INFO - Started process (PID=622) to work on /home/airflow/.local/lib/python3.7/site-packages/airflow/example_dags/tutorial.py
[2023-01-15T13:04:33.372+0000] {processor.py:743} INFO - Processing file /home/airflow/.local/lib/python3.7/site-packages/airflow/example_dags/tutorial.py for tasks to queue
[2023-01-15T13:04:33.375+0000] {logging_mixin.py:137} INFO - [2023-01-15T13:04:33.374+0000] {dagbag.py:538} INFO - Filling up the DagBag from /home/airflow/.local/lib/python3.7/site-packages/airflow/example_dags/tutorial.py
[2023-01-15T13:04:33.429+0000] {processor.py:753} INFO - DAG(s) dict_keys(['tutorial']) retrieved from /home/airflow/.local/lib/python3.7/site-packages/airflow/example_dags/tutorial.py
[2023-01-15T13:04:33.574+0000] {logging_mixin.py:137} INFO - [2023-01-15T13:04:33.574+0000] {dag.py:2676} INFO - Sync 1 DAGs
[2023-01-15T13:04:33.673+0000] {logging_mixin.py:137} INFO - [2023-01-15T13:04:33.673+0000] {dag.py:3427} INFO - Setting next_dagrun for tutorial to 2023-01-14T13:04:33.673110+00:00, run_after=2023-01-15T13:04:33.673110+00:00
[2023-01-15T13:04:33.733+0000] {processor.py:175} INFO - Processing /home/airflow/.local/lib/python3.7/site-packages/airflow/example_dags/tutorial.py took 0.388 seconds
[2023-01-15T13:05:04.267+0000] {processor.py:153} INFO - Started process (PID=677) to work on /home/airflow/.local/lib/python3.7/site-packages/airflow/example_dags/tutorial.py
[2023-01-15T13:05:04.269+0000] {processor.py:743} INFO - Processing file /home/airflow/.local/lib/python3.7/site-packages/airflow/example_dags/tutorial.py for tasks to queue
[2023-01-15T13:05:04.277+0000] {logging_mixin.py:137} INFO - [2023-01-15T13:05:04.277+0000] {dagbag.py:538} INFO - Filling up the DagBag from /home/airflow/.local/lib/python3.7/site-packages/airflow/example_dags/tutorial.py
[2023-01-15T13:05:04.361+0000] {processor.py:753} INFO - DAG(s) dict_keys(['tutorial']) retrieved from /home/airflow/.local/lib/python3.7/site-packages/airflow/example_dags/tutorial.py
[2023-01-15T13:05:04.540+0000] {logging_mixin.py:137} INFO - [2023-01-15T13:05:04.540+0000] {dag.py:2676} INFO - Sync 1 DAGs
[2023-01-15T13:05:04.661+0000] {logging_mixin.py:137} INFO - [2023-01-15T13:05:04.661+0000] {dag.py:3427} INFO - Setting next_dagrun for tutorial to 2023-01-14T13:05:04.661401+00:00, run_after=2023-01-15T13:05:04.661401+00:00
[2023-01-15T13:05:04.765+0000] {processor.py:175} INFO - Processing /home/airflow/.local/lib/python3.7/site-packages/airflow/example_dags/tutorial.py took 0.519 seconds
[2023-01-15T13:05:35.437+0000] {processor.py:153} INFO - Started process (PID=732) to work on /home/airflow/.local/lib/python3.7/site-packages/airflow/example_dags/tutorial.py
[2023-01-15T13:05:35.443+0000] {processor.py:743} INFO - Processing file /home/airflow/.local/lib/python3.7/site-packages/airflow/example_dags/tutorial.py for tasks to queue
[2023-01-15T13:05:35.446+0000] {logging_mixin.py:137} INFO - [2023-01-15T13:05:35.446+0000] {dagbag.py:538} INFO - Filling up the DagBag from /home/airflow/.local/lib/python3.7/site-packages/airflow/example_dags/tutorial.py
[2023-01-15T13:05:35.524+0000] {processor.py:753} INFO - DAG(s) dict_keys(['tutorial']) retrieved from /home/airflow/.local/lib/python3.7/site-packages/airflow/example_dags/tutorial.py
[2023-01-15T13:05:35.761+0000] {logging_mixin.py:137} INFO - [2023-01-15T13:05:35.761+0000] {dag.py:2676} INFO - Sync 1 DAGs
[2023-01-15T13:05:35.890+0000] {logging_mixin.py:137} INFO - [2023-01-15T13:05:35.889+0000] {dag.py:3427} INFO - Setting next_dagrun for tutorial to 2023-01-14T13:05:35.889501+00:00, run_after=2023-01-15T13:05:35.889501+00:00
[2023-01-15T13:05:35.984+0000] {processor.py:175} INFO - Processing /home/airflow/.local/lib/python3.7/site-packages/airflow/example_dags/tutorial.py took 0.564 seconds
[2023-01-15T13:06:06.494+0000] {processor.py:153} INFO - Started process (PID=791) to work on /home/airflow/.local/lib/python3.7/site-packages/airflow/example_dags/tutorial.py
[2023-01-15T13:06:06.503+0000] {processor.py:743} INFO - Processing file /home/airflow/.local/lib/python3.7/site-packages/airflow/example_dags/tutorial.py for tasks to queue
[2023-01-15T13:06:06.506+0000] {logging_mixin.py:137} INFO - [2023-01-15T13:06:06.505+0000] {dagbag.py:538} INFO - Filling up the DagBag from /home/airflow/.local/lib/python3.7/site-packages/airflow/example_dags/tutorial.py
[2023-01-15T13:06:06.593+0000] {processor.py:753} INFO - DAG(s) dict_keys(['tutorial']) retrieved from /home/airflow/.local/lib/python3.7/site-packages/airflow/example_dags/tutorial.py
[2023-01-15T13:06:06.724+0000] {logging_mixin.py:137} INFO - [2023-01-15T13:06:06.724+0000] {dag.py:2676} INFO - Sync 1 DAGs
[2023-01-15T13:06:06.821+0000] {logging_mixin.py:137} INFO - [2023-01-15T13:06:06.817+0000] {dag.py:3427} INFO - Setting next_dagrun for tutorial to 2023-01-14T13:06:06.816897+00:00, run_after=2023-01-15T13:06:06.816897+00:00
[2023-01-15T13:06:06.885+0000] {processor.py:175} INFO - Processing /home/airflow/.local/lib/python3.7/site-packages/airflow/example_dags/tutorial.py took 0.406 seconds
[2023-01-15T13:06:37.500+0000] {processor.py:153} INFO - Started process (PID=848) to work on /home/airflow/.local/lib/python3.7/site-packages/airflow/example_dags/tutorial.py
[2023-01-15T13:06:37.503+0000] {processor.py:743} INFO - Processing file /home/airflow/.local/lib/python3.7/site-packages/airflow/example_dags/tutorial.py for tasks to queue
[2023-01-15T13:06:37.509+0000] {logging_mixin.py:137} INFO - [2023-01-15T13:06:37.509+0000] {dagbag.py:538} INFO - Filling up the DagBag from /home/airflow/.local/lib/python3.7/site-packages/airflow/example_dags/tutorial.py
[2023-01-15T13:06:37.542+0000] {processor.py:753} INFO - DAG(s) dict_keys(['tutorial']) retrieved from /home/airflow/.local/lib/python3.7/site-packages/airflow/example_dags/tutorial.py
[2023-01-15T13:06:37.649+0000] {logging_mixin.py:137} INFO - [2023-01-15T13:06:37.647+0000] {dag.py:2676} INFO - Sync 1 DAGs
[2023-01-15T13:06:37.719+0000] {logging_mixin.py:137} INFO - [2023-01-15T13:06:37.719+0000] {dag.py:3427} INFO - Setting next_dagrun for tutorial to 2023-01-14T13:06:37.719345+00:00, run_after=2023-01-15T13:06:37.719345+00:00
[2023-01-15T13:06:37.770+0000] {processor.py:175} INFO - Processing /home/airflow/.local/lib/python3.7/site-packages/airflow/example_dags/tutorial.py took 0.278 seconds
[2023-01-15T13:07:11.990+0000] {processor.py:153} INFO - Started process (PID=899) to work on /home/airflow/.local/lib/python3.7/site-packages/airflow/example_dags/tutorial.py
[2023-01-15T13:07:11.995+0000] {processor.py:743} INFO - Processing file /home/airflow/.local/lib/python3.7/site-packages/airflow/example_dags/tutorial.py for tasks to queue
[2023-01-15T13:07:12.000+0000] {logging_mixin.py:137} INFO - [2023-01-15T13:07:11.999+0000] {dagbag.py:538} INFO - Filling up the DagBag from /home/airflow/.local/lib/python3.7/site-packages/airflow/example_dags/tutorial.py
[2023-01-15T13:07:13.333+0000] {processor.py:753} INFO - DAG(s) dict_keys(['tutorial']) retrieved from /home/airflow/.local/lib/python3.7/site-packages/airflow/example_dags/tutorial.py
[2023-01-15T13:07:16.228+0000] {logging_mixin.py:137} INFO - [2023-01-15T13:07:16.209+0000] {dag.py:2676} INFO - Sync 1 DAGs
[2023-01-15T13:07:17.508+0000] {logging_mixin.py:137} INFO - [2023-01-15T13:07:17.506+0000] {dag.py:3427} INFO - Setting next_dagrun for tutorial to 2023-01-14T13:07:17.505928+00:00, run_after=2023-01-15T13:07:17.505928+00:00
[2023-01-15T13:07:17.867+0000] {processor.py:175} INFO - Processing /home/airflow/.local/lib/python3.7/site-packages/airflow/example_dags/tutorial.py took 5.900 seconds
[2023-01-15T13:07:56.117+0000] {processor.py:153} INFO - Started process (PID=948) to work on /home/airflow/.local/lib/python3.7/site-packages/airflow/example_dags/tutorial.py
[2023-01-15T13:07:56.131+0000] {processor.py:743} INFO - Processing file /home/airflow/.local/lib/python3.7/site-packages/airflow/example_dags/tutorial.py for tasks to queue
[2023-01-15T13:07:56.146+0000] {logging_mixin.py:137} INFO - [2023-01-15T13:07:56.146+0000] {dagbag.py:538} INFO - Filling up the DagBag from /home/airflow/.local/lib/python3.7/site-packages/airflow/example_dags/tutorial.py
[2023-01-15T13:07:56.518+0000] {processor.py:753} INFO - DAG(s) dict_keys(['tutorial']) retrieved from /home/airflow/.local/lib/python3.7/site-packages/airflow/example_dags/tutorial.py
[2023-01-15T13:07:57.276+0000] {logging_mixin.py:137} INFO - [2023-01-15T13:07:57.276+0000] {dag.py:2676} INFO - Sync 1 DAGs
[2023-01-15T13:07:57.832+0000] {logging_mixin.py:137} INFO - [2023-01-15T13:07:57.832+0000] {dag.py:3427} INFO - Setting next_dagrun for tutorial to 2023-01-14T13:07:57.819887+00:00, run_after=2023-01-15T13:07:57.819887+00:00
[2023-01-15T13:07:58.353+0000] {processor.py:175} INFO - Processing /home/airflow/.local/lib/python3.7/site-packages/airflow/example_dags/tutorial.py took 2.293 seconds
[2023-01-15T13:08:31.003+0000] {processor.py:153} INFO - Started process (PID=1004) to work on /home/airflow/.local/lib/python3.7/site-packages/airflow/example_dags/tutorial.py
[2023-01-15T13:08:31.005+0000] {processor.py:743} INFO - Processing file /home/airflow/.local/lib/python3.7/site-packages/airflow/example_dags/tutorial.py for tasks to queue
[2023-01-15T13:08:31.008+0000] {logging_mixin.py:137} INFO - [2023-01-15T13:08:31.008+0000] {dagbag.py:538} INFO - Filling up the DagBag from /home/airflow/.local/lib/python3.7/site-packages/airflow/example_dags/tutorial.py
[2023-01-15T13:08:31.075+0000] {processor.py:753} INFO - DAG(s) dict_keys(['tutorial']) retrieved from /home/airflow/.local/lib/python3.7/site-packages/airflow/example_dags/tutorial.py
[2023-01-15T13:08:31.292+0000] {logging_mixin.py:137} INFO - [2023-01-15T13:08:31.292+0000] {dag.py:2676} INFO - Sync 1 DAGs
[2023-01-15T13:08:31.404+0000] {logging_mixin.py:137} INFO - [2023-01-15T13:08:31.404+0000] {dag.py:3427} INFO - Setting next_dagrun for tutorial to 2023-01-14T13:08:31.403918+00:00, run_after=2023-01-15T13:08:31.403918+00:00
[2023-01-15T13:08:31.489+0000] {processor.py:175} INFO - Processing /home/airflow/.local/lib/python3.7/site-packages/airflow/example_dags/tutorial.py took 0.562 seconds
[2023-01-15T13:09:09.160+0000] {processor.py:153} INFO - Started process (PID=1053) to work on /home/airflow/.local/lib/python3.7/site-packages/airflow/example_dags/tutorial.py
[2023-01-15T13:09:09.167+0000] {processor.py:743} INFO - Processing file /home/airflow/.local/lib/python3.7/site-packages/airflow/example_dags/tutorial.py for tasks to queue
[2023-01-15T13:09:09.180+0000] {logging_mixin.py:137} INFO - [2023-01-15T13:09:09.180+0000] {dagbag.py:538} INFO - Filling up the DagBag from /home/airflow/.local/lib/python3.7/site-packages/airflow/example_dags/tutorial.py
[2023-01-15T13:09:09.543+0000] {processor.py:753} INFO - DAG(s) dict_keys(['tutorial']) retrieved from /home/airflow/.local/lib/python3.7/site-packages/airflow/example_dags/tutorial.py
[2023-01-15T13:09:10.009+0000] {logging_mixin.py:137} INFO - [2023-01-15T13:09:10.009+0000] {dag.py:2676} INFO - Sync 1 DAGs
[2023-01-15T13:09:10.283+0000] {logging_mixin.py:137} INFO - [2023-01-15T13:09:10.283+0000] {dag.py:3427} INFO - Setting next_dagrun for tutorial to 2023-01-14T13:09:10.278710+00:00, run_after=2023-01-15T13:09:10.278710+00:00
[2023-01-15T13:09:10.353+0000] {processor.py:175} INFO - Processing /home/airflow/.local/lib/python3.7/site-packages/airflow/example_dags/tutorial.py took 1.256 seconds
[2023-01-15T13:09:43.337+0000] {processor.py:153} INFO - Started process (PID=1107) to work on /home/airflow/.local/lib/python3.7/site-packages/airflow/example_dags/tutorial.py
[2023-01-15T13:09:43.351+0000] {processor.py:743} INFO - Processing file /home/airflow/.local/lib/python3.7/site-packages/airflow/example_dags/tutorial.py for tasks to queue
[2023-01-15T13:09:43.360+0000] {logging_mixin.py:137} INFO - [2023-01-15T13:09:43.360+0000] {dagbag.py:538} INFO - Filling up the DagBag from /home/airflow/.local/lib/python3.7/site-packages/airflow/example_dags/tutorial.py
[2023-01-15T13:09:43.724+0000] {processor.py:753} INFO - DAG(s) dict_keys(['tutorial']) retrieved from /home/airflow/.local/lib/python3.7/site-packages/airflow/example_dags/tutorial.py
[2023-01-15T13:09:44.300+0000] {logging_mixin.py:137} INFO - [2023-01-15T13:09:44.300+0000] {dag.py:2676} INFO - Sync 1 DAGs
[2023-01-15T13:09:44.626+0000] {logging_mixin.py:137} INFO - [2023-01-15T13:09:44.623+0000] {dag.py:3427} INFO - Setting next_dagrun for tutorial to 2023-01-14T13:09:44.623419+00:00, run_after=2023-01-15T13:09:44.623419+00:00
[2023-01-15T13:09:44.722+0000] {processor.py:175} INFO - Processing /home/airflow/.local/lib/python3.7/site-packages/airflow/example_dags/tutorial.py took 1.457 seconds
[2023-01-15T13:10:15.000+0000] {processor.py:153} INFO - Started process (PID=1156) to work on /home/airflow/.local/lib/python3.7/site-packages/airflow/example_dags/tutorial.py
[2023-01-15T13:10:15.005+0000] {processor.py:743} INFO - Processing file /home/airflow/.local/lib/python3.7/site-packages/airflow/example_dags/tutorial.py for tasks to queue
[2023-01-15T13:10:15.010+0000] {logging_mixin.py:137} INFO - [2023-01-15T13:10:15.010+0000] {dagbag.py:538} INFO - Filling up the DagBag from /home/airflow/.local/lib/python3.7/site-packages/airflow/example_dags/tutorial.py
[2023-01-15T13:10:15.086+0000] {processor.py:753} INFO - DAG(s) dict_keys(['tutorial']) retrieved from /home/airflow/.local/lib/python3.7/site-packages/airflow/example_dags/tutorial.py
[2023-01-15T13:10:15.254+0000] {logging_mixin.py:137} INFO - [2023-01-15T13:10:15.254+0000] {dag.py:2676} INFO - Sync 1 DAGs
[2023-01-15T13:10:15.390+0000] {logging_mixin.py:137} INFO - [2023-01-15T13:10:15.390+0000] {dag.py:3427} INFO - Setting next_dagrun for tutorial to 2023-01-14T13:10:15.390380+00:00, run_after=2023-01-15T13:10:15.390380+00:00
[2023-01-15T13:10:15.518+0000] {processor.py:175} INFO - Processing /home/airflow/.local/lib/python3.7/site-packages/airflow/example_dags/tutorial.py took 0.530 seconds
[2023-01-15T13:10:47.939+0000] {processor.py:153} INFO - Started process (PID=1212) to work on /home/airflow/.local/lib/python3.7/site-packages/airflow/example_dags/tutorial.py
[2023-01-15T13:10:47.943+0000] {processor.py:743} INFO - Processing file /home/airflow/.local/lib/python3.7/site-packages/airflow/example_dags/tutorial.py for tasks to queue
[2023-01-15T13:10:47.947+0000] {logging_mixin.py:137} INFO - [2023-01-15T13:10:47.947+0000] {dagbag.py:538} INFO - Filling up the DagBag from /home/airflow/.local/lib/python3.7/site-packages/airflow/example_dags/tutorial.py
[2023-01-15T13:10:48.023+0000] {processor.py:753} INFO - DAG(s) dict_keys(['tutorial']) retrieved from /home/airflow/.local/lib/python3.7/site-packages/airflow/example_dags/tutorial.py
[2023-01-15T13:10:48.195+0000] {logging_mixin.py:137} INFO - [2023-01-15T13:10:48.195+0000] {dag.py:2676} INFO - Sync 1 DAGs
[2023-01-15T13:10:48.314+0000] {logging_mixin.py:137} INFO - [2023-01-15T13:10:48.314+0000] {dag.py:3427} INFO - Setting next_dagrun for tutorial to 2023-01-14T13:10:48.313987+00:00, run_after=2023-01-15T13:10:48.313987+00:00
[2023-01-15T13:10:48.415+0000] {processor.py:175} INFO - Processing /home/airflow/.local/lib/python3.7/site-packages/airflow/example_dags/tutorial.py took 0.491 seconds
[2023-01-15T13:11:29.431+0000] {processor.py:153} INFO - Started process (PID=1265) to work on /home/airflow/.local/lib/python3.7/site-packages/airflow/example_dags/tutorial.py
[2023-01-15T13:11:29.440+0000] {processor.py:743} INFO - Processing file /home/airflow/.local/lib/python3.7/site-packages/airflow/example_dags/tutorial.py for tasks to queue
[2023-01-15T13:11:29.443+0000] {logging_mixin.py:137} INFO - [2023-01-15T13:11:29.443+0000] {dagbag.py:538} INFO - Filling up the DagBag from /home/airflow/.local/lib/python3.7/site-packages/airflow/example_dags/tutorial.py
[2023-01-15T13:11:29.522+0000] {processor.py:753} INFO - DAG(s) dict_keys(['tutorial']) retrieved from /home/airflow/.local/lib/python3.7/site-packages/airflow/example_dags/tutorial.py
[2023-01-15T13:11:29.859+0000] {logging_mixin.py:137} INFO - [2023-01-15T13:11:29.858+0000] {dag.py:2676} INFO - Sync 1 DAGs
[2023-01-15T13:11:30.129+0000] {logging_mixin.py:137} INFO - [2023-01-15T13:11:30.129+0000] {dag.py:3427} INFO - Setting next_dagrun for tutorial to 2023-01-14T13:11:30.125079+00:00, run_after=2023-01-15T13:11:30.125079+00:00
[2023-01-15T13:11:30.320+0000] {processor.py:175} INFO - Processing /home/airflow/.local/lib/python3.7/site-packages/airflow/example_dags/tutorial.py took 0.906 seconds
[2023-01-15T13:12:05.178+0000] {processor.py:153} INFO - Started process (PID=1309) to work on /home/airflow/.local/lib/python3.7/site-packages/airflow/example_dags/tutorial.py
[2023-01-15T13:12:05.199+0000] {processor.py:743} INFO - Processing file /home/airflow/.local/lib/python3.7/site-packages/airflow/example_dags/tutorial.py for tasks to queue
[2023-01-15T13:12:05.223+0000] {logging_mixin.py:137} INFO - [2023-01-15T13:12:05.216+0000] {dagbag.py:538} INFO - Filling up the DagBag from /home/airflow/.local/lib/python3.7/site-packages/airflow/example_dags/tutorial.py
[2023-01-15T13:12:05.871+0000] {processor.py:753} INFO - DAG(s) dict_keys(['tutorial']) retrieved from /home/airflow/.local/lib/python3.7/site-packages/airflow/example_dags/tutorial.py
[2023-01-15T13:12:08.320+0000] {logging_mixin.py:137} INFO - [2023-01-15T13:12:08.320+0000] {dag.py:2676} INFO - Sync 1 DAGs
[2023-01-15T13:12:09.483+0000] {logging_mixin.py:137} INFO - [2023-01-15T13:12:09.482+0000] {dag.py:3427} INFO - Setting next_dagrun for tutorial to 2023-01-14T13:12:09.482320+00:00, run_after=2023-01-15T13:12:09.482320+00:00
[2023-01-15T13:12:09.769+0000] {processor.py:175} INFO - Processing /home/airflow/.local/lib/python3.7/site-packages/airflow/example_dags/tutorial.py took 4.857 seconds
[2023-01-15T13:12:42.438+0000] {processor.py:153} INFO - Started process (PID=1360) to work on /home/airflow/.local/lib/python3.7/site-packages/airflow/example_dags/tutorial.py
[2023-01-15T13:12:42.449+0000] {processor.py:743} INFO - Processing file /home/airflow/.local/lib/python3.7/site-packages/airflow/example_dags/tutorial.py for tasks to queue
[2023-01-15T13:12:42.451+0000] {logging_mixin.py:137} INFO - [2023-01-15T13:12:42.450+0000] {dagbag.py:538} INFO - Filling up the DagBag from /home/airflow/.local/lib/python3.7/site-packages/airflow/example_dags/tutorial.py
[2023-01-15T13:12:42.564+0000] {processor.py:753} INFO - DAG(s) dict_keys(['tutorial']) retrieved from /home/airflow/.local/lib/python3.7/site-packages/airflow/example_dags/tutorial.py
[2023-01-15T13:12:42.793+0000] {logging_mixin.py:137} INFO - [2023-01-15T13:12:42.793+0000] {dag.py:2676} INFO - Sync 1 DAGs
[2023-01-15T13:12:42.965+0000] {logging_mixin.py:137} INFO - [2023-01-15T13:12:42.965+0000] {dag.py:3427} INFO - Setting next_dagrun for tutorial to 2023-01-14T13:12:42.965408+00:00, run_after=2023-01-15T13:12:42.965408+00:00
[2023-01-15T13:12:43.096+0000] {processor.py:175} INFO - Processing /home/airflow/.local/lib/python3.7/site-packages/airflow/example_dags/tutorial.py took 0.688 seconds
[2023-01-15T13:13:21.106+0000] {processor.py:153} INFO - Started process (PID=1405) to work on /home/airflow/.local/lib/python3.7/site-packages/airflow/example_dags/tutorial.py
[2023-01-15T13:13:21.125+0000] {processor.py:743} INFO - Processing file /home/airflow/.local/lib/python3.7/site-packages/airflow/example_dags/tutorial.py for tasks to queue
[2023-01-15T13:13:21.133+0000] {logging_mixin.py:137} INFO - [2023-01-15T13:13:21.133+0000] {dagbag.py:538} INFO - Filling up the DagBag from /home/airflow/.local/lib/python3.7/site-packages/airflow/example_dags/tutorial.py
[2023-01-15T13:13:22.479+0000] {processor.py:753} INFO - DAG(s) dict_keys(['tutorial']) retrieved from /home/airflow/.local/lib/python3.7/site-packages/airflow/example_dags/tutorial.py
[2023-01-15T13:13:25.105+0000] {logging_mixin.py:137} INFO - [2023-01-15T13:13:25.105+0000] {dag.py:2676} INFO - Sync 1 DAGs
[2023-01-15T13:13:25.687+0000] {logging_mixin.py:137} INFO - [2023-01-15T13:13:25.687+0000] {dag.py:3427} INFO - Setting next_dagrun for tutorial to 2023-01-14T13:13:25.671885+00:00, run_after=2023-01-15T13:13:25.671885+00:00
[2023-01-15T13:13:26.157+0000] {processor.py:175} INFO - Processing /home/airflow/.local/lib/python3.7/site-packages/airflow/example_dags/tutorial.py took 5.110 seconds
[2023-01-15T13:13:57.198+0000] {processor.py:153} INFO - Started process (PID=1461) to work on /home/airflow/.local/lib/python3.7/site-packages/airflow/example_dags/tutorial.py
[2023-01-15T13:13:57.205+0000] {processor.py:743} INFO - Processing file /home/airflow/.local/lib/python3.7/site-packages/airflow/example_dags/tutorial.py for tasks to queue
[2023-01-15T13:13:57.211+0000] {logging_mixin.py:137} INFO - [2023-01-15T13:13:57.211+0000] {dagbag.py:538} INFO - Filling up the DagBag from /home/airflow/.local/lib/python3.7/site-packages/airflow/example_dags/tutorial.py
[2023-01-15T13:13:57.438+0000] {processor.py:753} INFO - DAG(s) dict_keys(['tutorial']) retrieved from /home/airflow/.local/lib/python3.7/site-packages/airflow/example_dags/tutorial.py
[2023-01-15T13:13:57.752+0000] {logging_mixin.py:137} INFO - [2023-01-15T13:13:57.751+0000] {dag.py:2676} INFO - Sync 1 DAGs
[2023-01-15T13:13:58.017+0000] {logging_mixin.py:137} INFO - [2023-01-15T13:13:58.017+0000] {dag.py:3427} INFO - Setting next_dagrun for tutorial to 2023-01-14T13:13:58.017242+00:00, run_after=2023-01-15T13:13:58.017242+00:00
[2023-01-15T13:13:58.197+0000] {processor.py:175} INFO - Processing /home/airflow/.local/lib/python3.7/site-packages/airflow/example_dags/tutorial.py took 1.031 seconds
[2023-01-15T13:14:28.645+0000] {processor.py:153} INFO - Started process (PID=1517) to work on /home/airflow/.local/lib/python3.7/site-packages/airflow/example_dags/tutorial.py
[2023-01-15T13:14:28.652+0000] {processor.py:743} INFO - Processing file /home/airflow/.local/lib/python3.7/site-packages/airflow/example_dags/tutorial.py for tasks to queue
[2023-01-15T13:14:28.659+0000] {logging_mixin.py:137} INFO - [2023-01-15T13:14:28.659+0000] {dagbag.py:538} INFO - Filling up the DagBag from /home/airflow/.local/lib/python3.7/site-packages/airflow/example_dags/tutorial.py
[2023-01-15T13:14:28.775+0000] {processor.py:753} INFO - DAG(s) dict_keys(['tutorial']) retrieved from /home/airflow/.local/lib/python3.7/site-packages/airflow/example_dags/tutorial.py
[2023-01-15T13:14:29.232+0000] {logging_mixin.py:137} INFO - [2023-01-15T13:14:29.232+0000] {dag.py:2676} INFO - Sync 1 DAGs
[2023-01-15T13:14:29.392+0000] {logging_mixin.py:137} INFO - [2023-01-15T13:14:29.392+0000] {dag.py:3427} INFO - Setting next_dagrun for tutorial to 2023-01-14T13:14:29.391672+00:00, run_after=2023-01-15T13:14:29.391672+00:00
[2023-01-15T13:14:29.503+0000] {processor.py:175} INFO - Processing /home/airflow/.local/lib/python3.7/site-packages/airflow/example_dags/tutorial.py took 0.882 seconds
[2023-01-15T13:15:00.188+0000] {processor.py:153} INFO - Started process (PID=1564) to work on /home/airflow/.local/lib/python3.7/site-packages/airflow/example_dags/tutorial.py
[2023-01-15T13:15:00.191+0000] {processor.py:743} INFO - Processing file /home/airflow/.local/lib/python3.7/site-packages/airflow/example_dags/tutorial.py for tasks to queue
[2023-01-15T13:15:00.195+0000] {logging_mixin.py:137} INFO - [2023-01-15T13:15:00.195+0000] {dagbag.py:538} INFO - Filling up the DagBag from /home/airflow/.local/lib/python3.7/site-packages/airflow/example_dags/tutorial.py
[2023-01-15T13:15:00.217+0000] {processor.py:753} INFO - DAG(s) dict_keys(['tutorial']) retrieved from /home/airflow/.local/lib/python3.7/site-packages/airflow/example_dags/tutorial.py
[2023-01-15T13:15:00.277+0000] {logging_mixin.py:137} INFO - [2023-01-15T13:15:00.276+0000] {dag.py:2676} INFO - Sync 1 DAGs
[2023-01-15T13:15:00.312+0000] {logging_mixin.py:137} INFO - [2023-01-15T13:15:00.312+0000] {dag.py:3427} INFO - Setting next_dagrun for tutorial to 2023-01-14T13:15:00.312058+00:00, run_after=2023-01-15T13:15:00.312058+00:00
[2023-01-15T13:15:00.358+0000] {processor.py:175} INFO - Processing /home/airflow/.local/lib/python3.7/site-packages/airflow/example_dags/tutorial.py took 0.175 seconds
[2023-01-15T13:15:31.097+0000] {processor.py:153} INFO - Started process (PID=1620) to work on /home/airflow/.local/lib/python3.7/site-packages/airflow/example_dags/tutorial.py
[2023-01-15T13:15:31.105+0000] {processor.py:743} INFO - Processing file /home/airflow/.local/lib/python3.7/site-packages/airflow/example_dags/tutorial.py for tasks to queue
[2023-01-15T13:15:31.110+0000] {logging_mixin.py:137} INFO - [2023-01-15T13:15:31.109+0000] {dagbag.py:538} INFO - Filling up the DagBag from /home/airflow/.local/lib/python3.7/site-packages/airflow/example_dags/tutorial.py
[2023-01-15T13:15:31.203+0000] {processor.py:753} INFO - DAG(s) dict_keys(['tutorial']) retrieved from /home/airflow/.local/lib/python3.7/site-packages/airflow/example_dags/tutorial.py
[2023-01-15T13:15:31.477+0000] {logging_mixin.py:137} INFO - [2023-01-15T13:15:31.477+0000] {dag.py:2676} INFO - Sync 1 DAGs
[2023-01-15T13:15:31.603+0000] {logging_mixin.py:137} INFO - [2023-01-15T13:15:31.603+0000] {dag.py:3427} INFO - Setting next_dagrun for tutorial to 2023-01-14T13:15:31.603058+00:00, run_after=2023-01-15T13:15:31.603058+00:00
[2023-01-15T13:15:31.762+0000] {processor.py:175} INFO - Processing /home/airflow/.local/lib/python3.7/site-packages/airflow/example_dags/tutorial.py took 0.687 seconds
[2023-01-15T13:43:32.402+0000] {processor.py:153} INFO - Started process (PID=59) to work on /home/airflow/.local/lib/python3.7/site-packages/airflow/example_dags/tutorial.py
[2023-01-15T13:43:32.424+0000] {processor.py:743} INFO - Processing file /home/airflow/.local/lib/python3.7/site-packages/airflow/example_dags/tutorial.py for tasks to queue
[2023-01-15T13:43:32.439+0000] {logging_mixin.py:137} INFO - [2023-01-15T13:43:32.439+0000] {dagbag.py:538} INFO - Filling up the DagBag from /home/airflow/.local/lib/python3.7/site-packages/airflow/example_dags/tutorial.py
[2023-01-15T13:43:32.783+0000] {processor.py:753} INFO - DAG(s) dict_keys(['tutorial']) retrieved from /home/airflow/.local/lib/python3.7/site-packages/airflow/example_dags/tutorial.py
[2023-01-15T13:43:33.160+0000] {logging_mixin.py:137} INFO - [2023-01-15T13:43:33.160+0000] {dag.py:2676} INFO - Sync 1 DAGs
[2023-01-15T13:43:33.415+0000] {logging_mixin.py:137} INFO - [2023-01-15T13:43:33.414+0000] {dag.py:3427} INFO - Setting next_dagrun for tutorial to 2023-01-14T13:43:33.414579+00:00, run_after=2023-01-15T13:43:33.414579+00:00
[2023-01-15T13:43:33.607+0000] {processor.py:175} INFO - Processing /home/airflow/.local/lib/python3.7/site-packages/airflow/example_dags/tutorial.py took 1.280 seconds
[2023-01-15T13:44:32.868+0000] {processor.py:153} INFO - Started process (PID=124) to work on /home/airflow/.local/lib/python3.7/site-packages/airflow/example_dags/tutorial.py
[2023-01-15T13:44:32.895+0000] {processor.py:743} INFO - Processing file /home/airflow/.local/lib/python3.7/site-packages/airflow/example_dags/tutorial.py for tasks to queue
[2023-01-15T13:44:32.906+0000] {logging_mixin.py:137} INFO - [2023-01-15T13:44:32.905+0000] {dagbag.py:538} INFO - Filling up the DagBag from /home/airflow/.local/lib/python3.7/site-packages/airflow/example_dags/tutorial.py
[2023-01-15T13:44:33.180+0000] {processor.py:753} INFO - DAG(s) dict_keys(['tutorial']) retrieved from /home/airflow/.local/lib/python3.7/site-packages/airflow/example_dags/tutorial.py
[2023-01-15T13:44:34.079+0000] {logging_mixin.py:137} INFO - [2023-01-15T13:44:34.071+0000] {dag.py:2676} INFO - Sync 1 DAGs
[2023-01-15T13:44:34.647+0000] {logging_mixin.py:137} INFO - [2023-01-15T13:44:34.646+0000] {dag.py:3427} INFO - Setting next_dagrun for tutorial to 2023-01-14T13:44:34.639973+00:00, run_after=2023-01-15T13:44:34.639973+00:00
[2023-01-15T13:44:34.802+0000] {processor.py:175} INFO - Processing /home/airflow/.local/lib/python3.7/site-packages/airflow/example_dags/tutorial.py took 1.995 seconds
[2023-01-15T13:45:35.564+0000] {processor.py:153} INFO - Started process (PID=178) to work on /home/airflow/.local/lib/python3.7/site-packages/airflow/example_dags/tutorial.py
[2023-01-15T13:45:35.571+0000] {processor.py:743} INFO - Processing file /home/airflow/.local/lib/python3.7/site-packages/airflow/example_dags/tutorial.py for tasks to queue
[2023-01-15T13:45:35.575+0000] {logging_mixin.py:137} INFO - [2023-01-15T13:45:35.575+0000] {dagbag.py:538} INFO - Filling up the DagBag from /home/airflow/.local/lib/python3.7/site-packages/airflow/example_dags/tutorial.py
[2023-01-15T13:45:35.707+0000] {processor.py:753} INFO - DAG(s) dict_keys(['tutorial']) retrieved from /home/airflow/.local/lib/python3.7/site-packages/airflow/example_dags/tutorial.py
[2023-01-15T13:45:35.948+0000] {logging_mixin.py:137} INFO - [2023-01-15T13:45:35.948+0000] {dag.py:2676} INFO - Sync 1 DAGs
[2023-01-15T13:45:36.106+0000] {logging_mixin.py:137} INFO - [2023-01-15T13:45:36.106+0000] {dag.py:3427} INFO - Setting next_dagrun for tutorial to 2023-01-14T13:45:36.106318+00:00, run_after=2023-01-15T13:45:36.106318+00:00
[2023-01-15T13:45:36.218+0000] {processor.py:175} INFO - Processing /home/airflow/.local/lib/python3.7/site-packages/airflow/example_dags/tutorial.py took 0.677 seconds
[2023-01-15T13:46:10.973+0000] {processor.py:153} INFO - Started process (PID=229) to work on /home/airflow/.local/lib/python3.7/site-packages/airflow/example_dags/tutorial.py
[2023-01-15T13:46:10.988+0000] {processor.py:743} INFO - Processing file /home/airflow/.local/lib/python3.7/site-packages/airflow/example_dags/tutorial.py for tasks to queue
[2023-01-15T13:46:10.995+0000] {logging_mixin.py:137} INFO - [2023-01-15T13:46:10.995+0000] {dagbag.py:538} INFO - Filling up the DagBag from /home/airflow/.local/lib/python3.7/site-packages/airflow/example_dags/tutorial.py
[2023-01-15T13:46:11.124+0000] {processor.py:753} INFO - DAG(s) dict_keys(['tutorial']) retrieved from /home/airflow/.local/lib/python3.7/site-packages/airflow/example_dags/tutorial.py
[2023-01-15T13:46:11.419+0000] {logging_mixin.py:137} INFO - [2023-01-15T13:46:11.419+0000] {dag.py:2676} INFO - Sync 1 DAGs
[2023-01-15T13:46:11.705+0000] {logging_mixin.py:137} INFO - [2023-01-15T13:46:11.705+0000] {dag.py:3427} INFO - Setting next_dagrun for tutorial to 2023-01-14T13:46:11.704779+00:00, run_after=2023-01-15T13:46:11.704779+00:00
[2023-01-15T13:46:11.844+0000] {processor.py:175} INFO - Processing /home/airflow/.local/lib/python3.7/site-packages/airflow/example_dags/tutorial.py took 0.896 seconds
[2023-01-15T13:46:42.259+0000] {processor.py:153} INFO - Started process (PID=285) to work on /home/airflow/.local/lib/python3.7/site-packages/airflow/example_dags/tutorial.py
[2023-01-15T13:46:42.275+0000] {processor.py:743} INFO - Processing file /home/airflow/.local/lib/python3.7/site-packages/airflow/example_dags/tutorial.py for tasks to queue
[2023-01-15T13:46:42.277+0000] {logging_mixin.py:137} INFO - [2023-01-15T13:46:42.277+0000] {dagbag.py:538} INFO - Filling up the DagBag from /home/airflow/.local/lib/python3.7/site-packages/airflow/example_dags/tutorial.py
[2023-01-15T13:46:42.413+0000] {processor.py:753} INFO - DAG(s) dict_keys(['tutorial']) retrieved from /home/airflow/.local/lib/python3.7/site-packages/airflow/example_dags/tutorial.py
[2023-01-15T13:46:42.714+0000] {logging_mixin.py:137} INFO - [2023-01-15T13:46:42.714+0000] {dag.py:2676} INFO - Sync 1 DAGs
[2023-01-15T13:46:42.910+0000] {logging_mixin.py:137} INFO - [2023-01-15T13:46:42.909+0000] {dag.py:3427} INFO - Setting next_dagrun for tutorial to 2023-01-14T13:46:42.909675+00:00, run_after=2023-01-15T13:46:42.909675+00:00
[2023-01-15T13:46:43.048+0000] {processor.py:175} INFO - Processing /home/airflow/.local/lib/python3.7/site-packages/airflow/example_dags/tutorial.py took 0.826 seconds
[2023-01-15T13:47:13.388+0000] {processor.py:153} INFO - Started process (PID=331) to work on /home/airflow/.local/lib/python3.7/site-packages/airflow/example_dags/tutorial.py
[2023-01-15T13:47:13.392+0000] {processor.py:743} INFO - Processing file /home/airflow/.local/lib/python3.7/site-packages/airflow/example_dags/tutorial.py for tasks to queue
[2023-01-15T13:47:13.394+0000] {logging_mixin.py:137} INFO - [2023-01-15T13:47:13.394+0000] {dagbag.py:538} INFO - Filling up the DagBag from /home/airflow/.local/lib/python3.7/site-packages/airflow/example_dags/tutorial.py
[2023-01-15T13:47:13.432+0000] {processor.py:753} INFO - DAG(s) dict_keys(['tutorial']) retrieved from /home/airflow/.local/lib/python3.7/site-packages/airflow/example_dags/tutorial.py
[2023-01-15T13:47:13.546+0000] {logging_mixin.py:137} INFO - [2023-01-15T13:47:13.546+0000] {dag.py:2676} INFO - Sync 1 DAGs
[2023-01-15T13:47:13.612+0000] {logging_mixin.py:137} INFO - [2023-01-15T13:47:13.612+0000] {dag.py:3427} INFO - Setting next_dagrun for tutorial to 2023-01-14T13:47:13.611999+00:00, run_after=2023-01-15T13:47:13.611999+00:00
[2023-01-15T13:47:13.665+0000] {processor.py:175} INFO - Processing /home/airflow/.local/lib/python3.7/site-packages/airflow/example_dags/tutorial.py took 0.286 seconds
[2023-01-15T13:47:43.809+0000] {processor.py:153} INFO - Started process (PID=387) to work on /home/airflow/.local/lib/python3.7/site-packages/airflow/example_dags/tutorial.py
[2023-01-15T13:47:43.817+0000] {processor.py:743} INFO - Processing file /home/airflow/.local/lib/python3.7/site-packages/airflow/example_dags/tutorial.py for tasks to queue
[2023-01-15T13:47:43.819+0000] {logging_mixin.py:137} INFO - [2023-01-15T13:47:43.819+0000] {dagbag.py:538} INFO - Filling up the DagBag from /home/airflow/.local/lib/python3.7/site-packages/airflow/example_dags/tutorial.py
[2023-01-15T13:47:43.921+0000] {processor.py:753} INFO - DAG(s) dict_keys(['tutorial']) retrieved from /home/airflow/.local/lib/python3.7/site-packages/airflow/example_dags/tutorial.py
[2023-01-15T13:47:44.162+0000] {logging_mixin.py:137} INFO - [2023-01-15T13:47:44.162+0000] {dag.py:2676} INFO - Sync 1 DAGs
[2023-01-15T13:47:44.318+0000] {logging_mixin.py:137} INFO - [2023-01-15T13:47:44.313+0000] {dag.py:3427} INFO - Setting next_dagrun for tutorial to 2023-01-14T13:47:44.313546+00:00, run_after=2023-01-15T13:47:44.313546+00:00
[2023-01-15T13:47:44.405+0000] {processor.py:175} INFO - Processing /home/airflow/.local/lib/python3.7/site-packages/airflow/example_dags/tutorial.py took 0.612 seconds
[2023-01-15T13:48:15.696+0000] {processor.py:153} INFO - Started process (PID=442) to work on /home/airflow/.local/lib/python3.7/site-packages/airflow/example_dags/tutorial.py
[2023-01-15T13:48:15.705+0000] {processor.py:743} INFO - Processing file /home/airflow/.local/lib/python3.7/site-packages/airflow/example_dags/tutorial.py for tasks to queue
[2023-01-15T13:48:15.707+0000] {logging_mixin.py:137} INFO - [2023-01-15T13:48:15.707+0000] {dagbag.py:538} INFO - Filling up the DagBag from /home/airflow/.local/lib/python3.7/site-packages/airflow/example_dags/tutorial.py
[2023-01-15T13:48:15.792+0000] {processor.py:753} INFO - DAG(s) dict_keys(['tutorial']) retrieved from /home/airflow/.local/lib/python3.7/site-packages/airflow/example_dags/tutorial.py
[2023-01-15T13:48:15.904+0000] {logging_mixin.py:137} INFO - [2023-01-15T13:48:15.904+0000] {dag.py:2676} INFO - Sync 1 DAGs
[2023-01-15T13:48:15.960+0000] {logging_mixin.py:137} INFO - [2023-01-15T13:48:15.960+0000] {dag.py:3427} INFO - Setting next_dagrun for tutorial to 2023-01-14T13:48:15.959788+00:00, run_after=2023-01-15T13:48:15.959788+00:00
[2023-01-15T13:48:16.007+0000] {processor.py:175} INFO - Processing /home/airflow/.local/lib/python3.7/site-packages/airflow/example_dags/tutorial.py took 0.332 seconds
[2023-01-15T13:48:46.097+0000] {processor.py:153} INFO - Started process (PID=496) to work on /home/airflow/.local/lib/python3.7/site-packages/airflow/example_dags/tutorial.py
[2023-01-15T13:48:46.099+0000] {processor.py:743} INFO - Processing file /home/airflow/.local/lib/python3.7/site-packages/airflow/example_dags/tutorial.py for tasks to queue
[2023-01-15T13:48:46.100+0000] {logging_mixin.py:137} INFO - [2023-01-15T13:48:46.100+0000] {dagbag.py:538} INFO - Filling up the DagBag from /home/airflow/.local/lib/python3.7/site-packages/airflow/example_dags/tutorial.py
[2023-01-15T13:48:46.118+0000] {processor.py:753} INFO - DAG(s) dict_keys(['tutorial']) retrieved from /home/airflow/.local/lib/python3.7/site-packages/airflow/example_dags/tutorial.py
[2023-01-15T13:48:46.165+0000] {logging_mixin.py:137} INFO - [2023-01-15T13:48:46.165+0000] {dag.py:2676} INFO - Sync 1 DAGs
[2023-01-15T13:48:46.196+0000] {logging_mixin.py:137} INFO - [2023-01-15T13:48:46.196+0000] {dag.py:3427} INFO - Setting next_dagrun for tutorial to 2023-01-14T13:48:46.196382+00:00, run_after=2023-01-15T13:48:46.196382+00:00
[2023-01-15T13:48:46.234+0000] {processor.py:175} INFO - Processing /home/airflow/.local/lib/python3.7/site-packages/airflow/example_dags/tutorial.py took 0.142 seconds
[2023-01-15T13:49:16.731+0000] {processor.py:153} INFO - Started process (PID=552) to work on /home/airflow/.local/lib/python3.7/site-packages/airflow/example_dags/tutorial.py
[2023-01-15T13:49:16.736+0000] {processor.py:743} INFO - Processing file /home/airflow/.local/lib/python3.7/site-packages/airflow/example_dags/tutorial.py for tasks to queue
[2023-01-15T13:49:16.738+0000] {logging_mixin.py:137} INFO - [2023-01-15T13:49:16.737+0000] {dagbag.py:538} INFO - Filling up the DagBag from /home/airflow/.local/lib/python3.7/site-packages/airflow/example_dags/tutorial.py
[2023-01-15T13:49:16.778+0000] {processor.py:753} INFO - DAG(s) dict_keys(['tutorial']) retrieved from /home/airflow/.local/lib/python3.7/site-packages/airflow/example_dags/tutorial.py
[2023-01-15T13:49:16.869+0000] {logging_mixin.py:137} INFO - [2023-01-15T13:49:16.869+0000] {dag.py:2676} INFO - Sync 1 DAGs
[2023-01-15T13:49:16.931+0000] {logging_mixin.py:137} INFO - [2023-01-15T13:49:16.931+0000] {dag.py:3427} INFO - Setting next_dagrun for tutorial to 2023-01-14T13:49:16.930778+00:00, run_after=2023-01-15T13:49:16.930778+00:00
[2023-01-15T13:49:16.982+0000] {processor.py:175} INFO - Processing /home/airflow/.local/lib/python3.7/site-packages/airflow/example_dags/tutorial.py took 0.258 seconds
[2023-01-15T13:49:48.690+0000] {processor.py:153} INFO - Started process (PID=608) to work on /home/airflow/.local/lib/python3.7/site-packages/airflow/example_dags/tutorial.py
[2023-01-15T13:49:48.697+0000] {processor.py:743} INFO - Processing file /home/airflow/.local/lib/python3.7/site-packages/airflow/example_dags/tutorial.py for tasks to queue
[2023-01-15T13:49:48.700+0000] {logging_mixin.py:137} INFO - [2023-01-15T13:49:48.700+0000] {dagbag.py:538} INFO - Filling up the DagBag from /home/airflow/.local/lib/python3.7/site-packages/airflow/example_dags/tutorial.py
[2023-01-15T13:49:48.774+0000] {processor.py:753} INFO - DAG(s) dict_keys(['tutorial']) retrieved from /home/airflow/.local/lib/python3.7/site-packages/airflow/example_dags/tutorial.py
[2023-01-15T13:49:49.065+0000] {logging_mixin.py:137} INFO - [2023-01-15T13:49:49.065+0000] {dag.py:2676} INFO - Sync 1 DAGs
[2023-01-15T13:49:49.274+0000] {logging_mixin.py:137} INFO - [2023-01-15T13:49:49.274+0000] {dag.py:3427} INFO - Setting next_dagrun for tutorial to 2023-01-14T13:49:49.266843+00:00, run_after=2023-01-15T13:49:49.266843+00:00
[2023-01-15T13:49:49.386+0000] {processor.py:175} INFO - Processing /home/airflow/.local/lib/python3.7/site-packages/airflow/example_dags/tutorial.py took 0.711 seconds
[2023-01-15T13:50:20.923+0000] {processor.py:153} INFO - Started process (PID=664) to work on /home/airflow/.local/lib/python3.7/site-packages/airflow/example_dags/tutorial.py
[2023-01-15T13:50:20.954+0000] {processor.py:743} INFO - Processing file /home/airflow/.local/lib/python3.7/site-packages/airflow/example_dags/tutorial.py for tasks to queue
[2023-01-15T13:50:20.956+0000] {logging_mixin.py:137} INFO - [2023-01-15T13:50:20.956+0000] {dagbag.py:538} INFO - Filling up the DagBag from /home/airflow/.local/lib/python3.7/site-packages/airflow/example_dags/tutorial.py
[2023-01-15T13:50:21.083+0000] {processor.py:753} INFO - DAG(s) dict_keys(['tutorial']) retrieved from /home/airflow/.local/lib/python3.7/site-packages/airflow/example_dags/tutorial.py
[2023-01-15T13:50:21.358+0000] {logging_mixin.py:137} INFO - [2023-01-15T13:50:21.357+0000] {dag.py:2676} INFO - Sync 1 DAGs
[2023-01-15T13:50:21.575+0000] {logging_mixin.py:137} INFO - [2023-01-15T13:50:21.565+0000] {dag.py:3427} INFO - Setting next_dagrun for tutorial to 2023-01-14T13:50:21.565037+00:00, run_after=2023-01-15T13:50:21.565037+00:00
[2023-01-15T13:50:21.790+0000] {processor.py:175} INFO - Processing /home/airflow/.local/lib/python3.7/site-packages/airflow/example_dags/tutorial.py took 0.871 seconds
[2023-01-15T13:50:52.160+0000] {processor.py:153} INFO - Started process (PID=720) to work on /home/airflow/.local/lib/python3.7/site-packages/airflow/example_dags/tutorial.py
[2023-01-15T13:50:52.179+0000] {processor.py:743} INFO - Processing file /home/airflow/.local/lib/python3.7/site-packages/airflow/example_dags/tutorial.py for tasks to queue
[2023-01-15T13:50:52.187+0000] {logging_mixin.py:137} INFO - [2023-01-15T13:50:52.187+0000] {dagbag.py:538} INFO - Filling up the DagBag from /home/airflow/.local/lib/python3.7/site-packages/airflow/example_dags/tutorial.py
[2023-01-15T13:50:52.320+0000] {processor.py:753} INFO - DAG(s) dict_keys(['tutorial']) retrieved from /home/airflow/.local/lib/python3.7/site-packages/airflow/example_dags/tutorial.py
[2023-01-15T13:50:52.477+0000] {logging_mixin.py:137} INFO - [2023-01-15T13:50:52.477+0000] {dag.py:2676} INFO - Sync 1 DAGs
[2023-01-15T13:50:52.579+0000] {logging_mixin.py:137} INFO - [2023-01-15T13:50:52.579+0000] {dag.py:3427} INFO - Setting next_dagrun for tutorial to 2023-01-14T13:50:52.579230+00:00, run_after=2023-01-15T13:50:52.579230+00:00
[2023-01-15T13:50:52.669+0000] {processor.py:175} INFO - Processing /home/airflow/.local/lib/python3.7/site-packages/airflow/example_dags/tutorial.py took 0.529 seconds
[2023-01-15T13:51:23.873+0000] {processor.py:153} INFO - Started process (PID=776) to work on /home/airflow/.local/lib/python3.7/site-packages/airflow/example_dags/tutorial.py
[2023-01-15T13:51:23.875+0000] {processor.py:743} INFO - Processing file /home/airflow/.local/lib/python3.7/site-packages/airflow/example_dags/tutorial.py for tasks to queue
[2023-01-15T13:51:23.880+0000] {logging_mixin.py:137} INFO - [2023-01-15T13:51:23.880+0000] {dagbag.py:538} INFO - Filling up the DagBag from /home/airflow/.local/lib/python3.7/site-packages/airflow/example_dags/tutorial.py
[2023-01-15T13:51:23.934+0000] {processor.py:753} INFO - DAG(s) dict_keys(['tutorial']) retrieved from /home/airflow/.local/lib/python3.7/site-packages/airflow/example_dags/tutorial.py
[2023-01-15T13:51:24.038+0000] {logging_mixin.py:137} INFO - [2023-01-15T13:51:24.038+0000] {dag.py:2676} INFO - Sync 1 DAGs
[2023-01-15T13:51:24.143+0000] {logging_mixin.py:137} INFO - [2023-01-15T13:51:24.143+0000] {dag.py:3427} INFO - Setting next_dagrun for tutorial to 2023-01-14T13:51:24.138779+00:00, run_after=2023-01-15T13:51:24.138779+00:00
[2023-01-15T13:51:24.251+0000] {processor.py:175} INFO - Processing /home/airflow/.local/lib/python3.7/site-packages/airflow/example_dags/tutorial.py took 0.386 seconds
[2023-01-15T13:51:55.832+0000] {processor.py:153} INFO - Started process (PID=832) to work on /home/airflow/.local/lib/python3.7/site-packages/airflow/example_dags/tutorial.py
[2023-01-15T13:51:55.839+0000] {processor.py:743} INFO - Processing file /home/airflow/.local/lib/python3.7/site-packages/airflow/example_dags/tutorial.py for tasks to queue
[2023-01-15T13:51:55.842+0000] {logging_mixin.py:137} INFO - [2023-01-15T13:51:55.842+0000] {dagbag.py:538} INFO - Filling up the DagBag from /home/airflow/.local/lib/python3.7/site-packages/airflow/example_dags/tutorial.py
[2023-01-15T13:51:56.026+0000] {processor.py:753} INFO - DAG(s) dict_keys(['tutorial']) retrieved from /home/airflow/.local/lib/python3.7/site-packages/airflow/example_dags/tutorial.py
[2023-01-15T13:51:56.128+0000] {logging_mixin.py:137} INFO - [2023-01-15T13:51:56.127+0000] {dag.py:2676} INFO - Sync 1 DAGs
[2023-01-15T13:51:56.191+0000] {logging_mixin.py:137} INFO - [2023-01-15T13:51:56.189+0000] {dag.py:3427} INFO - Setting next_dagrun for tutorial to 2023-01-14T13:51:56.188941+00:00, run_after=2023-01-15T13:51:56.188941+00:00
[2023-01-15T13:51:56.252+0000] {processor.py:175} INFO - Processing /home/airflow/.local/lib/python3.7/site-packages/airflow/example_dags/tutorial.py took 0.429 seconds
[2023-01-15T13:52:28.279+0000] {processor.py:153} INFO - Started process (PID=878) to work on /home/airflow/.local/lib/python3.7/site-packages/airflow/example_dags/tutorial.py
[2023-01-15T13:52:28.283+0000] {processor.py:743} INFO - Processing file /home/airflow/.local/lib/python3.7/site-packages/airflow/example_dags/tutorial.py for tasks to queue
[2023-01-15T13:52:28.288+0000] {logging_mixin.py:137} INFO - [2023-01-15T13:52:28.288+0000] {dagbag.py:538} INFO - Filling up the DagBag from /home/airflow/.local/lib/python3.7/site-packages/airflow/example_dags/tutorial.py
[2023-01-15T13:52:28.403+0000] {processor.py:753} INFO - DAG(s) dict_keys(['tutorial']) retrieved from /home/airflow/.local/lib/python3.7/site-packages/airflow/example_dags/tutorial.py
[2023-01-15T13:52:28.779+0000] {logging_mixin.py:137} INFO - [2023-01-15T13:52:28.779+0000] {dag.py:2676} INFO - Sync 1 DAGs
[2023-01-15T13:52:29.033+0000] {logging_mixin.py:137} INFO - [2023-01-15T13:52:29.033+0000] {dag.py:3427} INFO - Setting next_dagrun for tutorial to 2023-01-14T13:52:29.032599+00:00, run_after=2023-01-15T13:52:29.032599+00:00
[2023-01-15T13:52:29.172+0000] {processor.py:175} INFO - Processing /home/airflow/.local/lib/python3.7/site-packages/airflow/example_dags/tutorial.py took 0.928 seconds
[2023-01-15T13:52:59.478+0000] {processor.py:153} INFO - Started process (PID=934) to work on /home/airflow/.local/lib/python3.7/site-packages/airflow/example_dags/tutorial.py
[2023-01-15T13:52:59.481+0000] {processor.py:743} INFO - Processing file /home/airflow/.local/lib/python3.7/site-packages/airflow/example_dags/tutorial.py for tasks to queue
[2023-01-15T13:52:59.483+0000] {logging_mixin.py:137} INFO - [2023-01-15T13:52:59.482+0000] {dagbag.py:538} INFO - Filling up the DagBag from /home/airflow/.local/lib/python3.7/site-packages/airflow/example_dags/tutorial.py
[2023-01-15T13:52:59.519+0000] {processor.py:753} INFO - DAG(s) dict_keys(['tutorial']) retrieved from /home/airflow/.local/lib/python3.7/site-packages/airflow/example_dags/tutorial.py
[2023-01-15T13:52:59.625+0000] {logging_mixin.py:137} INFO - [2023-01-15T13:52:59.625+0000] {dag.py:2676} INFO - Sync 1 DAGs
[2023-01-15T13:52:59.731+0000] {logging_mixin.py:137} INFO - [2023-01-15T13:52:59.730+0000] {dag.py:3427} INFO - Setting next_dagrun for tutorial to 2023-01-14T13:52:59.730554+00:00, run_after=2023-01-15T13:52:59.730554+00:00
[2023-01-15T13:52:59.812+0000] {processor.py:175} INFO - Processing /home/airflow/.local/lib/python3.7/site-packages/airflow/example_dags/tutorial.py took 0.346 seconds
