[2023-01-15T12:59:31.446+0000] {processor.py:153} INFO - Started process (PID=77) to work on /home/airflow/.local/lib/python3.7/site-packages/airflow/example_dags/tutorial_taskflow_api.py
[2023-01-15T12:59:31.459+0000] {processor.py:743} INFO - Processing file /home/airflow/.local/lib/python3.7/site-packages/airflow/example_dags/tutorial_taskflow_api.py for tasks to queue
[2023-01-15T12:59:31.461+0000] {logging_mixin.py:137} INFO - [2023-01-15T12:59:31.461+0000] {dagbag.py:538} INFO - Filling up the DagBag from /home/airflow/.local/lib/python3.7/site-packages/airflow/example_dags/tutorial_taskflow_api.py
[2023-01-15T12:59:31.670+0000] {processor.py:753} INFO - DAG(s) dict_keys(['tutorial_taskflow_api']) retrieved from /home/airflow/.local/lib/python3.7/site-packages/airflow/example_dags/tutorial_taskflow_api.py
[2023-01-15T12:59:32.803+0000] {logging_mixin.py:137} INFO - [2023-01-15T12:59:32.803+0000] {manager.py:504} INFO - Created Permission View: can read on DAG:tutorial_taskflow_api
[2023-01-15T12:59:32.867+0000] {logging_mixin.py:137} INFO - [2023-01-15T12:59:32.866+0000] {manager.py:504} INFO - Created Permission View: can edit on DAG:tutorial_taskflow_api
[2023-01-15T12:59:32.909+0000] {logging_mixin.py:137} INFO - [2023-01-15T12:59:32.909+0000] {manager.py:504} INFO - Created Permission View: can delete on DAG:tutorial_taskflow_api
[2023-01-15T12:59:32.911+0000] {logging_mixin.py:137} INFO - [2023-01-15T12:59:32.911+0000] {dag.py:2676} INFO - Sync 1 DAGs
[2023-01-15T12:59:33.045+0000] {logging_mixin.py:137} INFO - [2023-01-15T12:59:33.045+0000] {dag.py:2697} INFO - Creating ORM DAG for tutorial_taskflow_api
[2023-01-15T12:59:33.136+0000] {logging_mixin.py:137} INFO - [2023-01-15T12:59:33.136+0000] {dag.py:3427} INFO - Setting next_dagrun for tutorial_taskflow_api to None, run_after=None
[2023-01-15T12:59:33.251+0000] {processor.py:175} INFO - Processing /home/airflow/.local/lib/python3.7/site-packages/airflow/example_dags/tutorial_taskflow_api.py took 1.839 seconds
[2023-01-15T13:00:03.406+0000] {processor.py:153} INFO - Started process (PID=130) to work on /home/airflow/.local/lib/python3.7/site-packages/airflow/example_dags/tutorial_taskflow_api.py
[2023-01-15T13:00:03.414+0000] {processor.py:743} INFO - Processing file /home/airflow/.local/lib/python3.7/site-packages/airflow/example_dags/tutorial_taskflow_api.py for tasks to queue
[2023-01-15T13:00:03.416+0000] {logging_mixin.py:137} INFO - [2023-01-15T13:00:03.415+0000] {dagbag.py:538} INFO - Filling up the DagBag from /home/airflow/.local/lib/python3.7/site-packages/airflow/example_dags/tutorial_taskflow_api.py
[2023-01-15T13:00:03.548+0000] {processor.py:753} INFO - DAG(s) dict_keys(['tutorial_taskflow_api']) retrieved from /home/airflow/.local/lib/python3.7/site-packages/airflow/example_dags/tutorial_taskflow_api.py
[2023-01-15T13:00:03.775+0000] {logging_mixin.py:137} INFO - [2023-01-15T13:00:03.775+0000] {dag.py:2676} INFO - Sync 1 DAGs
[2023-01-15T13:00:04.159+0000] {logging_mixin.py:137} INFO - [2023-01-15T13:00:04.138+0000] {dag.py:3427} INFO - Setting next_dagrun for tutorial_taskflow_api to None, run_after=None
[2023-01-15T13:00:04.342+0000] {processor.py:175} INFO - Processing /home/airflow/.local/lib/python3.7/site-packages/airflow/example_dags/tutorial_taskflow_api.py took 0.952 seconds
[2023-01-15T13:00:34.913+0000] {processor.py:153} INFO - Started process (PID=188) to work on /home/airflow/.local/lib/python3.7/site-packages/airflow/example_dags/tutorial_taskflow_api.py
[2023-01-15T13:00:34.926+0000] {processor.py:743} INFO - Processing file /home/airflow/.local/lib/python3.7/site-packages/airflow/example_dags/tutorial_taskflow_api.py for tasks to queue
[2023-01-15T13:00:34.928+0000] {logging_mixin.py:137} INFO - [2023-01-15T13:00:34.928+0000] {dagbag.py:538} INFO - Filling up the DagBag from /home/airflow/.local/lib/python3.7/site-packages/airflow/example_dags/tutorial_taskflow_api.py
[2023-01-15T13:00:34.988+0000] {processor.py:753} INFO - DAG(s) dict_keys(['tutorial_taskflow_api']) retrieved from /home/airflow/.local/lib/python3.7/site-packages/airflow/example_dags/tutorial_taskflow_api.py
[2023-01-15T13:00:35.086+0000] {logging_mixin.py:137} INFO - [2023-01-15T13:00:35.086+0000] {dag.py:2676} INFO - Sync 1 DAGs
[2023-01-15T13:00:35.142+0000] {logging_mixin.py:137} INFO - [2023-01-15T13:00:35.142+0000] {dag.py:3427} INFO - Setting next_dagrun for tutorial_taskflow_api to None, run_after=None
[2023-01-15T13:00:35.206+0000] {processor.py:175} INFO - Processing /home/airflow/.local/lib/python3.7/site-packages/airflow/example_dags/tutorial_taskflow_api.py took 0.314 seconds
[2023-01-15T13:01:05.415+0000] {processor.py:153} INFO - Started process (PID=244) to work on /home/airflow/.local/lib/python3.7/site-packages/airflow/example_dags/tutorial_taskflow_api.py
[2023-01-15T13:01:05.417+0000] {processor.py:743} INFO - Processing file /home/airflow/.local/lib/python3.7/site-packages/airflow/example_dags/tutorial_taskflow_api.py for tasks to queue
[2023-01-15T13:01:05.418+0000] {logging_mixin.py:137} INFO - [2023-01-15T13:01:05.418+0000] {dagbag.py:538} INFO - Filling up the DagBag from /home/airflow/.local/lib/python3.7/site-packages/airflow/example_dags/tutorial_taskflow_api.py
[2023-01-15T13:01:05.444+0000] {processor.py:753} INFO - DAG(s) dict_keys(['tutorial_taskflow_api']) retrieved from /home/airflow/.local/lib/python3.7/site-packages/airflow/example_dags/tutorial_taskflow_api.py
[2023-01-15T13:01:05.486+0000] {logging_mixin.py:137} INFO - [2023-01-15T13:01:05.486+0000] {dag.py:2676} INFO - Sync 1 DAGs
[2023-01-15T13:01:05.516+0000] {logging_mixin.py:137} INFO - [2023-01-15T13:01:05.516+0000] {dag.py:3427} INFO - Setting next_dagrun for tutorial_taskflow_api to None, run_after=None
[2023-01-15T13:01:05.565+0000] {processor.py:175} INFO - Processing /home/airflow/.local/lib/python3.7/site-packages/airflow/example_dags/tutorial_taskflow_api.py took 0.157 seconds
[2023-01-15T13:01:36.055+0000] {processor.py:153} INFO - Started process (PID=299) to work on /home/airflow/.local/lib/python3.7/site-packages/airflow/example_dags/tutorial_taskflow_api.py
[2023-01-15T13:01:36.059+0000] {processor.py:743} INFO - Processing file /home/airflow/.local/lib/python3.7/site-packages/airflow/example_dags/tutorial_taskflow_api.py for tasks to queue
[2023-01-15T13:01:36.061+0000] {logging_mixin.py:137} INFO - [2023-01-15T13:01:36.061+0000] {dagbag.py:538} INFO - Filling up the DagBag from /home/airflow/.local/lib/python3.7/site-packages/airflow/example_dags/tutorial_taskflow_api.py
[2023-01-15T13:01:36.112+0000] {processor.py:753} INFO - DAG(s) dict_keys(['tutorial_taskflow_api']) retrieved from /home/airflow/.local/lib/python3.7/site-packages/airflow/example_dags/tutorial_taskflow_api.py
[2023-01-15T13:01:36.218+0000] {logging_mixin.py:137} INFO - [2023-01-15T13:01:36.217+0000] {dag.py:2676} INFO - Sync 1 DAGs
[2023-01-15T13:01:36.299+0000] {logging_mixin.py:137} INFO - [2023-01-15T13:01:36.298+0000] {dag.py:3427} INFO - Setting next_dagrun for tutorial_taskflow_api to None, run_after=None
[2023-01-15T13:01:36.349+0000] {processor.py:175} INFO - Processing /home/airflow/.local/lib/python3.7/site-packages/airflow/example_dags/tutorial_taskflow_api.py took 0.305 seconds
[2023-01-15T13:02:06.853+0000] {processor.py:153} INFO - Started process (PID=355) to work on /home/airflow/.local/lib/python3.7/site-packages/airflow/example_dags/tutorial_taskflow_api.py
[2023-01-15T13:02:06.860+0000] {processor.py:743} INFO - Processing file /home/airflow/.local/lib/python3.7/site-packages/airflow/example_dags/tutorial_taskflow_api.py for tasks to queue
[2023-01-15T13:02:06.862+0000] {logging_mixin.py:137} INFO - [2023-01-15T13:02:06.861+0000] {dagbag.py:538} INFO - Filling up the DagBag from /home/airflow/.local/lib/python3.7/site-packages/airflow/example_dags/tutorial_taskflow_api.py
[2023-01-15T13:02:06.990+0000] {processor.py:753} INFO - DAG(s) dict_keys(['tutorial_taskflow_api']) retrieved from /home/airflow/.local/lib/python3.7/site-packages/airflow/example_dags/tutorial_taskflow_api.py
[2023-01-15T13:02:07.159+0000] {logging_mixin.py:137} INFO - [2023-01-15T13:02:07.158+0000] {dag.py:2676} INFO - Sync 1 DAGs
[2023-01-15T13:02:07.217+0000] {logging_mixin.py:137} INFO - [2023-01-15T13:02:07.217+0000] {dag.py:3427} INFO - Setting next_dagrun for tutorial_taskflow_api to None, run_after=None
[2023-01-15T13:02:07.270+0000] {processor.py:175} INFO - Processing /home/airflow/.local/lib/python3.7/site-packages/airflow/example_dags/tutorial_taskflow_api.py took 0.444 seconds
[2023-01-15T13:02:37.949+0000] {processor.py:153} INFO - Started process (PID=409) to work on /home/airflow/.local/lib/python3.7/site-packages/airflow/example_dags/tutorial_taskflow_api.py
[2023-01-15T13:02:37.956+0000] {processor.py:743} INFO - Processing file /home/airflow/.local/lib/python3.7/site-packages/airflow/example_dags/tutorial_taskflow_api.py for tasks to queue
[2023-01-15T13:02:37.958+0000] {logging_mixin.py:137} INFO - [2023-01-15T13:02:37.958+0000] {dagbag.py:538} INFO - Filling up the DagBag from /home/airflow/.local/lib/python3.7/site-packages/airflow/example_dags/tutorial_taskflow_api.py
[2023-01-15T13:02:38.012+0000] {processor.py:753} INFO - DAG(s) dict_keys(['tutorial_taskflow_api']) retrieved from /home/airflow/.local/lib/python3.7/site-packages/airflow/example_dags/tutorial_taskflow_api.py
[2023-01-15T13:02:38.140+0000] {logging_mixin.py:137} INFO - [2023-01-15T13:02:38.140+0000] {dag.py:2676} INFO - Sync 1 DAGs
[2023-01-15T13:02:38.202+0000] {logging_mixin.py:137} INFO - [2023-01-15T13:02:38.202+0000] {dag.py:3427} INFO - Setting next_dagrun for tutorial_taskflow_api to None, run_after=None
[2023-01-15T13:02:38.250+0000] {processor.py:175} INFO - Processing /home/airflow/.local/lib/python3.7/site-packages/airflow/example_dags/tutorial_taskflow_api.py took 0.305 seconds
[2023-01-15T13:03:09.316+0000] {processor.py:153} INFO - Started process (PID=465) to work on /home/airflow/.local/lib/python3.7/site-packages/airflow/example_dags/tutorial_taskflow_api.py
[2023-01-15T13:03:09.324+0000] {processor.py:743} INFO - Processing file /home/airflow/.local/lib/python3.7/site-packages/airflow/example_dags/tutorial_taskflow_api.py for tasks to queue
[2023-01-15T13:03:09.328+0000] {logging_mixin.py:137} INFO - [2023-01-15T13:03:09.328+0000] {dagbag.py:538} INFO - Filling up the DagBag from /home/airflow/.local/lib/python3.7/site-packages/airflow/example_dags/tutorial_taskflow_api.py
[2023-01-15T13:03:09.501+0000] {processor.py:753} INFO - DAG(s) dict_keys(['tutorial_taskflow_api']) retrieved from /home/airflow/.local/lib/python3.7/site-packages/airflow/example_dags/tutorial_taskflow_api.py
[2023-01-15T13:03:09.784+0000] {logging_mixin.py:137} INFO - [2023-01-15T13:03:09.783+0000] {dag.py:2676} INFO - Sync 1 DAGs
[2023-01-15T13:03:09.969+0000] {logging_mixin.py:137} INFO - [2023-01-15T13:03:09.969+0000] {dag.py:3427} INFO - Setting next_dagrun for tutorial_taskflow_api to None, run_after=None
[2023-01-15T13:03:10.094+0000] {processor.py:175} INFO - Processing /home/airflow/.local/lib/python3.7/site-packages/airflow/example_dags/tutorial_taskflow_api.py took 0.806 seconds
[2023-01-15T13:03:40.605+0000] {processor.py:153} INFO - Started process (PID=521) to work on /home/airflow/.local/lib/python3.7/site-packages/airflow/example_dags/tutorial_taskflow_api.py
[2023-01-15T13:03:40.617+0000] {processor.py:743} INFO - Processing file /home/airflow/.local/lib/python3.7/site-packages/airflow/example_dags/tutorial_taskflow_api.py for tasks to queue
[2023-01-15T13:03:40.628+0000] {logging_mixin.py:137} INFO - [2023-01-15T13:03:40.628+0000] {dagbag.py:538} INFO - Filling up the DagBag from /home/airflow/.local/lib/python3.7/site-packages/airflow/example_dags/tutorial_taskflow_api.py
[2023-01-15T13:03:40.740+0000] {processor.py:753} INFO - DAG(s) dict_keys(['tutorial_taskflow_api']) retrieved from /home/airflow/.local/lib/python3.7/site-packages/airflow/example_dags/tutorial_taskflow_api.py
[2023-01-15T13:03:40.889+0000] {logging_mixin.py:137} INFO - [2023-01-15T13:03:40.889+0000] {dag.py:2676} INFO - Sync 1 DAGs
[2023-01-15T13:03:40.991+0000] {logging_mixin.py:137} INFO - [2023-01-15T13:03:40.991+0000] {dag.py:3427} INFO - Setting next_dagrun for tutorial_taskflow_api to None, run_after=None
[2023-01-15T13:03:41.055+0000] {processor.py:175} INFO - Processing /home/airflow/.local/lib/python3.7/site-packages/airflow/example_dags/tutorial_taskflow_api.py took 0.469 seconds
[2023-01-15T13:04:11.241+0000] {processor.py:153} INFO - Started process (PID=577) to work on /home/airflow/.local/lib/python3.7/site-packages/airflow/example_dags/tutorial_taskflow_api.py
[2023-01-15T13:04:11.245+0000] {processor.py:743} INFO - Processing file /home/airflow/.local/lib/python3.7/site-packages/airflow/example_dags/tutorial_taskflow_api.py for tasks to queue
[2023-01-15T13:04:11.249+0000] {logging_mixin.py:137} INFO - [2023-01-15T13:04:11.249+0000] {dagbag.py:538} INFO - Filling up the DagBag from /home/airflow/.local/lib/python3.7/site-packages/airflow/example_dags/tutorial_taskflow_api.py
[2023-01-15T13:04:11.347+0000] {processor.py:753} INFO - DAG(s) dict_keys(['tutorial_taskflow_api']) retrieved from /home/airflow/.local/lib/python3.7/site-packages/airflow/example_dags/tutorial_taskflow_api.py
[2023-01-15T13:04:11.564+0000] {logging_mixin.py:137} INFO - [2023-01-15T13:04:11.564+0000] {dag.py:2676} INFO - Sync 1 DAGs
[2023-01-15T13:04:11.683+0000] {logging_mixin.py:137} INFO - [2023-01-15T13:04:11.683+0000] {dag.py:3427} INFO - Setting next_dagrun for tutorial_taskflow_api to None, run_after=None
[2023-01-15T13:04:11.759+0000] {processor.py:175} INFO - Processing /home/airflow/.local/lib/python3.7/site-packages/airflow/example_dags/tutorial_taskflow_api.py took 0.551 seconds
[2023-01-15T13:04:42.584+0000] {processor.py:153} INFO - Started process (PID=632) to work on /home/airflow/.local/lib/python3.7/site-packages/airflow/example_dags/tutorial_taskflow_api.py
[2023-01-15T13:04:42.586+0000] {processor.py:743} INFO - Processing file /home/airflow/.local/lib/python3.7/site-packages/airflow/example_dags/tutorial_taskflow_api.py for tasks to queue
[2023-01-15T13:04:42.592+0000] {logging_mixin.py:137} INFO - [2023-01-15T13:04:42.592+0000] {dagbag.py:538} INFO - Filling up the DagBag from /home/airflow/.local/lib/python3.7/site-packages/airflow/example_dags/tutorial_taskflow_api.py
[2023-01-15T13:04:42.700+0000] {processor.py:753} INFO - DAG(s) dict_keys(['tutorial_taskflow_api']) retrieved from /home/airflow/.local/lib/python3.7/site-packages/airflow/example_dags/tutorial_taskflow_api.py
[2023-01-15T13:04:42.888+0000] {logging_mixin.py:137} INFO - [2023-01-15T13:04:42.888+0000] {dag.py:2676} INFO - Sync 1 DAGs
[2023-01-15T13:04:43.001+0000] {logging_mixin.py:137} INFO - [2023-01-15T13:04:43.000+0000] {dag.py:3427} INFO - Setting next_dagrun for tutorial_taskflow_api to None, run_after=None
[2023-01-15T13:04:43.095+0000] {processor.py:175} INFO - Processing /home/airflow/.local/lib/python3.7/site-packages/airflow/example_dags/tutorial_taskflow_api.py took 0.538 seconds
[2023-01-15T13:05:13.726+0000] {processor.py:153} INFO - Started process (PID=696) to work on /home/airflow/.local/lib/python3.7/site-packages/airflow/example_dags/tutorial_taskflow_api.py
[2023-01-15T13:05:13.732+0000] {processor.py:743} INFO - Processing file /home/airflow/.local/lib/python3.7/site-packages/airflow/example_dags/tutorial_taskflow_api.py for tasks to queue
[2023-01-15T13:05:13.735+0000] {logging_mixin.py:137} INFO - [2023-01-15T13:05:13.735+0000] {dagbag.py:538} INFO - Filling up the DagBag from /home/airflow/.local/lib/python3.7/site-packages/airflow/example_dags/tutorial_taskflow_api.py
[2023-01-15T13:05:13.824+0000] {processor.py:753} INFO - DAG(s) dict_keys(['tutorial_taskflow_api']) retrieved from /home/airflow/.local/lib/python3.7/site-packages/airflow/example_dags/tutorial_taskflow_api.py
[2023-01-15T13:05:13.961+0000] {logging_mixin.py:137} INFO - [2023-01-15T13:05:13.961+0000] {dag.py:2676} INFO - Sync 1 DAGs
[2023-01-15T13:05:14.051+0000] {logging_mixin.py:137} INFO - [2023-01-15T13:05:14.050+0000] {dag.py:3427} INFO - Setting next_dagrun for tutorial_taskflow_api to None, run_after=None
[2023-01-15T13:05:14.114+0000] {processor.py:175} INFO - Processing /home/airflow/.local/lib/python3.7/site-packages/airflow/example_dags/tutorial_taskflow_api.py took 0.399 seconds
[2023-01-15T13:05:44.440+0000] {processor.py:153} INFO - Started process (PID=750) to work on /home/airflow/.local/lib/python3.7/site-packages/airflow/example_dags/tutorial_taskflow_api.py
[2023-01-15T13:05:44.456+0000] {processor.py:743} INFO - Processing file /home/airflow/.local/lib/python3.7/site-packages/airflow/example_dags/tutorial_taskflow_api.py for tasks to queue
[2023-01-15T13:05:44.459+0000] {logging_mixin.py:137} INFO - [2023-01-15T13:05:44.459+0000] {dagbag.py:538} INFO - Filling up the DagBag from /home/airflow/.local/lib/python3.7/site-packages/airflow/example_dags/tutorial_taskflow_api.py
[2023-01-15T13:05:44.617+0000] {processor.py:753} INFO - DAG(s) dict_keys(['tutorial_taskflow_api']) retrieved from /home/airflow/.local/lib/python3.7/site-packages/airflow/example_dags/tutorial_taskflow_api.py
[2023-01-15T13:05:44.846+0000] {logging_mixin.py:137} INFO - [2023-01-15T13:05:44.846+0000] {dag.py:2676} INFO - Sync 1 DAGs
[2023-01-15T13:05:44.957+0000] {logging_mixin.py:137} INFO - [2023-01-15T13:05:44.956+0000] {dag.py:3427} INFO - Setting next_dagrun for tutorial_taskflow_api to None, run_after=None
[2023-01-15T13:05:45.043+0000] {processor.py:175} INFO - Processing /home/airflow/.local/lib/python3.7/site-packages/airflow/example_dags/tutorial_taskflow_api.py took 0.628 seconds
[2023-01-15T13:06:15.959+0000] {processor.py:153} INFO - Started process (PID=804) to work on /home/airflow/.local/lib/python3.7/site-packages/airflow/example_dags/tutorial_taskflow_api.py
[2023-01-15T13:06:15.967+0000] {processor.py:743} INFO - Processing file /home/airflow/.local/lib/python3.7/site-packages/airflow/example_dags/tutorial_taskflow_api.py for tasks to queue
[2023-01-15T13:06:15.979+0000] {logging_mixin.py:137} INFO - [2023-01-15T13:06:15.971+0000] {dagbag.py:538} INFO - Filling up the DagBag from /home/airflow/.local/lib/python3.7/site-packages/airflow/example_dags/tutorial_taskflow_api.py
[2023-01-15T13:06:16.066+0000] {processor.py:753} INFO - DAG(s) dict_keys(['tutorial_taskflow_api']) retrieved from /home/airflow/.local/lib/python3.7/site-packages/airflow/example_dags/tutorial_taskflow_api.py
[2023-01-15T13:06:16.162+0000] {logging_mixin.py:137} INFO - [2023-01-15T13:06:16.162+0000] {dag.py:2676} INFO - Sync 1 DAGs
[2023-01-15T13:06:16.223+0000] {logging_mixin.py:137} INFO - [2023-01-15T13:06:16.223+0000] {dag.py:3427} INFO - Setting next_dagrun for tutorial_taskflow_api to None, run_after=None
[2023-01-15T13:06:16.274+0000] {processor.py:175} INFO - Processing /home/airflow/.local/lib/python3.7/site-packages/airflow/example_dags/tutorial_taskflow_api.py took 0.337 seconds
[2023-01-15T13:06:46.882+0000] {processor.py:153} INFO - Started process (PID=869) to work on /home/airflow/.local/lib/python3.7/site-packages/airflow/example_dags/tutorial_taskflow_api.py
[2023-01-15T13:06:46.890+0000] {processor.py:743} INFO - Processing file /home/airflow/.local/lib/python3.7/site-packages/airflow/example_dags/tutorial_taskflow_api.py for tasks to queue
[2023-01-15T13:06:46.894+0000] {logging_mixin.py:137} INFO - [2023-01-15T13:06:46.894+0000] {dagbag.py:538} INFO - Filling up the DagBag from /home/airflow/.local/lib/python3.7/site-packages/airflow/example_dags/tutorial_taskflow_api.py
[2023-01-15T13:06:47.008+0000] {processor.py:753} INFO - DAG(s) dict_keys(['tutorial_taskflow_api']) retrieved from /home/airflow/.local/lib/python3.7/site-packages/airflow/example_dags/tutorial_taskflow_api.py
[2023-01-15T13:06:47.181+0000] {logging_mixin.py:137} INFO - [2023-01-15T13:06:47.181+0000] {dag.py:2676} INFO - Sync 1 DAGs
[2023-01-15T13:06:47.295+0000] {logging_mixin.py:137} INFO - [2023-01-15T13:06:47.294+0000] {dag.py:3427} INFO - Setting next_dagrun for tutorial_taskflow_api to None, run_after=None
[2023-01-15T13:06:47.393+0000] {processor.py:175} INFO - Processing /home/airflow/.local/lib/python3.7/site-packages/airflow/example_dags/tutorial_taskflow_api.py took 0.537 seconds
[2023-01-15T13:07:46.351+0000] {processor.py:153} INFO - Started process (PID=932) to work on /home/airflow/.local/lib/python3.7/site-packages/airflow/example_dags/tutorial_taskflow_api.py
[2023-01-15T13:07:46.362+0000] {processor.py:743} INFO - Processing file /home/airflow/.local/lib/python3.7/site-packages/airflow/example_dags/tutorial_taskflow_api.py for tasks to queue
[2023-01-15T13:07:46.365+0000] {logging_mixin.py:137} INFO - [2023-01-15T13:07:46.365+0000] {dagbag.py:538} INFO - Filling up the DagBag from /home/airflow/.local/lib/python3.7/site-packages/airflow/example_dags/tutorial_taskflow_api.py
[2023-01-15T13:07:46.593+0000] {processor.py:753} INFO - DAG(s) dict_keys(['tutorial_taskflow_api']) retrieved from /home/airflow/.local/lib/python3.7/site-packages/airflow/example_dags/tutorial_taskflow_api.py
[2023-01-15T13:07:46.880+0000] {logging_mixin.py:137} INFO - [2023-01-15T13:07:46.880+0000] {dag.py:2676} INFO - Sync 1 DAGs
[2023-01-15T13:07:47.048+0000] {logging_mixin.py:137} INFO - [2023-01-15T13:07:47.046+0000] {dag.py:3427} INFO - Setting next_dagrun for tutorial_taskflow_api to None, run_after=None
[2023-01-15T13:07:47.175+0000] {processor.py:175} INFO - Processing /home/airflow/.local/lib/python3.7/site-packages/airflow/example_dags/tutorial_taskflow_api.py took 0.855 seconds
[2023-01-15T13:08:22.552+0000] {processor.py:153} INFO - Started process (PID=988) to work on /home/airflow/.local/lib/python3.7/site-packages/airflow/example_dags/tutorial_taskflow_api.py
[2023-01-15T13:08:22.571+0000] {processor.py:743} INFO - Processing file /home/airflow/.local/lib/python3.7/site-packages/airflow/example_dags/tutorial_taskflow_api.py for tasks to queue
[2023-01-15T13:08:22.581+0000] {logging_mixin.py:137} INFO - [2023-01-15T13:08:22.581+0000] {dagbag.py:538} INFO - Filling up the DagBag from /home/airflow/.local/lib/python3.7/site-packages/airflow/example_dags/tutorial_taskflow_api.py
[2023-01-15T13:08:23.208+0000] {processor.py:753} INFO - DAG(s) dict_keys(['tutorial_taskflow_api']) retrieved from /home/airflow/.local/lib/python3.7/site-packages/airflow/example_dags/tutorial_taskflow_api.py
[2023-01-15T13:08:23.747+0000] {logging_mixin.py:137} INFO - [2023-01-15T13:08:23.747+0000] {dag.py:2676} INFO - Sync 1 DAGs
[2023-01-15T13:08:24.104+0000] {logging_mixin.py:137} INFO - [2023-01-15T13:08:24.104+0000] {dag.py:3427} INFO - Setting next_dagrun for tutorial_taskflow_api to None, run_after=None
[2023-01-15T13:08:24.402+0000] {processor.py:175} INFO - Processing /home/airflow/.local/lib/python3.7/site-packages/airflow/example_dags/tutorial_taskflow_api.py took 1.928 seconds
[2023-01-15T13:08:58.189+0000] {processor.py:153} INFO - Started process (PID=1037) to work on /home/airflow/.local/lib/python3.7/site-packages/airflow/example_dags/tutorial_taskflow_api.py
[2023-01-15T13:08:58.215+0000] {processor.py:743} INFO - Processing file /home/airflow/.local/lib/python3.7/site-packages/airflow/example_dags/tutorial_taskflow_api.py for tasks to queue
[2023-01-15T13:08:58.218+0000] {logging_mixin.py:137} INFO - [2023-01-15T13:08:58.217+0000] {dagbag.py:538} INFO - Filling up the DagBag from /home/airflow/.local/lib/python3.7/site-packages/airflow/example_dags/tutorial_taskflow_api.py
[2023-01-15T13:08:58.870+0000] {processor.py:753} INFO - DAG(s) dict_keys(['tutorial_taskflow_api']) retrieved from /home/airflow/.local/lib/python3.7/site-packages/airflow/example_dags/tutorial_taskflow_api.py
[2023-01-15T13:08:59.765+0000] {logging_mixin.py:137} INFO - [2023-01-15T13:08:59.765+0000] {dag.py:2676} INFO - Sync 1 DAGs
[2023-01-15T13:09:00.283+0000] {logging_mixin.py:137} INFO - [2023-01-15T13:09:00.282+0000] {dag.py:3427} INFO - Setting next_dagrun for tutorial_taskflow_api to None, run_after=None
[2023-01-15T13:09:01.196+0000] {processor.py:175} INFO - Processing /home/airflow/.local/lib/python3.7/site-packages/airflow/example_dags/tutorial_taskflow_api.py took 3.293 seconds
[2023-01-15T13:09:32.311+0000] {processor.py:153} INFO - Started process (PID=1093) to work on /home/airflow/.local/lib/python3.7/site-packages/airflow/example_dags/tutorial_taskflow_api.py
[2023-01-15T13:09:32.318+0000] {processor.py:743} INFO - Processing file /home/airflow/.local/lib/python3.7/site-packages/airflow/example_dags/tutorial_taskflow_api.py for tasks to queue
[2023-01-15T13:09:32.330+0000] {logging_mixin.py:137} INFO - [2023-01-15T13:09:32.330+0000] {dagbag.py:538} INFO - Filling up the DagBag from /home/airflow/.local/lib/python3.7/site-packages/airflow/example_dags/tutorial_taskflow_api.py
[2023-01-15T13:09:32.521+0000] {processor.py:753} INFO - DAG(s) dict_keys(['tutorial_taskflow_api']) retrieved from /home/airflow/.local/lib/python3.7/site-packages/airflow/example_dags/tutorial_taskflow_api.py
[2023-01-15T13:09:32.741+0000] {logging_mixin.py:137} INFO - [2023-01-15T13:09:32.741+0000] {dag.py:2676} INFO - Sync 1 DAGs
[2023-01-15T13:09:32.889+0000] {logging_mixin.py:137} INFO - [2023-01-15T13:09:32.889+0000] {dag.py:3427} INFO - Setting next_dagrun for tutorial_taskflow_api to None, run_after=None
[2023-01-15T13:09:32.997+0000] {processor.py:175} INFO - Processing /home/airflow/.local/lib/python3.7/site-packages/airflow/example_dags/tutorial_taskflow_api.py took 0.704 seconds
[2023-01-15T13:10:05.120+0000] {processor.py:153} INFO - Started process (PID=1149) to work on /home/airflow/.local/lib/python3.7/site-packages/airflow/example_dags/tutorial_taskflow_api.py
[2023-01-15T13:10:05.126+0000] {processor.py:743} INFO - Processing file /home/airflow/.local/lib/python3.7/site-packages/airflow/example_dags/tutorial_taskflow_api.py for tasks to queue
[2023-01-15T13:10:05.131+0000] {logging_mixin.py:137} INFO - [2023-01-15T13:10:05.131+0000] {dagbag.py:538} INFO - Filling up the DagBag from /home/airflow/.local/lib/python3.7/site-packages/airflow/example_dags/tutorial_taskflow_api.py
[2023-01-15T13:10:05.272+0000] {processor.py:753} INFO - DAG(s) dict_keys(['tutorial_taskflow_api']) retrieved from /home/airflow/.local/lib/python3.7/site-packages/airflow/example_dags/tutorial_taskflow_api.py
[2023-01-15T13:10:05.425+0000] {logging_mixin.py:137} INFO - [2023-01-15T13:10:05.425+0000] {dag.py:2676} INFO - Sync 1 DAGs
[2023-01-15T13:10:05.533+0000] {logging_mixin.py:137} INFO - [2023-01-15T13:10:05.533+0000] {dag.py:3427} INFO - Setting next_dagrun for tutorial_taskflow_api to None, run_after=None
[2023-01-15T13:10:05.602+0000] {processor.py:175} INFO - Processing /home/airflow/.local/lib/python3.7/site-packages/airflow/example_dags/tutorial_taskflow_api.py took 0.497 seconds
[2023-01-15T13:10:40.597+0000] {processor.py:153} INFO - Started process (PID=1191) to work on /home/airflow/.local/lib/python3.7/site-packages/airflow/example_dags/tutorial_taskflow_api.py
[2023-01-15T13:10:40.601+0000] {processor.py:743} INFO - Processing file /home/airflow/.local/lib/python3.7/site-packages/airflow/example_dags/tutorial_taskflow_api.py for tasks to queue
[2023-01-15T13:10:40.650+0000] {logging_mixin.py:137} INFO - [2023-01-15T13:10:40.647+0000] {dagbag.py:538} INFO - Filling up the DagBag from /home/airflow/.local/lib/python3.7/site-packages/airflow/example_dags/tutorial_taskflow_api.py
[2023-01-15T13:10:41.344+0000] {processor.py:753} INFO - DAG(s) dict_keys(['tutorial_taskflow_api']) retrieved from /home/airflow/.local/lib/python3.7/site-packages/airflow/example_dags/tutorial_taskflow_api.py
[2023-01-15T13:10:42.084+0000] {logging_mixin.py:137} INFO - [2023-01-15T13:10:42.084+0000] {dag.py:2676} INFO - Sync 1 DAGs
[2023-01-15T13:10:42.560+0000] {logging_mixin.py:137} INFO - [2023-01-15T13:10:42.559+0000] {dag.py:3427} INFO - Setting next_dagrun for tutorial_taskflow_api to None, run_after=None
[2023-01-15T13:10:42.955+0000] {processor.py:175} INFO - Processing /home/airflow/.local/lib/python3.7/site-packages/airflow/example_dags/tutorial_taskflow_api.py took 2.468 seconds
[2023-01-15T13:11:24.064+0000] {processor.py:153} INFO - Started process (PID=1256) to work on /home/airflow/.local/lib/python3.7/site-packages/airflow/example_dags/tutorial_taskflow_api.py
[2023-01-15T13:11:24.077+0000] {processor.py:743} INFO - Processing file /home/airflow/.local/lib/python3.7/site-packages/airflow/example_dags/tutorial_taskflow_api.py for tasks to queue
[2023-01-15T13:11:24.085+0000] {logging_mixin.py:137} INFO - [2023-01-15T13:11:24.085+0000] {dagbag.py:538} INFO - Filling up the DagBag from /home/airflow/.local/lib/python3.7/site-packages/airflow/example_dags/tutorial_taskflow_api.py
[2023-01-15T13:11:24.720+0000] {processor.py:753} INFO - DAG(s) dict_keys(['tutorial_taskflow_api']) retrieved from /home/airflow/.local/lib/python3.7/site-packages/airflow/example_dags/tutorial_taskflow_api.py
[2023-01-15T13:11:25.461+0000] {logging_mixin.py:137} INFO - [2023-01-15T13:11:25.461+0000] {dag.py:2676} INFO - Sync 1 DAGs
[2023-01-15T13:11:25.962+0000] {logging_mixin.py:137} INFO - [2023-01-15T13:11:25.961+0000] {dag.py:3427} INFO - Setting next_dagrun for tutorial_taskflow_api to None, run_after=None
[2023-01-15T13:11:26.520+0000] {processor.py:175} INFO - Processing /home/airflow/.local/lib/python3.7/site-packages/airflow/example_dags/tutorial_taskflow_api.py took 2.529 seconds
[2023-01-15T13:12:12.631+0000] {processor.py:153} INFO - Started process (PID=1314) to work on /home/airflow/.local/lib/python3.7/site-packages/airflow/example_dags/tutorial_taskflow_api.py
[2023-01-15T13:12:12.642+0000] {processor.py:743} INFO - Processing file /home/airflow/.local/lib/python3.7/site-packages/airflow/example_dags/tutorial_taskflow_api.py for tasks to queue
[2023-01-15T13:12:12.650+0000] {logging_mixin.py:137} INFO - [2023-01-15T13:12:12.650+0000] {dagbag.py:538} INFO - Filling up the DagBag from /home/airflow/.local/lib/python3.7/site-packages/airflow/example_dags/tutorial_taskflow_api.py
[2023-01-15T13:12:13.184+0000] {processor.py:753} INFO - DAG(s) dict_keys(['tutorial_taskflow_api']) retrieved from /home/airflow/.local/lib/python3.7/site-packages/airflow/example_dags/tutorial_taskflow_api.py
[2023-01-15T13:12:15.100+0000] {logging_mixin.py:137} INFO - [2023-01-15T13:12:15.100+0000] {dag.py:2676} INFO - Sync 1 DAGs
[2023-01-15T13:12:15.941+0000] {logging_mixin.py:137} INFO - [2023-01-15T13:12:15.926+0000] {dag.py:3427} INFO - Setting next_dagrun for tutorial_taskflow_api to None, run_after=None
[2023-01-15T13:12:16.800+0000] {processor.py:175} INFO - Processing /home/airflow/.local/lib/python3.7/site-packages/airflow/example_dags/tutorial_taskflow_api.py took 4.209 seconds
[2023-01-15T13:12:48.472+0000] {processor.py:153} INFO - Started process (PID=1370) to work on /home/airflow/.local/lib/python3.7/site-packages/airflow/example_dags/tutorial_taskflow_api.py
[2023-01-15T13:12:48.492+0000] {processor.py:743} INFO - Processing file /home/airflow/.local/lib/python3.7/site-packages/airflow/example_dags/tutorial_taskflow_api.py for tasks to queue
[2023-01-15T13:12:48.504+0000] {logging_mixin.py:137} INFO - [2023-01-15T13:12:48.504+0000] {dagbag.py:538} INFO - Filling up the DagBag from /home/airflow/.local/lib/python3.7/site-packages/airflow/example_dags/tutorial_taskflow_api.py
[2023-01-15T13:12:48.875+0000] {processor.py:753} INFO - DAG(s) dict_keys(['tutorial_taskflow_api']) retrieved from /home/airflow/.local/lib/python3.7/site-packages/airflow/example_dags/tutorial_taskflow_api.py
[2023-01-15T13:12:49.335+0000] {logging_mixin.py:137} INFO - [2023-01-15T13:12:49.335+0000] {dag.py:2676} INFO - Sync 1 DAGs
[2023-01-15T13:12:49.564+0000] {logging_mixin.py:137} INFO - [2023-01-15T13:12:49.564+0000] {dag.py:3427} INFO - Setting next_dagrun for tutorial_taskflow_api to None, run_after=None
[2023-01-15T13:12:49.872+0000] {processor.py:175} INFO - Processing /home/airflow/.local/lib/python3.7/site-packages/airflow/example_dags/tutorial_taskflow_api.py took 1.448 seconds
[2023-01-15T13:13:37.562+0000] {processor.py:153} INFO - Started process (PID=1429) to work on /home/airflow/.local/lib/python3.7/site-packages/airflow/example_dags/tutorial_taskflow_api.py
[2023-01-15T13:13:37.567+0000] {processor.py:743} INFO - Processing file /home/airflow/.local/lib/python3.7/site-packages/airflow/example_dags/tutorial_taskflow_api.py for tasks to queue
[2023-01-15T13:13:37.579+0000] {logging_mixin.py:137} INFO - [2023-01-15T13:13:37.579+0000] {dagbag.py:538} INFO - Filling up the DagBag from /home/airflow/.local/lib/python3.7/site-packages/airflow/example_dags/tutorial_taskflow_api.py
[2023-01-15T13:13:37.684+0000] {processor.py:753} INFO - DAG(s) dict_keys(['tutorial_taskflow_api']) retrieved from /home/airflow/.local/lib/python3.7/site-packages/airflow/example_dags/tutorial_taskflow_api.py
[2023-01-15T13:13:37.838+0000] {logging_mixin.py:137} INFO - [2023-01-15T13:13:37.838+0000] {dag.py:2676} INFO - Sync 1 DAGs
[2023-01-15T13:13:37.941+0000] {logging_mixin.py:137} INFO - [2023-01-15T13:13:37.940+0000] {dag.py:3427} INFO - Setting next_dagrun for tutorial_taskflow_api to None, run_after=None
[2023-01-15T13:13:38.007+0000] {processor.py:175} INFO - Processing /home/airflow/.local/lib/python3.7/site-packages/airflow/example_dags/tutorial_taskflow_api.py took 0.462 seconds
[2023-01-15T13:14:10.824+0000] {processor.py:153} INFO - Started process (PID=1485) to work on /home/airflow/.local/lib/python3.7/site-packages/airflow/example_dags/tutorial_taskflow_api.py
[2023-01-15T13:14:10.829+0000] {processor.py:743} INFO - Processing file /home/airflow/.local/lib/python3.7/site-packages/airflow/example_dags/tutorial_taskflow_api.py for tasks to queue
[2023-01-15T13:14:10.833+0000] {logging_mixin.py:137} INFO - [2023-01-15T13:14:10.833+0000] {dagbag.py:538} INFO - Filling up the DagBag from /home/airflow/.local/lib/python3.7/site-packages/airflow/example_dags/tutorial_taskflow_api.py
[2023-01-15T13:14:10.938+0000] {processor.py:753} INFO - DAG(s) dict_keys(['tutorial_taskflow_api']) retrieved from /home/airflow/.local/lib/python3.7/site-packages/airflow/example_dags/tutorial_taskflow_api.py
[2023-01-15T13:14:11.095+0000] {logging_mixin.py:137} INFO - [2023-01-15T13:14:11.095+0000] {dag.py:2676} INFO - Sync 1 DAGs
[2023-01-15T13:14:11.195+0000] {logging_mixin.py:137} INFO - [2023-01-15T13:14:11.195+0000] {dag.py:3427} INFO - Setting next_dagrun for tutorial_taskflow_api to None, run_after=None
[2023-01-15T13:14:11.391+0000] {processor.py:175} INFO - Processing /home/airflow/.local/lib/python3.7/site-packages/airflow/example_dags/tutorial_taskflow_api.py took 0.603 seconds
[2023-01-15T13:14:42.142+0000] {processor.py:153} INFO - Started process (PID=1539) to work on /home/airflow/.local/lib/python3.7/site-packages/airflow/example_dags/tutorial_taskflow_api.py
[2023-01-15T13:14:42.148+0000] {processor.py:743} INFO - Processing file /home/airflow/.local/lib/python3.7/site-packages/airflow/example_dags/tutorial_taskflow_api.py for tasks to queue
[2023-01-15T13:14:42.160+0000] {logging_mixin.py:137} INFO - [2023-01-15T13:14:42.160+0000] {dagbag.py:538} INFO - Filling up the DagBag from /home/airflow/.local/lib/python3.7/site-packages/airflow/example_dags/tutorial_taskflow_api.py
[2023-01-15T13:14:42.388+0000] {processor.py:753} INFO - DAG(s) dict_keys(['tutorial_taskflow_api']) retrieved from /home/airflow/.local/lib/python3.7/site-packages/airflow/example_dags/tutorial_taskflow_api.py
[2023-01-15T13:14:42.841+0000] {logging_mixin.py:137} INFO - [2023-01-15T13:14:42.841+0000] {dag.py:2676} INFO - Sync 1 DAGs
[2023-01-15T13:14:43.119+0000] {logging_mixin.py:137} INFO - [2023-01-15T13:14:43.119+0000] {dag.py:3427} INFO - Setting next_dagrun for tutorial_taskflow_api to None, run_after=None
[2023-01-15T13:14:43.247+0000] {processor.py:175} INFO - Processing /home/airflow/.local/lib/python3.7/site-packages/airflow/example_dags/tutorial_taskflow_api.py took 1.149 seconds
[2023-01-15T13:15:15.282+0000] {processor.py:153} INFO - Started process (PID=1588) to work on /home/airflow/.local/lib/python3.7/site-packages/airflow/example_dags/tutorial_taskflow_api.py
[2023-01-15T13:15:15.294+0000] {processor.py:743} INFO - Processing file /home/airflow/.local/lib/python3.7/site-packages/airflow/example_dags/tutorial_taskflow_api.py for tasks to queue
[2023-01-15T13:15:15.301+0000] {logging_mixin.py:137} INFO - [2023-01-15T13:15:15.301+0000] {dagbag.py:538} INFO - Filling up the DagBag from /home/airflow/.local/lib/python3.7/site-packages/airflow/example_dags/tutorial_taskflow_api.py
[2023-01-15T13:15:15.567+0000] {processor.py:753} INFO - DAG(s) dict_keys(['tutorial_taskflow_api']) retrieved from /home/airflow/.local/lib/python3.7/site-packages/airflow/example_dags/tutorial_taskflow_api.py
[2023-01-15T13:15:15.972+0000] {logging_mixin.py:137} INFO - [2023-01-15T13:15:15.972+0000] {dag.py:2676} INFO - Sync 1 DAGs
[2023-01-15T13:15:16.198+0000] {logging_mixin.py:137} INFO - [2023-01-15T13:15:16.192+0000] {dag.py:3427} INFO - Setting next_dagrun for tutorial_taskflow_api to None, run_after=None
[2023-01-15T13:15:16.389+0000] {processor.py:175} INFO - Processing /home/airflow/.local/lib/python3.7/site-packages/airflow/example_dags/tutorial_taskflow_api.py took 1.154 seconds
[2023-01-15T13:43:39.646+0000] {processor.py:153} INFO - Started process (PID=75) to work on /home/airflow/.local/lib/python3.7/site-packages/airflow/example_dags/tutorial_taskflow_api.py
[2023-01-15T13:43:39.667+0000] {processor.py:743} INFO - Processing file /home/airflow/.local/lib/python3.7/site-packages/airflow/example_dags/tutorial_taskflow_api.py for tasks to queue
[2023-01-15T13:43:39.689+0000] {logging_mixin.py:137} INFO - [2023-01-15T13:43:39.689+0000] {dagbag.py:538} INFO - Filling up the DagBag from /home/airflow/.local/lib/python3.7/site-packages/airflow/example_dags/tutorial_taskflow_api.py
[2023-01-15T13:43:40.546+0000] {processor.py:753} INFO - DAG(s) dict_keys(['tutorial_taskflow_api']) retrieved from /home/airflow/.local/lib/python3.7/site-packages/airflow/example_dags/tutorial_taskflow_api.py
[2023-01-15T13:43:41.564+0000] {logging_mixin.py:137} INFO - [2023-01-15T13:43:41.564+0000] {dag.py:2676} INFO - Sync 1 DAGs
[2023-01-15T13:43:42.751+0000] {logging_mixin.py:137} INFO - [2023-01-15T13:43:42.751+0000] {dag.py:3427} INFO - Setting next_dagrun for tutorial_taskflow_api to None, run_after=None
[2023-01-15T13:43:43.876+0000] {processor.py:175} INFO - Processing /home/airflow/.local/lib/python3.7/site-packages/airflow/example_dags/tutorial_taskflow_api.py took 4.328 seconds
[2023-01-15T13:45:07.618+0000] {processor.py:153} INFO - Started process (PID=149) to work on /home/airflow/.local/lib/python3.7/site-packages/airflow/example_dags/tutorial_taskflow_api.py
[2023-01-15T13:45:07.640+0000] {processor.py:743} INFO - Processing file /home/airflow/.local/lib/python3.7/site-packages/airflow/example_dags/tutorial_taskflow_api.py for tasks to queue
[2023-01-15T13:45:07.657+0000] {logging_mixin.py:137} INFO - [2023-01-15T13:45:07.657+0000] {dagbag.py:538} INFO - Filling up the DagBag from /home/airflow/.local/lib/python3.7/site-packages/airflow/example_dags/tutorial_taskflow_api.py
[2023-01-15T13:45:08.438+0000] {processor.py:753} INFO - DAG(s) dict_keys(['tutorial_taskflow_api']) retrieved from /home/airflow/.local/lib/python3.7/site-packages/airflow/example_dags/tutorial_taskflow_api.py
[2023-01-15T13:45:09.579+0000] {logging_mixin.py:137} INFO - [2023-01-15T13:45:09.579+0000] {dag.py:2676} INFO - Sync 1 DAGs
[2023-01-15T13:45:10.192+0000] {logging_mixin.py:137} INFO - [2023-01-15T13:45:10.192+0000] {dag.py:3427} INFO - Setting next_dagrun for tutorial_taskflow_api to None, run_after=None
[2023-01-15T13:45:10.763+0000] {processor.py:175} INFO - Processing /home/airflow/.local/lib/python3.7/site-packages/airflow/example_dags/tutorial_taskflow_api.py took 3.290 seconds
[2023-01-15T13:45:52.142+0000] {processor.py:153} INFO - Started process (PID=207) to work on /home/airflow/.local/lib/python3.7/site-packages/airflow/example_dags/tutorial_taskflow_api.py
[2023-01-15T13:45:52.147+0000] {processor.py:743} INFO - Processing file /home/airflow/.local/lib/python3.7/site-packages/airflow/example_dags/tutorial_taskflow_api.py for tasks to queue
[2023-01-15T13:45:52.149+0000] {logging_mixin.py:137} INFO - [2023-01-15T13:45:52.149+0000] {dagbag.py:538} INFO - Filling up the DagBag from /home/airflow/.local/lib/python3.7/site-packages/airflow/example_dags/tutorial_taskflow_api.py
[2023-01-15T13:45:52.273+0000] {processor.py:753} INFO - DAG(s) dict_keys(['tutorial_taskflow_api']) retrieved from /home/airflow/.local/lib/python3.7/site-packages/airflow/example_dags/tutorial_taskflow_api.py
[2023-01-15T13:45:52.472+0000] {logging_mixin.py:137} INFO - [2023-01-15T13:45:52.472+0000] {dag.py:2676} INFO - Sync 1 DAGs
[2023-01-15T13:45:52.611+0000] {logging_mixin.py:137} INFO - [2023-01-15T13:45:52.611+0000] {dag.py:3427} INFO - Setting next_dagrun for tutorial_taskflow_api to None, run_after=None
[2023-01-15T13:45:52.801+0000] {processor.py:175} INFO - Processing /home/airflow/.local/lib/python3.7/site-packages/airflow/example_dags/tutorial_taskflow_api.py took 0.675 seconds
[2023-01-15T13:46:29.558+0000] {processor.py:153} INFO - Started process (PID=263) to work on /home/airflow/.local/lib/python3.7/site-packages/airflow/example_dags/tutorial_taskflow_api.py
[2023-01-15T13:46:29.562+0000] {processor.py:743} INFO - Processing file /home/airflow/.local/lib/python3.7/site-packages/airflow/example_dags/tutorial_taskflow_api.py for tasks to queue
[2023-01-15T13:46:29.567+0000] {logging_mixin.py:137} INFO - [2023-01-15T13:46:29.567+0000] {dagbag.py:538} INFO - Filling up the DagBag from /home/airflow/.local/lib/python3.7/site-packages/airflow/example_dags/tutorial_taskflow_api.py
[2023-01-15T13:46:29.658+0000] {processor.py:753} INFO - DAG(s) dict_keys(['tutorial_taskflow_api']) retrieved from /home/airflow/.local/lib/python3.7/site-packages/airflow/example_dags/tutorial_taskflow_api.py
[2023-01-15T13:46:29.797+0000] {logging_mixin.py:137} INFO - [2023-01-15T13:46:29.797+0000] {dag.py:2676} INFO - Sync 1 DAGs
[2023-01-15T13:46:29.899+0000] {logging_mixin.py:137} INFO - [2023-01-15T13:46:29.899+0000] {dag.py:3427} INFO - Setting next_dagrun for tutorial_taskflow_api to None, run_after=None
[2023-01-15T13:46:29.973+0000] {processor.py:175} INFO - Processing /home/airflow/.local/lib/python3.7/site-packages/airflow/example_dags/tutorial_taskflow_api.py took 0.431 seconds
[2023-01-15T13:47:00.923+0000] {processor.py:153} INFO - Started process (PID=318) to work on /home/airflow/.local/lib/python3.7/site-packages/airflow/example_dags/tutorial_taskflow_api.py
[2023-01-15T13:47:00.932+0000] {processor.py:743} INFO - Processing file /home/airflow/.local/lib/python3.7/site-packages/airflow/example_dags/tutorial_taskflow_api.py for tasks to queue
[2023-01-15T13:47:00.937+0000] {logging_mixin.py:137} INFO - [2023-01-15T13:47:00.937+0000] {dagbag.py:538} INFO - Filling up the DagBag from /home/airflow/.local/lib/python3.7/site-packages/airflow/example_dags/tutorial_taskflow_api.py
[2023-01-15T13:47:01.114+0000] {processor.py:753} INFO - DAG(s) dict_keys(['tutorial_taskflow_api']) retrieved from /home/airflow/.local/lib/python3.7/site-packages/airflow/example_dags/tutorial_taskflow_api.py
[2023-01-15T13:47:01.481+0000] {logging_mixin.py:137} INFO - [2023-01-15T13:47:01.481+0000] {dag.py:2676} INFO - Sync 1 DAGs
[2023-01-15T13:47:01.787+0000] {logging_mixin.py:137} INFO - [2023-01-15T13:47:01.787+0000] {dag.py:3427} INFO - Setting next_dagrun for tutorial_taskflow_api to None, run_after=None
[2023-01-15T13:47:01.941+0000] {processor.py:175} INFO - Processing /home/airflow/.local/lib/python3.7/site-packages/airflow/example_dags/tutorial_taskflow_api.py took 1.042 seconds
[2023-01-15T13:47:32.067+0000] {processor.py:153} INFO - Started process (PID=365) to work on /home/airflow/.local/lib/python3.7/site-packages/airflow/example_dags/tutorial_taskflow_api.py
[2023-01-15T13:47:32.069+0000] {processor.py:743} INFO - Processing file /home/airflow/.local/lib/python3.7/site-packages/airflow/example_dags/tutorial_taskflow_api.py for tasks to queue
[2023-01-15T13:47:32.071+0000] {logging_mixin.py:137} INFO - [2023-01-15T13:47:32.071+0000] {dagbag.py:538} INFO - Filling up the DagBag from /home/airflow/.local/lib/python3.7/site-packages/airflow/example_dags/tutorial_taskflow_api.py
[2023-01-15T13:47:32.174+0000] {processor.py:753} INFO - DAG(s) dict_keys(['tutorial_taskflow_api']) retrieved from /home/airflow/.local/lib/python3.7/site-packages/airflow/example_dags/tutorial_taskflow_api.py
[2023-01-15T13:47:32.292+0000] {logging_mixin.py:137} INFO - [2023-01-15T13:47:32.292+0000] {dag.py:2676} INFO - Sync 1 DAGs
[2023-01-15T13:47:32.358+0000] {logging_mixin.py:137} INFO - [2023-01-15T13:47:32.358+0000] {dag.py:3427} INFO - Setting next_dagrun for tutorial_taskflow_api to None, run_after=None
[2023-01-15T13:47:32.402+0000] {processor.py:175} INFO - Processing /home/airflow/.local/lib/python3.7/site-packages/airflow/example_dags/tutorial_taskflow_api.py took 0.341 seconds
[2023-01-15T13:48:02.800+0000] {processor.py:153} INFO - Started process (PID=421) to work on /home/airflow/.local/lib/python3.7/site-packages/airflow/example_dags/tutorial_taskflow_api.py
[2023-01-15T13:48:02.803+0000] {processor.py:743} INFO - Processing file /home/airflow/.local/lib/python3.7/site-packages/airflow/example_dags/tutorial_taskflow_api.py for tasks to queue
[2023-01-15T13:48:02.805+0000] {logging_mixin.py:137} INFO - [2023-01-15T13:48:02.804+0000] {dagbag.py:538} INFO - Filling up the DagBag from /home/airflow/.local/lib/python3.7/site-packages/airflow/example_dags/tutorial_taskflow_api.py
[2023-01-15T13:48:02.864+0000] {processor.py:753} INFO - DAG(s) dict_keys(['tutorial_taskflow_api']) retrieved from /home/airflow/.local/lib/python3.7/site-packages/airflow/example_dags/tutorial_taskflow_api.py
[2023-01-15T13:48:02.965+0000] {logging_mixin.py:137} INFO - [2023-01-15T13:48:02.964+0000] {dag.py:2676} INFO - Sync 1 DAGs
[2023-01-15T13:48:03.017+0000] {logging_mixin.py:137} INFO - [2023-01-15T13:48:03.017+0000] {dag.py:3427} INFO - Setting next_dagrun for tutorial_taskflow_api to None, run_after=None
[2023-01-15T13:48:03.064+0000] {processor.py:175} INFO - Processing /home/airflow/.local/lib/python3.7/site-packages/airflow/example_dags/tutorial_taskflow_api.py took 0.274 seconds
[2023-01-15T13:48:33.775+0000] {processor.py:153} INFO - Started process (PID=475) to work on /home/airflow/.local/lib/python3.7/site-packages/airflow/example_dags/tutorial_taskflow_api.py
[2023-01-15T13:48:33.780+0000] {processor.py:743} INFO - Processing file /home/airflow/.local/lib/python3.7/site-packages/airflow/example_dags/tutorial_taskflow_api.py for tasks to queue
[2023-01-15T13:48:33.783+0000] {logging_mixin.py:137} INFO - [2023-01-15T13:48:33.783+0000] {dagbag.py:538} INFO - Filling up the DagBag from /home/airflow/.local/lib/python3.7/site-packages/airflow/example_dags/tutorial_taskflow_api.py
[2023-01-15T13:48:33.845+0000] {processor.py:753} INFO - DAG(s) dict_keys(['tutorial_taskflow_api']) retrieved from /home/airflow/.local/lib/python3.7/site-packages/airflow/example_dags/tutorial_taskflow_api.py
[2023-01-15T13:48:34.047+0000] {logging_mixin.py:137} INFO - [2023-01-15T13:48:34.047+0000] {dag.py:2676} INFO - Sync 1 DAGs
[2023-01-15T13:48:34.118+0000] {logging_mixin.py:137} INFO - [2023-01-15T13:48:34.118+0000] {dag.py:3427} INFO - Setting next_dagrun for tutorial_taskflow_api to None, run_after=None
[2023-01-15T13:48:34.165+0000] {processor.py:175} INFO - Processing /home/airflow/.local/lib/python3.7/site-packages/airflow/example_dags/tutorial_taskflow_api.py took 0.400 seconds
[2023-01-15T13:49:05.603+0000] {processor.py:153} INFO - Started process (PID=530) to work on /home/airflow/.local/lib/python3.7/site-packages/airflow/example_dags/tutorial_taskflow_api.py
[2023-01-15T13:49:05.619+0000] {processor.py:743} INFO - Processing file /home/airflow/.local/lib/python3.7/site-packages/airflow/example_dags/tutorial_taskflow_api.py for tasks to queue
[2023-01-15T13:49:05.627+0000] {logging_mixin.py:137} INFO - [2023-01-15T13:49:05.627+0000] {dagbag.py:538} INFO - Filling up the DagBag from /home/airflow/.local/lib/python3.7/site-packages/airflow/example_dags/tutorial_taskflow_api.py
[2023-01-15T13:49:05.827+0000] {processor.py:753} INFO - DAG(s) dict_keys(['tutorial_taskflow_api']) retrieved from /home/airflow/.local/lib/python3.7/site-packages/airflow/example_dags/tutorial_taskflow_api.py
[2023-01-15T13:49:06.187+0000] {logging_mixin.py:137} INFO - [2023-01-15T13:49:06.187+0000] {dag.py:2676} INFO - Sync 1 DAGs
[2023-01-15T13:49:06.402+0000] {logging_mixin.py:137} INFO - [2023-01-15T13:49:06.402+0000] {dag.py:3427} INFO - Setting next_dagrun for tutorial_taskflow_api to None, run_after=None
[2023-01-15T13:49:06.587+0000] {processor.py:175} INFO - Processing /home/airflow/.local/lib/python3.7/site-packages/airflow/example_dags/tutorial_taskflow_api.py took 1.006 seconds
[2023-01-15T13:49:38.266+0000] {processor.py:153} INFO - Started process (PID=593) to work on /home/airflow/.local/lib/python3.7/site-packages/airflow/example_dags/tutorial_taskflow_api.py
[2023-01-15T13:49:38.276+0000] {processor.py:743} INFO - Processing file /home/airflow/.local/lib/python3.7/site-packages/airflow/example_dags/tutorial_taskflow_api.py for tasks to queue
[2023-01-15T13:49:38.283+0000] {logging_mixin.py:137} INFO - [2023-01-15T13:49:38.283+0000] {dagbag.py:538} INFO - Filling up the DagBag from /home/airflow/.local/lib/python3.7/site-packages/airflow/example_dags/tutorial_taskflow_api.py
[2023-01-15T13:49:38.450+0000] {processor.py:753} INFO - DAG(s) dict_keys(['tutorial_taskflow_api']) retrieved from /home/airflow/.local/lib/python3.7/site-packages/airflow/example_dags/tutorial_taskflow_api.py
[2023-01-15T13:49:38.792+0000] {logging_mixin.py:137} INFO - [2023-01-15T13:49:38.792+0000] {dag.py:2676} INFO - Sync 1 DAGs
[2023-01-15T13:49:39.093+0000] {logging_mixin.py:137} INFO - [2023-01-15T13:49:39.093+0000] {dag.py:3427} INFO - Setting next_dagrun for tutorial_taskflow_api to None, run_after=None
[2023-01-15T13:49:39.319+0000] {processor.py:175} INFO - Processing /home/airflow/.local/lib/python3.7/site-packages/airflow/example_dags/tutorial_taskflow_api.py took 1.074 seconds
[2023-01-15T13:50:09.946+0000] {processor.py:153} INFO - Started process (PID=642) to work on /home/airflow/.local/lib/python3.7/site-packages/airflow/example_dags/tutorial_taskflow_api.py
[2023-01-15T13:50:09.949+0000] {processor.py:743} INFO - Processing file /home/airflow/.local/lib/python3.7/site-packages/airflow/example_dags/tutorial_taskflow_api.py for tasks to queue
[2023-01-15T13:50:09.952+0000] {logging_mixin.py:137} INFO - [2023-01-15T13:50:09.951+0000] {dagbag.py:538} INFO - Filling up the DagBag from /home/airflow/.local/lib/python3.7/site-packages/airflow/example_dags/tutorial_taskflow_api.py
[2023-01-15T13:50:10.091+0000] {processor.py:753} INFO - DAG(s) dict_keys(['tutorial_taskflow_api']) retrieved from /home/airflow/.local/lib/python3.7/site-packages/airflow/example_dags/tutorial_taskflow_api.py
[2023-01-15T13:50:10.452+0000] {logging_mixin.py:137} INFO - [2023-01-15T13:50:10.452+0000] {dag.py:2676} INFO - Sync 1 DAGs
[2023-01-15T13:50:10.594+0000] {logging_mixin.py:137} INFO - [2023-01-15T13:50:10.594+0000] {dag.py:3427} INFO - Setting next_dagrun for tutorial_taskflow_api to None, run_after=None
[2023-01-15T13:50:10.658+0000] {processor.py:175} INFO - Processing /home/airflow/.local/lib/python3.7/site-packages/airflow/example_dags/tutorial_taskflow_api.py took 0.745 seconds
[2023-01-15T13:50:41.230+0000] {processor.py:153} INFO - Started process (PID=698) to work on /home/airflow/.local/lib/python3.7/site-packages/airflow/example_dags/tutorial_taskflow_api.py
[2023-01-15T13:50:41.232+0000] {processor.py:743} INFO - Processing file /home/airflow/.local/lib/python3.7/site-packages/airflow/example_dags/tutorial_taskflow_api.py for tasks to queue
[2023-01-15T13:50:41.234+0000] {logging_mixin.py:137} INFO - [2023-01-15T13:50:41.234+0000] {dagbag.py:538} INFO - Filling up the DagBag from /home/airflow/.local/lib/python3.7/site-packages/airflow/example_dags/tutorial_taskflow_api.py
[2023-01-15T13:50:41.340+0000] {processor.py:753} INFO - DAG(s) dict_keys(['tutorial_taskflow_api']) retrieved from /home/airflow/.local/lib/python3.7/site-packages/airflow/example_dags/tutorial_taskflow_api.py
[2023-01-15T13:50:41.464+0000] {logging_mixin.py:137} INFO - [2023-01-15T13:50:41.464+0000] {dag.py:2676} INFO - Sync 1 DAGs
[2023-01-15T13:50:41.530+0000] {logging_mixin.py:137} INFO - [2023-01-15T13:50:41.530+0000] {dag.py:3427} INFO - Setting next_dagrun for tutorial_taskflow_api to None, run_after=None
[2023-01-15T13:50:41.582+0000] {processor.py:175} INFO - Processing /home/airflow/.local/lib/python3.7/site-packages/airflow/example_dags/tutorial_taskflow_api.py took 0.379 seconds
[2023-01-15T13:51:11.862+0000] {processor.py:153} INFO - Started process (PID=754) to work on /home/airflow/.local/lib/python3.7/site-packages/airflow/example_dags/tutorial_taskflow_api.py
[2023-01-15T13:51:11.876+0000] {processor.py:743} INFO - Processing file /home/airflow/.local/lib/python3.7/site-packages/airflow/example_dags/tutorial_taskflow_api.py for tasks to queue
[2023-01-15T13:51:11.880+0000] {logging_mixin.py:137} INFO - [2023-01-15T13:51:11.880+0000] {dagbag.py:538} INFO - Filling up the DagBag from /home/airflow/.local/lib/python3.7/site-packages/airflow/example_dags/tutorial_taskflow_api.py
[2023-01-15T13:51:12.051+0000] {processor.py:753} INFO - DAG(s) dict_keys(['tutorial_taskflow_api']) retrieved from /home/airflow/.local/lib/python3.7/site-packages/airflow/example_dags/tutorial_taskflow_api.py
[2023-01-15T13:51:12.348+0000] {logging_mixin.py:137} INFO - [2023-01-15T13:51:12.348+0000] {dag.py:2676} INFO - Sync 1 DAGs
[2023-01-15T13:51:12.540+0000] {logging_mixin.py:137} INFO - [2023-01-15T13:51:12.540+0000] {dag.py:3427} INFO - Setting next_dagrun for tutorial_taskflow_api to None, run_after=None
[2023-01-15T13:51:12.703+0000] {processor.py:175} INFO - Processing /home/airflow/.local/lib/python3.7/site-packages/airflow/example_dags/tutorial_taskflow_api.py took 0.872 seconds
[2023-01-15T13:51:43.460+0000] {processor.py:153} INFO - Started process (PID=810) to work on /home/airflow/.local/lib/python3.7/site-packages/airflow/example_dags/tutorial_taskflow_api.py
[2023-01-15T13:51:43.463+0000] {processor.py:743} INFO - Processing file /home/airflow/.local/lib/python3.7/site-packages/airflow/example_dags/tutorial_taskflow_api.py for tasks to queue
[2023-01-15T13:51:43.466+0000] {logging_mixin.py:137} INFO - [2023-01-15T13:51:43.465+0000] {dagbag.py:538} INFO - Filling up the DagBag from /home/airflow/.local/lib/python3.7/site-packages/airflow/example_dags/tutorial_taskflow_api.py
[2023-01-15T13:51:43.531+0000] {processor.py:753} INFO - DAG(s) dict_keys(['tutorial_taskflow_api']) retrieved from /home/airflow/.local/lib/python3.7/site-packages/airflow/example_dags/tutorial_taskflow_api.py
[2023-01-15T13:51:43.656+0000] {logging_mixin.py:137} INFO - [2023-01-15T13:51:43.656+0000] {dag.py:2676} INFO - Sync 1 DAGs
[2023-01-15T13:51:43.718+0000] {logging_mixin.py:137} INFO - [2023-01-15T13:51:43.718+0000] {dag.py:3427} INFO - Setting next_dagrun for tutorial_taskflow_api to None, run_after=None
[2023-01-15T13:51:43.759+0000] {processor.py:175} INFO - Processing /home/airflow/.local/lib/python3.7/site-packages/airflow/example_dags/tutorial_taskflow_api.py took 0.311 seconds
[2023-01-15T13:52:16.465+0000] {processor.py:153} INFO - Started process (PID=864) to work on /home/airflow/.local/lib/python3.7/site-packages/airflow/example_dags/tutorial_taskflow_api.py
[2023-01-15T13:52:16.469+0000] {processor.py:743} INFO - Processing file /home/airflow/.local/lib/python3.7/site-packages/airflow/example_dags/tutorial_taskflow_api.py for tasks to queue
[2023-01-15T13:52:16.479+0000] {logging_mixin.py:137} INFO - [2023-01-15T13:52:16.478+0000] {dagbag.py:538} INFO - Filling up the DagBag from /home/airflow/.local/lib/python3.7/site-packages/airflow/example_dags/tutorial_taskflow_api.py
[2023-01-15T13:52:16.621+0000] {processor.py:753} INFO - DAG(s) dict_keys(['tutorial_taskflow_api']) retrieved from /home/airflow/.local/lib/python3.7/site-packages/airflow/example_dags/tutorial_taskflow_api.py
[2023-01-15T13:52:16.769+0000] {logging_mixin.py:137} INFO - [2023-01-15T13:52:16.769+0000] {dag.py:2676} INFO - Sync 1 DAGs
[2023-01-15T13:52:16.858+0000] {logging_mixin.py:137} INFO - [2023-01-15T13:52:16.858+0000] {dag.py:3427} INFO - Setting next_dagrun for tutorial_taskflow_api to None, run_after=None
[2023-01-15T13:52:16.926+0000] {processor.py:175} INFO - Processing /home/airflow/.local/lib/python3.7/site-packages/airflow/example_dags/tutorial_taskflow_api.py took 0.476 seconds
[2023-01-15T13:52:48.227+0000] {processor.py:153} INFO - Started process (PID=911) to work on /home/airflow/.local/lib/python3.7/site-packages/airflow/example_dags/tutorial_taskflow_api.py
[2023-01-15T13:52:48.234+0000] {processor.py:743} INFO - Processing file /home/airflow/.local/lib/python3.7/site-packages/airflow/example_dags/tutorial_taskflow_api.py for tasks to queue
[2023-01-15T13:52:48.243+0000] {logging_mixin.py:137} INFO - [2023-01-15T13:52:48.243+0000] {dagbag.py:538} INFO - Filling up the DagBag from /home/airflow/.local/lib/python3.7/site-packages/airflow/example_dags/tutorial_taskflow_api.py
[2023-01-15T13:52:48.429+0000] {processor.py:753} INFO - DAG(s) dict_keys(['tutorial_taskflow_api']) retrieved from /home/airflow/.local/lib/python3.7/site-packages/airflow/example_dags/tutorial_taskflow_api.py
[2023-01-15T13:52:48.828+0000] {logging_mixin.py:137} INFO - [2023-01-15T13:52:48.828+0000] {dag.py:2676} INFO - Sync 1 DAGs
[2023-01-15T13:52:49.250+0000] {logging_mixin.py:137} INFO - [2023-01-15T13:52:49.250+0000] {dag.py:3427} INFO - Setting next_dagrun for tutorial_taskflow_api to None, run_after=None
[2023-01-15T13:52:49.619+0000] {processor.py:175} INFO - Processing /home/airflow/.local/lib/python3.7/site-packages/airflow/example_dags/tutorial_taskflow_api.py took 1.424 seconds
